

***************
Logging from: TestCalibrationMediaDialog testcalibration_main
Time: Mon Dec 19 19:31:44 2016

H(0,0) = 0.380019
H(0,1) = -3.75357
H(0,2) = 1062.9
H(1,0) = 0.290859
H(1,1) = -1.5129
H(1,2) = 382.553
H(2,0) = 0.000410252
H(2,1) = -0.00377546
H(2,2) = 1
---------------



***************
Logging from: TestCalibrationMediaDialog testcalibration_main
Time: Mon Dec 19 19:36:50 2016

H(0,0) = 0.635281
H(0,1) = -0.0211935
H(0,2) = -347.084
H(1,0) = 0.470807
H(1,1) = -1.13716
H(1,2) = 419.084
H(2,0) = 0.00117001
H(2,1) = -0.00274867
H(2,2) = 1
---------------

