

***************
Logging from: TestCalibrationMediaDialog testcalibration_main
Time: Fri Mar 03 21:38:53 2017

H(0,0) = 1.08746
H(0,1) = -6.23431
H(0,2) = 1440.58
H(1,0) = 0.477239
H(1,1) = 1.63912
H(1,2) = -594.512
H(2,0) = 0.000899361
H(2,1) = -0.00402338
H(2,2) = 1
---------------



***************
Logging from: TestCalibrationMediaDialog testcalibration_main_shelftask
Time: Fri Mar 03 21:40:50 2017

H(0,0) = 54.875
H(0,1) = -88.3827
H(0,2) = -34941.9
H(1,0) = 292.959
H(1,1) = -666.219
H(1,2) = 49013.5
H(2,0) = 0.829613
H(2,1) = -1.62467
H(2,2) = 1
---------------

