
CALIBRATION: calibration_main
Start time: 17.12.2016 11-30-25
End time: 17.12.2016 11-30-58
Image quality on start: 0.551181077957153
Image quality minimum value: 0.541666746139526
Image quality mean value: 0.6461926217031
Head movement maximum value: 8.94427190999916
Head movement mean value: 4.81832010458483
Head size ratio maximum value: 0.0946669875001582
Head size ratio mean value: 0.0857650094235244
Calibration reprojection error mean value: 305.418419731988
Calibration reprojection error outliers count: 5
Error: no error

TEST CALIBRATION: testcalibration_main
Start time: 17.12.2016 11-31-02
End time: 17.12.2016 11-31-18
Image quality minimum value: 0.555555582046509
Image quality mean value: 0.636096773935216
Head movement maximum value: 14.560219778561
Head movement mean value: 8.39337593136765
Head size ratio maximum value: 0.0946669875001582
Head size ratio mean value: 0.102435967484853
Calibration maximum distance: 602.003322249969
Calibration corrected maximum distance: 199.582063322334
Calibration without correction was successful: False
Calibration with correction was successful: True
Error: no error

VIDEOTASK: 1
Start time: 17.12.2016 11-31-30
End time: 17.12.2016 11-31-40
Image quality minimum value: 0
Image quality mean value: 0.0179133862257004
Head movement maximum value: 0
Head movement mean value: 0
Head size ratio maximum value: 0
Head size ratio mean value: 1
Error: 
Your face is not detected properly! Please try to set your position again and repeat calibration.
