

***************
Logging from: TestCalibrationMediaDialog testcalibration_main
Time: Sun Jan 18 22:05:58 2015

H(0,0) = 0.993232
H(0,1) = -0.539713
H(0,2) = 122.905
H(1,0) = -0.0270286
H(1,1) = 1.07238
H(1,2) = 24.4681
H(2,0) = 0.000114855
H(2,1) = -0.000679034
H(2,2) = 1
---------------



***************
Logging from: VideoMediaDialog v - start
Time: Sun Jan 18 22:06:19 2015

H(0,0) = 0.993232
H(0,1) = -0.539713
H(0,2) = 122.905
H(1,0) = -0.0270286
H(1,1) = 1.07238
H(1,2) = 24.4681
H(2,0) = 0.000114855
H(2,1) = -0.000679034
H(2,2) = 1
---------------



***************
Logging from: VideoMediaDialog v - stop
Time: Sun Jan 18 22:08:01 2015

H(0,0) = 0.993232
H(0,1) = -0.539713
H(0,2) = 122.905
H(1,0) = -0.0270286
H(1,1) = 1.07238
H(1,2) = 24.4681
H(2,0) = 0.000114855
H(2,1) = -0.000679034
H(2,2) = 1
---------------

