
CALIBRATION: calibration_main
Start time: 30.03.2017 09-56-49
End time: 30.03.2017 09-57-22
Image quality on start: 0.783783793449402
Image quality minimum value: 0.611111104488373
Image quality mean value: 0.735445037992608
Head movement maximum value: 24.6981780704569
Head movement mean value: 13.7579077295837
Head size ratio maximum value: 0.227235665620984
Head size ratio mean value: 0.084319648266905
Calibration reprojection error mean value: 85.2035193973117
Calibration reprojection error outliers count: 0
Error: no error

TEST CALIBRATION: testcalibration_main
Start time: 30.03.2017 09-57-24
End time: 30.03.2017 09-57-40
Image quality minimum value: 0.673611164093018
Image quality mean value: 0.740120605282162
Head movement maximum value: 33.5410196624968
Head movement mean value: 22.4259198614742
Head size ratio maximum value: 0.138306546344025
Head size ratio mean value: 0.0896795373660465
Calibration maximum distance: 486.261246656568
Calibration corrected maximum distance: 167.86303941011
Calibration without correction was successful: False
Calibration with correction was successful: True
Error: no error
