
CALIBRATION: calibration_main
Start time: 16.01.2015 16-24-01
End time: 16.01.2015 16-24-35
Image quality on start: 0.551181077957153
Image quality minimum value: 0
Image quality mean value: 0.53333057330541
Head movement maximum value: 31.3847096529504
Head movement mean value: 15.3399168320933
Head size ratio maximum value: 0.156262156794496
Head size ratio mean value: 0.0817480614250901
Calibration reprojection error mean value: 188.156905704074
Calibration reprojection error outliers count: 3
Error: no error

TEST CALIBRATION: testcalibration_main
Start time: 16.01.2015 16-24-40
End time: 16.01.2015 16-24-50
Image quality minimum value: 0.519685029983521
Image quality mean value: 0.542432182364994
Head movement maximum value: 456.070170039655
Head movement mean value: 50.6744633377395
Head size ratio maximum value: 0
Head size ratio mean value: 1
Calibration maximum distance: 0
Calibration corrected maximum distance: 0
Calibration without correction was successful: False
Calibration with correction was successful: False
Error: 
Sorry, but we have lost your eyes. This is probably due to excessive head movements. Please try to recalibrate again and give your best to keep your head still.

CALIBRATION: calibration_main
Start time: 16.01.2015 16-25-24
End time: 16.01.2015 16-25-33
Image quality on start: 0.543307065963745
Image quality minimum value: 1000
Image quality mean value: 0
Head movement maximum value: 0
Head movement mean value: 0
Head size ratio maximum value: 0
Head size ratio mean value: 0
Calibration reprojection error mean value: 999999
Calibration reprojection error outliers count: 999999
Error: 
Initialization Error!
Please contact us on support@eyesee.be and inform us about this error.

CALIBRATION: calibration_main
Start time: 16.01.2015 16-26-51
End time: 16.01.2015 16-27-02
Image quality on start: 0.606299221515656
Image quality minimum value: 0.543307065963745
Image quality mean value: 0.625501235326131
Head movement maximum value: 11.7046999107196
Head movement mean value: 6.05682333035732
Head size ratio maximum value: 0.402865493147003
Head size ratio mean value: 0.433300300098539
Calibration reprojection error mean value: 999999
Calibration reprojection error outliers count: 999999
Error: 
Sorry, but we have lost your eyes. This is probably due to excessive head movements. Please try to recalibrate again and give your best to keep your head still.

CALIBRATION: calibration_main
Start time: 16.01.2015 16-27-23
End time: 16.01.2015 16-27-57
Image quality on start: 0.551181077957153
Image quality minimum value: 0.535433053970337
Image quality mean value: 0.616951839593442
Head movement maximum value: 33.2415402771893
Head movement mean value: 19.9057340908143
Head size ratio maximum value: 0.219937130374554
Head size ratio mean value: 0.120858254939342
Calibration reprojection error mean value: 171.514833662245
Calibration reprojection error outliers count: 2
Error: no error

TEST CALIBRATION: testcalibration_main
Start time: 16.01.2015 16-27-59
End time: 16.01.2015 16-28-15
Image quality minimum value: 0.503937005996704
Image quality mean value: 0.59748781862713
Head movement maximum value: 43.9089968002003
Head movement mean value: 35.9733077223175
Head size ratio maximum value: 0.276879428845437
Head size ratio mean value: 0.209793546772075
Calibration maximum distance: 480.992723437684
Calibration corrected maximum distance: 168.344884092152
Calibration without correction was successful: False
Calibration with correction was successful: True
Error: no error

VIDEOTASK: v
Start time: 16.01.2015 16-28-22
End time: 16.01.2015 16-28-46
Image quality minimum value: 0
Image quality mean value: 0.629874891088914
Head movement maximum value: 401.433680699565
Head movement mean value: 47.5217153626064
Head size ratio maximum value: 0.331663913900581
Head size ratio mean value: 0.259692813607792
Error: 
Sorry, but we have lost your eyes. This is probably due to excessive head movements. Please try to recalibrate again and give your best to keep your head still.

CALIBRATION: calibration_main
Start time: 16.01.2015 16-29-10
End time: 16.01.2015 16-29-44
Image quality on start: 0.535433053970337
Image quality minimum value: 0
Image quality mean value: 0.563417753335592
Head movement maximum value: 19.1049731745428
Head movement mean value: 9.61661330743038
Head size ratio maximum value: 0.239760610126404
Head size ratio mean value: 0.129246388539517
Calibration reprojection error mean value: 180.218585332235
Calibration reprojection error outliers count: 1
Error: no error

TEST CALIBRATION: testcalibration_main
Start time: 16.01.2015 16-29-46
End time: 16.01.2015 16-30-02
Image quality minimum value: 1000
Image quality mean value: 0
Head movement maximum value: 0
Head movement mean value: 0
Head size ratio maximum value: 0
Head size ratio mean value: 0
Calibration maximum distance: 0
Calibration corrected maximum distance: 0
Calibration without correction was successful: False
Calibration with correction was successful: False
Error: no error

VIDEOTASK: v
Start time: 16.01.2015 16-30-05
End time: 16.01.2015 16-33-48
Image quality minimum value: 1000
Image quality mean value: 0
Head movement maximum value: 0
Head movement mean value: 0
Head size ratio maximum value: 0
Head size ratio mean value: 0
Error: no error
