

***************
Logging from: TestCalibrationMediaDialog testcalibration_main
Time: Mon Dec 19 18:20:48 2016

H(0,0) = -0.481022
H(0,1) = -0.178729
H(0,2) = 444.102
H(1,0) = -0.279237
H(1,1) = -0.275882
H(1,2) = 331.199
H(2,0) = -0.00091548
H(2,1) = -0.000658317
H(2,2) = 1
---------------



***************
Logging from: TestCalibrationMediaDialog testcalibration_main
Time: Mon Dec 19 18:22:31 2016

H(0,0) = 1.31017
H(0,1) = -0.51124
H(0,2) = -281.904
H(1,0) = 0.140642
H(1,1) = 0.282936
H(1,2) = -55.0268
H(2,0) = -0.000243012
H(2,1) = -0.000949076
H(2,2) = 1
---------------

