
CALIBRATION: calibration_main
Start time: 19.12.2016 18-19-50
End time: 19.12.2016 18-20-23
Image quality on start: 0.874015748500824
Image quality minimum value: 0.736111164093018
Image quality mean value: 0.834015092029987
Head movement maximum value: 7.21110255092798
Head movement mean value: 3.64993072909548
Head size ratio maximum value: 0.0743227731864096
Head size ratio mean value: 0.0515098291966552
Calibration reprojection error mean value: 125.185629314846
Calibration reprojection error outliers count: 1
Error: no error

TEST CALIBRATION: testcalibration_main
Start time: 19.12.2016 18-20-31
End time: 19.12.2016 18-21-13
Image quality minimum value: 0.715277791023254
Image quality mean value: 0.773096489853093
Head movement maximum value: 12.369316876853
Head movement mean value: 9.4866274221616
Head size ratio maximum value: 0.0929752066115703
Head size ratio mean value: 0.0929531721435131
Calibration maximum distance: 520.827226630867
Calibration corrected maximum distance: 310.460947624657
Calibration without correction was successful: False
Calibration with correction was successful: False
Error: 
Calibration not accurate enough. 
We need some further fine tuning of the calibration, it doesn't always get right from the first time. Please try again, give your best to keep your head still and focus at the red dot.

CALIBRATION: calibration_main
Start time: 19.12.2016 18-21-41
End time: 19.12.2016 18-22-12
Image quality on start: 0.855769217014313
Image quality minimum value: 0.801282048225403
Image quality mean value: 0.834381286993003
Head movement maximum value: 13.4164078649987
Head movement mean value: 8.42542046377679
Head size ratio maximum value: 0.101296
Head size ratio mean value: 0.0847816136919316
Calibration reprojection error mean value: 105.673097822401
Calibration reprojection error outliers count: 0
Error: no error

TEST CALIBRATION: testcalibration_main
Start time: 19.12.2016 18-22-15
End time: 19.12.2016 18-22-31
Image quality minimum value: 0.796875
Image quality mean value: 0.840210972886
Head movement maximum value: 18.7882942280559
Head movement mean value: 14.8020895046899
Head size ratio maximum value: 0.131376
Head size ratio mean value: 0.0996895714285714
Calibration maximum distance: 466.62297414508
Calibration corrected maximum distance: 71.449282711585
Calibration without correction was successful: False
Calibration with correction was successful: True
Error: no error

VIDEOTASK: 1
Start time: 19.12.2016 18-22-46
End time: 19.12.2016 18-24-15
Image quality minimum value: 0.815625011920929
Image quality mean value: 0.862540856934348
Head movement maximum value: 26.0768096208106
Head movement mean value: 16.2611125612347
Head size ratio maximum value: 0.089936
Head size ratio mean value: 0.0349149470355727
Error: no error
