
CALIBRATION: calibration_main
Start time: 09.12.2016 14-10-46
End time: 09.12.2016 14-11-21
Image quality on start: 0.65277773141861
Image quality minimum value: 0.458333283662796
Image quality mean value: 0.532640080532262
Head movement maximum value: 30.2324329156619
Head movement mean value: 14.7882280106989
Head size ratio maximum value: 0.138732489527499
Head size ratio mean value: 0.0910010705301283
Calibration reprojection error mean value: 162.202570173475
Calibration reprojection error outliers count: 2
Error: no error

TEST CALIBRATION: testcalibration_main
Start time: 09.12.2016 14-11-27
End time: 09.12.2016 14-11-44
Image quality minimum value: 0.472222149372101
Image quality mean value: 0.539650877475738
Head movement maximum value: 30.5286750449475
Head movement mean value: 22.8926718098137
Head size ratio maximum value: 0.124453853430026
Head size ratio mean value: 0.121725688032071
Calibration maximum distance: 786.984752075922
Calibration corrected maximum distance: 125.590604744145
Calibration without correction was successful: False
Calibration with correction was successful: True
Error: no error

CLICKTASK: c1
Start time: 09.12.2016 14-12-03
End time: 09.12.2016 14-12-16
Image quality minimum value: 0.465277820825577
Image quality mean value: 0.552219959774188
Head movement maximum value: 35.4682957019364
Head movement mean value: 27.9408840360721
Head size ratio maximum value: 0.0613148056393855
Head size ratio mean value: 0.0911763144517301
Error: no error

CLICKTASK: c2
Start time: 09.12.2016 14-12-27
End time: 09.12.2016 14-12-43
Image quality minimum value: 0.493055552244186
Image quality mean value: 0.564510586586865
Head movement maximum value: 32.5576411921994
Head movement mean value: 25.7833746413704
Head size ratio maximum value: 0.0853452547182559
Head size ratio mean value: 0.124123050500241
Error: no error

CLICKTASK: c3
Start time: 09.12.2016 14-12-51
End time: 09.12.2016 14-13-06
Image quality minimum value: 0.465277820825577
Image quality mean value: 0.554103466371695
Head movement maximum value: 31.8276609256791
Head movement mean value: 26.9234526771997
Head size ratio maximum value: 0.0613148056393855
Head size ratio mean value: 0.0930778950716116
Error: no error

CLICKTASK: c4
Start time: 09.12.2016 14-13-18
End time: 09.12.2016 14-13-38
Image quality minimum value: 0.514814794063568
Image quality mean value: 0.549161045639603
Head movement maximum value: 38.2099463490856
Head movement mean value: 32.8555448466324
Head size ratio maximum value: 0.117156884825008
Head size ratio mean value: 0.120370717924507
Error: no error
