
CALIBRATION: calibration_main
Start time: 19.12.2016 19-55-09
End time: 19.12.2016 19-55-41
Image quality on start: 0.583333373069763
Image quality minimum value: 0.493055552244186
Image quality mean value: 0.55672411634945
Head movement maximum value: 27.2029410174709
Head movement mean value: 15.1178752891791
Head size ratio maximum value: 0.075681599652609
Head size ratio mean value: 0.066272945657335
Calibration reprojection error mean value: 149.045674429999
Calibration reprojection error outliers count: 1
Error: no error

TEST CALIBRATION: testcalibration_main
Start time: 19.12.2016 19-55-43
End time: 19.12.2016 19-55-59
Image quality minimum value: 0.50000011920929
Image quality mean value: 0.551185372574576
Head movement maximum value: 32.7566787083184
Head movement mean value: 24.5232216504748
Head size ratio maximum value: 0.075681599652609
Head size ratio mean value: 0.0965667691893035
Calibration maximum distance: 347.174307805172
Calibration corrected maximum distance: 75.0066663703967
Calibration without correction was successful: False
Calibration with correction was successful: True
Error: no error

VIDEOTASK: 1
Start time: 19.12.2016 19-56-01
End time: 19.12.2016 19-57-28
Image quality minimum value: 0.437500059604645
Image quality mean value: 0.507679614128533
Head movement maximum value: 52.3450093132096
Head movement mean value: 39.5338240035926
Head size ratio maximum value: 0.0587152738288479
Head size ratio mean value: 0.0359105825355006
Error: no error
