
CALIBRATION: calibration_main
Start time: 07.12.2016 16-39-20
End time: 07.12.2016 16-39-52
Image quality on start: 0.803149580955505
Image quality minimum value: 0.795275568962097
Image quality mean value: 0.81492270015338
Head movement maximum value: 16.4012194668567
Head movement mean value: 9.40907149053277
Head size ratio maximum value: 0.181474480151229
Head size ratio mean value: 0.0936441681144851
Calibration reprojection error mean value: 48.8063288794623
Calibration reprojection error outliers count: 0
Error: no error

TEST CALIBRATION: testcalibration_main
Start time: 07.12.2016 16-39-55
End time: 07.12.2016 16-40-11
Image quality minimum value: 0.803149580955505
Image quality mean value: 0.816054245498445
Head movement maximum value: 20.2484567313166
Head movement mean value: 16.8308031530584
Head size ratio maximum value: 0.143969754253308
Head size ratio mean value: 0.128483721907162
Calibration maximum distance: 284.086254507324
Calibration corrected maximum distance: 35.2278299076171
Calibration without correction was successful: True
Calibration with correction was successful: True
Error: no error

CLICKTASK: c1
Start time: 07.12.2016 16-40-23
End time: 07.12.2016 16-40-31
Image quality minimum value: 0.661417305469513
Image quality mean value: 0.678001510885965
Head movement maximum value: 23.7697286480094
Head movement mean value: 21.0714272475588
Head size ratio maximum value: 0.200453686200378
Head size ratio mean value: 0.143300098700169
Error: no error

CLICKTASK: c2
Start time: 07.12.2016 16-40-39
End time: 07.12.2016 16-40-46
Image quality minimum value: 0.637795269489288
Image quality mean value: 0.689222431431214
Head movement maximum value: 28.1780056072107
Head movement mean value: 25.179557976049
Head size ratio maximum value: 0.0797920604914935
Head size ratio mean value: 0.097034695967234
Error: no error

CLICKTASK: c3
Start time: 07.12.2016 16-40-50
End time: 07.12.2016 16-41-13
Image quality minimum value: 0.685039341449738
Image quality mean value: 0.702454862349174
Head movement maximum value: 33.2415402771893
Head movement mean value: 29.2640241677229
Head size ratio maximum value: 0.181474480151229
Head size ratio mean value: 0.0904558545535418
Error: no error

CLICKTASK: c4
Start time: 07.12.2016 16-41-17
End time: 07.12.2016 16-41-35
Image quality minimum value: 0.708661437034607
Image quality mean value: 0.764199284821983
Head movement maximum value: 37.589892258425
Head movement mean value: 30.8066472877657
Head size ratio maximum value: 0.162646502835539
Head size ratio mean value: 0.110044207612045
Error: no error
