
CALIBRATION: calibration_main
Start time: 18.03.2017 14-40-44
End time: 18.03.2017 14-41-16
Image quality on start: 0.905063271522522
Image quality minimum value: 0.875776410102844
Image quality mean value: 0.908970016733383
Head movement maximum value: 15.2315462117278
Head movement mean value: 9.34020391414082
Head size ratio maximum value: 0.0724099704380543
Head size ratio mean value: 0.0378870938205307
Calibration reprojection error mean value: 41.2957708570692
Calibration reprojection error outliers count: 0
Error: no error

TEST CALIBRATION: testcalibration_main
Start time: 18.03.2017 14-41-18
End time: 18.03.2017 14-41-34
Image quality minimum value: 0.866013050079346
Image quality mean value: 0.886540202510278
Head movement maximum value: 28.1602556806574
Head movement mean value: 21.5877767659871
Head size ratio maximum value: 0.109395995700081
Head size ratio mean value: 0.0867924977441443
Calibration maximum distance: 214.140141029187
Calibration corrected maximum distance: 78.2943165242535
Calibration without correction was successful: True
Calibration with correction was successful: True
Error: no error

CLICKTASK: filler
Start time: 18.03.2017 14-41-37
End time: 18.03.2017 14-41-45
Image quality minimum value: 0.828025460243225
Image quality mean value: 0.863559547547371
Head movement maximum value: 33.5410196624968
Head movement mean value: 27.9235091313995
Head size ratio maximum value: 0.092196318194034
Head size ratio mean value: 0.100967156765004
Error: no error

CLICKTASK: full_shelf
Start time: 18.03.2017 14-41-50
End time: 18.03.2017 14-42-16
Image quality minimum value: 0.826388955116272
Image quality mean value: 0.852841623061526
Head movement maximum value: 38.8973006775534
Head movement mean value: 33.0482520300275
Head size ratio maximum value: 0.144198468153722
Head size ratio mean value: 0.0810796412611514
Error: no error

CLICKTASK: 3row_shelf
Start time: 18.03.2017 14-42-20
End time: 18.03.2017 14-42-35
Image quality minimum value: 0.777777791023254
Image quality mean value: 0.857639460841571
Head movement maximum value: 40.3112887414927
Head movement mean value: 35.4234371101018
Head size ratio maximum value: 0.188457403923676
Head size ratio mean value: 0.10963877297316
Error: no error

CLICKTASK: pack
Start time: 18.03.2017 14-42-41
End time: 18.03.2017 14-42-47
Image quality minimum value: 0.848684191703796
Image quality mean value: 0.860691550558647
Head movement maximum value: 39.3954312071844
Head movement mean value: 36.6882229879425
Head size ratio maximum value: 0.126730045686643
Head size ratio mean value: 0.106781826657122
Error: no error
