

***************
Logging from: TestCalibrationMediaDialog testcalibration_main
Time: Tue Jan 20 19:00:59 2015

H(0,0) = 0.748112
H(0,1) = -0.410941
H(0,2) = 110.369
H(1,0) = -0.119281
H(1,1) = 0.660805
H(1,2) = 90.763
H(2,0) = -0.000456581
H(2,1) = -0.000170056
H(2,2) = 1
---------------



***************
Logging from: VideoMediaDialog v - start
Time: Tue Jan 20 19:01:11 2015

H(0,0) = 0.748112
H(0,1) = -0.410941
H(0,2) = 110.369
H(1,0) = -0.119281
H(1,1) = 0.660805
H(1,2) = 90.763
H(2,0) = -0.000456581
H(2,1) = -0.000170056
H(2,2) = 1
---------------



***************
Logging from: VideoMediaDialog v - stop
Time: Tue Jan 20 19:03:00 2015

H(0,0) = 0.748112
H(0,1) = -0.410941
H(0,2) = 110.369
H(1,0) = -0.119281
H(1,1) = 0.660805
H(1,2) = 90.763
H(2,0) = -0.000456581
H(2,1) = -0.000170056
H(2,2) = 1
---------------

