
CALIBRATION: calibration_main
Start time: 20.01.2015 19-00-07
End time: 20.01.2015 19-00-40
Image quality on start: 0.669291317462921
Image quality minimum value: 0.677165329456329
Image quality mean value: 0.701750018048695
Head movement maximum value: 9.89949493661167
Head movement mean value: 3.38937281236991
Head size ratio maximum value: 0.0953876543209876
Head size ratio mean value: 0.0530104742068881
Calibration reprojection error mean value: 63.030238893297
Calibration reprojection error outliers count: 0
Error: no error

TEST CALIBRATION: testcalibration_main
Start time: 20.01.2015 19-00-43
End time: 20.01.2015 19-00-59
Image quality minimum value: 0.677165329456329
Image quality mean value: 0.700715185852226
Head movement maximum value: 13.8924439894498
Head movement mean value: 9.40476950801564
Head size ratio maximum value: 0.0784
Head size ratio mean value: 0.0654234907690564
Calibration maximum distance: 332.150568266863
Calibration corrected maximum distance: 90.5538513813742
Calibration without correction was successful: False
Calibration with correction was successful: True
Error: no error

VIDEOTASK: v
Start time: 20.01.2015 19-01-11
End time: 20.01.2015 19-03-00
Image quality minimum value: 0.464566916227341
Image quality mean value: 0.539185395191076
Head movement maximum value: 26.4007575648882
Head movement mean value: 18.3006871976605
Head size ratio maximum value: 0.103822222222222
Head size ratio mean value: 0.0447087504481404
Error: no error
