

***************
Logging from: TestCalibrationMediaDialog testcalibration_main
Time: Sun Dec 18 21:17:35 2016

H(0,0) = 0.875554
H(0,1) = -0.990142
H(0,2) = 13.8893
H(1,0) = -0.376855
H(1,1) = 0.322569
H(1,2) = 238.346
H(2,0) = -0.000671219
H(2,1) = -0.000516093
H(2,2) = 1
---------------



***************
Logging from: TestCalibrationMediaDialog testcalibration_main
Time: Sun Dec 18 21:19:38 2016

H(0,0) = 1.29933
H(0,1) = -4.36025
H(0,2) = 534.714
H(1,0) = 0.729989
H(1,1) = -2.5366
H(1,2) = 327.066
H(2,0) = 0.00226081
H(2,1) = -0.00783908
H(2,2) = 1
---------------

