
CALIBRATION: calibration_main
Start time: 18.12.2016 21-16-40
End time: 18.12.2016 21-17-12
Image quality on start: 0.465277820825577
Image quality minimum value: 0.388888895511627
Image quality mean value: 0.462177789326502
Head movement maximum value: 7.28010988928052
Head movement mean value: 3.08529877567159
Head size ratio maximum value: 0.055458984375
Head size ratio mean value: 0.0328253720891916
Calibration reprojection error mean value: 161.534930759006
Calibration reprojection error outliers count: 1
Error: no error

TEST CALIBRATION: testcalibration_main
Start time: 18.12.2016 21-17-20
End time: 18.12.2016 21-17-36
Image quality minimum value: 0.388888895511627
Image quality mean value: 0.447849234909687
Head movement maximum value: 9.21954445729289
Head movement mean value: 6.11520208535195
Head size ratio maximum value: 0.0570410156250001
Head size ratio mean value: 0.056056962985437
Calibration maximum distance: 438.608025462371
Calibration corrected maximum distance: 140.406552553647
Calibration without correction was successful: False
Calibration with correction was successful: True
Error: no error

VIDEOTASK: 1
Start time: 18.12.2016 21-17-52
End time: 18.12.2016 21-18-02
Image quality minimum value: 0
Image quality mean value: 0.285087717206855
Head movement maximum value: 430.590292505532
Head movement mean value: 28.8230153480384
Head size ratio maximum value: 0.0378515625
Head size ratio mean value: 0.493606085526316
Error: 
Sorry, but we have lost your eyes. This is probably due to excessive head movements. Please try to recalibrate again and give your best to keep your head still.

CALIBRATION: calibration_main
Start time: 18.12.2016 21-18-49
End time: 18.12.2016 21-19-20
Image quality on start: 0.732283473014832
Image quality minimum value: 0.701388895511627
Image quality mean value: 0.770090014690224
Head movement maximum value: 7.28010988928052
Head movement mean value: 3.45801555924259
Head size ratio maximum value: 0.108872819100092
Head size ratio mean value: 0.0509591680538115
Calibration reprojection error mean value: 187.760409037272
Calibration reprojection error outliers count: 2
Error: no error

TEST CALIBRATION: testcalibration_main
Start time: 18.12.2016 21-19-23
End time: 18.12.2016 21-19-38
Image quality minimum value: 0.708333432674408
Image quality mean value: 0.771229592791523
Head movement maximum value: 9.8488578017961
Head movement mean value: 6.31294235391261
Head size ratio maximum value: 0.100909664830119
Head size ratio mean value: 0.0951915444145729
Calibration maximum distance: 596.013422667644
Calibration corrected maximum distance: 628.245970938135
Calibration without correction was successful: False
Calibration with correction was successful: False
Error: 
Calibration not accurate enough. 
We need some further fine tuning of the calibration, it doesn't always get right from the first time. Please try again, give your best to keep your head still and focus at the red dot.

VIDEOTASK: 1
Start time: 18.12.2016 21-19-43
End time: 18.12.2016 21-21-10
Image quality minimum value: 1000
Image quality mean value: 0
Head movement maximum value: 0
Head movement mean value: 0
Head size ratio maximum value: 0
Head size ratio mean value: 0
Error: no error
