
CALIBRATION: calibration_main
Start time: 17.12.2016 14-17-30
End time: 17.12.2016 14-18-01
Image quality on start: 0.805555522441864
Image quality minimum value: 0.6875
Image quality mean value: 0.776296609785499
Head movement maximum value: 12.2065556157337
Head movement mean value: 7.37687283879569
Head size ratio maximum value: 0.0559328001609577
Head size ratio mean value: 0.0335934940947419
Calibration reprojection error mean value: 126.830440097385
Calibration reprojection error outliers count: 0
Error: no error

TEST CALIBRATION: testcalibration_main
Start time: 17.12.2016 14-18-08
End time: 17.12.2016 14-18-24
Image quality minimum value: 0.715277791023254
Image quality mean value: 0.798891672309564
Head movement maximum value: 17.6918060129541
Head movement mean value: 13.181394797526
Head size ratio maximum value: 0.0900734369498516
Head size ratio mean value: 0.09443469254308
Calibration maximum distance: 634.161651316129
Calibration corrected maximum distance: 144.837840359486
Calibration without correction was successful: False
Calibration with correction was successful: True
Error: no error

VIDEOTASK: 1
Start time: 17.12.2016 14-18-44
End time: 17.12.2016 14-20-12
Image quality minimum value: 0.618055641651154
Image quality mean value: 0.696785771905423
Head movement maximum value: 29
Head movement mean value: 18.2539409390256
Head size ratio maximum value: 0.0968261153865499
Head size ratio mean value: 0.0349855007528499
Error: no error
