

***************
Logging from: TestCalibrationMediaDialog testcalibration_main
Time: Fri Dec 09 17:45:08 2016

H(0,0) = 7.56486
H(0,1) = 3.78418
H(0,2) = -3635.28
H(1,0) = 2.03433
H(1,1) = 4.2546
H(1,2) = -1404.96
H(2,0) = 0.00354502
H(2,1) = 0.00028301
H(2,2) = 1
---------------



***************
Logging from: TestCalibrationMediaDialog testcalibration_main
Time: Fri Dec 09 17:46:28 2016

H(0,0) = 0.379382
H(0,1) = -0.181857
H(0,2) = 76.6036
H(1,0) = -0.0813765
H(1,1) = 0.693856
H(1,2) = -75.7208
H(2,0) = -0.000134123
H(2,1) = -0.00105453
H(2,2) = 1
---------------

