
CALIBRATION: calibration_main
Start time: 09.12.2016 17-44-17
End time: 09.12.2016 17-44-49
Image quality on start: 0.84027773141861
Image quality minimum value: 0.819444417953491
Image quality mean value: 0.870297805991715
Head movement maximum value: 5.09901951359278
Head movement mean value: 2.98104419834763
Head size ratio maximum value: 0.0552892561983471
Head size ratio mean value: 0.0840510714108969
Calibration reprojection error mean value: 162.120927174886
Calibration reprojection error outliers count: 1
Error: no error

TEST CALIBRATION: testcalibration_main
Start time: 09.12.2016 17-44-52
End time: 09.12.2016 17-45-15
Image quality minimum value: 0.819444417953491
Image quality mean value: 0.871049903954069
Head movement maximum value: 6.70820393249937
Head movement mean value: 4.82991741057174
Head size ratio maximum value: 0.036694214876033
Head size ratio mean value: 0.0980776515151511
Calibration maximum distance: 444.85503256679
Calibration corrected maximum distance: 360.068049124051
Calibration without correction was successful: False
Calibration with correction was successful: False
Error: 
Calibration not accurate enough. 
We need some further fine tuning of the calibration, it doesn't always get right from the first time. Please try again, give your best to keep your head still and focus at the red dot.

CALIBRATION: calibration_main
Start time: 09.12.2016 17-45-39
End time: 09.12.2016 17-46-10
Image quality on start: 0.929133832454681
Image quality minimum value: 0.874015748500824
Image quality mean value: 0.93337009017339
Head movement maximum value: 19.2353840616713
Head movement mean value: 8.3947451898496
Head size ratio maximum value: 0.119049245270132
Head size ratio mean value: 0.118113475937272
Calibration reprojection error mean value: 84.4587606853909
Calibration reprojection error outliers count: 0
Error: no error

TEST CALIBRATION: testcalibration_main
Start time: 09.12.2016 17-46-12
End time: 09.12.2016 17-46-28
Image quality minimum value: 0.861111044883728
Image quality mean value: 0.909278556547667
Head movement maximum value: 23.3452350598575
Head movement mean value: 15.079732265564
Head size ratio maximum value: 0.101632402158323
Head size ratio mean value: 0.137618403977295
Calibration maximum distance: 254.243977313131
Calibration corrected maximum distance: 86.0929730001235
Calibration without correction was successful: True
Calibration with correction was successful: True
Error: no error

CLICKTASK: c1
Start time: 09.12.2016 17-46-32
End time: 09.12.2016 17-46-47
Image quality minimum value: 0.818897664546967
Image quality mean value: 0.857628463962932
Head movement maximum value: 25.6320112359526
Head movement mean value: 17.4471106827453
Head size ratio maximum value: 0.199115497575302
Head size ratio mean value: 0.211143491008254
Error: no error

CLICKTASK: c2
Start time: 09.12.2016 17-46-54
End time: 09.12.2016 17-47-04
Image quality minimum value: 0.787401556968689
Image quality mean value: 0.851677813700267
Head movement maximum value: 25.298221281347
Head movement mean value: 18.4684266363951
Head size ratio maximum value: 0.110323748377843
Head size ratio mean value: 0.198998104637661
Error: no error

CLICKTASK: c3
Start time: 09.12.2016 17-47-10
End time: 09.12.2016 17-47-26
Image quality minimum value: 0.811023592948914
Image quality mean value: 0.860522268934453
Head movement maximum value: 28.1780056072107
Head movement mean value: 24.095015432756
Head size ratio maximum value: 0.1631889898231
Head size ratio mean value: 0.115805657967207
Error: no error

CLICKTASK: c4
Start time: 09.12.2016 17-47-29
End time: 09.12.2016 17-47-47
Image quality minimum value: 0.841935455799103
Image quality mean value: 0.86933418957874
Head movement maximum value: 32.6955654485436
Head movement mean value: 23.2397058893657
Head size ratio maximum value: 0.110323748377843
Head size ratio mean value: 0.127750767700225
Error: no error
