

***************
Logging from: TestCalibrationMediaDialog testcalibration_main
Time: Thu May 11 10:43:11 2017

H(0,0) = -0.568654
H(0,1) = 0.672878
H(0,2) = 141.237
H(1,0) = -0.522038
H(1,1) = 0.439094
H(1,2) = 248.622
H(2,0) = -0.0013675
H(2,1) = 0.000575886
H(2,2) = 1
---------------



***************
Logging from: TestCalibrationMediaDialog testcalibration_main
Time: Thu May 11 10:44:33 2017

H(0,0) = -0.0198908
H(0,1) = -0.0291144
H(0,2) = 214.877
H(1,0) = -0.212508
H(1,1) = 0.571108
H(1,2) = 39.1328
H(2,0) = -0.000719205
H(2,1) = -0.000301605
H(2,2) = 1
---------------

