
CALIBRATION: calibration_main
Start time: 18.03.2017 16-31-51
End time: 18.03.2017 16-32-29
Image quality on start: 0.832278490066528
Image quality minimum value: 0.566929161548615
Image quality mean value: 0.828480516412601
Head movement maximum value: 21.4709105535839
Head movement mean value: 12.8010841897838
Head size ratio maximum value: 0.112227243838712
Head size ratio mean value: 0.0689748441160704
Calibration reprojection error mean value: 83.5063987308078
Calibration reprojection error outliers count: 0
Error: no error

TEST CALIBRATION: testcalibration_main
Start time: 18.03.2017 16-32-35
End time: 18.03.2017 16-32-51
Image quality minimum value: 0.775974035263062
Image quality mean value: 0.802244053103707
Head movement maximum value: 9.89949493661167
Head movement mean value: 6.3057784209787
Head size ratio maximum value: 0.0770602358590495
Head size ratio mean value: 0.0941320913392094
Calibration maximum distance: 370.302578981027
Calibration corrected maximum distance: 230.991341829082
Calibration without correction was successful: False
Calibration with correction was successful: True
Error: no error

CLICKTASK: filler
Start time: 18.03.2017 16-33-00
End time: 18.03.2017 16-33-12
Image quality minimum value: 0
Image quality mean value: 0.608308297746322
Head movement maximum value: 63
Head movement mean value: 21.4063718144343
Head size ratio maximum value: 0.249134948096886
Head size ratio mean value: 0.236324702891537
Error: no error

CLICKTASK: full_shelf
Start time: 18.03.2017 16-33-18
End time: 18.03.2017 16-33-26
Image quality minimum value: 0.590361416339874
Image quality mean value: 0.645624032074755
Head movement maximum value: 59.2030404624627
Head movement mean value: 42.1276882632325
Head size ratio maximum value: 0.202616340653909
Head size ratio mean value: 0.10655425271713
Error: no error

CLICKTASK: 3row_shelf
Start time: 18.03.2017 16-33-29
End time: 18.03.2017 16-33-38
Image quality minimum value: 0.559055089950562
Image quality mean value: 0.623877169757054
Head movement maximum value: 27.1661554144122
Head movement mean value: 18.671566448021
Head size ratio maximum value: 0.277469811453993
Head size ratio mean value: 0.279090033579355
Error: no error

CLICKTASK: pack
Start time: 18.03.2017 16-33-46
End time: 18.03.2017 16-33-50
Image quality minimum value: 0.677852332592011
Image quality mean value: 0.738304923410001
Head movement maximum value: 25.6124969497314
Head movement mean value: 13.5683786495696
Head size ratio maximum value: 0.0510557164042087
Head size ratio mean value: 0.0804137511782206
Error: no error
