
CALIBRATION: calibration_main
Start time: 28.01.2017 10-26-26
End time: 28.01.2017 10-26-58
Image quality on start: 0,574803173542023
Image quality minimum value: 0,566929161548615
Image quality mean value: 0,59573198402699
Head movement maximum value: 18,3847763108502
Head movement mean value: 11,7499760474495
Head size ratio maximum value: 0,14368456226331
Head size ratio mean value: 0,0907777330766533
Calibration reprojection error mean value: 113,760831620958
Calibration reprojection error outliers count: 0
Error: no error

TEST CALIBRATION: testcalibration_main
Start time: 28.01.2017 10-26-59
End time: 28.01.2017 10-27-15
Image quality minimum value: 0,559055089950562
Image quality mean value: 0,582769819801929
Head movement maximum value: 20,1246117974981
Head movement mean value: 16,4105821178438
Head size ratio maximum value: 0,129817331254177
Head size ratio mean value: 0,121101472444625
Calibration maximum distance: 169,162643630324
Calibration corrected maximum distance: 6,70820393249937
Calibration without correction was successful: True
Calibration with correction was successful: True
Error: no error

WATCHTASK: 1
Start time: 28.01.2017 10-27-21
End time: 28.01.2017 10-27-52
Image quality minimum value: 0,574803173542023
Image quality mean value: 0,616082735055149
Head movement maximum value: 19,1049731745428
Head movement mean value: 13,7091314730417
Head size ratio maximum value: 0,115838716863444
Head size ratio mean value: 0,0799935264100016
Error: no error

VIDEOTASK: 2
Start time: 28.01.2017 10-28-02
End time: 28.01.2017 10-28-27
Image quality minimum value: 0,606299221515656
Image quality mean value: 0,635066651471771
Head movement maximum value: 17,0880074906351
Head movement mean value: 13,7932724486604
Head size ratio maximum value: 0,0804048785921141
Head size ratio mean value: 0,0645133097626983
Error: no error
