
CALIBRATION: calibration_main
Start time: 18.01.2015 03-26-30
End time: 18.01.2015 03-27-04
Image quality on start: 0.541666746139526
Image quality minimum value: 0.562499940395355
Image quality mean value: 0.678516034647804
Head movement maximum value: 33.0151480384384
Head movement mean value: 24.1371977475884
Head size ratio maximum value: 0.144060345226526
Head size ratio mean value: 0.0848322150101976
Calibration reprojection error mean value: 61.49612320794
Calibration reprojection error outliers count: 0
Error: no error

TEST CALIBRATION: testcalibration_main
Start time: 18.01.2015 03-27-06
End time: 18.01.2015 03-27-21
Image quality minimum value: 0.662068963050842
Image quality mean value: 0.698457885498537
Head movement maximum value: 41.5932686861708
Head movement mean value: 34.2692535330719
Head size ratio maximum value: 0.199766301078254
Head size ratio mean value: 0.164944117241292
Calibration maximum distance: 316.056956892267
Calibration corrected maximum distance: 97
Calibration without correction was successful: False
Calibration with correction was successful: True
Error: no error

VIDEOTASK: v
Start time: 18.01.2015 03-27-24
End time: 18.01.2015 03-28-15
Image quality minimum value: 0
Image quality mean value: 0.450049001599186
Head movement maximum value: 427.649389102802
Head movement mean value: 47.7961244333187
Head size ratio maximum value: 0.339152667869869
Head size ratio mean value: 0.183580173938553
Error: 
Sorry, but we have lost your eyes. This is probably due to excessive head movements. Please try to recalibrate again and give your best to keep your head still.

CALIBRATION: calibration_main
Start time: 18.01.2015 03-28-27
End time: 18.01.2015 03-28-59
Image quality on start: 0.590277910232544
Image quality minimum value: 0.520833313465118
Image quality mean value: 0.658871019600929
Head movement maximum value: 25.4950975679639
Head movement mean value: 16.5725274637361
Head size ratio maximum value: 0.135973604792577
Head size ratio mean value: 0.0701956323344976
Calibration reprojection error mean value: 33.2624969482422
Calibration reprojection error outliers count: 0
Error: no error

TEST CALIBRATION: testcalibration_main
Start time: 18.01.2015 03-29-00
End time: 18.01.2015 03-29-16
Image quality minimum value: 0.541666746139526
Image quality mean value: 0.663299058714221
Head movement maximum value: 29.8328677803526
Head movement mean value: 21.1327078835033
Head size ratio maximum value: 0.104499797306428
Head size ratio mean value: 0.0881978579866356
Calibration maximum distance: 376.643067107308
Calibration corrected maximum distance: 90.2108640907513
Calibration without correction was successful: False
Calibration with correction was successful: True
Error: no error

VIDEOTASK: v
Start time: 18.01.2015 03-29-17
End time: 18.01.2015 03-30-39
Image quality minimum value: 0
Image quality mean value: 0.513512975114515
Head movement maximum value: 52.6117857518636
Head movement mean value: 33.0976302509612
Head size ratio maximum value: 0.290561235980361
Head size ratio mean value: 0.157521812641419
Error: 
Your face is not detected properly! Please try to set your position again and repeat calibration.

CALIBRATION: calibration_main
Start time: 18.01.2015 03-31-02
End time: 18.01.2015 03-31-34
Image quality on start: 0.598425209522247
Image quality minimum value: 0.625
Image quality mean value: 0.649555179840539
Head movement maximum value: 22.8035085019828
Head movement mean value: 12.0478024805832
Head size ratio maximum value: 0.14098750743605
Head size ratio mean value: 0.0618755853089536
Calibration reprojection error mean value: 48.2871112823486
Calibration reprojection error outliers count: 0
Error: no error

TEST CALIBRATION: testcalibration_main
Start time: 18.01.2015 03-31-35
End time: 18.01.2015 03-31-51
Image quality minimum value: 1000
Image quality mean value: 0
Head movement maximum value: 0
Head movement mean value: 0
Head size ratio maximum value: 0
Head size ratio mean value: 0
Calibration maximum distance: 0
Calibration corrected maximum distance: 0
Calibration without correction was successful: False
Calibration with correction was successful: False
Error: no error

VIDEOTASK: v
Start time: 18.01.2015 03-31-53
End time: 18.01.2015 03-33-16
Image quality minimum value: 1000
Image quality mean value: 0
Head movement maximum value: 0
Head movement mean value: 0
Head size ratio maximum value: 0
Head size ratio mean value: 0
Error: no error
