

***************
Logging from: TestCalibrationMediaDialog testcalibration_main
Time: Mon Dec 05 15:58:24 2016

H(0,0) = 0.711689
H(0,1) = -0.442736
H(0,2) = 168.956
H(1,0) = -0.028351
H(1,1) = 0.597579
H(1,2) = 27.9002
H(2,0) = -8.15244e-005
H(2,1) = -0.000341089
H(2,2) = 1
---------------



***************
Logging from: TestCalibrationMediaDialog cal2
Time: Mon Dec 05 16:00:18 2016

H(0,0) = 0.545647
H(0,1) = -0.520732
H(0,2) = 285.163
H(1,0) = -0.0718152
H(1,1) = 0.625492
H(1,2) = -261.333
H(2,0) = -6.23117e-005
H(2,1) = -0.000511006
H(2,2) = 1
---------------

