

***************
Logging from: TestCalibrationMediaDialog testcalibration_main
Time: Wed Dec 07 11:37:43 2016

H(0,0) = -1.18618
H(0,1) = -0.783909
H(0,2) = 668.125
H(1,0) = -0.399014
H(1,1) = -0.328818
H(1,2) = 247.975
H(2,0) = -0.00167605
H(2,1) = -0.00123938
H(2,2) = 1
---------------



***************
Logging from: TestCalibrationMediaDialog testcalibration_main
Time: Wed Dec 07 11:39:37 2016

H(0,0) = 4.01392
H(0,1) = 0.262835
H(0,2) = -202.847
H(1,0) = 1.59228
H(1,1) = 2.60198
H(1,2) = -777.37
H(2,0) = 0.00280806
H(2,1) = -8.97107e-005
H(2,2) = 1
---------------

