

***************
Logging from: TestCalibrationMediaDialog testcalibration_main
Time: Fri Jan 23 13:24:44 2015

H(0,0) = 0.655141
H(0,1) = -0.92052
H(0,2) = 292.859
H(1,0) = -0.0310041
H(1,1) = -0.161362
H(1,2) = 305.05
H(2,0) = 3.36664e-005
H(2,1) = -0.00109397
H(2,2) = 1
---------------



***************
Logging from: VideoMediaDialog v - start
Time: Fri Jan 23 13:24:51 2015

H(0,0) = 0.655141
H(0,1) = -0.92052
H(0,2) = 292.859
H(1,0) = -0.0310041
H(1,1) = -0.161362
H(1,2) = 305.05
H(2,0) = 3.36664e-005
H(2,1) = -0.00109397
H(2,2) = 1
---------------



***************
Logging from: VideoMediaDialog v - stop
Time: Fri Jan 23 13:26:32 2015

H(0,0) = 0.655141
H(0,1) = -0.92052
H(0,2) = 292.859
H(1,0) = -0.0310041
H(1,1) = -0.161362
H(1,2) = 305.05
H(2,0) = 3.36664e-005
H(2,1) = -0.00109397
H(2,2) = 1
---------------

