
CALIBRATION: calibration_main
Start time: 17.03.2017 13-43-01
End time: 17.03.2017 13-43-36
Image quality on start: 0.807926833629608
Image quality minimum value: 0.698170721530914
Image quality mean value: 0.717384854689339
Head movement maximum value: 7.28010988928052
Head movement mean value: 4.03652796767718
Head size ratio maximum value: 0.116238185255199
Head size ratio mean value: 0.0708002103181061
Calibration reprojection error mean value: 341.132911682129
Calibration reprojection error outliers count: 5
Error: no error

TEST CALIBRATION: testcalibration_main
Start time: 17.03.2017 13-43-41
End time: 17.03.2017 13-44-01
Image quality minimum value: 0.703030288219452
Image quality mean value: 0.712893236358211
Head movement maximum value: 6
Head movement mean value: 4.17644316994288
Head size ratio maximum value: 0.0683553875236295
Head size ratio mean value: 0.100618468452402
Calibration maximum distance: 1066.25184642279
Calibration corrected maximum distance: 409.825572652562
Calibration without correction was successful: False
Calibration with correction was successful: False
Error: 
Calibration not accurate enough. 
We need some further fine tuning of the calibration, it doesn't always get right from the first time. Please try again, give your best to keep your head still and focus at the red dot.

CALIBRATION: calibration_main
Start time: 17.03.2017 13-45-22
End time: 17.03.2017 13-45-56
Image quality on start: 0.875757575035095
Image quality minimum value: 0.84722226858139
Image quality mean value: 0.866644112455765
Head movement maximum value: 8.48528137423857
Head movement mean value: 4.40668799588027
Head size ratio maximum value: 0.0720494948703891
Head size ratio mean value: 0.056170341762059
Calibration reprojection error mean value: 204.109410603841
Calibration reprojection error outliers count: 1
Error: no error

TEST CALIBRATION: testcalibration_main
Start time: 17.03.2017 13-46-01
End time: 17.03.2017 13-46-18
Image quality minimum value: 0.819444417953491
Image quality mean value: 0.864716228350852
Head movement maximum value: 6.40312423743285
Head movement mean value: 3.17802685054769
Head size ratio maximum value: 0.103375362205341
Head size ratio mean value: 0.132708767517205
Calibration maximum distance: 916.626968837378
Calibration corrected maximum distance: 253.600078864341
Calibration without correction was successful: False
Calibration with correction was successful: True
Error: no error

CLICKTASK: filler
Start time: 17.03.2017 13-46-28
End time: 17.03.2017 13-46-43
Image quality minimum value: 0.833333313465118
Image quality mean value: 0.848515376309368
Head movement maximum value: 9
Head movement mean value: 7.14239294059539
Head size ratio maximum value: 0.0780601456652831
Head size ratio mean value: 0.101286300129622
Error: no error

CLICKTASK: full_shelf
Start time: 17.03.2017 13-46-52
End time: 17.03.2017 13-46-58
Image quality minimum value: 0.837278127670288
Image quality mean value: 0.846476783586103
Head movement maximum value: 12.0415945787923
Head movement mean value: 10.5213010648354
Head size ratio maximum value: 0.0437583209335108
Head size ratio mean value: 0.0445009443291985
Error: no error

CLICKTASK: 3row_shelf
Start time: 17.03.2017 13-47-08
End time: 17.03.2017 13-47-19
Image quality minimum value: 0.798611104488373
Image quality mean value: 0.832525685981468
Head movement maximum value: 13
Head movement mean value: 7.43921766322759
Head size ratio maximum value: 0.069543425483593
Head size ratio mean value: 0.137142036703475
Error: no error

CLICKTASK: pack
Start time: 17.03.2017 13-47-30
End time: 17.03.2017 13-47-39
Image quality minimum value: 0.798611104488373
Image quality mean value: 0.818287019928296
Head movement maximum value: 12.0415945787923
Head movement mean value: 7.89862212897611
Head size ratio maximum value: 0.103375362205341
Head size ratio mean value: 0.18540084057744
Error: no error
