
CALIBRATION: calibration_main
Start time: 04.03.2017 08-21-28
End time: 04.03.2017 08-22-05
Image quality on start: 0.811023592948914
Image quality minimum value: 0.74015748500824
Image quality mean value: 0.777443956699093
Head movement maximum value: 19.4164878389476
Head movement mean value: 9.19512604008547
Head size ratio maximum value: 0.104552284680008
Head size ratio mean value: 0.0543056658143306
Calibration reprojection error mean value: 263.151460435655
Calibration reprojection error outliers count: 3
Error: no error

TEST CALIBRATION: testcalibration_main
Start time: 04.03.2017 08-22-48
End time: 04.03.2017 08-22-58
Image quality minimum value: 0
Image quality mean value: 0.0797720446306116
Head movement maximum value: 0
Head movement mean value: 0
Head size ratio maximum value: 0
Head size ratio mean value: 1
Calibration maximum distance: 0
Calibration corrected maximum distance: 0
Calibration without correction was successful: False
Calibration with correction was successful: False
Error: 
Your face is not detected properly! Please try to set your position again and repeat calibration.

CALIBRATION: calibration_main
Start time: 04.03.2017 08-25-10
End time: 04.03.2017 08-25-45
Image quality on start: 0.715277791023254
Image quality minimum value: 0.65277773141861
Image quality mean value: 0.746342712628053
Head movement maximum value: 4.24264068711928
Head movement mean value: 1.90977579762561
Head size ratio maximum value: 0.0812985717286285
Head size ratio mean value: 0.0399894263492155
Calibration reprojection error mean value: 42.3236973020766
Calibration reprojection error outliers count: 0
Error: no error

TEST CALIBRATION: testcalibration_main
Start time: 04.03.2017 08-25-49
End time: 04.03.2017 08-26-06
Image quality minimum value: 0.65277773141861
Image quality mean value: 0.721281383499022
Head movement maximum value: 5.3851648071345
Head movement mean value: 2.69565971988018
Head size ratio maximum value: 0.0737765175383323
Head size ratio mean value: 0.0873378966197125
Calibration maximum distance: 132.003787824441
Calibration corrected maximum distance: 21.095023109729
Calibration without correction was successful: True
Calibration with correction was successful: True
Error: no error

CLICKTASK: shoppersmode
Start time: 04.03.2017 08-26-18
End time: 04.03.2017 08-27-00
Image quality minimum value: 0.625
Image quality mean value: 0.684543572103813
Head movement maximum value: 7.61577310586391
Head movement mean value: 5.14264499742623
Head size ratio maximum value: 0.104022264230204
Head size ratio mean value: 0.0640056411637045
Error: no error

CLICKTASK: shelftask
Start time: 04.03.2017 08-27-07
End time: 04.03.2017 08-27-23
Image quality minimum value: 0.625
Image quality mean value: 0.712688340979107
Head movement maximum value: 11.6619037896906
Head movement mean value: 6.41045675284034
Head size ratio maximum value: 0.0812985717286285
Head size ratio mean value: 0.0679425701052691
Error: no error

VIDEOTASK: 3drot
Start time: 04.03.2017 08-27-34
End time: 04.03.2017 08-30-06
Image quality minimum value: 0
Image quality mean value: 0.72855395303385
Head movement maximum value: 56.4623768539724
Head movement mean value: 11.2098624172834
Head size ratio maximum value: 0.172954736399916
Head size ratio mean value: 0.0632398416330412
Error: 
Your face is not detected properly! Please try to set your position again and repeat calibration.

CALIBRATION: calibration_main_3drot
Start time: 04.03.2017 08-30-20
End time: 04.03.2017 08-30-55
Image quality on start: 0.638888835906982
Image quality minimum value: 0.597222208976746
Image quality mean value: 0.694173460908052
Head movement maximum value: 6.70820393249937
Head movement mean value: 3.82890599496509
Head size ratio maximum value: 0.0641551246537395
Head size ratio mean value: 0.0444558851128676
Calibration reprojection error mean value: 61.1525040202671
Calibration reprojection error outliers count: 0
Error: no error

TEST CALIBRATION: testcalibration_main_3drot
Start time: 04.03.2017 08-30-58
End time: 04.03.2017 08-31-15
Image quality minimum value: 0.611111104488373
Image quality mean value: 0.680290163702266
Head movement maximum value: 5.3851648071345
Head movement mean value: 3.48728213651004
Head size ratio maximum value: 0.0714065866420437
Head size ratio mean value: 0.0765565494919552
Calibration maximum distance: 158.154987275141
Calibration corrected maximum distance: 39.560080889705
Calibration without correction was successful: True
Calibration with correction was successful: True
Error: no error

VIDEOTASK: 3drot
Start time: 04.03.2017 08-31-24
End time: 04.03.2017 08-36-29
Image quality minimum value: 0
Image quality mean value: 0.724528982965686
Head movement maximum value: 30.2654919008431
Head movement mean value: 7.33969571993818
Head size ratio maximum value: 0.320098491843644
Head size ratio mean value: 0.0653456419572967
Error: 
Your face is not detected properly! Please try to set your position again and repeat calibration.

CALIBRATION: calibration_main_3drot
Start time: 04.03.2017 08-36-41
End time: 04.03.2017 08-37-17
Image quality on start: 0.770833253860474
Image quality minimum value: 0.701388895511627
Image quality mean value: 0.759456345267387
Head movement maximum value: 9.21954445729289
Head movement mean value: 4.95580299192781
Head size ratio maximum value: 0.078121718126444
Head size ratio mean value: 0.0498512814449672
Calibration reprojection error mean value: 53.0710577434964
Calibration reprojection error outliers count: 0
Error: no error

TEST CALIBRATION: testcalibration_main_3drot
Start time: 04.03.2017 08-37-19
End time: 04.03.2017 08-37-36
Image quality minimum value: 0.680555462837219
Image quality mean value: 0.732395152502422
Head movement maximum value: 10.4403065089106
Head movement mean value: 8.23255630295611
Head size ratio maximum value: 0.066280718336484
Head size ratio mean value: 0.0830129560059448
Calibration maximum distance: 145.065502446309
Calibration corrected maximum distance: 47.0106370941726
Calibration without correction was successful: True
Calibration with correction was successful: True
Error: no error

VIDEOTASK: 3drot
Start time: 04.03.2017 08-37-43
End time: 04.03.2017 08-39-20
Image quality minimum value: 0.590277910232544
Image quality mean value: 0.729141400442664
Head movement maximum value: 61.0737259384099
Head movement mean value: 15.9506864565303
Head size ratio maximum value: 0.415550829657635
Head size ratio mean value: 0.0400462341343806
Error: 
Sorry, but we have lost your eyes. This is probably due to excessive head movements. Please try to recalibrate again and give your best to keep your head still.
