

***************
Logging from: TestCalibrationMediaDialog testcalibration_main
Time: Wed Dec 07 18:15:04 2016

H(0,0) = -60.6226
H(0,1) = 55.7766
H(0,2) = 136.746
H(1,0) = -35.4305
H(1,1) = 32.812
H(1,2) = 260.043
H(2,0) = -0.0926427
H(2,1) = 0.0846094
H(2,2) = 1
---------------



***************
Logging from: TestCalibrationMediaDialog testcalibration_main
Time: Wed Dec 07 18:16:18 2016

H(0,0) = -0.971671
H(0,1) = -0.395699
H(0,2) = 807.886
H(1,0) = -0.363026
H(1,1) = -0.192079
H(1,2) = 325.867
H(2,0) = -0.0011205
H(2,1) = -0.000581457
H(2,2) = 1
---------------

