
CALIBRATION: calibration_main
Start time: 27.01.2017 16-02-30
End time: 27.01.2017 16-03-01
Image quality on start: 0,818897664546967
Image quality minimum value: 0,803149580955505
Image quality mean value: 0,822399362152859
Head movement maximum value: 18,2482875908947
Head movement mean value: 9,25403899054902
Head size ratio maximum value: 0,0542889030612246
Head size ratio mean value: 0,0368889224916009
Calibration reprojection error mean value: 128,097237692939
Calibration reprojection error outliers count: 0
Error: no error

TEST CALIBRATION: testcalibration_main
Start time: 27.01.2017 16-03-06
End time: 27.01.2017 16-03-22
Image quality minimum value: 0,80654764175415
Image quality mean value: 0,829119985687489
Head movement maximum value: 30,0166620396073
Head movement mean value: 23,5971887934047
Head size ratio maximum value: 0,0872927295918368
Head size ratio mean value: 0,0633648740108287
Calibration maximum distance: 710,228836361915
Calibration corrected maximum distance: 222,009008826219
Calibration without correction was successful: False
Calibration with correction was successful: True
Error: no error

WATCHTASK: 1
Start time: 27.01.2017 16-04-07
End time: 27.01.2017 16-04-38
Image quality minimum value: 0,755813956260681
Image quality mean value: 0,789340422292461
Head movement maximum value: 45,1774279923061
Head movement mean value: 31,3257266438193
Head size ratio maximum value: 0,0701530612244898
Head size ratio mean value: 0,049862540658079
Error: no error

VIDEOTASK: 2
Start time: 27.01.2017 16-04-48
End time: 27.01.2017 16-05-06
Image quality minimum value: 0,771929800510406
Image quality mean value: 0,822219175254477
Head movement maximum value: 35,0570962859162
Head movement mean value: 31,6875817805767
Head size ratio maximum value: 0,0701530612244898
Head size ratio mean value: 0,0790218431122444
Error: no error
