

***************
Logging from: TestCalibrationMediaDialog testcalibration_main
Time: Fri Dec 09 09:05:41 2016

H(0,0) = -0.10086
H(0,1) = -0.593371
H(0,2) = 307.334
H(1,0) = -0.210838
H(1,1) = -0.308655
H(1,2) = 246.468
H(2,0) = -0.000801732
H(2,1) = -0.00132878
H(2,2) = 1
---------------



***************
Logging from: TestCalibrationMediaDialog testcalibration_main
Time: Fri Dec 09 09:07:13 2016

H(0,0) = -10.4899
H(0,1) = 56.6578
H(0,2) = -3940.95
H(1,0) = -43.8765
H(1,1) = 161.152
H(1,2) = -8526.91
H(2,0) = -0.163352
H(2,1) = 0.482702
H(2,2) = 1
---------------

