

***************
Logging from: TestCalibrationMediaDialog testcalibration_main
Time: Mon Dec 12 10:06:24 2016

H(0,0) = -0.255289
H(0,1) = -0.650149
H(0,2) = 392.092
H(1,0) = -0.216205
H(1,1) = -0.929672
H(1,2) = 483.144
H(2,0) = -0.000483354
H(2,1) = -0.00187981
H(2,2) = 1
---------------



***************
Logging from: TestCalibrationMediaDialog testcalibration_main
Time: Mon Dec 12 10:07:27 2016

H(0,0) = -0.843663
H(0,1) = 2.13282
H(0,2) = -280.656
H(1,0) = -5.00203
H(1,1) = 5.83783
H(1,2) = 1093.85
H(2,0) = -0.00821165
H(2,1) = 0.0112957
H(2,2) = 1
---------------



***************
Logging from: TestCalibrationMediaDialog cal2
Time: Mon Dec 12 10:08:41 2016

H(0,0) = 3.19309
H(0,1) = -3.19922
H(0,2) = -201.78
H(1,0) = 1.72431
H(1,1) = -2.6814
H(1,2) = 570.665
H(2,0) = 0.00584114
H(2,1) = -0.00779204
H(2,2) = 1
---------------



***************
Logging from: TestCalibrationMediaDialog testcalibration_main_t2
Time: Mon Dec 12 10:09:56 2016

H(0,0) = 0.9708
H(0,1) = -0.510299
H(0,2) = -543.541
H(1,0) = 0.410949
H(1,1) = -0.887307
H(1,2) = 52.2072
H(2,0) = 0.000511821
H(2,1) = -0.00320965
H(2,2) = 1
---------------

