

***************
Logging from: TestCalibrationMediaDialog testcalibration_main
Time: Sat Jan 24 10:07:41 2015

H(0,0) = 1.57258
H(0,1) = -0.404299
H(0,2) = -116.831
H(1,0) = 0.13652
H(1,1) = 1.69783
H(1,2) = -297.334
H(2,0) = 0.0005107
H(2,1) = -0.000675011
H(2,2) = 1
---------------



***************
Logging from: VideoMediaDialog v - start
Time: Sat Jan 24 10:07:55 2015

H(0,0) = 1.57258
H(0,1) = -0.404299
H(0,2) = -116.831
H(1,0) = 0.13652
H(1,1) = 1.69783
H(1,2) = -297.334
H(2,0) = 0.0005107
H(2,1) = -0.000675011
H(2,2) = 1
---------------



***************
Logging from: VideoMediaDialog v - stop
Time: Sat Jan 24 10:09:41 2015

H(0,0) = 1.57258
H(0,1) = -0.404299
H(0,2) = -116.831
H(1,0) = 0.13652
H(1,1) = 1.69783
H(1,2) = -297.334
H(2,0) = 0.0005107
H(2,1) = -0.000675011
H(2,2) = 1
---------------

