
CALIBRATION: calibration_main
Start time: 24.01.2015 11-05-20
End time: 24.01.2015 11-05-53
Image quality on start: 0.86904764175415
Image quality minimum value: 0.743055641651154
Image quality mean value: 0.797351953731133
Head movement maximum value: 4.47213595499958
Head movement mean value: 2.150538193443
Head size ratio maximum value: 0.0871274230138586
Head size ratio mean value: 0.049194027710346
Calibration reprojection error mean value: 65.9933738708496
Calibration reprojection error outliers count: 0
Error: no error

TEST CALIBRATION: testcalibration_main
Start time: 24.01.2015 11-05-58
End time: 24.01.2015 11-06-14
Image quality minimum value: 0.743055641651154
Image quality mean value: 0.799428108081319
Head movement maximum value: 4.47213595499958
Head movement mean value: 2.42098298510398
Head size ratio maximum value: 0.0970328608971047
Head size ratio mean value: 0.0804156017730047
Calibration maximum distance: 276.090564851463
Calibration corrected maximum distance: 33.3766385365573
Calibration without correction was successful: True
Calibration with correction was successful: True
Error: no error

VIDEOTASK: v
Start time: 24.01.2015 11-06-18
End time: 24.01.2015 11-08-01
Image quality minimum value: 0.298611104488373
Image quality mean value: 0.835729869400583
Head movement maximum value: 15.2970585407784
Head movement mean value: 5.26446920076434
Head size ratio maximum value: 0.188203319781676
Head size ratio mean value: 0.100032731144056
Error: no error
