
CALIBRATION: calibration_main
Start time: 27.01.2017 16-23-50
End time: 27.01.2017 16-24-23
Image quality on start: 0,89102566242218
Image quality minimum value: 0,858490586280823
Image quality mean value: 0,879613526986034
Head movement maximum value: 6
Head movement mean value: 3,15970041612929
Head size ratio maximum value: 0,0322559323154207
Head size ratio mean value: 0,0385169189609594
Calibration reprojection error mean value: 81,4726310306125
Calibration reprojection error outliers count: 0
Error: no error

TEST CALIBRATION: testcalibration_main
Start time: 27.01.2017 16-24-25
End time: 27.01.2017 16-24-41
Image quality minimum value: 0,855345904827118
Image quality mean value: 0,872843512933548
Head movement maximum value: 8,24621125123532
Head movement mean value: 5,17318522460863
Head size ratio maximum value: 0,0561008658867076
Head size ratio mean value: 0,0747157399182854
Calibration maximum distance: 149,893295380414
Calibration corrected maximum distance: 100,975244490915
Calibration without correction was successful: True
Calibration with correction was successful: True
Error: no error

WATCHTASK: 1
Start time: 27.01.2017 16-25-10
End time: 27.01.2017 16-25-41
Image quality minimum value: 0,795275568962097
Image quality mean value: 0,824645343221429
Head movement maximum value: 31,2569992161756
Head movement mean value: 14,2820351537385
Head size ratio maximum value: 0,102898407032851
Head size ratio mean value: 0,069303484978679
Error: no error

VIDEOTASK: 2
Start time: 27.01.2017 16-25-48
End time: 27.01.2017 16-26-08
Image quality minimum value: 0,708661437034607
Image quality mean value: 0,839901787274092
Head movement maximum value: 12,6491106406735
Head movement mean value: 8,49492390071582
Head size ratio maximum value: 0,125851014607707
Head size ratio mean value: 0,116423835917261
Error: no error
