
CALIBRATION: calibration_main
Start time: 08.12.2016 23-55-02
End time: 08.12.2016 23-55-34
Image quality on start: 0.606299221515656
Image quality minimum value: 0.622047245502472
Image quality mean value: 0.654680651205557
Head movement maximum value: 8.24621125123532
Head movement mean value: 4.80503428641131
Head size ratio maximum value: 0.176837531887755
Head size ratio mean value: 0.0642866000566894
Calibration reprojection error mean value: 71.3666216532389
Calibration reprojection error outliers count: 0
Error: no error

TEST CALIBRATION: testcalibration_main
Start time: 08.12.2016 23-55-37
End time: 08.12.2016 23-55-53
Image quality minimum value: 0.614173233509064
Image quality mean value: 0.659131304679378
Head movement maximum value: 11
Head movement mean value: 6.18483560493186
Head size ratio maximum value: 0.0528539540816326
Head size ratio mean value: 0.070990629114549
Calibration maximum distance: 204.863369102434
Calibration corrected maximum distance: 105.603030259553
Calibration without correction was successful: True
Calibration with correction was successful: True
Error: no error

CLICKTASK: c1
Start time: 08.12.2016 23-55-55
End time: 08.12.2016 23-56-01
Image quality minimum value: 0.488188982009888
Image quality mean value: 0.523699235682394
Head movement maximum value: 11.0453610171873
Head movement mean value: 7.2596117879295
Head size ratio maximum value: 0.0634765625
Head size ratio mean value: 0.184324901835734
Error: no error

CLICKTASK: c2
Start time: 08.12.2016 23-56-04
End time: 08.12.2016 23-56-13
Image quality minimum value: 0.503937005996704
Image quality mean value: 0.570727173721089
Head movement maximum value: 13.4164078649987
Head movement mean value: 8.91847935753949
Head size ratio maximum value: 0.129444355867347
Head size ratio mean value: 0.124041491596639
Error: no error

CLICKTASK: c3
Start time: 08.12.2016 23-56-16
End time: 08.12.2016 23-56-26
Image quality minimum value: 0.519685029983521
Image quality mean value: 0.555905499177821
Head movement maximum value: 17.7200451466693
Head movement mean value: 13.2637707847127
Head size ratio maximum value: 0.137755102040816
Head size ratio mean value: 0.0620770183073229
Error: no error

CLICKTASK: c4
Start time: 08.12.2016 23-56-28
End time: 08.12.2016 23-56-47
Image quality minimum value: 0.551181077957153
Image quality mean value: 0.632916282291061
Head movement maximum value: 18.4390889145858
Head movement mean value: 16.146699947244
Head size ratio maximum value: 0.0615234375
Head size ratio mean value: 0.0642770576405409
Error: no error
