
CALIBRATION: calibration_main
Start time: 06.12.2016 16-33-59
End time: 06.12.2016 16-34-35
Image quality on start: 0.858267724514008
Image quality minimum value: 0.708661437034607
Image quality mean value: 0.808925824054819
Head movement maximum value: 4.12310562561766
Head movement mean value: 2.11412913020169
Head size ratio maximum value: 0.0624842529604435
Head size ratio mean value: 0.0587922500371255
Calibration reprojection error mean value: 91.6630969577365
Calibration reprojection error outliers count: 0
Error: no error

TEST CALIBRATION: testcalibration_main
Start time: 06.12.2016 16-34-38
End time: 06.12.2016 16-34-56
Image quality minimum value: 0.708661437034607
Image quality mean value: 0.809584135861741
Head movement maximum value: 7.07106781186548
Head movement mean value: 4.02409764080864
Head size ratio maximum value: 0.0470521541950113
Head size ratio mean value: 0.112123304839309
Calibration maximum distance: 603.239587560366
Calibration corrected maximum distance: 238.30442715149
Calibration without correction was successful: False
Calibration with correction was successful: True
Error: no error

CLICKTASK: c1
Start time: 06.12.2016 16-34-58
End time: 06.12.2016 16-35-22
Image quality minimum value: 0.779527544975281
Image quality mean value: 0.827888513973781
Head movement maximum value: 9.89949493661167
Head movement mean value: 6.588413908345
Head size ratio maximum value: 0.0701530612244898
Head size ratio mean value: 0.0738807904114026
Error: no error

CLICKTASK: c2
Start time: 06.12.2016 16-35-33
End time: 06.12.2016 16-35-51
Image quality minimum value: 0.771653532981873
Image quality mean value: 0.829123984442817
Head movement maximum value: 8.48528137423857
Head movement mean value: 5.69387774777044
Head size ratio maximum value: 0.0624842529604435
Head size ratio mean value: 0.0431832815430699
Error: no error

CLICKTASK: c3
Start time: 06.12.2016 16-35-58
End time: 06.12.2016 16-36-41
Image quality minimum value: 0.779527544975281
Image quality mean value: 0.843306345756237
Head movement maximum value: 6.32455532033676
Head movement mean value: 3.56274889115876
Head size ratio maximum value: 0.0892069790879315
Head size ratio mean value: 0.054386592243735
Error: no error

CLICKTASK: c4
Start time: 06.12.2016 16-36-45
End time: 06.12.2016 16-37-10
Image quality minimum value: 0.685039341449738
Image quality mean value: 0.832497412959735
Head movement maximum value: 4
Head movement mean value: 2.66902527000266
Head size ratio maximum value: 0.0400762156714538
Head size ratio mean value: 0.0417377033117775
Error: no error
