
CALIBRATION: calibration_main
Start time: 21.01.2015 17-31-15
End time: 21.01.2015 17-31-48
Image quality on start: 0.748031497001648
Image quality minimum value: 0
Image quality mean value: 0.556294346517987
Head movement maximum value: 12.0415945787923
Head movement mean value: 4.8565871901317
Head size ratio maximum value: 0.221453287197232
Head size ratio mean value: 0.0832566961425088
Calibration reprojection error mean value: 463.772296481662
Calibration reprojection error outliers count: 5
Error: no error

TEST CALIBRATION: testcalibration_main
Start time: 21.01.2015 17-31-53
End time: 21.01.2015 17-32-09
Image quality minimum value: 0.566929161548615
Image quality mean value: 0.616943143337612
Head movement maximum value: 15.2643375224737
Head movement mean value: 11.3134680917769
Head size ratio maximum value: 0.0799692425990004
Head size ratio mean value: 0.0658032103797111
Calibration maximum distance: 890.779995285031
Calibration corrected maximum distance: 325.219925588824
Calibration without correction was successful: False
Calibration with correction was successful: True
Error: no error

VIDEOTASK: v
Start time: 21.01.2015 17-32-15
End time: 21.01.2015 17-33-56
Image quality minimum value: 0
Image quality mean value: 0.541360125893971
Head movement maximum value: 36.2215405525497
Head movement mean value: 22.2586157252591
Head size ratio maximum value: 0.222975778546713
Head size ratio mean value: 0.0754629854806603
Error: no error
