

***************
Logging from: TestCalibrationMediaDialog testcalibration_main
Time: Sat Jan 17 17:32:33 2015

H(0,0) = 0.807583
H(0,1) = -0.668646
H(0,2) = -39.5963
H(1,0) = -0.100633
H(1,1) = 0.568751
H(1,2) = 116.662
H(2,0) = -5.12953e-005
H(2,1) = -0.000719856
H(2,2) = 1
---------------



***************
Logging from: VideoMediaDialog v - start
Time: Sat Jan 17 17:33:05 2015

H(0,0) = 0.807583
H(0,1) = -0.668646
H(0,2) = -39.5963
H(1,0) = -0.100633
H(1,1) = 0.568751
H(1,2) = 116.662
H(2,0) = -5.12953e-005
H(2,1) = -0.000719856
H(2,2) = 1
---------------



***************
Logging from: VideoMediaDialog v - stop
Time: Sat Jan 17 17:34:50 2015

H(0,0) = 0.807583
H(0,1) = -0.668646
H(0,2) = -39.5963
H(1,0) = -0.100633
H(1,1) = 0.568751
H(1,2) = 116.662
H(2,0) = -5.12953e-005
H(2,1) = -0.000719856
H(2,2) = 1
---------------

