
CALIBRATION: calibration_main
Start time: 07.12.2016 20-22-58
End time: 07.12.2016 20-23-32
Image quality on start: 0.448818892240524
Image quality minimum value: 0.527559041976929
Image quality mean value: 0.544628980385996
Head movement maximum value: 15.6524758424985
Head movement mean value: 8.51034642696287
Head size ratio maximum value: 0.0874350860724613
Head size ratio mean value: 0.0719495137043246
Calibration reprojection error mean value: 70.7342393663194
Calibration reprojection error outliers count: 0
Error: no error

TEST CALIBRATION: testcalibration_main
Start time: 07.12.2016 20-23-34
End time: 07.12.2016 20-23-51
Image quality minimum value: 0.456692904233933
Image quality mean value: 0.540069971481959
Head movement maximum value: 17.8044938147649
Head movement mean value: 13.5473846353848
Head size ratio maximum value: 0.0632257869157746
Head size ratio mean value: 0.109186950429058
Calibration maximum distance: 239.081576036298
Calibration corrected maximum distance: 32.2490309931942
Calibration without correction was successful: True
Calibration with correction was successful: True
Error: no error

CLICKTASK: c1
Start time: 07.12.2016 20-23-53
End time: 07.12.2016 20-24-11
Image quality minimum value: 0.220472440123558
Image quality mean value: 0.25258911580875
Head movement maximum value: 0
Head movement mean value: 0
Head size ratio maximum value: 0
Head size ratio mean value: 1
Error: no error

CLICKTASK: c2
Start time: 07.12.2016 20-24-17
End time: 07.12.2016 20-24-35
Image quality minimum value: 0.220472440123558
Image quality mean value: 0.259589201723283
Head movement maximum value: 36.2353418639869
Head movement mean value: 22.0739572513267
Head size ratio maximum value: 0.0763069842086935
Head size ratio mean value: 0.0229658888800445
Error: no error

CLICKTASK: c3
Start time: 07.12.2016 20-24-43
End time: 07.12.2016 20-24-56
Image quality minimum value: 0.267716526985168
Image quality mean value: 0.282245135676544
Head movement maximum value: 0
Head movement mean value: 0
Head size ratio maximum value: 0
Head size ratio mean value: 1
Error: no error

CLICKTASK: c4
Start time: 07.12.2016 20-25-02
End time: 07.12.2016 20-25-22
Image quality minimum value: 0.283464580774307
Image quality mean value: 0.423602106639102
Head movement maximum value: 53.0377224247045
Head movement mean value: 36.9361075612342
Head size ratio maximum value: 0.105981922512074
Head size ratio mean value: 0.0730889092505352
Error: no error
