

***************
Logging from: TestCalibrationMediaDialog testcalibration_main
Time: Wed Mar 15 08:37:14 2017

H(0,0) = -2.08618
H(0,1) = -1.77821
H(0,2) = 1307.3
H(1,0) = -0.849609
H(1,1) = -0.207021
H(1,2) = 367.872
H(2,0) = -0.00255794
H(2,1) = 0.000441486
H(2,2) = 1
---------------



***************
Logging from: TestCalibrationMediaDialog testcalibration_main
Time: Wed Mar 15 08:38:44 2017

H(0,0) = -0.408178
H(0,1) = 0.438914
H(0,2) = 225.244
H(1,0) = -0.234387
H(1,1) = 0.616388
H(1,2) = 90.9501
H(2,0) = -0.0011697
H(2,1) = 0.000698988
H(2,2) = 1
---------------

