

***************
Logging from: TestCalibrationMediaDialog testcalibration_main
Time: Mon Jan 19 13:33:18 2015

H(0,0) = 0.675882
H(0,1) = -0.768685
H(0,2) = 171.341
H(1,0) = -0.0639528
H(1,1) = 0.434281
H(1,2) = 110.241
H(2,0) = -9.38248e-005
H(2,1) = -0.000898078
H(2,2) = 1
---------------



***************
Logging from: VideoMediaDialog v - start
Time: Mon Jan 19 13:33:31 2015

H(0,0) = 0.675882
H(0,1) = -0.768685
H(0,2) = 171.341
H(1,0) = -0.0639528
H(1,1) = 0.434281
H(1,2) = 110.241
H(2,0) = -9.38248e-005
H(2,1) = -0.000898078
H(2,2) = 1
---------------



***************
Logging from: VideoMediaDialog v - start
Time: Mon Jan 19 13:36:11 2015

---------------

