
CALIBRATION: calibration_main
Start time: 19.01.2015 13-32-23
End time: 19.01.2015 13-32-57
Image quality on start: 0.74015748500824
Image quality minimum value: 0.724409461021423
Image quality mean value: 0.743284348976741
Head movement maximum value: 12.2065556157337
Head movement mean value: 6.82917715870253
Head size ratio maximum value: 0.160474497596198
Head size ratio mean value: 0.0768263019155473
Calibration reprojection error mean value: 93.6111469268799
Calibration reprojection error outliers count: 0
Error: no error

TEST CALIBRATION: testcalibration_main
Start time: 19.01.2015 13-33-02
End time: 19.01.2015 13-33-18
Image quality minimum value: 0.724409461021423
Image quality mean value: 0.746407482028008
Head movement maximum value: 20.6155281280883
Head movement mean value: 14.6972647586627
Head size ratio maximum value: 0.114700952310781
Head size ratio mean value: 0.123325167160935
Calibration maximum distance: 309.381641342857
Calibration corrected maximum distance: 126.822710899902
Calibration without correction was successful: True
Calibration with correction was successful: True
Error: no error

VIDEOTASK: v
Start time: 19.01.2015 13-33-31
End time: 19.01.2015 13-35-19
Image quality minimum value: 0.611111104488373
Image quality mean value: 0.809727184384307
Head movement maximum value: 60.1664358259653
Head movement mean value: 28.6070394818686
Head size ratio maximum value: 0.613881265081324
Head size ratio mean value: 0.0376433211484126
Error: 
Sorry, but we have lost your eyes. This is probably due to excessive head movements. Please try to recalibrate again and give your best to keep your head still.

CALIBRATION: calibration_main
Start time: 19.01.2015 13-35-28
End time: 19.01.2015 13-36-01
Image quality on start: 0.677165329456329
Image quality minimum value: 0
Image quality mean value: 0.719636068031166
Head movement maximum value: 15
Head movement mean value: 4.77661044698829
Head size ratio maximum value: 0.0857956294244383
Head size ratio mean value: 0.0459655847341892
Calibration reprojection error mean value: 150.032890743679
Calibration reprojection error outliers count: 0
Error: no error

TEST CALIBRATION: testcalibration_main
Start time: 19.01.2015 13-36-02
End time: 19.01.2015 13-36-09
Image quality minimum value: 0.755905508995056
Image quality mean value: 0.766175959421241
Head movement maximum value: 72.0069441095788
Head movement mean value: 7.28579843294083
Head size ratio maximum value: 0.920898738073253
Head size ratio mean value: 0.154519116249816
Calibration maximum distance: 395.607128348315
Calibration corrected maximum distance: 0
Calibration without correction was successful: False
Calibration with correction was successful: False
Error: 
Sorry, but we have lost your eyes. This is probably due to excessive head movements. Please try to recalibrate again and give your best to keep your head still.

VIDEOTASK: v
Start time: 19.01.2015 13-36-11
End time: 19.01.2015 13-37-27
Image quality minimum value: 1000
Image quality mean value: 0
Head movement maximum value: 0
Head movement mean value: 0
Head size ratio maximum value: 0
Head size ratio mean value: 0
Error: no error
