
CALIBRATION: calibration_main
Start time: 20.12.2016 00-52-31
End time: 20.12.2016 00-53-05
Image quality on start: 0.417322844266891
Image quality minimum value: 0.37007874250412
Image quality mean value: 0.474038571983144
Head movement maximum value: 11.6619037896906
Head movement mean value: 6.24389526647871
Head size ratio maximum value: 0.119439572704082
Head size ratio mean value: 0.0815779663314602
Calibration reprojection error mean value: 330.162633260091
Calibration reprojection error outliers count: 5
Error: no error

TEST CALIBRATION: testcalibration_main
Start time: 20.12.2016 00-53-09
End time: 20.12.2016 00-53-26
Image quality minimum value: 0.362204730510712
Image quality mean value: 0.464566930998927
Head movement maximum value: 13.4164078649987
Head movement mean value: 9.98571661782562
Head size ratio maximum value: 0.129444355867347
Head size ratio mean value: 0.10847729037267
Calibration maximum distance: 843.102010435274
Calibration corrected maximum distance: 266.176633084123
Calibration without correction was successful: False
Calibration with correction was successful: True
Error: no error

VIDEOTASK: 1
Start time: 20.12.2016 00-53-33
End time: 20.12.2016 00-55-03
Image quality minimum value: 0
Image quality mean value: 0.429311198997498
Head movement maximum value: 39.6232255123179
Head movement mean value: 24.6238951842356
Head size ratio maximum value: 0.303073182397959
Head size ratio mean value: 0.226965975765306
Error: no error
