

***************
Logging from: TestCalibrationMediaDialog testcalibration_main
Time: Tue Dec 06 19:34:41 2016

H(0,0) = -0.250431
H(0,1) = 0.609666
H(0,2) = -156.48
H(1,0) = -0.0866323
H(1,1) = -1.19024
H(1,2) = 642.453
H(2,0) = -0.000377445
H(2,1) = -0.0014628
H(2,2) = 1
---------------



***************
Logging from: TestCalibrationMediaDialog cal2
Time: Tue Dec 06 19:35:28 2016

H(0,0) = -0.684574
H(0,1) = -0.689362
H(0,2) = 1079.24
H(1,0) = -0.2589
H(1,1) = -0.335089
H(1,2) = 450.736
H(2,0) = -0.000592107
H(2,1) = -0.000710078
H(2,2) = 1
---------------



***************
Logging from: TestCalibrationMediaDialog testcalibration_main_t3
Time: Tue Dec 06 19:37:49 2016

H(0,0) = -1.65501
H(0,1) = 0.468614
H(0,2) = 551.899
H(1,0) = -0.124161
H(1,1) = -0.621986
H(1,2) = 289.403
H(2,0) = -0.00132446
H(2,1) = -0.00102554
H(2,2) = 1
---------------



***************
Logging from: TestCalibrationMediaDialog testcalibration_main_t4
Time: Tue Dec 06 19:44:14 2016

H(0,0) = -0.104207
H(0,1) = 0.0970863
H(0,2) = 46.5292
H(1,0) = -0.244962
H(1,1) = -0.986869
H(1,2) = 657.095
H(2,0) = -0.000440838
H(2,1) = -0.00138299
H(2,2) = 1
---------------

