
CALIBRATION: calibration_main
Start time: 12.04.2017 14-36-57
End time: 12.04.2017 14-37-29
Image quality on start: 0,814285695552826
Image quality minimum value: 0,750000059604645
Image quality mean value: 0,807146811146377
Head movement maximum value: 7,07106781186548
Head movement mean value: 3,74873771094067
Head size ratio maximum value: 0,0690779636881453
Head size ratio mean value: 0,0298059257701163
Calibration reprojection error mean value: 38,12624168396
Calibration reprojection error outliers count: 0
Error: no error

TEST CALIBRATION: testcalibration_main
Start time: 12.04.2017 14-37-31
End time: 12.04.2017 14-37-47
Image quality minimum value: 0,750000059604645
Image quality mean value: 0,811405980103725
Head movement maximum value: 8,54400374531753
Head movement mean value: 5,13511816309712
Head size ratio maximum value: 0,0690779636881453
Head size ratio mean value: 0,0471290158082611
Calibration maximum distance: 83,773504164503
Calibration corrected maximum distance: 34,9857113690718
Calibration without correction was successful: True
Calibration with correction was successful: True
Error: no error

WATCHTASK: 1
Start time: 12.04.2017 14-37-49
End time: 12.04.2017 14-37-58
Image quality minimum value: 0,65277773141861
Image quality mean value: 0,78708538647854
Head movement maximum value: 70,2139587261678
Head movement mean value: 20,4389788922653
Head size ratio maximum value: 0,132417230331079
Head size ratio mean value: 0,0813424382666105
Error: no error
