
CALIBRATION: calibration_main
Start time: 08.12.2016 14-35-52
End time: 08.12.2016 14-36-26
Image quality on start: 0.826771676540375
Image quality minimum value: 0.842519700527191
Image quality mean value: 0.857230429520864
Head movement maximum value: 9.21954445729289
Head movement mean value: 5.94999483026969
Head size ratio maximum value: 0.0506249999999999
Head size ratio mean value: 0.0774731786427145
Calibration reprojection error mean value: 198.364284939236
Calibration reprojection error outliers count: 1
Error: no error

TEST CALIBRATION: testcalibration_main
Start time: 08.12.2016 14-36-28
End time: 08.12.2016 14-36-45
Image quality minimum value: 0.850393712520599
Image quality mean value: 0.862122709552447
Head movement maximum value: 15.2970585407784
Head movement mean value: 11.3517376355098
Head size ratio maximum value: 0.0591840277777778
Head size ratio mean value: 0.096086154513889
Calibration maximum distance: 531.413210223457
Calibration corrected maximum distance: 162.308348522188
Calibration without correction was successful: False
Calibration with correction was successful: True
Error: no error

CLICKTASK: c1
Start time: 08.12.2016 14-36-53
End time: 08.12.2016 14-37-09
Image quality minimum value: 0.755905508995056
Image quality mean value: 0.796319131391594
Head movement maximum value: 14.560219778561
Head movement mean value: 5.74799612597946
Head size ratio maximum value: 0.0506249999999999
Head size ratio mean value: 0.118618222891566
Error: no error

CLICKTASK: c2
Start time: 08.12.2016 14-37-16
End time: 08.12.2016 14-37-26
Image quality minimum value: 0.763779520988464
Image quality mean value: 0.800858979875391
Head movement maximum value: 9.21954445729289
Head movement mean value: 7.36736818398429
Head size ratio maximum value: 0.02515625
Head size ratio mean value: 0.104554924242424
Error: no error

CLICKTASK: c3
Start time: 08.12.2016 14-37-31
End time: 08.12.2016 14-38-00
Image quality minimum value: 0.779527544975281
Image quality mean value: 0.790155047653643
Head movement maximum value: 10.816653826392
Head movement mean value: 8.86226714539939
Head size ratio maximum value: 0.02515625
Head size ratio mean value: 0.0144914153033402
Error: no error

CLICKTASK: c4
Start time: 08.12.2016 14-38-04
End time: 08.12.2016 14-38-17
Image quality minimum value: 0.787401556968689
Image quality mean value: 0.826201076092927
Head movement maximum value: 13.0384048104053
Head movement mean value: 10.2346992921118
Head size ratio maximum value: 0.02515625
Head size ratio mean value: 0.115982286634461
Error: no error
