
CALIBRATION: calibration_main
Start time: 20.12.2016 12-47-48
End time: 20.12.2016 12-48-22
Image quality on start: 0.748031497001648
Image quality minimum value: 0.755905508995056
Image quality mean value: 0.766413841177436
Head movement maximum value: 5.8309518948453
Head movement mean value: 3.48078836159833
Head size ratio maximum value: 0.103375362205341
Head size ratio mean value: 0.0697869351554546
Calibration reprojection error mean value: 243.666242811415
Calibration reprojection error outliers count: 6
Error: no error

TEST CALIBRATION: testcalibration_main
Start time: 20.12.2016 12-48-25
End time: 20.12.2016 12-48-41
Image quality minimum value: 0.736111104488373
Image quality mean value: 0.768061589825061
Head movement maximum value: 7.81024967590665
Head movement mean value: 5.91342583364144
Head size ratio maximum value: 0.128338162737881
Head size ratio mean value: 0.159360940164558
Calibration maximum distance: 410
Calibration corrected maximum distance: 231.397925660538
Calibration without correction was successful: False
Calibration with correction was successful: True
Error: no error

VIDEOTASK: 1
Start time: 20.12.2016 12-48-55
End time: 20.12.2016 12-50-25
Image quality minimum value: 0.661417305469513
Image quality mean value: 0.718078144099734
Head movement maximum value: 8.54400374531753
Head movement mean value: 4.07814889256298
Head size ratio maximum value: 0.152948547262902
Head size ratio mean value: 0.0949619958313608
Error: no error
