
CALIBRATION: calibration_main
Start time: 07.12.2016 11-35-11
End time: 07.12.2016 11-35-57
Image quality on start: 0.840277850627899
Image quality minimum value: 0.111111201345921
Image quality mean value: 0.231712974359592
Head movement maximum value: 408.882623744272
Head movement mean value: 13.6294207914757
Head size ratio maximum value: ∞
Head size ratio mean value: ∞
Calibration reprojection error mean value: 999999
Calibration reprojection error outliers count: 999999
Error: 
Sorry, but we have lost your eyes. This is probably due to excessive head movements. Please try to recalibrate again and give your best to keep your head still.

CALIBRATION: calibration_main
Start time: 07.12.2016 11-55-32
End time: 07.12.2016 11-56-04
Image quality on start: 0.763888895511627
Image quality minimum value: 0.680555462837219
Image quality mean value: 0.826023426245559
Head movement maximum value: 19.2353840616713
Head movement mean value: 10.3549089331479
Head size ratio maximum value: 0.253063042993985
Head size ratio mean value: 0.082253779440653
Calibration reprojection error mean value: 246.240106370714
Calibration reprojection error outliers count: 2
Error: no error

TEST CALIBRATION: testcalibration_main
Start time: 07.12.2016 11-56-09
End time: 07.12.2016 11-56-25
Image quality minimum value: 0.65972226858139
Image quality mean value: 0.807961050778219
Head movement maximum value: 18.2482875908947
Head movement mean value: 11.8530873172872
Head size ratio maximum value: 0.187124081087102
Head size ratio mean value: 0.122116429201366
Calibration maximum distance: 538.360474032037
Calibration corrected maximum distance: 94.4033897696476
Calibration without correction was successful: False
Calibration with correction was successful: True
Error: no error

CLICKTASK: c1
Start time: 07.12.2016 11-56-31
End time: 07.12.2016 11-56-39
Image quality minimum value: 0.472222149372101
Image quality mean value: 0.658873745079698
Head movement maximum value: 2.23606797749979
Head movement mean value: 1.53781888801716
Head size ratio maximum value: 0.390287369124527
Head size ratio mean value: 0.422044115500726
Error: 
Sorry, but we have lost your eyes. This is probably due to excessive head movements. Please try to recalibrate again and give your best to keep your head still.

CALIBRATION: calibration_main
Start time: 07.12.2016 11-57-04
End time: 07.12.2016 11-57-35
Image quality on start: 0.736111164093018
Image quality minimum value: 0.562499940395355
Image quality mean value: 0.677319324826731
Head movement maximum value: 10.4403065089106
Head movement mean value: 3.45810566067884
Head size ratio maximum value: 0.0891474299784549
Head size ratio mean value: 0.0433295024309197
Calibration reprojection error mean value: 162.171768188477
Calibration reprojection error outliers count: 0
Error: no error

TEST CALIBRATION: testcalibration_main
Start time: 07.12.2016 11-57-37
End time: 07.12.2016 11-57-53
Image quality minimum value: 0.597222208976746
Image quality mean value: 0.710071641502651
Head movement maximum value: 19.4164878389476
Head movement mean value: 15.9038702785368
Head size ratio maximum value: 0.0786826715912587
Head size ratio mean value: 0.0907523755263484
Calibration maximum distance: 481.433276789214
Calibration corrected maximum distance: 145.619366843837
Calibration without correction was successful: False
Calibration with correction was successful: True
Error: no error

CLICKTASK: c1
Start time: 07.12.2016 11-57-56
End time: 07.12.2016 11-58-09
Image quality minimum value: 0.506944417953491
Image quality mean value: 0.756109084956039
Head movement maximum value: 22.2036033111745
Head movement mean value: 16.8868711202933
Head size ratio maximum value: 0.174133579562942
Head size ratio mean value: 0.115868879090699
Error: no error

CLICKTASK: c2
Start time: 07.12.2016 11-58-17
End time: 07.12.2016 11-58-35
Image quality minimum value: 0.611111104488373
Image quality mean value: 0.715401195778566
Head movement maximum value: 33.0605505096331
Head movement mean value: 27.7105785006985
Head size ratio maximum value: 0.221606648199446
Head size ratio mean value: 0.103237750378699
Error: no error

CLICKTASK: c3
Start time: 07.12.2016 11-58-42
End time: 07.12.2016 11-59-09
Image quality minimum value: 0.562499940395355
Image quality mean value: 0.667759998250253
Head movement maximum value: 38.8973006775534
Head movement mean value: 35.0661180235598
Head size ratio maximum value: 0.102493074792244
Head size ratio mean value: 0.0531524053396286
Error: no error

CLICKTASK: c4
Start time: 07.12.2016 11-59-13
End time: 07.12.2016 11-59-23
Image quality minimum value: 0.562499940395355
Image quality mean value: 0.61590625316489
Head movement maximum value: 46.5295604965274
Head movement mean value: 41.7439904516388
Head size ratio maximum value: 0.175512465373961
Head size ratio mean value: 0.158188522561995
Error: no error
