
CALIBRATION: calibration_main
Start time: 24.01.2017 19-53-28
End time: 24.01.2017 19-54-00
Image quality on start: 0,480314970016479
Image quality minimum value: 0,409448832273483
Image quality mean value: 0,42321543092279
Head movement maximum value: 8,94427190999916
Head movement mean value: 4,8793037474038
Head size ratio maximum value: 0,0634765625
Head size ratio mean value: 0,0401612145815656
Calibration reprojection error mean value: 34,3507277700636
Calibration reprojection error outliers count: 0
Error: no error

TEST CALIBRATION: testcalibration_main
Start time: 24.01.2017 19-54-18
End time: 24.01.2017 19-54-34
Image quality minimum value: 0,37007874250412
Image quality mean value: 0,381812564736488
Head movement maximum value: 11,1803398874989
Head movement mean value: 8,17139504201518
Head size ratio maximum value: 0,0912786989795917
Head size ratio mean value: 0,0725999384128651
Calibration maximum distance: 224,501670372405
Calibration corrected maximum distance: 146,696966567138
Calibration without correction was successful: True
Calibration with correction was successful: True
Error: no error

WATCHTASK: 1
Start time: 24.01.2017 19-55-09
End time: 24.01.2017 19-55-40
Image quality minimum value: 0,377952754497528
Image quality mean value: 0,662526098136999
Head movement maximum value: 11,0453610171873
Head movement mean value: 7,73347748477137
Head size ratio maximum value: 0,0819714604591837
Head size ratio mean value: 0,045080988390254
Error: no error

VIDEOTASK: 2
Start time: 24.01.2017 19-55-53
End time: 24.01.2017 19-56-09
Image quality minimum value: 0,661417305469513
Image quality mean value: 0,795672485615288
Head movement maximum value: 28
Head movement mean value: 22,6965001650635
Head size ratio maximum value: 0,0451411033163265
Head size ratio mean value: 0,0663081595242848
Error: no error
