

***************
Logging from: TestCalibrationMediaDialog testcalibration_main
Time: Wed Jan 21 22:10:03 2015

H(0,0) = -0.801749
H(0,1) = 0.0808021
H(0,2) = 303.658
H(1,0) = -0.362003
H(1,1) = -0.722637
H(1,2) = 377.237
H(2,0) = -0.00101022
H(2,1) = -0.00170168
H(2,2) = 1
---------------



***************
Logging from: VideoMediaDialog v - start
Time: Wed Jan 21 22:10:09 2015

H(0,0) = -0.801749
H(0,1) = 0.0808021
H(0,2) = 303.658
H(1,0) = -0.362003
H(1,1) = -0.722637
H(1,2) = 377.237
H(2,0) = -0.00101022
H(2,1) = -0.00170168
H(2,2) = 1
---------------



***************
Logging from: VideoMediaDialog v - stop
Time: Wed Jan 21 22:11:54 2015

H(0,0) = -0.801749
H(0,1) = 0.0808021
H(0,2) = 303.658
H(1,0) = -0.362003
H(1,1) = -0.722637
H(1,2) = 377.237
H(2,0) = -0.00101022
H(2,1) = -0.00170168
H(2,2) = 1
---------------

