
CALIBRATION: calibration_main
Start time: 27.02.2017 22-37-15
End time: 27.02.2017 22-37-50
Image quality on start: 0.562499940395355
Image quality minimum value: 0
Image quality mean value: 0.573731801329149
Head movement maximum value: 31.890437438204
Head movement mean value: 16.3780324613049
Head size ratio maximum value: 0.194026577781676
Head size ratio mean value: 0.0600639861696963
Calibration reprojection error mean value: 154.119195726183
Calibration reprojection error outliers count: 1
Error: no error

TEST CALIBRATION: testcalibration_main
Start time: 27.02.2017 22-37-59
End time: 27.02.2017 22-38-16
Image quality minimum value: 0.402777761220932
Image quality mean value: 0.611790242955912
Head movement maximum value: 40.7185461430047
Head movement mean value: 28.9136311527978
Head size ratio maximum value: 0.134237533441516
Head size ratio mean value: 0.0864777375760868
Calibration maximum distance: 469.631770645897
Calibration corrected maximum distance: 43.5660418215839
Calibration without correction was successful: False
Calibration with correction was successful: True
Error: no error

CLICKTASK: shoppersmode
Start time: 27.02.2017 22-38-18
End time: 27.02.2017 22-38-30
Image quality minimum value: 0
Image quality mean value: 0.41570480520075
Head movement maximum value: 56.0892146495206
Head movement mean value: 45.6430375581511
Head size ratio maximum value: 0.0778913205561159
Head size ratio mean value: 0.107101363177851
Error: 
Your face is not detected properly! Please try to set your position again and repeat calibration.

CALIBRATION: calibration_main
Start time: 27.02.2017 22-38-54
End time: 27.02.2017 22-39-02
Image quality on start: 0.583333373069763
Image quality minimum value: 1000
Image quality mean value: 0
Head movement maximum value: 0
Head movement mean value: 0
Head size ratio maximum value: 0
Head size ratio mean value: 0
Calibration reprojection error mean value: 999999
Calibration reprojection error outliers count: 999999
Error: 
Initialization Error!
Please contact us on support@eyesee.be and inform us about this error.

CALIBRATION: calibration_main
Start time: 27.02.2017 22-39-33
End time: 27.02.2017 22-39-54
Image quality on start: 0.479166686534882
Image quality minimum value: 0
Image quality mean value: 0.516192556301947
Head movement maximum value: 56
Head movement mean value: 34.1053817118029
Head size ratio maximum value: 0.2753464989585
Head size ratio mean value: 0.160975668042666
Calibration reprojection error mean value: 999999
Calibration reprojection error outliers count: 999999
Error: 
Your face is not detected properly! Please try to set your position again and repeat calibration.

CALIBRATION: calibration_main
Start time: 27.02.2017 22-40-20
End time: 27.02.2017 22-40-30
Image quality on start: 0.736111164093018
Image quality minimum value: 1000
Image quality mean value: 0
Head movement maximum value: 0
Head movement mean value: 0
Head size ratio maximum value: 0
Head size ratio mean value: 0
Calibration reprojection error mean value: 999999
Calibration reprojection error outliers count: 999999
Error: 
Initialization Error!
Please contact us on support@eyesee.be and inform us about this error.

CALIBRATION: calibration_main
Start time: 27.02.2017 22-40-43
End time: 27.02.2017 22-40-50
Image quality on start: 0.722222328186035
Image quality minimum value: 1000
Image quality mean value: 0
Head movement maximum value: 0
Head movement mean value: 0
Head size ratio maximum value: 0
Head size ratio mean value: 0
Calibration reprojection error mean value: 999999
Calibration reprojection error outliers count: 999999
Error: 
Initialization Error!
Please contact us on support@eyesee.be and inform us about this error.

CALIBRATION: calibration_main
Start time: 27.02.2017 22-41-08
End time: 27.02.2017 22-41-14
Image quality on start: 0.590277910232544
Image quality minimum value: 1000
Image quality mean value: 0
Head movement maximum value: 0
Head movement mean value: 0
Head size ratio maximum value: 0
Head size ratio mean value: 0
Calibration reprojection error mean value: 999999
Calibration reprojection error outliers count: 999999
Error: 
Initialization Error!
Please contact us on support@eyesee.be and inform us about this error.

CALIBRATION: calibration_main
Start time: 27.02.2017 22-41-24
End time: 27.02.2017 22-41-32
Image quality on start: 0.625
Image quality minimum value: 1000
Image quality mean value: 0
Head movement maximum value: 0
Head movement mean value: 0
Head size ratio maximum value: 0
Head size ratio mean value: 0
Calibration reprojection error mean value: 999999
Calibration reprojection error outliers count: 999999
Error: 
Initialization Error!
Please contact us on support@eyesee.be and inform us about this error.

CALIBRATION: calibration_main
Start time: 27.02.2017 22-41-46
End time: 27.02.2017 22-41-53
Image quality on start: 0.458333283662796
Image quality minimum value: 1000
Image quality mean value: 0
Head movement maximum value: 0
Head movement mean value: 0
Head size ratio maximum value: 0
Head size ratio mean value: 0
Calibration reprojection error mean value: 999999
Calibration reprojection error outliers count: 999999
Error: 
Initialization Error!
Please contact us on support@eyesee.be and inform us about this error.

CALIBRATION: calibration_main
Start time: 27.02.2017 22-42-09
End time: 27.02.2017 22-42-18
Image quality on start: 0.569444477558136
Image quality minimum value: 1000
Image quality mean value: 0
Head movement maximum value: 0
Head movement mean value: 0
Head size ratio maximum value: 0
Head size ratio mean value: 0
Calibration reprojection error mean value: 999999
Calibration reprojection error outliers count: 999999
Error: 
Initialization Error!
Please contact us on support@eyesee.be and inform us about this error.
