

***************
Logging from: TestCalibrationMediaDialog testcalibration_main
Time: Sat Dec 03 02:17:59 2016

H(0,0) = 0.629987
H(0,1) = -0.605724
H(0,2) = 245.88
H(1,0) = -0.0128006
H(1,1) = 0.54123
H(1,2) = 31.356
H(2,0) = -0.000253706
H(2,1) = -0.000420375
H(2,2) = 1
---------------



***************
Logging from: TestCalibrationMediaDialog cal2
Time: Sat Dec 03 02:19:25 2016

H(0,0) = -8.86105
H(0,1) = 10.6815
H(0,2) = 2753.24
H(1,0) = -6.11968
H(1,1) = 15.6004
H(1,2) = 1609.33
H(2,0) = -0.0119371
H(2,1) = 0.0336126
H(2,2) = 1
---------------

