
CALIBRATION: calibration_main
Start time: 03.12.2016 02-16-49
End time: 03.12.2016 02-16-59
Image quality on start: 0.750000059604645
Image quality minimum value: 0.565625011920929
Image quality mean value: 0.586315166950226
Head movement maximum value: 492.659111353885
Head movement mean value: 49.2659111353885
Head size ratio maximum value: ∞
Head size ratio mean value: ∞
Calibration reprojection error mean value: 999999
Calibration reprojection error outliers count: 999999
Error: 
Sorry, but we have lost your eyes. This is probably due to excessive head movements. Please try to recalibrate again and give your best to keep your head still.

CALIBRATION: calibration_main
Start time: 03.12.2016 02-17-08
End time: 03.12.2016 02-17-40
Image quality on start: 0.819444417953491
Image quality minimum value: 0.618055641651154
Image quality mean value: 0.765352677188668
Head movement maximum value: 19.1049731745428
Head movement mean value: 9.38558714337603
Head size ratio maximum value: 0.165527232672023
Head size ratio mean value: 0.0782481674797765
Calibration reprojection error mean value: 106.730548328824
Calibration reprojection error outliers count: 0
Error: no error

TEST CALIBRATION: testcalibration_main
Start time: 03.12.2016 02-17-43
End time: 03.12.2016 02-17-59
Image quality minimum value: 0.673611164093018
Image quality mean value: 0.76723486401818
Head movement maximum value: 14.2126704035519
Head movement mean value: 10.5000794336014
Head size ratio maximum value: 0.152835813747441
Head size ratio mean value: 0.0964470557758474
Calibration maximum distance: 262.937254872717
Calibration corrected maximum distance: 67.2681202353686
Calibration without correction was successful: True
Calibration with correction was successful: True
Error: no error

CLICKTASK: t1
Start time: 03.12.2016 02-18-14
End time: 03.12.2016 02-18-36
Image quality minimum value: 0.625
Image quality mean value: 0.704173226682645
Head movement maximum value: 25.6124969497314
Head movement mean value: 13.7446332152342
Head size ratio maximum value: 0.0775733049173262
Head size ratio mean value: 0.0628895049104137
Error: no error

SURVEYTASK: Survey
Start time: 03.12.2016 02-18-39
End time: 03.12.2016 02-19-03
Error: no error

TEST CALIBRATION: cal2
Start time: 03.12.2016 02-19-09
End time: 03.12.2016 02-19-25
Image quality minimum value: 0.541666746139526
Image quality mean value: 0.626827502721234
Head movement maximum value: 33.6005952328229
Head movement mean value: 28.0785494180555
Head size ratio maximum value: 0.135810155529747
Head size ratio mean value: 0.112188719424908
Calibration maximum distance: 489.604942785507
Calibration corrected maximum distance: 269.903686525397
Calibration without correction was successful: False
Calibration with correction was successful: True
Error: no error

CLICKTASK: t2
Start time: 03.12.2016 02-19-33
End time: 03.12.2016 02-19-47
Image quality minimum value: 0.625
Image quality mean value: 0.724442855216736
Head movement maximum value: 28.3196045170126
Head movement mean value: 24.1637641297413
Head size ratio maximum value: 0.0775733049173262
Head size ratio mean value: 0.0752886824452731
Error: no error

CLICKTASK: t3
Start time: 03.12.2016 02-19-54
End time: 03.12.2016 02-20-15
Image quality minimum value: 0.638888835906982
Image quality mean value: 0.730620177679284
Head movement maximum value: 27.5862284482674
Head movement mean value: 22.0114507305276
Head size ratio maximum value: 0.0632535529986471
Head size ratio mean value: 0.100401709304135
Error: no error

CLICKTASK: t4
Start time: 03.12.2016 02-20-22
End time: 03.12.2016 02-20-39
Image quality minimum value: 0.597222208976746
Image quality mean value: 0.713953138086837
Head movement maximum value: 28.3196045170126
Head movement mean value: 22.9110103666393
Head size ratio maximum value: 0.0632535529986471
Head size ratio mean value: 0.0288824249870216
Error: no error
