
CALIBRATION: calibration_main
Start time: 08.12.2016 04-47-30
End time: 08.12.2016 04-48-02
Image quality on start: 0.569444477558136
Image quality minimum value: 0.465277820825577
Image quality mean value: 0.643481942740354
Head movement maximum value: 61.6116872029975
Head movement mean value: 38.7052893599674
Head size ratio maximum value: 0.163737880886427
Head size ratio mean value: 0.137216423638688
Calibration reprojection error mean value: 220.499581654867
Calibration reprojection error outliers count: 2
Error: no error

TEST CALIBRATION: testcalibration_main
Start time: 08.12.2016 04-48-10
End time: 08.12.2016 04-48-26
Image quality minimum value: 0.597222208976746
Image quality mean value: 0.683592123749815
Head movement maximum value: 71.0633520177595
Head movement mean value: 56.6230784060773
Head size ratio maximum value: 0.139499653739612
Head size ratio mean value: 0.184831711039294
Calibration maximum distance: 418.294154871904
Calibration corrected maximum distance: 45.7055795281058
Calibration without correction was successful: True
Calibration with correction was successful: True
Error: no error

CLICKTASK: c1
Start time: 08.12.2016 04-48-29
End time: 08.12.2016 04-48-32
Image quality minimum value: 0.618055641651154
Image quality mean value: 0.664555517526773
Head movement maximum value: 66.0302960768767
Head movement mean value: 25.3962677218757
Head size ratio maximum value: 0.0962495671745153
Head size ratio mean value: 0.652403679682506
Error: no error

CLICKTASK: c2
Start time: 08.12.2016 04-48-34
End time: 08.12.2016 04-48-38
Image quality minimum value: 0
Image quality mean value: 0.656278997659683
Head movement maximum value: 73.9256383131049
Head movement mean value: 53.0048082561482
Head size ratio maximum value: 0.193548736149584
Head size ratio mean value: 0.363507882232995
Error: no error

CLICKTASK: c3
Start time: 08.12.2016 04-48-41
End time: 08.12.2016 04-48-51
Image quality minimum value: 0.629370629787445
Image quality mean value: 0.673010833041612
Head movement maximum value: 83.815273071201
Head movement mean value: 64.7849904303342
Head size ratio maximum value: 0.193548736149584
Head size ratio mean value: 0.309554270276364
Error: no error

CLICKTASK: c4
Start time: 08.12.2016 04-48-53
End time: 08.12.2016 04-48-59
Image quality minimum value: 0
Image quality mean value: 0.251617762350267
Head movement maximum value: 87.9204185613331
Head movement mean value: 76.5758484243868
Head size ratio maximum value: 0.21117555401662
Head size ratio mean value: 0.312959353498346
Error: no error
