
CALIBRATION: calibration_main
Start time: 07.12.2016 11-57-53
End time: 07.12.2016 11-58-25
Image quality on start: 0.958333373069763
Image quality minimum value: 0.871165633201599
Image quality mean value: 0.907907172444869
Head movement maximum value: 18.4390889145858
Head movement mean value: 12.0186045082447
Head size ratio maximum value: 0.0832956088727931
Head size ratio mean value: 0.0479354860282311
Calibration reprojection error mean value: 120.54064602322
Calibration reprojection error outliers count: 0
Error: no error

TEST CALIBRATION: testcalibration_main
Start time: 07.12.2016 11-58-26
End time: 07.12.2016 11-58-42
Image quality minimum value: 0.854037284851074
Image quality mean value: 0.868784057400214
Head movement maximum value: 23.0217288664427
Head movement mean value: 19.682380965563
Head size ratio maximum value: 0.0832956088727931
Head size ratio mean value: 0.077707502497
Calibration maximum distance: 471.220755060725
Calibration corrected maximum distance: 218.009174118889
Calibration without correction was successful: True
Calibration with correction was successful: True
Error: no error

CLICKTASK: c1
Start time: 07.12.2016 11-58-53
End time: 07.12.2016 11-58-58
Image quality minimum value: 0.844936728477478
Image quality mean value: 0.867989060633323
Head movement maximum value: 21.9544984001002
Head movement mean value: 18.1851422259522
Head size ratio maximum value: 0.0504119511090991
Head size ratio mean value: 0.137485686895854
Error: no error

CLICKTASK: c2
Start time: 07.12.2016 11-59-05
End time: 07.12.2016 11-59-17
Image quality minimum value: 0.833333313465118
Image quality mean value: 0.860148949315771
Head movement maximum value: 25.8069758011279
Head movement mean value: 22.2671636216585
Head size ratio maximum value: 0.107578089633318
Head size ratio mean value: 0.0422457842915347
Error: no error

CLICKTASK: c3
Start time: 07.12.2016 11-59-22
End time: 07.12.2016 12-00-00
Image quality minimum value: 0.692913413047791
Image quality mean value: 0.827325529948797
Head movement maximum value: 33.4215499341368
Head movement mean value: 26.2164572294537
Head size ratio maximum value: 0.131733816206428
Head size ratio mean value: 0.0321724113931242
Error: no error

CLICKTASK: c4
Start time: 07.12.2016 12-00-07
End time: 07.12.2016 12-00-16
Image quality minimum value: 0
Image quality mean value: 0.648354997930601
Head movement maximum value: 76.1642960973185
Head movement mean value: 36.2756413121922
Head size ratio maximum value: 0.149913988229968
Head size ratio mean value: 0.0895784335400283
Error: no error
