

***************
Logging from: TestCalibrationMediaDialog testcalibration_main
Time: Mon Dec 19 15:18:35 2016

H(0,0) = -0.157838
H(0,1) = -0.215905
H(0,2) = 223.347
H(1,0) = -0.132979
H(1,1) = -0.101835
H(1,2) = 156.539
H(2,0) = -0.000689497
H(2,1) = -0.00113549
H(2,2) = 1
---------------



***************
Logging from: TestCalibrationMediaDialog testcalibration_main
Time: Mon Dec 19 15:20:27 2016

H(0,0) = 1.0463
H(0,1) = -0.587371
H(0,2) = 57.5198
H(1,0) = 0.0645309
H(1,1) = 0.774811
H(1,2) = -16.4339
H(2,0) = 6.62015e-005
H(2,1) = -0.000746519
H(2,2) = 1
---------------

