
CALIBRATION: calibration_main
Start time: 16.12.2016 22-01-05
End time: 16.12.2016 22-01-38
Image quality on start: 0.444444388151169
Image quality minimum value: 0.402777761220932
Image quality mean value: 0.50220114977232
Head movement maximum value: 17.0880074906351
Head movement mean value: 10.3439813427857
Head size ratio maximum value: 0.148959801785638
Head size ratio mean value: 0.0966093340931142
Calibration reprojection error mean value: 61.9741831885444
Calibration reprojection error outliers count: 0
Error: no error

TEST CALIBRATION: testcalibration_main
Start time: 16.12.2016 22-01-42
End time: 16.12.2016 22-01-59
Image quality minimum value: 0.402777761220932
Image quality mean value: 0.482994328333637
Head movement maximum value: 27.2029410174709
Head movement mean value: 18.9946735146416
Head size ratio maximum value: 0.155976333888675
Head size ratio mean value: 0.132160286961439
Calibration maximum distance: 250.199920063936
Calibration corrected maximum distance: 97.86214794291
Calibration without correction was successful: True
Calibration with correction was successful: True
Error: no error

VIDEOTASK: 1
Start time: 16.12.2016 22-02-04
End time: 16.12.2016 22-03-32
Image quality minimum value: 0.284722238779068
Image quality mean value: 0.39771812557309
Head movement maximum value: 41.8688428309166
Head movement mean value: 34.5286707912815
Head size ratio maximum value: 0.241840745012602
Head size ratio mean value: 0.175840039194482
Error: no error
