
CALIBRATION: calibration_main
Start time: 15.03.2017 19-49-11
End time: 15.03.2017 19-49-42
Image quality on start: 0.692913413047791
Image quality minimum value: 0.732283473014832
Image quality mean value: 0.74591825113577
Head movement maximum value: 5.65685424949238
Head movement mean value: 3.79406326528748
Head size ratio maximum value: 0.11081553875291
Head size ratio mean value: 0.10948333706106
Calibration reprojection error mean value: 50.1604172388713
Calibration reprojection error outliers count: 0
Error: no error

TEST CALIBRATION: testcalibration_main
Start time: 15.03.2017 19-49-45
End time: 15.03.2017 19-50-01
Image quality minimum value: 0.614173233509064
Image quality mean value: 0.739600933050808
Head movement maximum value: 9
Head movement mean value: 6.83097945435214
Head size ratio maximum value: 0.146308317309777
Head size ratio mean value: 0.147560250064463
Calibration maximum distance: 220.336106891267
Calibration corrected maximum distance: 25.5538646783613
Calibration without correction was successful: True
Calibration with correction was successful: True
Error: no error

CLICKTASK: filler
Start time: 15.03.2017 19-50-13
End time: 15.03.2017 19-50-22
Image quality minimum value: 0.464566916227341
Image quality mean value: 0.485317282816943
Head movement maximum value: 16.2788205960997
Head movement mean value: 13.4940695000301
Head size ratio maximum value: 0.248449449898076
Head size ratio mean value: 0.301105306440407
Error: no error

CLICKTASK: full_shelf
Start time: 15.03.2017 19-50-27
End time: 15.03.2017 19-50-32
Image quality minimum value: 0.480314970016479
Image quality mean value: 0.631633018669875
Head movement maximum value: 11.4017542509914
Head movement mean value: 9.46388778070411
Head size ratio maximum value: 0.146308317309777
Head size ratio mean value: 0.180024414053292
Error: no error

CLICKTASK: 3row_shelf
Start time: 15.03.2017 19-50-36
End time: 15.03.2017 19-50-51
Image quality minimum value: 0.417322844266891
Image quality mean value: 0.463013555322375
Head movement maximum value: 14.422205101856
Head movement mean value: 11.9628561085398
Head size ratio maximum value: 0.215125272882361
Head size ratio mean value: 0.200798045367144
Error: no error

CLICKTASK: pack
Start time: 15.03.2017 19-50-55
End time: 15.03.2017 19-51-02
Image quality minimum value: 0.622047245502472
Image quality mean value: 0.634310053020227
Head movement maximum value: 9.4339811320566
Head movement mean value: 8.24652167256817
Head size ratio maximum value: 0.139267590972835
Head size ratio mean value: 0.103098635345266
Error: no error
