

***************
Logging from: TestCalibrationMediaDialog testcalibration_main
Time: Sat Dec 10 21:10:07 2016

H(0,0) = 0.594692
H(0,1) = -1.66141
H(0,2) = 502.127
H(1,0) = 0.461857
H(1,1) = -1.41344
H(1,2) = 439.803
H(2,0) = 0.00100681
H(2,1) = -0.00311085
H(2,2) = 1
---------------



***************
Logging from: TestCalibrationMediaDialog testcalibration_main
Time: Sat Dec 10 21:11:19 2016

H(0,0) = 1.0779
H(0,1) = -0.840277
H(0,2) = 235.413
H(1,0) = 0.194241
H(1,1) = 1.19183
H(1,2) = -532.761
H(2,0) = 0.000324813
H(2,1) = -0.000745052
H(2,2) = 1
---------------



***************
Logging from: TestCalibrationMediaDialog cal2
Time: Sat Dec 10 21:12:44 2016

H(0,0) = -0.567583
H(0,1) = -0.266255
H(0,2) = 549.757
H(1,0) = -0.320473
H(1,1) = -0.355102
H(1,2) = 435.516
H(2,0) = -0.000777893
H(2,1) = -0.000768518
H(2,2) = 1
---------------

