
CALIBRATION: calibration_main
Start time: 10.12.2016 21-09-13
End time: 10.12.2016 21-09-48
Image quality on start: 0.430555522441864
Image quality minimum value: 0.20833332836628
Image quality mean value: 0.399661114337917
Head movement maximum value: 26
Head movement mean value: 19.6849692412841
Head size ratio maximum value: 0.100885207100592
Head size ratio mean value: 0.054415902850292
Calibration reprojection error mean value: 83.9193727705214
Calibration reprojection error outliers count: 0
Error: no error

TEST CALIBRATION: testcalibration_main
Start time: 10.12.2016 21-09-51
End time: 10.12.2016 21-10-10
Image quality minimum value: 0.375000029802322
Image quality mean value: 0.450408999905264
Head movement maximum value: 36.0555127546399
Head movement mean value: 29.5812672563026
Head size ratio maximum value: 0.0605917159763314
Head size ratio mean value: 0.0778265509855884
Calibration maximum distance: 595.460326134328
Calibration corrected maximum distance: 382.498366009582
Calibration without correction was successful: False
Calibration with correction was successful: False
Error: 
Calibration not accurate enough. 
We need some further fine tuning of the calibration, it doesn't always get right from the first time. Please try again, give your best to keep your head still and focus at the red dot.

CALIBRATION: calibration_main
Start time: 10.12.2016 21-10-27
End time: 10.12.2016 21-11-00
Image quality on start: 0.493055552244186
Image quality minimum value: 0.409722298383713
Image quality mean value: 0.553699737093572
Head movement maximum value: 27.0185121722126
Head movement mean value: 18.5668947983196
Head size ratio maximum value: 0.117720911716972
Head size ratio mean value: 0.0868920622674095
Calibration reprojection error mean value: 52.1626504792107
Calibration reprojection error outliers count: 0
Error: no error

TEST CALIBRATION: testcalibration_main
Start time: 10.12.2016 21-11-03
End time: 10.12.2016 21-11-19
Image quality minimum value: 0.50000011920929
Image quality mean value: 0.585049040177289
Head movement maximum value: 37.8021163428716
Head movement mean value: 30.2123814511686
Head size ratio maximum value: 0.135634741601935
Head size ratio mean value: 0.133047368525338
Calibration maximum distance: 335.836269631498
Calibration corrected maximum distance: 100.881118153994
Calibration without correction was successful: False
Calibration with correction was successful: True
Error: no error

CLICKTASK: t1
Start time: 10.12.2016 21-11-27
End time: 10.12.2016 21-11-40
Image quality minimum value: 0.50000011920929
Image quality mean value: 0.599053052338687
Head movement maximum value: 37.0135110466435
Head movement mean value: 31.2490113715392
Head size ratio maximum value: 0.165082832324511
Head size ratio mean value: 0.176472149353367
Error: no error

SURVEYTASK: Survey
Start time: 10.12.2016 21-11-44
End time: 10.12.2016 21-12-22
Error: no error

TEST CALIBRATION: cal2
Start time: 10.12.2016 21-12-27
End time: 10.12.2016 21-12-44
Image quality minimum value: 0.493055552244186
Image quality mean value: 0.617304718664714
Head movement maximum value: 63.1347764706584
Head movement mean value: 50.4303540354141
Head size ratio maximum value: 0.14747522175382
Head size ratio mean value: 0.149361416074764
Calibration maximum distance: 668.371154374574
Calibration corrected maximum distance: 259.478322794025
Calibration without correction was successful: False
Calibration with correction was successful: True
Error: no error

CLICKTASK: t2
Start time: 10.12.2016 21-12-47
End time: 10.12.2016 21-12-59
Image quality minimum value: 0.527777850627899
Image quality mean value: 0.614016177240482
Head movement maximum value: 57.6888204074238
Head movement mean value: 49.9082434989287
Head size ratio maximum value: 0.14747522175382
Head size ratio mean value: 0.18884722262878
Error: no error

CLICKTASK: t3
Start time: 10.12.2016 21-13-02
End time: 10.12.2016 21-13-16
Image quality minimum value: 0.479166686534882
Image quality mean value: 0.616244654737267
Head movement maximum value: 48.2700735445887
Head movement mean value: 42.160649352246
Head size ratio maximum value: 0.129683879594566
Head size ratio mean value: 0.160405682549842
Error: no error

CLICKTASK: t4
Start time: 10.12.2016 21-13-21
End time: 10.12.2016 21-13-36
Image quality minimum value: 0.479166686534882
Image quality mean value: 0.588763591714371
Head movement maximum value: 45
Head movement mean value: 37.2245109885796
Head size ratio maximum value: 0.129683879594566
Head size ratio mean value: 0.122233310414212
Error: no error
