
CALIBRATION: calibration_main
Start time: 19.12.2016 20-26-23
End time: 19.12.2016 20-27-04
Image quality on start: 0.582677185535431
Image quality minimum value: 0.582677185535431
Image quality mean value: 0.610435569588142
Head movement maximum value: 10.770329614269
Head movement mean value: 6.31264264544306
Head size ratio maximum value: 0.0415754537108961
Head size ratio mean value: 0.0749625241012266
Calibration reprojection error mean value: 69.3652937147352
Calibration reprojection error outliers count: 0
Error: no error

TEST CALIBRATION: testcalibration_main
Start time: 19.12.2016 20-27-11
End time: 19.12.2016 20-27-30
Image quality minimum value: 0.582677185535431
Image quality mean value: 0.598582689762115
Head movement maximum value: 18
Head movement mean value: 13.9850718491863
Head size ratio maximum value: 0.0822682013982063
Head size ratio mean value: 0.204338676647129
Calibration maximum distance: 530.924665089125
Calibration corrected maximum distance: 191.755052084684
Calibration without correction was successful: False
Calibration with correction was successful: True
Error: no error

VIDEOTASK: 1
Start time: 19.12.2016 20-27-57
End time: 19.12.2016 20-37-02
Image quality minimum value: 0.433070868253708
Image quality mean value: 0.475309883048913
Head movement maximum value: 59
Head movement mean value: 34.8100245015555
Head size ratio maximum value: 0.258085587176047
Head size ratio mean value: 0.182896936081669
Error: no error
