
CALIBRATION: calibration_main
Start time: 07.12.2016 16-46-11
End time: 07.12.2016 16-46-43
Image quality on start: 0.401574790477753
Image quality minimum value: 0.401574790477753
Image quality mean value: 0.414259766877353
Head movement maximum value: 14.3178210632764
Head movement mean value: 7.88837495091495
Head size ratio maximum value: 0.141427423478706
Head size ratio mean value: 0.081170973084188
Calibration reprojection error mean value: 96.2121473948161
Calibration reprojection error outliers count: 0
Error: no error

TEST CALIBRATION: testcalibration_main
Start time: 07.12.2016 16-46-46
End time: 07.12.2016 16-47-02
Image quality minimum value: 0.409448832273483
Image quality mean value: 0.418989864824054
Head movement maximum value: 19.1049731745428
Head movement mean value: 14.3528599164238
Head size ratio maximum value: 0.141427423478706
Head size ratio mean value: 0.11765216893422
Calibration maximum distance: 292.063349292581
Calibration corrected maximum distance: 186.118241986109
Calibration without correction was successful: True
Calibration with correction was successful: True
Error: no error

CLICKTASK: c1
Start time: 07.12.2016 16-47-04
End time: 07.12.2016 16-47-18
Image quality minimum value: 0.37007874250412
Image quality mean value: 0.381581332139705
Head movement maximum value: 21.095023109729
Head movement mean value: 17.7581343071192
Head size ratio maximum value: 0.123237636058149
Head size ratio mean value: 0.120314235285285
Error: no error

CLICKTASK: c2
Start time: 07.12.2016 16-47-23
End time: 07.12.2016 16-47-34
Image quality minimum value: 0.37007874250412
Image quality mean value: 0.390753783852036
Head movement maximum value: 23.1948270094864
Head movement mean value: 19.6986440206703
Head size ratio maximum value: 0.123237636058149
Head size ratio mean value: 0.055250534107934
Error: no error

CLICKTASK: c3
Start time: 07.12.2016 16-47-40
End time: 07.12.2016 16-47-56
Image quality minimum value: 0.393700778484344
Image quality mean value: 0.404472165164493
Head movement maximum value: 24.3310501211929
Head movement mean value: 21.8816613456785
Head size ratio maximum value: 0.159763313609467
Head size ratio mean value: 0.0784032365228945
Error: no error

CLICKTASK: c4
Start time: 07.12.2016 16-48-02
End time: 07.12.2016 16-48-14
Image quality minimum value: 0.393700778484344
Image quality mean value: 0.413414148761214
Head movement maximum value: 27.1661554144122
Head movement mean value: 23.8576024004664
Head size ratio maximum value: 0.159763313609467
Head size ratio mean value: 0.176280277553105
Error: no error
