
CALIBRATION: calibration_main
Start time: 19.03.2017 09-39-35
End time: 19.03.2017 09-40-07
Image quality on start: 0.541666746139526
Image quality minimum value: 0.465277820825577
Image quality mean value: 0.578631918795787
Head movement maximum value: 8.06225774829855
Head movement mean value: 4.72183440769605
Head size ratio maximum value: 0.0842397263277926
Head size ratio mean value: 0.04115931494873
Calibration reprojection error mean value: 35.3977752791511
Calibration reprojection error outliers count: 0
Error: no error

TEST CALIBRATION: testcalibration_main
Start time: 19.03.2017 09-40-15
End time: 19.03.2017 09-40-31
Image quality minimum value: 0.437500059604645
Image quality mean value: 0.556951280464144
Head movement maximum value: 7.81024967590665
Head movement mean value: 3.27453679769787
Head size ratio maximum value: 0.0879457041357836
Head size ratio mean value: 0.0606823230147285
Calibration maximum distance: 154.301652615907
Calibration corrected maximum distance: 8.54400374531753
Calibration without correction was successful: True
Calibration with correction was successful: True
Error: no error

CLICKTASK: filler
Start time: 19.03.2017 09-40-45
End time: 19.03.2017 09-40-55
Image quality minimum value: 0.520833313465118
Image quality mean value: 0.587308799443038
Head movement maximum value: 8.48528137423857
Head movement mean value: 5.39985003779642
Head size ratio maximum value: 0.0604907679487743
Head size ratio mean value: 0.0853336269894086
Error: no error

CLICKTASK: full_shelf
Start time: 19.03.2017 09-41-04
End time: 19.03.2017 09-41-18
Image quality minimum value: 0.493055552244186
Image quality mean value: 0.586271395668005
Head movement maximum value: 9.8488578017961
Head movement mean value: 6.95600642494104
Head size ratio maximum value: 0.0778913205561159
Head size ratio mean value: 0.0259116690413563
Error: no error

CLICKTASK: 3row_shelf
Start time: 19.03.2017 09-41-24
End time: 19.03.2017 09-41-38
Image quality minimum value: 0.479166686534882
Image quality mean value: 0.565523683454431
Head movement maximum value: 12.0415945787923
Head movement mean value: 8.891835023561
Head size ratio maximum value: 0.0604907679487743
Head size ratio mean value: 0.0542917722277354
Error: no error

CLICKTASK: pack
Start time: 19.03.2017 09-41-43
End time: 19.03.2017 09-41-49
Image quality minimum value: 0.534722208976746
Image quality mean value: 0.61093075399275
Head movement maximum value: 10
Head movement mean value: 6.8794365216423
Head size ratio maximum value: 0.0715209859216701
Head size ratio mean value: 0.123968987461817
Error: no error
