
CALIBRATION: calibration_main
Start time: 19.03.2017 20-01-25
End time: 19.03.2017 20-01-56
Image quality on start: 0.716535449028015
Image quality minimum value: 0.732283473014832
Image quality mean value: 0.784811664063024
Head movement maximum value: 23.5372045918796
Head movement mean value: 12.5494504753372
Head size ratio maximum value: 0.102493074792244
Head size ratio mean value: 0.0428826571551889
Calibration reprojection error mean value: 109.845657136705
Calibration reprojection error outliers count: 0
Error: no error

TEST CALIBRATION: testcalibration_main
Start time: 19.03.2017 20-01-58
End time: 19.03.2017 20-02-14
Image quality minimum value: 0.74015748500824
Image quality mean value: 0.799729556346983
Head movement maximum value: 39.2173431022552
Head movement mean value: 28.6182838373277
Head size ratio maximum value: 0.116682684153994
Head size ratio mean value: 0.0906288086739214
Calibration maximum distance: 371.436401016379
Calibration corrected maximum distance: 84.1189633792524
Calibration without correction was successful: False
Calibration with correction was successful: True
Error: no error

CLICKTASK: filler
Start time: 19.03.2017 20-02-16
End time: 19.03.2017 20-02-20
Image quality minimum value: 0.401574790477753
Image quality mean value: 0.434580948663085
Head movement maximum value: 30.4138126514911
Head movement mean value: 19.540391112632
Head size ratio maximum value: 0.109602012550172
Head size ratio mean value: 0.167686635994663
Error: no error

CLICKTASK: full_shelf
Start time: 19.03.2017 20-02-22
End time: 19.03.2017 20-02-28
Image quality minimum value: 0.4251968562603
Image quality mean value: 0.657662183723666
Head movement maximum value: 33.3016516106934
Head movement mean value: 29.6764546722334
Head size ratio maximum value: 0.137755102040816
Head size ratio mean value: 0.129095487351325
Error: no error

CLICKTASK: 3row_shelf
Start time: 19.03.2017 20-02-35
End time: 19.03.2017 20-02-47
Image quality minimum value: 0.354330718517303
Image quality mean value: 0.40332928748541
Head movement maximum value: 66.6108099335236
Head movement mean value: 57.3335220824085
Head size ratio maximum value: 0.258847306235514
Head size ratio mean value: 0.196581173201417
Error: no error

CLICKTASK: pack
Start time: 19.03.2017 20-02-53
End time: 19.03.2017 20-02-59
Image quality minimum value: 0.653543293476105
Image quality mean value: 0.667719743016994
Head movement maximum value: 37.0135110466435
Head movement mean value: 33.4210672018183
Head size ratio maximum value: 0.165455933065747
Head size ratio mean value: 0.155214805640211
Error: no error
