

***************
Logging from: TestCalibrationMediaDialog testcalibration_main
Time: Mon Dec 19 11:40:28 2016

H(0,0) = -0.483486
H(0,1) = -0.806012
H(0,2) = 779.319
H(1,0) = -0.480419
H(1,1) = -0.199123
H(1,2) = 457.844
H(2,0) = -0.000875167
H(2,1) = -0.000678245
H(2,2) = 1
---------------



***************
Logging from: TestCalibrationMediaDialog testcalibration_main
Time: Mon Dec 19 11:41:42 2016

H(0,0) = -0.436358
H(0,1) = -2.47185
H(0,2) = 1389.01
H(1,0) = 0.171894
H(1,1) = -0.579988
H(1,2) = 84.4363
H(2,0) = -2.2201e-005
H(2,1) = -0.00242386
H(2,2) = 1
---------------

