
CALIBRATION: calibration_main
Start time: 19.12.2016 11-39-36
End time: 19.12.2016 11-40-08
Image quality on start: 0.74015748500824
Image quality minimum value: 0.737500011920929
Image quality mean value: 0.745468259148481
Head movement maximum value: 8.06225774829855
Head movement mean value: 4.0098452633601
Head size ratio maximum value: 0.097903207885589
Head size ratio mean value: 0.0388806449452407
Calibration reprojection error mean value: 243.215889824761
Calibration reprojection error outliers count: 2
Error: no error

TEST CALIBRATION: testcalibration_main
Start time: 19.12.2016 11-40-12
End time: 19.12.2016 11-40-38
Image quality minimum value: 0.74050635099411
Image quality mean value: 0.74837274232296
Head movement maximum value: 13.4536240470737
Head movement mean value: 9.86450389467935
Head size ratio maximum value: 0.0647608768114791
Head size ratio mean value: 0.0463548838971448
Calibration maximum distance: 644.049687524185
Calibration corrected maximum distance: 529.298592478763
Calibration without correction was successful: False
Calibration with correction was successful: False
Error: 
Calibration not accurate enough. 
We need some further fine tuning of the calibration, it doesn't always get right from the first time. Please try again, give your best to keep your head still and focus at the red dot.

CALIBRATION: calibration_main
Start time: 19.12.2016 11-40-49
End time: 19.12.2016 11-41-21
Image quality on start: 0.75
Image quality minimum value: 0.737179458141327
Image quality mean value: 0.749004718806686
Head movement maximum value: 23.5372045918796
Head movement mean value: 18.9533166214197
Head size ratio maximum value: 0.101296
Head size ratio mean value: 0.0437532878048782
Calibration reprojection error mean value: 197.397052341037
Calibration reprojection error outliers count: 2
Error: no error

TEST CALIBRATION: testcalibration_main
Start time: 19.12.2016 11-41-26
End time: 19.12.2016 11-41-42
Image quality minimum value: 0.74050635099411
Image quality mean value: 0.748716326680918
Head movement maximum value: 24.0831891575846
Head movement mean value: 19.4117537456379
Head size ratio maximum value: 0.086064
Head size ratio mean value: 0.0481776430317846
Calibration maximum distance: 654.027522356667
Calibration corrected maximum distance: 357.737333807921
Calibration without correction was successful: False
Calibration with correction was successful: False
Error: 
Calibration not accurate enough. 
We need some further fine tuning of the calibration, it doesn't always get right from the first time. Please try again, give your best to keep your head still and focus at the red dot.

VIDEOTASK: 1
Start time: 19.12.2016 11-41-52
End time: 19.12.2016 11-43-18
Image quality minimum value: 1000
Image quality mean value: 0
Head movement maximum value: 0
Head movement mean value: 0
Head size ratio maximum value: 0
Head size ratio mean value: 0
Error: no error
