

***************
Logging from: TestCalibrationMediaDialog testcalibration_main
Time: Sat Mar 18 19:34:00 2017

H(0,0) = 2.82073
H(0,1) = -9.19979
H(0,2) = 216.617
H(1,0) = 2.59394
H(1,1) = -23.8183
H(1,2) = 596.102
H(2,0) = 0.00364575
H(2,1) = -0.0318257
H(2,2) = 1
---------------



***************
Logging from: TestCalibrationMediaDialog testcalibration_main_3row_shelf
Time: Sat Mar 18 19:37:46 2017

H(0,0) = 4.67821
H(0,1) = -8.61322
H(0,2) = 798.25
H(1,0) = 1.18622
H(1,1) = -1.95262
H(1,2) = 179.112
H(2,0) = 0.00267856
H(2,1) = -0.0056183
H(2,2) = 1
---------------

