
CALIBRATION: calibration_main
Start time: 18.03.2017 19-33-03
End time: 18.03.2017 19-33-36
Image quality on start: 0.74015748500824
Image quality minimum value: 0.74015748500824
Image quality mean value: 0.776376687987297
Head movement maximum value: 6
Head movement mean value: 3.35580477735384
Head size ratio maximum value: 0.0933039576124568
Head size ratio mean value: 0.0658764780600945
Calibration reprojection error mean value: 154.817737791273
Calibration reprojection error outliers count: 1
Error: no error

TEST CALIBRATION: testcalibration_main
Start time: 18.03.2017 19-33-44
End time: 18.03.2017 19-34-00
Image quality minimum value: 0.724409461021423
Image quality mean value: 0.77067986483215
Head movement maximum value: 17.0293863659264
Head movement mean value: 13.5003094173475
Head size ratio maximum value: 0.141652249134948
Head size ratio mean value: 0.120227390054694
Calibration maximum distance: 1022.99364611908
Calibration corrected maximum distance: 333.286663399543
Calibration without correction was successful: False
Calibration with correction was successful: True
Error: no error

CLICKTASK: filler
Start time: 18.03.2017 19-34-18
End time: 18.03.2017 19-35-02
Image quality minimum value: 0
Image quality mean value: 0.604478353727609
Head movement maximum value: 21.5870331449229
Head movement mean value: 17.5791810246288
Head size ratio maximum value: 0.208423442906574
Head size ratio mean value: 0.113448980522816
Error: no error

CLICKTASK: full_shelf
Start time: 18.03.2017 19-35-13
End time: 18.03.2017 19-36-00
Image quality minimum value: 0.606299221515656
Image quality mean value: 0.67558134966272
Head movement maximum value: 20.0997512422418
Head movement mean value: 16.2838891692955
Head size ratio maximum value: 0.201867971453287
Head size ratio mean value: 0.108434602832729
Error: no error

CLICKTASK: 3row_shelf
Start time: 18.03.2017 19-36-07
End time: 18.03.2017 19-36-20
Image quality minimum value: 0
Image quality mean value: 0.423339782458431
Head movement maximum value: 19.1049731745428
Head movement mean value: 16.513067052656
Head size ratio maximum value: 0.155222750865052
Head size ratio mean value: 0.099572778612
Error: 
Your face is not detected properly! Please try to set your position again and repeat calibration.

CALIBRATION: calibration_main_3row_shelf
Start time: 18.03.2017 19-36-52
End time: 18.03.2017 19-37-23
Image quality on start: 0.50000011920929
Image quality minimum value: 0.458333283662796
Image quality mean value: 0.544444465201075
Head movement maximum value: 24.4131112314674
Head movement mean value: 11.2027272073836
Head size ratio maximum value: 0.118454110275948
Head size ratio mean value: 0.0588712164558811
Calibration reprojection error mean value: 102.653717676799
Calibration reprojection error outliers count: 0
Error: no error

TEST CALIBRATION: testcalibration_main_3row_shelf
Start time: 18.03.2017 19-37-30
End time: 18.03.2017 19-37-46
Image quality minimum value: 0.465277820825577
Image quality mean value: 0.546527800295088
Head movement maximum value: 21.6333076527839
Head movement mean value: 19.2303444311357
Head size ratio maximum value: 0.0570403531807984
Head size ratio mean value: 0.0725932205921042
Calibration maximum distance: 738.407069305272
Calibration corrected maximum distance: 230.867927612304
Calibration without correction was successful: False
Calibration with correction was successful: True
Error: no error

CLICKTASK: 3row_shelf
Start time: 18.03.2017 19-37-49
End time: 18.03.2017 19-38-15
Image quality minimum value: 0.458333283662796
Image quality mean value: 0.535882786830266
Head movement maximum value: 22.8473193175917
Head movement mean value: 17.4533067088203
Head size ratio maximum value: 0.075681599652609
Head size ratio mean value: 0.0512856015412029
Error: no error

CLICKTASK: pack
Start time: 18.03.2017 19-38-27
End time: 18.03.2017 19-38-39
Image quality minimum value: 0.534722208976746
Image quality mean value: 0.579094549665203
Head movement maximum value: 19.7989898732233
Head movement mean value: 16.3695012188694
Head size ratio maximum value: 0.081853992411162
Head size ratio mean value: 0.0785620898884823
Error: no error
