
CALIBRATION: calibration_main
Start time: 18.03.2017 16-23-57
End time: 18.03.2017 16-24-29
Image quality on start: 0.811023592948914
Image quality minimum value: 0.787401556968689
Image quality mean value: 0.797042847209507
Head movement maximum value: 5.09901951359278
Head movement mean value: 3.18296167639014
Head size ratio maximum value: 0.0740495867768596
Head size ratio mean value: 0.0351550045913677
Calibration reprojection error mean value: 101.805780198839
Calibration reprojection error outliers count: 0
Error: no error

TEST CALIBRATION: testcalibration_main
Start time: 18.03.2017 16-24-32
End time: 18.03.2017 16-24-48
Image quality minimum value: 0.779527544975281
Image quality mean value: 0.789788560604486
Head movement maximum value: 5.8309518948453
Head movement mean value: 4.30157666055935
Head size ratio maximum value: 0.036694214876033
Head size ratio mean value: 0.0466112448753818
Calibration maximum distance: 254.503438090726
Calibration corrected maximum distance: 23.0217288664427
Calibration without correction was successful: True
Calibration with correction was successful: True
Error: no error

CLICKTASK: filler
Start time: 18.03.2017 16-24-57
End time: 18.03.2017 16-25-37
Image quality minimum value: 0.784722208976746
Image quality mean value: 0.846982903905617
Head movement maximum value: 9.89949493661167
Head movement mean value: 4.76665188006534
Head size ratio maximum value: 0.0626239669421488
Head size ratio mean value: 0.0353003715804981
Error: no error

CLICKTASK: full_shelf
Start time: 18.03.2017 16-25-46
End time: 18.03.2017 16-25-54
Image quality minimum value: 0.803149580955505
Image quality mean value: 0.849076385833015
Head movement maximum value: 18.1107702762748
Head movement mean value: 13.7123485867632
Head size ratio maximum value: 0.1025
Head size ratio mean value: 0.0724407485827471
Error: no error

CLICKTASK: 3row_shelf
Start time: 18.03.2017 16-26-02
End time: 18.03.2017 16-26-22
Image quality minimum value: 0.811023592948914
Image quality mean value: 0.881070817884852
Head movement maximum value: 20.0249843945008
Head movement mean value: 13.8538417626438
Head size ratio maximum value: 0.1025
Head size ratio mean value: 0.0547767917626337
Error: no error

CLICKTASK: pack
Start time: 18.03.2017 16-26-30
End time: 18.03.2017 16-26-46
Image quality minimum value: 0.818897664546967
Image quality mean value: 0.85978789375974
Head movement maximum value: 22.4722050542442
Head movement mean value: 16.4680427498015
Head size ratio maximum value: 0.1025
Head size ratio mean value: 0.0791331258273406
Error: no error
