
CALIBRATION: calibration_main
Start time: 15.03.2017 11-29-44
End time: 15.03.2017 11-29-55
Image quality on start: 0.642335772514343
Image quality minimum value: 1000
Image quality mean value: 0
Head movement maximum value: 0
Head movement mean value: 0
Head size ratio maximum value: 0
Head size ratio mean value: 0
Calibration reprojection error mean value: 999999
Calibration reprojection error outliers count: 999999
Error: 
Initialization Error!
Please contact us on support@eyesee.be and inform us about this error.

CALIBRATION: calibration_main
Start time: 15.03.2017 11-31-39
End time: 15.03.2017 11-31-45
Image quality on start: 0.71074378490448
Image quality minimum value: 1000
Image quality mean value: 0
Head movement maximum value: 0
Head movement mean value: 0
Head size ratio maximum value: 0
Head size ratio mean value: 0
Calibration reprojection error mean value: 999999
Calibration reprojection error outliers count: 999999
Error: 
Initialization Error!
Please contact us on support@eyesee.be and inform us about this error.

CALIBRATION: calibration_main
Start time: 15.03.2017 11-31-57
End time: 15.03.2017 11-32-02
Image quality on start: 0.735042750835419
Image quality minimum value: 1000
Image quality mean value: 0
Head movement maximum value: 0
Head movement mean value: 0
Head size ratio maximum value: 0
Head size ratio mean value: 0
Calibration reprojection error mean value: 999999
Calibration reprojection error outliers count: 999999
Error: 
Initialization Error!
Please contact us on support@eyesee.be and inform us about this error.

CALIBRATION: calibration_main
Start time: 15.03.2017 11-33-40
End time: 15.03.2017 11-34-14
Image quality on start: 0.590277910232544
Image quality minimum value: 0.590277910232544
Image quality mean value: 0.659904746768566
Head movement maximum value: 7.07106781186548
Head movement mean value: 3.36045942525067
Head size ratio maximum value: 0.078915364172785
Head size ratio mean value: 0.0895150361383583
Calibration reprojection error mean value: 68.5223897298177
Calibration reprojection error outliers count: 0
Error: no error

TEST CALIBRATION: testcalibration_main
Start time: 15.03.2017 11-34-18
End time: 15.03.2017 11-34-35
Image quality minimum value: 0.597222208976746
Image quality mean value: 0.653832788226985
Head movement maximum value: 4.24264068711928
Head movement mean value: 2.02395085977618
Head size ratio maximum value: 0.0724629521192739
Head size ratio mean value: 0.105321169952599
Calibration maximum distance: 155.900609363787
Calibration corrected maximum distance: 108.903627120496
Calibration without correction was successful: True
Calibration with correction was successful: True
Error: no error

CLICKTASK: filler
Start time: 15.03.2017 11-34-39
End time: 15.03.2017 11-34-59
Image quality minimum value: 0.562499940395355
Image quality mean value: 0.654889732599258
Head movement maximum value: 15.1327459504216
Head movement mean value: 9.32444835852412
Head size ratio maximum value: 0.0853452547182559
Head size ratio mean value: 0.0976965144570204
Error: no error

CLICKTASK: full_shelf
Start time: 15.03.2017 11-35-02
End time: 15.03.2017 11-35-09
Image quality minimum value: 0.618055641651154
Image quality mean value: 0.665035617351532
Head movement maximum value: 17.1172427686237
Head movement mean value: 14.9381814688835
Head size ratio maximum value: 0.0594905634881312
Head size ratio mean value: 0.0919456652531739
Error: no error

CLICKTASK: 3row_shelf
Start time: 15.03.2017 11-35-13
End time: 15.03.2017 11-35-24
Image quality minimum value: 0.541666746139526
Image quality mean value: 0.659983470104635
Head movement maximum value: 13.3416640641263
Head movement mean value: 9.17190000732178
Head size ratio maximum value: 0.117156884825008
Head size ratio mean value: 0.176338833273276
Error: no error

CLICKTASK: pack
Start time: 15.03.2017 11-35-27
End time: 15.03.2017 11-35-41
Image quality minimum value: 0.569444477558136
Image quality mean value: 0.646103575479153
Head movement maximum value: 24
Head movement mean value: 15.5296184836674
Head size ratio maximum value: 0.078915364172785
Head size ratio mean value: 0.0635965486574562
Error: no error
