

***************
Logging from: TestCalibrationMediaDialog testcalibration_main
Time: Sat Dec 03 18:01:31 2016

H(0,0) = 0.736989
H(0,1) = -0.318239
H(0,2) = 6.34053
H(1,0) = -0.0628476
H(1,1) = 0.61675
H(1,2) = 80.9687
H(2,0) = -9.50251e-005
H(2,1) = -0.000405987
H(2,2) = 1
---------------



***************
Logging from: TestCalibrationMediaDialog cal2
Time: Sat Dec 03 18:03:27 2016

H(0,0) = 0.508516
H(0,1) = -0.0316951
H(0,2) = -137.301
H(1,0) = -0.175277
H(1,1) = 0.628088
H(1,2) = 123.572
H(2,0) = -0.000446626
H(2,1) = 3.45386e-006
H(2,2) = 1
---------------

