

***************
Logging from: TestCalibrationMediaDialog testcalibration_main
Time: Sat Dec 17 18:20:53 2016

H(0,0) = -4.02946
H(0,1) = -4.50136
H(0,2) = 2416.65
H(1,0) = -1.10116
H(1,1) = -3.93579
H(1,2) = 1244.14
H(2,0) = -0.00226145
H(2,1) = -0.00396264
H(2,2) = 1
---------------



***************
Logging from: TestCalibrationMediaDialog testcalibration_main
Time: Sat Dec 17 18:22:52 2016

H(0,0) = -1.21844
H(0,1) = 1.2684
H(0,2) = 395.819
H(1,0) = -0.933055
H(1,1) = 1.22967
H(1,2) = 207.41
H(2,0) = -0.00300294
H(2,1) = 0.0032135
H(2,2) = 1
---------------

