
CALIBRATION: calibration_main
Start time: 17.12.2016 18-19-53
End time: 17.12.2016 18-20-29
Image quality on start: 0.842519700527191
Image quality minimum value: 0.866141736507416
Image quality mean value: 0.878337299269299
Head movement maximum value: 7.07106781186548
Head movement mean value: 3.99589902394149
Head size ratio maximum value: 0.0812318897329469
Head size ratio mean value: 0.0729787075165688
Calibration reprojection error mean value: 150.539602491591
Calibration reprojection error outliers count: 1
Error: no error

TEST CALIBRATION: testcalibration_main
Start time: 17.12.2016 18-20-36
End time: 17.12.2016 18-20-53
Image quality minimum value: 0.874015748500824
Image quality mean value: 0.881200784444809
Head movement maximum value: 10.4403065089106
Head movement mean value: 6.73216739802972
Head size ratio maximum value: 0.0997141514605686
Head size ratio mean value: 0.144722080820738
Calibration maximum distance: 304.113465667011
Calibration corrected maximum distance: 151.647617851386
Calibration without correction was successful: True
Calibration with correction was successful: True
Error: no error

VIDEOTASK: 1
Start time: 17.12.2016 18-20-59
End time: 17.12.2016 18-21-23
Image quality minimum value: 0
Image quality mean value: 0.470997484362855
Head movement maximum value: 416.515305841214
Head movement mean value: 27.9796355846582
Head size ratio maximum value: 0.0176208003759104
Head size ratio mean value: 0.187269551097125
Error: 
Sorry, but we have lost your eyes. This is probably due to excessive head movements. Please try to recalibrate again and give your best to keep your head still.

CALIBRATION: calibration_main
Start time: 17.12.2016 18-21-59
End time: 17.12.2016 18-22-34
Image quality on start: 0.811023592948914
Image quality minimum value: 0.811023592948914
Image quality mean value: 0.826848122680071
Head movement maximum value: 11.4017542509914
Head movement mean value: 9.25936742503281
Head size ratio maximum value: 0.113263888888889
Head size ratio mean value: 0.102904025080906
Calibration reprojection error mean value: 197.59164513482
Calibration reprojection error outliers count: 2
Error: no error

TEST CALIBRATION: testcalibration_main
Start time: 17.12.2016 18-22-36
End time: 17.12.2016 18-22-52
Image quality minimum value: 0.803149580955505
Image quality mean value: 0.831090804858085
Head movement maximum value: 21.9317121994613
Head movement mean value: 13.7310914953957
Head size ratio maximum value: 0.144375
Head size ratio mean value: 0.17113603988604
Calibration maximum distance: 732.153672393986
Calibration corrected maximum distance: 263.136846526669
Calibration without correction was successful: False
Calibration with correction was successful: True
Error: no error

VIDEOTASK: 1
Start time: 17.12.2016 18-22-54
End time: 17.12.2016 18-24-21
Image quality minimum value: 0.559055089950562
Image quality mean value: 0.757377941808301
Head movement maximum value: 47.0106370941726
Head movement mean value: 31.1499921627081
Head size ratio maximum value: 0.33984375
Head size ratio mean value: 0.2413686169328
Error: no error
