

***************
Logging from: TestCalibrationMediaDialog testcalibration_main
Time: Tue Dec 20 08:41:38 2016

H(0,0) = -3.74841
H(0,1) = 2.59026
H(0,2) = -365.717
H(1,0) = -1.68608
H(1,1) = -1.41312
H(1,2) = 734.738
H(2,0) = -0.00345605
H(2,1) = -0.0014588
H(2,2) = 1
---------------



***************
Logging from: TestCalibrationMediaDialog testcalibration_main
Time: Tue Dec 20 08:43:32 2016

H(0,0) = 0.967198
H(0,1) = -0.565258
H(0,2) = 20.4389
H(1,0) = -0.0378185
H(1,1) = 0.416962
H(1,2) = 174.307
H(2,0) = 8.48352e-005
H(2,1) = -0.000679026
H(2,2) = 1
---------------

