
CALIBRATION: calibration_main
Start time: 20.12.2016 08-40-47
End time: 20.12.2016 08-41-19
Image quality on start: 0.448818892240524
Image quality minimum value: 0.291666775941849
Image quality mean value: 0.375680777833972
Head movement maximum value: 7.28010988928052
Head movement mean value: 4.0992376892054
Head size ratio maximum value: 0.0552892561983471
Head size ratio mean value: 0.0676230346337531
Calibration reprojection error mean value: 65.3494622972276
Calibration reprojection error outliers count: 0
Error: no error

TEST CALIBRATION: testcalibration_main
Start time: 20.12.2016 08-41-22
End time: 20.12.2016 08-41-38
Image quality minimum value: 0.249999955296516
Image quality mean value: 0.318861345070919
Head movement maximum value: 8.54400374531753
Head movement mean value: 4.97830886491689
Head size ratio maximum value: 0.0677777777777777
Head size ratio mean value: 0.160055236613182
Calibration maximum distance: 1345.40885978947
Calibration corrected maximum distance: 331.710717342687
Calibration without correction was successful: False
Calibration with correction was successful: True
Error: no error

VIDEOTASK: 1
Start time: 20.12.2016 08-41-43
End time: 20.12.2016 08-42-19
Image quality minimum value: 0.23611107468605
Image quality mean value: 0.323209836251206
Head movement maximum value: 15.0332963783729
Head movement mean value: 10.5691629535436
Head size ratio maximum value: 0.0740495867768596
Head size ratio mean value: 0.071199731805792
Error: 
Bad Face Size!
Your face in the camera image is too big or too small. Please set your position again and repeat calibration.

CALIBRATION: calibration_main
Start time: 20.12.2016 08-42-44
End time: 20.12.2016 08-43-15
Image quality on start: 0.4251968562603
Image quality minimum value: 0.417322844266891
Image quality mean value: 0.426400307875013
Head movement maximum value: 9.21954445729289
Head movement mean value: 5.43186476893261
Head size ratio maximum value: 0.0773891966759003
Head size ratio mean value: 0.0650515912857298
Calibration reprojection error mean value: 61.2943560282389
Calibration reprojection error outliers count: 0
Error: no error

TEST CALIBRATION: testcalibration_main
Start time: 20.12.2016 08-43-17
End time: 20.12.2016 08-43-32
Image quality minimum value: 0.409448832273483
Image quality mean value: 0.417080566974787
Head movement maximum value: 17.2046505340853
Head movement mean value: 11.7195165170464
Head size ratio maximum value: 0.0465828427977839
Head size ratio mean value: 0.0822396721180483
Calibration maximum distance: 274.169655505492
Calibration corrected maximum distance: 84.0238061504
Calibration without correction was successful: True
Calibration with correction was successful: True
Error: no error

VIDEOTASK: 1
Start time: 20.12.2016 08-43-34
End time: 20.12.2016 08-44-59
Image quality minimum value: 0.346456706523895
Image quality mean value: 0.374336459705334
Head movement maximum value: 38.0788655293195
Head movement mean value: 25.2719340728333
Head size ratio maximum value: 0.0873550034626038
Head size ratio mean value: 0.0383855718840456
Error: no error
