
CALIBRATION: calibration_main
Start time: 07.12.2016 13-24-08
End time: 07.12.2016 13-24-41
Image quality on start: 0.833333313465118
Image quality minimum value: 0.770833373069763
Image quality mean value: 0.823906411397507
Head movement maximum value: 10.4403065089106
Head movement mean value: 3.87592212929334
Head size ratio maximum value: 0.0733706679652626
Head size ratio mean value: 0.0452341429688071
Calibration reprojection error mean value: 79.2204776340061
Calibration reprojection error outliers count: 0
Error: no error

TEST CALIBRATION: testcalibration_main
Start time: 07.12.2016 13-24-43
End time: 07.12.2016 13-24-59
Image quality minimum value: 0.800595223903656
Image quality mean value: 0.820204360918565
Head movement maximum value: 10.770329614269
Head movement mean value: 6.55450222010713
Head size ratio maximum value: 0.120546221897573
Head size ratio mean value: 0.119621341242963
Calibration maximum distance: 170.073513516949
Calibration corrected maximum distance: 74.5184540902453
Calibration without correction was successful: True
Calibration with correction was successful: True
Error: no error

CLICKTASK: c1
Start time: 07.12.2016 13-25-05
End time: 07.12.2016 13-25-15
Image quality minimum value: 0.748538017272949
Image quality mean value: 0.792205665713159
Head movement maximum value: 24.5967477524977
Head movement mean value: 14.4028863876269
Head size ratio maximum value: 0.0547845142439738
Head size ratio mean value: 0.0908489949914553
Error: no error

CLICKTASK: c2
Start time: 07.12.2016 13-25-21
End time: 07.12.2016 13-25-29
Image quality minimum value: 0.770588219165802
Image quality mean value: 0.78992637858462
Head movement maximum value: 18.0277563773199
Head movement mean value: 14.5250156333408
Head size ratio maximum value: 0.111029948867787
Head size ratio mean value: 0.0766486534941557
Error: no error

CLICKTASK: c3
Start time: 07.12.2016 13-25-36
End time: 07.12.2016 13-25-45
Image quality minimum value: 0.777777791023254
Image quality mean value: 0.793468720611485
Head movement maximum value: 18.3575597506858
Head movement mean value: 13.9724319231556
Head size ratio maximum value: 0.0827246165084004
Head size ratio mean value: 0.0720709059478862
Error: no error

CLICKTASK: c4
Start time: 07.12.2016 13-25-53
End time: 07.12.2016 13-26-02
Image quality minimum value: 0.777777791023254
Image quality mean value: 0.80011199279265
Head movement maximum value: 13.0384048104053
Head movement mean value: 10.1321368973899
Head size ratio maximum value: 0.149338527716906
Head size ratio mean value: 0.141087384330628
Error: no error
