

***************
Logging from: TestCalibrationMediaDialog testcalibration_main
Time: Mon Mar 06 22:12:21 2017

H(0,0) = 3.53278
H(0,1) = 1.86754
H(0,2) = -2080.28
H(1,0) = 0.611779
H(1,1) = 2.90261
H(1,2) = -707.902
H(2,0) = 0.000719523
H(2,1) = 0.00102348
H(2,2) = 1
---------------



***************
Logging from: TestCalibrationMediaDialog testcalibration_main
Time: Mon Mar 06 22:15:08 2017

H(0,0) = -9.83025
H(0,1) = -7.35438
H(0,2) = 7063.62
H(1,0) = -2.9116
H(1,1) = -9.1117
H(1,2) = 4150.7
H(2,0) = -0.00393039
H(2,1) = -0.00476888
H(2,2) = 1
---------------

