

***************
Logging from: TestCalibrationMediaDialog testcalibration_main
Time: Mon Dec 19 22:01:37 2016

H(0,0) = 0.661212
H(0,1) = -1.96021
H(0,2) = 514.555
H(1,0) = -0.267115
H(1,1) = -0.561912
H(1,2) = 474.495
H(2,0) = 8.49237e-005
H(2,1) = -0.00210436
H(2,2) = 1
---------------



***************
Logging from: TestCalibrationMediaDialog testcalibration_main
Time: Mon Dec 19 22:02:40 2016

H(0,0) = 0.165014
H(0,1) = 0.0627703
H(0,2) = 45.5438
H(1,0) = -0.281053
H(1,1) = 0.112273
H(1,2) = 292.147
H(2,0) = -0.000722388
H(2,1) = -0.000327604
H(2,2) = 1
---------------

