
CALIBRATION: calibration_main
Start time: 17.03.2017 18-05-53
End time: 17.03.2017 18-06-25
Image quality on start: 0.941717803478241
Image quality minimum value: 0.930555641651154
Image quality mean value: 0.954520006828448
Head movement maximum value: 5.65685424949238
Head movement mean value: 2.66388306506423
Head size ratio maximum value: 0.0570145481865992
Head size ratio mean value: 0.0385322124546836
Calibration reprojection error mean value: 114.811662462023
Calibration reprojection error outliers count: 0
Error: no error

TEST CALIBRATION: testcalibration_main
Start time: 17.03.2017 18-06-28
End time: 17.03.2017 18-06-44
Image quality minimum value: 0.930555641651154
Image quality mean value: 0.949539786368086
Head movement maximum value: 7.21110255092798
Head movement mean value: 4.39514398258318
Head size ratio maximum value: 0.0333310566218155
Head size ratio mean value: 0.0492430233770342
Calibration maximum distance: 298.964880880681
Calibration corrected maximum distance: 208.240245870005
Calibration without correction was successful: True
Calibration with correction was successful: True
Error: no error

CLICKTASK: filler
Start time: 17.03.2017 18-06-53
End time: 17.03.2017 18-07-02
Image quality minimum value: 0.763779520988464
Image quality mean value: 0.780047338169355
Head movement maximum value: 35.3411940941446
Head movement mean value: 30.5062238608277
Head size ratio maximum value: 0.112355713407554
Head size ratio mean value: 0.142833546993953
Error: no error

CLICKTASK: full_shelf
Start time: 17.03.2017 18-07-06
End time: 17.03.2017 18-07-17
Image quality minimum value: 0.779527544975281
Image quality mean value: 0.822950829338554
Head movement maximum value: 39.6610640301039
Head movement mean value: 35.412726521472
Head size ratio maximum value: 0.166023495662865
Head size ratio mean value: 0.144014857125798
Error: no error

CLICKTASK: 3row_shelf
Start time: 17.03.2017 18-07-22
End time: 17.03.2017 18-07-33
Image quality minimum value: 0.653543293476105
Image quality mean value: 0.676654247045517
Head movement maximum value: 40.4969134626332
Head movement mean value: 37.7620785738689
Head size ratio maximum value: 0.127860118844341
Head size ratio mean value: 0.123595496664618
Error: no error

CLICKTASK: pack
Start time: 17.03.2017 18-07-39
End time: 17.03.2017 18-07-46
Image quality minimum value: 0.800000011920929
Image quality mean value: 0.810252728087179
Head movement maximum value: 42.190046219458
Head movement mean value: 39.0156932959569
Head size ratio maximum value: 0.143227921590055
Head size ratio mean value: 0.156365954004799
Error: no error
