

***************
Logging from: TestCalibrationMediaDialog testcalibration_main
Time: Sat Dec 17 08:38:56 2016

H(0,0) = 1.14021
H(0,1) = 0.311494
H(0,2) = -395.77
H(1,0) = -0.0280458
H(1,1) = 1.12883
H(1,2) = -187.984
H(2,0) = 7.65832e-005
H(2,1) = -0.000104926
H(2,2) = 1
---------------



***************
Logging from: TestCalibrationMediaDialog cal2
Time: Sat Dec 17 08:41:55 2016

H(0,0) = 0.982336
H(0,1) = -0.404563
H(0,2) = -46.4121
H(1,0) = -0.00786018
H(1,1) = 1.39014
H(1,2) = -183.339
H(2,0) = 9.82308e-005
H(2,1) = -0.000527078
H(2,2) = 1
---------------

