
CALIBRATION: calibration_main
Start time: 17.12.2016 08-38-00
End time: 17.12.2016 08-38-35
Image quality on start: 0.527559041976929
Image quality minimum value: 0.535433053970337
Image quality mean value: 0.546733559094942
Head movement maximum value: 14.142135623731
Head movement mean value: 7.90450164075569
Head size ratio maximum value: 0.0839678027208661
Head size ratio mean value: 0.0635168402054005
Calibration reprojection error mean value: 63.0724130206638
Calibration reprojection error outliers count: 0
Error: no error

TEST CALIBRATION: testcalibration_main
Start time: 17.12.2016 08-38-40
End time: 17.12.2016 08-38-56
Image quality minimum value: 0.527559041976929
Image quality mean value: 0.541029459188792
Head movement maximum value: 25.3179778023443
Head movement mean value: 20.49997744998
Head size ratio maximum value: 0.109063381585683
Head size ratio mean value: 0.106348708678249
Calibration maximum distance: 275.943834864996
Calibration corrected maximum distance: 106.88779163216
Calibration without correction was successful: True
Calibration with correction was successful: True
Error: no error

CLICKTASK: t1
Start time: 17.12.2016 08-39-21
End time: 17.12.2016 08-40-22
Image quality minimum value: 0.472440958023071
Image quality mean value: 0.487861920244845
Head movement maximum value: 27.3130005674953
Head movement mean value: 23.9525428457905
Head size ratio maximum value: 0.139942707142001
Head size ratio mean value: 0.105065149081968
Error: no error

SURVEYTASK: Survey
Start time: 17.12.2016 08-40-27
End time: 17.12.2016 08-41-32
Error: no error

TEST CALIBRATION: cal2
Start time: 17.12.2016 08-41-39
End time: 17.12.2016 08-41-56
Image quality minimum value: 0.472440958023071
Image quality mean value: 0.52762254207365
Head movement maximum value: 17.6918060129541
Head movement mean value: 14.1611084628234
Head size ratio maximum value: 0.133810410744045
Head size ratio mean value: 0.111830126640898
Calibration maximum distance: 285.035085559655
Calibration corrected maximum distance: 115.732450073434
Calibration without correction was successful: True
Calibration with correction was successful: True
Error: no error

CLICKTASK: t2
Start time: 17.12.2016 08-42-07
End time: 17.12.2016 08-43-08
Image quality minimum value: 0.480314970016479
Image quality mean value: 0.494334358943313
Head movement maximum value: 39.6988664825584
Head movement mean value: 32.4828265421805
Head size ratio maximum value: 0.170277423781982
Head size ratio mean value: 0.119335627140531
Error: no error

CLICKTASK: t3
Start time: 17.12.2016 08-43-29
End time: 17.12.2016 08-45-20
Image quality minimum value: 0.488188982009888
Image quality mean value: 0.503087706714051
Head movement maximum value: 51.5460958754395
Head movement mean value: 40.0996487923139
Head size ratio maximum value: 0.15820889019595
Head size ratio mean value: 0.108277246414042
Error: no error

CLICKTASK: t4
Start time: 17.12.2016 08-45-35
End time: 17.12.2016 08-47-37
Image quality minimum value: 0.464566916227341
Image quality mean value: 0.487742897037905
Head movement maximum value: 56.302753041037
Head movement mean value: 49.4593512494342
Head size ratio maximum value: 0.188216841486129
Head size ratio mean value: 0.132244439322178
Error: no error
