

***************
Logging from: TestCalibrationMediaDialog testcalibration_main
Time: Fri Dec 09 09:02:55 2016

H(0,0) = 6.12185
H(0,1) = 1.52477
H(0,2) = -4183.28
H(1,0) = -0.790022
H(1,1) = 1.8633
H(1,2) = 36.9976
H(2,0) = -0.000368996
H(2,1) = 0.000603213
H(2,2) = 1
---------------



***************
Logging from: TestCalibrationMediaDialog testcalibration_main_c2
Time: Fri Dec 09 09:04:53 2016

H(0,0) = 1.58534
H(0,1) = 1.28472
H(0,2) = -1356.25
H(1,0) = -0.448251
H(1,1) = 0.599353
H(1,2) = 349.272
H(2,0) = -0.00101535
H(2,1) = 0.000556867
H(2,2) = 1
---------------

