
CALIBRATION: calibration_main
Start time: 09.12.2016 09-02-05
End time: 09.12.2016 09-02-37
Image quality on start: 0.416666656732559
Image quality minimum value: 0.383802831172943
Image quality mean value: 0.443464181789263
Head movement maximum value: 95.4148835350125
Head movement mean value: 84.2466879022944
Head size ratio maximum value: 0.288257700346953
Head size ratio mean value: 0.250943225195982
Calibration reprojection error mean value: 240.398323482937
Calibration reprojection error outliers count: 4
Error: no error

TEST CALIBRATION: testcalibration_main
Start time: 09.12.2016 09-02-40
End time: 09.12.2016 09-02-55
Image quality minimum value: 0.370503604412079
Image quality mean value: 0.418311443005767
Head movement maximum value: 94.578010129205
Head movement mean value: 89.8525836519809
Head size ratio maximum value: 0.288257700346953
Head size ratio mean value: 0.26924707861911
Calibration maximum distance: 489.155394532249
Calibration corrected maximum distance: 166.508258053467
Calibration without correction was successful: False
Calibration with correction was successful: True
Error: no error

CLICKTASK: c1
Start time: 09.12.2016 09-02-57
End time: 09.12.2016 09-03-01
Image quality minimum value: 0.390070915222168
Image quality mean value: 0.429594996857317
Head movement maximum value: 90.4267659490264
Head movement mean value: 78.9060774025674
Head size ratio maximum value: 0.237933558976753
Head size ratio mean value: 0.297770973043281
Error: no error

CLICKTASK: c2
Start time: 09.12.2016 09-03-07
End time: 09.12.2016 09-03-12
Image quality minimum value: 0.349650353193283
Image quality mean value: 0.391261637210846
Head movement maximum value: 102.883429180797
Head movement mean value: 68.8113512964456
Head size ratio maximum value: 0.237933558976753
Head size ratio mean value: 0.472826634765355
Error: 
Sorry, but we have lost your eyes. This is probably due to excessive head movements. Please try to recalibrate again and give your best to keep your head still.

CALIBRATION: calibration_main_c2
Start time: 09.12.2016 09-04-05
End time: 09.12.2016 09-04-37
Image quality on start: 0.746527791023254
Image quality minimum value: 0.625
Image quality mean value: 0.6996421969977
Head movement maximum value: 11.7046999107196
Head movement mean value: 8.35071285223926
Head size ratio maximum value: 0.116933252854484
Head size ratio mean value: 0.0570665594515553
Calibration reprojection error mean value: 314.468710157606
Calibration reprojection error outliers count: 6
Error: no error

TEST CALIBRATION: testcalibration_main_c2
Start time: 09.12.2016 09-04-38
End time: 09.12.2016 09-04-53
Image quality minimum value: 0.645833373069763
Image quality mean value: 0.691382820040335
Head movement maximum value: 11.7046999107196
Head movement mean value: 8.78992793758515
Head size ratio maximum value: 0.0832956088727931
Head size ratio mean value: 0.0663665247913804
Calibration maximum distance: 624.62308634888
Calibration corrected maximum distance: 197.002538054716
Calibration without correction was successful: False
Calibration with correction was successful: True
Error: no error

CLICKTASK: c2
Start time: 09.12.2016 09-04-54
End time: 09.12.2016 09-05-01
Image quality minimum value: 0.686619699001312
Image quality mean value: 0.722825137402514
Head movement maximum value: 10
Head movement mean value: 7.13040681522241
Head size ratio maximum value: 0.13021226296464
Head size ratio mean value: 0.129799917422332
Error: no error

CLICKTASK: c3
Start time: 09.12.2016 09-05-12
End time: 09.12.2016 09-05-29
Image quality minimum value: 0.673758864402771
Image quality mean value: 0.701749733938561
Head movement maximum value: 17.2626765016321
Head movement mean value: 14.1964595174824
Head size ratio maximum value: 0.123585332729742
Head size ratio mean value: 0.0969975663290573
Error: no error

CLICKTASK: c4
Start time: 09.12.2016 09-05-31
End time: 09.12.2016 09-05-42
Image quality minimum value: 0.611111104488373
Image quality mean value: 0.671668279388724
Head movement maximum value: 18.3575597506858
Head movement mean value: 13.0086877007612
Head size ratio maximum value: 0.0968261153865499
Head size ratio mean value: 0.0585121886181686
Error: no error
