
CALIBRATION: calibration_main
Start time: 07.12.2016 19-43-40
End time: 07.12.2016 19-44-12
Image quality on start: 0.559055089950562
Image quality minimum value: 0.551181077957153
Image quality mean value: 0.593221814157665
Head movement maximum value: 10.1980390271856
Head movement mean value: 5.66483894565311
Head size ratio maximum value: 0.0767296786389414
Head size ratio mean value: 0.042989663003148
Calibration reprojection error mean value: 57.8802536858453
Calibration reprojection error outliers count: 0
Error: no error

TEST CALIBRATION: testcalibration_main
Start time: 07.12.2016 19-44-15
End time: 07.12.2016 19-44-31
Image quality minimum value: 0.551181077957153
Image quality mean value: 0.594532438878263
Head movement maximum value: 15.0332963783729
Head movement mean value: 11.0458412644066
Head size ratio maximum value: 0.0514933837429111
Head size ratio mean value: 0.0672245704211888
Calibration maximum distance: 157.30543537971
Calibration corrected maximum distance: 77.4661216274573
Calibration without correction was successful: True
Calibration with correction was successful: True
Error: no error

CLICKTASK: c1
Start time: 07.12.2016 19-44-39
End time: 07.12.2016 19-44-44
Image quality minimum value: 0.511811017990112
Image quality mean value: 0.517198500926034
Head movement maximum value: 13
Head movement mean value: 10.1863694559209
Head size ratio maximum value: 0.00871455576559543
Head size ratio mean value: 0.144777965708221
Error: no error

CLICKTASK: c2
Start time: 07.12.2016 19-44-51
End time: 07.12.2016 19-44-58
Image quality minimum value: 0.511811017990112
Image quality mean value: 0.543162613286885
Head movement maximum value: 17.464249196573
Head movement mean value: 14.4057791706486
Head size ratio maximum value: 0.0514933837429111
Head size ratio mean value: 0.0319623315585925
Error: no error

CLICKTASK: c3
Start time: 07.12.2016 19-45-05
End time: 07.12.2016 19-46-06
Image quality minimum value: 0.488188982009888
Image quality mean value: 0.517247084446087
Head movement maximum value: 54.817880294663
Head movement mean value: 30.7752723110135
Head size ratio maximum value: 0.181474480151229
Head size ratio mean value: 0.0544298426721115
Error: no error

CLICKTASK: c4
Start time: 07.12.2016 19-46-11
End time: 07.12.2016 19-46-37
Image quality minimum value: 0.503937005996704
Image quality mean value: 0.566262860328723
Head movement maximum value: 29.6141857899217
Head movement mean value: 24.3922041700612
Head size ratio maximum value: 0.0850661625708885
Head size ratio mean value: 0.034443604284814
Error: no error
