
CALIBRATION: calibration_main
Start time: 09.12.2016 18-25-17
End time: 09.12.2016 18-25-50
Image quality on start: 0.881889760494232
Image quality minimum value: 0.611111104488373
Image quality mean value: 0.870499617558845
Head movement maximum value: 8.06225774829855
Head movement mean value: 5.29428442567703
Head size ratio maximum value: 0.14368456226331
Head size ratio mean value: 0.121724558376741
Calibration reprojection error mean value: 271.61199315389
Calibration reprojection error outliers count: 2
Error: no error

TEST CALIBRATION: testcalibration_main
Start time: 09.12.2016 18-25-52
End time: 09.12.2016 18-26-09
Image quality minimum value: 0
Image quality mean value: 0.862163290662586
Head movement maximum value: 9.05538513813742
Head movement mean value: 6.77391299484084
Head size ratio maximum value: 0.204708732457117
Head size ratio mean value: 0.166187420402914
Calibration maximum distance: 499.679897534412
Calibration corrected maximum distance: 183.698121928342
Calibration without correction was successful: False
Calibration with correction was successful: True
Error: no error

CLICKTASK: c1
Start time: 09.12.2016 18-26-10
End time: 09.12.2016 18-26-14
Image quality minimum value: 0.653543293476105
Image quality mean value: 0.691929119328658
Head movement maximum value: 9
Head movement mean value: 5.60927406179106
Head size ratio maximum value: 0.0588104254845178
Head size ratio mean value: 0.36524467216158
Error: no error

CLICKTASK: c2
Start time: 09.12.2016 18-26-17
End time: 09.12.2016 18-26-21
Image quality minimum value: 0.645669281482697
Image quality mean value: 0.764045777528182
Head movement maximum value: 9.21954445729289
Head movement mean value: 6.06714967871999
Head size ratio maximum value: 0.0946619514368456
Head size ratio mean value: 0.238083188857788
Error: no error

CLICKTASK: c3
Start time: 09.12.2016 18-26-24
End time: 09.12.2016 18-26-30
Image quality minimum value: 0.685039341449738
Image quality mean value: 0.72720346912261
Head movement maximum value: 9.05538513813742
Head movement mean value: 8.4250460923987
Head size ratio maximum value: 0.129817331254177
Head size ratio mean value: 0.132893848044324
Error: no error

CLICKTASK: c4
Start time: 09.12.2016 18-26-33
End time: 09.12.2016 18-26-43
Image quality minimum value: 0.685039341449738
Image quality mean value: 0.796046775120955
Head movement maximum value: 12.0830459735946
Head movement mean value: 9.0570391209214
Head size ratio maximum value: 0.157440409890844
Head size ratio mean value: 0.114279349521051
Error: no error
