

***************
Logging from: TestCalibrationMediaDialog testcalibration_main
Time: Tue Dec 20 10:28:10 2016

H(0,0) = -0.185027
H(0,1) = -0.873252
H(0,2) = 230.14
H(1,0) = 0.104036
H(1,1) = -1.56621
H(1,2) = 291.525
H(2,0) = -0.000109902
H(2,1) = -0.00381579
H(2,2) = 1
---------------



***************
Logging from: TestCalibrationMediaDialog testcalibration_main
Time: Tue Dec 20 10:41:29 2016

H(0,0) = -0.519755
H(0,1) = -4.51342
H(0,2) = 1721.19
H(1,0) = 1.2683
H(1,1) = -3.35115
H(1,2) = -296.744
H(2,0) = 0.000972653
H(2,1) = -0.00710625
H(2,2) = 1
---------------

