
CALIBRATION: calibration_main
Start time: 20.12.2016 10-27-11
End time: 20.12.2016 10-27-44
Image quality on start: 0.409448832273483
Image quality minimum value: 0
Image quality mean value: 0.397809845852668
Head movement maximum value: 26.9258240356725
Head movement mean value: 18.4522627952046
Head size ratio maximum value: 0.138511000106281
Head size ratio mean value: 0.0971970445624315
Calibration reprojection error mean value: 159.970889621311
Calibration reprojection error outliers count: 2
Error: no error

TEST CALIBRATION: testcalibration_main
Start time: 20.12.2016 10-27-54
End time: 20.12.2016 10-28-10
Image quality minimum value: 0
Image quality mean value: 0.419370078295469
Head movement maximum value: 39.560080889705
Head movement mean value: 32.2393841754255
Head size ratio maximum value: 0.0608991391221171
Head size ratio mean value: 0.111930066957169
Calibration maximum distance: 629.581607101097
Calibration corrected maximum distance: 302.167172273892
Calibration without correction was successful: False
Calibration with correction was successful: True
Error: no error

VIDEOTASK: 1
Start time: 20.12.2016 10-28-29
End time: 20.12.2016 10-28-37
Image quality minimum value: 0
Image quality mean value: 0.0142240283950683
Head movement maximum value: 0
Head movement mean value: 0
Head size ratio maximum value: 0
Head size ratio mean value: 1
Error: 
Your face is not detected properly! Please try to set your position again and repeat calibration.

CALIBRATION: calibration_main
Start time: 20.12.2016 10-40-35
End time: 20.12.2016 10-41-07
Image quality on start: 0.496062994003296
Image quality minimum value: 0
Image quality mean value: 0.452957801482616
Head movement maximum value: 39.3954312071844
Head movement mean value: 30.4012538339271
Head size ratio maximum value: 0.162189173111243
Head size ratio mean value: 0.111202062264525
Calibration reprojection error mean value: 343.028327094184
Calibration reprojection error outliers count: 5
Error: no error

TEST CALIBRATION: testcalibration_main
Start time: 20.12.2016 10-41-13
End time: 20.12.2016 10-41-29
Image quality minimum value: 0.433070868253708
Image quality mean value: 0.455796362887515
Head movement maximum value: 34.3656805548792
Head movement mean value: 28.7501339839949
Head size ratio maximum value: 0.120499702558001
Head size ratio mean value: 0.10841307331209
Calibration maximum distance: 773.716356296027
Calibration corrected maximum distance: 475.135770069987
Calibration without correction was successful: False
Calibration with correction was successful: False
Error: 
Calibration not accurate enough. 
We need some further fine tuning of the calibration, it doesn't always get right from the first time. Please try again, give your best to keep your head still and focus at the red dot.

VIDEOTASK: 1
Start time: 20.12.2016 10-41-36
End time: 20.12.2016 10-43-03
Image quality minimum value: 1000
Image quality mean value: 0
Head movement maximum value: 0
Head movement mean value: 0
Head size ratio maximum value: 0
Head size ratio mean value: 0
Error: no error
