
CALIBRATION: calibration_main
Start time: 07.12.2016 11-59-15
End time: 07.12.2016 11-59-53
Image quality on start: 0.465277820825577
Image quality minimum value: 0.381944566965103
Image quality mean value: 0.494941342878958
Head movement maximum value: 7.21110255092798
Head movement mean value: 3.31530054020038
Head size ratio maximum value: 0.0644998740236835
Head size ratio mean value: 0.0629203047758056
Calibration reprojection error mean value: 245.091273837619
Calibration reprojection error outliers count: 3
Error: no error

TEST CALIBRATION: testcalibration_main
Start time: 07.12.2016 11-59-56
End time: 07.12.2016 12-00-19
Image quality minimum value: 0.444444388151169
Image quality mean value: 0.513640884842191
Head movement maximum value: 8.48528137423857
Head movement mean value: 4.25934542301918
Head size ratio maximum value: 0.0579591836734694
Head size ratio mean value: 0.120317700272349
Calibration maximum distance: 523.209327133988
Calibration corrected maximum distance: 340.508443360807
Calibration without correction was successful: False
Calibration with correction was successful: False
Error: 
Calibration not accurate enough. 
We need some further fine tuning of the calibration, it doesn't always get right from the first time. Please try again, give your best to keep your head still and focus at the red dot.

CALIBRATION: calibration_main
Start time: 07.12.2016 12-00-42
End time: 07.12.2016 12-01-18
Image quality on start: 0.493055552244186
Image quality minimum value: 0.472222149372101
Image quality mean value: 0.563101277593926
Head movement maximum value: 11
Head movement mean value: 4.7049491545949
Head size ratio maximum value: 0.0768935024990388
Head size ratio mean value: 0.0672157025482669
Calibration reprojection error mean value: 195.585393269857
Calibration reprojection error outliers count: 2
Error: no error

TEST CALIBRATION: testcalibration_main
Start time: 07.12.2016 12-01-21
End time: 07.12.2016 12-01-38
Image quality minimum value: 0.520833313465118
Image quality mean value: 0.56210260127866
Head movement maximum value: 26.3058928759318
Head movement mean value: 21.1005065868004
Head size ratio maximum value: 0.0768935024990388
Head size ratio mean value: 0.129484833402378
Calibration maximum distance: 604.880980028303
Calibration corrected maximum distance: 139.459671590034
Calibration without correction was successful: False
Calibration with correction was successful: True
Error: no error

CLICKTASK: c1
Start time: 07.12.2016 12-01-41
End time: 07.12.2016 12-01-55
Image quality minimum value: 0
Image quality mean value: 0.502339756343423
Head movement maximum value: 34.7131099154196
Head movement mean value: 28.6913384503518
Head size ratio maximum value: 0.126447092998419
Head size ratio mean value: 0.161602427250723
Error: no error

CLICKTASK: c2
Start time: 07.12.2016 12-01-58
End time: 07.12.2016 12-02-09
Image quality minimum value: 0.506944417953491
Image quality mean value: 0.565485336657228
Head movement maximum value: 34
Head movement mean value: 28.0657176943726
Head size ratio maximum value: 0.108024691358025
Head size ratio mean value: 0.138420457206998
Error: no error

CLICKTASK: c3
Start time: 07.12.2016 12-02-11
End time: 07.12.2016 12-02-17
Image quality minimum value: 0.541666746139526
Image quality mean value: 0.598957546379255
Head movement maximum value: 30.4138126514911
Head movement mean value: 19.7378855283751
Head size ratio maximum value: 0.0388312187620146
Head size ratio mean value: 0.361932515736237
Error: no error

CLICKTASK: c4
Start time: 07.12.2016 12-02-19
End time: 07.12.2016 12-02-31
Image quality minimum value: 0.541666746139526
Image quality mean value: 0.607096348490034
Head movement maximum value: 28.3019433961698
Head movement mean value: 24.9531459022703
Head size ratio maximum value: 0.0642915118116963
Head size ratio mean value: 0.14234408360294
Error: no error
