
CALIBRATION: calibration_main
Start time: 07.12.2016 14-38-48
End time: 07.12.2016 14-39-17
Image quality on start: 0.74015748500824
Image quality minimum value: 0
Image quality mean value: 0.649668442010879
Head movement maximum value: 433.001154732871
Head movement mean value: 54.6079130990651
Head size ratio maximum value: 0.166981607457798
Head size ratio mean value: 0.166811539430587
Calibration reprojection error mean value: 999999
Calibration reprojection error outliers count: 999999
Error: 
Sorry, but we have lost your eyes. This is probably due to excessive head movements. Please try to recalibrate again and give your best to keep your head still.

CALIBRATION: calibration_main
Start time: 07.12.2016 14-39-31
End time: 07.12.2016 14-40-04
Image quality on start: 0.748031497001648
Image quality minimum value: 0.750000059604645
Image quality mean value: 0.770090124039788
Head movement maximum value: 14.8660687473185
Head movement mean value: 6.90079373346273
Head size ratio maximum value: 0.120138079304759
Head size ratio mean value: 0.0776512556034229
Calibration reprojection error mean value: 81.3103567759196
Calibration reprojection error outliers count: 0
Error: no error

TEST CALIBRATION: testcalibration_main
Start time: 07.12.2016 14-40-10
End time: 07.12.2016 14-40-28
Image quality minimum value: 0.74015748500824
Image quality mean value: 0.760104982058207
Head movement maximum value: 15.556349186104
Head movement mean value: 9.60896094843179
Head size ratio maximum value: 0.0632257869157746
Head size ratio mean value: 0.100825721740497
Calibration maximum distance: 356.796860972739
Calibration corrected maximum distance: 221.461057524794
Calibration without correction was successful: False
Calibration with correction was successful: True
Error: no error

CLICKTASK: c1
Start time: 07.12.2016 14-40-44
End time: 07.12.2016 14-40-53
Image quality minimum value: 0
Image quality mean value: 0.609463046517288
Head movement maximum value: 72.8971878744304
Head movement mean value: 28.806507226263
Head size ratio maximum value: 0.0763069842086935
Head size ratio mean value: 0.180031943323311
Error: no error

CLICKTASK: c2
Start time: 07.12.2016 14-41-04
End time: 07.12.2016 14-41-16
Image quality minimum value: 0
Image quality mean value: 0.557548816231164
Head movement maximum value: 84.5990543682375
Head movement mean value: 54.2117867145954
Head size ratio maximum value: 0.287059607261276
Head size ratio mean value: 0.131544727812272
Error: no error

CLICKTASK: c3
Start time: 07.12.2016 14-41-24
End time: 07.12.2016 14-41-32
Image quality minimum value: 0
Image quality mean value: 0.464752986150629
Head movement maximum value: 415.415454695658
Head movement mean value: 78.2423204974208
Head size ratio maximum value: 0.153325561325683
Head size ratio mean value: 0.22052077201151
Error: 
Sorry, but we have lost your eyes. This is probably due to excessive head movements. Please try to recalibrate again and give your best to keep your head still.
