

***************
Logging from: TestCalibrationMediaDialog testcalibration_main
Time: Thu Mar 02 23:19:55 2017

H(0,0) = -0.183916
H(0,1) = -0.984514
H(0,2) = 583.798
H(1,0) = -0.371902
H(1,1) = -0.460139
H(1,2) = 443.075
H(2,0) = -0.000665713
H(2,1) = -0.00122257
H(2,2) = 1
---------------



***************
Logging from: TestCalibrationMediaDialog testcalibration_main
Time: Thu Mar 02 23:21:46 2017

H(0,0) = 0.366805
H(0,1) = -6.36454
H(0,2) = 1562.28
H(1,0) = 0.082902
H(1,1) = -1.03044
H(1,2) = 191.804
H(2,0) = 0.000746439
H(2,1) = -0.00536306
H(2,2) = 1
---------------



***************
Logging from: TestCalibrationMediaDialog testcalibration_main_shelftask
Time: Thu Mar 02 23:23:49 2017

H(0,0) = -7.96312
H(0,1) = 4.507
H(0,2) = 3537.74
H(1,0) = -4.99231
H(1,1) = 4.17866
H(1,2) = 1579.38
H(2,0) = -0.00810356
H(2,1) = 0.00996697
H(2,2) = 1
---------------

