
CALIBRATION: calibration_main
Start time: 17.03.2017 21-30-37
End time: 17.03.2017 21-31-11
Image quality on start: 0.543307065963745
Image quality minimum value: 0.574803173542023
Image quality mean value: 0.606058531192713
Head movement maximum value: 41.4004830889689
Head movement mean value: 28.5655066436863
Head size ratio maximum value: 0.0459710743801653
Head size ratio mean value: 0.0405260474935938
Calibration reprojection error mean value: 142.057743496365
Calibration reprojection error outliers count: 0
Error: no error

TEST CALIBRATION: testcalibration_main
Start time: 17.03.2017 21-31-14
End time: 17.03.2017 21-31-31
Image quality minimum value: 0.551181077957153
Image quality mean value: 0.574705352694352
Head movement maximum value: 54.2033209314706
Head movement mean value: 45.0289431253288
Head size ratio maximum value: 0.0552892561983471
Head size ratio mean value: 0.0739787485242029
Calibration maximum distance: 286.043702954636
Calibration corrected maximum distance: 65.4904573201318
Calibration without correction was successful: True
Calibration with correction was successful: True
Error: no error

CLICKTASK: filler
Start time: 17.03.2017 21-31-34
End time: 17.03.2017 21-31-49
Image quality minimum value: 0.511811017990112
Image quality mean value: 0.584739408677533
Head movement maximum value: 73.2393336944022
Head movement mean value: 48.9928816254259
Head size ratio maximum value: 0.08349173553719
Head size ratio mean value: 0.0824380165289253
Error: no error

CLICKTASK: full_shelf
Start time: 17.03.2017 21-31-53
End time: 17.03.2017 21-32-02
Image quality minimum value: 0.472440958023071
Image quality mean value: 0.505944107093063
Head movement maximum value: 91.0659101969557
Head movement mean value: 87.0696938660622
Head size ratio maximum value: 0.0552892561983471
Head size ratio mean value: 0.0396653702803436
Error: no error

CLICKTASK: 3row_shelf
Start time: 17.03.2017 21-32-07
End time: 17.03.2017 21-32-22
Image quality minimum value: 0.409448832273483
Image quality mean value: 0.43663396965192
Head movement maximum value: 100.129915609672
Head movement mean value: 89.2399653580585
Head size ratio maximum value: 0.131322314049587
Head size ratio mean value: 0.0903078396971235
Error: 
Sorry, but we have lost your eyes. This is probably due to excessive head movements. Please try to recalibrate again and give your best to keep your head still.

CALIBRATION: calibration_main_3row_shelf
Start time: 17.03.2017 21-32-41
End time: 17.03.2017 21-33-14
Image quality on start: 0.669291317462921
Image quality minimum value: 0.590551197528839
Image quality mean value: 0.630477665195628
Head movement maximum value: 25.2388589282479
Head movement mean value: 13.8264863386858
Head size ratio maximum value: 0.101554256959662
Head size ratio mean value: 0.0734762483995661
Calibration reprojection error mean value: 248.348444620768
Calibration reprojection error outliers count: 4
Error: no error

TEST CALIBRATION: testcalibration_main_3row_shelf
Start time: 17.03.2017 21-33-17
End time: 17.03.2017 21-33-33
Image quality minimum value: 0.590551197528839
Image quality mean value: 0.617706444018926
Head movement maximum value: 36.0555127546399
Head movement mean value: 28.1083404167744
Head size ratio maximum value: 0.120546221897573
Head size ratio mean value: 0.149261787775302
Calibration maximum distance: 421.071252877705
Calibration corrected maximum distance: 294.266885666736
Calibration without correction was successful: False
Calibration with correction was successful: True
Error: no error

CLICKTASK: 3row_shelf
Start time: 17.03.2017 21-33-35
End time: 17.03.2017 21-33-42
Image quality minimum value: 0.582677185535431
Image quality mean value: 0.628970945703572
Head movement maximum value: 35.5105618091294
Head movement mean value: 30.1118634484215
Head size ratio maximum value: 0.120546221897573
Head size ratio mean value: 0.223921031935943
Error: no error

CLICKTASK: pack
Start time: 17.03.2017 21-33-47
End time: 17.03.2017 21-33-52
Image quality minimum value: 0.62992125749588
Image quality mean value: 0.638721623841454
Head movement maximum value: 38.5875627631495
Head movement mean value: 36.9540537861731
Head size ratio maximum value: 0.139700511322133
Head size ratio mean value: 0.108513123616462
Error: no error
