
CALIBRATION: calibration_main
Start time: 19.03.2017 18-19-07
End time: 19.03.2017 18-19-44
Image quality on start: 0.795275568962097
Image quality minimum value: 0.541666746139526
Image quality mean value: 0.644064519097728
Head movement maximum value: 8.06225774829855
Head movement mean value: 5.57388732838734
Head size ratio maximum value: 0.282093597177853
Head size ratio mean value: 0.245267662961858
Calibration reprojection error mean value: 68.8258923424615
Calibration reprojection error outliers count: 0
Error: no error

TEST CALIBRATION: testcalibration_main
Start time: 19.03.2017 18-19-56
End time: 19.03.2017 18-20-15
Image quality minimum value: 0.562499940395355
Image quality mean value: 0.636674727218739
Head movement maximum value: 11.7046999107196
Head movement mean value: 6.88131719025791
Head size ratio maximum value: 0.317582400944753
Head size ratio mean value: 0.339484015051627
Calibration maximum distance: 266.054505693852
Calibration corrected maximum distance: 43.1045241245046
Calibration without correction was successful: True
Calibration with correction was successful: True
Error: no error

CLICKTASK: filler
Start time: 19.03.2017 18-20-25
End time: 19.03.2017 18-20-56
Image quality minimum value: 0.583333373069763
Image quality mean value: 0.705320685663644
Head movement maximum value: 12.0415945787923
Head movement mean value: 5.43075258881266
Head size ratio maximum value: 0.326530303259701
Head size ratio mean value: 0.259831827172874
Error: no error

CLICKTASK: full_shelf
Start time: 19.03.2017 18-21-01
End time: 19.03.2017 18-21-14
Image quality minimum value: 0.736111164093018
Image quality mean value: 0.802680627657817
Head movement maximum value: 21.5870331449229
Head movement mean value: 19.879079321779
Head size ratio maximum value: 0.103726021590032
Head size ratio mean value: 0.105713473796261
Error: no error

CLICKTASK: 3row_shelf
Start time: 19.03.2017 18-21-17
End time: 19.03.2017 18-21-28
Image quality minimum value: 0.763779520988464
Image quality mean value: 0.794587987661362
Head movement maximum value: 25
Head movement mean value: 23.1842836067652
Head size ratio maximum value: 0.161698133204136
Head size ratio mean value: 0.0979689321564293
Error: no error

CLICKTASK: pack
Start time: 19.03.2017 18-21-33
End time: 19.03.2017 18-21-37
Image quality minimum value: 0.763779520988464
Image quality mean value: 0.798796172325428
Head movement maximum value: 25.3179778023443
Head movement mean value: 24.8030889467027
Head size ratio maximum value: 0.103726021590032
Head size ratio mean value: 0.0974486307950858
Error: no error
