
CALIBRATION: calibration_main
Start time: 15.03.2017 17-13-38
End time: 15.03.2017 17-14-13
Image quality on start: 0.848101258277893
Image quality minimum value: 0.830128192901611
Image quality mean value: 0.847579191214052
Head movement maximum value: 6.32455532033676
Head movement mean value: 4.30432613699629
Head size ratio maximum value: 0.0861685271235022
Head size ratio mean value: 0.0590348953067134
Calibration reprojection error mean value: 79.3695740169949
Calibration reprojection error outliers count: 0
Error: no error

TEST CALIBRATION: testcalibration_main
Start time: 15.03.2017 17-14-15
End time: 15.03.2017 17-14-32
Image quality minimum value: 0.841772139072418
Image quality mean value: 0.850218707256103
Head movement maximum value: 5
Head movement mean value: 3.85223028738545
Head size ratio maximum value: 0.0512738343214227
Head size ratio mean value: 0.105249586870762
Calibration maximum distance: 124.619420637395
Calibration corrected maximum distance: 49.0407993409569
Calibration without correction was successful: True
Calibration with correction was successful: True
Error: no error

CLICKTASK: filler
Start time: 15.03.2017 17-14-46
End time: 15.03.2017 17-15-05
Image quality minimum value: 0.817307710647583
Image quality mean value: 0.830209584640605
Head movement maximum value: 5.3851648071345
Head movement mean value: 3.46871084986552
Head size ratio maximum value: 0.059944097277858
Head size ratio mean value: 0.10126582278481
Error: no error

CLICKTASK: full_shelf
Start time: 15.03.2017 17-15-12
End time: 15.03.2017 17-15-19
Image quality minimum value: 0.817307710647583
Image quality mean value: 0.828205117472896
Head movement maximum value: 5.8309518948453
Head movement mean value: 4.1770983297575
Head size ratio maximum value: 0.059944097277858
Head size ratio mean value: 0.264993277562489
Error: no error

CLICKTASK: 3row_shelf
Start time: 15.03.2017 17-15-21
End time: 15.03.2017 17-15-40
Image quality minimum value: 0.787401556968689
Image quality mean value: 0.807797138889631
Head movement maximum value: 14.2126704035519
Head movement mean value: 9.68939785121816
Head size ratio maximum value: 0.0663711299827306
Head size ratio mean value: 0.126235668251171
Error: no error

CLICKTASK: pack
Start time: 15.03.2017 17-15-47
End time: 15.03.2017 17-16-01
Image quality minimum value: 0.807692289352417
Image quality mean value: 0.83173943574612
Head movement maximum value: 10.770329614269
Head movement mean value: 9.02013477723386
Head size ratio maximum value: 0.0426391781943778
Head size ratio mean value: 0.0751076764215684
Error: no error
