
CALIBRATION: calibration_main
Start time: 07.12.2016 10-48-57
End time: 07.12.2016 10-49-29
Image quality on start: 0.913385808467865
Image quality minimum value: 0.750000059604645
Image quality mean value: 0.888410587888211
Head movement maximum value: 8.06225774829855
Head movement mean value: 3.97044861518924
Head size ratio maximum value: 0.138372927644824
Head size ratio mean value: 0.037215105871746
Calibration reprojection error mean value: 35.0916641420788
Calibration reprojection error outliers count: 0
Error: no error

TEST CALIBRATION: testcalibration_main
Start time: 07.12.2016 10-49-34
End time: 07.12.2016 10-49-50
Image quality minimum value: 0.791666686534882
Image quality mean value: 0.872392950014831
Head movement maximum value: 9.4339811320566
Head movement mean value: 4.78101398499849
Head size ratio maximum value: 0.0422786715918839
Head size ratio mean value: 0.0544594506493757
Calibration maximum distance: 227.969296178235
Calibration corrected maximum distance: 33.4215499341368
Calibration without correction was successful: True
Calibration with correction was successful: True
Error: no error

CLICKTASK: c1
Start time: 07.12.2016 10-50-02
End time: 07.12.2016 10-50-11
Image quality minimum value: 0
Image quality mean value: 0.609393344505837
Head movement maximum value: 19.6977156035922
Head movement mean value: 9.35609509204862
Head size ratio maximum value: 0.168011764499921
Head size ratio mean value: 0.0994631433365365
Error: no error

CLICKTASK: c2
Start time: 07.12.2016 10-50-14
End time: 07.12.2016 10-50-22
Image quality minimum value: 0
Image quality mean value: 0.264216968748305
Head movement maximum value: 9.21954445729289
Head movement mean value: 5.34644863144789
Head size ratio maximum value: 0.0658251781306349
Head size ratio mean value: 0.390724563256556
Error: 
Your face is not detected properly! Please try to set your position again and repeat calibration.
