

***************
Logging from: TestCalibrationMediaDialog testcalibration_main
Time: Mon Dec 19 16:09:35 2016

H(0,0) = -2.19904
H(0,1) = -1.89806
H(0,2) = 1067.52
H(1,0) = -0.877534
H(1,1) = -0.708961
H(1,2) = 399.615
H(2,0) = -0.00220932
H(2,1) = -0.00175761
H(2,2) = 1
---------------



***************
Logging from: TestCalibrationMediaDialog testcalibration_main
Time: Mon Dec 19 16:10:51 2016

H(0,0) = 0.443942
H(0,1) = -0.0821276
H(0,2) = 0.929032
H(1,0) = -0.318341
H(1,1) = 0.739165
H(1,2) = 244.036
H(2,0) = -0.000368118
H(2,1) = -0.000585466
H(2,2) = 1
---------------

