
CALIBRATION: calibration_main
Start time: 15.03.2017 09-14-22
End time: 15.03.2017 09-14-56
Image quality on start: 0.496062994003296
Image quality minimum value: 0.496062994003296
Image quality mean value: 0.503198060255784
Head movement maximum value: 4.12310562561766
Head movement mean value: 2.32030410632537
Head size ratio maximum value: 0.0738957651301623
Head size ratio mean value: 0.031897631613323
Calibration reprojection error mean value: 97.8704800075955
Calibration reprojection error outliers count: 0
Error: no error

TEST CALIBRATION: testcalibration_main
Start time: 15.03.2017 09-14-59
End time: 15.03.2017 09-15-15
Image quality minimum value: 0.496062994003296
Image quality mean value: 0.50517283747549
Head movement maximum value: 5.3851648071345
Head movement mean value: 3.50812857946143
Head size ratio maximum value: 0.0495789639537123
Head size ratio mean value: 0.055291956348191
Calibration maximum distance: 212.758078577524
Calibration corrected maximum distance: 138.397976863826
Calibration without correction was successful: True
Calibration with correction was successful: True
Error: no error

CLICKTASK: filler
Start time: 15.03.2017 09-15-22
End time: 15.03.2017 09-15-28
Image quality minimum value: 0.464566916227341
Image quality mean value: 0.473529914275129
Head movement maximum value: 4.24264068711928
Head movement mean value: 3.0157654438502
Head size ratio maximum value: 0.0899318989513489
Head size ratio mean value: 0.139496708554852
Error: no error

CLICKTASK: full_shelf
Start time: 15.03.2017 09-15-32
End time: 15.03.2017 09-15-39
Image quality minimum value: 0.480314970016479
Image quality mean value: 0.492879882771918
Head movement maximum value: 5.09901951359278
Head movement mean value: 3.87230050418596
Head size ratio maximum value: 0.0819313387370669
Head size ratio mean value: 0.140618627050379
Error: no error

CLICKTASK: 3row_shelf
Start time: 15.03.2017 09-15-42
End time: 15.03.2017 09-15-54
Image quality minimum value: 0.456692904233933
Image quality mean value: 0.467663012951323
Head movement maximum value: 10.0498756211209
Head movement mean value: 7.20333124754884
Head size ratio maximum value: 0.144955445457888
Head size ratio mean value: 0.104256455764233
Error: no error

CLICKTASK: pack
Start time: 15.03.2017 09-15-57
End time: 15.03.2017 09-16-07
Image quality minimum value: 0.488188982009888
Image quality mean value: 0.497945909914763
Head movement maximum value: 10.0498756211209
Head movement mean value: 8.84808762915182
Head size ratio maximum value: 0.0658251781306349
Head size ratio mean value: 0.0362788223017043
Error: no error
