
CALIBRATION: calibration_main
Start time: 18.03.2017 18-00-11
End time: 18.03.2017 18-00-43
Image quality on start: 0.669291317462921
Image quality minimum value: 0.559055089950562
Image quality mean value: 0.647585996867795
Head movement maximum value: 6.08276253029822
Head movement mean value: 3.55279630594594
Head size ratio maximum value: 0.0430058850158443
Head size ratio mean value: 0.0329681506278144
Calibration reprojection error mean value: 84.0277762942844
Calibration reprojection error outliers count: 0
Error: no error

TEST CALIBRATION: testcalibration_main
Start time: 18.03.2017 18-00-54
End time: 18.03.2017 18-01-10
Image quality minimum value: 0.653543293476105
Image quality mean value: 0.671334305969444
Head movement maximum value: 13.0384048104053
Head movement mean value: 9.5720111010635
Head size ratio maximum value: 0.115599818922589
Head size ratio mean value: 0.112905484932647
Calibration maximum distance: 635.137780328017
Calibration corrected maximum distance: 289.069195868394
Calibration without correction was successful: False
Calibration with correction was successful: True
Error: no error

CLICKTASK: filler
Start time: 18.03.2017 18-01-16
End time: 18.03.2017 18-01-28
Image quality minimum value: 0.653543293476105
Image quality mean value: 0.683729887996589
Head movement maximum value: 11.6619037896906
Head movement mean value: 7.51151098760204
Head size ratio maximum value: 0.107578089633318
Head size ratio mean value: 0.0938774326024374
Error: no error

CLICKTASK: full_shelf
Start time: 18.03.2017 18-01-33
End time: 18.03.2017 18-01-44
Image quality minimum value: 0.653543293476105
Image quality mean value: 0.742724165131774
Head movement maximum value: 18.0277563773199
Head movement mean value: 12.5775807875945
Head size ratio maximum value: 0.0586871887732006
Head size ratio mean value: 0.0718861275220473
Error: no error

CLICKTASK: 3row_shelf
Start time: 18.03.2017 18-01-48
End time: 18.03.2017 18-01-57
Image quality minimum value: 0.448818892240524
Image quality mean value: 0.702499707460403
Head movement maximum value: 21.8403296678416
Head movement mean value: 13.1318984667898
Head size ratio maximum value: 0.0914259846084201
Head size ratio mean value: 0.0942093617021278
Error: no error

CLICKTASK: pack
Start time: 18.03.2017 18-02-02
End time: 18.03.2017 18-02-09
Image quality minimum value: 0.559055089950562
Image quality mean value: 0.693292877760278
Head movement maximum value: 21.095023109729
Head movement mean value: 17.5001096209775
Head size ratio maximum value: 0.0751290176550475
Head size ratio mean value: 0.0998349577576945
Error: no error
