

***************
Logging from: TestCalibrationMediaDialog testcalibration_main
Time: Wed Dec 07 21:29:27 2016

H(0,0) = 1.29891
H(0,1) = -4.67826
H(0,2) = 1395.5
H(1,0) = 0.628279
H(1,1) = -2.22345
H(1,2) = 579.38
H(2,0) = 0.00165715
H(2,1) = -0.00461605
H(2,2) = 1
---------------



***************
Logging from: TestCalibrationMediaDialog testcalibration_main_c4
Time: Wed Dec 07 21:31:35 2016

H(0,0) = 0.198306
H(0,1) = -0.418623
H(0,2) = 168.086
H(1,0) = -0.0571557
H(1,1) = 0.263826
H(1,2) = 82.3348
H(2,0) = -0.00052359
H(2,1) = -0.00118095
H(2,2) = 1
---------------

