

***************
Logging from: TestCalibrationMediaDialog testcalibration_main
Time: Tue Dec 20 07:23:54 2016

H(0,0) = 182.874
H(0,1) = 199.087
H(0,2) = -39140.4
H(1,0) = 48.5729
H(1,1) = 592.126
H(1,2) = -23301
H(2,0) = 0.0911519
H(2,1) = 0.704771
H(2,2) = 1
---------------



***************
Logging from: TestCalibrationMediaDialog testcalibration_main
Time: Tue Dec 20 07:25:12 2016

H(0,0) = 0.618322
H(0,1) = -3.84066
H(0,2) = 380.307
H(1,0) = -0.0890377
H(1,1) = -2.24331
H(1,2) = 580.054
H(2,0) = 3.34329e-005
H(2,1) = -0.00452147
H(2,2) = 1
---------------

