
CALIBRATION: calibration_main
Start time: 20.12.2016 07-23-02
End time: 20.12.2016 07-23-34
Image quality on start: 0.62992125749588
Image quality minimum value: 0.590551197528839
Image quality mean value: 0.610660212773543
Head movement maximum value: 12.2065556157337
Head movement mean value: 7.24071855881427
Head size ratio maximum value: 0.116226719616046
Head size ratio mean value: 0.0720692334062764
Calibration reprojection error mean value: 203.729114320543
Calibration reprojection error outliers count: 2
Error: no error

TEST CALIBRATION: testcalibration_main
Start time: 20.12.2016 07-23-39
End time: 20.12.2016 07-23-59
Image quality minimum value: 0.606299221515656
Image quality mean value: 0.626497774020485
Head movement maximum value: 10.295630140987
Head movement mean value: 8.7280627720194
Head size ratio maximum value: 0.0545350294123893
Head size ratio mean value: 0.0644462923920787
Calibration maximum distance: 886.738405619154
Calibration corrected maximum distance: 544.713686260957
Calibration without correction was successful: False
Calibration with correction was successful: False
Error: 
Calibration not accurate enough. 
We need some further fine tuning of the calibration, it doesn't always get right from the first time. Please try again, give your best to keep your head still and focus at the red dot.

CALIBRATION: calibration_main
Start time: 20.12.2016 07-24-24
End time: 20.12.2016 07-24-54
Image quality on start: 0.700787425041199
Image quality minimum value: 0.614173233509064
Image quality mean value: 0.646446322139941
Head movement maximum value: 10.295630140987
Head movement mean value: 7.45071653550769
Head size ratio maximum value: 0.103375362205341
Head size ratio mean value: 0.0557172799254772
Calibration reprojection error mean value: 276.630767822266
Calibration reprojection error outliers count: 3
Error: no error

TEST CALIBRATION: testcalibration_main
Start time: 20.12.2016 07-24-56
End time: 20.12.2016 07-25-12
Image quality minimum value: 0.622047245502472
Image quality mean value: 0.635348365363847
Head movement maximum value: 12.6491106406735
Head movement mean value: 10.195227413457
Head size ratio maximum value: 0.103375362205341
Head size ratio mean value: 0.0930086529908245
Calibration maximum distance: 673.759601044764
Calibration corrected maximum distance: 279.807076393718
Calibration without correction was successful: False
Calibration with correction was successful: True
Error: no error

VIDEOTASK: 1
Start time: 20.12.2016 07-25-26
End time: 20.12.2016 07-26-53
Image quality minimum value: 0.637795269489288
Image quality mean value: 0.730643589256833
Head movement maximum value: 66.8879660327626
Head movement mean value: 43.2443854002733
Head size ratio maximum value: 0.247865925287806
Head size ratio mean value: 0.169008249182304
Error: no error
