

***************
Logging from: TestCalibrationMediaDialog testcalibration_main
Time: Wed Mar 01 20:01:40 2017

H(0,0) = 0.364394
H(0,1) = -0.0764643
H(0,2) = 81.7916
H(1,0) = -0.176971
H(1,1) = 0.579227
H(1,2) = 188.333
H(2,0) = -0.000440063
H(2,1) = -2.94224e-005
H(2,2) = 1
---------------



***************
Logging from: TestCalibrationMediaDialog testcalibration_main
Time: Wed Mar 01 20:04:18 2017

H(0,0) = -0.0464379
H(0,1) = -0.491095
H(0,2) = 336.118
H(1,0) = -0.121027
H(1,1) = -0.0279929
H(1,2) = 171.871
H(2,0) = -0.000564003
H(2,1) = -0.00106526
H(2,2) = 1
---------------

