
CALIBRATION: calibration_main
Start time: 01.03.2017 20-00-37
End time: 01.03.2017 20-01-14
Image quality on start: 0.846625745296478
Image quality minimum value: 0.780487775802612
Image quality mean value: 0.827634437593119
Head movement maximum value: 17.2046505340853
Head movement mean value: 8.36521093274247
Head size ratio maximum value: 0.147959183673469
Head size ratio mean value: 0.0837530777972443
Calibration reprojection error mean value: 65.0764565997654
Calibration reprojection error outliers count: 0
Error: no error

TEST CALIBRATION: testcalibration_main
Start time: 01.03.2017 20-01-23
End time: 01.03.2017 20-01-40
Image quality minimum value: 0.75
Image quality mean value: 0.783931275208791
Head movement maximum value: 28.0178514522438
Head movement mean value: 17.0206709241405
Head size ratio maximum value: 0.167171556122449
Head size ratio mean value: 0.126756673651604
Calibration maximum distance: 332.415402771893
Calibration corrected maximum distance: 136.297468795279
Calibration without correction was successful: False
Calibration with correction was successful: True
Error: no error

CLICKTASK: shoppersmode
Start time: 01.03.2017 20-01-48
End time: 01.03.2017 20-02-37
Image quality minimum value: 0.458100557327271
Image quality mean value: 0.643292961302649
Head movement maximum value: 100.124921972504
Head movement mean value: 58.7900588546977
Head size ratio maximum value: 0.162448182397959
Head size ratio mean value: 0.0712581696009684
Error: 
Sorry, but we have lost your eyes. This is probably due to excessive head movements. Please try to recalibrate again and give your best to keep your head still.

CALIBRATION: calibration_main
Start time: 01.03.2017 20-03-22
End time: 01.03.2017 20-03-58
Image quality on start: 0.902777791023254
Image quality minimum value: 0.753086447715759
Image quality mean value: 0.871807252825293
Head movement maximum value: 37.6430604494374
Head movement mean value: 27.4277286255332
Head size ratio maximum value: 0.119036626654355
Head size ratio mean value: 0.0603173407784317
Calibration reprojection error mean value: 105.93302737342
Calibration reprojection error outliers count: 0
Error: no error

TEST CALIBRATION: testcalibration_main
Start time: 01.03.2017 20-04-01
End time: 01.03.2017 20-04-18
Image quality minimum value: 0.75301206111908
Image quality mean value: 0.844824386068753
Head movement maximum value: 63.285069329187
Head movement mean value: 35.925631947731
Head size ratio maximum value: 0.102493074792244
Head size ratio mean value: 0.0958275623268698
Calibration maximum distance: 362.926989902928
Calibration corrected maximum distance: 326.547086956843
Calibration without correction was successful: False
Calibration with correction was successful: False
Error: 
Calibration not accurate enough. 
We need some further fine tuning of the calibration, it doesn't always get right from the first time. Please try again, give your best to keep your head still and focus at the red dot.

CLICKTASK: shoppersmode
Start time: 01.03.2017 20-04-26
End time: 01.03.2017 20-04-53
Image quality minimum value: 1000
Image quality mean value: 0
Head movement maximum value: 0
Head movement mean value: 0
Head size ratio maximum value: 0
Head size ratio mean value: 0
Error: no error

CLICKTASK: shelftask
Start time: 01.03.2017 20-05-02
End time: 01.03.2017 20-05-30
Image quality minimum value: 1000
Image quality mean value: 0
Head movement maximum value: 0
Head movement mean value: 0
Head size ratio maximum value: 0
Head size ratio mean value: 0
Error: no error

VIDEOTASK: 3drot
Start time: 01.03.2017 20-05-35
End time: 01.03.2017 20-05-48
Image quality minimum value: 1000
Image quality mean value: 0
Head movement maximum value: 0
Head movement mean value: 0
Head size ratio maximum value: 0
Head size ratio mean value: 0
Error: no error
