

***************
Logging from: TestCalibrationMediaDialog testcalibration_main
Time: Wed Mar 15 15:38:50 2017

H(0,0) = 1.37645
H(0,1) = -4.26248
H(0,2) = 1049.63
H(1,0) = 1.08464
H(1,1) = -3.11036
H(1,2) = 736.278
H(2,0) = 0.00160361
H(2,1) = -0.00455124
H(2,2) = 1
---------------



***************
Logging from: TestCalibrationMediaDialog testcalibration_main
Time: Wed Mar 15 15:39:52 2017

H(0,0) = 28.7369
H(0,1) = -148.923
H(0,2) = 21498.4
H(1,0) = 34.3077
H(1,1) = -121.403
H(1,2) = 6622.11
H(2,0) = 0.0752135
H(2,1) = -0.224405
H(2,2) = 1
---------------

