
CALIBRATION: calibration_main
Start time: 15.03.2017 15-38-00
End time: 15.03.2017 15-38-31
Image quality on start: 0.89130437374115
Image quality minimum value: 0.833333313465118
Image quality mean value: 0.891149516102716
Head movement maximum value: 7.07106781186548
Head movement mean value: 3.03972707171142
Head size ratio maximum value: 0.110314448618447
Head size ratio mean value: 0.0470055346270914
Calibration reprojection error mean value: 228.765135871039
Calibration reprojection error outliers count: 2
Error: no error

TEST CALIBRATION: testcalibration_main
Start time: 15.03.2017 15-38-34
End time: 15.03.2017 15-38-54
Image quality minimum value: 0.84722226858139
Image quality mean value: 0.888839496294194
Head movement maximum value: 8.94427190999916
Head movement mean value: 6.51150965853034
Head size ratio maximum value: 0.0801472130584848
Head size ratio mean value: 0.0533265122103345
Calibration maximum distance: 559.607004959731
Calibration corrected maximum distance: 644.829434812028
Calibration without correction was successful: False
Calibration with correction was successful: False
Error: 
Calibration not accurate enough. 
We need some further fine tuning of the calibration, it doesn't always get right from the first time. Please try again, give your best to keep your head still and focus at the red dot.

CALIBRATION: calibration_main
Start time: 15.03.2017 15-39-04
End time: 15.03.2017 15-39-35
Image quality on start: 0.881889760494232
Image quality minimum value: 0.84722226858139
Image quality mean value: 0.894901637745844
Head movement maximum value: 8.60232526704263
Head movement mean value: 3.49628685078831
Head size ratio maximum value: 0.0929705215419501
Head size ratio mean value: 0.0451337770504425
Calibration reprojection error mean value: 404.866882536146
Calibration reprojection error outliers count: 5
Error: no error

TEST CALIBRATION: testcalibration_main
Start time: 15.03.2017 15-39-37
End time: 15.03.2017 15-39-52
Image quality minimum value: 0.795275568962097
Image quality mean value: 0.887841073168114
Head movement maximum value: 21.9544984001002
Head movement mean value: 7.51380175136038
Head size ratio maximum value: 0.152602087667023
Head size ratio mean value: 0.0429163178517574
Calibration maximum distance: 867.009227171199
Calibration corrected maximum distance: 474.30475435104
Calibration without correction was successful: False
Calibration with correction was successful: False
Error: 
Calibration not accurate enough. 
We need some further fine tuning of the calibration, it doesn't always get right from the first time. Please try again, give your best to keep your head still and focus at the red dot.

CLICKTASK: filler
Start time: 15.03.2017 15-39-56
End time: 15.03.2017 15-40-01
Image quality minimum value: 1000
Image quality mean value: 0
Head movement maximum value: 0
Head movement mean value: 0
Head size ratio maximum value: 0
Head size ratio mean value: 0
Error: no error

CLICKTASK: full_shelf
Start time: 15.03.2017 15-40-06
End time: 15.03.2017 15-40-17
Image quality minimum value: 1000
Image quality mean value: 0
Head movement maximum value: 0
Head movement mean value: 0
Head size ratio maximum value: 0
Head size ratio mean value: 0
Error: no error

CLICKTASK: 3row_shelf
Start time: 15.03.2017 15-40-22
End time: 15.03.2017 15-40-30
Image quality minimum value: 1000
Image quality mean value: 0
Head movement maximum value: 0
Head movement mean value: 0
Head size ratio maximum value: 0
Head size ratio mean value: 0
Error: no error

CLICKTASK: pack
Start time: 15.03.2017 15-40-36
End time: 15.03.2017 15-40-43
Image quality minimum value: 1000
Image quality mean value: 0
Head movement maximum value: 0
Head movement mean value: 0
Head size ratio maximum value: 0
Head size ratio mean value: 0
Error: no error
