

***************
Logging from: TestCalibrationMediaDialog testcalibration_main
Time: Sun Jan 18 23:55:44 2015

H(0,0) = -0.327961
H(0,1) = -0.565836
H(0,2) = 391.523
H(1,0) = -0.355235
H(1,1) = -0.58312
H(1,2) = 413.72
H(2,0) = -0.000849113
H(2,1) = -0.00144016
H(2,2) = 1
---------------



***************
Logging from: TestCalibrationMediaDialog testcalibration_main
Time: Mon Jan 19 00:02:33 2015

H(0,0) = 0.707414
H(0,1) = -0.523448
H(0,2) = 241.523
H(1,0) = 0.0945955
H(1,1) = 0.282634
H(1,2) = 37.2599
H(2,0) = 2.34496e-005
H(2,1) = -0.000876867
H(2,2) = 1
---------------



***************
Logging from: VideoMediaDialog v - start
Time: Mon Jan 19 00:02:46 2015

H(0,0) = 0.707414
H(0,1) = -0.523448
H(0,2) = 241.523
H(1,0) = 0.0945955
H(1,1) = 0.282634
H(1,2) = 37.2599
H(2,0) = 2.34496e-005
H(2,1) = -0.000876867
H(2,2) = 1
---------------



***************
Logging from: VideoMediaDialog v - stop
Time: Mon Jan 19 00:04:28 2015

H(0,0) = 0.707414
H(0,1) = -0.523448
H(0,2) = 241.523
H(1,0) = 0.0945955
H(1,1) = 0.282634
H(1,2) = 37.2599
H(2,0) = 2.34496e-005
H(2,1) = -0.000876867
H(2,2) = 1
---------------

