
CALIBRATION: calibration_main
Start time: 06.12.2016 14-46-46
End time: 06.12.2016 14-47-20
Image quality on start: 0.833333313465118
Image quality minimum value: 0.770833373069763
Image quality mean value: 0.85185887677498
Head movement maximum value: 8.06225774829855
Head movement mean value: 2.83443122484795
Head size ratio maximum value: 0.0780601456652831
Head size ratio mean value: 0.0520298948270924
Calibration reprojection error mean value: 21.2951997121175
Calibration reprojection error outliers count: 0
Error: no error

TEST CALIBRATION: testcalibration_main
Start time: 06.12.2016 14-47-27
End time: 06.12.2016 14-47-44
Image quality minimum value: 0.84027773141861
Image quality mean value: 0.865726661391375
Head movement maximum value: 6
Head movement mean value: 3.62012873388553
Head size ratio maximum value: 0.0780601456652831
Head size ratio mean value: 0.100238477715657
Calibration maximum distance: 263.273621922136
Calibration corrected maximum distance: 96.8400743494138
Calibration without correction was successful: True
Calibration with correction was successful: True
Error: no error

CLICKTASK: c1
Start time: 06.12.2016 14-47-55
End time: 06.12.2016 14-49-00
Image quality minimum value: 0.798611104488373
Image quality mean value: 0.856025366871445
Head movement maximum value: 9.21954445729289
Head movement mean value: 5.86712708820525
Head size ratio maximum value: 0.128338162737881
Head size ratio mean value: 0.0555257396769241
Error: no error

CLICKTASK: c2
Start time: 06.12.2016 14-49-12
End time: 06.12.2016 14-49-27
Image quality minimum value: 0.8125
Image quality mean value: 0.861273717312586
Head movement maximum value: 8.24621125123532
Head movement mean value: 4.48699655221061
Head size ratio maximum value: 0.0780601456652831
Head size ratio mean value: 0.0350083142001069
Error: no error

CLICKTASK: c3
Start time: 06.12.2016 14-49-31
End time: 06.12.2016 14-50-32
Image quality minimum value: 0.798611104488373
Image quality mean value: 0.860544430468716
Head movement maximum value: 11.1803398874989
Head movement mean value: 7.76215579170877
Head size ratio maximum value: 0.103375362205341
Head size ratio mean value: 0.0434056615753281
Error: no error

CLICKTASK: c4
Start time: 06.12.2016 14-50-39
End time: 06.12.2016 14-51-03
Image quality minimum value: 0.819444417953491
Image quality mean value: 0.862196005094125
Head movement maximum value: 12.0415945787923
Head movement mean value: 9.50096772128522
Head size ratio maximum value: 0.0780601456652831
Head size ratio mean value: 0.0513233476456229
Error: no error
