

***************
Logging from: TestCalibrationMediaDialog testcalibration_main
Time: Fri Mar 03 12:40:19 2017

H(0,0) = 0.695854
H(0,1) = -1.92002
H(0,2) = 529.683
H(1,0) = 0.0350547
H(1,1) = 0.551089
H(1,2) = -34.6563
H(2,0) = -0.00037989
H(2,1) = -0.000538341
H(2,2) = 1
---------------



***************
Logging from: TestCalibrationMediaDialog testcalibration_main
Time: Fri Mar 03 12:44:14 2017

H(0,0) = 2.98274
H(0,1) = -3.01091
H(0,2) = -583.051
H(1,0) = -0.178402
H(1,1) = 0.756303
H(1,2) = 99.7444
H(2,0) = 0.000959505
H(2,1) = -0.0027837
H(2,2) = 1
---------------

