
CALIBRATION: calibration_main
Start time: 03.03.2017 12-38-44
End time: 03.03.2017 12-38-54
Image quality on start: 0.291666775941849
Image quality minimum value: 1000
Image quality mean value: 0
Head movement maximum value: 0
Head movement mean value: 0
Head size ratio maximum value: 0
Head size ratio mean value: 0
Calibration reprojection error mean value: 999999
Calibration reprojection error outliers count: 999999
Error: 
Bad Face Size!
Your face in the camera image is too big or too small. Please set your position again and repeat calibration.

CALIBRATION: calibration_main
Start time: 03.03.2017 12-39-18
End time: 03.03.2017 12-39-57
Image quality on start: 0.569444477558136
Image quality minimum value: 0.430555522441864
Image quality mean value: 0.629086363028926
Head movement maximum value: 36.7151195013716
Head movement mean value: 15.4314367163262
Head size ratio maximum value: 0.182466135263338
Head size ratio mean value: 0.0760401214946671
Calibration reprojection error mean value: 204.604434543186
Calibration reprojection error outliers count: 2
Error: no error

TEST CALIBRATION: testcalibration_main
Start time: 03.03.2017 12-40-02
End time: 03.03.2017 12-40-20
Image quality minimum value: 0.527777850627899
Image quality mean value: 0.649430471358539
Head movement maximum value: 34
Head movement mean value: 23.2801945251942
Head size ratio maximum value: 0.12983519976527
Head size ratio mean value: 0.101614527244652
Calibration maximum distance: 498.196748283246
Calibration corrected maximum distance: 101.980390271856
Calibration without correction was successful: False
Calibration with correction was successful: True
Error: no error

CLICKTASK: shoppersmode
Start time: 03.03.2017 12-40-39
End time: 03.03.2017 12-42-29
Image quality minimum value: 0.388888895511627
Image quality mean value: 0.785181157203964
Head movement maximum value: 79.1201617794099
Head movement mean value: 31.8902053594092
Head size ratio maximum value: 0.364467700132036
Head size ratio mean value: 0.170710557978931
Error: 
Sorry, but we have lost your eyes. This is probably due to excessive head movements. Please try to recalibrate again and give your best to keep your head still.

CALIBRATION: calibration_main
Start time: 03.03.2017 12-43-18
End time: 03.03.2017 12-43-55
Image quality on start: 0.493055552244186
Image quality minimum value: 0.298611104488373
Image quality mean value: 0.432443030420532
Head movement maximum value: 12.5299640861417
Head movement mean value: 5.67398614866024
Head size ratio maximum value: 0.136436454254183
Head size ratio mean value: 0.051726559285596
Calibration reprojection error mean value: 226.707855436537
Calibration reprojection error outliers count: 4
Error: no error

TEST CALIBRATION: testcalibration_main
Start time: 03.03.2017 12-43-58
End time: 03.03.2017 12-44-15
Image quality minimum value: 0.263888835906982
Image quality mean value: 0.373798820134756
Head movement maximum value: 13
Head movement mean value: 8.75762479435187
Head size ratio maximum value: 0.149885289347732
Head size ratio mean value: 0.124053049133149
Calibration maximum distance: 479.90103146378
Calibration corrected maximum distance: 55.4436651025164
Calibration without correction was successful: False
Calibration with correction was successful: True
Error: no error

CLICKTASK: shoppersmode
Start time: 03.03.2017 12-44-31
End time: 03.03.2017 12-44-41
Image quality minimum value: 0.194444447755814
Image quality mean value: 0.325630280024865
Head movement maximum value: 16.4012194668567
Head movement mean value: 9.99811835014753
Head size ratio maximum value: 0.183853486808275
Head size ratio mean value: 0.194114705333896
Error: 
Bad Face Size!
Your face in the camera image is too big or too small. Please set your position again and repeat calibration.

CALIBRATION: calibration_main
Start time: 03.03.2017 12-45-02
End time: 03.03.2017 12-45-36
Image quality on start: 0.534722208976746
Image quality minimum value: 0.409722298383713
Image quality mean value: 0.514977306889107
Head movement maximum value: 20.0997512422418
Head movement mean value: 11.331226094095
Head size ratio maximum value: 0.149974030470914
Head size ratio mean value: 0.0641790605666638
Calibration reprojection error mean value: 252.855730692546
Calibration reprojection error outliers count: 4
Error: no error

TEST CALIBRATION: testcalibration_main
Start time: 03.03.2017 12-45-38
End time: 03.03.2017 12-45-54
Image quality minimum value: 1000
Image quality mean value: 0
Head movement maximum value: 0
Head movement mean value: 0
Head size ratio maximum value: 0
Head size ratio mean value: 0
Calibration maximum distance: 0
Calibration corrected maximum distance: 0
Calibration without correction was successful: False
Calibration with correction was successful: False
Error: no error

CLICKTASK: shoppersmode
Start time: 03.03.2017 12-45-57
End time: 03.03.2017 12-46-14
Image quality minimum value: 1000
Image quality mean value: 0
Head movement maximum value: 0
Head movement mean value: 0
Head size ratio maximum value: 0
Head size ratio mean value: 0
Error: no error

CLICKTASK: shelftask
Start time: 03.03.2017 12-46-24
End time: 03.03.2017 12-46-35
Image quality minimum value: 1000
Image quality mean value: 0
Head movement maximum value: 0
Head movement mean value: 0
Head size ratio maximum value: 0
Head size ratio mean value: 0
Error: no error

VIDEOTASK: 3drot
Start time: 03.03.2017 12-46-53
End time: 03.03.2017 12-47-14
Image quality minimum value: 1000
Image quality mean value: 0
Head movement maximum value: 0
Head movement mean value: 0
Head size ratio maximum value: 0
Head size ratio mean value: 0
Error: no error
