
CALIBRATION: calibration_main
Start time: 20.03.2017 12-45-40
End time: 20.03.2017 12-46-13
Image quality on start: 0.614173233509064
Image quality minimum value: 0.62992125749588
Image quality mean value: 0.711371963482877
Head movement maximum value: 9.48683298050514
Head movement mean value: 3.10904690073998
Head size ratio maximum value: 0.11236572265625
Head size ratio mean value: 0.0373323849982616
Calibration reprojection error mean value: 150.277610354953
Calibration reprojection error outliers count: 1
Error: no error

TEST CALIBRATION: testcalibration_main
Start time: 20.03.2017 12-46-13
End time: 20.03.2017 12-46-29
Image quality minimum value: 0.614173233509064
Image quality mean value: 0.697359877941655
Head movement maximum value: 16.5529453572468
Head movement mean value: 10.8152590261923
Head size ratio maximum value: 0.104141235351563
Head size ratio mean value: 0.0651806999655331
Calibration maximum distance: 467.952989091853
Calibration corrected maximum distance: 230.054341406547
Calibration without correction was successful: False
Calibration with correction was successful: True
Error: no error

WATCHTASK: 1
Start time: 20.03.2017 12-46-34
End time: 20.03.2017 12-46-49
Image quality minimum value: 0.606299221515656
Image quality mean value: 0.622628353398664
Head movement maximum value: 17.2626765016321
Head movement mean value: 12.8460997137558
Head size ratio maximum value: 0.095947265625
Head size ratio mean value: 0.0579739391143911
Error: no error
