

***************
Logging from: TestCalibrationMediaDialog testcalibration_main
Time: Tue Dec 20 11:06:00 2016

H(0,0) = -1.63889
H(0,1) = -3.3737
H(0,2) = 2608.8
H(1,0) = -0.459646
H(1,1) = -1.771
H(1,2) = 910.217
H(2,0) = -0.00063745
H(2,1) = -0.00231222
H(2,2) = 1
---------------



***************
Logging from: TestCalibrationMediaDialog testcalibration_main
Time: Tue Dec 20 11:07:18 2016

H(0,0) = 1.26074
H(0,1) = -0.640807
H(0,2) = 466.189
H(1,0) = 0.299348
H(1,1) = 0.975631
H(1,2) = -293.769
H(2,0) = 0.000141709
H(2,1) = -0.000418874
H(2,2) = 1
---------------

