
CALIBRATION: calibration_main
Start time: 20.12.2016 11-05-10
End time: 20.12.2016 11-05-42
Image quality on start: 0.559055089950562
Image quality minimum value: 0.559055089950562
Image quality mean value: 0.580052514655003
Head movement maximum value: 34.1760149812701
Head movement mean value: 18.4538777071726
Head size ratio maximum value: 0.170791625976563
Head size ratio mean value: 0.0900310018788213
Calibration reprojection error mean value: 106.958202785916
Calibration reprojection error outliers count: 0
Error: no error

TEST CALIBRATION: testcalibration_main
Start time: 20.12.2016 11-05-44
End time: 20.12.2016 11-06-00
Image quality minimum value: 0.574803173542023
Image quality mean value: 0.586715140403845
Head movement maximum value: 57.3061951275776
Head movement mean value: 45.4423537883669
Head size ratio maximum value: 0.204849243164063
Head size ratio mean value: 0.154628460223858
Calibration maximum distance: 531.304997153236
Calibration corrected maximum distance: 403.160017858914
Calibration without correction was successful: False
Calibration with correction was successful: True
Error: no error

VIDEOTASK: 1
Start time: 20.12.2016 11-06-03
End time: 20.12.2016 11-06-12
Image quality minimum value: 0.448818892240524
Image quality mean value: 0.48127912927647
Head movement maximum value: 70.0071424927486
Head movement mean value: 51.4571051625074
Head size ratio maximum value: 0.39166259765625
Head size ratio mean value: 0.338563257334184
Error: 
Sorry, but we have lost your eyes. This is probably due to excessive head movements. Please try to recalibrate again and give your best to keep your head still.

CALIBRATION: calibration_main
Start time: 20.12.2016 11-06-30
End time: 20.12.2016 11-07-01
Image quality on start: 0.574803173542023
Image quality minimum value: 0.582677185535431
Image quality mean value: 0.595564507323203
Head movement maximum value: 12.0415945787923
Head movement mean value: 7.51631279964725
Head size ratio maximum value: 0.195733359772622
Head size ratio mean value: 0.0941855676672223
Calibration reprojection error mean value: 120.808691660563
Calibration reprojection error outliers count: 0
Error: no error

TEST CALIBRATION: testcalibration_main
Start time: 20.12.2016 11-07-02
End time: 20.12.2016 11-07-18
Image quality minimum value: 0.590551197528839
Image quality mean value: 0.600998416056041
Head movement maximum value: 15.6524758424985
Head movement mean value: 12.438482371236
Head size ratio maximum value: 0.142986978650274
Head size ratio mean value: 0.0962790805175707
Calibration maximum distance: 517.189520388803
Calibration corrected maximum distance: 28.3196045170126
Calibration without correction was successful: False
Calibration with correction was successful: True
Error: no error

VIDEOTASK: 1
Start time: 20.12.2016 11-07-20
End time: 20.12.2016 11-08-46
Image quality minimum value: 0.503937005996704
Image quality mean value: 0.547893339290954
Head movement maximum value: 32.9848450049413
Head movement mean value: 23.5553564466254
Head size ratio maximum value: 0.222552713332011
Head size ratio mean value: 0.122518446622206
Error: no error
