

***************
Logging from: TestCalibrationMediaDialog testcalibration_main
Time: Sun Jan 18 04:24:55 2015

H(0,0) = 2.02777
H(0,1) = -5.91697
H(0,2) = 1299.91
H(1,0) = 1.10051
H(1,1) = -3.16041
H(1,2) = 680.743
H(2,0) = 0.00172058
H(2,1) = -0.00480907
H(2,2) = 1
---------------



***************
Logging from: TestCalibrationMediaDialog testcalibration_main
Time: Sun Jan 18 04:26:27 2015

H(0,0) = -0.124306
H(0,1) = -0.204787
H(0,2) = 257.01
H(1,0) = -0.206938
H(1,1) = -0.0345569
H(1,2) = 206.025
H(2,0) = -0.000564019
H(2,1) = -0.000720569
H(2,2) = 1
---------------



***************
Logging from: VideoMediaDialog v - start
Time: Sun Jan 18 04:26:34 2015

H(0,0) = -0.124306
H(0,1) = -0.204787
H(0,2) = 257.01
H(1,0) = -0.206938
H(1,1) = -0.0345569
H(1,2) = 206.025
H(2,0) = -0.000564019
H(2,1) = -0.000720569
H(2,2) = 1
---------------



***************
Logging from: VideoMediaDialog v - stop
Time: Sun Jan 18 04:28:18 2015

H(0,0) = -0.124306
H(0,1) = -0.204787
H(0,2) = 257.01
H(1,0) = -0.206938
H(1,1) = -0.0345569
H(1,2) = 206.025
H(2,0) = -0.000564019
H(2,1) = -0.000720569
H(2,2) = 1
---------------

