
CALIBRATION: calibration_main
Start time: 17.03.2017 14-31-40
End time: 17.03.2017 14-32-13
Image quality on start: 0.673611164093018
Image quality minimum value: 0.618055641651154
Image quality mean value: 0.704021086455673
Head movement maximum value: 7.61577310586391
Head movement mean value: 3.78142409223495
Head size ratio maximum value: 0.0421004979628792
Head size ratio mean value: 0.0403679108437139
Calibration reprojection error mean value: 99.4591092003716
Calibration reprojection error outliers count: 0
Error: no error

TEST CALIBRATION: testcalibration_main
Start time: 17.03.2017 14-32-13
End time: 17.03.2017 14-32-29
Image quality minimum value: 0.65972226858139
Image quality mean value: 0.72578632926184
Head movement maximum value: 8.06225774829855
Head movement mean value: 6.45509280101995
Head size ratio maximum value: 0.0628112267994567
Head size ratio mean value: 0.0607594685734621
Calibration maximum distance: 294.73038526762
Calibration corrected maximum distance: 47.0106370941726
Calibration without correction was successful: True
Calibration with correction was successful: True
Error: no error

WATCHTASK: 1
Start time: 17.03.2017 14-32-31
End time: 17.03.2017 14-32-45
Image quality minimum value: 0.645833373069763
Image quality mean value: 0.707235719528666
Head movement maximum value: 12.0415945787923
Head movement mean value: 8.13520921403036
Head size ratio maximum value: 0.0696645037975957
Head size ratio mean value: 0.0751370192522814
Error: no error
