
CALIBRATION: calibration_main
Start time: 17.12.2016 15-37-32
End time: 17.12.2016 15-38-06
Image quality on start: 0.798611104488373
Image quality minimum value: 0.777777791023254
Image quality mean value: 0.830398243647796
Head movement maximum value: 27.2029410174709
Head movement mean value: 18.2590613568595
Head size ratio maximum value: 0.113688012336661
Head size ratio mean value: 0.0708041862168966
Calibration reprojection error mean value: 61.8046032587687
Calibration reprojection error outliers count: 0
Error: no error

TEST CALIBRATION: testcalibration_main
Start time: 17.12.2016 15-38-14
End time: 17.12.2016 15-38-30
Image quality minimum value: 0.805555522441864
Image quality mean value: 0.861223660941635
Head movement maximum value: 22.0227155455452
Head movement mean value: 18.6450262025098
Head size ratio maximum value: 0.0533235938641344
Head size ratio mean value: 0.096788149153014
Calibration maximum distance: 220.952483579615
Calibration corrected maximum distance: 51.2445119012758
Calibration without correction was successful: True
Calibration with correction was successful: True
Error: no error

VIDEOTASK: 1
Start time: 17.12.2016 15-38-37
End time: 17.12.2016 15-40-05
Image quality minimum value: 0.614173233509064
Image quality mean value: 0.749844157767153
Head movement maximum value: 40.4474968323134
Head movement mean value: 33.4308864937351
Head size ratio maximum value: 0.163846278711144
Head size ratio mean value: 0.118437016074173
Error: no error
