
CALIBRATION: calibration_main
Start time: 09.12.2016 00-08-52
End time: 09.12.2016 00-09-29
Image quality on start: 0.479166686534882
Image quality minimum value: 0.437500059604645
Image quality mean value: 0.516551131379546
Head movement maximum value: 25.4950975679639
Head movement mean value: 17.759597115608
Head size ratio maximum value: 0.0980973853882362
Head size ratio mean value: 0.0703161392538408
Calibration reprojection error mean value: 60.2128917906019
Calibration reprojection error outliers count: 0
Error: no error

TEST CALIBRATION: testcalibration_main
Start time: 09.12.2016 00-09-33
End time: 09.12.2016 00-09-50
Image quality minimum value: 0.493055552244186
Image quality mean value: 0.547946245904933
Head movement maximum value: 27.5136329843952
Head movement mean value: 22.5691120572608
Head size ratio maximum value: 0.11000355998576
Head size ratio mean value: 0.117870455232127
Calibration maximum distance: 155.080624192708
Calibration corrected maximum distance: 158.319297623505
Calibration without correction was successful: True
Calibration with correction was successful: True
Error: no error

CLICKTASK: c1
Start time: 09.12.2016 00-10-01
End time: 09.12.2016 00-10-22
Image quality minimum value: 0.493055552244186
Image quality mean value: 0.543550313785185
Head movement maximum value: 22.8473193175917
Head movement mean value: 16.4149054741503
Head size ratio maximum value: 0.0980973853882362
Head size ratio mean value: 0.0809196138669333
Error: no error

CLICKTASK: c2
Start time: 09.12.2016 00-10-29
End time: 09.12.2016 00-10-47
Image quality minimum value: 0.520833313465118
Image quality mean value: 0.581829734057544
Head movement maximum value: 45.2216762183801
Head movement mean value: 26.2256738109415
Head size ratio maximum value: 0.162602349590602
Head size ratio mean value: 0.101683885871805
Error: no error

CLICKTASK: c3
Start time: 09.12.2016 00-10-54
End time: 09.12.2016 00-11-47
Image quality minimum value: 0.534722208976746
Image quality mean value: 0.649274939277765
Head movement maximum value: 84.0951841665146
Head movement mean value: 41.4902102190749
Head size ratio maximum value: 0.262993948024208
Head size ratio mean value: 0.173307011685734
Error: no error

CLICKTASK: c4
Start time: 09.12.2016 00-11-59
End time: 09.12.2016 00-12-31
Image quality minimum value: 0.555555582046509
Image quality mean value: 0.668703992081725
Head movement maximum value: 56.5862174031804
Head movement mean value: 36.2334313745361
Head size ratio maximum value: 0.262993948024208
Head size ratio mean value: 0.196030615877537
Error: no error
