
CALIBRATION: calibration_main
Start time: 21.01.2015 22-09-07
End time: 21.01.2015 22-09-44
Image quality on start: 0.818897664546967
Image quality minimum value: 0.703225791454315
Image quality mean value: 0.752778745453123
Head movement maximum value: 40.7921561087423
Head movement mean value: 27.940531952367
Head size ratio maximum value: 0.0929705215419501
Head size ratio mean value: 0.0528227788246234
Calibration reprojection error mean value: 152.039001040988
Calibration reprojection error outliers count: 1
Error: no error

TEST CALIBRATION: testcalibration_main
Start time: 21.01.2015 22-09-46
End time: 21.01.2015 22-10-03
Image quality minimum value: 0.701298713684082
Image quality mean value: 0.729540072705435
Head movement maximum value: 39.8120584747888
Head movement mean value: 29.5765546753858
Head size ratio maximum value: 0.077790375409423
Head size ratio mean value: 0.112637889294204
Calibration maximum distance: 392.674165180242
Calibration corrected maximum distance: 226.614209616255
Calibration without correction was successful: False
Calibration with correction was successful: True
Error: no error

VIDEOTASK: v
Start time: 21.01.2015 22-10-09
End time: 21.01.2015 22-11-54
Image quality minimum value: 0.637795269489288
Image quality mean value: 0.684976933831754
Head movement maximum value: 47.0744091837593
Head movement mean value: 39.5556149719041
Head size ratio maximum value: 0.139471529352482
Head size ratio mean value: 0.0646342487612335
Error: no error
