

***************
Logging from: TestCalibrationMediaDialog testcalibration_main
Time: Sun Jan 18 08:22:25 2015

H(0,0) = -0.49637
H(0,1) = -1.64265
H(0,2) = 915.76
H(1,0) = -0.282599
H(1,1) = -0.83566
H(1,2) = 479.238
H(2,0) = -0.000542624
H(2,1) = -0.00183107
H(2,2) = 1
---------------



***************
Logging from: VideoMediaDialog v - start
Time: Sun Jan 18 08:22:38 2015

H(0,0) = -0.49637
H(0,1) = -1.64265
H(0,2) = 915.76
H(1,0) = -0.282599
H(1,1) = -0.83566
H(1,2) = 479.238
H(2,0) = -0.000542624
H(2,1) = -0.00183107
H(2,2) = 1
---------------



***************
Logging from: TestCalibrationMediaDialog testcalibration_main
Time: Sun Jan 18 08:24:10 2015

H(0,0) = 0.180636
H(0,1) = -0.505244
H(0,2) = 249.029
H(1,0) = 0.0463985
H(1,1) = 0.052432
H(1,2) = -23.038
H(2,0) = -1.91299e-005
H(2,1) = -0.00152651
H(2,2) = 1
---------------



***************
Logging from: VideoMediaDialog v - start
Time: Sun Jan 18 08:24:13 2015

H(0,0) = 0.180636
H(0,1) = -0.505244
H(0,2) = 249.029
H(1,0) = 0.0463985
H(1,1) = 0.052432
H(1,2) = -23.038
H(2,0) = -1.91299e-005
H(2,1) = -0.00152651
H(2,2) = 1
---------------



***************
Logging from: VideoMediaDialog v - stop
Time: Sun Jan 18 08:25:54 2015

H(0,0) = 0.180636
H(0,1) = -0.505244
H(0,2) = 249.029
H(1,0) = 0.0463985
H(1,1) = 0.052432
H(1,2) = -23.038
H(2,0) = -1.91299e-005
H(2,1) = -0.00152651
H(2,2) = 1
---------------

