

***************
Logging from: TestCalibrationMediaDialog testcalibration_main
Time: Wed May 17 08:49:45 2017

H(0,0) = -1.16168
H(0,1) = -0.646718
H(0,2) = 1414.37
H(1,0) = -0.553581
H(1,1) = 0.324062
H(1,2) = 151.575
H(2,0) = -0.00048341
H(2,1) = -0.000878705
H(2,2) = 1
---------------



***************
Logging from: TestCalibrationMediaDialog testcalibration_main
Time: Wed May 17 08:51:21 2017

H(0,0) = -0.210391
H(0,1) = -1.16788
H(0,2) = 907.683
H(1,0) = -0.0115305
H(1,1) = -0.568027
H(1,2) = 350.405
H(2,0) = -0.000120789
H(2,1) = -0.00147285
H(2,2) = 1
---------------

