
CALIBRATION: calibration_main
Start time: 27.01.2017 18-25-35
End time: 27.01.2017 18-26-09
Image quality on start: 0,811023592948914
Image quality minimum value: 0,74015748500824
Image quality mean value: 0,766277483413959
Head movement maximum value: 8,24621125123532
Head movement mean value: 4,24264200313815
Head size ratio maximum value: 0,0912786989795917
Head size ratio mean value: 0,0532724350516065
Calibration reprojection error mean value: 65,1450907389323
Calibration reprojection error outliers count: 0
Error: no error

TEST CALIBRATION: testcalibration_main
Start time: 27.01.2017 18-26-14
End time: 27.01.2017 18-26-32
Image quality minimum value: 0,732283473014832
Image quality mean value: 0,746581021108125
Head movement maximum value: 7,81024967590665
Head movement mean value: 5,98951835207631
Head size ratio maximum value: 0,100625797193878
Head size ratio mean value: 0,0965860696663536
Calibration maximum distance: 146,239529539725
Calibration corrected maximum distance: 44,181444068749
Calibration without correction was successful: True
Calibration with correction was successful: True
Error: no error

WATCHTASK: 1
Start time: 27.01.2017 18-26-53
End time: 27.01.2017 18-27-26
Image quality minimum value: 0,724409461021423
Image quality mean value: 0,784549511472384
Head movement maximum value: 23,43074902772
Head movement mean value: 9,83907095962539
Head size ratio maximum value: 0,0958027742346939
Head size ratio mean value: 0,0570536710778062
Error: no error

VIDEOTASK: 2
Start time: 27.01.2017 18-27-33
End time: 27.01.2017 18-27-51
Image quality minimum value: 0,750000059604645
Image quality mean value: 0,783067613472173
Head movement maximum value: 23,259406699226
Head movement mean value: 15,6021190754714
Head size ratio maximum value: 0,0701530612244898
Head size ratio mean value: 0,153022595033384
Error: no error
