

***************
Logging from: TestCalibrationMediaDialog testcalibration_main
Time: Sat Dec 17 17:53:24 2016

H(0,0) = 11.4595
H(0,1) = -26.1886
H(0,2) = 2226.3
H(1,0) = 6.26204
H(1,1) = -13.9013
H(1,2) = 1059.74
H(2,0) = 0.0150818
H(2,1) = -0.0294275
H(2,2) = 1
---------------



***************
Logging from: TestCalibrationMediaDialog testcalibration_main
Time: Sat Dec 17 17:55:42 2016

H(0,0) = 2.82661
H(0,1) = -1.9862
H(0,2) = -828.824
H(1,0) = 0.567692
H(1,1) = 2.16598
H(1,2) = -983.742
H(2,0) = 0.000990356
H(2,1) = -0.00163767
H(2,2) = 1
---------------

