

***************
Logging from: TestCalibrationMediaDialog testcalibration_main
Time: Fri Mar 03 23:45:00 2017

H(0,0) = 1.08937
H(0,1) = -1.44751
H(0,2) = 146.305
H(1,0) = 0.577796
H(1,1) = -1.70285
H(1,2) = 377.481
H(2,0) = 0.000940256
H(2,1) = -0.00330972
H(2,2) = 1
---------------



***************
Logging from: TestCalibrationMediaDialog testcalibration_main_shelftask
Time: Fri Mar 03 23:47:04 2017

H(0,0) = -0.389936
H(0,1) = -0.315031
H(0,2) = 359.274
H(1,0) = -0.254596
H(1,1) = -0.293239
H(1,2) = 273.107
H(2,0) = -0.000944922
H(2,1) = -0.000979044
H(2,2) = 1
---------------

