

***************
Logging from: TestCalibrationMediaDialog testcalibration_main
Time: Mon Dec 19 22:54:16 2016

H(0,0) = 0.606002
H(0,1) = -1.50177
H(0,2) = 467.384
H(1,0) = 0.200209
H(1,1) = -0.569068
H(1,2) = 199.244
H(2,0) = 0.00019233
H(2,1) = -0.00185132
H(2,2) = 1
---------------



***************
Logging from: TestCalibrationMediaDialog testcalibration_main
Time: Mon Dec 19 22:56:27 2016

H(0,0) = -1.05291
H(0,1) = -10.7661
H(0,2) = 6886.6
H(1,0) = 0.346967
H(1,1) = -1.69868
H(1,2) = 739.588
H(2,0) = 0.00122587
H(2,1) = -0.00309591
H(2,2) = 1
---------------

