
CALIBRATION: calibration_main
Start time: 19.12.2016 22-52-35
End time: 19.12.2016 22-53-04
Image quality on start: 0.511811017990112
Image quality minimum value: 0
Image quality mean value: 0.455989539193419
Head movement maximum value: 84.7584804016684
Head movement mean value: 41.8683014976293
Head size ratio maximum value: 0.298811077453575
Head size ratio mean value: 0.130721211984457
Calibration reprojection error mean value: 999999
Calibration reprojection error outliers count: 999999
Error: 
Your face is not detected properly! Please try to set your position again and repeat calibration.

CALIBRATION: calibration_main
Start time: 19.12.2016 22-53-22
End time: 19.12.2016 22-53-55
Image quality on start: 0.527559041976929
Image quality minimum value: 0.527777850627899
Image quality mean value: 0.554378176250331
Head movement maximum value: 18.0277563773199
Head movement mean value: 8.13886772534776
Head size ratio maximum value: 0.0786568382903995
Head size ratio mean value: 0.0556775045549557
Calibration reprojection error mean value: 320.024409823948
Calibration reprojection error outliers count: 5
Error: no error

TEST CALIBRATION: testcalibration_main
Start time: 19.12.2016 22-54-00
End time: 19.12.2016 22-54-16
Image quality minimum value: 0.534722208976746
Image quality mean value: 0.547926735632198
Head movement maximum value: 30.6104557300279
Head movement mean value: 25.1604669011666
Head size ratio maximum value: 0.110479748548674
Head size ratio mean value: 0.137730302839159
Calibration maximum distance: 817.17378812588
Calibration corrected maximum distance: 258.495647932417
Calibration without correction was successful: False
Calibration with correction was successful: True
Error: no error

VIDEOTASK: 1
Start time: 19.12.2016 22-54-23
End time: 19.12.2016 22-55-22
Image quality minimum value: 0
Image quality mean value: 0.302641698100826
Head movement maximum value: 107.898100075951
Head movement mean value: 43.9149215787115
Head size ratio maximum value: 0.323654097828883
Head size ratio mean value: 0.236908370021415
Error: 
Sorry, but we have lost your eyes. This is probably due to excessive head movements. Please try to recalibrate again and give your best to keep your head still.

CALIBRATION: calibration_main
Start time: 19.12.2016 22-55-33
End time: 19.12.2016 22-56-06
Image quality on start: 0.519685029983521
Image quality minimum value: 0.519685029983521
Image quality mean value: 0.540992745072455
Head movement maximum value: 7.07106781186548
Head movement mean value: 4.28617592629157
Head size ratio maximum value: 0.177955555555556
Head size ratio mean value: 0.118965953453453
Calibration reprojection error mean value: 348.215757581923
Calibration reprojection error outliers count: 6
Error: no error

TEST CALIBRATION: testcalibration_main
Start time: 19.12.2016 22-56-11
End time: 19.12.2016 22-56-28
Image quality minimum value: 0.511811017990112
Image quality mean value: 0.527320435552886
Head movement maximum value: 11.0453610171873
Head movement mean value: 7.6619334262298
Head size ratio maximum value: 0.147455555555556
Head size ratio mean value: 0.178294051627385
Calibration maximum distance: 716.963736879349
Calibration corrected maximum distance: 200.262327960103
Calibration without correction was successful: False
Calibration with correction was successful: True
Error: no error

VIDEOTASK: 1
Start time: 19.12.2016 22-56-34
End time: 19.12.2016 22-58-01
Image quality minimum value: 0.228346452116966
Image quality mean value: 0.394597015447087
Head movement maximum value: 23.0867927612304
Head movement mean value: 7.31044914982007
Head size ratio maximum value: 0.322122222222222
Head size ratio mean value: 0.2332261065944
Error: no error
