

***************
Logging from: TestCalibrationMediaDialog testcalibration_main
Time: Thu Mar 16 21:19:42 2017

H(0,0) = 0.109803
H(0,1) = -0.290031
H(0,2) = 121.598
H(1,0) = -0.038548
H(1,1) = -0.114919
H(1,2) = 138.549
H(2,0) = -0.00018562
H(2,1) = -0.00146784
H(2,2) = 1
---------------



***************
Logging from: TestCalibrationMediaDialog testcalibration_main
Time: Thu Mar 16 21:20:44 2017

H(0,0) = 0.662162
H(0,1) = -0.348366
H(0,2) = 144.75
H(1,0) = -0.0239661
H(1,1) = 0.595991
H(1,2) = 3.71772
H(2,0) = -7.58746e-005
H(2,1) = -0.000773067
H(2,2) = 1
---------------

