
CALIBRATION: calibration_main
Start time: 08.12.2016 20-09-04
End time: 08.12.2016 20-09-36
Image quality on start: 0.877483427524567
Image quality minimum value: 0.819444417953491
Image quality mean value: 0.897840900701994
Head movement maximum value: 18.4390889145858
Head movement mean value: 7.80048542472452
Head size ratio maximum value: 0.0986086087601629
Head size ratio mean value: 0.0546203145769109
Calibration reprojection error mean value: 170.729271358914
Calibration reprojection error outliers count: 3
Error: no error

TEST CALIBRATION: testcalibration_main
Start time: 08.12.2016 20-09-40
End time: 08.12.2016 20-09-55
Image quality minimum value: 0.810897409915924
Image quality mean value: 0.845322588041647
Head movement maximum value: 25.6124969497314
Head movement mean value: 20.0035085234991
Head size ratio maximum value: 0.135172372026829
Head size ratio mean value: 0.0815293620769563
Calibration maximum distance: 477.33950182234
Calibration corrected maximum distance: 64.3506021727847
Calibration without correction was successful: False
Calibration with correction was successful: True
Error: no error

CLICKTASK: c1
Start time: 08.12.2016 20-10-01
End time: 08.12.2016 20-10-10
Image quality minimum value: 0.819078922271729
Image quality mean value: 0.859734996062953
Head movement maximum value: 24.7588368062799
Head movement mean value: 16.4958504013326
Head size ratio maximum value: 0.113324955714697
Head size ratio mean value: 0.103843081762284
Error: no error

CLICKTASK: c2
Start time: 08.12.2016 20-10-17
End time: 08.12.2016 20-10-46
Image quality minimum value: 0
Image quality mean value: 0.795325344215653
Head movement maximum value: 38.2099463490856
Head movement mean value: 22.2870325230938
Head size ratio maximum value: 0.260533846083968
Head size ratio mean value: 0.170630318761037
Error: 
Your face is not detected properly! Please try to set your position again and repeat calibration.

CALIBRATION: calibration_main_c2
Start time: 08.12.2016 20-11-11
End time: 08.12.2016 20-11-41
Image quality on start: 0.840277850627899
Image quality minimum value: 0.701388895511627
Image quality mean value: 0.803505856978712
Head movement maximum value: 12.2065556157337
Head movement mean value: 6.79477974572419
Head size ratio maximum value: 0.132934458218549
Head size ratio mean value: 0.0543304198829547
Calibration reprojection error mean value: 164.993174288008
Calibration reprojection error outliers count: 1
Error: no error

TEST CALIBRATION: testcalibration_main_c2
Start time: 08.12.2016 20-11-48
End time: 08.12.2016 20-12-04
Image quality minimum value: 0.65972226858139
Image quality mean value: 0.789594118678293
Head movement maximum value: 9.48683298050514
Head movement mean value: 6.11640746794423
Head size ratio maximum value: 0.149119031221304
Head size ratio mean value: 0.0712806580605206
Calibration maximum distance: 480.208288141719
Calibration corrected maximum distance: 125.355494494657
Calibration without correction was successful: False
Calibration with correction was successful: True
Error: no error

CLICKTASK: c2
Start time: 08.12.2016 20-12-08
End time: 08.12.2016 20-12-38
Image quality minimum value: 0.6875
Image quality mean value: 0.816852311188715
Head movement maximum value: 13.3416640641263
Head movement mean value: 6.47490948540187
Head size ratio maximum value: 0.0929752066115703
Head size ratio mean value: 0.041660222641084
Error: no error

CLICKTASK: c3
Start time: 08.12.2016 20-12-47
End time: 08.12.2016 20-13-11
Image quality minimum value: 0.743055522441864
Image quality mean value: 0.854449276534302
Head movement maximum value: 13.8924439894498
Head movement mean value: 8.0404264150754
Head size ratio maximum value: 0.117539026629936
Head size ratio mean value: 0.0653480491037038
Error: no error

CLICKTASK: c4
Start time: 08.12.2016 20-13-15
End time: 08.12.2016 20-13-27
Image quality minimum value: 0.763888895511627
Image quality mean value: 0.886236654325973
Head movement maximum value: 13.9283882771841
Head movement mean value: 8.30150151604841
Head size ratio maximum value: 0.131714876033058
Head size ratio mean value: 0.0923269427894164
Error: no error
