
CALIBRATION: calibration_main
Start time: 06.03.2017 16-38-58
End time: 06.03.2017 16-39-33
Image quality on start: 0.866071403026581
Image quality minimum value: 0.84722226858139
Image quality mean value: 0.871803565478764
Head movement maximum value: 15.8113883008419
Head movement mean value: 8.5214362058674
Head size ratio maximum value: 0.0360331632653061
Head size ratio mean value: 0.0243770639007138
Calibration reprojection error mean value: 80.2693237728543
Calibration reprojection error outliers count: 0
Error: no error

TEST CALIBRATION: testcalibration_main
Start time: 06.03.2017 16-39-35
End time: 06.03.2017 16-39-52
Image quality minimum value: 0.858267724514008
Image quality mean value: 0.876197682547679
Head movement maximum value: 25.8069758011279
Head movement mean value: 19.9843292541595
Head size ratio maximum value: 0.0451411033163265
Head size ratio mean value: 0.0546920921306314
Calibration maximum distance: 473.370890528769
Calibration corrected maximum distance: 28.4253408071038
Calibration without correction was successful: False
Calibration with correction was successful: True
Error: no error

CLICKTASK: shoppersmode
Start time: 06.03.2017 16-39-54
End time: 06.03.2017 16-40-47
Image quality minimum value: 0.84722226858139
Image quality mean value: 0.879181487333308
Head movement maximum value: 49.2442890089805
Head movement mean value: 38.1045282706784
Head size ratio maximum value: 0.0451411033163265
Head size ratio mean value: 0.0210988282101094
Error: no error

CLICKTASK: shelftask
Start time: 06.03.2017 16-40-49
End time: 06.03.2017 16-40-53
Image quality minimum value: 0.861111164093018
Image quality mean value: 0.880785311971392
Head movement maximum value: 46.6476151587624
Head movement mean value: 42.7742959480436
Head size ratio maximum value: 0.0266063456632653
Head size ratio mean value: 0.0863595856869535
Error: no error

VIDEOTASK: 3drot
Start time: 06.03.2017 16-40-56
End time: 06.03.2017 16-41-07
Image quality minimum value: 0.748031497001648
Image quality mean value: 0.854026661421123
Head movement maximum value: 49.3963561409139
Head movement mean value: 43.5253351834606
Head size ratio maximum value: 0.0177774234693877
Head size ratio mean value: 0.0948769803974224
Error: no error
