
CALIBRATION: calibration_main
Start time: 09.12.2016 11-53-47
End time: 09.12.2016 11-54-19
Image quality on start: 0.606299221515656
Image quality minimum value: 0.0555555000901222
Image quality mean value: 0.558882458015715
Head movement maximum value: 8.06225774829855
Head movement mean value: 4.64148847089557
Head size ratio maximum value: 0.0797895210990766
Head size ratio mean value: 0.0511108242951894
Calibration reprojection error mean value: 46.7613868713379
Calibration reprojection error outliers count: 0
Error: no error

TEST CALIBRATION: testcalibration_main
Start time: 09.12.2016 11-54-22
End time: 09.12.2016 11-54-38
Image quality minimum value: 0.551181077957153
Image quality mean value: 0.561237068779497
Head movement maximum value: 7.61577310586391
Head movement mean value: 4.32164839873205
Head size ratio maximum value: 0.088450277430847
Head size ratio mean value: 0.0842026610567904
Calibration maximum distance: 140.943250991312
Calibration corrected maximum distance: 35.1283361405006
Calibration without correction was successful: True
Calibration with correction was successful: True
Error: no error

CLICKTASK: c1
Start time: 09.12.2016 11-54-59
End time: 09.12.2016 11-55-07
Image quality minimum value: 0.566929161548615
Image quality mean value: 0.593359524070626
Head movement maximum value: 17.464249196573
Head movement mean value: 12.7680190419496
Head size ratio maximum value: 0.0447370037468521
Head size ratio mean value: 0.0971456986815777
Error: no error

CLICKTASK: c2
Start time: 09.12.2016 11-55-17
End time: 09.12.2016 11-55-29
Image quality minimum value: 0.551181077957153
Image quality mean value: 0.581688468739138
Head movement maximum value: 17.4928556845359
Head movement mean value: 13.1212412491071
Head size ratio maximum value: 0.0623451608279929
Head size ratio mean value: 0.0543417895750039
Error: no error

CLICKTASK: c3
Start time: 09.12.2016 11-55-36
End time: 09.12.2016 11-56-11
Image quality minimum value: 0.543307065963745
Image quality mean value: 0.595350925419515
Head movement maximum value: 13.0384048104053
Head movement mean value: 9.2801410403248
Head size ratio maximum value: 0.0643516717511927
Head size ratio mean value: 0.0218949833409621
Error: no error

CLICKTASK: c4
Start time: 09.12.2016 11-56-19
End time: 09.12.2016 11-56-29
Image quality minimum value: 0.543307065963745
Image quality mean value: 0.577035357685466
Head movement maximum value: 9.48683298050514
Head movement mean value: 6.88798479600925
Head size ratio maximum value: 0.0447370037468521
Head size ratio mean value: 0.0845331629271785
Error: no error
