

***************
Logging from: TestCalibrationMediaDialog testcalibration_main
Time: Tue Dec 06 19:37:05 2016

H(0,0) = 7.58955
H(0,1) = -51.071
H(0,2) = 6509.69
H(1,0) = 4.33363
H(1,1) = 10.8632
H(1,2) = -6683.37
H(2,0) = 0.00840209
H(2,1) = -0.0374025
H(2,2) = 1
---------------



***************
Logging from: TestCalibrationMediaDialog testcalibration_main
Time: Tue Dec 06 19:38:07 2016

H(0,0) = -0.0143846
H(0,1) = -1.08045
H(0,2) = 704.742
H(1,0) = 0.0750681
H(1,1) = -0.541702
H(1,2) = 295.623
H(2,0) = -0.000110023
H(2,1) = -0.00155325
H(2,2) = 1
---------------

