
CALIBRATION: calibration_main
Start time: 07.12.2016 16-49-44
End time: 07.12.2016 16-50-16
Image quality on start: 0.850393712520599
Image quality minimum value: 0.811023592948914
Image quality mean value: 0.82386810195241
Head movement maximum value: 13.4164078649987
Head movement mean value: 7.13641152167353
Head size ratio maximum value: 0.0683567544664925
Head size ratio mean value: 0.0377522955995521
Calibration reprojection error mean value: 80.4269252353244
Calibration reprojection error outliers count: 0
Error: no error

TEST CALIBRATION: testcalibration_main
Start time: 07.12.2016 16-50-20
End time: 07.12.2016 16-50-35
Image quality minimum value: 0.799363076686859
Image quality mean value: 0.810438646594199
Head movement maximum value: 24.6981780704569
Head movement mean value: 19.8763079971897
Head size ratio maximum value: 0.08579902549255
Head size ratio mean value: 0.0505242627897642
Calibration maximum distance: 278.485188115993
Calibration corrected maximum distance: 84.2199501305955
Calibration without correction was successful: True
Calibration with correction was successful: True
Error: no error

CLICKTASK: c1
Start time: 07.12.2016 16-50-44
End time: 07.12.2016 16-50-56
Image quality minimum value: 0.803125023841858
Image quality mean value: 0.817517137286639
Head movement maximum value: 21.095023109729
Head movement mean value: 19.2016419801502
Head size ratio maximum value: 0.0770602358590495
Head size ratio mean value: 0.0468527280193122
Error: no error

CLICKTASK: c2
Start time: 07.12.2016 16-51-02
End time: 07.12.2016 16-51-11
Image quality minimum value: 0.800632894039154
Image quality mean value: 0.814246326833222
Head movement maximum value: 25.5538646783613
Head movement mean value: 23.1244289374086
Head size ratio maximum value: 0.08579902549255
Head size ratio mean value: 0.0391986469741539
Error: no error

CLICKTASK: c3
Start time: 07.12.2016 16-51-15
End time: 07.12.2016 16-51-29
Image quality minimum value: 0.811023592948914
Image quality mean value: 0.834080704136523
Head movement maximum value: 25.6124969497314
Head movement mean value: 22.2289876366269
Head size ratio maximum value: 0.0770602358590495
Head size ratio mean value: 0.0268183004092795
Error: no error

CLICKTASK: c4
Start time: 07.12.2016 16-51-33
End time: 07.12.2016 16-51-52
Image quality minimum value: 0.787401556968689
Image quality mean value: 0.833566196055352
Head movement maximum value: 33.9705755029261
Head movement mean value: 26.6928723299151
Head size ratio maximum value: 0.138973236353365
Head size ratio mean value: 0.062814343905842
Error: no error
