

***************
Logging from: TestCalibrationMediaDialog testcalibration_main
Time: Wed Dec 07 12:00:29 2016

H(0,0) = -4.16901
H(0,1) = 5.25667
H(0,2) = 854.348
H(1,0) = -3.35344
H(1,1) = 4.54669
H(1,2) = 574.142
H(2,0) = -0.00664351
H(2,1) = 0.00915132
H(2,2) = 1
---------------



***************
Logging from: TestCalibrationMediaDialog testcalibration_main
Time: Wed Dec 07 12:02:05 2016

H(0,0) = 8.41986
H(0,1) = 0.298937
H(0,2) = -3560.7
H(1,0) = 3.50992
H(1,1) = 6.6211
H(1,2) = -4155.16
H(2,0) = 0.00231575
H(2,1) = 0.000422148
H(2,2) = 1
---------------

