

***************
Logging from: TestCalibrationMediaDialog testcalibration_main
Time: Mon Dec 19 14:04:21 2016

H(0,0) = -0.362591
H(0,1) = -1.56372
H(0,2) = 936.169
H(1,0) = -0.26728
H(1,1) = -0.619598
H(1,2) = 473.561
H(2,0) = -0.000494585
H(2,1) = -0.00134941
H(2,2) = 1
---------------



***************
Logging from: TestCalibrationMediaDialog testcalibration_main
Time: Mon Dec 19 14:06:22 2016

H(0,0) = 1.20661
H(0,1) = -1.12019
H(0,2) = 278.293
H(1,0) = 0.502625
H(1,1) = 1.79389
H(1,2) = -820.282
H(2,0) = 0.000383003
H(2,1) = -0.000918739
H(2,2) = 1
---------------

