
CALIBRATION: calibration_main
Start time: 19.12.2016 14-03-19
End time: 19.12.2016 14-03-56
Image quality on start: 0.551181077957153
Image quality minimum value: 0.519685029983521
Image quality mean value: 0.587054551632936
Head movement maximum value: 34
Head movement mean value: 18.0025990286533
Head size ratio maximum value: 0.0929705215419501
Head size ratio mean value: 0.0723532511897207
Calibration reprojection error mean value: 39.4716466797723
Calibration reprojection error outliers count: 0
Error: no error

TEST CALIBRATION: testcalibration_main
Start time: 19.12.2016 14-04-05
End time: 19.12.2016 14-04-21
Image quality minimum value: 0.583333373069763
Image quality mean value: 0.657379364574349
Head movement maximum value: 39.4081209904761
Head movement mean value: 29.8213160806335
Head size ratio maximum value: 0.0602873802582258
Head size ratio mean value: 0.113401950449014
Calibration maximum distance: 610.288456387633
Calibration corrected maximum distance: 99.7296345125159
Calibration without correction was successful: False
Calibration with correction was successful: True
Error: no error

VIDEOTASK: 1
Start time: 19.12.2016 14-04-31
End time: 19.12.2016 14-04-48
Image quality minimum value: 0
Image quality mean value: 0.258779497707591
Head movement maximum value: 51.0881590977792
Head movement mean value: 37.9609392386133
Head size ratio maximum value: 0.0864801702994122
Head size ratio mean value: 0.204265152773127
Error: 
Your face is not detected properly! Please try to set your position again and repeat calibration.

CALIBRATION: calibration_main
Start time: 19.12.2016 14-05-26
End time: 19.12.2016 14-06-01
Image quality on start: 0.700787425041199
Image quality minimum value: 0.637795269489288
Image quality mean value: 0.658297985333663
Head movement maximum value: 8.06225774829855
Head movement mean value: 5.28627510143312
Head size ratio maximum value: 0.10638427734375
Head size ratio mean value: 0.074849114051232
Calibration reprojection error mean value: 75.2992511325412
Calibration reprojection error outliers count: 0
Error: no error

TEST CALIBRATION: testcalibration_main
Start time: 19.12.2016 14-06-06
End time: 19.12.2016 14-06-22
Image quality minimum value: 0.645669281482697
Image quality mean value: 0.668529316302269
Head movement maximum value: 8.48528137423857
Head movement mean value: 6.41878161307526
Head size ratio maximum value: 0.0690765380859375
Head size ratio mean value: 0.118421000819052
Calibration maximum distance: 292.022259425544
Calibration corrected maximum distance: 19.7989898732233
Calibration without correction was successful: True
Calibration with correction was successful: True
Error: no error

VIDEOTASK: 1
Start time: 19.12.2016 14-06-26
End time: 19.12.2016 14-07-53
Image quality minimum value: 0.669291317462921
Image quality mean value: 0.771916035664221
Head movement maximum value: 17.1172427686237
Head movement mean value: 12.3573407007815
Head size ratio maximum value: 0.12109375
Head size ratio mean value: 0.0719200757690905
Error: no error
