

***************
Logging from: TestCalibrationMediaDialog testcalibration_main
Time: Fri Jan 27 18:30:50 2017

H(0,0) = -1.39248
H(0,1) = 0.363602
H(0,2) = 1309.36
H(1,0) = -0.551631
H(1,1) = 0.0842195
H(1,2) = 550.127
H(2,0) = -0.000755104
H(2,1) = -0.000269355
H(2,2) = 1
---------------



***************
Logging from: TestCalibrationMediaDialog testcalibration_main
Time: Fri Jan 27 18:32:36 2017

H(0,0) = -0.247988
H(0,1) = -0.356398
H(0,2) = 237.996
H(1,0) = -0.30421
H(1,1) = -0.765958
H(1,2) = 435.787
H(2,0) = -0.000728831
H(2,1) = -0.00171474
H(2,2) = 1
---------------

