
CALIBRATION: calibration_main
Start time: 19.03.2017 15-24-19
End time: 19.03.2017 15-24-55
Image quality on start: 0.842519700527191
Image quality minimum value: 0.756944477558136
Image quality mean value: 0.809559358458214
Head movement maximum value: 10.295630140987
Head movement mean value: 5.84636468636149
Head size ratio maximum value: 0.096564613741545
Head size ratio mean value: 0.0526767738988159
Calibration reprojection error mean value: 99.4784414503309
Calibration reprojection error outliers count: 0
Error: no error

TEST CALIBRATION: testcalibration_main
Start time: 19.03.2017 15-24-59
End time: 19.03.2017 15-25-16
Image quality minimum value: 0.770833373069763
Image quality mean value: 0.803154568329002
Head movement maximum value: 7.21110255092798
Head movement mean value: 5.01709182132263
Head size ratio maximum value: 0.0477260590957636
Head size ratio mean value: 0.0767473596772283
Calibration maximum distance: 231.03679360656
Calibration corrected maximum distance: 55.659680200303
Calibration without correction was successful: True
Calibration with correction was successful: True
Error: no error

CLICKTASK: filler
Start time: 19.03.2017 15-25-24
End time: 19.03.2017 15-25-34
Image quality minimum value: 0.6875
Image quality mean value: 0.76050349506172
Head movement maximum value: 10.1980390271856
Head movement mean value: 7.73072917661649
Head size ratio maximum value: 0.127714489142043
Head size ratio mean value: 0.175898174785679
Error: no error

CLICKTASK: full_shelf
Start time: 19.03.2017 15-25-38
End time: 19.03.2017 15-26-01
Image quality minimum value: 0.694444477558136
Image quality mean value: 0.749563901608693
Head movement maximum value: 27.3130005674953
Head movement mean value: 20.8784177924505
Head size ratio maximum value: 0.0921146315414738
Head size ratio mean value: 0.0687775920393903
Error: no error

CLICKTASK: 3row_shelf
Start time: 19.03.2017 15-26-08
End time: 19.03.2017 15-26-26
Image quality minimum value: 0
Image quality mean value: 0.707851660389432
Head movement maximum value: 28.1780056072107
Head movement mean value: 23.3641124507761
Head size ratio maximum value: 0.145247419010324
Head size ratio mean value: 0.133560942634842
Error: no error

CLICKTASK: pack
Start time: 19.03.2017 15-26-34
End time: 19.03.2017 15-26-51
Image quality minimum value: 0.680555582046509
Image quality mean value: 0.720990157896473
Head movement maximum value: 29.4278779391243
Head movement mean value: 25.9019059722864
Head size ratio maximum value: 0.11000355998576
Head size ratio mean value: 0.115429667313589
Error: no error
