
CALIBRATION: calibration_main
Start time: 19.03.2017 16-55-38
End time: 19.03.2017 16-56-17
Image quality on start: 0.835443019866943
Image quality minimum value: 0.79276317358017
Image quality mean value: 0.811288832298504
Head movement maximum value: 5.09901951359278
Head movement mean value: 2.24049040284144
Head size ratio maximum value: 0.073296
Head size ratio mean value: 0.0586557638376384
Calibration reprojection error mean value: 96.3588040669759
Calibration reprojection error outliers count: 0
Error: no error

TEST CALIBRATION: testcalibration_main
Start time: 19.03.2017 16-56-21
End time: 19.03.2017 16-56-38
Image quality minimum value: 0.794701993465424
Image quality mean value: 0.803155513961663
Head movement maximum value: 3.60555127546399
Head movement mean value: 1.91079936575391
Head size ratio maximum value: 0.048576
Head size ratio mean value: 0.117250157303371
Calibration maximum distance: 292.51495688255
Calibration corrected maximum distance: 169.705627484771
Calibration without correction was successful: True
Calibration with correction was successful: True
Error: no error

CLICKTASK: filler
Start time: 19.03.2017 16-56-48
End time: 19.03.2017 16-56-58
Image quality minimum value: 0.779527544975281
Image quality mean value: 0.787921832158015
Head movement maximum value: 2.23606797749979
Head movement mean value: 1.0389830570503
Head size ratio maximum value: 0.047424
Head size ratio mean value: 0.222656
Error: no error

CLICKTASK: full_shelf
Start time: 19.03.2017 16-57-04
End time: 19.03.2017 16-57-17
Image quality minimum value: 0.787096798419952
Image quality mean value: 0.798334209485488
Head movement maximum value: 4.12310562561766
Head movement mean value: 2.75066489110575
Head size ratio maximum value: 0.015936
Head size ratio mean value: 0.168865745454545
Error: no error

CLICKTASK: 3row_shelf
Start time: 19.03.2017 16-57-22
End time: 19.03.2017 16-57-36
Image quality minimum value: 0.755905508995056
Image quality mean value: 0.769245906976553
Head movement maximum value: 7.28010988928052
Head movement mean value: 4.44756608726944
Head size ratio maximum value: 0.047424
Head size ratio mean value: 0.0827554461538462
Error: no error

CLICKTASK: pack
Start time: 19.03.2017 16-57-44
End time: 19.03.2017 16-57-56
Image quality minimum value: 0.769230782985687
Image quality mean value: 0.779260241379172
Head movement maximum value: 11.4017542509914
Head movement mean value: 7.13330330951686
Head size ratio maximum value: 0.0567839999999999
Head size ratio mean value: 0.178524745762712
Error: no error
