
CALIBRATION: calibration_main
Start time: 17.01.2015 12-09-29
End time: 17.01.2015 12-10-05
Image quality on start: 0.401574790477753
Image quality minimum value: 0.354330718517303
Image quality mean value: 0.362163288420752
Head movement maximum value: 17.8885438199983
Head movement mean value: 8.30263345718379
Head size ratio maximum value: 0.113388822829964
Head size ratio mean value: 0.0528831278553102
Calibration reprojection error mean value: 159.686655256483
Calibration reprojection error outliers count: 1
Error: no error

TEST CALIBRATION: testcalibration_main
Start time: 17.01.2015 12-10-13
End time: 17.01.2015 12-10-29
Image quality minimum value: 0
Image quality mean value: 0.363425505946773
Head movement maximum value: 17.7200451466693
Head movement mean value: 9.86451712676574
Head size ratio maximum value: 0.0630321046373366
Head size ratio mean value: 0.0867867710090424
Calibration maximum distance: 504.003968238346
Calibration corrected maximum distance: 131.609270190211
Calibration without correction was successful: False
Calibration with correction was successful: True
Error: no error

VIDEOTASK: v
Start time: 17.01.2015 12-10-40
End time: 17.01.2015 12-12-23
Image quality minimum value: 0.141732290387154
Image quality mean value: 0.315673260399602
Head movement maximum value: 21.540659228538
Head movement mean value: 11.3434965545111
Head size ratio maximum value: 0.164910820451843
Head size ratio mean value: 0.0890293454521065
Error: no error
