

***************
Logging from: TestCalibrationMediaDialog testcalibration_main
Time: Fri Jan 23 11:28:48 2015

H(0,0) = 0.890191
H(0,1) = -1.35845
H(0,2) = -10.2602
H(1,0) = -0.172349
H(1,1) = -0.0181263
H(1,2) = 280.474
H(2,0) = -6.93693e-005
H(2,1) = -0.00161209
H(2,2) = 1
---------------



***************
Logging from: VideoMediaDialog v - start
Time: Fri Jan 23 11:28:53 2015

H(0,0) = 0.890191
H(0,1) = -1.35845
H(0,2) = -10.2602
H(1,0) = -0.172349
H(1,1) = -0.0181263
H(1,2) = 280.474
H(2,0) = -6.93693e-005
H(2,1) = -0.00161209
H(2,2) = 1
---------------



***************
Logging from: VideoMediaDialog v - stop
Time: Fri Jan 23 11:30:37 2015

H(0,0) = 0.890191
H(0,1) = -1.35845
H(0,2) = -10.2602
H(1,0) = -0.172349
H(1,1) = -0.0181263
H(1,2) = 280.474
H(2,0) = -6.93693e-005
H(2,1) = -0.00161209
H(2,2) = 1
---------------

