
CALIBRATION: calibration_main
Start time: 23.01.2015 11-27-56
End time: 23.01.2015 11-28-29
Image quality on start: 0.531645596027374
Image quality minimum value: 0.496732026338577
Image quality mean value: 0.518211978447178
Head movement maximum value: 15.2315462117278
Head movement mean value: 10.8838579786872
Head size ratio maximum value: 0.07659912109375
Head size ratio mean value: 0.0797702125881029
Calibration reprojection error mean value: 110.680330912272
Calibration reprojection error outliers count: 0
Error: no error

TEST CALIBRATION: testcalibration_main
Start time: 23.01.2015 11-28-32
End time: 23.01.2015 11-28-48
Image quality minimum value: 0.52173912525177
Image quality mean value: 0.53089912636922
Head movement maximum value: 19.723082923316
Head movement mean value: 15.8504476074797
Head size ratio maximum value: 0.07659912109375
Head size ratio mean value: 0.100789877084585
Calibration maximum distance: 546.465918424928
Calibration corrected maximum distance: 154.382641511279
Calibration without correction was successful: False
Calibration with correction was successful: True
Error: no error

VIDEOTASK: v
Start time: 23.01.2015 11-28-52
End time: 23.01.2015 11-30-38
Image quality minimum value: 0
Image quality mean value: 0.44003400390639
Head movement maximum value: 53.7587202228625
Head movement mean value: 26.1906566272112
Head size ratio maximum value: 0.227523803710938
Head size ratio mean value: 0.133936489329619
Error: no error
