
CALIBRATION: calibration_main
Start time: 07.12.2016 17-38-49
End time: 07.12.2016 17-39-24
Image quality on start: 0.856707334518433
Image quality minimum value: 0.760606050491333
Image quality mean value: 0.789046066084711
Head movement maximum value: 17.2046505340853
Head movement mean value: 10.548016897855
Head size ratio maximum value: 0.107069943289225
Head size ratio mean value: 0.0691008160362346
Calibration reprojection error mean value: 140.558463202582
Calibration reprojection error outliers count: 0
Error: no error

TEST CALIBRATION: testcalibration_main
Start time: 07.12.2016 17-39-26
End time: 07.12.2016 17-39-42
Image quality minimum value: 0.732919275760651
Image quality mean value: 0.74743318731345
Head movement maximum value: 22.6715680975093
Head movement mean value: 19.5980946021115
Head size ratio maximum value: 0.0888468809073724
Head size ratio mean value: 0.0748121570282817
Calibration maximum distance: 569.759598427267
Calibration corrected maximum distance: 85.2115015710907
Calibration without correction was successful: False
Calibration with correction was successful: True
Error: no error

CLICKTASK: c1
Start time: 07.12.2016 17-39-44
End time: 07.12.2016 17-39-58
Image quality minimum value: 0.720858871936798
Image quality mean value: 0.760228596066916
Head movement maximum value: 26.4007575648882
Head movement mean value: 16.1529002742752
Head size ratio maximum value: 0.0797920604914935
Head size ratio mean value: 0.0859525987356953
Error: no error

CLICKTASK: c2
Start time: 07.12.2016 17-40-14
End time: 07.12.2016 17-40-35
Image quality minimum value: 0.757575750350952
Image quality mean value: 0.777497564293757
Head movement maximum value: 16.1554944214035
Head movement mean value: 13.8111675399636
Head size ratio maximum value: 0.0797920604914935
Head size ratio mean value: 0.0341657797334436
Error: no error

CLICKTASK: c3
Start time: 07.12.2016 17-40-43
End time: 07.12.2016 17-41-20
Image quality minimum value: 0.759146332740784
Image quality mean value: 0.812002967032351
Head movement maximum value: 20
Head movement mean value: 15.4864261981442
Head size ratio maximum value: 0.0707750472589792
Head size ratio mean value: 0.0325617297519086
Error: no error

CLICKTASK: c4
Start time: 07.12.2016 17-41-28
End time: 07.12.2016 17-41-43
Image quality minimum value: 0.814024388790131
Image quality mean value: 0.832332169605514
Head movement maximum value: 21.9317121994613
Head movement mean value: 17.6341699480197
Head size ratio maximum value: 0.0439508506616257
Head size ratio mean value: 0.0592381959351935
Error: no error
