

***************
Logging from: TestCalibrationMediaDialog testcalibration_main
Time: Thu Mar 02 13:34:28 2017

H(0,0) = 3.65085
H(0,1) = -1.32529
H(0,2) = -644.029
H(1,0) = 0.86498
H(1,1) = 2.06137
H(1,2) = -815.008
H(2,0) = 0.00187527
H(2,1) = -0.00206303
H(2,2) = 1
---------------



***************
Logging from: TestCalibrationMediaDialog testcalibration_main_shelftask
Time: Thu Mar 02 13:37:30 2017

H(0,0) = 0.281733
H(0,1) = -0.0679898
H(0,2) = 46.2346
H(1,0) = -0.109517
H(1,1) = 0.447561
H(1,2) = 104.349
H(2,0) = -0.000458109
H(2,1) = -0.000898864
H(2,2) = 1
---------------

