
CALIBRATION: calibration_main
Start time: 02.03.2017 13-33-27
End time: 02.03.2017 13-34-07
Image quality on start: 0.614173233509064
Image quality minimum value: 0.637795269489288
Image quality mean value: 0.656040648026253
Head movement maximum value: 13.4164078649987
Head movement mean value: 6.08166682431193
Head size ratio maximum value: 0.113657117373484
Head size ratio mean value: 0.0701172248295782
Calibration reprojection error mean value: 109.633073859745
Calibration reprojection error outliers count: 0
Error: no error

TEST CALIBRATION: testcalibration_main
Start time: 02.03.2017 13-34-11
End time: 02.03.2017 13-34-29
Image quality minimum value: 0.606299221515656
Image quality mean value: 0.624733673123752
Head movement maximum value: 11.4017542509914
Head movement mean value: 7.45185773154004
Head size ratio maximum value: 0.103952090721825
Head size ratio mean value: 0.14981068389895
Calibration maximum distance: 287.200278551397
Calibration corrected maximum distance: 62.8171950981576
Calibration without correction was successful: True
Calibration with correction was successful: True
Error: no error

CLICKTASK: shoppersmode
Start time: 02.03.2017 13-34-34
End time: 02.03.2017 13-35-08
Image quality minimum value: 0.543307065963745
Image quality mean value: 0.558848976776862
Head movement maximum value: 19.4164878389476
Head movement mean value: 9.99405852935709
Head size ratio maximum value: 0.264329248869163
Head size ratio mean value: 0.226776209336915
Error: no error

CLICKTASK: shelftask
Start time: 02.03.2017 13-35-16
End time: 02.03.2017 13-36-14
Image quality minimum value: 0
Image quality mean value: 0.0193040390168467
Head movement maximum value: 0
Head movement mean value: 0
Head size ratio maximum value: 0
Head size ratio mean value: 1
Error: 
Your face is not detected properly! Please try to set your position again and repeat calibration.

CALIBRATION: calibration_main_shelftask
Start time: 02.03.2017 13-36-32
End time: 02.03.2017 13-37-10
Image quality on start: 0.606299221515656
Image quality minimum value: 0.574803173542023
Image quality mean value: 0.601352351527232
Head movement maximum value: 18.8679622641132
Head movement mean value: 13.0456500784716
Head size ratio maximum value: 0.113781212682312
Head size ratio mean value: 0.0758309145498165
Calibration reprojection error mean value: 167.016816033257
Calibration reprojection error outliers count: 2
Error: no error

TEST CALIBRATION: testcalibration_main_shelftask
Start time: 02.03.2017 13-37-14
End time: 02.03.2017 13-37-34
Image quality minimum value: 0.559055089950562
Image quality mean value: 0.571293066783124
Head movement maximum value: 20.5182845286832
Head movement mean value: 16.586818993694
Head size ratio maximum value: 0.0929705215419501
Head size ratio mean value: 0.163420982565694
Calibration maximum distance: 418.292959539125
Calibration corrected maximum distance: 328.100594330458
Calibration without correction was successful: False
Calibration with correction was successful: False
Error: 
Calibration not accurate enough. 
We need some further fine tuning of the calibration, it doesn't always get right from the first time. Please try again, give your best to keep your head still and focus at the red dot.

CLICKTASK: shelftask
Start time: 02.03.2017 13-37-37
End time: 02.03.2017 13-38-03
Image quality minimum value: 0.488188982009888
Image quality mean value: 0.510356583033398
Head movement maximum value: 35.2278299076171
Head movement mean value: 21.2922414209754
Head size ratio maximum value: 0.0859799541118222
Head size ratio mean value: 0.0963773944105714
Error: no error

VIDEOTASK: 3drot
Start time: 02.03.2017 13-38-11
End time: 02.03.2017 13-38-23
Image quality minimum value: 0.456692904233933
Image quality mean value: 0.533943371998297
Head movement maximum value: 22.8035085019828
Head movement mean value: 19.5135957306688
Head size ratio maximum value: 0.0719183136765554
Head size ratio mean value: 0.0629963377216124
Error: no error
