
CALIBRATION: calibration_main
Start time: 06.03.2017 09-32-15
End time: 06.03.2017 09-32-50
Image quality on start: 0.875
Image quality minimum value: 0.816265046596527
Image quality mean value: 0.843911827482828
Head movement maximum value: 19.1049731745428
Head movement mean value: 12.1285339999719
Head size ratio maximum value: 0.0701530612244898
Head size ratio mean value: 0.0339617716370079
Calibration reprojection error mean value: 56.4157358805339
Calibration reprojection error outliers count: 0
Error: no error

TEST CALIBRATION: testcalibration_main
Start time: 06.03.2017 09-32-57
End time: 06.03.2017 09-33-13
Image quality minimum value: 0.79216867685318
Image quality mean value: 0.811238151697712
Head movement maximum value: 29.0172362570938
Head movement mean value: 25.4030456936689
Head size ratio maximum value: 0.0528539540816326
Head size ratio mean value: 0.0536511479591833
Calibration maximum distance: 232.331659487036
Calibration corrected maximum distance: 57.3149195236284
Calibration without correction was successful: True
Calibration with correction was successful: True
Error: no error

CLICKTASK: shoppersmode
Start time: 06.03.2017 09-33-19
End time: 06.03.2017 09-33-47
Image quality minimum value: 0.779141128063202
Image quality mean value: 0.795115156578448
Head movement maximum value: 34.3656805548792
Head movement mean value: 30.2838647538358
Head size ratio maximum value: 0.0819714604591837
Head size ratio mean value: 0.0331042687300386
Error: no error

CLICKTASK: shelftask
Start time: 06.03.2017 09-33-53
End time: 06.03.2017 09-34-19
Image quality minimum value: 0.769696950912476
Image quality mean value: 0.786334655951204
Head movement maximum value: 39.4588393138977
Head movement mean value: 35.2377358796219
Head size ratio maximum value: 0.0542889030612246
Head size ratio mean value: 0.0252680288818584
Error: no error

VIDEOTASK: 3drot
Start time: 06.03.2017 09-34-27
End time: 06.03.2017 09-34-37
Image quality minimum value: 0.773809552192688
Image quality mean value: 0.790346607248834
Head movement maximum value: 40.7921561087423
Head movement mean value: 38.1672101965953
Head size ratio maximum value: 0.112703284438776
Head size ratio mean value: 0.111168156175369
Error: no error
