

***************
Logging from: TestCalibrationMediaDialog testcalibration_main
Time: Sat Dec 17 23:21:45 2016

H(0,0) = 1.21661
H(0,1) = -1.82448
H(0,2) = 330.931
H(1,0) = 0.0333107
H(1,1) = 1.51102
H(1,2) = -278.188
H(2,0) = 0.000328532
H(2,1) = -0.00129849
H(2,2) = 1
---------------



***************
Logging from: TestCalibrationMediaDialog cal2
Time: Sat Dec 17 23:23:36 2016

H(0,0) = 0.672618
H(0,1) = -0.455476
H(0,2) = 136.388
H(1,0) = -0.0654573
H(1,1) = 0.939679
H(1,2) = -113.147
H(2,0) = -9.18323e-005
H(2,1) = -0.000567076
H(2,2) = 1
---------------



***************
Logging from: TestCalibrationMediaDialog testcalibration_main_t2
Time: Sat Dec 17 23:25:25 2016

H(0,0) = 0.593053
H(0,1) = -0.155742
H(0,2) = -9.33894
H(1,0) = -0.134147
H(1,1) = 0.443361
H(1,2) = 13.3014
H(2,0) = -0.000200269
H(2,1) = -0.000862038
H(2,2) = 1
---------------

