
CALIBRATION: calibration_main
Start time: 17.12.2016 23-20-50
End time: 17.12.2016 23-21-23
Image quality on start: 0.952755928039551
Image quality minimum value: 0.895833313465118
Image quality mean value: 0.929302409217132
Head movement maximum value: 17.8885438199983
Head movement mean value: 10.2287923228695
Head size ratio maximum value: 0.123237636058149
Head size ratio mean value: 0.0599837942292335
Calibration reprojection error mean value: 86.0443304379781
Calibration reprojection error outliers count: 0
Error: no error

TEST CALIBRATION: testcalibration_main
Start time: 17.12.2016 23-21-29
End time: 17.12.2016 23-21-45
Image quality minimum value: 0.883647799491882
Image quality mean value: 0.90986450188435
Head movement maximum value: 19.8494332412792
Head movement mean value: 15.3277232269349
Head size ratio maximum value: 0.123237636058149
Head size ratio mean value: 0.0831993473142387
Calibration maximum distance: 292.82759432813
Calibration corrected maximum distance: 120.353645561736
Calibration without correction was successful: True
Calibration with correction was successful: True
Error: no error

CLICKTASK: t1
Start time: 17.12.2016 23-21-55
End time: 17.12.2016 23-22-18
Image quality minimum value: 0.707100570201874
Image quality mean value: 0.850691868098516
Head movement maximum value: 89.0224690738243
Head movement mean value: 32.2709554826404
Head size ratio maximum value: 0.171433267587114
Head size ratio mean value: 0.0896290824388707
Error: no error

SURVEYTASK: Survey
Start time: 17.12.2016 23-22-22
End time: 17.12.2016 23-23-15
Error: no error

TEST CALIBRATION: cal2
Start time: 17.12.2016 23-23-20
End time: 17.12.2016 23-23-36
Image quality minimum value: 0.680981576442719
Image quality mean value: 0.704825919191792
Head movement maximum value: 77.4919350642375
Head movement mean value: 72.6081609742649
Head size ratio maximum value: 0.108024691358025
Head size ratio mean value: 0.0928901390318905
Calibration maximum distance: 171.735261376341
Calibration corrected maximum distance: 57.2800139664787
Calibration without correction was successful: True
Calibration with correction was successful: True
Error: no error

CLICKTASK: t2
Start time: 17.12.2016 23-23-46
End time: 17.12.2016 23-24-22
Image quality minimum value: 0.515625
Image quality mean value: 0.689188709636043
Head movement maximum value: 103.174609279609
Head movement mean value: 76.7864017809257
Head size ratio maximum value: 0.132076850025568
Head size ratio mean value: 0.0724982229322359
Error: 
Sorry, but we have lost your eyes. This is probably due to excessive head movements. Please try to recalibrate again and give your best to keep your head still.

CALIBRATION: calibration_main_t2
Start time: 17.12.2016 23-24-33
End time: 17.12.2016 23-25-06
Image quality on start: 0.916666626930237
Image quality minimum value: 0.848484873771667
Image quality mean value: 0.879018951992146
Head movement maximum value: 21.3775583264319
Head movement mean value: 10.9779822419372
Head size ratio maximum value: 0.0794400404790014
Head size ratio mean value: 0.053852345572732
Calibration reprojection error mean value: 148.29233317905
Calibration reprojection error outliers count: 1
Error: no error

TEST CALIBRATION: testcalibration_main_t2
Start time: 17.12.2016 23-25-09
End time: 17.12.2016 23-25-25
Image quality minimum value: 0.786624193191528
Image quality mean value: 0.822673983906591
Head movement maximum value: 29.8328677803526
Head movement mean value: 25.0427502297155
Head size ratio maximum value: 0.106594703997301
Head size ratio mean value: 0.0996841609345381
Calibration maximum distance: 357
Calibration corrected maximum distance: 106.437775249204
Calibration without correction was successful: False
Calibration with correction was successful: True
Error: no error

CLICKTASK: t2
Start time: 17.12.2016 23-25-31
End time: 17.12.2016 23-26-21
Image quality minimum value: 0.567741930484772
Image quality mean value: 0.740259170818787
Head movement maximum value: 74.0607858451421
Head movement mean value: 42.2173080288453
Head size ratio maximum value: 0.190082644628099
Head size ratio mean value: 0.0842329267653941
Error: no error

CLICKTASK: t3
Start time: 17.12.2016 23-26-26
End time: 17.12.2016 23-26-46
Image quality minimum value: 0.703821659088135
Image quality mean value: 0.758097111933516
Head movement maximum value: 44.3846820423443
Head movement mean value: 39.8375182529477
Head size ratio maximum value: 0.0704634470868237
Head size ratio mean value: 0.0538493033282195
Error: no error

CLICKTASK: t4
Start time: 17.12.2016 23-26-52
End time: 17.12.2016 23-27-33
Image quality minimum value: 0.597484290599823
Image quality mean value: 0.706712942829663
Head movement maximum value: 67.2681202353686
Head movement mean value: 49.7816612945597
Head size ratio maximum value: 0.143325649819156
Head size ratio mean value: 0.0457106688032821
Error: no error
