

***************
Logging from: TestCalibrationMediaDialog testcalibration_main
Time: Mon Dec 12 03:24:11 2016

H(0,0) = 0.575863
H(0,1) = -1.00833
H(0,2) = 304.621
H(1,0) = 0.0871913
H(1,1) = 0.370448
H(1,2) = 20.474
H(2,0) = -0.000122506
H(2,1) = -0.00121064
H(2,2) = 1
---------------



***************
Logging from: TestCalibrationMediaDialog cal2
Time: Mon Dec 12 03:24:44 2016

H(0,0) = 2.83005
H(0,1) = -2.18222
H(0,2) = -449.761
H(1,0) = 0.490721
H(1,1) = 0.877325
H(1,2) = -183.824
H(2,0) = 0.00116544
H(2,1) = -0.00223587
H(2,2) = 1
---------------

