
CALIBRATION: calibration_main
Start time: 12.12.2016 03-23-20
End time: 12.12.2016 03-23-54
Image quality on start: 0.779527544975281
Image quality minimum value: 0.755905508995056
Image quality mean value: 0.76962878704071
Head movement maximum value: 10.6301458127347
Head movement mean value: 6.77654932826646
Head size ratio maximum value: 0.0400762156714538
Head size ratio mean value: 0.0819167746463665
Calibration reprojection error mean value: 115.893374549018
Calibration reprojection error outliers count: 0
Error: no error

TEST CALIBRATION: testcalibration_main
Start time: 12.12.2016 03-23-55
End time: 12.12.2016 03-24-12
Image quality minimum value: 0.748031497001648
Image quality mean value: 0.76190944314003
Head movement maximum value: 10.6301458127347
Head movement mean value: 7.96465293548104
Head size ratio maximum value: 0.0624842529604435
Head size ratio mean value: 0.124745685311161
Calibration maximum distance: 287.987846965805
Calibration corrected maximum distance: 47.6340214552582
Calibration without correction was successful: True
Calibration with correction was successful: True
Error: no error

CLICKTASK: t1
Start time: 12.12.2016 03-24-14
End time: 12.12.2016 03-24-21
Image quality minimum value: 0.755905508995056
Image quality mean value: 0.775590538978577
Head movement maximum value: 7.61577310586391
Head movement mean value: 4.53589754186001
Head size ratio maximum value: 0.00792076089695137
Head size ratio mean value: 0.404752456538171
Error: no error

SURVEYTASK: Survey
Start time: 12.12.2016 03-24-23
End time: 12.12.2016 03-24-26
Error: no error

TEST CALIBRATION: cal2
Start time: 12.12.2016 03-24-28
End time: 12.12.2016 03-24-44
Image quality minimum value: 0.74015748500824
Image quality mean value: 0.753346455097198
Head movement maximum value: 10.6301458127347
Head movement mean value: 8.11982562507293
Head size ratio maximum value: 0.0392888636936256
Head size ratio mean value: 0.117544170445956
Calibration maximum distance: 388.515121970819
Calibration corrected maximum distance: 64.7765389628066
Calibration without correction was successful: False
Calibration with correction was successful: True
Error: no error

CLICKTASK: t2
Start time: 12.12.2016 03-24-46
End time: 12.12.2016 03-24-49
Image quality minimum value: 0.748031497001648
Image quality mean value: 0.762795269489288
Head movement maximum value: 0
Head movement mean value: 0
Head size ratio maximum value: 0
Head size ratio mean value: 1
Error: no error

CLICKTASK: t3
Start time: 12.12.2016 03-24-50
End time: 12.12.2016 03-24-58
Image quality minimum value: 0.755905508995056
Image quality mean value: 0.770177155733109
Head movement maximum value: 11.3137084989848
Head movement mean value: 10.0048559729273
Head size ratio maximum value: 0.0470521541950113
Head size ratio mean value: 0.0323778817082388
Error: no error

CLICKTASK: t4
Start time: 12.12.2016 03-25-00
End time: 12.12.2016 03-25-06
Image quality minimum value: 0.755905508995056
Image quality mean value: 0.763779520988464
Head movement maximum value: 10.6301458127347
Head movement mean value: 5.31507290636733
Head size ratio maximum value: 0.023951247165533
Head size ratio mean value: 0.511975623582766
Error: no error
