

***************
Logging from: TestCalibrationMediaDialog testcalibration_main
Time: Fri Dec 09 09:05:31 2016

H(0,0) = 1.42098
H(0,1) = -0.272924
H(0,2) = -206.589
H(1,0) = 0.0542404
H(1,1) = 0.670559
H(1,2) = 64.6979
H(2,0) = 0.000271174
H(2,1) = -0.000456072
H(2,2) = 1
---------------



***************
Logging from: TestCalibrationMediaDialog testcalibration_main
Time: Fri Dec 09 09:06:54 2016

H(0,0) = 1.44751
H(0,1) = -0.812697
H(0,2) = 16.6052
H(1,0) = 0.160392
H(1,1) = 1.26503
H(1,2) = -277.032
H(2,0) = 0.000560727
H(2,1) = -0.00123762
H(2,2) = 1
---------------

