
CALIBRATION: calibration_main
Start time: 17.12.2016 11-57-42
End time: 17.12.2016 11-58-17
Image quality on start: 0.782894730567932
Image quality minimum value: 0.754966914653778
Image quality mean value: 0.764509960224754
Head movement maximum value: 7.81024967590665
Head movement mean value: 3.4361435198292
Head size ratio maximum value: 0.0504119511090991
Head size ratio mean value: 0.0624435486840481
Calibration reprojection error mean value: 143.34611638387
Calibration reprojection error outliers count: 1
Error: no error

TEST CALIBRATION: testcalibration_main
Start time: 17.12.2016 11-58-21
End time: 17.12.2016 11-58-37
Image quality minimum value: 0.726027369499207
Image quality mean value: 0.743175376269777
Head movement maximum value: 9.48683298050514
Head movement mean value: 7.14073561494184
Head size ratio maximum value: 0.0914259846084201
Head size ratio mean value: 0.123790963009568
Calibration maximum distance: 553.304617728788
Calibration corrected maximum distance: 216.51789764359
Calibration without correction was successful: False
Calibration with correction was successful: True
Error: no error

VIDEOTASK: 1
Start time: 17.12.2016 11-58-47
End time: 17.12.2016 12-00-13
Image quality minimum value: 0.637795269489288
Image quality mean value: 0.70184637300025
Head movement maximum value: 15.8113883008419
Head movement mean value: 9.94343440730106
Head size ratio maximum value: 0.0832956088727931
Head size ratio mean value: 0.0395200680039443
Error: no error
