

***************
Logging from: TestCalibrationMediaDialog testcalibration_main
Time: Sat Jan 24 11:06:13 2015

H(0,0) = 1.58616
H(0,1) = -1.10654
H(0,2) = 169.298
H(1,0) = 0.225633
H(1,1) = 2.40729
H(1,2) = -980.578
H(2,0) = 0.000401915
H(2,1) = -0.000498321
H(2,2) = 1
---------------



***************
Logging from: VideoMediaDialog v - start
Time: Sat Jan 24 11:06:19 2015

H(0,0) = 1.58616
H(0,1) = -1.10654
H(0,2) = 169.298
H(1,0) = 0.225633
H(1,1) = 2.40729
H(1,2) = -980.578
H(2,0) = 0.000401915
H(2,1) = -0.000498321
H(2,2) = 1
---------------



***************
Logging from: VideoMediaDialog v - stop
Time: Sat Jan 24 11:08:01 2015

H(0,0) = 1.58616
H(0,1) = -1.10654
H(0,2) = 169.298
H(1,0) = 0.225633
H(1,1) = 2.40729
H(1,2) = -980.578
H(2,0) = 0.000401915
H(2,1) = -0.000498321
H(2,2) = 1
---------------

