

***************
Logging from: TestCalibrationMediaDialog testcalibration_main
Time: Mon Dec 19 21:31:43 2016

H(0,0) = 16.9303
H(0,1) = -29.5926
H(0,2) = -196.388
H(1,0) = 6.50757
H(1,1) = -12.2514
H(1,2) = 257.976
H(2,0) = 0.0192065
H(2,1) = -0.0367726
H(2,2) = 1
---------------



***************
Logging from: TestCalibrationMediaDialog testcalibration_main
Time: Mon Dec 19 21:32:54 2016

H(0,0) = 0.925653
H(0,1) = -0.188588
H(0,2) = -13.8309
H(1,0) = 0.101671
H(1,1) = 0.725017
H(1,2) = -115.176
H(2,0) = -4.75303e-005
H(2,1) = -0.000356047
H(2,2) = 1
---------------

