

***************
Logging from: TestCalibrationMediaDialog testcalibration_main
Time: Fri Mar 03 19:30:19 2017

H(0,0) = 11.3089
H(0,1) = -11.5323
H(0,2) = 364.819
H(1,0) = 11.2817
H(1,1) = -11.6777
H(1,2) = 359.11
H(2,0) = 0.0201034
H(2,1) = -0.0212567
H(2,2) = 1
---------------



***************
Logging from: TestCalibrationMediaDialog testcalibration_main_shelftask
Time: Fri Mar 03 19:32:30 2017

H(0,0) = -17.5248
H(0,1) = 51.6724
H(0,2) = -4415.97
H(1,0) = -8.4466
H(1,1) = -25.6
H(1,2) = 7658.3
H(2,0) = -0.000457248
H(2,1) = -0.0393865
H(2,2) = 1
---------------

