
CALIBRATION: calibration_main
Start time: 03.03.2017 19-28-17
End time: 03.03.2017 19-28-31
Image quality on start: 0.645669281482697
Image quality minimum value: 0.527559041976929
Image quality mean value: 0.602362212538719
Head movement maximum value: 119.016805536025
Head movement mean value: 9.11311793696963
Head size ratio maximum value: 0.150396975425331
Head size ratio mean value: 0.461877126654064
Calibration reprojection error mean value: 999999
Calibration reprojection error outliers count: 999999
Error: 
Sorry, but we have lost your eyes. This is probably due to excessive head movements. Please try to recalibrate again and give your best to keep your head still.

CALIBRATION: calibration_main
Start time: 03.03.2017 19-29-18
End time: 03.03.2017 19-29-52
Image quality on start: 0.614173233509064
Image quality minimum value: 0.622047245502472
Image quality mean value: 0.655246805686217
Head movement maximum value: 28.6356421265527
Head movement mean value: 18.0954211662046
Head size ratio maximum value: 0.167393314836835
Head size ratio mean value: 0.097064414791327
Calibration reprojection error mean value: 330.228638543023
Calibration reprojection error outliers count: 3
Error: no error

TEST CALIBRATION: testcalibration_main
Start time: 03.03.2017 19-30-02
End time: 03.03.2017 19-30-21
Image quality minimum value: 0.590551197528839
Image quality mean value: 0.639513235742396
Head movement maximum value: 27.0739727413618
Head movement mean value: 22.0971367519295
Head size ratio maximum value: 0.0677764565992866
Head size ratio mean value: 0.103713579179295
Calibration maximum distance: 1073.64798700505
Calibration corrected maximum distance: 443.559466137293
Calibration without correction was successful: False
Calibration with correction was successful: False
Error: 
Calibration not accurate enough. 
We need some further fine tuning of the calibration, it doesn't always get right from the first time. Please try again, give your best to keep your head still and focus at the red dot.

CLICKTASK: shoppersmode
Start time: 03.03.2017 19-30-32
End time: 03.03.2017 19-30-51
Image quality minimum value: 0.393700778484344
Image quality mean value: 0.426259221538665
Head movement maximum value: 21.0237960416286
Head movement mean value: 18.5621922953761
Head size ratio maximum value: 0.230178652691534
Head size ratio mean value: 0.256203072823498
Error: no error

CLICKTASK: shelftask
Start time: 03.03.2017 19-31-01
End time: 03.03.2017 19-31-14
Image quality minimum value: 0
Image quality mean value: 0.207718335191409
Head movement maximum value: 44.8218696620299
Head movement mean value: 33.7485939604846
Head size ratio maximum value: 0.203050454338603
Head size ratio mean value: 0.136584998262895
Error: 
Your face is not detected properly! Please try to set your position again and repeat calibration.

CALIBRATION: calibration_main_shelftask
Start time: 03.03.2017 19-31-31
End time: 03.03.2017 19-32-05
Image quality on start: 0.590551197528839
Image quality minimum value: 0.598425209522247
Image quality mean value: 0.617390978794832
Head movement maximum value: 42.4499705535822
Head movement mean value: 25.5496794346338
Head size ratio maximum value: 0.200553633217993
Head size ratio mean value: 0.168135776180759
Calibration reprojection error mean value: 265.797875298394
Calibration reprojection error outliers count: 1
Error: no error

TEST CALIBRATION: testcalibration_main_shelftask
Start time: 03.03.2017 19-32-14
End time: 03.03.2017 19-32-31
Image quality minimum value: 0.535433053970337
Image quality mean value: 0.59391554702412
Head movement maximum value: 41.146081222882
Head movement mean value: 33.4642320298633
Head size ratio maximum value: 0.248888888888889
Head size ratio mean value: 0.26459613435392
Calibration maximum distance: 1016.9021585187
Calibration corrected maximum distance: 308.058436014987
Calibration without correction was successful: False
Calibration with correction was successful: True
Error: no error

CLICKTASK: shelftask
Start time: 03.03.2017 19-32-35
End time: 03.03.2017 19-32-41
Image quality minimum value: 0.37007874250412
Image quality mean value: 0.384104331023991
Head movement maximum value: 24.1867732448956
Head movement mean value: 17.8658324678311
Head size ratio maximum value: 0.214517493271819
Head size ratio mean value: 0.393701460976548
Error: no error

VIDEOTASK: 3drot
Start time: 03.03.2017 19-32-48
End time: 03.03.2017 19-32-59
Image quality minimum value: 0.25984251499176
Image quality mean value: 0.430207587552793
Head movement maximum value: 32.2024843762092
Head movement mean value: 22.0856050804776
Head size ratio maximum value: 0.214517493271819
Head size ratio mean value: 0.395381729637785
Error: no error
