

***************
Logging from: TestCalibrationMediaDialog testcalibration_main
Time: Wed Mar 01 05:19:21 2017

H(0,0) = -2.50046
H(0,1) = 0.222743
H(0,2) = 1514.59
H(1,0) = -1.01404
H(1,1) = 0.0456313
H(1,2) = 624.125
H(2,0) = -0.00297764
H(2,1) = 0.00301928
H(2,2) = 1
---------------



***************
Logging from: TestCalibrationMediaDialog testcalibration_main
Time: Wed Mar 01 05:20:33 2017

H(0,0) = 0.208919
H(0,1) = -0.19103
H(0,2) = 135.704
H(1,0) = -0.194604
H(1,1) = 0.543052
H(1,2) = 71.2625
H(2,0) = -0.000723657
H(2,1) = -0.000512472
H(2,2) = 1
---------------

