

***************
Logging from: TestCalibrationMediaDialog testcalibration_main
Time: Wed Mar 01 18:49:28 2017

H(0,0) = 9.85404
H(0,1) = -5.68974
H(0,2) = -2887.43
H(1,0) = 2.0097
H(1,1) = 1.49911
H(1,2) = -921.35
H(2,0) = 0.004839
H(2,1) = -0.00481391
H(2,2) = 1
---------------



***************
Logging from: TestCalibrationMediaDialog testcalibration_main_shelftask
Time: Wed Mar 01 18:51:59 2017

H(0,0) = -0.477109
H(0,1) = -0.0256059
H(0,2) = 422.922
H(1,0) = -0.314225
H(1,1) = 0.197833
H(1,2) = 216.934
H(2,0) = -0.00103074
H(2,1) = -3.20397e-005
H(2,2) = 1
---------------

