
CALIBRATION: calibration_main
Start time: 01.03.2017 18-48-15
End time: 01.03.2017 18-48-59
Image quality on start: 0.905511796474457
Image quality minimum value: 0.858267724514008
Image quality mean value: 0.873371167584221
Head movement maximum value: 10.6301458127347
Head movement mean value: 6.91343452033135
Head size ratio maximum value: 0.0689442905509388
Head size ratio mean value: 0.0382768955565916
Calibration reprojection error mean value: 85.8193117777507
Calibration reprojection error outliers count: 0
Error: no error

TEST CALIBRATION: testcalibration_main
Start time: 01.03.2017 18-49-11
End time: 01.03.2017 18-49-28
Image quality minimum value: 0.850393712520599
Image quality mean value: 0.86485023189474
Head movement maximum value: 10
Head movement mean value: 7.95949176835785
Head size ratio maximum value: 0.0988188673437982
Head size ratio mean value: 0.0668256085307488
Calibration maximum distance: 436.609665490813
Calibration corrected maximum distance: 85.8661749468322
Calibration without correction was successful: False
Calibration with correction was successful: True
Error: no error

CLICKTASK: shoppersmode
Start time: 01.03.2017 18-49-36
End time: 01.03.2017 18-50-05
Image quality minimum value: 0.803149580955505
Image quality mean value: 0.826170597215949
Head movement maximum value: 18.6010752377383
Head movement mean value: 12.599058362867
Head size ratio maximum value: 0.0623461064943058
Head size ratio mean value: 0.0408751234476534
Error: no error

CLICKTASK: shelftask
Start time: 01.03.2017 18-50-17
End time: 01.03.2017 18-50-32
Image quality minimum value: 0.708661437034607
Image quality mean value: 0.788759146784914
Head movement maximum value: 49.6588360717405
Head movement mean value: 21.8057355528025
Head size ratio maximum value: 0.391985995690982
Head size ratio mean value: 0.09712487794653
Error: 
Sorry, but we have lost your eyes. This is probably due to excessive head movements. Please try to recalibrate again and give your best to keep your head still.

CALIBRATION: calibration_main_shelftask
Start time: 01.03.2017 18-50-49
End time: 01.03.2017 18-51-27
Image quality on start: 0.842519700527191
Image quality minimum value: 0.826771676540375
Image quality mean value: 0.840773209145195
Head movement maximum value: 13.0384048104053
Head movement mean value: 8.38404097947927
Head size ratio maximum value: 0.0967147052796941
Head size ratio mean value: 0.0619955072607417
Calibration reprojection error mean value: 153.770256890191
Calibration reprojection error outliers count: 0
Error: no error

TEST CALIBRATION: testcalibration_main_shelftask
Start time: 01.03.2017 18-51-42
End time: 01.03.2017 18-51-59
Image quality minimum value: 0.779527544975281
Image quality mean value: 0.809770923446525
Head movement maximum value: 15.1327459504216
Head movement mean value: 12.5587078761218
Head size ratio maximum value: 0.0729970630421419
Head size ratio mean value: 0.0747329262159191
Calibration maximum distance: 648.889050608808
Calibration corrected maximum distance: 192.275843516548
Calibration without correction was successful: False
Calibration with correction was successful: True
Error: no error

CLICKTASK: shelftask
Start time: 01.03.2017 18-52-04
End time: 01.03.2017 18-52-15
Image quality minimum value: 0.732283473014832
Image quality mean value: 0.757746343101774
Head movement maximum value: 61.8465843842649
Head movement mean value: 27.2423604849479
Head size ratio maximum value: 0.067208524007923
Head size ratio mean value: 0.0864475494452956
Error: no error

VIDEOTASK: 3drot
Start time: 01.03.2017 18-52-23
End time: 01.03.2017 18-52-36
Image quality minimum value: 0.732283473014832
Image quality mean value: 0.795419196287791
Head movement maximum value: 7.28010988928052
Head movement mean value: 4.12379909515961
Head size ratio maximum value: 0.0650228809507547
Head size ratio mean value: 0.0959794309463049
Error: no error
