

***************
Logging from: TestCalibrationMediaDialog testcalibration_main
Time: Fri Jan 23 15:38:07 2015

H(0,0) = -2.55915
H(0,1) = 1.33984
H(0,2) = 983.576
H(1,0) = -1.24844
H(1,1) = 0.217032
H(1,2) = 513.863
H(2,0) = -0.00318944
H(2,1) = 0.00154081
H(2,2) = 1
---------------



***************
Logging from: VideoMediaDialog v - start
Time: Fri Jan 23 15:38:17 2015

H(0,0) = -2.55915
H(0,1) = 1.33984
H(0,2) = 983.576
H(1,0) = -1.24844
H(1,1) = 0.217032
H(1,2) = 513.863
H(2,0) = -0.00318944
H(2,1) = 0.00154081
H(2,2) = 1
---------------



***************
Logging from: VideoMediaDialog v - stop
Time: Fri Jan 23 15:40:00 2015

H(0,0) = -2.55915
H(0,1) = 1.33984
H(0,2) = 983.576
H(1,0) = -1.24844
H(1,1) = 0.217032
H(1,2) = 513.863
H(2,0) = -0.00318944
H(2,1) = 0.00154081
H(2,2) = 1
---------------

