

***************
Logging from: TestCalibrationMediaDialog testcalibration_main
Time: Sun Jan 25 13:48:31 2015

H(0,0) = 0.795084
H(0,1) = -0.214991
H(0,2) = 44.2567
H(1,0) = 0.0183746
H(1,1) = 0.686927
H(1,2) = 61.0406
H(2,0) = -1.21273e-005
H(2,1) = -0.000417819
H(2,2) = 1
---------------



***************
Logging from: VideoMediaDialog v - start
Time: Sun Jan 25 13:48:45 2015

H(0,0) = 0.795084
H(0,1) = -0.214991
H(0,2) = 44.2567
H(1,0) = 0.0183746
H(1,1) = 0.686927
H(1,2) = 61.0406
H(2,0) = -1.21273e-005
H(2,1) = -0.000417819
H(2,2) = 1
---------------



***************
Logging from: VideoMediaDialog v - stop
Time: Sun Jan 25 13:50:28 2015

H(0,0) = 0.795084
H(0,1) = -0.214991
H(0,2) = 44.2567
H(1,0) = 0.0183746
H(1,1) = 0.686927
H(1,2) = 61.0406
H(2,0) = -1.21273e-005
H(2,1) = -0.000417819
H(2,2) = 1
---------------

