
CALIBRATION: calibration_main
Start time: 20.12.2016 12-43-40
End time: 20.12.2016 12-44-13
Image quality on start: 0.763779520988464
Image quality minimum value: 0.724409461021423
Image quality mean value: 0.745447205885863
Head movement maximum value: 6.32455532033676
Head movement mean value: 2.42860746169599
Head size ratio maximum value: 0.0721216442432886
Head size ratio mean value: 0.0347532951476156
Calibration reprojection error mean value: 70.8119458092584
Calibration reprojection error outliers count: 0
Error: no error

TEST CALIBRATION: testcalibration_main
Start time: 20.12.2016 12-44-16
End time: 20.12.2016 12-44-32
Image quality minimum value: 0.708661437034607
Image quality mean value: 0.731053158640862
Head movement maximum value: 11.4017542509914
Head movement mean value: 7.08916029637086
Head size ratio maximum value: 0.039757579515159
Head size ratio mean value: 0.0580853974207946
Calibration maximum distance: 292.249893070981
Calibration corrected maximum distance: 122.429571591181
Calibration without correction was successful: True
Calibration with correction was successful: True
Error: no error

VIDEOTASK: 1
Start time: 20.12.2016 12-44-38
End time: 20.12.2016 12-46-06
Image quality minimum value: 0.732283473014832
Image quality mean value: 0.846497902326852
Head movement maximum value: 7.81024967590665
Head movement mean value: 3.36370427771891
Head size ratio maximum value: 0.0721216442432886
Head size ratio mean value: 0.0388276583004777
Error: no error
