
CALIBRATION: calibration_main
Start time: 22.01.2015 03-56-56
End time: 22.01.2015 03-57-30
Image quality on start: 0.606299221515656
Image quality minimum value: 0.488188982009888
Image quality mean value: 0.512920033763832
Head movement maximum value: 5.3851648071345
Head movement mean value: 3.32690852207217
Head size ratio maximum value: 0.0559334126040427
Head size ratio mean value: 0.0641793527714047
Calibration reprojection error mean value: 69.2298999362522
Calibration reprojection error outliers count: 0
Error: no error

TEST CALIBRATION: testcalibration_main
Start time: 22.01.2015 03-57-35
End time: 22.01.2015 03-57-51
Image quality minimum value: 0.480314970016479
Image quality mean value: 0.500033649623904
Head movement maximum value: 11
Head movement mean value: 7.22457384090852
Head size ratio maximum value: 0.070154577883472
Head size ratio mean value: 0.104407044930232
Calibration maximum distance: 184.981080113616
Calibration corrected maximum distance: 36.2215405525497
Calibration without correction was successful: True
Calibration with correction was successful: True
Error: no error
