

***************
Logging from: TestCalibrationMediaDialog testcalibration_main
Time: Fri Mar 17 18:06:05 2017

H(0,0) = -0.725865
H(0,1) = -1.37771
H(0,2) = 674.926
H(1,0) = -0.144792
H(1,1) = -1.61311
H(1,2) = 488.935
H(2,0) = -0.000529094
H(2,1) = -0.00298477
H(2,2) = 1
---------------



***************
Logging from: TestCalibrationMediaDialog testcalibration_main_3row_shelf
Time: Fri Mar 17 18:09:30 2017

H(0,0) = 0.55398
H(0,1) = -0.286308
H(0,2) = 12.6308
H(1,0) = -0.059344
H(1,1) = 0.652987
H(1,2) = -50.6195
H(2,0) = -0.000354421
H(2,1) = -0.00111186
H(2,2) = 1
---------------

