
CALIBRATION: calibration_main
Start time: 17.03.2017 18-05-07
End time: 17.03.2017 18-05-41
Image quality on start: 0.614173233509064
Image quality minimum value: 0.590551197528839
Image quality mean value: 0.650836606909122
Head movement maximum value: 9.05538513813742
Head movement mean value: 6.57607421023115
Head size ratio maximum value: 0.0540444444444443
Head size ratio mean value: 0.0607610229276896
Calibration reprojection error mean value: 143.268909242418
Calibration reprojection error outliers count: 1
Error: no error

TEST CALIBRATION: testcalibration_main
Start time: 17.03.2017 18-05-47
End time: 17.03.2017 18-06-05
Image quality minimum value: 0.598425209522247
Image quality mean value: 0.638011989243534
Head movement maximum value: 3.16227766016838
Head movement mean value: 1.87472583811554
Head size ratio maximum value: 0.0439506172839507
Head size ratio mean value: 0.0922380337524067
Calibration maximum distance: 969.602495871375
Calibration corrected maximum distance: 188.600106044509
Calibration without correction was successful: False
Calibration with correction was successful: True
Error: no error

CLICKTASK: filler
Start time: 17.03.2017 18-06-24
End time: 17.03.2017 18-07-12
Image quality minimum value: 0.488188982009888
Image quality mean value: 0.540427438020706
Head movement maximum value: 11.7046999107196
Head movement mean value: 8.28285976955175
Head size ratio maximum value: 0.0723753086419754
Head size ratio mean value: 0.0461635273368605
Error: no error

CLICKTASK: full_shelf
Start time: 17.03.2017 18-07-24
End time: 17.03.2017 18-07-51
Image quality minimum value: 0.551181077957153
Image quality mean value: 0.602270656131035
Head movement maximum value: 21.2132034355964
Head movement mean value: 15.9293849597014
Head size ratio maximum value: 0.109511111111111
Head size ratio mean value: 0.0726045363192649
Error: no error

CLICKTASK: 3row_shelf
Start time: 17.03.2017 18-07-58
End time: 17.03.2017 18-08-15
Image quality minimum value: 0.456692904233933
Image quality mean value: 0.479144504344141
Head movement maximum value: 102.55242561734
Head movement mean value: 48.6489005952558
Head size ratio maximum value: 0.234567901234568
Head size ratio mean value: 0.177665665665666
Error: 
Sorry, but we have lost your eyes. This is probably due to excessive head movements. Please try to recalibrate again and give your best to keep your head still.

CALIBRATION: calibration_main_3row_shelf
Start time: 17.03.2017 18-08-39
End time: 17.03.2017 18-09-11
Image quality on start: 0.606299221515656
Image quality minimum value: 0.614173233509064
Image quality mean value: 0.670761154227787
Head movement maximum value: 11.4017542509914
Head movement mean value: 6.97430896860576
Head size ratio maximum value: 0.100903160267297
Head size ratio mean value: 0.080364932479026
Calibration reprojection error mean value: 198.327515920003
Calibration reprojection error outliers count: 2
Error: no error

TEST CALIBRATION: testcalibration_main_3row_shelf
Start time: 17.03.2017 18-09-14
End time: 17.03.2017 18-09-30
Image quality minimum value: 0.606299221515656
Image quality mean value: 0.632920881112417
Head movement maximum value: 9.21954445729289
Head movement mean value: 6.7854645267254
Head size ratio maximum value: 0.108442723131379
Head size ratio mean value: 0.129916557131998
Calibration maximum distance: 456.508488420533
Calibration corrected maximum distance: 58.8727441181401
Calibration without correction was successful: False
Calibration with correction was successful: True
Error: no error

CLICKTASK: 3row_shelf
Start time: 17.03.2017 18-09-34
End time: 17.03.2017 18-09-42
Image quality minimum value: 0.456692904233933
Image quality mean value: 0.553543306390444
Head movement maximum value: 6.08276253029822
Head movement mean value: 4.22790371234073
Head size ratio maximum value: 0.085728797955588
Head size ratio mean value: 0.177190838240663
Error: no error

CLICKTASK: pack
Start time: 17.03.2017 18-09-52
End time: 17.03.2017 18-09-57
Image quality minimum value: 0.622047245502472
Image quality mean value: 0.680895138727991
Head movement maximum value: 3.60555127546399
Head movement mean value: 2.61318594626336
Head size ratio maximum value: 0.0316185457373692
Head size ratio mean value: 0.227201071996351
Error: no error
