
CALIBRATION: calibration_main
Start time: 06.03.2017 16-36-10
End time: 06.03.2017 16-36-44
Image quality on start: 0.895833313465118
Image quality minimum value: 0.833333313465118
Image quality mean value: 0.880590653712033
Head movement maximum value: 18.4390889145858
Head movement mean value: 7.18949521871446
Head size ratio maximum value: 0.131015369110607
Head size ratio mean value: 0.0491363280145054
Calibration reprojection error mean value: 121.703553941515
Calibration reprojection error outliers count: 0
Error: no error

TEST CALIBRATION: testcalibration_main
Start time: 06.03.2017 16-36-52
End time: 06.03.2017 16-37-09
Image quality minimum value: 0.815286636352539
Image quality mean value: 0.827317902561633
Head movement maximum value: 23.7697286480094
Head movement mean value: 20.8608435065465
Head size ratio maximum value: 0.0644998740236835
Head size ratio mean value: 0.0486005945369903
Calibration maximum distance: 343.512736299544
Calibration corrected maximum distance: 76.5767588763066
Calibration without correction was successful: True
Calibration with correction was successful: True
Error: no error

CLICKTASK: shoppersmode
Start time: 06.03.2017 16-37-19
End time: 06.03.2017 16-37-41
Image quality minimum value: 0.75
Image quality mean value: 0.75871822368058
Head movement maximum value: 37.9473319220206
Head movement mean value: 35.3047958794512
Head size ratio maximum value: 0.0470521541950113
Head size ratio mean value: 0.0347136613316696
Error: no error

CLICKTASK: shelftask
Start time: 06.03.2017 16-37-49
End time: 06.03.2017 16-38-00
Image quality minimum value: 0.75
Image quality mean value: 0.77506407469879
Head movement maximum value: 37.3363094051889
Head movement mean value: 32.0276932419549
Head size ratio maximum value: 0.0624842529604435
Head size ratio mean value: 0.0490557867713462
Error: no error

VIDEOTASK: 3drot
Start time: 06.03.2017 16-38-07
End time: 06.03.2017 16-38-18
Image quality minimum value: 0.770700633525848
Image quality mean value: 0.779470757964779
Head movement maximum value: 33.2415402771893
Head movement mean value: 31.9662965673493
Head size ratio maximum value: 0.0392888636936256
Head size ratio mean value: 0.0325395204378047
Error: no error
