
CALIBRATION: calibration_main
Start time: 04.03.2017 01-54-36
End time: 04.03.2017 01-55-17
Image quality on start: 0.527559041976929
Image quality minimum value: 0.496062994003296
Image quality mean value: 0.54054156454598
Head movement maximum value: 22.8473193175917
Head movement mean value: 9.03466077250098
Head size ratio maximum value: 0.104552284680008
Head size ratio mean value: 0.0779598221499595
Calibration reprojection error mean value: 295.658647325304
Calibration reprojection error outliers count: 5
Error: no error

TEST CALIBRATION: testcalibration_main
Start time: 04.03.2017 01-55-27
End time: 04.03.2017 01-55-49
Image quality minimum value: 0.503937005996704
Image quality mean value: 0.521841009457906
Head movement maximum value: 28.8617393793236
Head movement mean value: 23.4804452227771
Head size ratio maximum value: 0.1631889898231
Head size ratio mean value: 0.179328028595497
Calibration maximum distance: 744.924828422305
Calibration corrected maximum distance: 316.652806714231
Calibration without correction was successful: False
Calibration with correction was successful: False
Error: 
Calibration not accurate enough. 
We need some further fine tuning of the calibration, it doesn't always get right from the first time. Please try again, give your best to keep your head still and focus at the red dot.

CALIBRATION: calibration_main
Start time: 04.03.2017 01-56-11
End time: 04.03.2017 01-56-49
Image quality on start: 0.519685029983521
Image quality minimum value: 0.511811017990112
Image quality mean value: 0.537791454273721
Head movement maximum value: 16.0312195418814
Head movement mean value: 9.12401594945406
Head size ratio maximum value: 0.113657117373484
Head size ratio mean value: 0.0952792343165983
Calibration reprojection error mean value: 143.605009714762
Calibration reprojection error outliers count: 1
Error: no error

TEST CALIBRATION: testcalibration_main
Start time: 04.03.2017 01-56-55
End time: 04.03.2017 02-02-16
Image quality minimum value: 1000
Image quality mean value: 0
Head movement maximum value: 0
Head movement mean value: 0
Head size ratio maximum value: 0
Head size ratio mean value: 0
Calibration maximum distance: 0
Calibration corrected maximum distance: 0
Calibration without correction was successful: False
Calibration with correction was successful: False
Error: no error

CLICKTASK: shoppersmode
Start time: 04.03.2017 02-02-21
End time: 04.03.2017 02-03-15
Image quality minimum value: 0
Image quality mean value: 0.427252647873202
Head movement maximum value: 74.6324326281812
Head movement mean value: 56.741041499955
Head size ratio maximum value: 0.243687485399987
Head size ratio mean value: 0.173429152057727
Error: no error

CLICKTASK: shelftask
Start time: 04.03.2017 02-04-07
End time: 04.03.2017 02-04-19
Image quality minimum value: 0
Image quality mean value: 0.412707030773163
Head movement maximum value: 79.6492310069595
Head movement mean value: 38.4908520848754
Head size ratio maximum value: 0.306122448979592
Head size ratio mean value: 0.22708209912118
Error: no error

VIDEOTASK: 3drot
Start time: 04.03.2017 02-04-42
End time: 04.03.2017 02-04-55
Image quality minimum value: 0
Image quality mean value: 0.402088324012964
Head movement maximum value: 44.2831796509691
Head movement mean value: 30.7007900495624
Head size ratio maximum value: 0.16281934209688
Head size ratio mean value: 0.363353575606599
Error: no error
