
CALIBRATION: calibration_main
Start time: 18.03.2017 13-23-30
End time: 18.03.2017 13-24-03
Image quality on start: 0.842519700527191
Image quality minimum value: 0.811023592948914
Image quality mean value: 0.823596679116343
Head movement maximum value: 4.47213595499958
Head movement mean value: 1.92669193104436
Head size ratio maximum value: 0.0582000806234884
Head size ratio mean value: 0.0404566006420345
Calibration reprojection error mean value: 77.472249560886
Calibration reprojection error outliers count: 0
Error: no error

TEST CALIBRATION: testcalibration_main
Start time: 18.03.2017 13-24-05
End time: 18.03.2017 13-24-21
Image quality minimum value: 0.824840784072876
Image quality mean value: 0.834648372729619
Head movement maximum value: 6
Head movement mean value: 3.41300607159987
Head size ratio maximum value: 0.0724099704380543
Head size ratio mean value: 0.0572320388784376
Calibration maximum distance: 384.010416525385
Calibration corrected maximum distance: 67.1863081289633
Calibration without correction was successful: False
Calibration with correction was successful: True
Error: no error

CLICKTASK: filler
Start time: 18.03.2017 13-24-26
End time: 18.03.2017 13-24-38
Image quality minimum value: 0.822580635547638
Image quality mean value: 0.836746237567953
Head movement maximum value: 6.32455532033676
Head movement mean value: 4.89152649561905
Head size ratio maximum value: 0.0582000806234884
Head size ratio mean value: 0.0757636079374187
Error: no error

CLICKTASK: full_shelf
Start time: 18.03.2017 13-24-41
End time: 18.03.2017 13-24-48
Image quality minimum value: 0.830128192901611
Image quality mean value: 0.835913088172674
Head movement maximum value: 6
Head movement mean value: 3.77655045750485
Head size ratio maximum value: 0.0582000806234884
Head size ratio mean value: 0.0230795233136254
Error: no error

CLICKTASK: 3row_shelf
Start time: 18.03.2017 13-24-51
End time: 18.03.2017 13-24-59
Image quality minimum value: 0.818181812763214
Image quality mean value: 0.828707239142171
Head movement maximum value: 6.70820393249937
Head movement mean value: 4.92492217824893
Head size ratio maximum value: 0.100779360386993
Head size ratio mean value: 0.0671825076890919
Error: no error

CLICKTASK: pack
Start time: 18.03.2017 13-25-05
End time: 18.03.2017 13-25-15
Image quality minimum value: 0.815286636352539
Image quality mean value: 0.830354043711787
Head movement maximum value: 6.40312423743285
Head movement mean value: 4.89535726504712
Head size ratio maximum value: 0.0582000806234884
Head size ratio mean value: 0.0808197889767828
Error: no error
