

***************
Logging from: TestCalibrationMediaDialog testcalibration_main
Time: Wed Mar 15 19:38:34 2017

H(0,0) = 0.443164
H(0,1) = -2.43739
H(0,2) = 957.872
H(1,0) = 0.0596803
H(1,1) = -0.0476866
H(1,2) = 86.0996
H(2,0) = 0.000129763
H(2,1) = -0.00180769
H(2,2) = 1
---------------



***************
Logging from: TestCalibrationMediaDialog testcalibration_main_3row_shelf
Time: Wed Mar 15 19:43:18 2017

H(0,0) = -1.8863
H(0,1) = 0.43586
H(0,2) = 1187.37
H(1,0) = -0.526358
H(1,1) = 0.206537
H(1,2) = 294.705
H(2,0) = -0.00174804
H(2,1) = 0.000605784
H(2,2) = 1
---------------

