
CALIBRATION: calibration_main
Start time: 18.03.2017 14-33-20
End time: 18.03.2017 14-33-53
Image quality on start: 0.93700784444809
Image quality minimum value: 0.881944477558136
Image quality mean value: 0.931215816494172
Head movement maximum value: 18.4390889145858
Head movement mean value: 8.62336351793799
Head size ratio maximum value: 0.138372927644824
Head size ratio mean value: 0.0698098177375182
Calibration reprojection error mean value: 92.0537740919325
Calibration reprojection error outliers count: 0
Error: no error

TEST CALIBRATION: testcalibration_main
Start time: 18.03.2017 14-33-55
End time: 18.03.2017 14-34-11
Image quality minimum value: 0.833333313465118
Image quality mean value: 0.892275286264746
Head movement maximum value: 21.5870331449229
Head movement mean value: 18.1884423216566
Head size ratio maximum value: 0.156299784667635
Head size ratio mean value: 0.128834174509012
Calibration maximum distance: 279.293752167856
Calibration corrected maximum distance: 85.4283325366942
Calibration without correction was successful: True
Calibration with correction was successful: True
Error: no error

CLICKTASK: filler
Start time: 18.03.2017 14-34-14
End time: 18.03.2017 14-34-23
Image quality minimum value: 0.770833253860474
Image quality mean value: 0.841109428390767
Head movement maximum value: 23.7697286480094
Head movement mean value: 21.2544236344266
Head size ratio maximum value: 0.238703804205108
Head size ratio mean value: 0.210433572602526
Error: no error

CLICKTASK: full_shelf
Start time: 18.03.2017 14-34-30
End time: 18.03.2017 14-34-39
Image quality minimum value: 0.819444417953491
Image quality mean value: 0.85444901765339
Head movement maximum value: 30.364452901378
Head movement mean value: 26.4701247436819
Head size ratio maximum value: 0.183452670646522
Head size ratio mean value: 0.171058855938322
Error: no error

CLICKTASK: 3row_shelf
Start time: 18.03.2017 14-34-45
End time: 18.03.2017 14-35-03
Image quality minimum value: 0.761904776096344
Image quality mean value: 0.794284707875479
Head movement maximum value: 44.7772263544762
Head movement mean value: 38.4763005361756
Head size ratio maximum value: 0.238703804205108
Head size ratio mean value: 0.155154763363654
Error: no error

CLICKTASK: pack
Start time: 18.03.2017 14-35-08
End time: 18.03.2017 14-35-21
Image quality minimum value: 0.746621608734131
Image quality mean value: 0.763582451398983
Head movement maximum value: 48.3321838943783
Head movement mean value: 46.224238954933
Head size ratio maximum value: 0.238703804205108
Head size ratio mean value: 0.150357414811941
Error: no error
