

***************
Logging from: TestCalibrationMediaDialog testcalibration_main
Time: Tue Dec 13 20:39:29 2016

H(0,0) = 0.525169
H(0,1) = -2.56102
H(0,2) = 691.184
H(1,0) = -0.0137363
H(1,1) = -0.224598
H(1,2) = 158.695
H(2,0) = 4.13301e-005
H(2,1) = -0.00221979
H(2,2) = 1
---------------



***************
Logging from: TestCalibrationMediaDialog cal2
Time: Tue Dec 13 20:42:09 2016

H(0,0) = -9.46453
H(0,1) = -5.566
H(0,2) = 7224.84
H(1,0) = -1.59654
H(1,1) = -4.19659
H(1,2) = 1538.67
H(2,0) = -0.00330239
H(2,1) = -0.00305118
H(2,2) = 1
---------------

