

***************
Logging from: TestCalibrationMediaDialog testcalibration_main
Time: Thu Dec 08 23:59:26 2016

H(0,0) = 0.536306
H(0,1) = 0.238406
H(0,2) = -76.3163
H(1,0) = -0.193661
H(1,1) = 0.688241
H(1,2) = 187.567
H(2,0) = -0.000664296
H(2,1) = 0.000541716
H(2,2) = 1
---------------



***************
Logging from: TestCalibrationMediaDialog testcalibration_main_c2
Time: Fri Dec 09 00:01:01 2016

H(0,0) = -0.563273
H(0,1) = -2.01828
H(0,2) = 1066.75
H(1,0) = -0.330403
H(1,1) = -0.848478
H(1,2) = 522.16
H(2,0) = -0.000567372
H(2,1) = -0.0017388
H(2,2) = 1
---------------



***************
Logging from: TestCalibrationMediaDialog testcalibration_main_c2
Time: Fri Dec 09 00:02:23 2016

H(0,0) = -0.696113
H(0,1) = 0.36399
H(0,2) = 76.5028
H(1,0) = -0.406594
H(1,1) = -1.17018
H(1,2) = 563.608
H(2,0) = -0.000953366
H(2,1) = -0.00185355
H(2,2) = 1
---------------

