

***************
Logging from: TestCalibrationMediaDialog testcalibration_main
Time: Thu Mar 16 11:19:59 2017

H(0,0) = 94.9186
H(0,1) = -61.8198
H(0,2) = -49254.2
H(1,0) = 19.4885
H(1,1) = -16.1469
H(1,2) = -7348.9
H(2,0) = 0.0427814
H(2,1) = -0.0886542
H(2,2) = 1
---------------



***************
Logging from: TestCalibrationMediaDialog testcalibration_main
Time: Thu Mar 16 11:22:12 2017

H(0,0) = 1.13956
H(0,1) = 1.68856
H(0,2) = -1237.71
H(1,0) = -0.186933
H(1,1) = 0.82947
H(1,2) = -88.0582
H(2,0) = -0.00126488
H(2,1) = 0.000254121
H(2,2) = 1
---------------

