

***************
Logging from: TestCalibrationMediaDialog testcalibration_main
Time: Fri Dec 09 14:19:31 2016

H(0,0) = 1.16238
H(0,1) = -1.94537
H(0,2) = 293.108
H(1,0) = 0.786014
H(1,1) = -2.30168
H(1,2) = 452.174
H(2,0) = 0.0015924
H(2,1) = -0.00448714
H(2,2) = 1
---------------



***************
Logging from: TestCalibrationMediaDialog testcalibration_main_c3
Time: Fri Dec 09 14:21:49 2016

H(0,0) = 0.284924
H(0,1) = -0.435225
H(0,2) = 97.0851
H(1,0) = 0.0425492
H(1,1) = -0.0920211
H(1,2) = 83.4845
H(2,0) = -0.000217025
H(2,1) = -0.00174134
H(2,2) = 1
---------------

