

***************
Logging from: TestCalibrationMediaDialog testcalibration_main
Time: Sat Mar 18 12:37:30 2017

H(0,0) = 0.494573
H(0,1) = -0.393825
H(0,2) = 184.52
H(1,0) = -0.0474462
H(1,1) = 0.645327
H(1,2) = -77.8104
H(2,0) = -9.35494e-005
H(2,1) = -0.000872292
H(2,2) = 1
---------------



***************
Logging from: TestCalibrationMediaDialog testcalibration_main_3row_shelf
Time: Sat Mar 18 12:39:29 2017

H(0,0) = 1.80659
H(0,1) = -0.347587
H(0,2) = -259.491
H(1,0) = 0.042543
H(1,1) = 1.54686
H(1,2) = -309.386
H(2,0) = 0.00037805
H(2,1) = -0.000219116
H(2,2) = 1
---------------

