
CALIBRATION: calibration_main
Start time: 18.03.2017 12-36-33
End time: 18.03.2017 12-37-10
Image quality on start: 0.732283473014832
Image quality minimum value: 0.755905508995056
Image quality mean value: 0.773247083028158
Head movement maximum value: 14.8660687473185
Head movement mean value: 6.8519857336125
Head size ratio maximum value: 0.0892069790879315
Head size ratio mean value: 0.0991707309025902
Calibration reprojection error mean value: 60.9140298631456
Calibration reprojection error outliers count: 0
Error: no error

TEST CALIBRATION: testcalibration_main
Start time: 18.03.2017 12-37-14
End time: 18.03.2017 12-37-31
Image quality minimum value: 0.763888895511627
Image quality mean value: 0.801358674378956
Head movement maximum value: 19.8494332412792
Head movement mean value: 14.5156355650225
Head size ratio maximum value: 0.0975056689342404
Head size ratio mean value: 0.178233793517407
Calibration maximum distance: 248.485412046663
Calibration corrected maximum distance: 91.2195154558497
Calibration without correction was successful: True
Calibration with correction was successful: True
Error: no error

CLICKTASK: filler
Start time: 18.03.2017 12-37-34
End time: 18.03.2017 12-37-50
Image quality minimum value: 0.755244731903076
Image quality mean value: 0.778250199253276
Head movement maximum value: 28.0178514522438
Head movement mean value: 20.5544671991998
Head size ratio maximum value: 0.139471529352482
Head size ratio mean value: 0.233360183370272
Error: no error

CLICKTASK: full_shelf
Start time: 18.03.2017 12-37-55
End time: 18.03.2017 12-38-03
Image quality minimum value: 0.730769217014313
Image quality mean value: 0.747639263829877
Head movement maximum value: 27.2029410174709
Head movement mean value: 19.1195429459206
Head size ratio maximum value: 0.165028974552784
Head size ratio mean value: 0.397001154105609
Error: no error

CLICKTASK: 3row_shelf
Start time: 18.03.2017 12-38-06
End time: 18.03.2017 12-38-22
Image quality minimum value: 0.472413778305054
Image quality mean value: 0.724049132254164
Head movement maximum value: 117.953380621329
Head movement mean value: 29.1789747701783
Head size ratio maximum value: 0.147959183673469
Head size ratio mean value: 0.237675939804673
Error: 
Sorry, but we have lost your eyes. This is probably due to excessive head movements. Please try to recalibrate again and give your best to keep your head still.

CALIBRATION: calibration_main_3row_shelf
Start time: 18.03.2017 12-38-34
End time: 18.03.2017 12-39-10
Image quality on start: 0.826388955116272
Image quality minimum value: 0.770833253860474
Image quality mean value: 0.82407409173471
Head movement maximum value: 15.2315462117278
Head movement mean value: 9.23532498154296
Head size ratio maximum value: 0.11281814686659
Head size ratio mean value: 0.110952292802863
Calibration reprojection error mean value: 100.250221040514
Calibration reprojection error outliers count: 0
Error: no error

TEST CALIBRATION: testcalibration_main_3row_shelf
Start time: 18.03.2017 12-39-12
End time: 18.03.2017 12-39-29
Image quality minimum value: 0.722222328186035
Image quality mean value: 0.775458985939622
Head movement maximum value: 19.2353840616713
Head movement mean value: 15.2114020373101
Head size ratio maximum value: 0.121107266435986
Head size ratio mean value: 0.200943387158785
Calibration maximum distance: 213.550930693359
Calibration corrected maximum distance: 103.4456378974
Calibration without correction was successful: True
Calibration with correction was successful: True
Error: no error

CLICKTASK: 3row_shelf
Start time: 18.03.2017 12-39-32
End time: 18.03.2017 12-39-39
Image quality minimum value: 0.722222328186035
Image quality mean value: 0.755016040802002
Head movement maximum value: 22.8473193175917
Head movement mean value: 10.6620823482095
Head size ratio maximum value: 0.104559784698193
Head size ratio mean value: 0.582127899525823
Error: no error

CLICKTASK: pack
Start time: 18.03.2017 12-39-45
End time: 18.03.2017 12-39-53
Image quality minimum value: 0.715277791023254
Image quality mean value: 0.749324910915815
Head movement maximum value: 26.4007575648882
Head movement mean value: 22.8464835547398
Head size ratio maximum value: 0.137777777777778
Head size ratio mean value: 0.237264957264957
Error: no error
