
CALIBRATION: calibration_main
Start time: 17.12.2016 20-48-08
End time: 17.12.2016 20-48-40
Image quality on start: 0.503937005996704
Image quality minimum value: 0.401574790477753
Image quality mean value: 0.439111471322237
Head movement maximum value: 8.54400374531753
Head movement mean value: 4.80297158858659
Head size ratio maximum value: 0.0754437869822485
Head size ratio mean value: 0.0559726693932013
Calibration reprojection error mean value: 72.6975432501899
Calibration reprojection error outliers count: 0
Error: no error

TEST CALIBRATION: testcalibration_main
Start time: 17.12.2016 20-48-43
End time: 17.12.2016 20-48-59
Image quality minimum value: 0.401574790477753
Image quality mean value: 0.45532181621784
Head movement maximum value: 19.2093727122985
Head movement mean value: 13.6733261483748
Head size ratio maximum value: 0.0975
Head size ratio mean value: 0.105370926432924
Calibration maximum distance: 290.59421880003
Calibration corrected maximum distance: 72.4499827467198
Calibration without correction was successful: True
Calibration with correction was successful: True
Error: no error

VIDEOTASK: 1
Start time: 17.12.2016 20-49-09
End time: 17.12.2016 20-50-37
Image quality minimum value: 0.456692904233933
Image quality mean value: 0.801704235750938
Head movement maximum value: 33.2415402771893
Head movement mean value: 21.1103572691587
Head size ratio maximum value: 0.0901775147928994
Head size ratio mean value: 0.0413114527456727
Error: no error
