
CALIBRATION: calibration_main
Start time: 19.12.2016 14-05-53
End time: 19.12.2016 14-06-04
Image quality on start: 0.503937005996704
Image quality minimum value: 0
Image quality mean value: 0.437795269489288
Head movement maximum value: 400.824150968975
Head movement mean value: 20.0412075484488
Head size ratio maximum value: 0
Head size ratio mean value: 1
Calibration reprojection error mean value: 999999
Calibration reprojection error outliers count: 999999
Error: 
Sorry, but we have lost your eyes. This is probably due to excessive head movements. Please try to recalibrate again and give your best to keep your head still.

CALIBRATION: calibration_main
Start time: 19.12.2016 14-06-13
End time: 19.12.2016 14-06-45
Image quality on start: 0.716535449028015
Image quality minimum value: 0.685039341449738
Image quality mean value: 0.704385954869818
Head movement maximum value: 11.1803398874989
Head movement mean value: 5.40632705677648
Head size ratio maximum value: 0.173611111111111
Head size ratio mean value: 0.0987256433932334
Calibration reprojection error mean value: 55.1375009748671
Calibration reprojection error outliers count: 0
Error: no error

TEST CALIBRATION: testcalibration_main
Start time: 19.12.2016 14-06-51
End time: 19.12.2016 14-07-07
Image quality minimum value: 0.669291317462921
Image quality mean value: 0.704660919885482
Head movement maximum value: 11.7046999107196
Head movement mean value: 6.37029545391454
Head size ratio maximum value: 0.221606648199446
Head size ratio mean value: 0.16151806014754
Calibration maximum distance: 116.361505662311
Calibration corrected maximum distance: 77.1621668954417
Calibration without correction was successful: True
Calibration with correction was successful: True
Error: no error

VIDEOTASK: 1
Start time: 19.12.2016 14-07-18
End time: 19.12.2016 14-08-44
Image quality minimum value: 0
Image quality mean value: 0.0796645003546407
Head movement maximum value: 0
Head movement mean value: 0
Head size ratio maximum value: 0
Head size ratio mean value: 1
Error: no error
