
CALIBRATION: calibration_main
Start time: 05.03.2017 19-56-41
End time: 05.03.2017 19-57-17
Image quality on start: 0.527559041976929
Image quality minimum value: 0.430555522441864
Image quality mean value: 0.519621139960854
Head movement maximum value: 19.6468827043885
Head movement mean value: 12.1157813870622
Head size ratio maximum value: 0.135326991676576
Head size ratio mean value: 0.0516051536391507
Calibration reprojection error mean value: 51.6654930114746
Calibration reprojection error outliers count: 0
Error: no error

TEST CALIBRATION: testcalibration_main
Start time: 05.03.2017 19-57-28
End time: 05.03.2017 19-57-45
Image quality minimum value: 0.503937005996704
Image quality mean value: 0.518974824980194
Head movement maximum value: 33.6154726279432
Head movement mean value: 27.3466618889751
Head size ratio maximum value: 0.120285374554102
Head size ratio mean value: 0.0756150241309365
Calibration maximum distance: 277.40583988085
Calibration corrected maximum distance: 73.0616178304313
Calibration without correction was successful: True
Calibration with correction was successful: True
Error: no error

CLICKTASK: shoppersmode
Start time: 05.03.2017 19-58-00
End time: 05.03.2017 19-58-32
Image quality minimum value: 0.433070868253708
Image quality mean value: 0.461625919163784
Head movement maximum value: 48.2700735445887
Head movement mean value: 34.8936407134503
Head size ratio maximum value: 0.196195005945303
Head size ratio mean value: 0.0837974744500128
Error: no error

CLICKTASK: shelftask
Start time: 05.03.2017 19-58-48
End time: 05.03.2017 19-58-59
Image quality minimum value: 0
Image quality mean value: 0.443054663079777
Head movement maximum value: 58.591808301161
Head movement mean value: 51.8263037675028
Head size ratio maximum value: 0.268680142687277
Head size ratio mean value: 0.181805210247541
Error: no error

VIDEOTASK: 3drot
Start time: 05.03.2017 19-59-09
End time: 05.03.2017 19-59-19
Image quality minimum value: 0
Image quality mean value: 0.487567338765713
Head movement maximum value: 57.8705451849211
Head movement mean value: 47.440947772256
Head size ratio maximum value: 0.274565992865636
Head size ratio mean value: 0.24683355237082
Error: no error
