

***************
Logging from: TestCalibrationMediaDialog testcalibration_main
Time: Fri Mar 17 11:53:25 2017

H(0,0) = 79.4772
H(0,1) = -191.896
H(0,2) = 1077.98
H(1,0) = 63.3034
H(1,1) = -146.894
H(1,2) = 222.837
H(2,0) = 0.123147
H(2,1) = -0.290468
H(2,2) = 1
---------------



***************
Logging from: TestCalibrationMediaDialog testcalibration_main
Time: Fri Mar 17 11:54:44 2017

H(0,0) = 0.241946
H(0,1) = -2.00536
H(0,2) = 662.963
H(1,0) = 0.157109
H(1,1) = -1.17902
H(1,2) = 376.527
H(2,0) = 0.000352868
H(2,1) = -0.00298655
H(2,2) = 1
---------------

