

***************
Logging from: TestCalibrationMediaDialog testcalibration_main
Time: Mon Dec 12 16:57:59 2016

H(0,0) = 1.06101
H(0,1) = -0.658973
H(0,2) = 98.3093
H(1,0) = 0.123357
H(1,1) = 0.699902
H(1,2) = -101.805
H(2,0) = 9.10024e-005
H(2,1) = -0.000543395
H(2,2) = 1
---------------



***************
Logging from: TestCalibrationMediaDialog cal2
Time: Mon Dec 12 17:01:23 2016

H(0,0) = 0.630211
H(0,1) = -0.2131
H(0,2) = 73.7579
H(1,0) = -0.0650928
H(1,1) = 0.633411
H(1,2) = 51.7418
H(2,0) = -0.000198848
H(2,1) = -0.000235657
H(2,2) = 1
---------------

