
CALIBRATION: calibration_main
Start time: 12.12.2016 16-57-00
End time: 12.12.2016 16-57-36
Image quality on start: 0.872781038284302
Image quality minimum value: 0.805555522441864
Image quality mean value: 0.823461175110995
Head movement maximum value: 3.16227766016838
Head movement mean value: 1.64479544434812
Head size ratio maximum value: 0.0664905231897983
Head size ratio mean value: 0.050121039768864
Calibration reprojection error mean value: 86.8217247856988
Calibration reprojection error outliers count: 0
Error: no error

TEST CALIBRATION: testcalibration_main
Start time: 12.12.2016 16-57-42
End time: 12.12.2016 16-57-59
Image quality minimum value: 0.798611104488373
Image quality mean value: 0.832948391568171
Head movement maximum value: 5.09901951359278
Head movement mean value: 2.52955800965996
Head size ratio maximum value: 0.0664905231897983
Head size ratio mean value: 0.0656717242358507
Calibration maximum distance: 248.895560426457
Calibration corrected maximum distance: 219.328520717211
Calibration without correction was successful: True
Calibration with correction was successful: True
Error: no error

CLICKTASK: t1
Start time: 12.12.2016 16-58-35
End time: 12.12.2016 16-59-37
Image quality minimum value: 0.69822484254837
Image quality mean value: 0.85642804535346
Head movement maximum value: 20.591260281974
Head movement mean value: 14.5051919742051
Head size ratio maximum value: 0.135120971263866
Head size ratio mean value: 0.0802477144488654
Error: no error

SURVEYTASK: Survey
Start time: 12.12.2016 16-59-44
End time: 12.12.2016 17-01-02
Error: no error

TEST CALIBRATION: cal2
Start time: 12.12.2016 17-01-06
End time: 12.12.2016 17-01-23
Image quality minimum value: 0.756944477558136
Image quality mean value: 0.796254984192226
Head movement maximum value: 26.0768096208106
Head movement mean value: 23.2243696151112
Head size ratio maximum value: 0.046183072757446
Head size ratio mean value: 0.0443910043406107
Calibration maximum distance: 283.451935960931
Calibration corrected maximum distance: 196.367003338137
Calibration without correction was successful: True
Calibration with correction was successful: True
Error: no error

CLICKTASK: t2
Start time: 12.12.2016 17-01-29
End time: 12.12.2016 17-02-31
Image quality minimum value: 0.680555582046509
Image quality mean value: 0.798769650876997
Head movement maximum value: 41.8807831827438
Head movement mean value: 31.1160265975151
Head size ratio maximum value: 0.178181500567735
Head size ratio mean value: 0.0474535584480058
Error: no error

CLICKTASK: t3
Start time: 12.12.2016 17-02-35
End time: 12.12.2016 17-03-21
Image quality minimum value: 0
Image quality mean value: 0.78827702317919
Head movement maximum value: 57.4543296888929
Head movement mean value: 31.874457453771
Head size ratio maximum value: 0.0912743471045506
Head size ratio mean value: 0.0620333800390627
Error: no error

CLICKTASK: t4
Start time: 12.12.2016 17-03-24
End time: 12.12.2016 17-03-58
Image quality minimum value: 0.715277791023254
Image quality mean value: 0.787627770441823
Head movement maximum value: 41.8807831827438
Head movement mean value: 35.5984836278342
Head size ratio maximum value: 0.178181500567735
Head size ratio mean value: 0.0649192030528622
Error: no error
