
CALIBRATION: calibration_main
Start time: 28.01.2017 09-58-19
End time: 28.01.2017 09-58-53
Image quality on start: 0,535433053970337
Image quality minimum value: 0,472440958023071
Image quality mean value: 0,516968495845795
Head movement maximum value: 19,6468827043885
Head movement mean value: 6,03626726287658
Head size ratio maximum value: 0,566999637699912
Head size ratio mean value: 0,12639847833963
Calibration reprojection error mean value: 999999
Calibration reprojection error outliers count: 999999
Error: 
Es tut uns leid, wir haben Ihre Augen verloren. Wahrscheinlich haben Sie Ihren Kopf zu sehr bewegt. Versuchen Sie, die Kalibrierung erneut durchzuführen, und halten Sie Ihren Kopf möglichst still.	

CALIBRATION: calibration_main
Start time: 28.01.2017 10-00-03
End time: 28.01.2017 10-00-34
Image quality on start: 0,566929161548615
Image quality minimum value: 0,402777761220932
Image quality mean value: 0,523702799534384
Head movement maximum value: 19,2093727122985
Head movement mean value: 11,1983282776357
Head size ratio maximum value: 0,173611111111111
Head size ratio mean value: 0,0832614695340499
Calibration reprojection error mean value: 52,6961932712131
Calibration reprojection error outliers count: 0
Error: no error

TEST CALIBRATION: testcalibration_main
Start time: 28.01.2017 10-00-35
End time: 28.01.2017 10-00-51
Image quality minimum value: 0,444444388151169
Image quality mean value: 0,515775472761315
Head movement maximum value: 21,9317121994613
Head movement mean value: 13,8811780940836
Head size ratio maximum value: 0,116544444444444
Head size ratio mean value: 0,0960667012807203
Calibration maximum distance: 135,329228180759
Calibration corrected maximum distance: 65,1920240520265
Calibration without correction was successful: True
Calibration with correction was successful: True
Error: no error

WATCHTASK: 1
Start time: 28.01.2017 10-01-00
End time: 28.01.2017 10-01-31
Image quality minimum value: 0,375000029802322
Image quality mean value: 0,486268962060286
Head movement maximum value: 28,1780056072107
Head movement mean value: 21,6873909449233
Head size ratio maximum value: 0,202677777777778
Head size ratio mean value: 0,1159217585693
Error: no error

VIDEOTASK: 2
Start time: 28.01.2017 10-01-34
End time: 28.01.2017 10-01-50
Image quality minimum value: 0,34722226858139
Image quality mean value: 0,467375922738836
Head movement maximum value: 41,0121933088198
Head movement mean value: 27,9576692699123
Head size ratio maximum value: 0,239511111111111
Head size ratio mean value: 0,187441573033708
Error: no error
