
CALIBRATION: calibration_main
Start time: 16.03.2017 11-27-05
End time: 16.03.2017 11-27-42
Image quality on start: 0.834645688533783
Image quality minimum value: 0.834482729434967
Image quality mean value: 0.846406637624717
Head movement maximum value: 7.81024967590665
Head movement mean value: 4.66296197593416
Head size ratio maximum value: 0.0502014889693327
Head size ratio mean value: 0.059616929474431
Calibration reprojection error mean value: 122.726161532932
Calibration reprojection error outliers count: 0
Error: no error

TEST CALIBRATION: testcalibration_main
Start time: 16.03.2017 11-27-45
End time: 16.03.2017 11-28-02
Image quality minimum value: 0.813793122768402
Image quality mean value: 0.836788585712743
Head movement maximum value: 17.4928556845359
Head movement mean value: 13.6062904170135
Head size ratio maximum value: 0.067208524007923
Head size ratio mean value: 0.125063337584959
Calibration maximum distance: 534.868208066249
Calibration corrected maximum distance: 237.033752870767
Calibration without correction was successful: False
Calibration with correction was successful: True
Error: no error

CLICKTASK: filler
Start time: 16.03.2017 11-28-06
End time: 16.03.2017 11-28-15
Image quality minimum value: 0.811023592948914
Image quality mean value: 0.826071505035673
Head movement maximum value: 13.0384048104053
Head movement mean value: 5.21027879712492
Head size ratio maximum value: 0.110323748377843
Head size ratio mean value: 0.239401094772995
Error: no error

CLICKTASK: full_shelf
Start time: 16.03.2017 11-28-30
End time: 16.03.2017 11-28-40
Image quality minimum value: 0.795275568962097
Image quality mean value: 0.808637538642594
Head movement maximum value: 16.2788205960997
Head movement mean value: 13.3917196086813
Head size ratio maximum value: 0.101632402158323
Head size ratio mean value: 0.15470358250906
Error: no error

CLICKTASK: 3row_shelf
Start time: 16.03.2017 11-28-46
End time: 16.03.2017 11-29-02
Image quality minimum value: 0.753125011920929
Image quality mean value: 0.794577387299868
Head movement maximum value: 32.0156211871642
Head movement mean value: 19.2197997819439
Head size ratio maximum value: 0.101632402158323
Head size ratio mean value: 0.0654293077692442
Error: no error

CLICKTASK: pack
Start time: 16.03.2017 11-29-08
End time: 16.03.2017 11-29-20
Image quality minimum value: 0.779527544975281
Image quality mean value: 0.804386929103306
Head movement maximum value: 20.5182845286832
Head movement mean value: 16.9564325787087
Head size ratio maximum value: 0.0757632675363704
Head size ratio mean value: 0.168778967088509
Error: no error
