
CALIBRATION: calibration_main
Start time: 20.12.2016 11-05-55
End time: 20.12.2016 11-06-27
Image quality on start: 0.83766233921051
Image quality minimum value: 0.748387098312378
Image quality mean value: 0.782524267544493
Head movement maximum value: 10.770329614269
Head movement mean value: 4.39036684962691
Head size ratio maximum value: 0.0771901543803087
Head size ratio mean value: 0.0744227623720948
Calibration reprojection error mean value: 44.5896685388353
Calibration reprojection error outliers count: 0
Error: no error

TEST CALIBRATION: testcalibration_main
Start time: 20.12.2016 11-06-29
End time: 20.12.2016 11-06-45
Image quality minimum value: 0.722222208976746
Image quality mean value: 0.743762688695892
Head movement maximum value: 15.6524758424985
Head movement mean value: 12.5965548727003
Head size ratio maximum value: 0.0771901543803087
Head size ratio mean value: 0.0905853836501062
Calibration maximum distance: 174.229733398177
Calibration corrected maximum distance: 72.0069441095788
Calibration without correction was successful: True
Calibration with correction was successful: True
Error: no error

VIDEOTASK: 1
Start time: 20.12.2016 11-06-58
End time: 20.12.2016 11-08-26
Image quality minimum value: 0.622047245502472
Image quality mean value: 0.710478752713299
Head movement maximum value: 24.1867732448956
Head movement mean value: 19.3733122500078
Head size ratio maximum value: 0.114622729245458
Head size ratio mean value: 0.0595234250746711
Error: no error
