

***************
Logging from: TestCalibrationMediaDialog testcalibration_main
Time: Fri Dec 02 10:50:28 2016

H(0,0) = 0.299734
H(0,1) = 1.83671
H(0,2) = -489.816
H(1,0) = -1.64017
H(1,1) = 3.12708
H(1,2) = -59.1168
H(2,0) = -0.00198321
H(2,1) = 0.0023152
H(2,2) = 1
---------------



***************
Logging from: TestCalibrationMediaDialog cal2
Time: Fri Dec 02 10:51:48 2016

H(0,0) = 1.86841
H(0,1) = -1.95548
H(0,2) = 327.374
H(1,0) = 0.145365
H(1,1) = 0.887542
H(1,2) = -153.423
H(2,0) = 0.000884318
H(2,1) = -0.00160254
H(2,2) = 1
---------------

