
CALIBRATION: calibration_main
Start time: 02.12.2016 10-49-36
End time: 02.12.2016 10-50-10
Image quality on start: 0.622047245502472
Image quality minimum value: 0.574803173542023
Image quality mean value: 0.5904364160129
Head movement maximum value: 3.60555127546399
Head movement mean value: 1.99978763516648
Head size ratio maximum value: 0.0543591550329561
Head size ratio mean value: 0.0420029048807551
Calibration reprojection error mean value: 132.683581882053
Calibration reprojection error outliers count: 1
Error: no error

TEST CALIBRATION: testcalibration_main
Start time: 02.12.2016 10-50-13
End time: 02.12.2016 10-50-29
Image quality minimum value: 0.527559041976929
Image quality mean value: 0.54494924660035
Head movement maximum value: 29.1204395571221
Head movement mean value: 23.5100256472447
Head size ratio maximum value: 0.111639582507597
Head size ratio mean value: 0.109979120983761
Calibration maximum distance: 313.703681840045
Calibration corrected maximum distance: 210
Calibration without correction was successful: False
Calibration with correction was successful: True
Error: no error

CLICKTASK: t1
Start time: 02.12.2016 10-50-34
End time: 02.12.2016 10-50-47
Image quality minimum value: 0.543307065963745
Image quality mean value: 0.670981948414156
Head movement maximum value: 55.3263047744922
Head movement mean value: 36.0915499334406
Head size ratio maximum value: 0.111639582507597
Head size ratio mean value: 0.143231848830663
Error: no error

SURVEYTASK: Survey
Start time: 02.12.2016 10-50-49
End time: 02.12.2016 10-51-26
Error: no error

TEST CALIBRATION: cal2
Start time: 02.12.2016 10-51-32
End time: 02.12.2016 10-51-48
Image quality minimum value: 0.182119205594063
Image quality mean value: 0.645939651825657
Head movement maximum value: 41.0487515035476
Head movement mean value: 37.3835786371582
Head size ratio maximum value: 0.111639582507597
Head size ratio mean value: 0.108423374228199
Calibration maximum distance: 286.190495998732
Calibration corrected maximum distance: 158.518137763475
Calibration without correction was successful: True
Calibration with correction was successful: True
Error: no error

CLICKTASK: t2
Start time: 02.12.2016 10-51-53
End time: 02.12.2016 10-52-47
Image quality minimum value: 0.190789476037025
Image quality mean value: 0.660381780855684
Head movement maximum value: 42.2018956920184
Head movement mean value: 37.3541084468129
Head size ratio maximum value: 0.154445765622936
Head size ratio mean value: 0.123062171634168
Error: no error

CLICKTASK: t3
Start time: 02.12.2016 10-52-54
End time: 02.12.2016 10-53-05
Image quality minimum value: 0.685039341449738
Image quality mean value: 0.712760190169016
Head movement maximum value: 34.0587727318528
Head movement mean value: 30.9272735973753
Head size ratio maximum value: 0.154445765622936
Head size ratio mean value: 0.173754544609347
Error: no error

CLICKTASK: t4
Start time: 02.12.2016 10-53-11
End time: 02.12.2016 10-54-02
Image quality minimum value: 0.645669281482697
Image quality mean value: 0.701343213702426
Head movement maximum value: 38.9486841883009
Head movement mean value: 32.1500406736138
Head size ratio maximum value: 0.189310198029976
Head size ratio mean value: 0.139120774743417
Error: no error
