
CALIBRATION: calibration_main
Start time: 17.03.2017 14-48-11
End time: 17.03.2017 14-48-45
Image quality on start: 0.923611104488373
Image quality minimum value: 0.798611104488373
Image quality mean value: 0.900139941109551
Head movement maximum value: 14.142135623731
Head movement mean value: 6.45627542717073
Head size ratio maximum value: 0.155165233137166
Head size ratio mean value: 0.0750775782572975
Calibration reprojection error mean value: 125.150599161784
Calibration reprojection error outliers count: 1
Error: no error

TEST CALIBRATION: testcalibration_main
Start time: 17.03.2017 14-48-57
End time: 17.03.2017 14-49-13
Image quality minimum value: 0.819444417953491
Image quality mean value: 0.91847171764011
Head movement maximum value: 14.7648230602334
Head movement mean value: 10.8581644629722
Head size ratio maximum value: 0.139447713897691
Head size ratio mean value: 0.108603145235893
Calibration maximum distance: 404.248685835835
Calibration corrected maximum distance: 85.146931829632
Calibration without correction was successful: False
Calibration with correction was successful: True
Error: no error

CLICKTASK: filler
Start time: 17.03.2017 14-49-20
End time: 17.03.2017 14-49-45
Image quality minimum value: 0.833333313465118
Image quality mean value: 0.911112344568702
Head movement maximum value: 18.9736659610103
Head movement mean value: 15.6594528685494
Head size ratio maximum value: 0.139447713897691
Head size ratio mean value: 0.094678919186997
Error: no error

CLICKTASK: full_shelf
Start time: 17.03.2017 14-49-51
End time: 17.03.2017 14-50-22
Image quality minimum value: 0.833333313465118
Image quality mean value: 0.909919423629076
Head movement maximum value: 25.5538646783613
Head movement mean value: 19.4399343333426
Head size ratio maximum value: 0.147324581258488
Head size ratio mean value: 0.0825728778540005
Error: no error

CLICKTASK: 3row_shelf
Start time: 17.03.2017 14-50-28
End time: 17.03.2017 14-50-41
Image quality minimum value: 0.798611104488373
Image quality mean value: 0.880617262906586
Head movement maximum value: 27.5862284482674
Head movement mean value: 22.5778143190637
Head size ratio maximum value: 0.155165233137166
Head size ratio mean value: 0.109978744390048
Error: no error

CLICKTASK: pack
Start time: 17.03.2017 14-50-47
End time: 17.03.2017 14-50-53
Image quality minimum value: 0.84027773141861
Image quality mean value: 0.899195602536201
Head movement maximum value: 24.0831891575846
Head movement mean value: 21.2720586894262
Head size ratio maximum value: 0.107578089633318
Head size ratio mean value: 0.0978844122529048
Error: no error
