19.03.2017 15:32:01 WebCam Check Dialog bad settings: FACE ILLUMINATION, webcam shot path: 
19.03.2017 15:32:01 WebCam Check Dialog bad settings: BACKLIGHT 
19.03.2017 15:32:01 WebCam Check Dialog bad settings: CAMERA NOISE 
19.03.2017 15:32:01 WebCam Check Dialog bad settings: FACE SIZE AND POSITION 
19.03.2017 15:32:16 WebCam Check Dialog bad settings: FACE ILLUMINATION, webcam shot path: 
19.03.2017 15:32:16 WebCam Check Dialog bad settings: BACKLIGHT 
19.03.2017 15:32:16 WebCam Check Dialog bad settings: CAMERA NOISE 
19.03.2017 15:32:16 WebCam Check Dialog bad settings: FACE SIZE AND POSITION 
19.03.2017 15:33:08 WebCam Check Dialog bad settings: FACE ILLUMINATION, webcam shot path: 
19.03.2017 15:33:08 WebCam Check Dialog bad settings: BACKLIGHT 
19.03.2017 15:33:08 WebCam Check Dialog bad settings: CAMERA NOISE 
19.03.2017 15:33:08 WebCam Check Dialog bad settings: FACE SIZE AND POSITION 
19.03.2017 15:33:36 WebCam Check Dialog bad settings: FACE ILLUMINATION, webcam shot path: 
19.03.2017 15:33:36 WebCam Check Dialog bad settings: BACKLIGHT 
19.03.2017 15:33:36 WebCam Check Dialog bad settings: CAMERA NOISE 
19.03.2017 15:33:36 WebCam Check Dialog bad settings: FACE SIZE AND POSITION 
19.03.2017 15:33:50 WebCam Check Dialog bad settings: FACE ILLUMINATION, webcam shot path: 
19.03.2017 15:33:50 WebCam Check Dialog bad settings: BACKLIGHT 
19.03.2017 15:33:50 WebCam Check Dialog bad settings: CAMERA NOISE 
19.03.2017 15:33:50 WebCam Check Dialog bad settings: FACE SIZE AND POSITION 
19.03.2017 15:34:07 WebCam Check Dialog bad settings: FACE SIZE AND POSITION 
19.03.2017 15:34:47 
Your face is not detected properly! Please try to set your position again and repeat calibration.
19.03.2017 15:34:55 WebCam Check Dialog bad settings: FACE SIZE AND POSITION 
19.03.2017 15:36:06 
Your face is not detected properly! Please try to set your position again and repeat calibration.
19.03.2017 15:37:59 
Your face is not detected properly! Please try to set your position again and repeat calibration.
