
CALIBRATION: calibration_main
Start time: 09.12.2016 10-13-29
End time: 09.12.2016 10-14-09
Image quality on start: 0.895833313465118
Image quality minimum value: 0.777777791023254
Image quality mean value: 0.884202226364251
Head movement maximum value: 12.1655250605964
Head movement mean value: 4.75922312782212
Head size ratio maximum value: 0.125099394237303
Head size ratio mean value: 0.0662447750941151
Calibration reprojection error mean value: 63.9652041594187
Calibration reprojection error outliers count: 0
Error: no error

TEST CALIBRATION: testcalibration_main
Start time: 09.12.2016 10-14-15
End time: 09.12.2016 10-14-33
Image quality minimum value: 0.828947365283966
Image quality mean value: 0.85271296997865
Head movement maximum value: 21.9317121994613
Head movement mean value: 17.2059364941422
Head size ratio maximum value: 0.146308317309777
Head size ratio mean value: 0.130235124598206
Calibration maximum distance: 598.969949162727
Calibration corrected maximum distance: 285.842614037865
Calibration without correction was successful: False
Calibration with correction was successful: True
Error: no error

CLICKTASK: c1
Start time: 09.12.2016 10-14-37
End time: 09.12.2016 10-14-59
Image quality minimum value: 0.805555522441864
Image quality mean value: 0.861193058862968
Head movement maximum value: 18.0277563773199
Head movement mean value: 14.6574150751099
Head size ratio maximum value: 0.146308317309777
Head size ratio mean value: 0.101068544096087
Error: no error

CLICKTASK: c2
Start time: 09.12.2016 10-15-04
End time: 09.12.2016 10-15-20
Image quality minimum value: 0.708609282970428
Image quality mean value: 0.783782960294367
Head movement maximum value: 44.7772263544762
Head movement mean value: 33.4378589762667
Head size ratio maximum value: 0.187945466899912
Head size ratio mean value: 0.104827418240942
Error: no error

CLICKTASK: c3
Start time: 09.12.2016 10-15-22
End time: 09.12.2016 10-15-49
Image quality minimum value: 0.729299366474152
Image quality mean value: 0.791110414180203
Head movement maximum value: 42.5440947723653
Head movement mean value: 31.4849781318539
Head size ratio maximum value: 0.181078228686261
Head size ratio mean value: 0.125993402841727
Error: no error

CLICKTASK: c4
Start time: 09.12.2016 10-15-53
End time: 09.12.2016 10-16-12
Image quality minimum value: 0.732026159763336
Image quality mean value: 0.788202752443877
Head movement maximum value: 41.7252920900501
Head movement mean value: 32.9580460139351
Head size ratio maximum value: 0.181078228686261
Head size ratio mean value: 0.128624686045641
Error: no error
