

***************
Logging from: TestCalibrationMediaDialog testcalibration_main
Time: Fri Mar 03 19:53:16 2017

H(0,0) = -5.2385
H(0,1) = -44.0537
H(0,2) = 33887.1
H(1,0) = -13.09
H(1,1) = -36.3204
H(1,2) = 34299.9
H(2,0) = -0.00256761
H(2,1) = 0.0167456
H(2,2) = 1
---------------



***************
Logging from: TestCalibrationMediaDialog testcalibration_main_shelftask
Time: Fri Mar 03 20:05:41 2017

H(0,0) = 0.691423
H(0,1) = -2.35073
H(0,2) = 797.693
H(1,0) = 0.234734
H(1,1) = -1.43113
H(1,2) = 587.321
H(2,0) = 0.000494474
H(2,1) = -0.00242338
H(2,2) = 1
---------------



***************
Logging from: TestCalibrationMediaDialog testcalibration_main_shelftask
Time: Fri Mar 03 20:08:33 2017

H(0,0) = 0.998604
H(0,1) = -0.561286
H(0,2) = 121.952
H(1,0) = -0.0308293
H(1,1) = 1.44405
H(1,2) = -315.795
H(2,0) = 9.75716e-005
H(2,1) = -0.000760245
H(2,2) = 1
---------------

