
CALIBRATION: calibration_main
Start time: 03.03.2017 19-52-03
End time: 03.03.2017 19-52-43
Image quality on start: 0.770833253860474
Image quality minimum value: 0
Image quality mean value: 0.66938972094655
Head movement maximum value: 47.6759897642409
Head movement mean value: 14.6118172211284
Head size ratio maximum value: 0.172447735483943
Head size ratio mean value: 0.17561969105491
Calibration reprojection error mean value: 148.570762846205
Calibration reprojection error outliers count: 0
Error: no error

TEST CALIBRATION: testcalibration_main
Start time: 03.03.2017 19-52-56
End time: 03.03.2017 19-53-16
Image quality minimum value: 0.618055641651154
Image quality mean value: 0.682150907613136
Head movement maximum value: 19.2093727122985
Head movement mean value: 15.7245625941535
Head size ratio maximum value: 0.104159908725853
Head size ratio mean value: 0.177500281906273
Calibration maximum distance: 824.415550556878
Calibration corrected maximum distance: 250.798724079689
Calibration without correction was successful: False
Calibration with correction was successful: True
Error: no error

CLICKTASK: shoppersmode
Start time: 03.03.2017 19-53-44
End time: 03.03.2017 19-54-29
Image quality minimum value: 0
Image quality mean value: 0.540460352579794
Head movement maximum value: 59.6824932455071
Head movement mean value: 38.5052050749181
Head size ratio maximum value: 0.181474480151229
Head size ratio mean value: 0.0762114937584749
Error: no error

CLICKTASK: shelftask
Start time: 03.03.2017 19-55-06
End time: 03.03.2017 19-55-20
Image quality minimum value: 0
Image quality mean value: 0.0727237620287471
Head movement maximum value: 27.2946881279124
Head movement mean value: 26.5365023465814
Head size ratio maximum value: 0.247816019955034
Head size ratio mean value: 0.268710019400728
Error: 
Your face is not detected properly! Please try to set your position again and repeat calibration.

CALIBRATION: calibration_main_shelftask
Start time: 03.03.2017 20-04-44
End time: 03.03.2017 20-05-22
Image quality on start: 0.840277850627899
Image quality minimum value: 0.777777791023254
Image quality mean value: 0.827652858392052
Head movement maximum value: 12.0415945787923
Head movement mean value: 4.71805118564637
Head size ratio maximum value: 0.172310475436712
Head size ratio mean value: 0.126377913564558
Calibration reprojection error mean value: 212.623847537571
Calibration reprojection error outliers count: 2
Error: no error

TEST CALIBRATION: testcalibration_main_shelftask
Start time: 03.03.2017 20-05-25
End time: 03.03.2017 20-05-41
Image quality minimum value: 0.743055522441864
Image quality mean value: 0.820615290285467
Head movement maximum value: 9.21954445729289
Head movement mean value: 5.04545576184663
Head size ratio maximum value: 0.0446039911809599
Head size ratio mean value: 0.10913826125257
Calibration maximum distance: 348.967047154885
Calibration corrected maximum distance: 225.834009839085
Calibration without correction was successful: False
Calibration with correction was successful: True
Error: no error

CLICKTASK: shelftask
Start time: 03.03.2017 20-05-48
End time: 03.03.2017 20-07-23
Image quality minimum value: 0.34027773141861
Image quality mean value: 0.643389338983637
Head movement maximum value: 71.1125867902441
Head movement mean value: 29.658072879542
Head size ratio maximum value: 0.456286392673413
Head size ratio mean value: 0.0860404452335733
Error: 
Sorry, but we have lost your eyes. This is probably due to excessive head movements. Please try to recalibrate again and give your best to keep your head still.

CALIBRATION: calibration_main_shelftask
Start time: 03.03.2017 20-07-36
End time: 03.03.2017 20-08-14
Image quality on start: 0.692913413047791
Image quality minimum value: 0.714788734912872
Image quality mean value: 0.746765968934545
Head movement maximum value: 16.2788205960997
Head movement mean value: 10.0158662780296
Head size ratio maximum value: 0.0847419010323958
Head size ratio mean value: 0.0823812946257649
Calibration reprojection error mean value: 129.443649715847
Calibration reprojection error outliers count: 0
Error: no error

TEST CALIBRATION: testcalibration_main_shelftask
Start time: 03.03.2017 20-08-16
End time: 03.03.2017 20-08-33
Image quality minimum value: 0.686619699001312
Image quality mean value: 0.715377597464729
Head movement maximum value: 17.464249196573
Head movement mean value: 13.9432063258198
Head size ratio maximum value: 0.0594660021359914
Head size ratio mean value: 0.10782338066524
Calibration maximum distance: 211.624667749296
Calibration corrected maximum distance: 84.2021377400835
Calibration without correction was successful: True
Calibration with correction was successful: True
Error: no error

CLICKTASK: shelftask
Start time: 03.03.2017 20-08-39
End time: 03.03.2017 20-08-57
Image quality minimum value: 0.574803173542023
Image quality mean value: 0.591676790799413
Head movement maximum value: 31.04834939252
Head movement mean value: 22.3015479718991
Head size ratio maximum value: 0.159145603417586
Head size ratio mean value: 0.165534252148706
Error: no error

VIDEOTASK: 3drot
Start time: 03.03.2017 20-09-27
End time: 03.03.2017 20-09-40
Image quality minimum value: 0.401574790477753
Image quality mean value: 0.57447926223278
Head movement maximum value: 38.8973006775534
Head movement mean value: 32.6399500350806
Head size ratio maximum value: 0.11000355998576
Head size ratio mean value: 0.176093983624066
Error: no error
