

***************
Logging from: TestCalibrationMediaDialog testcalibration_main
Time: Sat Jan 17 21:50:31 2015

H(0,0) = -14.3141
H(0,1) = 2.79846
H(0,2) = 7719.28
H(1,0) = -2.63315
H(1,1) = -2.05716
H(1,2) = 2269.97
H(2,0) = -0.00500671
H(2,1) = 0.000741078
H(2,2) = 1
---------------



***************
Logging from: TestCalibrationMediaDialog testcalibration_main
Time: Sat Jan 17 21:54:22 2015

H(0,0) = -6.09719
H(0,1) = -4.17977
H(0,2) = 6672.58
H(1,0) = -2.49897
H(1,1) = -3.92181
H(1,2) = 3940.24
H(2,0) = -0.00150207
H(2,1) = -0.00115286
H(2,2) = 1
---------------



***************
Logging from: VideoMediaDialog v - start
Time: Sat Jan 17 21:54:43 2015

H(0,0) = -6.09719
H(0,1) = -4.17977
H(0,2) = 6672.58
H(1,0) = -2.49897
H(1,1) = -3.92181
H(1,2) = 3940.24
H(2,0) = -0.00150207
H(2,1) = -0.00115286
H(2,2) = 1
---------------



***************
Logging from: VideoMediaDialog v - start
Time: Sat Jan 17 21:57:08 2015

---------------



***************
Logging from: VideoMediaDialog v - stop
Time: Sat Jan 17 21:58:31 2015

---------------

