
CALIBRATION: calibration_main
Start time: 09.12.2016 17-04-23
End time: 09.12.2016 17-04-55
Image quality on start: 0.903030276298523
Image quality minimum value: 0.819444417953491
Image quality mean value: 0.886424268154722
Head movement maximum value: 14.7648230602334
Head movement mean value: 9.29467255545596
Head size ratio maximum value: 0.122576510174652
Head size ratio mean value: 0.0811301217222588
Calibration reprojection error mean value: 115.671651204427
Calibration reprojection error outliers count: 0
Error: no error

TEST CALIBRATION: testcalibration_main
Start time: 09.12.2016 17-04-59
End time: 09.12.2016 17-05-15
Image quality minimum value: 0.777777791023254
Image quality mean value: 0.849857011883278
Head movement maximum value: 21.3775583264319
Head movement mean value: 18.3229224882551
Head size ratio maximum value: 0.184674820630597
Head size ratio mean value: 0.15377916728523
Calibration maximum distance: 272.418795239976
Calibration corrected maximum distance: 139.057542046449
Calibration without correction was successful: True
Calibration with correction was successful: True
Error: no error

CLICKTASK: c1
Start time: 09.12.2016 17-05-29
End time: 09.12.2016 17-05-37
Image quality minimum value: 0.606299221515656
Image quality mean value: 0.764584237833818
Head movement maximum value: 20.6155281280883
Head movement mean value: 18.0108286717485
Head size ratio maximum value: 0.161655005430042
Head size ratio mean value: 0.169911338994819
Error: no error

CLICKTASK: c2
Start time: 09.12.2016 17-05-44
End time: 09.12.2016 17-05-54
Image quality minimum value: 0.692913413047791
Image quality mean value: 0.776128065741919
Head movement maximum value: 30.0832179129826
Head movement mean value: 22.9091590990406
Head size ratio maximum value: 0.161655005430042
Head size ratio mean value: 0.163118492662841
Error: no error

CLICKTASK: c3
Start time: 09.12.2016 17-06-01
End time: 09.12.2016 17-06-06
Image quality minimum value: 0.755905508995056
Image quality mean value: 0.839222308836485
Head movement maximum value: 27.3130005674953
Head movement mean value: 24.0996149462239
Head size ratio maximum value: 0.138314728764977
Head size ratio mean value: 0.151604977834748
Error: no error

CLICKTASK: c4
Start time: 09.12.2016 17-06-12
End time: 09.12.2016 17-06-22
Image quality minimum value: 0.8125
Image quality mean value: 0.870019676041429
Head movement maximum value: 29.1204395571221
Head movement mean value: 25.3695441137875
Head size ratio maximum value: 0.153910520037743
Head size ratio mean value: 0.181319461744296
Error: no error
