
CALIBRATION: calibration_main
Start time: 27.01.2017 15-59-36
End time: 27.01.2017 16-00-08
Image quality on start: 0,724409461021423
Image quality minimum value: 0,716535449028015
Image quality mean value: 0,720757465274787
Head movement maximum value: 6,08276253029822
Head movement mean value: 3,03366633004463
Head size ratio maximum value: 0,0701530612244898
Head size ratio mean value: 0,0318239747614567
Calibration reprojection error mean value: 93,3429016537137
Calibration reprojection error outliers count: 0
Error: no error

TEST CALIBRATION: testcalibration_main
Start time: 27.01.2017 16-00-13
End time: 27.01.2017 16-00-29
Image quality minimum value: 0,716535449028015
Image quality mean value: 0,719929419714829
Head movement maximum value: 9,48683298050514
Head movement mean value: 5,37551178063967
Head size ratio maximum value: 0,0470521541950113
Head size ratio mean value: 0,0458782757462288
Calibration maximum distance: 451,868343657752
Calibration corrected maximum distance: 158,145502623375
Calibration without correction was successful: False
Calibration with correction was successful: True
Error: no error

WATCHTASK: 1
Start time: 27.01.2017 16-00-53
End time: 27.01.2017 16-01-24
Image quality minimum value: 0,700787425041199
Image quality mean value: 0,707149209565674
Head movement maximum value: 16,1245154965971
Head movement mean value: 12,8050312095398
Head size ratio maximum value: 0,0929705215419501
Head size ratio mean value: 0,0348134090526083
Error: no error

VIDEOTASK: 2
Start time: 27.01.2017 16-01-32
End time: 27.01.2017 16-01-50
Image quality minimum value: 0,692913413047791
Image quality mean value: 0,701777570261927
Head movement maximum value: 35
Head movement mean value: 28,5108822515836
Head size ratio maximum value: 0,072704081632653
Head size ratio mean value: 0,0341934234328017
Error: no error
