
CALIBRATION: calibration_main
Start time: 19.12.2016 19-33-25
End time: 19.12.2016 19-33-59
Image quality on start: 0.527559041976929
Image quality minimum value: 0.440944880247116
Image quality mean value: 0.545103582219013
Head movement maximum value: 14.7648230602334
Head movement mean value: 4.38980695979947
Head size ratio maximum value: 0.183452670646522
Head size ratio mean value: 0.102861953920675
Calibration reprojection error mean value: 84.1370421515571
Calibration reprojection error outliers count: 0
Error: no error

TEST CALIBRATION: testcalibration_main
Start time: 19.12.2016 19-34-02
End time: 19.12.2016 19-34-26
Image quality minimum value: 0.645669281482697
Image quality mean value: 0.664162373870885
Head movement maximum value: 19.4164878389476
Head movement mean value: 7.20160716302594
Head size ratio maximum value: 0.860541657183873
Head size ratio mean value: 0.173406717977884
Calibration maximum distance: 567.043208230202
Calibration corrected maximum distance: 0
Calibration without correction was successful: False
Calibration with correction was successful: False
Error: 
Sorry, but we have lost your eyes. This is probably due to excessive head movements. Please try to recalibrate again and give your best to keep your head still.

CALIBRATION: calibration_main
Start time: 19.12.2016 19-34-44
End time: 19.12.2016 19-34-56
Image quality on start: 0.496062994003296
Image quality minimum value: 1000
Image quality mean value: 0
Head movement maximum value: 0
Head movement mean value: 0
Head size ratio maximum value: 0
Head size ratio mean value: 0
Calibration reprojection error mean value: 999999
Calibration reprojection error outliers count: 999999
Error: 
Bad Face Size!
Your face in the camera image is too big or too small. Please set your position again and repeat calibration.

CALIBRATION: calibration_main
Start time: 19.12.2016 19-37-31
End time: 19.12.2016 19-38-04
Image quality on start: 0.574803173542023
Image quality minimum value: 0.519685029983521
Image quality mean value: 0.546335536700029
Head movement maximum value: 13.0384048104053
Head movement mean value: 6.93404045768604
Head size ratio maximum value: 0.110314448618447
Head size ratio mean value: 0.0921146915287948
Calibration reprojection error mean value: 54.9977845085992
Calibration reprojection error outliers count: 0
Error: no error

TEST CALIBRATION: testcalibration_main
Start time: 19.12.2016 19-38-06
End time: 19.12.2016 19-38-23
Image quality minimum value: 0.503937005996704
Image quality mean value: 0.522487644926976
Head movement maximum value: 13.4536240470737
Head movement mean value: 10.1057534592749
Head size ratio maximum value: 0.126713830781259
Head size ratio mean value: 0.116863858948507
Calibration maximum distance: 631.398447891662
Calibration corrected maximum distance: 286.356421265527
Calibration without correction was successful: False
Calibration with correction was successful: True
Error: no error

VIDEOTASK: 1
Start time: 19.12.2016 19-38-35
End time: 19.12.2016 19-39-58
Image quality minimum value: 0
Image quality mean value: 0.775538053685244
Head movement maximum value: 369.066389691611
Head movement mean value: 16.6673732687515
Head size ratio maximum value: 0.191815564157815
Head size ratio mean value: 0.131872778741293
Error: 
Sorry, but we have lost your eyes. This is probably due to excessive head movements. Please try to recalibrate again and give your best to keep your head still.

CALIBRATION: calibration_main
Start time: 19.12.2016 19-42-20
End time: 19.12.2016 19-42-53
Image quality on start: 0.590551197528839
Image quality minimum value: 0.574803173542023
Image quality mean value: 0.72418442941629
Head movement maximum value: 10.295630140987
Head movement mean value: 6.2661653715051
Head size ratio maximum value: 0.114186851211073
Head size ratio mean value: 0.0841396840481104
Calibration reprojection error mean value: 88.7107772827148
Calibration reprojection error outliers count: 0
Error: no error

TEST CALIBRATION: testcalibration_main
Start time: 19.12.2016 19-42-56
End time: 19.12.2016 19-43-12
Image quality minimum value: 1000
Image quality mean value: 0
Head movement maximum value: 0
Head movement mean value: 0
Head size ratio maximum value: 0
Head size ratio mean value: 0
Calibration maximum distance: 0
Calibration corrected maximum distance: 0
Calibration without correction was successful: False
Calibration with correction was successful: False
Error: no error

VIDEOTASK: 1
Start time: 19.12.2016 19-43-16
End time: 19.12.2016 19-44-43
Image quality minimum value: 1000
Image quality mean value: 0
Head movement maximum value: 0
Head movement mean value: 0
Head size ratio maximum value: 0
Head size ratio mean value: 0
Error: no error
