

***************
Logging from: TestCalibrationMediaDialog testcalibration_main
Time: Mon Dec 12 16:17:20 2016

H(0,0) = 1.20028
H(0,1) = -0.882049
H(0,2) = 250.595
H(1,0) = 0.000106671
H(1,1) = 0.431265
H(1,2) = 207.734
H(2,0) = 0.00035446
H(2,1) = -0.000955555
H(2,2) = 1
---------------



***************
Logging from: TestCalibrationMediaDialog cal2
Time: Mon Dec 12 16:18:59 2016

H(0,0) = 0.63173
H(0,1) = -0.039845
H(0,2) = 172.072
H(1,0) = -0.195714
H(1,1) = 0.857829
H(1,2) = 145.838
H(2,0) = -0.000246058
H(2,1) = -0.000180632
H(2,2) = 1
---------------

