
CALIBRATION: calibration_main
Start time: 12.12.2016 16-16-23
End time: 12.12.2016 16-17-01
Image quality on start: 0.805555522441864
Image quality minimum value: 0.611111104488373
Image quality mean value: 0.745172281662623
Head movement maximum value: 8.06225774829855
Head movement mean value: 4.05643935302931
Head size ratio maximum value: 0.14633719986515
Head size ratio mean value: 0.082731752591908
Calibration reprojection error mean value: 41.7277230156793
Calibration reprojection error outliers count: 0
Error: no error

TEST CALIBRATION: testcalibration_main
Start time: 12.12.2016 16-17-04
End time: 12.12.2016 16-17-20
Image quality minimum value: 0.618055641651154
Image quality mean value: 0.707604920113837
Head movement maximum value: 14.7648230602334
Head movement mean value: 9.93339657445515
Head size ratio maximum value: 0.153916268151681
Head size ratio mean value: 0.104182348885117
Calibration maximum distance: 297.835525080538
Calibration corrected maximum distance: 166.481230173254
Calibration without correction was successful: True
Calibration with correction was successful: True
Error: no error

CLICKTASK: t1
Start time: 12.12.2016 16-17-32
End time: 12.12.2016 16-17-54
Image quality minimum value: 0.65277773141861
Image quality mean value: 0.733203370582881
Head movement maximum value: 12.0415945787923
Head movement mean value: 8.88402782655184
Head size ratio maximum value: 0.0694227671715217
Head size ratio mean value: 0.0677658666310084
Error: no error

SURVEYTASK: Survey
Start time: 12.12.2016 16-17-58
End time: 12.12.2016 16-18-36
Error: no error

TEST CALIBRATION: cal2
Start time: 12.12.2016 16-18-41
End time: 12.12.2016 16-18-59
Image quality minimum value: 0.680555462837219
Image quality mean value: 0.777144693756757
Head movement maximum value: 13.0384048104053
Head movement mean value: 10.7218274214086
Head size ratio maximum value: 0.0897626390640413
Head size ratio mean value: 0.0798542272406882
Calibration maximum distance: 249.897979183506
Calibration corrected maximum distance: 60.1082357085949
Calibration without correction was successful: True
Calibration with correction was successful: True
Error: no error

CLICKTASK: t2
Start time: 12.12.2016 16-19-06
End time: 12.12.2016 16-20-08
Image quality minimum value: 0.534722208976746
Image quality mean value: 0.787045343500195
Head movement maximum value: 18.4390889145858
Head movement mean value: 9.70082322375335
Head size ratio maximum value: 0.162419308519272
Head size ratio mean value: 0.0654387599855765
Error: no error

CLICKTASK: t3
Start time: 12.12.2016 16-20-12
End time: 12.12.2016 16-20-53
Image quality minimum value: 0.673611164093018
Image quality mean value: 0.811016032270565
Head movement maximum value: 13.6014705087354
Head movement mean value: 8.47568685626525
Head size ratio maximum value: 0.188090749041691
Head size ratio mean value: 0.0894524745679032
Error: no error

CLICKTASK: t4
Start time: 12.12.2016 16-21-03
End time: 12.12.2016 16-22-13
Image quality minimum value: 0.645833373069763
Image quality mean value: 0.764318495691813
Head movement maximum value: 29.5465734053883
Head movement mean value: 20.268428028376
Head size ratio maximum value: 0.181710347238697
Head size ratio mean value: 0.0883807254462634
Error: no error
