

***************
Logging from: TestCalibrationMediaDialog testcalibration_main
Time: Wed Jan 21 17:32:09 2015

H(0,0) = -1.02177
H(0,1) = -0.0858711
H(0,2) = 1120.57
H(1,0) = -0.600423
H(1,1) = 0.28003
H(1,2) = 493.36
H(2,0) = -0.00118761
H(2,1) = 0.000509926
H(2,2) = 1
---------------



***************
Logging from: VideoMediaDialog v - start
Time: Wed Jan 21 17:32:16 2015

H(0,0) = -1.02177
H(0,1) = -0.0858711
H(0,2) = 1120.57
H(1,0) = -0.600423
H(1,1) = 0.28003
H(1,2) = 493.36
H(2,0) = -0.00118761
H(2,1) = 0.000509926
H(2,2) = 1
---------------



***************
Logging from: VideoMediaDialog v - stop
Time: Wed Jan 21 17:33:56 2015

H(0,0) = -1.02177
H(0,1) = -0.0858711
H(0,2) = 1120.57
H(1,0) = -0.600423
H(1,1) = 0.28003
H(1,2) = 493.36
H(2,0) = -0.00118761
H(2,1) = 0.000509926
H(2,2) = 1
---------------

