
CALIBRATION: calibration_main
Start time: 20.03.2017 11-01-39
End time: 20.03.2017 11-01-47
Image quality on start: 0.566929161548615
Image quality minimum value: 1000
Image quality mean value: 0
Head movement maximum value: 0
Head movement mean value: 0
Head size ratio maximum value: 0
Head size ratio mean value: 0
Calibration reprojection error mean value: 999999
Calibration reprojection error outliers count: 999999
Error: 
Initialization Error!
Please contact us on support@eyesee.be and inform us about this error.

CALIBRATION: calibration_main
Start time: 20.03.2017 11-02-00
End time: 20.03.2017 11-02-30
Image quality on start: 0.519685029983521
Image quality minimum value: 0.488188982009888
Image quality mean value: 0.514203245496105
Head movement maximum value: 15.2315462117278
Head movement mean value: 8.46613494512241
Head size ratio maximum value: 0.174182075785395
Head size ratio mean value: 0.0646742064292072
Calibration reprojection error mean value: 95.9045109219021
Calibration reprojection error outliers count: 0
Error: no error

TEST CALIBRATION: testcalibration_main
Start time: 20.03.2017 11-02-33
End time: 20.03.2017 11-02-48
Image quality minimum value: 0.503937005996704
Image quality mean value: 0.534935520245479
Head movement maximum value: 41.0487515035476
Head movement mean value: 31.6090716655401
Head size ratio maximum value: 0.125099394237303
Head size ratio mean value: 0.082100394653706
Calibration maximum distance: 396.771974816771
Calibration corrected maximum distance: 152.085502267639
Calibration without correction was successful: False
Calibration with correction was successful: True
Error: no error

CLICKTASK: filler
Start time: 20.03.2017 11-02-51
End time: 20.03.2017 11-03-01
Image quality minimum value: 0.519685029983521
Image quality mean value: 0.567108092434479
Head movement maximum value: 51.3517283058711
Head movement mean value: 43.305955527039
Head size ratio maximum value: 0.208373693417572
Head size ratio mean value: 0.114859323475178
Error: no error

CLICKTASK: full_shelf
Start time: 20.03.2017 11-03-04
End time: 20.03.2017 11-03-08
Image quality minimum value: 0.543307065963745
Image quality mean value: 0.559718179702759
Head movement maximum value: 55.659680200303
Head movement mean value: 49.833338974328
Head size ratio maximum value: 0.258150327458833
Head size ratio mean value: 0.154956548073331
Error: no error

CLICKTASK: 3row_shelf
Start time: 20.03.2017 11-03-14
End time: 20.03.2017 11-03-22
Image quality minimum value: 0.503937005996704
Image quality mean value: 0.554467952579533
Head movement maximum value: 58.821764679411
Head movement mean value: 52.7698599099637
Head size ratio maximum value: 0.174297734534257
Head size ratio mean value: 0.112761245193762
Error: no error

CLICKTASK: pack
Start time: 20.03.2017 11-03-26
End time: 20.03.2017 11-03-35
Image quality minimum value: 0.559055089950562
Image quality mean value: 0.577193498345358
Head movement maximum value: 60.2079728939615
Head movement mean value: 56.4034442356738
Head size ratio maximum value: 0.283869941736905
Head size ratio mean value: 0.107643313581848
Error: no error
