
CALIBRATION: calibration_main
Start time: 07.12.2016 19-38-37
End time: 07.12.2016 19-39-08
Image quality on start: 0.440944880247116
Image quality minimum value: 0.330708652734756
Image quality mean value: 0.350525563698636
Head movement maximum value: 13.0384048104053
Head movement mean value: 8.14252749981576
Head size ratio maximum value: 0.0815999999999999
Head size ratio mean value: 0.0809654439128126
Calibration reprojection error mean value: 88.3576713138156
Calibration reprojection error outliers count: 0
Error: no error

TEST CALIBRATION: testcalibration_main
Start time: 07.12.2016 19-39-12
End time: 07.12.2016 19-39-27
Image quality minimum value: 0.31496062874794
Image quality mean value: 0.337371283871496
Head movement maximum value: 18.0277563773199
Head movement mean value: 14.5529370465761
Head size ratio maximum value: 0.0540444444444443
Head size ratio mean value: 0.101009855439485
Calibration maximum distance: 162.265215003093
Calibration corrected maximum distance: 42.0119030752
Calibration without correction was successful: True
Calibration with correction was successful: True
Error: no error

CLICKTASK: c1
Start time: 07.12.2016 19-39-29
End time: 07.12.2016 19-39-35
Image quality minimum value: 0.330708652734756
Image quality mean value: 0.854331923855676
Head movement maximum value: 16.7630546142402
Head movement mean value: 12.9506110175519
Head size ratio maximum value: 0.0723753086419754
Head size ratio mean value: 0.219266721536351
Error: no error

CLICKTASK: c2
Start time: 07.12.2016 19-39-46
End time: 07.12.2016 19-39-55
Image quality minimum value: 0.228346452116966
Image quality mean value: 0.734190657734871
Head movement maximum value: 20.0249843945008
Head movement mean value: 18.1597477505931
Head size ratio maximum value: 0.0815999999999999
Head size ratio mean value: 0.103981444070333
Error: no error

CLICKTASK: c3
Start time: 07.12.2016 19-40-04
End time: 07.12.2016 19-40-34
Image quality minimum value: 0.244094491004944
Image quality mean value: 0.824701034315101
Head movement maximum value: 23
Head movement mean value: 19.1947078072913
Head size ratio maximum value: 0.137777777777778
Head size ratio mean value: 0.0998787304808616
Error: no error

CLICKTASK: c4
Start time: 07.12.2016 19-40-42
End time: 07.12.2016 19-40-54
Image quality minimum value: 0.244094491004944
Image quality mean value: 0.4526201390672
Head movement maximum value: 26.3058928759318
Head movement mean value: 21.9276985607582
Head size ratio maximum value: 0.0908641975308642
Head size ratio mean value: 0.130268199233717
Error: no error
