

***************
Logging from: TestCalibrationMediaDialog testcalibration_main
Time: Sat Mar 18 17:12:31 2017

H(0,0) = 1.49142
H(0,1) = -0.539805
H(0,2) = -274.229
H(1,0) = 0.0892265
H(1,1) = 1.14644
H(1,2) = -161.403
H(2,0) = 0.000347005
H(2,1) = -0.000439064
H(2,2) = 1
---------------



***************
Logging from: TestCalibrationMediaDialog testcalibration_main_full_shelf
Time: Sat Mar 18 17:13:47 2017

H(0,0) = 0.753081
H(0,1) = -0.729767
H(0,2) = 172.437
H(1,0) = -0.0647934
H(1,1) = 1.58253
H(1,2) = -321.158
H(2,0) = -6.09226e-005
H(2,1) = -0.000642136
H(2,2) = 1
---------------

