

***************
Logging from: TestCalibrationMediaDialog testcalibration_main
Time: Fri Dec 09 13:07:34 2016

H(0,0) = -1.13242
H(0,1) = -1.29299
H(0,2) = 1083.16
H(1,0) = -0.367008
H(1,1) = -0.381245
H(1,2) = 346.147
H(2,0) = -0.00104236
H(2,1) = -0.00114137
H(2,2) = 1
---------------



***************
Logging from: TestCalibrationMediaDialog testcalibration_main_c2
Time: Fri Dec 09 13:09:20 2016

H(0,0) = 0.657198
H(0,1) = -2.33033
H(0,2) = 870.397
H(1,0) = 0.0675527
H(1,1) = -0.206934
H(1,2) = 135.586
H(2,0) = 0.000353821
H(2,1) = -0.00201
H(2,2) = 1
---------------

