
CALIBRATION: calibration_main
Start time: 09.12.2016 13-06-42
End time: 09.12.2016 13-07-16
Image quality on start: 0.645669281482697
Image quality minimum value: 0.590551197528839
Image quality mean value: 0.61071882824744
Head movement maximum value: 47.2652091923859
Head movement mean value: 30.433163084418
Head size ratio maximum value: 0.0929752066115703
Head size ratio mean value: 0.086030206759679
Calibration reprojection error mean value: 73.7351866828071
Calibration reprojection error outliers count: 0
Error: no error

TEST CALIBRATION: testcalibration_main
Start time: 09.12.2016 13-07-18
End time: 09.12.2016 13-07-34
Image quality minimum value: 0.590551197528839
Image quality mean value: 0.610385734069197
Head movement maximum value: 36.1247837363769
Head movement mean value: 31.3668949284527
Head size ratio maximum value: 0.061524334251607
Head size ratio mean value: 0.125270251421
Calibration maximum distance: 527.375577743225
Calibration corrected maximum distance: 266.092089322475
Calibration without correction was successful: False
Calibration with correction was successful: True
Error: no error

CLICKTASK: c1
Start time: 09.12.2016 13-07-37
End time: 09.12.2016 13-08-01
Image quality minimum value: 0.606299221515656
Image quality mean value: 0.759579359553754
Head movement maximum value: 36
Head movement mean value: 30.6496847520628
Head size ratio maximum value: 0.0929752066115703
Head size ratio mean value: 0.0936957465277778
Error: no error

CLICKTASK: c2
Start time: 09.12.2016 13-08-13
End time: 09.12.2016 13-08-23
Image quality minimum value: 0.437500059604645
Image quality mean value: 0.674871383678345
Head movement maximum value: 40.6078810084939
Head movement mean value: 34.6411199875185
Head size ratio maximum value: 0.423682851239669
Head size ratio mean value: 0.072019573440028
Error: 
Sorry, but we have lost your eyes. This is probably due to excessive head movements. Please try to recalibrate again and give your best to keep your head still.

CALIBRATION: calibration_main_c2
Start time: 09.12.2016 13-08-29
End time: 09.12.2016 13-09-01
Image quality on start: 0.598425209522247
Image quality minimum value: 0.551181077957153
Image quality mean value: 0.624239303031058
Head movement maximum value: 13.9283882771841
Head movement mean value: 5.36664115446983
Head size ratio maximum value: 0.118977179423686
Head size ratio mean value: 0.0899368036373382
Calibration reprojection error mean value: 71.2248115539551
Calibration reprojection error outliers count: 0
Error: no error

TEST CALIBRATION: testcalibration_main_c2
Start time: 09.12.2016 13-09-04
End time: 09.12.2016 13-09-20
Image quality minimum value: 0.598425209522247
Image quality mean value: 0.623358406046385
Head movement maximum value: 12.369316876853
Head movement mean value: 6.90621189222415
Head size ratio maximum value: 0.0569276284064695
Head size ratio mean value: 0.10601646879809
Calibration maximum distance: 496.951707915367
Calibration corrected maximum distance: 121.827747249959
Calibration without correction was successful: False
Calibration with correction was successful: True
Error: no error

CLICKTASK: c2
Start time: 09.12.2016 13-09-22
End time: 09.12.2016 13-09-27
Image quality minimum value: 0.440944880247116
Image quality mean value: 0.648631980473345
Head movement maximum value: 4.12310562561766
Head movement mean value: 2.62379448902942
Head size ratio maximum value: 0.0639262860196275
Head size ratio mean value: 0.401135519461055
Error: no error

CLICKTASK: c3
Start time: 09.12.2016 13-09-33
End time: 09.12.2016 13-09-42
Image quality minimum value: 0.590551197528839
Image quality mean value: 0.62222222884496
Head movement maximum value: 9.05538513813742
Head movement mean value: 4.65331772861019
Head size ratio maximum value: 0.0357752609834613
Head size ratio mean value: 0.150221052159042
Error: no error

CLICKTASK: c4
Start time: 09.12.2016 13-09-49
End time: 09.12.2016 13-10-00
Image quality minimum value: 0.566929161548615
Image quality mean value: 0.637795272928018
Head movement maximum value: 7
Head movement mean value: 5.48848490763683
Head size ratio maximum value: 0.0847658642755672
Head size ratio mean value: 0.080446466434815
Error: no error
