

***************
Logging from: TestCalibrationMediaDialog testcalibration_main
Time: Mon Dec 19 21:49:47 2016

H(0,0) = -0.134062
H(0,1) = -2.55762
H(0,2) = 809.049
H(1,0) = 0.652561
H(1,1) = -2.98448
H(1,2) = 463.722
H(2,0) = 0.00194733
H(2,1) = -0.00753846
H(2,2) = 1
---------------



***************
Logging from: TestCalibrationMediaDialog testcalibration_main
Time: Mon Dec 19 21:52:20 2016

H(0,0) = -2.05277
H(0,1) = 4.34788
H(0,2) = -69.6215
H(1,0) = -1.73777
H(1,1) = 1.32347
H(1,2) = 693.735
H(2,0) = -0.00406656
H(2,1) = 0.00505514
H(2,2) = 1
---------------

