
CALIBRATION: calibration_main
Start time: 19.12.2016 21-48-08
End time: 19.12.2016 21-48-31
Image quality on start: 0.555555582046509
Image quality minimum value: 0
Image quality mean value: 0.254969187329213
Head movement maximum value: 195.432852918848
Head movement mean value: 14.8610042408366
Head size ratio maximum value: 0.488847740089218
Head size ratio mean value: 0.226867126785063
Calibration reprojection error mean value: 999999
Calibration reprojection error outliers count: 999999
Error: 
Sorry, but we have lost your eyes. This is probably due to excessive head movements. Please try to recalibrate again and give your best to keep your head still.

CALIBRATION: calibration_main
Start time: 19.12.2016 21-48-46
End time: 19.12.2016 21-49-20
Image quality on start: 0.444444388151169
Image quality minimum value: 0.298611104488373
Image quality mean value: 0.397780937277224
Head movement maximum value: 36.8781778291715
Head movement mean value: 27.2815493987678
Head size ratio maximum value: 0.0761638571054239
Head size ratio mean value: 0.0513241889219652
Calibration reprojection error mean value: 250.776003731622
Calibration reprojection error outliers count: 5
Error: no error

TEST CALIBRATION: testcalibration_main
Start time: 19.12.2016 21-49-30
End time: 19.12.2016 21-49-48
Image quality minimum value: 0.375000029802322
Image quality mean value: 0.473622786147254
Head movement maximum value: 61.0982814815605
Head movement mean value: 46.254178269219
Head size ratio maximum value: 0.0853252588775342
Head size ratio mean value: 0.101557844438035
Calibration maximum distance: 605.019834385618
Calibration corrected maximum distance: 229.085137012422
Calibration without correction was successful: False
Calibration with correction was successful: True
Error: no error

VIDEOTASK: 1
Start time: 19.12.2016 21-49-52
End time: 19.12.2016 21-50-17
Image quality minimum value: 0
Image quality mean value: 0.42023311526912
Head movement maximum value: 63.0634601017102
Head movement mean value: 48.8392759166758
Head size ratio maximum value: 0.138168301938064
Head size ratio mean value: 0.111298903528414
Error: 
Your face is not detected properly! Please try to set your position again and repeat calibration.

CALIBRATION: calibration_main
Start time: 19.12.2016 21-51-26
End time: 19.12.2016 21-52-00
Image quality on start: 0.614173233509064
Image quality minimum value: 0
Image quality mean value: 0.619586176536185
Head movement maximum value: 31.9530906173409
Head movement mean value: 17.6430515274989
Head size ratio maximum value: 0.348052867056245
Head size ratio mean value: 0.211168500749887
Calibration reprojection error mean value: 303.860967848036
Calibration reprojection error outliers count: 5
Error: no error

TEST CALIBRATION: testcalibration_main
Start time: 19.12.2016 21-52-03
End time: 19.12.2016 21-52-20
Image quality minimum value: 0.598425209522247
Image quality mean value: 0.625791455137319
Head movement maximum value: 12.8062484748657
Head movement mean value: 7.52724263121066
Head size ratio maximum value: 0.303677410518627
Head size ratio mean value: 0.262480203584293
Calibration maximum distance: 603.841866716775
Calibration corrected maximum distance: 302.076149339864
Calibration without correction was successful: False
Calibration with correction was successful: True
Error: no error

VIDEOTASK: 1
Start time: 19.12.2016 21-52-21
End time: 19.12.2016 21-52-43
Image quality minimum value: 0.574803173542023
Image quality mean value: 0.606564637650265
Head movement maximum value: 26.9258240356725
Head movement mean value: 10.3226610591268
Head size ratio maximum value: 0.3589184623813
Head size ratio mean value: 0.304418899426302
Error: 
Sorry, but we have lost your eyes. This is probably due to excessive head movements. Please try to recalibrate again and give your best to keep your head still.

CALIBRATION: calibration_main
Start time: 19.12.2016 21-53-02
End time: 19.12.2016 21-53-36
Image quality on start: 0.618055641651154
Image quality minimum value: 0.479166686534882
Image quality mean value: 0.60726738539007
Head movement maximum value: 22.4722050542442
Head movement mean value: 15.8934753693882
Head size ratio maximum value: 0.16550328659858
Head size ratio mean value: 0.109461891819622
Calibration reprojection error mean value: 327.525721232096
Calibration reprojection error outliers count: 5
Error: no error

TEST CALIBRATION: testcalibration_main
Start time: 19.12.2016 21-53-38
End time: 19.12.2016 21-53-54
Image quality minimum value: 1000
Image quality mean value: 0
Head movement maximum value: 0
Head movement mean value: 0
Head size ratio maximum value: 0
Head size ratio mean value: 0
Calibration maximum distance: 0
Calibration corrected maximum distance: 0
Calibration without correction was successful: False
Calibration with correction was successful: False
Error: no error

VIDEOTASK: 1
Start time: 19.12.2016 21-53-56
End time: 19.12.2016 21-55-27
Image quality minimum value: 1000
Image quality mean value: 0
Head movement maximum value: 0
Head movement mean value: 0
Head size ratio maximum value: 0
Head size ratio mean value: 0
Error: no error
