

***************
Logging from: TestCalibrationMediaDialog testcalibration_main
Time: Mon Dec 19 15:08:56 2016

H(0,0) = 1.92015
H(0,1) = 0.0869125
H(0,2) = -645.874
H(1,0) = 0.101007
H(1,1) = 0.789932
H(1,2) = -58.1744
H(2,0) = 0.000269489
H(2,1) = -0.000700294
H(2,2) = 1
---------------



***************
Logging from: TestCalibrationMediaDialog testcalibration_main
Time: Mon Dec 19 15:10:28 2016

H(0,0) = 13.9728
H(0,1) = 1.43859
H(0,2) = -4417
H(1,0) = 3.23835
H(1,1) = 5.09136
H(1,2) = -2033.09
H(2,0) = 0.00744625
H(2,1) = 0.00024592
H(2,2) = 1
---------------



***************
Logging from: TestCalibrationMediaDialog testcalibration_main
Time: Mon Dec 19 15:11:52 2016

H(0,0) = 2.98948
H(0,1) = 1.49069
H(0,2) = -2147.84
H(1,0) = 0.348924
H(1,1) = 2.17138
H(1,2) = -491.742
H(2,0) = 0.000362143
H(2,1) = 0.000700446
H(2,2) = 1
---------------

