
CALIBRATION: calibration_main
Start time: 19.12.2016 18-00-03
End time: 19.12.2016 18-00-37
Image quality on start: 0.868055582046509
Image quality minimum value: 0.787401556968689
Image quality mean value: 0.80474720960078
Head movement maximum value: 14.142135623731
Head movement mean value: 10.5928684681211
Head size ratio maximum value: 0.075091847352885
Head size ratio mean value: 0.0993240982770525
Calibration reprojection error mean value: 62.5233313242594
Calibration reprojection error outliers count: 0
Error: no error

TEST CALIBRATION: testcalibration_main
Start time: 19.12.2016 18-00-40
End time: 19.12.2016 18-00-57
Image quality minimum value: 0.787401556968689
Image quality mean value: 0.792723351716995
Head movement maximum value: 18.6010752377383
Head movement mean value: 15.124152378587
Head size ratio maximum value: 0.0372061415617235
Head size ratio mean value: 0.115941621185415
Calibration maximum distance: 220.045449850707
Calibration corrected maximum distance: 72.6154253585283
Calibration without correction was successful: True
Calibration with correction was successful: True
Error: no error

VIDEOTASK: 1
Start time: 19.12.2016 18-01-11
End time: 19.12.2016 18-02-40
Image quality minimum value: 0.251968502998352
Image quality mean value: 0.725511565684633
Head movement maximum value: 24.8394846967484
Head movement mean value: 19.9511265640683
Head size ratio maximum value: 0.0900422604005182
Head size ratio mean value: 0.0917700365123442
Error: no error
