
CALIBRATION: calibration_main
Start time: 15.03.2017 11-24-19
End time: 15.03.2017 11-24-51
Image quality on start: 0.598425209522247
Image quality minimum value: 0.582677185535431
Image quality mean value: 0.618270044177221
Head movement maximum value: 12.1655250605964
Head movement mean value: 5.53927734833137
Head size ratio maximum value: 0.180307879896357
Head size ratio mean value: 0.0613512821100877
Calibration reprojection error mean value: 101.569269816081
Calibration reprojection error outliers count: 0
Error: no error

TEST CALIBRATION: testcalibration_main
Start time: 15.03.2017 11-24-56
End time: 15.03.2017 11-25-12
Image quality minimum value: 0.590551197528839
Image quality mean value: 0.620855629444122
Head movement maximum value: 13.3416640641263
Head movement mean value: 6.9878596429808
Head size ratio maximum value: 0.150265034124202
Head size ratio mean value: 0.0835415921987634
Calibration maximum distance: 291.496140626253
Calibration corrected maximum distance: 50.0899191454728
Calibration without correction was successful: True
Calibration with correction was successful: True
Error: no error

CLICKTASK: filler
Start time: 15.03.2017 11-25-23
End time: 15.03.2017 11-25-34
Image quality minimum value: 0.503937005996704
Image quality mean value: 0.533851663188455
Head movement maximum value: 40.0124980474851
Head movement mean value: 33.8217906356958
Head size ratio maximum value: 0.216345746752697
Head size ratio mean value: 0.111280816279735
Error: no error

CLICKTASK: full_shelf
Start time: 15.03.2017 11-25-37
End time: 15.03.2017 11-25-46
Image quality minimum value: 0.535433053970337
Image quality mean value: 0.576313878561175
Head movement maximum value: 37.4833296279826
Head movement mean value: 31.3901678834428
Head size ratio maximum value: 0.189266541347017
Head size ratio mean value: 0.163421825074721
Error: no error

CLICKTASK: 3row_shelf
Start time: 15.03.2017 11-25-50
End time: 15.03.2017 11-26-00
Image quality minimum value: 0.519685029983521
Image quality mean value: 0.5986389636454
Head movement maximum value: 55.2268050859363
Head movement mean value: 41.3805575818406
Head size ratio maximum value: 0.11964639536656
Head size ratio mean value: 0.0788955165619413
Error: no error

CLICKTASK: pack
Start time: 15.03.2017 11-26-03
End time: 15.03.2017 11-26-07
Image quality minimum value: 0.566929161548615
Image quality mean value: 0.582140321081335
Head movement maximum value: 38.6264158316559
Head movement mean value: 35.3423277177267
Head size ratio maximum value: 0.180307879896357
Head size ratio mean value: 0.179792129494919
Error: no error
