

***************
Logging from: TestCalibrationMediaDialog testcalibration_main
Time: Mon Jan 19 12:49:00 2015

H(0,0) = 3.21731
H(0,1) = 1.97613
H(0,2) = -2300.49
H(1,0) = 0.371504
H(1,1) = 2.39132
H(1,2) = -640.096
H(2,0) = 0.000274676
H(2,1) = 0.00103911
H(2,2) = 1
---------------



***************
Logging from: VideoMediaDialog v - start
Time: Mon Jan 19 12:49:08 2015

H(0,0) = 3.21731
H(0,1) = 1.97613
H(0,2) = -2300.49
H(1,0) = 0.371504
H(1,1) = 2.39132
H(1,2) = -640.096
H(2,0) = 0.000274676
H(2,1) = 0.00103911
H(2,2) = 1
---------------



***************
Logging from: VideoMediaDialog v - stop
Time: Mon Jan 19 12:50:51 2015

H(0,0) = 3.21731
H(0,1) = 1.97613
H(0,2) = -2300.49
H(1,0) = 0.371504
H(1,1) = 2.39132
H(1,2) = -640.096
H(2,0) = 0.000274676
H(2,1) = 0.00103911
H(2,2) = 1
---------------

