
CALIBRATION: calibration_main
Start time: 17.03.2017 12-34-03
End time: 17.03.2017 12-34-37
Image quality on start: 0,4251968562603
Image quality minimum value: 0,37007874250412
Image quality mean value: 0,385474427432865
Head movement maximum value: 26,8328157299975
Head movement mean value: 18,8201630968786
Head size ratio maximum value: 0,0899318989513489
Head size ratio mean value: 0,0596431345106235
Calibration reprojection error mean value: 206,385858323839
Calibration reprojection error outliers count: 2
Error: no error

TEST CALIBRATION: testcalibration_main
Start time: 17.03.2017 12-34-39
End time: 17.03.2017 12-34-55
Image quality minimum value: 0,362204730510712
Image quality mean value: 0,388993966845827
Head movement maximum value: 21,6333076527839
Head movement mean value: 19,505003513179
Head size ratio maximum value: 0,105827979202045
Head size ratio mean value: 0,110291013128164
Calibration maximum distance: 463,458736027276
Calibration corrected maximum distance: 56,7978872846517
Calibration without correction was successful: False
Calibration with correction was successful: True
Error: no error

CLICKTASK: filler
Start time: 17.03.2017 12-34-57
End time: 17.03.2017 12-35-07
Image quality minimum value: 0,291338592767715
Image quality mean value: 0,3305323788924
Head movement maximum value: 57,0087712549569
Head movement mean value: 36,6025316362645
Head size ratio maximum value: 0,205738695050857
Head size ratio mean value: 0,202860803212452
Error: no error

CLICKTASK: full_shelf
Start time: 17.03.2017 12-35-14
End time: 17.03.2017 12-35-22
Image quality minimum value: 0,354330718517303
Image quality mean value: 0,371020201431668
Head movement maximum value: 57,0788927713213
Head movement mean value: 52,4567929109985
Head size ratio maximum value: 0,175627177395354
Head size ratio mean value: 0,190332421716524
Error: no error

CLICKTASK: 3row_shelf
Start time: 17.03.2017 12-35-28
End time: 17.03.2017 12-35-44
Image quality minimum value: 0,165354326367378
Image quality mean value: 0,198843323674155
Head movement maximum value: 55,2268050859363
Head movement mean value: 54,8901704625658
Head size ratio maximum value: 0,175627177395354
Head size ratio mean value: 0,179661406592241
Error: no error

CLICKTASK: pack
Start time: 17.03.2017 12-35-47
End time: 17.03.2017 12-35-50
Image quality minimum value: 0,283464580774307
Image quality mean value: 0,301915624693259
Head movement maximum value: 43
Head movement mean value: 37,2238805970149
Head size ratio maximum value: 0,175627177395354
Head size ratio mean value: 0,286363825207918
Error: no error
