

***************
Logging from: TestCalibrationMediaDialog testcalibration_main
Time: Tue Jan 20 12:50:09 2015

H(0,0) = 3.14408
H(0,1) = -2.68258
H(0,2) = -783.469
H(1,0) = 0.221323
H(1,1) = 2.03223
H(1,2) = -509.613
H(2,0) = 0.00139928
H(2,1) = -0.00257432
H(2,2) = 1
---------------



***************
Logging from: VideoMediaDialog v - start
Time: Tue Jan 20 12:50:13 2015

H(0,0) = 3.14408
H(0,1) = -2.68258
H(0,2) = -783.469
H(1,0) = 0.221323
H(1,1) = 2.03223
H(1,2) = -509.613
H(2,0) = 0.00139928
H(2,1) = -0.00257432
H(2,2) = 1
---------------



***************
Logging from: TestCalibrationMediaDialog testcalibration_main
Time: Tue Jan 20 12:52:00 2015

H(0,0) = 0.891688
H(0,1) = 3.88525
H(0,2) = -1600.29
H(1,0) = -0.886925
H(1,1) = 1.95939
H(1,2) = 425.312
H(2,0) = -0.00108756
H(2,1) = 0.00240591
H(2,2) = 1
---------------



***************
Logging from: VideoMediaDialog v - start
Time: Tue Jan 20 12:52:05 2015

H(0,0) = 0.891688
H(0,1) = 3.88525
H(0,2) = -1600.29
H(1,0) = -0.886925
H(1,1) = 1.95939
H(1,2) = 425.312
H(2,0) = -0.00108756
H(2,1) = 0.00240591
H(2,2) = 1
---------------



***************
Logging from: VideoMediaDialog v - stop
Time: Tue Jan 20 12:53:28 2015

H(0,0) = 0.891688
H(0,1) = 3.88525
H(0,2) = -1600.29
H(1,0) = -0.886925
H(1,1) = 1.95939
H(1,2) = 425.312
H(2,0) = -0.00108756
H(2,1) = 0.00240591
H(2,2) = 1
---------------

