
CALIBRATION: calibration_main
Start time: 20.01.2015 12-49-11
End time: 20.01.2015 12-49-45
Image quality on start: 0.862500011920929
Image quality minimum value: 0.816770195960999
Image quality mean value: 0.83032592699716
Head movement maximum value: 9.4339811320566
Head movement mean value: 6.16573371009063
Head size ratio maximum value: 0.042458159734482
Head size ratio mean value: 0.0306658267021979
Calibration reprojection error mean value: 47.7140489154392
Calibration reprojection error outliers count: 0
Error: no error

TEST CALIBRATION: testcalibration_main
Start time: 20.01.2015 12-49-53
End time: 20.01.2015 12-50-09
Image quality minimum value: 0.779141128063202
Image quality mean value: 0.799869501939877
Head movement maximum value: 17.8885438199983
Head movement mean value: 12.2307971961284
Head size ratio maximum value: 0.0683567544664925
Head size ratio mean value: 0.0622490197161806
Calibration maximum distance: 509.215082258961
Calibration corrected maximum distance: 107.670794554512
Calibration without correction was successful: False
Calibration with correction was successful: True
Error: no error

VIDEOTASK: v
Start time: 20.01.2015 12-50-13
End time: 20.01.2015 12-50-54
Image quality minimum value: 0
Image quality mean value: 0.69434429068554
Head movement maximum value: 414.161804129739
Head movement mean value: 36.5424139117234
Head size ratio maximum value: 0.221117858908269
Head size ratio mean value: 0.0952469714545935
Error: 
Object reference not set to an instance of an object.

CALIBRATION: calibration_main
Start time: 20.01.2015 12-51-09
End time: 20.01.2015 12-51-42
Image quality on start: 0.84722226858139
Image quality minimum value: 0.8125
Image quality mean value: 0.84613022713462
Head movement maximum value: 7.07106781186548
Head movement mean value: 3.41498039550432
Head size ratio maximum value: 0.0707734761788816
Head size ratio mean value: 0.0476307704211285
Calibration reprojection error mean value: 130.455124749078
Calibration reprojection error outliers count: 1
Error: no error

TEST CALIBRATION: testcalibration_main
Start time: 20.01.2015 12-51-44
End time: 20.01.2015 12-52-00
Image quality minimum value: 0.819444417953491
Image quality mean value: 0.850292378920687
Head movement maximum value: 17.0293863659264
Head movement mean value: 13.6158462077588
Head size ratio maximum value: 0.0733706679652626
Head size ratio mean value: 0.0793810427523085
Calibration maximum distance: 723.394774656273
Calibration corrected maximum distance: 82.5408989531856
Calibration without correction was successful: False
Calibration with correction was successful: True
Error: no error

VIDEOTASK: v
Start time: 20.01.2015 12-52-05
End time: 20.01.2015 12-53-28
Image quality minimum value: 0.79824560880661
Image quality mean value: 0.831499033087286
Head movement maximum value: 28.8617393793236
Head movement mean value: 19.1744420670752
Head size ratio maximum value: 0.0794375456537618
Head size ratio mean value: 0.0363758679462316
Error: no error
