
CALIBRATION: calibration_main
Start time: 09.12.2016 18-16-41
End time: 09.12.2016 18-16-51
Image quality on start: 0.936708867549896
Image quality minimum value: 0
Image quality mean value: 0.79360511302948
Head movement maximum value: 419.421029515688
Head movement mean value: 24.8761763137378
Head size ratio maximum value: 0.0266063456632653
Head size ratio mean value: 0.513303172831632
Calibration reprojection error mean value: 999999
Calibration reprojection error outliers count: 999999
Error: 
Sorry, but we have lost your eyes. This is probably due to excessive head movements. Please try to recalibrate again and give your best to keep your head still.

CALIBRATION: calibration_main
Start time: 09.12.2016 18-17-03
End time: 09.12.2016 18-17-34
Image quality on start: 0.779527544975281
Image quality minimum value: 0
Image quality mean value: 0.850180233327242
Head movement maximum value: 12.0830459735946
Head movement mean value: 7.16575977924803
Head size ratio maximum value: 0.224469228701962
Head size ratio mean value: 0.128631852350485
Calibration reprojection error mean value: 320.659462822808
Calibration reprojection error outliers count: 3
Error: no error

TEST CALIBRATION: testcalibration_main
Start time: 09.12.2016 18-17-37
End time: 09.12.2016 18-17-53
Image quality minimum value: 0.763888895511627
Image quality mean value: 0.885003112256527
Head movement maximum value: 18.0277563773199
Head movement mean value: 11.0462888769613
Head size ratio maximum value: 0.135447460360118
Head size ratio mean value: 0.139906107229239
Calibration maximum distance: 779.708920046449
Calibration corrected maximum distance: 148.054044186574
Calibration without correction was successful: False
Calibration with correction was successful: True
Error: no error

CLICKTASK: c1
Start time: 09.12.2016 18-18-04
End time: 09.12.2016 18-18-22
Image quality minimum value: 0.622047245502472
Image quality mean value: 0.75489436767318
Head movement maximum value: 18.3575597506858
Head movement mean value: 14.2401911919142
Head size ratio maximum value: 0.179538430529428
Head size ratio mean value: 0.126849403060435
Error: no error

CLICKTASK: c2
Start time: 09.12.2016 18-18-32
End time: 09.12.2016 18-18-45
Image quality minimum value: 0
Image quality mean value: 0.726763194934888
Head movement maximum value: 18.6010752377383
Head movement mean value: 15.080571767352
Head size ratio maximum value: 0.144198468153722
Head size ratio mean value: 0.124048703916347
Error: no error

CLICKTASK: c3
Start time: 09.12.2016 18-18-53
End time: 09.12.2016 18-19-12
Image quality minimum value: 0.700787425041199
Image quality mean value: 0.763429566665932
Head movement maximum value: 17.8885438199983
Head movement mean value: 14.8170748882578
Head size ratio maximum value: 0.144198468153722
Head size ratio mean value: 0.121387993072352
Error: no error

CLICKTASK: c4
Start time: 09.12.2016 18-19-21
End time: 09.12.2016 18-19-34
Image quality minimum value: 0.732283473014832
Image quality mean value: 0.828118920326233
Head movement maximum value: 400.20244876812
Head movement mean value: 23.0958674373521
Head size ratio maximum value: 0.0565540177371674
Head size ratio mean value: 0.0739796489678914
Error: 
Sorry, but we have lost your eyes. This is probably due to excessive head movements. Please try to recalibrate again and give your best to keep your head still.
