
CALIBRATION: calibration_main
Start time: 19.01.2015 02-48-08
End time: 19.01.2015 02-48-42
Image quality on start: 0.417322844266891
Image quality minimum value: 0.346456706523895
Image quality mean value: 0.363567540278802
Head movement maximum value: 28.2311884269862
Head movement mean value: 14.6409226604802
Head size ratio maximum value: 0.177455862381168
Head size ratio mean value: 0.098801668001532
Calibration reprojection error mean value: 262.543576770359
Calibration reprojection error outliers count: 3
Error: no error

TEST CALIBRATION: testcalibration_main
Start time: 19.01.2015 02-48-54
End time: 19.01.2015 02-49-10
Image quality minimum value: 0.362204730510712
Image quality mean value: 0.374259634091791
Head movement maximum value: 42.4499705535822
Head movement mean value: 33.7981311801646
Head size ratio maximum value: 0.113698506111363
Head size ratio mean value: 0.115432843115653
Calibration maximum distance: 487.951841886062
Calibration corrected maximum distance: 48.7647413609464
Calibration without correction was successful: False
Calibration with correction was successful: True
Error: no error
