

***************
Logging from: TestCalibrationMediaDialog testcalibration_main
Time: Wed Jan 21 19:00:24 2015

H(0,0) = 0.858707
H(0,1) = -1.27145
H(0,2) = 433.324
H(1,0) = 0.00502176
H(1,1) = 1.34673
H(1,2) = -357.868
H(2,0) = 0.000240617
H(2,1) = -0.00135743
H(2,2) = 1
---------------



***************
Logging from: VideoMediaDialog v - start
Time: Wed Jan 21 19:00:32 2015

H(0,0) = 0.858707
H(0,1) = -1.27145
H(0,2) = 433.324
H(1,0) = 0.00502176
H(1,1) = 1.34673
H(1,2) = -357.868
H(2,0) = 0.000240617
H(2,1) = -0.00135743
H(2,2) = 1
---------------



***************
Logging from: VideoMediaDialog v - stop
Time: Wed Jan 21 19:02:13 2015

H(0,0) = 0.858707
H(0,1) = -1.27145
H(0,2) = 433.324
H(1,0) = 0.00502176
H(1,1) = 1.34673
H(1,2) = -357.868
H(2,0) = 0.000240617
H(2,1) = -0.00135743
H(2,2) = 1
---------------

