
CALIBRATION: calibration_main
Start time: 25.01.2017 19-30-50
End time: 25.01.2017 19-31-23
Image quality on start: 0,614173233509064
Image quality minimum value: 0,614173233509064
Image quality mean value: 0,642885100446353
Head movement maximum value: 4,47213595499958
Head movement mean value: 2,30472909768237
Head size ratio maximum value: 0,0264889196675899
Head size ratio mean value: 0,0264575670542066
Calibration reprojection error mean value: 67,1394390530056
Calibration reprojection error outliers count: 0
Error: no error

TEST CALIBRATION: testcalibration_main
Start time: 25.01.2017 19-31-29
End time: 25.01.2017 19-31-45
Image quality minimum value: 0,551181077957153
Image quality mean value: 0,564133626469494
Head movement maximum value: 16,6433169770932
Head movement mean value: 9,07791173445414
Head size ratio maximum value: 0,0347799322868575
Head size ratio mean value: 0,0624658520327606
Calibration maximum distance: 153,394915169963
Calibration corrected maximum distance: 101,355808910984
Calibration without correction was successful: True
Calibration with correction was successful: True
Error: no error

WATCHTASK: 1
Start time: 25.01.2017 19-32-28
End time: 25.01.2017 19-32-59
Image quality minimum value: 0,543307065963745
Image quality mean value: 0,561789146727986
Head movement maximum value: 20,0249843945008
Head movement mean value: 12,8607854199184
Head size ratio maximum value: 0,0604609110495538
Head size ratio mean value: 0,05882298720119
Error: no error

VIDEOTASK: 2
Start time: 25.01.2017 19-33-10
End time: 25.01.2017 19-33-30
Image quality minimum value: 0,527559041976929
Image quality mean value: 0,553237359614889
Head movement maximum value: 22,561028345357
Head movement mean value: 18,9231350184332
Head size ratio maximum value: 0,0941635887965527
Head size ratio mean value: 0,0679961791281197
Error: no error
