
CALIBRATION: calibration_main
Start time: 17.03.2017 12-29-23
End time: 17.03.2017 12-29-31
Image quality on start: 0.751724123954773
Image quality minimum value: 1000
Image quality mean value: 0
Head movement maximum value: 0
Head movement mean value: 0
Head size ratio maximum value: 0
Head size ratio mean value: 0
Calibration reprojection error mean value: 999999
Calibration reprojection error outliers count: 999999
Error: 
Face not Centered!
Your face is not positioned centrally in the camera image. Please set your position again and repeat calibration.

CALIBRATION: calibration_main
Start time: 17.03.2017 12-29-56
End time: 17.03.2017 12-30-31
Image quality on start: 0.701388895511627
Image quality minimum value: 0.625
Image quality mean value: 0.72304772714938
Head movement maximum value: 12.0830459735946
Head movement mean value: 7.33935573510818
Head size ratio maximum value: 0.236411227444865
Head size ratio mean value: 0.150348636888335
Calibration reprojection error mean value: 275.628477308485
Calibration reprojection error outliers count: 4
Error: no error

TEST CALIBRATION: testcalibration_main
Start time: 17.03.2017 12-30-33
End time: 17.03.2017 12-30-50
Image quality minimum value: 0.65972226858139
Image quality mean value: 0.729141492002151
Head movement maximum value: 9.89949493661167
Head movement mean value: 7.76159003505111
Head size ratio maximum value: 0.236411227444865
Head size ratio mean value: 0.231420924351028
Calibration maximum distance: 516.376800408384
Calibration corrected maximum distance: 84.380092438916
Calibration without correction was successful: False
Calibration with correction was successful: True
Error: no error

CLICKTASK: filler
Start time: 17.03.2017 12-30-59
End time: 17.03.2017 12-31-11
Image quality minimum value: 0.680555462837219
Image quality mean value: 0.725017414851622
Head movement maximum value: 11.4017542509914
Head movement mean value: 7.6508628156606
Head size ratio maximum value: 0.115072956114948
Head size ratio mean value: 0.18244977622066
Error: no error

CLICKTASK: full_shelf
Start time: 17.03.2017 12-31-16
End time: 17.03.2017 12-31-24
Image quality minimum value: 0.701388895511627
Image quality mean value: 0.723535092340575
Head movement maximum value: 11.7046999107196
Head movement mean value: 8.60708190523365
Head size ratio maximum value: 0.0915571396747605
Head size ratio mean value: 0.114168739635158
Error: no error

CLICKTASK: 3row_shelf
Start time: 17.03.2017 12-31-27
End time: 17.03.2017 12-31-44
Image quality minimum value: 0.618055641651154
Image quality mean value: 0.715029893362004
Head movement maximum value: 18.0277563773199
Head movement mean value: 11.7622732896454
Head size ratio maximum value: 0.162856426821118
Head size ratio mean value: 0.140856695594061
Error: no error

CLICKTASK: pack
Start time: 17.03.2017 12-31-49
End time: 17.03.2017 12-31-54
Image quality minimum value: 0.65972226858139
Image quality mean value: 0.697256221012636
Head movement maximum value: 14.560219778561
Head movement mean value: 11.6831501819583
Head size ratio maximum value: 0.0915571396747605
Head size ratio mean value: 0.246153476174082
Error: no error
