

***************
Logging from: TestCalibrationMediaDialog testcalibration_main
Time: Wed Dec 07 14:46:40 2016

H(0,0) = 7.45626
H(0,1) = 4.64449
H(0,2) = -4075.93
H(1,0) = 1.07778
H(1,1) = 3.83139
H(1,2) = -797.723
H(2,0) = 0.00327711
H(2,1) = 0.000822443
H(2,2) = 1
---------------



***************
Logging from: TestCalibrationMediaDialog testcalibration_main_c2
Time: Wed Dec 07 14:48:43 2016

H(0,0) = 9.52758
H(0,1) = -14.3554
H(0,2) = 645.149
H(1,0) = 4.01032
H(1,1) = -6.24878
H(1,2) = 363.094
H(2,0) = 0.00942871
H(2,1) = -0.0149049
H(2,2) = 1
---------------

