
CALIBRATION: calibration_main
Start time: 07.12.2016 14-45-47
End time: 07.12.2016 14-46-20
Image quality on start: 0.875
Image quality minimum value: 0.819444417953491
Image quality mean value: 0.880607081588751
Head movement maximum value: 17.6918060129541
Head movement mean value: 11.5695075069917
Head size ratio maximum value: 0.109014018325632
Head size ratio mean value: 0.0516437203067014
Calibration reprojection error mean value: 136.678293016222
Calibration reprojection error outliers count: 1
Error: no error

TEST CALIBRATION: testcalibration_main
Start time: 07.12.2016 14-46-25
End time: 07.12.2016 14-46-41
Image quality minimum value: 0.819444417953491
Image quality mean value: 0.873124536179818
Head movement maximum value: 19.1049731745428
Head movement mean value: 14.5850367636522
Head size ratio maximum value: 0.223666692771556
Head size ratio mean value: 0.136882441517315
Calibration maximum distance: 367.31049535781
Calibration corrected maximum distance: 162.388423232692
Calibration without correction was successful: False
Calibration with correction was successful: True
Error: no error

CLICKTASK: c1
Start time: 07.12.2016 14-46-53
End time: 07.12.2016 14-47-04
Image quality minimum value: 0.84722226858139
Image quality mean value: 0.877128478404014
Head movement maximum value: 18.6815416922694
Head movement mean value: 15.3695538649486
Head size ratio maximum value: 0.263137285613595
Head size ratio mean value: 0.214079208971324
Error: no error

CLICKTASK: c2
Start time: 07.12.2016 14-47-14
End time: 07.12.2016 14-47-41
Image quality minimum value: 0.805555522441864
Image quality mean value: 0.871196269621084
Head movement maximum value: 385.040257635484
Head movement mean value: 20.3449629292435
Head size ratio maximum value: 0.223666692771556
Head size ratio mean value: 0.145184518060233
Error: 
Sorry, but we have lost your eyes. This is probably due to excessive head movements. Please try to recalibrate again and give your best to keep your head still.

CALIBRATION: calibration_main_c2
Start time: 07.12.2016 14-47-54
End time: 07.12.2016 14-48-25
Image quality on start: 0.853293418884277
Image quality minimum value: 0.736111104488373
Image quality mean value: 0.818865505500142
Head movement maximum value: 11.6619037896906
Head movement mean value: 4.92359070766232
Head size ratio maximum value: 0.293151382253896
Head size ratio mean value: 0.0646314277473839
Calibration reprojection error mean value: 287.825511932373
Calibration reprojection error outliers count: 5
Error: no error

TEST CALIBRATION: testcalibration_main_c2
Start time: 07.12.2016 14-48-28
End time: 07.12.2016 14-48-52
Image quality minimum value: 0.777777791023254
Image quality mean value: 0.832676567737525
Head movement maximum value: 5.8309518948453
Head movement mean value: 2.61372129076299
Head size ratio maximum value: 0.146605059127574
Head size ratio mean value: 0.112133150524875
Calibration maximum distance: 670.167889412795
Calibration corrected maximum distance: 322.232835074267
Calibration without correction was successful: False
Calibration with correction was successful: False
Error: 
Calibration not accurate enough. 
We need some further fine tuning of the calibration, it doesn't always get right from the first time. Please try again, give your best to keep your head still and focus at the red dot.

CLICKTASK: c2
Start time: 07.12.2016 14-48-55
End time: 07.12.2016 14-49-02
Image quality minimum value: 0
Image quality mean value: 0.718241618851484
Head movement maximum value: 397.202719023926
Head movement mean value: 22.0405291608201
Head size ratio maximum value: 0.109014018325632
Head size ratio mean value: 0.365760694266171
Error: 
Sorry, but we have lost your eyes. This is probably due to excessive head movements. Please try to recalibrate again and give your best to keep your head still.

CALIBRATION: calibration_main_c2
Start time: 07.12.2016 14-49-21
End time: 07.12.2016 14-49-54
Image quality on start: 0.892405092716217
Image quality minimum value: 0.8125
Image quality mean value: 0.852493163657515
Head movement maximum value: 16.5529453572468
Head movement mean value: 9.18448605276503
Head size ratio maximum value: 0.215310930621861
Head size ratio mean value: 0.0869283732479188
Calibration reprojection error mean value: 332.152453104655
Calibration reprojection error outliers count: 5
Error: no error

TEST CALIBRATION: testcalibration_main_c2
Start time: 07.12.2016 14-49-55
End time: 07.12.2016 14-50-11
Image quality minimum value: 1000
Image quality mean value: 0
Head movement maximum value: 0
Head movement mean value: 0
Head size ratio maximum value: 0
Head size ratio mean value: 0
Calibration maximum distance: 0
Calibration corrected maximum distance: 0
Calibration without correction was successful: False
Calibration with correction was successful: False
Error: no error

CLICKTASK: c2
Start time: 07.12.2016 14-50-13
End time: 07.12.2016 14-50-18
Image quality minimum value: 1000
Image quality mean value: 0
Head movement maximum value: 0
Head movement mean value: 0
Head size ratio maximum value: 0
Head size ratio mean value: 0
Error: no error

CLICKTASK: c3
Start time: 07.12.2016 14-50-23
End time: 07.12.2016 14-50-59
Image quality minimum value: 1000
Image quality mean value: 0
Head movement maximum value: 0
Head movement mean value: 0
Head size ratio maximum value: 0
Head size ratio mean value: 0
Error: no error

CLICKTASK: c4
Start time: 07.12.2016 14-51-08
End time: 07.12.2016 14-51-46
Image quality minimum value: 1000
Image quality mean value: 0
Head movement maximum value: 0
Head movement mean value: 0
Head size ratio maximum value: 0
Head size ratio mean value: 0
Error: no error
