
CALIBRATION: calibration_main
Start time: 19.01.2015 12-48-02
End time: 19.01.2015 12-48-37
Image quality on start: 0.818897664546967
Image quality minimum value: 0.763779520988464
Image quality mean value: 0.809843794530688
Head movement maximum value: 10.1980390271856
Head movement mean value: 5.96616222937208
Head size ratio maximum value: 0.120546221897573
Head size ratio mean value: 0.0728584469670833
Calibration reprojection error mean value: 114.32216389974
Calibration reprojection error outliers count: 0
Error: no error

TEST CALIBRATION: testcalibration_main
Start time: 19.01.2015 12-48-44
End time: 19.01.2015 12-49-01
Image quality minimum value: 0.779527544975281
Image quality mean value: 0.811515740429362
Head movement maximum value: 10.1980390271856
Head movement mean value: 7.72420792986232
Head size ratio maximum value: 0.139700511322133
Head size ratio mean value: 0.149949358141926
Calibration maximum distance: 437.732795207305
Calibration corrected maximum distance: 93.0483745156249
Calibration without correction was successful: False
Calibration with correction was successful: True
Error: no error

VIDEOTASK: v
Start time: 19.01.2015 12-49-07
End time: 19.01.2015 12-50-51
Image quality minimum value: 0.669291317462921
Image quality mean value: 0.754236914902708
Head movement maximum value: 19.4164878389476
Head movement mean value: 10.5208766653838
Head size ratio maximum value: 0.12214917620323
Head size ratio mean value: 0.0465182878676665
Error: no error
