

***************
Logging from: TestCalibrationMediaDialog testcalibration_main
Time: Mon Dec 05 21:29:30 2016

H(0,0) = 25.8042
H(0,1) = -48.9442
H(0,2) = 416.519
H(1,0) = 33.5142
H(1,1) = -61.1633
H(1,2) = 497.683
H(2,0) = 0.0658914
H(2,1) = -0.121447
H(2,2) = 1
---------------



***************
Logging from: TestCalibrationMediaDialog testcalibration_main
Time: Mon Dec 05 21:31:50 2016

H(0,0) = 1.08005
H(0,1) = -2.15653
H(0,2) = 486.724
H(1,0) = 0.0749091
H(1,1) = 0.424832
H(1,2) = -21.6274
H(2,0) = 0.000459397
H(2,1) = -0.00179553
H(2,2) = 1
---------------



***************
Logging from: TestCalibrationMediaDialog cal2
Time: Mon Dec 05 21:32:48 2016

H(0,0) = -1.51134
H(0,1) = 1.88153
H(0,2) = 355.111
H(1,0) = -1.01595
H(1,1) = 2.71992
H(1,2) = -270.955
H(2,0) = -0.00212511
H(2,1) = 0.00211841
H(2,2) = 1
---------------



***************
Logging from: TestCalibrationMediaDialog testcalibration_main_t2
Time: Mon Dec 05 21:33:54 2016

H(0,0) = 1.05142
H(0,1) = -0.761487
H(0,2) = 50.5757
H(1,0) = -0.34671
H(1,1) = 1.63161
H(1,2) = -298.414
H(2,0) = -0.000174144
H(2,1) = -0.000140292
H(2,2) = 1
---------------

