
CALIBRATION: calibration_main
Start time: 19.01.2015 18-56-29
End time: 19.01.2015 18-57-16
Image quality on start: 0.527559041976929
Image quality minimum value: 0.21259842813015
Image quality mean value: 0.245719955290291
Head movement maximum value: 0
Head movement mean value: 0
Head size ratio maximum value: 0
Head size ratio mean value: 1
Calibration reprojection error mean value: 0
Calibration reprojection error outliers count: 0
Error: no error

CALIBRATION: calibration_main
Start time: 19.01.2015 18-57-42
End time: 19.01.2015 18-58-21
Image quality on start: 0.519685029983521
Image quality minimum value: 0.204724416136742
Image quality mean value: 0.249479589662675
Head movement maximum value: 0
Head movement mean value: 0
Head size ratio maximum value: 0
Head size ratio mean value: 1
Calibration reprojection error mean value: 0
Calibration reprojection error outliers count: 0
Error: no error
