

***************
Logging from: TestCalibrationMediaDialog testcalibration_main
Time: Thu Jan 22 16:54:02 2015

H(0,0) = -0.66376
H(0,1) = -1.53392
H(0,2) = 1087.87
H(1,0) = -0.286642
H(1,1) = -0.714209
H(1,2) = 496.45
H(2,0) = -0.000581396
H(2,1) = -0.0014376
H(2,2) = 1
---------------



***************
Logging from: TestCalibrationMediaDialog testcalibration_main
Time: Thu Jan 22 16:55:27 2015

H(0,0) = 0.154022
H(0,1) = -0.707533
H(0,2) = 180.126
H(1,0) = 0.160481
H(1,1) = -1.63105
H(1,2) = 417.606
H(2,0) = 0.000242051
H(2,1) = -0.00342247
H(2,2) = 1
---------------



***************
Logging from: VideoMediaDialog v - start
Time: Thu Jan 22 16:55:33 2015

H(0,0) = 0.154022
H(0,1) = -0.707533
H(0,2) = 180.126
H(1,0) = 0.160481
H(1,1) = -1.63105
H(1,2) = 417.606
H(2,0) = 0.000242051
H(2,1) = -0.00342247
H(2,2) = 1
---------------



***************
Logging from: VideoMediaDialog v - start
Time: Thu Jan 22 16:57:29 2015

---------------



***************
Logging from: VideoMediaDialog v - stop
Time: Thu Jan 22 16:58:53 2015

---------------

