
CALIBRATION: calibration_main
Start time: 15.05.2017 18-43-23
End time: 15.05.2017 18-43-56
Image quality on start: 0,846153855323792
Image quality minimum value: 0,836309552192688
Image quality mean value: 0,849231667617232
Head movement maximum value: 6,08276253029822
Head movement mean value: 2,16783332113729
Head size ratio maximum value: 0,035711488761845
Head size ratio mean value: 0,0330352612270555
Calibration reprojection error mean value: 56,5781922870212
Calibration reprojection error outliers count: 0
Error: no error

TEST CALIBRATION: testcalibration_main
Start time: 15.05.2017 18-43-58
End time: 15.05.2017 18-44-15
Image quality minimum value: 0,828313231468201
Image quality mean value: 0,849742995269263
Head movement maximum value: 7
Head movement mean value: 3,25649223345529
Head size ratio maximum value: 0,0629062573420001
Head size ratio mean value: 0,0610633300721699
Calibration maximum distance: 354,189214968497
Calibration corrected maximum distance: 103,392456204503
Calibration without correction was successful: False
Calibration with correction was successful: True
Error: no error

CLICKTASK: 2017033_ts_cell1_task1
Start time: 15.05.2017 18-44-19
End time: 15.05.2017 18-44-30
Image quality minimum value: 0,811023592948914
Image quality mean value: 0,825363391900764
Head movement maximum value: 7,28010988928052
Head movement mean value: 5,29065583739972
Head size ratio maximum value: 0,0350849714151461
Head size ratio mean value: 0,0785547949307376
Error: no error

CLICKTASK: 2017033_ts_cell1_task2
Start time: 15.05.2017 18-44-39
End time: 15.05.2017 18-44-47
Image quality minimum value: 0,818897664546967
Image quality mean value: 0,844751213203397
Head movement maximum value: 7,61577310586391
Head movement mean value: 5,96705559245531
Head size ratio maximum value: 0,035711488761845
Head size ratio mean value: 0,0312867100007832
Error: no error

WATCHTASK: 2017033_ts_cell1_task2
Start time: 15.05.2017 18-44-56
End time: 15.05.2017 18-45-18
Image quality minimum value: 0,841317355632782
Image quality mean value: 0,854645632277462
Head movement maximum value: 11,4017542509914
Head movement mean value: 8,48535591149589
Head size ratio maximum value: 0,0720494948703891
Head size ratio mean value: 0,0437670975773761
Error: no error
