
CALIBRATION: calibration_main
Start time: 07.12.2016 15-37-13
End time: 07.12.2016 15-37-49
Image quality on start: 0.65277773141861
Image quality minimum value: 0.479166686534882
Image quality mean value: 0.574330437690654
Head movement maximum value: 26.8328157299975
Head movement mean value: 17.6120326760778
Head size ratio maximum value: 0.0939053624780057
Head size ratio mean value: 0.116209092094562
Calibration reprojection error mean value: 280.860496520996
Calibration reprojection error outliers count: 2
Error: no error

TEST CALIBRATION: testcalibration_main
Start time: 07.12.2016 15-37-51
End time: 07.12.2016 15-38-08
Image quality minimum value: 0.465277820825577
Image quality mean value: 0.586293112773162
Head movement maximum value: 29.4108823397055
Head movement mean value: 21.8549014666073
Head size ratio maximum value: 0.149537676692528
Head size ratio mean value: 0.202268604436741
Calibration maximum distance: 663.917163507617
Calibration corrected maximum distance: 397.954771299453
Calibration without correction was successful: False
Calibration with correction was successful: True
Error: no error

CLICKTASK: c1
Start time: 07.12.2016 15-38-10
End time: 07.12.2016 15-38-24
Image quality minimum value: 0
Image quality mean value: 0.317479490093431
Head movement maximum value: 395.297356429309
Head movement mean value: 31.909059301023
Head size ratio maximum value: 0.013698468369528
Head size ratio mean value: 0.194855892546553
Error: 
Sorry, but we have lost your eyes. This is probably due to excessive head movements. Please try to recalibrate again and give your best to keep your head still.

CALIBRATION: calibration_main
Start time: 07.12.2016 15-38-55
End time: 07.12.2016 15-39-29
Image quality on start: 0.680555462837219
Image quality minimum value: 0.319444537162781
Image quality mean value: 0.497032795633589
Head movement maximum value: 14.8660687473185
Head movement mean value: 6.49409271502348
Head size ratio maximum value: 0.122757773781852
Head size ratio mean value: 0.10939025230723
Calibration reprojection error mean value: 292.828453911675
Calibration reprojection error outliers count: 3
Error: no error

TEST CALIBRATION: testcalibration_main
Start time: 07.12.2016 15-39-30
End time: 07.12.2016 15-39-47
Image quality minimum value: 0.34027773141861
Image quality mean value: 0.495206097636042
Head movement maximum value: 25.7099202643649
Head movement mean value: 18.1013733992568
Head size ratio maximum value: 0.101804745405903
Head size ratio mean value: 0.162174488238635
Calibration maximum distance: 902.17348664212
Calibration corrected maximum distance: 355.208389540563
Calibration without correction was successful: False
Calibration with correction was successful: True
Error: no error

CLICKTASK: c1
Start time: 07.12.2016 15-39-58
End time: 07.12.2016 15-40-03
Image quality minimum value: 0.527777850627899
Image quality mean value: 0.583427535163032
Head movement maximum value: 16.1245154965971
Head movement mean value: 8.95806416477617
Head size ratio maximum value: 0.1218696548397
Head size ratio mean value: 0.512149808244277
Error: no error

CLICKTASK: c2
Start time: 07.12.2016 15-40-11
End time: 07.12.2016 15-40-18
Image quality minimum value: 0.479166686534882
Image quality mean value: 0.580102065578103
Head movement maximum value: 23.6008474424119
Head movement mean value: 21.5075981043821
Head size ratio maximum value: 0.0393403798079032
Head size ratio mean value: 0.0308271841147318
Error: no error

CLICKTASK: c3
Start time: 07.12.2016 15-40-24
End time: 07.12.2016 15-41-17
Image quality minimum value: 0.465277820825577
Image quality mean value: 0.588891452628803
Head movement maximum value: 68.8767014308903
Head movement mean value: 25.3189670309965
Head size ratio maximum value: 0.188807508442612
Head size ratio mean value: 0.11375146084924
Error: no error

CLICKTASK: c4
Start time: 07.12.2016 15-41-21
End time: 07.12.2016 15-41-30
Image quality minimum value: 0.458333283662796
Image quality mean value: 0.565474654947008
Head movement maximum value: 39.8120584747888
Head movement mean value: 32.8688006354691
Head size ratio maximum value: 0.0401298188675936
Head size ratio mean value: 0.171480574160281
Error: no error
