
CALIBRATION: calibration_main
Start time: 20.12.2016 12-48-01
End time: 20.12.2016 12-48-34
Image quality on start: 0.582677185535431
Image quality minimum value: 0.433070868253708
Image quality mean value: 0.498827436090221
Head movement maximum value: 8.06225774829855
Head movement mean value: 4.49221550303371
Head size ratio maximum value: 0.0738976326742975
Head size ratio mean value: 0.0425691592419959
Calibration reprojection error mean value: 53.5398754543728
Calibration reprojection error outliers count: 0
Error: no error

TEST CALIBRATION: testcalibration_main
Start time: 20.12.2016 12-48-39
End time: 20.12.2016 12-48-55
Image quality minimum value: 0.535433053970337
Image quality mean value: 0.566775748094955
Head movement maximum value: 12
Head movement mean value: 8.10258162882864
Head size ratio maximum value: 0.0655567117585849
Head size ratio mean value: 0.0902124832763487
Calibration maximum distance: 255.049014897137
Calibration corrected maximum distance: 86.5852181379709
Calibration without correction was successful: True
Calibration with correction was successful: True
Error: no error

VIDEOTASK: 1
Start time: 20.12.2016 12-49-00
End time: 20.12.2016 12-49-55
Image quality minimum value: 0.439490437507629
Image quality mean value: 0.637571927009442
Head movement maximum value: 180.099972237644
Head movement mean value: 15.5248811127889
Head size ratio maximum value: 0.107586498439126
Head size ratio mean value: 0.0473942912424631
Error: 
Sorry, but we have lost your eyes. This is probably due to excessive head movements. Please try to recalibrate again and give your best to keep your head still.

CALIBRATION: calibration_main
Start time: 20.12.2016 12-50-22
End time: 20.12.2016 12-50-53
Image quality on start: 0.637795269489288
Image quality minimum value: 0.606299221515656
Image quality mean value: 0.619741176479354
Head movement maximum value: 4.47213595499958
Head movement mean value: 2.52452268762775
Head size ratio maximum value: 0.0826107623465391
Head size ratio mean value: 0.0441421021586535
Calibration reprojection error mean value: 80.283755408393
Calibration reprojection error outliers count: 0
Error: no error

TEST CALIBRATION: testcalibration_main
Start time: 20.12.2016 12-50-55
End time: 20.12.2016 12-51-11
Image quality minimum value: 0.606299221515656
Image quality mean value: 0.616649337909507
Head movement maximum value: 5.09901951359278
Head movement mean value: 3.04452963772448
Head size ratio maximum value: 0.0742021668934092
Head size ratio mean value: 0.0912546050788876
Calibration maximum distance: 318.863607205338
Calibration corrected maximum distance: 44.5533388198909
Calibration without correction was successful: False
Calibration with correction was successful: True
Error: no error

VIDEOTASK: 1
Start time: 20.12.2016 12-51-14
End time: 20.12.2016 12-52-40
Image quality minimum value: 0.622047245502472
Image quality mean value: 0.690018958901917
Head movement maximum value: 6.32455532033676
Head movement mean value: 3.21393583086155
Head size ratio maximum value: 0.10803324099723
Head size ratio mean value: 0.0518049249564272
Error: no error
