
CALIBRATION: calibration_main
Start time: 17.12.2016 15-27-44
End time: 17.12.2016 15-28-17
Image quality on start: 0.803149580955505
Image quality minimum value: 0.755905508995056
Image quality mean value: 0.771566527324487
Head movement maximum value: 8.60232526704263
Head movement mean value: 3.36960654036549
Head size ratio maximum value: 0.0836438015925195
Head size ratio mean value: 0.0761544232999112
Calibration reprojection error mean value: 135.901153140598
Calibration reprojection error outliers count: 0
Error: no error

TEST CALIBRATION: testcalibration_main
Start time: 17.12.2016 15-28-23
End time: 17.12.2016 15-28-51
Image quality minimum value: 0.771653532981873
Image quality mean value: 0.776902874310811
Head movement maximum value: 8.60232526704263
Head movement mean value: 5.93478347894608
Head size ratio maximum value: 0.0836438015925195
Head size ratio mean value: 0.34906913634359
Calibration maximum distance: 209.02152999153
Calibration corrected maximum distance: 0
Calibration without correction was successful: False
Calibration with correction was successful: False
Error: 
Bad camera resolution or camera video not loaded!
Please check if your web camera is working properly and set your web camera resolution to 640x480.

You can test your camera by selecting Options > Test Webcam in the menu bar.

If your camera is not working, check if it is plugged in properly and close other applications that might be using it. If this does not solve this issue, please reset your computer or reinstall the camera driver.

CALIBRATION: calibration_main
Start time: 17.12.2016 15-32-06
End time: 17.12.2016 15-34-11
Image quality on start: 0.809090912342072
Image quality minimum value: 0.821212112903595
Image quality mean value: 0.821212112903595
Head movement maximum value: 0
Head movement mean value: 0
Head size ratio maximum value: 0
Head size ratio mean value: 1
Calibration reprojection error mean value: 999999
Calibration reprojection error outliers count: 999999
Error: 
Bad camera resolution or camera video not loaded!
Please check if your web camera is working properly and set your web camera resolution to 640x480.

You can test your camera by selecting Options > Test Webcam in the menu bar.

If your camera is not working, check if it is plugged in properly and close other applications that might be using it. If this does not solve this issue, please reset your computer or reinstall the camera driver.
