
CALIBRATION: calibration_main
Start time: 12.12.2016 13-37-12
End time: 12.12.2016 13-37-49
Image quality on start: 0.811023592948914
Image quality minimum value: 0
Image quality mean value: 0.425725884478668
Head movement maximum value: 74.2495791233863
Head movement mean value: 33.8727824295227
Head size ratio maximum value: 0.20155325443787
Head size ratio mean value: 0.11686824117527
Calibration reprojection error mean value: 222.577588399251
Calibration reprojection error outliers count: 2
Error: no error

TEST CALIBRATION: testcalibration_main
Start time: 12.12.2016 13-37-53
End time: 12.12.2016 13-38-04
Image quality minimum value: 0
Image quality mean value: 0.15855514375787
Head movement maximum value: 486.707304239417
Head movement mean value: 65.2963356441183
Head size ratio maximum value: 0.224245562130178
Head size ratio mean value: 0.59170819059483
Calibration maximum distance: 633.003159549777
Calibration corrected maximum distance: 0
Calibration without correction was successful: False
Calibration with correction was successful: False
Error: 
Sorry, but we have lost your eyes. This is probably due to excessive head movements. Please try to recalibrate again and give your best to keep your head still.

CALIBRATION: calibration_main
Start time: 12.12.2016 13-38-56
End time: 12.12.2016 13-39-06
Image quality on start: 0.835483849048615
Image quality minimum value: 0
Image quality mean value: 0.697420126199722
Head movement maximum value: 15360.8864978555
Head movement mean value: 1536.08864978555
Head size ratio maximum value: 1.00004414341169
Head size ratio mean value: 1.00000441434117
Calibration reprojection error mean value: 999999
Calibration reprojection error outliers count: 999999
Error: 
Sorry, but we have lost your eyes. This is probably due to excessive head movements. Please try to recalibrate again and give your best to keep your head still.
