
CALIBRATION: calibration_main
Start time: 20.12.2016 18-31-59
End time: 20.12.2016 18-32-34
Image quality on start: 0.774999976158142
Image quality minimum value: 0.736111104488373
Image quality mean value: 0.779293692959142
Head movement maximum value: 14.7648230602334
Head movement mean value: 7.95832172617328
Head size ratio maximum value: 0.174272211720227
Head size ratio mean value: 0.107356088012052
Calibration reprojection error mean value: 71.827702416314
Calibration reprojection error outliers count: 0
Error: no error

TEST CALIBRATION: testcalibration_main
Start time: 20.12.2016 18-32-40
End time: 20.12.2016 18-32-56
Image quality minimum value: 0.715277791023254
Image quality mean value: 0.763583722710609
Head movement maximum value: 21.4009345590327
Head movement mean value: 17.3897046138094
Head size ratio maximum value: 0.228657844990548
Head size ratio mean value: 0.211532811234134
Calibration maximum distance: 458.530260724415
Calibration corrected maximum distance: 179.479803877762
Calibration without correction was successful: False
Calibration with correction was successful: True
Error: no error

VIDEOTASK: 1
Start time: 20.12.2016 18-33-01
End time: 20.12.2016 18-34-28
Image quality minimum value: 0.685039341449738
Image quality mean value: 0.771552815575872
Head movement maximum value: 28.3196045170126
Head movement mean value: 23.6127702750629
Head size ratio maximum value: 0.251398865784499
Head size ratio mean value: 0.185006467018205
Error: no error
