
CALIBRATION: calibration_main
Start time: 27.01.2017 16-31-40
End time: 27.01.2017 16-32-14
Image quality on start: 0,685039341449738
Image quality minimum value: 0,685039341449738
Image quality mean value: 0,696850414596387
Head movement maximum value: 9,8488578017961
Head movement mean value: 5,96942926715162
Head size ratio maximum value: 0,0489724245577523
Head size ratio mean value: 0,0401577246442086
Calibration reprojection error mean value: 98,5468747880724
Calibration reprojection error outliers count: 0
Error: no error

TEST CALIBRATION: testcalibration_main
Start time: 27.01.2017 16-32-16
End time: 27.01.2017 16-32-33
Image quality minimum value: 0,685039341449738
Image quality mean value: 0,702838637999126
Head movement maximum value: 10,816653826392
Head movement mean value: 7,25016222123898
Head size ratio maximum value: 0,0489724245577523
Head size ratio mean value: 0,049304164954223
Calibration maximum distance: 279,651568921041
Calibration corrected maximum distance: 157,835357255591
Calibration without correction was successful: True
Calibration with correction was successful: True
Error: no error

WATCHTASK: 1
Start time: 27.01.2017 16-32-49
End time: 27.01.2017 16-33-20
Image quality minimum value: 0,708661437034607
Image quality mean value: 0,736055058591506
Head movement maximum value: 13,6014705087354
Head movement mean value: 9,33450931721083
Head size ratio maximum value: 0,0991155046826222
Head size ratio mean value: 0,0754941674900969
Error: no error

VIDEOTASK: 2
Start time: 27.01.2017 16-33-22
End time: 27.01.2017 16-33-40
Image quality minimum value: 0,724409461021423
Image quality mean value: 0,745867294874805
Head movement maximum value: 14,422205101856
Head movement mean value: 11,0445918852108
Head size ratio maximum value: 0,107586498439126
Head size ratio mean value: 0,0639195815153562
Error: no error
