
CALIBRATION: calibration_main
Start time: 19.12.2016 20-27-10
End time: 19.12.2016 20-27-42
Image quality on start: 0.677165329456329
Image quality minimum value: 0.606299221515656
Image quality mean value: 0.638668004808755
Head movement maximum value: 10.816653826392
Head movement mean value: 3.56905503953223
Head size ratio maximum value: 0.0975056689342404
Head size ratio mean value: 0.0561185947597568
Calibration reprojection error mean value: 66.0867451561822
Calibration reprojection error outliers count: 0
Error: no error

TEST CALIBRATION: testcalibration_main
Start time: 19.12.2016 20-27-46
End time: 19.12.2016 20-28-02
Image quality minimum value: 0.598425209522247
Image quality mean value: 0.631095452266827
Head movement maximum value: 7.28010988928052
Head movement mean value: 4.0610069247749
Head size ratio maximum value: 0.0704634470868237
Head size ratio mean value: 0.0793008034976596
Calibration maximum distance: 244.002049171723
Calibration corrected maximum distance: 144.544110914281
Calibration without correction was successful: True
Calibration with correction was successful: True
Error: no error

VIDEOTASK: 1
Start time: 19.12.2016 20-28-14
End time: 19.12.2016 20-29-44
Image quality minimum value: 0
Image quality mean value: 0.843636522230292
Head movement maximum value: 22.8035085019828
Head movement mean value: 7.17961883624068
Head size ratio maximum value: 0.152602087667023
Head size ratio mean value: 0.0812169286637603
Error: no error
