
CALIBRATION: calibration_main
Start time: 17.01.2015 19-25-22
End time: 17.01.2015 19-26-22
Image quality on start: 0.606299221515656
Image quality minimum value: 0.527559041976929
Image quality mean value: 0.559983841883831
Head movement maximum value: 6.70820393249937
Head movement mean value: 3.26337408397792
Head size ratio maximum value: 0.0667710929156283
Head size ratio mean value: 0.0702021159094853
Calibration reprojection error mean value: 96.281739976671
Calibration reprojection error outliers count: 0
Error: no error

TEST CALIBRATION: testcalibration_main
Start time: 17.01.2015 19-26-31
End time: 17.01.2015 19-26-49
Image quality minimum value: 0.551181077957153
Image quality mean value: 0.568640886009603
Head movement maximum value: 9.21954445729289
Head movement mean value: 4.99128249434377
Head size ratio maximum value: 0.0299608401566394
Head size ratio mean value: 0.125847869941854
Calibration maximum distance: 222.811579591367
Calibration corrected maximum distance: 64.5135644651572
Calibration without correction was successful: True
Calibration with correction was successful: True
Error: no error

VIDEOTASK: v
Start time: 17.01.2015 19-27-16
End time: 17.01.2015 19-30-35
Image quality minimum value: 0
Image quality mean value: 0.692451471368391
Head movement maximum value: 23.7697286480094
Head movement mean value: 11.7658418203404
Head size ratio maximum value: 0.156639373442506
Head size ratio mean value: 0.0600519772363097
Error: no error
