

***************
Logging from: TestCalibrationMediaDialog testcalibration_main
Time: Mon Dec 19 12:36:54 2016

H(0,0) = 0.907919
H(0,1) = 0.0876653
H(0,2) = 67.4474
H(1,0) = 0.0198882
H(1,1) = 0.679718
H(1,2) = 60.2366
H(2,0) = 4.85936e-005
H(2,1) = -0.000337575
H(2,2) = 1
---------------



***************
Logging from: TestCalibrationMediaDialog testcalibration_main
Time: Mon Dec 19 12:41:37 2016

H(0,0) = 1.05846
H(0,1) = -0.682238
H(0,2) = 169.196
H(1,0) = 0.0808381
H(1,1) = 0.357711
H(1,2) = 66.6207
H(2,0) = 0.000214427
H(2,1) = -0.00103694
H(2,2) = 1
---------------

