
CALIBRATION: calibration_main
Start time: 19.12.2016 12-36-00
End time: 19.12.2016 12-36-34
Image quality on start: 0.819444417953491
Image quality minimum value: 0.770833373069763
Image quality mean value: 0.815454414695691
Head movement maximum value: 7.07106781186548
Head movement mean value: 3.77306051773465
Head size ratio maximum value: 0.0457604595336076
Head size ratio mean value: 0.0449296736433297
Calibration reprojection error mean value: 55.6387529770533
Calibration reprojection error outliers count: 0
Error: no error

TEST CALIBRATION: testcalibration_main
Start time: 19.12.2016 12-36-38
End time: 19.12.2016 12-36-54
Image quality minimum value: 0.756944477558136
Image quality mean value: 0.80638053547591
Head movement maximum value: 11.0453610171873
Head movement mean value: 5.82811640296873
Head size ratio maximum value: 0.0637645747599451
Head size ratio mean value: 0.0868939686213993
Calibration maximum distance: 254.017715917611
Calibration corrected maximum distance: 50.8035431835222
Calibration without correction was successful: True
Calibration with correction was successful: True
Error: no error

VIDEOTASK: 1
Start time: 19.12.2016 12-37-16
End time: 19.12.2016 12-38-20
Image quality minimum value: 0.694444477558136
Image quality mean value: 0.764756263947926
Head movement maximum value: 25.6320112359526
Head movement mean value: 18.720661029755
Head size ratio maximum value: 0.125428669410151
Head size ratio mean value: 0.0880314711723763
Error: 
Bad camera resolution or camera video not loaded!
Please check if your web camera is working properly and set your web camera resolution to 640x480.

You can test your camera by selecting Options > Test Webcam in the menu bar.

If your camera is not working, check if it is plugged in properly and close other applications that might be using it. If this does not solve this issue, please reset your computer or reinstall the camera driver.
Object reference not set to an instance of an object.

CALIBRATION: calibration_main
Start time: 19.12.2016 12-40-16
End time: 19.12.2016 12-40-33
Image quality on start: 0.840277850627899
Image quality minimum value: 0.777777791023254
Image quality mean value: 0.835487171411514
Head movement maximum value: 21.3775583264319
Head movement mean value: 17.599631911762
Head size ratio maximum value: 0.382895245814069
Head size ratio mean value: 0.367851314262558
Calibration reprojection error mean value: 999999
Calibration reprojection error outliers count: 999999
Error: 
Sorry, but we have lost your eyes. This is probably due to excessive head movements. Please try to recalibrate again and give your best to keep your head still.

CALIBRATION: calibration_main
Start time: 19.12.2016 12-40-45
End time: 19.12.2016 12-41-19
Image quality on start: 0.888888776302338
Image quality minimum value: 0.826388955116272
Image quality mean value: 0.879423054977445
Head movement maximum value: 11.7046999107196
Head movement mean value: 7.70070382873748
Head size ratio maximum value: 0.119735841743564
Head size ratio mean value: 0.0713450203017132
Calibration reprojection error mean value: 78.3861514197455
Calibration reprojection error outliers count: 0
Error: no error

TEST CALIBRATION: testcalibration_main
Start time: 19.12.2016 12-41-21
End time: 19.12.2016 12-41-37
Image quality minimum value: 0.826388955116272
Image quality mean value: 0.868122927440229
Head movement maximum value: 14.0356688476182
Head movement mean value: 11.145565291094
Head size ratio maximum value: 0.0533235938641344
Head size ratio mean value: 0.08125130222643
Calibration maximum distance: 287.236836077826
Calibration corrected maximum distance: 68.3081254317523
Calibration without correction was successful: True
Calibration with correction was successful: True
Error: no error

VIDEOTASK: 1
Start time: 19.12.2016 12-41-40
End time: 19.12.2016 12-43-07
Image quality minimum value: 0.811023592948914
Image quality mean value: 0.857321852476274
Head movement maximum value: 27.0739727413618
Head movement mean value: 20.3224309637123
Head size ratio maximum value: 0.155588020452885
Head size ratio mean value: 0.120000159557236
Error: no error
