

***************
Logging from: TestCalibrationMediaDialog testcalibration_main
Time: Sat Jan 17 23:30:20 2015

H(0,0) = 0.943495
H(0,1) = -0.618909
H(0,2) = 80.1544
H(1,0) = -0.0859728
H(1,1) = 0.418356
H(1,2) = 105.712
H(2,0) = -3.29683e-005
H(2,1) = -0.000744331
H(2,2) = 1
---------------



***************
Logging from: VideoMediaDialog v - start
Time: Sat Jan 17 23:30:30 2015

H(0,0) = 0.943495
H(0,1) = -0.618909
H(0,2) = 80.1544
H(1,0) = -0.0859728
H(1,1) = 0.418356
H(1,2) = 105.712
H(2,0) = -3.29683e-005
H(2,1) = -0.000744331
H(2,2) = 1
---------------

