
CALIBRATION: calibration_main
Start time: 19.12.2016 14-09-36
End time: 19.12.2016 14-10-11
Image quality on start: 0.777777791023254
Image quality minimum value: 0.506944417953491
Image quality mean value: 0.727197060459538
Head movement maximum value: 23.1948270094864
Head movement mean value: 11.9494624459743
Head size ratio maximum value: 0.118420371616376
Head size ratio mean value: 0.0543787991189783
Calibration reprojection error mean value: 78.0596789254083
Calibration reprojection error outliers count: 0
Error: no error

TEST CALIBRATION: testcalibration_main
Start time: 19.12.2016 14-10-14
End time: 19.12.2016 14-10-30
Image quality minimum value: 0
Image quality mean value: 0.746889875173569
Head movement maximum value: 36.6742416417845
Head movement mean value: 30.5229294404028
Head size ratio maximum value: 0.125304073288132
Head size ratio mean value: 0.0822296982557838
Calibration maximum distance: 361.221538671215
Calibration corrected maximum distance: 186.252516761519
Calibration without correction was successful: True
Calibration with correction was successful: True
Error: no error

VIDEOTASK: 1
Start time: 19.12.2016 14-10-34
End time: 19.12.2016 14-12-03
Image quality minimum value: 0.614173233509064
Image quality mean value: 0.769552597861446
Head movement maximum value: 50.5371150739731
Head movement mean value: 38.6993698771186
Head size ratio maximum value: 0.152010765488329
Head size ratio mean value: 0.0545665260010611
Error: no error
