

***************
Logging from: TestCalibrationMediaDialog testcalibration_main
Time: Mon Dec 12 16:54:41 2016

H(0,0) = -157.242
H(0,1) = -112.832
H(0,2) = 62961.7
H(1,0) = -45.1624
H(1,1) = -107.26
H(1,2) = 24010.3
H(2,0) = -0.0806165
H(2,1) = -0.0771805
H(2,2) = 1
---------------



***************
Logging from: TestCalibrationMediaDialog cal2
Time: Mon Dec 12 16:55:48 2016

H(0,0) = 0.031468
H(0,1) = -6.76685
H(0,2) = 370.087
H(1,0) = -0.153789
H(1,1) = -2.24213
H(1,2) = 256.372
H(2,0) = -0.000542849
H(2,1) = -0.00557867
H(2,2) = 1
---------------

