

***************
Logging from: TestCalibrationMediaDialog testcalibration_main
Time: Mon Dec 19 13:27:48 2016

H(0,0) = 0.78099
H(0,1) = -0.633632
H(0,2) = 347.24
H(1,0) = -0.0199318
H(1,1) = 0.654353
H(1,2) = 48.1369
H(2,0) = 5.93602e-005
H(2,1) = -0.000519273
H(2,2) = 1
---------------



***************
Logging from: TestCalibrationMediaDialog testcalibration_main
Time: Mon Dec 19 13:29:44 2016

H(0,0) = 0.811104
H(0,1) = -0.151828
H(0,2) = 68.0184
H(1,0) = -0.0330292
H(1,1) = 0.691081
H(1,2) = 125.293
H(2,0) = -4.04255e-005
H(2,1) = -0.000181365
H(2,2) = 1
---------------

