

***************
Logging from: TestCalibrationMediaDialog testcalibration_main
Time: Wed Mar 15 19:52:16 2017

H(0,0) = -0.275957
H(0,1) = 0.247371
H(0,2) = 188.324
H(1,0) = -0.240424
H(1,1) = 0.216991
H(1,2) = 163.545
H(2,0) = -0.00147202
H(2,1) = 0.00133319
H(2,2) = 1
---------------



***************
Logging from: TestCalibrationMediaDialog testcalibration_main
Time: Wed Mar 15 19:53:41 2017

H(0,0) = 1.30791
H(0,1) = 0.463759
H(0,2) = -426.745
H(1,0) = 0.233062
H(1,1) = 1.8171
H(1,2) = -324.977
H(2,0) = 4.91273e-005
H(2,1) = 0.000377371
H(2,2) = 1
---------------

