
CALIBRATION: calibration_main
Start time: 07.12.2016 10-27-00
End time: 07.12.2016 10-27-32
Image quality on start: 0.848214268684387
Image quality minimum value: 0.836363613605499
Image quality mean value: 0.856575562561466
Head movement maximum value: 7.61577310586391
Head movement mean value: 3.87171749359396
Head size ratio maximum value: 0.0710894147708854
Head size ratio mean value: 0.0410818063608817
Calibration reprojection error mean value: 24.5818757481045
Calibration reprojection error outliers count: 0
Error: no error

TEST CALIBRATION: testcalibration_main
Start time: 07.12.2016 10-27-34
End time: 07.12.2016 10-27-50
Image quality minimum value: 0.844311356544495
Image quality mean value: 0.86619375166914
Head movement maximum value: 6.32455532033676
Head movement mean value: 3.94238574581266
Head size ratio maximum value: 0.0892431494441372
Head size ratio mean value: 0.0642100243218579
Calibration maximum distance: 194.989743320001
Calibration corrected maximum distance: 69.5269731830748
Calibration without correction was successful: True
Calibration with correction was successful: True
Error: no error

CLICKTASK: c1
Start time: 07.12.2016 10-27-55
End time: 07.12.2016 10-28-04
Image quality minimum value: 0.858267724514008
Image quality mean value: 0.867667962397848
Head movement maximum value: 8.06225774829855
Head movement mean value: 6.18273338431888
Head size ratio maximum value: 0.15398257088919
Head size ratio mean value: 0.176681549605407
Error: no error

CLICKTASK: c2
Start time: 07.12.2016 10-28-08
End time: 07.12.2016 10-28-13
Image quality minimum value: 0.865625023841858
Image quality mean value: 0.891867261324356
Head movement maximum value: 12.7279220613579
Head movement mean value: 8.92279966748055
Head size ratio maximum value: 0.0983772239278427
Head size ratio mean value: 0.130567770973321
Error: no error

CLICKTASK: c3
Start time: 07.12.2016 10-28-27
End time: 07.12.2016 10-28-50
Image quality minimum value: 0.785276055335999
Image quality mean value: 0.882208877096051
Head movement maximum value: 83.7615663654877
Head movement mean value: 48.4666879987596
Head size ratio maximum value: 0.0983772239278427
Head size ratio mean value: 0.064658754349499
Error: no error

CLICKTASK: c4
Start time: 07.12.2016 10-28-54
End time: 07.12.2016 10-29-12
Image quality minimum value: 0.837423324584961
Image quality mean value: 0.876158494601208
Head movement maximum value: 53.9351462406472
Head movement mean value: 48.7457875096186
Head size ratio maximum value: 0.0710894147708854
Head size ratio mean value: 0.051642528569401
Error: no error
