

***************
Logging from: TestCalibrationMediaDialog testcalibration_main
Time: Sun Dec 04 19:21:59 2016

H(0,0) = 1.76983
H(0,1) = 2.54296
H(0,2) = -1410.98
H(1,0) = -0.207943
H(1,1) = 0.866826
H(1,2) = 148.437
H(2,0) = 0.00143758
H(2,1) = -0.00343202
H(2,2) = 1
---------------



***************
Logging from: TestCalibrationMediaDialog testcalibration_main_t2
Time: Sun Dec 04 19:25:21 2016

H(0,0) = -3.25413
H(0,1) = 5.27357
H(0,2) = -213.488
H(1,0) = -0.79479
H(1,1) = 0.733645
H(1,2) = 131.499
H(2,0) = -0.00205837
H(2,1) = 0.00026708
H(2,2) = 1
---------------

