

***************
Logging from: TestCalibrationMediaDialog testcalibration_main
Time: Mon Jan 19 13:50:48 2015

H(0,0) = 1.60487
H(0,1) = -0.65045
H(0,2) = -257.713
H(1,0) = 0.032597
H(1,1) = 1.07547
H(1,2) = 131.028
H(2,0) = 0.00025417
H(2,1) = -0.000500911
H(2,2) = 1
---------------



***************
Logging from: VideoMediaDialog v - start
Time: Mon Jan 19 13:50:57 2015

H(0,0) = 1.60487
H(0,1) = -0.65045
H(0,2) = -257.713
H(1,0) = 0.032597
H(1,1) = 1.07547
H(1,2) = 131.028
H(2,0) = 0.00025417
H(2,1) = -0.000500911
H(2,2) = 1
---------------



***************
Logging from: VideoMediaDialog v - stop
Time: Mon Jan 19 13:52:40 2015

H(0,0) = 1.60487
H(0,1) = -0.65045
H(0,2) = -257.713
H(1,0) = 0.032597
H(1,1) = 1.07547
H(1,2) = 131.028
H(2,0) = 0.00025417
H(2,1) = -0.000500911
H(2,2) = 1
---------------

