
CALIBRATION: calibration_main
Start time: 18.12.2016 19-20-05
End time: 18.12.2016 19-20-39
Image quality on start: 0.834645688533783
Image quality minimum value: 0.819444417953491
Image quality mean value: 0.899469431544329
Head movement maximum value: 14.7648230602334
Head movement mean value: 6.15168216336505
Head size ratio maximum value: 0.125669244497323
Head size ratio mean value: 0.0743693192600332
Calibration reprojection error mean value: 209.563640170627
Calibration reprojection error outliers count: 2
Error: no error

TEST CALIBRATION: testcalibration_main
Start time: 18.12.2016 19-20-44
End time: 18.12.2016 19-21-00
Image quality minimum value: 0.833333313465118
Image quality mean value: 0.876414726022631
Head movement maximum value: 19.4164878389476
Head movement mean value: 13.6176488089891
Head size ratio maximum value: 0.0660982219578294
Head size ratio mean value: 0.0878961762178596
Calibration maximum distance: 576.183998389403
Calibration corrected maximum distance: 88.8425573697651
Calibration without correction was successful: False
Calibration with correction was successful: True
Error: no error

VIDEOTASK: 1
Start time: 18.12.2016 19-21-06
End time: 18.12.2016 19-22-36
Image quality minimum value: 0.338582664728165
Image quality mean value: 0.801046110422403
Head movement maximum value: 32.649655434629
Head movement mean value: 25.607666376101
Head size ratio maximum value: 0.108483706788287
Head size ratio mean value: 0.0428175177927024
Error: no error
