
CALIBRATION: calibration_main
Start time: 09.12.2016 14-17-19
End time: 09.12.2016 14-17-51
Image quality on start: 0.433070868253708
Image quality minimum value: 0.354330718517303
Image quality mean value: 0.373824124315144
Head movement maximum value: 9.21954445729289
Head movement mean value: 4.61292964376342
Head size ratio maximum value: 0.0951814396192743
Head size ratio mean value: 0.077067455867738
Calibration reprojection error mean value: 53.5970256593492
Calibration reprojection error outliers count: 0
Error: no error

TEST CALIBRATION: testcalibration_main
Start time: 09.12.2016 14-17-55
End time: 09.12.2016 14-18-11
Image quality minimum value: 0.354330718517303
Image quality mean value: 0.388594201917928
Head movement maximum value: 10.1980390271856
Head movement mean value: 7.59101062643814
Head size ratio maximum value: 0.0718322427126711
Head size ratio mean value: 0.0753190622017458
Calibration maximum distance: 187.840357750937
Calibration corrected maximum distance: 141.396605334074
Calibration without correction was successful: True
Calibration with correction was successful: True
Error: no error

CLICKTASK: c1
Start time: 09.12.2016 14-18-17
End time: 09.12.2016 14-18-26
Image quality minimum value: 0.393700778484344
Image quality mean value: 0.608661425342927
Head movement maximum value: 10.4403065089106
Head movement mean value: 7.78605408415646
Head size ratio maximum value: 0.118233194527067
Head size ratio mean value: 0.121441754755258
Error: no error

CLICKTASK: c2
Start time: 09.12.2016 14-18-30
End time: 09.12.2016 14-18-47
Image quality minimum value: 0.220472440123558
Image quality mean value: 0.596291993006292
Head movement maximum value: 12.5299640861417
Head movement mean value: 8.89203024100479
Head size ratio maximum value: 0.118233194527067
Head size ratio mean value: 0.106798070458598
Error: no error

CLICKTASK: c3
Start time: 09.12.2016 14-18-51
End time: 09.12.2016 14-19-20
Image quality minimum value: 0.377952754497528
Image quality mean value: 0.674183255751082
Head movement maximum value: 18.0277563773199
Head movement mean value: 12.9291191163235
Head size ratio maximum value: 0.118233194527067
Head size ratio mean value: 0.0810955920924027
Error: no error

CLICKTASK: c4
Start time: 09.12.2016 14-19-23
End time: 09.12.2016 14-19-45
Image quality minimum value: 0.409448832273483
Image quality mean value: 0.506246718962987
Head movement maximum value: 20.2484567313166
Head movement mean value: 13.8589676212075
Head size ratio maximum value: 0.118233194527067
Head size ratio mean value: 0.0847298235177475
Error: no error
