

***************
Logging from: TestCalibrationMediaDialog testcalibration_main
Time: Fri Mar 17 19:34:47 2017

H(0,0) = 0.858397
H(0,1) = -0.434858
H(0,2) = 144.509
H(1,0) = -0.0238201
H(1,1) = 0.624311
H(1,2) = 91.8689
H(2,0) = 4.85454e-006
H(2,1) = -0.00039615
H(2,2) = 1
---------------



***************
Logging from: TestCalibrationMediaDialog testcalibration_main_3row_shelf
Time: Fri Mar 17 19:36:20 2017

H(0,0) = 0.933935
H(0,1) = -0.35963
H(0,2) = 93.8897
H(1,0) = -0.0760216
H(1,1) = 0.770873
H(1,2) = 125.382
H(2,0) = 6.99075e-005
H(2,1) = -0.000427658
H(2,2) = 1
---------------

