
CALIBRATION: calibration_main
Start time: 17.03.2017 19-33-56
End time: 17.03.2017 19-34-28
Image quality on start: 0.673611164093018
Image quality minimum value: 0.590277910232544
Image quality mean value: 0.655336266024071
Head movement maximum value: 11.4017542509914
Head movement mean value: 5.59288999990174
Head size ratio maximum value: 0.0648483476686283
Head size ratio mean value: 0.0432659117068195
Calibration reprojection error mean value: 55.0867212083605
Calibration reprojection error outliers count: 0
Error: no error

TEST CALIBRATION: testcalibration_main
Start time: 17.03.2017 19-34-31
End time: 17.03.2017 19-34-47
Image quality minimum value: 0.597222208976746
Image quality mean value: 0.667105265040147
Head movement maximum value: 18.6815416922694
Head movement mean value: 11.9022009648172
Head size ratio maximum value: 0.0869171570846536
Head size ratio mean value: 0.0757561437924069
Calibration maximum distance: 144.533733086778
Calibration corrected maximum distance: 18.2482875908947
Calibration without correction was successful: True
Calibration with correction was successful: True
Error: no error

CLICKTASK: filler
Start time: 17.03.2017 19-34-53
End time: 17.03.2017 19-34-59
Image quality minimum value: 0.569444477558136
Image quality mean value: 0.631393324761164
Head movement maximum value: 21.5870331449229
Head movement mean value: 16.9787412678776
Head size ratio maximum value: 0.131733816206428
Head size ratio mean value: 0.213544797896692
Error: no error

CLICKTASK: full_shelf
Start time: 17.03.2017 19-35-04
End time: 17.03.2017 19-35-10
Image quality minimum value: 0.611111104488373
Image quality mean value: 0.675564249046147
Head movement maximum value: 25
Head movement mean value: 20.6354817481412
Head size ratio maximum value: 0.131733816206428
Head size ratio mean value: 0.152618824191439
Error: no error

CLICKTASK: 3row_shelf
Start time: 17.03.2017 19-35-13
End time: 17.03.2017 19-35-22
Image quality minimum value: 0.515151500701904
Image quality mean value: 0.615426984926065
Head movement maximum value: 100.603180864225
Head movement mean value: 31.8220881812674
Head size ratio maximum value: 0.101755444897138
Head size ratio mean value: 0.0676263350267426
Error: 
Sorry, but we have lost your eyes. This is probably due to excessive head movements. Please try to recalibrate again and give your best to keep your head still.

CALIBRATION: calibration_main_3row_shelf
Start time: 17.03.2017 19-35-32
End time: 17.03.2017 19-36-03
Image quality on start: 0.701388895511627
Image quality minimum value: 0.618055641651154
Image quality mean value: 0.697580660018753
Head movement maximum value: 6.40312423743285
Head movement mean value: 2.92000098758234
Head size ratio maximum value: 0.055161621595188
Head size ratio mean value: 0.0441985060035632
Calibration reprojection error mean value: 22.6098789109124
Calibration reprojection error outliers count: 0
Error: no error

TEST CALIBRATION: testcalibration_main_3row_shelf
Start time: 17.03.2017 19-36-04
End time: 17.03.2017 19-36-20
Image quality minimum value: 0.625
Image quality mean value: 0.679501172447704
Head movement maximum value: 10.6301458127347
Head movement mean value: 5.90000973736982
Head size ratio maximum value: 0.0687075162599639
Head size ratio mean value: 0.0623451805398133
Calibration maximum distance: 166.628328923986
Calibration corrected maximum distance: 53.2353266168247
Calibration without correction was successful: True
Calibration with correction was successful: True
Error: no error

CLICKTASK: 3row_shelf
Start time: 17.03.2017 19-36-23
End time: 17.03.2017 19-36-28
Image quality minimum value: 0.638888835906982
Image quality mean value: 0.690972235467699
Head movement maximum value: 13
Head movement mean value: 9.49537243327591
Head size ratio maximum value: 0.0352706733825614
Head size ratio mean value: 0.161964363013314
Error: no error

CLICKTASK: pack
Start time: 17.03.2017 19-36-33
End time: 17.03.2017 19-36-41
Image quality minimum value: 0.65972226858139
Image quality mean value: 0.721320393797639
Head movement maximum value: 13.4164078649987
Head movement mean value: 10.7701062639935
Head size ratio maximum value: 0.0346593965475084
Head size ratio mean value: 0.0713953878289541
Error: no error
