

***************
Logging from: TestCalibrationMediaDialog testcalibration_main
Time: Fri Dec 09 05:58:44 2016

H(0,0) = -4.72521
H(0,1) = 10.4402
H(0,2) = 549.632
H(1,0) = -1.18059
H(1,1) = 2.93466
H(1,2) = 88.4824
H(2,0) = -0.00438459
H(2,1) = 0.00850833
H(2,2) = 1
---------------



***************
Logging from: TestCalibrationMediaDialog testcalibration_main_c4
Time: Fri Dec 09 06:01:31 2016

H(0,0) = 0.572777
H(0,1) = -0.542591
H(0,2) = 274.747
H(1,0) = 0.111552
H(1,1) = 0.511026
H(1,2) = 16.2706
H(2,0) = -0.000285308
H(2,1) = -0.000607
H(2,2) = 1
---------------

