
CALIBRATION: calibration_main
Start time: 19.12.2016 15-08-37
End time: 19.12.2016 15-09-09
Image quality on start: 0.743055522441864
Image quality minimum value: 0.479166686534882
Image quality mean value: 0.679837431237589
Head movement maximum value: 12.1655250605964
Head movement mean value: 5.50862308590527
Head size ratio maximum value: 0.181474480151229
Head size ratio mean value: 0.0688693743968219
Calibration reprojection error mean value: 136.13026216295
Calibration reprojection error outliers count: 1
Error: no error

TEST CALIBRATION: testcalibration_main
Start time: 19.12.2016 15-09-12
End time: 19.12.2016 15-09-28
Image quality minimum value: 0.541666746139526
Image quality mean value: 0.647985146359099
Head movement maximum value: 16.7630546142402
Head movement mean value: 12.8491157826276
Head size ratio maximum value: 0.142420184835119
Head size ratio mean value: 0.123103416057502
Calibration maximum distance: 647.385511113741
Calibration corrected maximum distance: 312.020832637822
Calibration without correction was successful: False
Calibration with correction was successful: True
Error: no error

VIDEOTASK: 1
Start time: 19.12.2016 15-09-36
End time: 19.12.2016 15-11-04
Image quality minimum value: 0.555555582046509
Image quality mean value: 0.683868945478902
Head movement maximum value: 30.886890422961
Head movement mean value: 21.3388636676962
Head size ratio maximum value: 0.165773997059441
Head size ratio mean value: 0.0748784599320791
Error: no error
