
CALIBRATION: calibration_main
Start time: 27.01.2017 18-11-38
End time: 27.01.2017 18-12-12
Image quality on start: 0,653543293476105
Image quality minimum value: 0,617647051811218
Image quality mean value: 0,685530916824781
Head movement maximum value: 23,1948270094864
Head movement mean value: 10,8950759818335
Head size ratio maximum value: 0,127018710271557
Head size ratio mean value: 0,0692806169674623
Calibration reprojection error mean value: 277,433143191867
Calibration reprojection error outliers count: 3
Error: no error

TEST CALIBRATION: testcalibration_main
Start time: 27.01.2017 18-12-15
End time: 27.01.2017 18-12-31
Image quality minimum value: 0,653179168701172
Image quality mean value: 0,663202260037978
Head movement maximum value: 17
Head movement mean value: 14,7597403025374
Head size ratio maximum value: 0,0479548976887312
Head size ratio mean value: 0,0719728253694518
Calibration maximum distance: 952,063548299167
Calibration corrected maximum distance: 410,079260631405
Calibration without correction was successful: False
Calibration with correction was successful: True
Error: no error

WATCHTASK: 1
Start time: 27.01.2017 18-12-52
End time: 27.01.2017 18-13-23
Image quality minimum value: 0,322834640741348
Image quality mean value: 0,34398695014551
Head movement maximum value: 16,1245154965971
Head movement mean value: 13,6713642288679
Head size ratio maximum value: 0,110509647132814
Head size ratio mean value: 0,094999507061661
Error: no error

VIDEOTASK: 2
Start time: 27.01.2017 18-13-29
End time: 27.01.2017 18-13-45
Image quality minimum value: 0,0393700785934925
Image quality mean value: 0,26938270766021
Head movement maximum value: 16,0312195418814
Head movement mean value: 14,1458848168473
Head size ratio maximum value: 0,0375553109768424
Head size ratio mean value: 0,14131667588245
Error: no error
