

***************
Logging from: TestCalibrationMediaDialog testcalibration_main
Time: Fri Jan 16 11:52:23 2015

H(0,0) = 0.730948
H(0,1) = -1.22019
H(0,2) = 367.615
H(1,0) = -0.0647019
H(1,1) = 3.03593
H(1,2) = -1142.03
H(2,0) = 0.000139746
H(2,1) = -0.00130928
H(2,2) = 1
---------------



***************
Logging from: VideoMediaDialog v - start
Time: Fri Jan 16 11:52:25 2015

H(0,0) = 0.730948
H(0,1) = -1.22019
H(0,2) = 367.615
H(1,0) = -0.0647019
H(1,1) = 3.03593
H(1,2) = -1142.03
H(2,0) = 0.000139746
H(2,1) = -0.00130928
H(2,2) = 1
---------------



***************
Logging from: TestCalibrationMediaDialog testcalibration_main
Time: Fri Jan 16 11:54:40 2015

H(0,0) = -0.0914625
H(0,1) = -1.20675
H(0,2) = 783.234
H(1,0) = 0.219256
H(1,1) = -1.27231
H(1,2) = 583.38
H(2,0) = 0.000301248
H(2,1) = -0.00210514
H(2,2) = 1
---------------



***************
Logging from: VideoMediaDialog v - start
Time: Fri Jan 16 11:54:41 2015

H(0,0) = -0.0914625
H(0,1) = -1.20675
H(0,2) = 783.234
H(1,0) = 0.219256
H(1,1) = -1.27231
H(1,2) = 583.38
H(2,0) = 0.000301248
H(2,1) = -0.00210514
H(2,2) = 1
---------------



***************
Logging from: VideoMediaDialog v - stop
Time: Fri Jan 16 11:56:04 2015

H(0,0) = -0.0914625
H(0,1) = -1.20675
H(0,2) = 783.234
H(1,0) = 0.219256
H(1,1) = -1.27231
H(1,2) = 583.38
H(2,0) = 0.000301248
H(2,1) = -0.00210514
H(2,2) = 1
---------------

