

***************
Logging from: TestCalibrationMediaDialog testcalibration_main
Time: Thu Jan 22 12:05:30 2015

H(0,0) = -1.05502
H(0,1) = -0.153872
H(0,2) = 1400.68
H(1,0) = -0.411256
H(1,1) = -0.0981692
H(1,2) = 554.785
H(2,0) = -0.00081205
H(2,1) = -7.26907e-005
H(2,2) = 1
---------------



***************
Logging from: VideoMediaDialog v - start
Time: Thu Jan 22 12:05:33 2015

H(0,0) = -1.05502
H(0,1) = -0.153872
H(0,2) = 1400.68
H(1,0) = -0.411256
H(1,1) = -0.0981692
H(1,2) = 554.785
H(2,0) = -0.00081205
H(2,1) = -7.26907e-005
H(2,2) = 1
---------------

