
CALIBRATION: calibration_main
Start time: 17.03.2017 19-11-45
End time: 17.03.2017 19-12-17
Image quality on start: 0.897637784481049
Image quality minimum value: 0.854166686534882
Image quality mean value: 0.90045876664529
Head movement maximum value: 8.60232526704263
Head movement mean value: 3.3427766625129
Head size ratio maximum value: 0.0914303655231674
Head size ratio mean value: 0.045478272054808
Calibration reprojection error mean value: 87.4376405080159
Calibration reprojection error outliers count: 0
Error: no error

TEST CALIBRATION: testcalibration_main
Start time: 17.03.2017 19-12-19
End time: 17.03.2017 19-12-27
Image quality minimum value: 0.861111044883728
Image quality mean value: 0.916816513607467
Head movement maximum value: 127.283148923964
Head movement mean value: 4.86616041376517
Head size ratio maximum value: 1.02425804745852
Head size ratio mean value: 0.145011835413511
Calibration maximum distance: 71.6100551598726
Calibration corrected maximum distance: 0
Calibration without correction was successful: False
Calibration with correction was successful: False
Error: 
Sorry, but we have lost your eyes. This is probably due to excessive head movements. Please try to recalibrate again and give your best to keep your head still.

CALIBRATION: calibration_main
Start time: 17.03.2017 19-12-41
End time: 17.03.2017 19-13-10
Image quality on start: 0.777777791023254
Image quality minimum value: 0.243589743971825
Image quality mean value: 0.838184592334124
Head movement maximum value: 139.269522868429
Head movement mean value: 3.98207519218568
Head size ratio maximum value: 0.825048059807761
Head size ratio mean value: 0.0436904236383051
Calibration reprojection error mean value: 999999
Calibration reprojection error outliers count: 999999
Error: 
Sorry, but we have lost your eyes. This is probably due to excessive head movements. Please try to recalibrate again and give your best to keep your head still.

CALIBRATION: calibration_main
Start time: 17.03.2017 19-13-35
End time: 17.03.2017 19-14-05
Image quality on start: 0.850393712520599
Image quality minimum value: 0.715277791023254
Image quality mean value: 0.808670160072899
Head movement maximum value: 12.1655250605964
Head movement mean value: 7.04356199563322
Head size ratio maximum value: 0.141566308606457
Head size ratio mean value: 0.0495440038969559
Calibration reprojection error mean value: 62.9878249698215
Calibration reprojection error outliers count: 0
Error: no error

TEST CALIBRATION: testcalibration_main
Start time: 17.03.2017 19-14-07
End time: 17.03.2017 19-14-23
Image quality minimum value: 0.763888895511627
Image quality mean value: 0.847647321224213
Head movement maximum value: 14.8660687473185
Head movement mean value: 12.3581648853799
Head size ratio maximum value: 0.0964160245196548
Head size ratio mean value: 0.0628269032958994
Calibration maximum distance: 197.395541996267
Calibration corrected maximum distance: 82.2253002426869
Calibration without correction was successful: True
Calibration with correction was successful: True
Error: no error

CLICKTASK: filler
Start time: 17.03.2017 19-14-30
End time: 17.03.2017 19-14-48
Image quality minimum value: 0.590551197528839
Image quality mean value: 0.720886350029689
Head movement maximum value: 13.1529464379659
Head movement mean value: 10.5833036175388
Head size ratio maximum value: 0.0964160245196548
Head size ratio mean value: 0.0666646451973832
Error: no error

CLICKTASK: full_shelf
Start time: 17.03.2017 19-14-51
End time: 17.03.2017 19-14-57
Image quality minimum value: 0.755905508995056
Image quality mean value: 0.843707124976551
Head movement maximum value: 11.3137084989848
Head movement mean value: 8.40275939386215
Head size ratio maximum value: 0.0891728953722043
Head size ratio mean value: 0.136470520200736
Error: no error

CLICKTASK: 3row_shelf
Start time: 17.03.2017 19-14-59
End time: 17.03.2017 19-15-12
Image quality minimum value: 0.574803173542023
Image quality mean value: 0.709176526467005
Head movement maximum value: 13.0384048104053
Head movement mean value: 8.17721365798117
Head size ratio maximum value: 0.11081553875291
Head size ratio mean value: 0.106865230249261
Error: no error

CLICKTASK: pack
Start time: 17.03.2017 19-15-14
End time: 17.03.2017 19-15-19
Image quality minimum value: 0.787401556968689
Image quality mean value: 0.800251509862788
Head movement maximum value: 11.1803398874989
Head movement mean value: 7.5872532600135
Head size ratio maximum value: 0.0964160245196548
Head size ratio mean value: 0.148357348114975
Error: no error
