
CALIBRATION: calibration_main
Start time: 17.03.2017 14-54-07
End time: 17.03.2017 14-54-44
Image quality on start: 0.551181077957153
Image quality minimum value: 0.503937005996704
Image quality mean value: 0.514547717280504
Head movement maximum value: 8
Head movement mean value: 3.43950323329821
Head size ratio maximum value: 0.0352396026010182
Head size ratio mean value: 0.0700699182961013
Calibration reprojection error mean value: 155.74388800727
Calibration reprojection error outliers count: 3
Error: no error

TEST CALIBRATION: testcalibration_main
Start time: 17.03.2017 14-54-52
End time: 17.03.2017 14-55-09
Image quality minimum value: 0.511811017990112
Image quality mean value: 0.523092054403745
Head movement maximum value: 7
Head movement mean value: 5.66333186082648
Head size ratio maximum value: 0.0686485764954902
Head size ratio mean value: 0.0998264716538587
Calibration maximum distance: 412.681475232412
Calibration corrected maximum distance: 243.526179290852
Calibration without correction was successful: False
Calibration with correction was successful: True
Error: no error

CLICKTASK: filler
Start time: 17.03.2017 14-55-23
End time: 17.03.2017 14-55-48
Image quality minimum value: 0.4251968562603
Image quality mean value: 0.544637158714436
Head movement maximum value: 8.24621125123532
Head movement mean value: 5.46971569046419
Head size ratio maximum value: 0.0686485764954902
Head size ratio mean value: 0.080933682485903
Error: no error

CLICKTASK: full_shelf
Start time: 17.03.2017 14-55-57
End time: 17.03.2017 14-56-19
Image quality minimum value: 0.519685029983521
Image quality mean value: 0.582086618244648
Head movement maximum value: 18.3847763108502
Head movement mean value: 13.6865561274434
Head size ratio maximum value: 0.0770580271161877
Head size ratio mean value: 0.0509413753869428
Error: no error

CLICKTASK: 3row_shelf
Start time: 17.03.2017 14-56-24
End time: 17.03.2017 14-56-42
Image quality minimum value: 0.464566916227341
Image quality mean value: 0.483749368723403
Head movement maximum value: 17.2626765016321
Head movement mean value: 14.3348245129648
Head size ratio maximum value: 0.0686485764954902
Head size ratio mean value: 0.0431021366666571
Error: no error

CLICKTASK: pack
Start time: 17.03.2017 14-56-45
End time: 17.03.2017 14-56-56
Image quality minimum value: 0.503937005996704
Image quality mean value: 0.522145658731461
Head movement maximum value: 13.0384048104053
Head movement mean value: 9.32292118670792
Head size ratio maximum value: 0.0770580271161877
Head size ratio mean value: 0.156965287974422
Error: no error
