
CALIBRATION: calibration_main
Start time: 18.03.2017 14-30-41
End time: 18.03.2017 14-31-22
Image quality on start: 0.755905508995056
Image quality minimum value: 0
Image quality mean value: 0.761840280592442
Head movement maximum value: 22.8035085019828
Head movement mean value: 11.5043725162155
Head size ratio maximum value: 0.279543226934023
Head size ratio mean value: 0.175924882795432
Calibration reprojection error mean value: 296.407318962945
Calibration reprojection error outliers count: 4
Error: no error

TEST CALIBRATION: testcalibration_main
Start time: 18.03.2017 14-31-27
End time: 18.03.2017 14-31-44
Image quality minimum value: 0
Image quality mean value: 0.743614007767878
Head movement maximum value: 18.6815416922694
Head movement mean value: 13.4671696558492
Head size ratio maximum value: 0.226083773219494
Head size ratio mean value: 0.25202571383999
Calibration maximum distance: 734.014986223033
Calibration corrected maximum distance: 207.234167067113
Calibration without correction was successful: False
Calibration with correction was successful: True
Error: no error

CLICKTASK: filler
Start time: 18.03.2017 14-31-47
End time: 18.03.2017 14-32-03
Image quality minimum value: 0
Image quality mean value: 0.803671587736179
Head movement maximum value: 41
Head movement mean value: 24.1703421450728
Head size ratio maximum value: 0.0939053624780057
Head size ratio mean value: 0.145280977569212
Error: no error

CLICKTASK: full_shelf
Start time: 18.03.2017 14-32-07
End time: 18.03.2017 14-32-22
Image quality minimum value: 0.673611164093018
Image quality mean value: 0.804991880529805
Head movement maximum value: 28.2842712474619
Head movement mean value: 18.7871733720412
Head size ratio maximum value: 0.220025743673315
Head size ratio mean value: 0.0951325687300763
Error: no error

CLICKTASK: 3row_shelf
Start time: 18.03.2017 14-32-27
End time: 18.03.2017 14-32-45
Image quality minimum value: 0.590277910232544
Image quality mean value: 0.761876027373707
Head movement maximum value: 38.0788655293195
Head movement mean value: 27.1346175698492
Head size ratio maximum value: 0.0608991391221171
Head size ratio mean value: 0.084443555294368
Error: no error

CLICKTASK: pack
Start time: 18.03.2017 14-32-50
End time: 18.03.2017 14-32-55
Image quality minimum value: 0.597222208976746
Image quality mean value: 0.723447729559506
Head movement maximum value: 30
Head movement mean value: 19.3134516355015
Head size ratio maximum value: 0.151828627437087
Head size ratio mean value: 0.442252133786522
Error: no error
