
CALIBRATION: calibration_main
Start time: 01.03.2017 19-58-08
End time: 01.03.2017 19-58-45
Image quality on start: 0.448818892240524
Image quality minimum value: 0.338582664728165
Image quality mean value: 0.370040144333068
Head movement maximum value: 17.8044938147649
Head movement mean value: 9.58236209074068
Head size ratio maximum value: 0.129462019222353
Head size ratio mean value: 0.0857177625343657
Calibration reprojection error mean value: 145.58228302002
Calibration reprojection error outliers count: 1
Error: no error

TEST CALIBRATION: testcalibration_main
Start time: 01.03.2017 19-58-51
End time: 01.03.2017 19-59-08
Image quality minimum value: 0.31496062874794
Image quality mean value: 0.329039989520382
Head movement maximum value: 14.3178210632764
Head movement mean value: 11.2878411337229
Head size ratio maximum value: 0.0495789639537123
Head size ratio mean value: 0.0685112386613705
Calibration maximum distance: 379.947364775702
Calibration corrected maximum distance: 126.003968191482
Calibration without correction was successful: False
Calibration with correction was successful: True
Error: no error

CLICKTASK: shoppersmode
Start time: 01.03.2017 19-59-12
End time: 01.03.2017 19-59-46
Image quality minimum value: 0.220472440123558
Image quality mean value: 0.450202166349501
Head movement maximum value: 14.7648230602334
Head movement mean value: 12.3276223401662
Head size ratio maximum value: 0.094168519458693
Head size ratio mean value: 0.0577850622457684
Error: no error

CLICKTASK: shelftask
Start time: 01.03.2017 19-59-50
End time: 01.03.2017 20-00-01
Image quality minimum value: 0.322834640741348
Image quality mean value: 0.43314806561844
Head movement maximum value: 14.8660687473185
Head movement mean value: 12.6094275396211
Head size ratio maximum value: 0.0680660352584863
Head size ratio mean value: 0.124978588623874
Error: no error

VIDEOTASK: 3drot
Start time: 01.03.2017 20-00-06
End time: 01.03.2017 20-00-17
Image quality minimum value: 0.244094491004944
Image quality mean value: 0.396181646683445
Head movement maximum value: 14.422205101856
Head movement mean value: 10.5933264153348
Head size ratio maximum value: 0.0337529104882617
Head size ratio mean value: 0.0973029375516957
Error: no error
