
CALIBRATION: calibration_main
Start time: 20.12.2016 16-43-31
End time: 20.12.2016 16-44-09
Image quality on start: 0.763888895511627
Image quality minimum value: 0.597222208976746
Image quality mean value: 0.695051265958829
Head movement maximum value: 7.28010988928052
Head movement mean value: 3.66561384534862
Head size ratio maximum value: 0.118420371616376
Head size ratio mean value: 0.0915551417216439
Calibration reprojection error mean value: 143.178154415554
Calibration reprojection error outliers count: 0
Error: no error

TEST CALIBRATION: testcalibration_main
Start time: 20.12.2016 16-44-11
End time: 20.12.2016 16-44-34
Image quality minimum value: 0.625
Image quality mean value: 0.697517229392465
Head movement maximum value: 12.0415945787923
Head movement mean value: 7.98098423978328
Head size ratio maximum value: 0.103255525076342
Head size ratio mean value: 0.134048398894687
Calibration maximum distance: 613.655440780899
Calibration corrected maximum distance: 331.422690834529
Calibration without correction was successful: False
Calibration with correction was successful: False
Error: 
Calibration not accurate enough. 
We need some further fine tuning of the calibration, it doesn't always get right from the first time. Please try again, give your best to keep your head still and focus at the red dot.

VIDEOTASK: 1
Start time: 20.12.2016 16-44-39
End time: 20.12.2016 16-46-06
Image quality minimum value: 0.472222149372101
Image quality mean value: 0.673492311640561
Head movement maximum value: 46.5295604965274
Head movement mean value: 25.6198266115063
Head size ratio maximum value: 0.235456239325087
Head size ratio mean value: 0.107497101213049
Error: no error
