
CALIBRATION: calibration_main
Start time: 07.12.2016 11-05-29
End time: 07.12.2016 11-06-01
Image quality on start: 0.669291317462921
Image quality minimum value: 0
Image quality mean value: 0.661365165220981
Head movement maximum value: 18.9736659610103
Head movement mean value: 10.7493777380493
Head size ratio maximum value: 0.146754293508587
Head size ratio mean value: 0.0719035146679563
Calibration reprojection error mean value: 130.008239958021
Calibration reprojection error outliers count: 1
Error: no error

TEST CALIBRATION: testcalibration_main
Start time: 07.12.2016 11-06-05
End time: 07.12.2016 11-06-21
Image quality minimum value: 0.606299221515656
Image quality mean value: 0.66424946704872
Head movement maximum value: 24.3515913237718
Head movement mean value: 19.631949272541
Head size ratio maximum value: 0.189301878603757
Head size ratio mean value: 0.113577120434873
Calibration maximum distance: 340.195532010637
Calibration corrected maximum distance: 66.7607669218981
Calibration without correction was successful: True
Calibration with correction was successful: True
Error: no error

CLICKTASK: c1
Start time: 07.12.2016 11-06-27
End time: 07.12.2016 11-06-43
Image quality minimum value: 0
Image quality mean value: 0.670532447811017
Head movement maximum value: 49.6487663492256
Head movement mean value: 31.1143826697697
Head size ratio maximum value: 0.146754293508587
Head size ratio mean value: 0.0871221660138793
Error: no error

CLICKTASK: c2
Start time: 07.12.2016 11-06-48
End time: 07.12.2016 11-06-54
Image quality minimum value: 0.661417305469513
Image quality mean value: 0.765736733819102
Head movement maximum value: 42.5205832509386
Head movement mean value: 33.6678083191814
Head size ratio maximum value: 0.146754293508587
Head size ratio mean value: 0.10688685113634
Error: no error

CLICKTASK: c3
Start time: 07.12.2016 11-06-59
End time: 07.12.2016 11-07-25
Image quality minimum value: 0.653543293476105
Image quality mean value: 0.744057551856191
Head movement maximum value: 35.2278299076171
Head movement mean value: 29.0754071094735
Head size ratio maximum value: 0.23262446524893
Head size ratio mean value: 0.0951384396715525
Error: no error

CLICKTASK: c4
Start time: 07.12.2016 11-07-33
End time: 07.12.2016 11-07-42
Image quality minimum value: 0.614173233509064
Image quality mean value: 0.682006227155017
Head movement maximum value: 29.4278779391243
Head movement mean value: 28.2514171634273
Head size ratio maximum value: 0.189301878603757
Head size ratio mean value: 0.142276506775236
Error: no error
