
CALIBRATION: calibration_main
Start time: 07.12.2016 11-24-51
End time: 07.12.2016 11-25-23
Image quality on start: 0.65277773141861
Image quality minimum value: 0.597222208976746
Image quality mean value: 0.713824304383855
Head movement maximum value: 18.0277563773199
Head movement mean value: 11.3348380477456
Head size ratio maximum value: 0.101798006531583
Head size ratio mean value: 0.0941224642257884
Calibration reprojection error mean value: 139.637495040894
Calibration reprojection error outliers count: 0
Error: no error

TEST CALIBRATION: testcalibration_main
Start time: 07.12.2016 11-25-24
End time: 07.12.2016 11-25-40
Image quality minimum value: 0.569444477558136
Image quality mean value: 0.687285235862142
Head movement maximum value: 25.0599281722833
Head movement mean value: 17.0785599382998
Head size ratio maximum value: 0.0951814396192743
Head size ratio mean value: 0.119116978374784
Calibration maximum distance: 487.674071486275
Calibration corrected maximum distance: 175.72706109191
Calibration without correction was successful: False
Calibration with correction was successful: True
Error: no error

WATCHTASK: 1
Start time: 07.12.2016 11-25-42
End time: 07.12.2016 11-26-10
Image quality minimum value: 0.645833373069763
Image quality mean value: 0.739311963824903
Head movement maximum value: 24.7588368062799
Head movement mean value: 19.1237620430024
Head size ratio maximum value: 0.14098750743605
Head size ratio mean value: 0.0993578366827024
Error: no error
