

***************
Logging from: TestCalibrationMediaDialog testcalibration_main
Time: Wed Dec 07 18:01:32 2016

H(0,0) = 1.04782
H(0,1) = -0.849046
H(0,2) = 56.538
H(1,0) = 0.0431522
H(1,1) = 0.366522
H(1,2) = 27.5397
H(2,0) = 0.000237841
H(2,1) = -0.00154108
H(2,2) = 1
---------------



***************
Logging from: TestCalibrationMediaDialog testcalibration_main_c2
Time: Wed Dec 07 18:03:00 2016

H(0,0) = 0.79545
H(0,1) = -0.351256
H(0,2) = -103.405
H(1,0) = 0.00860798
H(1,1) = 0.518996
H(1,2) = -48.2645
H(2,0) = -6.1367e-005
H(2,1) = -0.000963791
H(2,2) = 1
---------------

