

***************
Logging from: TestCalibrationMediaDialog testcalibration_main
Time: Mon Mar 06 13:43:06 2017

H(0,0) = 1.56371
H(0,1) = -0.63841
H(0,2) = -209.011
H(1,0) = 0.216433
H(1,1) = 1.09066
H(1,2) = -294.203
H(2,0) = 0.000311497
H(2,1) = -0.000484547
H(2,2) = 1
---------------



***************
Logging from: TestCalibrationMediaDialog testcalibration_main
Time: Mon Mar 06 13:45:14 2017

H(0,0) = 1.39861
H(0,1) = -1.53054
H(0,2) = 396.948
H(1,0) = 0.1095
H(1,1) = 0.569919
H(1,2) = 14.3961
H(2,0) = 0.000469267
H(2,1) = -0.00117058
H(2,2) = 1
---------------

