

***************
Logging from: TestCalibrationMediaDialog testcalibration_main
Time: Sun Jan 18 20:31:35 2015

H(0,0) = 3.50589
H(0,1) = -1.44144
H(0,2) = -262.746
H(1,0) = 0.76196
H(1,1) = 1.11277
H(1,2) = -19.7043
H(2,0) = 0.00165521
H(2,1) = -0.00156811
H(2,2) = 1
---------------



***************
Logging from: VideoMediaDialog v - start
Time: Sun Jan 18 20:31:48 2015

H(0,0) = 3.50589
H(0,1) = -1.44144
H(0,2) = -262.746
H(1,0) = 0.76196
H(1,1) = 1.11277
H(1,2) = -19.7043
H(2,0) = 0.00165521
H(2,1) = -0.00156811
H(2,2) = 1
---------------



***************
Logging from: VideoMediaDialog v - stop
Time: Sun Jan 18 20:33:30 2015

H(0,0) = 3.50589
H(0,1) = -1.44144
H(0,2) = -262.746
H(1,0) = 0.76196
H(1,1) = 1.11277
H(1,2) = -19.7043
H(2,0) = 0.00165521
H(2,1) = -0.00156811
H(2,2) = 1
---------------

