
CALIBRATION: calibration_main
Start time: 18.01.2015 20-30-38
End time: 18.01.2015 20-31-14
Image quality on start: 0.787401556968689
Image quality minimum value: 0.811023592948914
Image quality mean value: 0.819358121581942
Head movement maximum value: 5.3851648071345
Head movement mean value: 3.0625962445903
Head size ratio maximum value: 0.0357113870627385
Head size ratio mean value: 0.0668819601963275
Calibration reprojection error mean value: 135.531122843424
Calibration reprojection error outliers count: 0
Error: no error

TEST CALIBRATION: testcalibration_main
Start time: 18.01.2015 20-31-18
End time: 18.01.2015 20-31-35
Image quality minimum value: 0.811023592948914
Image quality mean value: 0.819793350670649
Head movement maximum value: 8.06225774829855
Head movement mean value: 6.28674881200801
Head size ratio maximum value: 0.0533235938641344
Head size ratio mean value: 0.121615005134394
Calibration maximum distance: 452.411317276657
Calibration corrected maximum distance: 153.443800787129
Calibration without correction was successful: False
Calibration with correction was successful: True
Error: no error

VIDEOTASK: v
Start time: 18.01.2015 20-31-47
End time: 18.01.2015 20-33-30
Image quality minimum value: 0.511811017990112
Image quality mean value: 0.70888066156344
Head movement maximum value: 25.4950975679639
Head movement mean value: 20.1064137840419
Head size ratio maximum value: 0.08806103400698
Head size ratio mean value: 0.0471202819175797
Error: no error
