
CALIBRATION: calibration_main
Start time: 07.12.2016 11-36-48
End time: 07.12.2016 11-37-19
Image quality on start: 0.472440958023071
Image quality minimum value: 0
Image quality mean value: 0.443721609466923
Head movement maximum value: 38.0788655293195
Head movement mean value: 18.2467690589362
Head size ratio maximum value: 0.133810410744045
Head size ratio mean value: 0.0908287776180168
Calibration reprojection error mean value: 161.942433463203
Calibration reprojection error outliers count: 1
Error: no error

TEST CALIBRATION: testcalibration_main
Start time: 07.12.2016 11-37-27
End time: 07.12.2016 11-37-44
Image quality minimum value: 0
Image quality mean value: 0.411194645171791
Head movement maximum value: 38.5875627631495
Head movement mean value: 28.9778173417474
Head size ratio maximum value: 0.188216841486129
Head size ratio mean value: 0.153622938119268
Calibration maximum distance: 612.539794625623
Calibration corrected maximum distance: 221.882851973739
Calibration without correction was successful: False
Calibration with correction was successful: True
Error: no error

CLICKTASK: c1
Start time: 07.12.2016 11-38-00
End time: 07.12.2016 11-38-14
Image quality minimum value: 0
Image quality mean value: 0.349081364961771
Head movement maximum value: 79.0759128938769
Head movement mean value: 43.8681812936401
Head size ratio maximum value: 0.491814527987452
Head size ratio mean value: 0.435004277274642
Error: 
Sorry, but we have lost your eyes. This is probably due to excessive head movements. Please try to recalibrate again and give your best to keep your head still.

CALIBRATION: calibration_main
Start time: 07.12.2016 11-38-48
End time: 07.12.2016 11-39-19
Image quality on start: 0.496062994003296
Image quality minimum value: 0.375000029802322
Image quality mean value: 0.495186286096552
Head movement maximum value: 36.1247837363769
Head movement mean value: 21.1464493824707
Head size ratio maximum value: 0.16834777105336
Head size ratio mean value: 0.08094690458013
Calibration reprojection error mean value: 178.931307262845
Calibration reprojection error outliers count: 1
Error: no error

TEST CALIBRATION: testcalibration_main
Start time: 07.12.2016 11-39-21
End time: 07.12.2016 11-39-37
Image quality minimum value: 0.335195541381836
Image quality mean value: 0.511291624065414
Head movement maximum value: 58.0086200490927
Head movement mean value: 43.931260188997
Head size ratio maximum value: 0.300304576559472
Head size ratio mean value: 0.199549533364505
Calibration maximum distance: 340.155846635039
Calibration corrected maximum distance: 107.200746266059
Calibration without correction was successful: False
Calibration with correction was successful: True
Error: no error

CLICKTASK: c1
Start time: 07.12.2016 11-39-41
End time: 07.12.2016 11-39-49
Image quality minimum value: 0.0833334475755692
Image quality mean value: 0.16460617413608
Head movement maximum value: 0
Head movement mean value: 0
Head size ratio maximum value: 0
Head size ratio mean value: 1
Error: 
Bad Face Size!
Your face in the camera image is too big or too small. Please set your position again and repeat calibration.
