

***************
Logging from: TestCalibrationMediaDialog testcalibration_main
Time: Thu Dec 08 16:22:19 2016

H(0,0) = 0.360062
H(0,1) = -0.256003
H(0,2) = -2.42767
H(1,0) = -0.173673
H(1,1) = -0.224472
H(1,2) = 272.392
H(2,0) = -0.000363089
H(2,1) = -0.00122258
H(2,2) = 1
---------------



***************
Logging from: TestCalibrationMediaDialog testcalibration_main
Time: Thu Dec 08 16:26:02 2016

H(0,0) = -0.648461
H(0,1) = -0.302599
H(0,2) = 390.626
H(1,0) = -0.152293
H(1,1) = -0.559794
H(1,2) = 242.521
H(2,0) = -0.000938414
H(2,1) = -0.00148976
H(2,2) = 1
---------------

