
CALIBRATION: calibration_main
Start time: 08.12.2016 16-21-23
End time: 08.12.2016 16-21-59
Image quality on start: 0.803149580955505
Image quality minimum value: 0
Image quality mean value: 0.769288247702073
Head movement maximum value: 16.2788205960997
Head movement mean value: 12.5952386343172
Head size ratio maximum value: 0.247406676893856
Head size ratio mean value: 0.119815105529391
Calibration reprojection error mean value: 116.626701778836
Calibration reprojection error outliers count: 1
Error: no error

TEST CALIBRATION: testcalibration_main
Start time: 08.12.2016 16-22-02
End time: 08.12.2016 16-22-19
Image quality minimum value: 0
Image quality mean value: 0.795089768662172
Head movement maximum value: 19.723082923316
Head movement mean value: 16.671162592023
Head size ratio maximum value: 0.0754437869822485
Head size ratio mean value: 0.117648562822017
Calibration maximum distance: 579.00345422113
Calibration corrected maximum distance: 107.856385995452
Calibration without correction was successful: False
Calibration with correction was successful: True
Error: no error

CLICKTASK: c1
Start time: 08.12.2016 16-22-24
End time: 08.12.2016 16-22-50
Image quality minimum value: 0
Image quality mean value: 0.666714698896496
Head movement maximum value: 365.715736604265
Head movement mean value: 20.6372815761126
Head size ratio maximum value: 0.163635035429907
Head size ratio mean value: 0.184405077136199
Error: 
Sorry, but we have lost your eyes. This is probably due to excessive head movements. Please try to recalibrate again and give your best to keep your head still.

CALIBRATION: calibration_main
Start time: 08.12.2016 16-23-27
End time: 08.12.2016 16-23-37
Image quality on start: 0.763779520988464
Image quality minimum value: 0
Image quality mean value: 0.0248920494510281
Head movement maximum value: 0
Head movement mean value: 0
Head size ratio maximum value: 0
Head size ratio mean value: 1
Calibration reprojection error mean value: 999999
Calibration reprojection error outliers count: 999999
Error: 
Your face is not detected properly! Please try to set your position again and repeat calibration.

CALIBRATION: calibration_main
Start time: 08.12.2016 16-25-08
End time: 08.12.2016 16-25-43
Image quality on start: 0.818897664546967
Image quality minimum value: 0
Image quality mean value: 0.818938495007707
Head movement maximum value: 7.61577310586391
Head movement mean value: 3.62207841684476
Head size ratio maximum value: 0.191815564157815
Head size ratio mean value: 0.0945725803606962
Calibration reprojection error mean value: 155.174465603299
Calibration reprojection error outliers count: 1
Error: no error

TEST CALIBRATION: testcalibration_main
Start time: 08.12.2016 16-25-46
End time: 08.12.2016 16-26-03
Image quality minimum value: 0
Image quality mean value: 0.805140706492059
Head movement maximum value: 3.60555127546399
Head movement mean value: 2.14208961096924
Head size ratio maximum value: 0.126008275967278
Head size ratio mean value: 0.151304193472217
Calibration maximum distance: 634.76924941273
Calibration corrected maximum distance: 70.0285656000464
Calibration without correction was successful: False
Calibration with correction was successful: True
Error: no error

CLICKTASK: c1
Start time: 08.12.2016 16-26-06
End time: 08.12.2016 16-26-17
Image quality minimum value: 0
Image quality mean value: 0.686938767893273
Head movement maximum value: 5
Head movement mean value: 2.45863395831107
Head size ratio maximum value: 0.134856314715585
Head size ratio mean value: 0.201142670944825
Error: no error

CLICKTASK: c2
Start time: 08.12.2016 16-26-25
End time: 08.12.2016 16-26-38
Image quality minimum value: 0.652777850627899
Image quality mean value: 0.74815773252231
Head movement maximum value: 5
Head movement mean value: 3.53539977404954
Head size ratio maximum value: 0.198623214660285
Head size ratio mean value: 0.128765318921306
Error: no error

CLICKTASK: c3
Start time: 08.12.2016 16-26-47
End time: 08.12.2016 16-26-59
Image quality minimum value: 0.680555582046509
Image quality mean value: 0.764969670583331
Head movement maximum value: 4.47213595499958
Head movement mean value: 1.95819540591199
Head size ratio maximum value: 0.206422455712134
Head size ratio mean value: 0.188005386552325
Error: no error

CLICKTASK: c4
Start time: 08.12.2016 16-27-06
End time: 08.12.2016 16-27-21
Image quality minimum value: 0
Image quality mean value: 0.788711435940801
Head movement maximum value: 10.4403065089106
Head movement mean value: 9.40879147709596
Head size ratio maximum value: 0.102057550389962
Head size ratio mean value: 0.0658687761445418
Error: no error
