

***************
Logging from: TestCalibrationMediaDialog testcalibration_main
Time: Tue Dec 13 07:21:35 2016

H(0,0) = 0.232127
H(0,1) = -0.231321
H(0,2) = 176.674
H(1,0) = -0.0126377
H(1,1) = 0.280015
H(1,2) = 0.923738
H(2,0) = -0.00034114
H(2,1) = -0.000754295
H(2,2) = 1
---------------



***************
Logging from: TestCalibrationMediaDialog testcalibration_main_t2
Time: Tue Dec 13 07:25:45 2016

H(0,0) = -1.60632
H(0,1) = -1.3545
H(0,2) = 1418.4
H(1,0) = -0.999057
H(1,1) = 0.602839
H(1,2) = 230.474
H(2,0) = -0.00496519
H(2,1) = 0.00504229
H(2,2) = 1
---------------

