
CALIBRATION: calibration_main
Start time: 13.12.2016 07-16-53
End time: 13.12.2016 07-17-35
Image quality on start: 0.858267724514008
Image quality minimum value: 0
Image quality mean value: 0.582519883662462
Head movement maximum value: 448.519787746316
Head movement mean value: 13.3770712557846
Head size ratio maximum value: 0.101460641113616
Head size ratio mean value: 0.166138736398392
Calibration reprojection error mean value: 999999
Calibration reprojection error outliers count: 999999
Error: 
Sorry, but we have lost your eyes. This is probably due to excessive head movements. Please try to recalibrate again and give your best to keep your head still.

CALIBRATION: calibration_main
Start time: 13.12.2016 07-17-56
End time: 13.12.2016 07-18-25
Image quality on start: 0.755905508995056
Image quality minimum value: 0
Image quality mean value: 0.50540565291821
Head movement maximum value: 82.6075057122535
Head movement mean value: 62.1900733121056
Head size ratio maximum value: 0.305555555555556
Head size ratio mean value: 0.224793349079786
Calibration reprojection error mean value: 999999
Calibration reprojection error outliers count: 999999
Error: 
Your face is not detected properly! Please try to set your position again and repeat calibration.

CALIBRATION: calibration_main
Start time: 13.12.2016 07-19-21
End time: 13.12.2016 07-20-01
Image quality on start: 0.803149580955505
Image quality minimum value: 0.550802111625671
Image quality mean value: 0.636641583197257
Head movement maximum value: 100.124921972504
Head movement mean value: 64.9489410633958
Head size ratio maximum value: 0.305555555555556
Head size ratio mean value: 0.174232360341263
Calibration reprojection error mean value: 999999
Calibration reprojection error outliers count: 999999
Error: 
Sorry, but we have lost your eyes. This is probably due to excessive head movements. Please try to recalibrate again and give your best to keep your head still.

CALIBRATION: calibration_main
Start time: 13.12.2016 07-20-30
End time: 13.12.2016 07-21-07
Image quality on start: 0.74015748500824
Image quality minimum value: 0.605590045452118
Image quality mean value: 0.664921752280659
Head movement maximum value: 44.6430285710994
Head movement mean value: 29.6241977416756
Head size ratio maximum value: 0.114186851211073
Head size ratio mean value: 0.0742822128851537
Calibration reprojection error mean value: 45.2062447335985
Calibration reprojection error outliers count: 0
Error: no error

TEST CALIBRATION: testcalibration_main
Start time: 13.12.2016 07-21-17
End time: 13.12.2016 07-21-35
Image quality minimum value: 0.578313231468201
Image quality mean value: 0.620852287756194
Head movement maximum value: 51.8844870842914
Head movement mean value: 38.069409082127
Head size ratio maximum value: 0.106260151119271
Head size ratio mean value: 0.143021212802444
Calibration maximum distance: 211.0379112861
Calibration corrected maximum distance: 150.840975865313
Calibration without correction was successful: True
Calibration with correction was successful: True
Error: no error

CLICKTASK: t1
Start time: 13.12.2016 07-21-54
End time: 13.12.2016 07-22-19
Image quality minimum value: 0.479999989271164
Image quality mean value: 0.582385492186214
Head movement maximum value: 83.6480723029527
Head movement mean value: 50.7920102191371
Head size ratio maximum value: 0.258085587176047
Head size ratio mean value: 0.186169816763915
Error: no error

SURVEYTASK: Survey
Start time: 13.12.2016 07-22-25
End time: 13.12.2016 07-23-33
Error: no error

TEST CALIBRATION: cal2
Start time: 13.12.2016 07-23-43
End time: 13.12.2016 07-24-01
Image quality minimum value: 0
Image quality mean value: 0.449718903140588
Head movement maximum value: 400.284898541027
Head movement mean value: 75.8293993608172
Head size ratio maximum value: 0.321799307958478
Head size ratio mean value: 0.335824704213236
Calibration maximum distance: 801.973815033882
Calibration corrected maximum distance: 0
Calibration without correction was successful: False
Calibration with correction was successful: False
Error: 
Sorry, but we have lost your eyes. This is probably due to excessive head movements. Please try to recalibrate again and give your best to keep your head still.

CALIBRATION: calibration_main_t2
Start time: 13.12.2016 07-24-44
End time: 13.12.2016 07-25-22
Image quality on start: 0.732283473014832
Image quality minimum value: 0.598159492015839
Image quality mean value: 0.668280888083549
Head movement maximum value: 67.6830850360709
Head movement mean value: 41.2601226057168
Head size ratio maximum value: 0.177563965972234
Head size ratio mean value: 0.124992622770421
Calibration reprojection error mean value: 159.747825834486
Calibration reprojection error outliers count: 1
Error: no error

TEST CALIBRATION: testcalibration_main_t2
Start time: 13.12.2016 07-25-28
End time: 13.12.2016 07-25-45
Image quality minimum value: 0.552631556987762
Image quality mean value: 0.595758751305667
Head movement maximum value: 82.2800097228969
Head movement mean value: 62.7586974097179
Head size ratio maximum value: 0.290858725761773
Head size ratio mean value: 0.228737041777741
Calibration maximum distance: 612.595298708699
Calibration corrected maximum distance: 272.077194928204
Calibration without correction was successful: False
Calibration with correction was successful: True
Error: no error

CLICKTASK: t2
Start time: 13.12.2016 07-25-53
End time: 13.12.2016 07-26-04
Image quality minimum value: 0.462643682956696
Image quality mean value: 0.482501359849141
Head movement maximum value: 100.124921972504
Head movement mean value: 67.5593598232723
Head size ratio maximum value: 0.284023668639053
Head size ratio mean value: 0.454387453292646
Error: 
Sorry, but we have lost your eyes. This is probably due to excessive head movements. Please try to recalibrate again and give your best to keep your head still.

CALIBRATION: calibration_main_t2
Start time: 13.12.2016 07-26-27
End time: 13.12.2016 07-27-05
Image quality on start: 0.755905508995056
Image quality minimum value: 0.519444465637207
Image quality mean value: 0.587320430538593
Head movement maximum value: 73.3893725276351
Head movement mean value: 48.5588009401689
Head size ratio maximum value: 0.329353587698352
Head size ratio mean value: 0.223524432772261
Calibration reprojection error mean value: 135.230799569024
Calibration reprojection error outliers count: 0
Error: no error

TEST CALIBRATION: testcalibration_main_t2
Start time: 13.12.2016 07-27-08
End time: 13.12.2016 07-27-24
Image quality minimum value: 1000
Image quality mean value: 0
Head movement maximum value: 0
Head movement mean value: 0
Head size ratio maximum value: 0
Head size ratio mean value: 0
Calibration maximum distance: 0
Calibration corrected maximum distance: 0
Calibration without correction was successful: False
Calibration with correction was successful: False
Error: no error

CLICKTASK: t2
Start time: 13.12.2016 07-27-27
End time: 13.12.2016 07-27-51
Image quality minimum value: 1000
Image quality mean value: 0
Head movement maximum value: 0
Head movement mean value: 0
Head size ratio maximum value: 0
Head size ratio mean value: 0
Error: no error

CLICKTASK: t3
Start time: 13.12.2016 07-27-59
End time: 13.12.2016 07-28-43
Image quality minimum value: 1000
Image quality mean value: 0
Head movement maximum value: 0
Head movement mean value: 0
Head size ratio maximum value: 0
Head size ratio mean value: 0
Error: no error

CLICKTASK: t4
Start time: 13.12.2016 07-28-50
End time: 13.12.2016 07-29-40
Image quality minimum value: 1000
Image quality mean value: 0
Head movement maximum value: 0
Head movement mean value: 0
Head size ratio maximum value: 0
Head size ratio mean value: 0
Error: no error
