

***************
Logging from: TestCalibrationMediaDialog testcalibration_main
Time: Sun Jan 18 03:27:21 2015

H(0,0) = 0.350995
H(0,1) = -0.6284
H(0,2) = 269.078
H(1,0) = -0.0155865
H(1,1) = 0.0691626
H(1,2) = 107.827
H(2,0) = -0.00022651
H(2,1) = -0.00102383
H(2,2) = 1
---------------



***************
Logging from: VideoMediaDialog v - start
Time: Sun Jan 18 03:27:24 2015

H(0,0) = 0.350995
H(0,1) = -0.6284
H(0,2) = 269.078
H(1,0) = -0.0155865
H(1,1) = 0.0691626
H(1,2) = 107.827
H(2,0) = -0.00022651
H(2,1) = -0.00102383
H(2,2) = 1
---------------



***************
Logging from: TestCalibrationMediaDialog testcalibration_main
Time: Sun Jan 18 03:29:16 2015

H(0,0) = 0.465079
H(0,1) = -1.02978
H(0,2) = 551.943
H(1,0) = 0.0608971
H(1,1) = 0.201347
H(1,2) = -16.2073
H(2,0) = 7.14752e-006
H(2,1) = -0.00101221
H(2,2) = 1
---------------



***************
Logging from: VideoMediaDialog v - start
Time: Sun Jan 18 03:29:18 2015

H(0,0) = 0.465079
H(0,1) = -1.02978
H(0,2) = 551.943
H(1,0) = 0.0608971
H(1,1) = 0.201347
H(1,2) = -16.2073
H(2,0) = 7.14752e-006
H(2,1) = -0.00101221
H(2,2) = 1
---------------



***************
Logging from: VideoMediaDialog v - start
Time: Sun Jan 18 03:31:53 2015

---------------



***************
Logging from: VideoMediaDialog v - stop
Time: Sun Jan 18 03:33:16 2015

---------------

