

***************
Logging from: TestCalibrationMediaDialog testcalibration_main
Time: Tue May 16 22:36:54 2017

H(0,0) = 2.87319
H(0,1) = -9.21065
H(0,2) = 1082.37
H(1,0) = 1.22398
H(1,1) = -4.05106
H(1,2) = 491.914
H(2,0) = 0.00325309
H(2,1) = -0.00986443
H(2,2) = 1
---------------



***************
Logging from: TestCalibrationMediaDialog testcalibration_main_2017033_ts_EyeSee_cell1b_task2
Time: Tue May 16 22:38:25 2017

H(0,0) = -0.261125
H(0,1) = -1.96183
H(0,2) = 931.206
H(1,0) = -0.163311
H(1,1) = -0.852285
H(1,2) = 358.07
H(2,0) = -0.000801157
H(2,1) = -0.00139374
H(2,2) = 1
---------------

