

***************
Logging from: TestCalibrationMediaDialog testcalibration_main
Time: Fri Mar 03 12:27:45 2017

H(0,0) = 1.41954
H(0,1) = 0.049186
H(0,2) = -140.706
H(1,0) = -0.373705
H(1,1) = 3.21374
H(1,2) = -403.427
H(2,0) = -0.000166497
H(2,1) = 0.00112369
H(2,2) = 1
---------------



***************
Logging from: TestCalibrationMediaDialog testcalibration_main_shelftask
Time: Fri Mar 03 12:32:05 2017

H(0,0) = 0.674859
H(0,1) = -1.03665
H(0,2) = 129.256
H(1,0) = 0.0408647
H(1,1) = 0.822304
H(1,2) = -100.575
H(2,0) = -0.000266816
H(2,1) = -0.00108714
H(2,2) = 1
---------------

