

***************
Logging from: TestCalibrationMediaDialog testcalibration_main
Time: Mon Dec 19 20:31:58 2016

H(0,0) = 0.379182
H(0,1) = -0.641424
H(0,2) = 88.9673
H(1,0) = -0.0452794
H(1,1) = -0.141583
H(1,2) = 165.058
H(2,0) = -0.00032824
H(2,1) = -0.00116094
H(2,2) = 1
---------------



***************
Logging from: TestCalibrationMediaDialog testcalibration_main
Time: Mon Dec 19 20:33:50 2016

H(0,0) = 1.19031
H(0,1) = -1.62519
H(0,2) = 3.76438
H(1,0) = 0.209748
H(1,1) = 0.283138
H(1,2) = -18.2044
H(2,0) = 0.000101668
H(2,1) = -0.00153238
H(2,2) = 1
---------------

