
CALIBRATION: calibration_main
Start time: 19.12.2016 20-31-03
End time: 19.12.2016 20-31-39
Image quality on start: 0.779527544975281
Image quality minimum value: 0.755905508995056
Image quality mean value: 0.823557778037324
Head movement maximum value: 12.0415945787923
Head movement mean value: 7.83627766406192
Head size ratio maximum value: 0.135294902843195
Head size ratio mean value: 0.0943842428945413
Calibration reprojection error mean value: 78.7143970065647
Calibration reprojection error outliers count: 0
Error: no error

TEST CALIBRATION: testcalibration_main
Start time: 19.12.2016 20-31-41
End time: 19.12.2016 20-31-58
Image quality minimum value: 0.811023592948914
Image quality mean value: 0.838397311728175
Head movement maximum value: 11.0453610171873
Head movement mean value: 7.94900616464791
Head size ratio maximum value: 0.249709197002346
Head size ratio mean value: 0.223461348665469
Calibration maximum distance: 594.407267788677
Calibration corrected maximum distance: 137.353558381281
Calibration without correction was successful: False
Calibration with correction was successful: True
Error: no error

VIDEOTASK: 1
Start time: 19.12.2016 20-32-03
End time: 19.12.2016 20-32-44
Image quality minimum value: 0.590551197528839
Image quality mean value: 0.719739607925522
Head movement maximum value: 20.1246117974981
Head movement mean value: 15.1195624256525
Head size ratio maximum value: 0.379855456608379
Head size ratio mean value: 0.273197471508018
Error: 
Sorry, but we have lost your eyes. This is probably due to excessive head movements. Please try to recalibrate again and give your best to keep your head still.

CALIBRATION: calibration_main
Start time: 19.12.2016 20-32-57
End time: 19.12.2016 20-33-33
Image quality on start: 0.874015748500824
Image quality minimum value: 0.743055522441864
Image quality mean value: 0.853314812892654
Head movement maximum value: 14
Head movement mean value: 4.09214109456439
Head size ratio maximum value: 0.140045396104824
Head size ratio mean value: 0.0840499260437294
Calibration reprojection error mean value: 150.263969845242
Calibration reprojection error outliers count: 2
Error: no error

TEST CALIBRATION: testcalibration_main
Start time: 19.12.2016 20-33-34
End time: 19.12.2016 20-33-51
Image quality minimum value: 0.708333432674408
Image quality mean value: 0.774926913411994
Head movement maximum value: 6.32455532033676
Head movement mean value: 2.67250997409597
Head size ratio maximum value: 0.174330566181489
Head size ratio mean value: 0.214337282866855
Calibration maximum distance: 508.862456858432
Calibration corrected maximum distance: 84.8115558164098
Calibration without correction was successful: False
Calibration with correction was successful: True
Error: no error

VIDEOTASK: 1
Start time: 19.12.2016 20-33-54
End time: 19.12.2016 20-35-20
Image quality minimum value: 0.653543293476105
Image quality mean value: 0.762444187131562
Head movement maximum value: 37.0540146272978
Head movement mean value: 15.0436073869135
Head size ratio maximum value: 0.22671068713195
Head size ratio mean value: 0.104276020416053
Error: no error
