
CALIBRATION: calibration_main
Start time: 18.03.2017 20-21-56
End time: 18.03.2017 20-22-29
Image quality on start: 0.779527544975281
Image quality minimum value: 0.771653532981873
Image quality mean value: 0.786263146314276
Head movement maximum value: 6.40312423743285
Head movement mean value: 2.15077790973727
Head size ratio maximum value: 0.0558033835535729
Head size ratio mean value: 0.0700112967652111
Calibration reprojection error mean value: 213.390866597493
Calibration reprojection error outliers count: 1
Error: no error

TEST CALIBRATION: testcalibration_main
Start time: 18.03.2017 20-22-32
End time: 18.03.2017 20-22-48
Image quality minimum value: 0.771653532981873
Image quality mean value: 0.783671761813917
Head movement maximum value: 8.48528137423857
Head movement mean value: 4.51979608210706
Head size ratio maximum value: 0.0363605757091154
Head size ratio mean value: 0.0961672551043463
Calibration maximum distance: 727.932002318898
Calibration corrected maximum distance: 210.50890717497
Calibration without correction was successful: False
Calibration with correction was successful: True
Error: no error

CLICKTASK: filler
Start time: 18.03.2017 20-22-51
End time: 18.03.2017 20-22-58
Image quality minimum value: 0.677165329456329
Image quality mean value: 0.69621539884998
Head movement maximum value: 14.7648230602334
Head movement mean value: 8.86874353508129
Head size ratio maximum value: 0.0370339197037286
Head size ratio mean value: 0.277740822294203
Error: no error

CLICKTASK: full_shelf
Start time: 18.03.2017 20-23-10
End time: 18.03.2017 20-23-17
Image quality minimum value: 0.692913413047791
Image quality mean value: 0.744431948661804
Head movement maximum value: 15.2315462117278
Head movement mean value: 10.2723166559169
Head size ratio maximum value: 0.0277123137783015
Head size ratio mean value: 0.211600755107194
Error: no error

CLICKTASK: 3row_shelf
Start time: 18.03.2017 20-23-21
End time: 18.03.2017 20-23-42
Image quality minimum value: 0.606299221515656
Image quality mean value: 0.647058820023256
Head movement maximum value: 32.0156211871642
Head movement mean value: 20.4722046303021
Head size ratio maximum value: 0.0558033835535729
Head size ratio mean value: 0.0403995787356269
Error: no error

CLICKTASK: pack
Start time: 18.03.2017 20-23-51
End time: 18.03.2017 20-23-56
Image quality minimum value: 0.724409461021423
Image quality mean value: 0.733449993310151
Head movement maximum value: 19.1049731745428
Head movement mean value: 16.3164896140694
Head size ratio maximum value: 0.0182644558538844
Head size ratio mean value: 0.121265824363207
Error: no error
