

***************
Logging from: TestCalibrationMediaDialog testcalibration_main
Time: Fri Jan 16 12:07:25 2015

H(0,0) = -0.424764
H(0,1) = -0.962236
H(0,2) = 487.495
H(1,0) = -0.326337
H(1,1) = -0.57847
H(1,2) = 329.787
H(2,0) = -0.000967121
H(2,1) = -0.00177527
H(2,2) = 1
---------------



***************
Logging from: VideoMediaDialog v - start
Time: Fri Jan 16 12:07:29 2015

H(0,0) = -0.424764
H(0,1) = -0.962236
H(0,2) = 487.495
H(1,0) = -0.326337
H(1,1) = -0.57847
H(1,2) = 329.787
H(2,0) = -0.000967121
H(2,1) = -0.00177527
H(2,2) = 1
---------------



***************
Logging from: VideoMediaDialog v - stop
Time: Fri Jan 16 12:09:11 2015

H(0,0) = -0.424764
H(0,1) = -0.962236
H(0,2) = 487.495
H(1,0) = -0.326337
H(1,1) = -0.57847
H(1,2) = 329.787
H(2,0) = -0.000967121
H(2,1) = -0.00177527
H(2,2) = 1
---------------

