
CALIBRATION: calibration_main
Start time: 16.01.2015 12-06-15
End time: 16.01.2015 12-06-55
Image quality on start: 0.535433053970337
Image quality minimum value: 0.393700778484344
Image quality mean value: 0.453132049483099
Head movement maximum value: 19.2353840616713
Head movement mean value: 5.70345155799483
Head size ratio maximum value: 0.125099394237303
Head size ratio mean value: 0.101460440333852
Calibration reprojection error mean value: 167.27769809299
Calibration reprojection error outliers count: 2
Error: no error

TEST CALIBRATION: testcalibration_main
Start time: 16.01.2015 12-07-09
End time: 16.01.2015 12-07-25
Image quality minimum value: 0.37007874250412
Image quality mean value: 0.391031622886658
Head movement maximum value: 14.2126704035519
Head movement mean value: 8.81752295923946
Head size ratio maximum value: 0.133455738842545
Head size ratio mean value: 0.198737751383188
Calibration maximum distance: 415.790812789316
Calibration corrected maximum distance: 163.526756220504
Calibration without correction was successful: False
Calibration with correction was successful: True
Error: no error

VIDEOTASK: v
Start time: 16.01.2015 12-07-28
End time: 16.01.2015 12-09-11
Image quality minimum value: 0.338582664728165
Image quality mean value: 0.375039658157817
Head movement maximum value: 17
Head movement mean value: 6.90658922410475
Head size ratio maximum value: 0.101302606659053
Head size ratio mean value: 0.0660995575046668
Error: no error
