
CALIBRATION: calibration_main
Start time: 15.03.2017 19-20-43
End time: 15.03.2017 19-21-14
Image quality on start: 0.614173233509064
Image quality minimum value: 0
Image quality mean value: 0.615909199945388
Head movement maximum value: 379.427199868433
Head movement mean value: 6.53428349445757
Head size ratio maximum value: 0.0686485764954902
Head size ratio mean value: 0.0553217717484041
Calibration reprojection error mean value: 999999
Calibration reprojection error outliers count: 999999
Error: 
Sorry, but we have lost your eyes. This is probably due to excessive head movements. Please try to recalibrate again and give your best to keep your head still.

CALIBRATION: calibration_main
Start time: 15.03.2017 19-21-25
End time: 15.03.2017 19-21-57
Image quality on start: 0.637795269489288
Image quality minimum value: 0.590551197528839
Image quality mean value: 0.681331509950931
Head movement maximum value: 21.2602916254693
Head movement mean value: 12.3613457479327
Head size ratio maximum value: 0.0997141514605686
Head size ratio mean value: 0.0606523798335996
Calibration reprojection error mean value: 107.098012500339
Calibration reprojection error outliers count: 0
Error: no error

TEST CALIBRATION: testcalibration_main
Start time: 15.03.2017 19-22-00
End time: 15.03.2017 19-22-16
Image quality minimum value: 0.559055089950562
Image quality mean value: 0.686432727659592
Head movement maximum value: 183.806963959476
Head movement mean value: 18.5416173417963
Head size ratio maximum value: 0.416731928890281
Head size ratio mean value: 0.176671365546767
Calibration maximum distance: 848.959951941197
Calibration corrected maximum distance: 0
Calibration without correction was successful: False
Calibration with correction was successful: False
Error: 
Sorry, but we have lost your eyes. This is probably due to excessive head movements. Please try to recalibrate again and give your best to keep your head still.

CLICKTASK: filler
Start time: 15.03.2017 19-22-18
End time: 15.03.2017 19-22-29
Image quality minimum value: 0.606299221515656
Image quality mean value: 0.731509053601628
Head movement maximum value: 20.2237484161567
Head movement mean value: 10.5642630816776
Head size ratio maximum value: 0.283107526039627
Head size ratio mean value: 0.271331564207286
Error: no error

CLICKTASK: full_shelf
Start time: 15.03.2017 19-22-32
End time: 15.03.2017 19-22-44
Image quality minimum value: 0.566929161548615
Image quality mean value: 0.594050758414798
Head movement maximum value: 33.2415402771893
Head movement mean value: 19.2776086792549
Head size ratio maximum value: 0.323517894901715
Head size ratio mean value: 0.271438951229851
Error: no error

CLICKTASK: 3row_shelf
Start time: 15.03.2017 19-22-48
End time: 15.03.2017 19-22-55
Image quality minimum value: 0.559055089950562
Image quality mean value: 0.600808124793203
Head movement maximum value: 27.459060435492
Head movement mean value: 25.2233000683892
Head size ratio maximum value: 0.323517894901715
Head size ratio mean value: 0.300917415121326
Error: no error

CLICKTASK: pack
Start time: 15.03.2017 19-22-58
End time: 15.03.2017 19-23-03
Image quality minimum value: 0.551181077957153
Image quality mean value: 0.572834655642509
Head movement maximum value: 26.6270539113887
Head movement mean value: 22.9494714223423
Head size ratio maximum value: 0.263137285613595
Head size ratio mean value: 0.290227634635967
Error: no error
