

***************
Logging from: TestCalibrationMediaDialog testcalibration_main
Time: Fri Dec 09 15:11:28 2016

H(0,0) = -0.0102959
H(0,1) = -0.299335
H(0,2) = 164.466
H(1,0) = -0.0013671
H(1,1) = -0.198966
H(1,2) = 108.17
H(2,0) = -6.95085e-005
H(2,1) = -0.00168891
H(2,2) = 1
---------------



***************
Logging from: TestCalibrationMediaDialog testcalibration_main
Time: Fri Dec 09 15:13:13 2016

H(0,0) = 1.41203
H(0,1) = -3.46338
H(0,2) = 1087.65
H(1,0) = 0.243846
H(1,1) = -0.522613
H(1,2) = 167.092
H(2,0) = 0.00114263
H(2,1) = -0.00295775
H(2,2) = 1
---------------

