

***************
Logging from: TestCalibrationMediaDialog testcalibration_main
Time: Mon Jan 19 20:24:37 2015

H(0,0) = 0.598436
H(0,1) = -0.796952
H(0,2) = 325.005
H(1,0) = -0.110155
H(1,1) = 1.24727
H(1,2) = -215.595
H(2,0) = 4.24215e-005
H(2,1) = -0.00101356
H(2,2) = 1
---------------



***************
Logging from: VideoMediaDialog v - start
Time: Mon Jan 19 20:24:43 2015

H(0,0) = 0.598436
H(0,1) = -0.796952
H(0,2) = 325.005
H(1,0) = -0.110155
H(1,1) = 1.24727
H(1,2) = -215.595
H(2,0) = 4.24215e-005
H(2,1) = -0.00101356
H(2,2) = 1
---------------



***************
Logging from: VideoMediaDialog v - stop
Time: Mon Jan 19 20:26:25 2015

H(0,0) = 0.598436
H(0,1) = -0.796952
H(0,2) = 325.005
H(1,0) = -0.110155
H(1,1) = 1.24727
H(1,2) = -215.595
H(2,0) = 4.24215e-005
H(2,1) = -0.00101356
H(2,2) = 1
---------------

