

***************
Logging from: TestCalibrationMediaDialog testcalibration_main
Time: Fri Jan 23 16:13:16 2015

H(0,0) = 1.53794
H(0,1) = -0.0810762
H(0,2) = -83.4444
H(1,0) = 0.370291
H(1,1) = 1.71365
H(1,2) = -557.882
H(2,0) = 0.000350277
H(2,1) = -0.000227256
H(2,2) = 1
---------------



***************
Logging from: VideoMediaDialog v - start
Time: Fri Jan 23 16:13:25 2015

H(0,0) = 1.53794
H(0,1) = -0.0810762
H(0,2) = -83.4444
H(1,0) = 0.370291
H(1,1) = 1.71365
H(1,2) = -557.882
H(2,0) = 0.000350277
H(2,1) = -0.000227256
H(2,2) = 1
---------------

