

***************
Logging from: TestCalibrationMediaDialog testcalibration_main
Time: Mon Dec 12 12:34:18 2016

H(0,0) = 12.751
H(0,1) = -4.07819
H(0,2) = -3982.26
H(1,0) = 5.65386
H(1,1) = 14.7005
H(1,2) = -5885.74
H(2,0) = 0.0065746
H(2,1) = -0.00431092
H(2,2) = 1
---------------



***************
Logging from: TestCalibrationMediaDialog testcalibration_main
Time: Mon Dec 12 12:35:40 2016

H(0,0) = 1.15989
H(0,1) = -3.32323
H(0,2) = 910.905
H(1,0) = -0.103267
H(1,1) = 1.39717
H(1,2) = -407.295
H(2,0) = 0.000559087
H(2,1) = -0.00242558
H(2,2) = 1
---------------



***************
Logging from: TestCalibrationMediaDialog cal2
Time: Mon Dec 12 12:38:18 2016

H(0,0) = 0.458849
H(0,1) = -2.55107
H(0,2) = 636.484
H(1,0) = 0.106512
H(1,1) = 0.79511
H(1,2) = -193.162
H(2,0) = -0.000105397
H(2,1) = -0.00209039
H(2,2) = 1
---------------

