
CALIBRATION: calibration_main
Start time: 19.03.2017 12-39-05
End time: 19.03.2017 12-39-37
Image quality on start: 0.448818892240524
Image quality minimum value: 0.456692904233933
Image quality mean value: 0.471742940032464
Head movement maximum value: 6.08276253029822
Head movement mean value: 2.67215984255802
Head size ratio maximum value: 0.112475961896811
Head size ratio mean value: 0.0714009476206464
Calibration reprojection error mean value: 31.3705665270487
Calibration reprojection error outliers count: 0
Error: no error

TEST CALIBRATION: testcalibration_main
Start time: 19.03.2017 12-39-42
End time: 19.03.2017 12-39-58
Image quality minimum value: 0.480314970016479
Image quality mean value: 0.492109376166943
Head movement maximum value: 4.47213595499958
Head movement mean value: 2.64877741257236
Head size ratio maximum value: 0.0682905740820798
Head size ratio mean value: 0.0678333524235482
Calibration maximum distance: 179.337670331696
Calibration corrected maximum distance: 101.074230147946
Calibration without correction was successful: True
Calibration with correction was successful: True
Error: no error

CLICKTASK: filler
Start time: 19.03.2017 12-40-02
End time: 19.03.2017 12-40-10
Image quality minimum value: 0.448818892240524
Image quality mean value: 0.458578231888758
Head movement maximum value: 12.2065556157337
Head movement mean value: 9.76151565503674
Head size ratio maximum value: 0.0787108123015459
Head size ratio mean value: 0.0925345456858861
Error: no error

CLICKTASK: full_shelf
Start time: 19.03.2017 12-40-16
End time: 19.03.2017 12-40-28
Image quality minimum value: 0.472440958023071
Image quality mean value: 0.486177870721528
Head movement maximum value: 13.6014705087354
Head movement mean value: 10.112060813082
Head size ratio maximum value: 0.119735841743564
Head size ratio mean value: 0.0651945560936184
Error: no error

CLICKTASK: 3row_shelf
Start time: 19.03.2017 12-40-34
End time: 19.03.2017 12-40-52
Image quality minimum value: 0.4251968562603
Image quality mean value: 0.447345396841479
Head movement maximum value: 13
Head movement mean value: 9.24150805323513
Head size ratio maximum value: 0.0831382954935078
Head size ratio mean value: 0.0448074863844017
Error: no error

CLICKTASK: pack
Start time: 19.03.2017 12-40-56
End time: 19.03.2017 12-41-03
Image quality minimum value: 0.448818892240524
Image quality mean value: 0.460629910975695
Head movement maximum value: 11.4017542509914
Head movement mean value: 9.13861653524162
Head size ratio maximum value: 0.0978667580984184
Head size ratio mean value: 0.0830975487346144
Error: no error
