
CALIBRATION: calibration_main
Start time: 20.12.2016 14-50-21
End time: 20.12.2016 14-50-54
Image quality on start: 0.590277910232544
Image quality minimum value: 0
Image quality mean value: 0.684469130867762
Head movement maximum value: 20.6155281280883
Head movement mean value: 8.40723852865696
Head size ratio maximum value: 0.262645307095856
Head size ratio mean value: 0.0867416205145532
Calibration reprojection error mean value: 235.930909898546
Calibration reprojection error outliers count: 1
Error: no error

TEST CALIBRATION: testcalibration_main
Start time: 20.12.2016 14-50-56
End time: 20.12.2016 14-51-13
Image quality minimum value: 0.388888895511627
Image quality mean value: 0.591588985669863
Head movement maximum value: 24.2074368738204
Head movement mean value: 19.7663448262807
Head size ratio maximum value: 0.215447814306584
Head size ratio mean value: 0.132376507359339
Calibration maximum distance: 612.053102271363
Calibration corrected maximum distance: 381.955494789642
Calibration without correction was successful: False
Calibration with correction was successful: True
Error: no error

VIDEOTASK: 1
Start time: 20.12.2016 14-51-22
End time: 20.12.2016 14-51-30
Image quality minimum value: 0
Image quality mean value: 0.663091504260113
Head movement maximum value: 381.379076510498
Head movement mean value: 43.3259745893678
Head size ratio maximum value: 0.286780956186243
Head size ratio mean value: 0.624621555887496
Error: 
Sorry, but we have lost your eyes. This is probably due to excessive head movements. Please try to recalibrate again and give your best to keep your head still.
