

***************
Logging from: TestCalibrationMediaDialog testcalibration_main
Time: Wed Dec 07 11:02:00 2016

H(0,0) = -0.78738
H(0,1) = -0.557391
H(0,2) = 661.632
H(1,0) = -0.317817
H(1,1) = -0.528646
H(1,2) = 517.896
H(2,0) = -0.000595757
H(2,1) = -0.00106166
H(2,2) = 1
---------------



***************
Logging from: TestCalibrationMediaDialog testcalibration_main
Time: Wed Dec 07 11:03:43 2016

H(0,0) = 1.44159
H(0,1) = -4.99997
H(0,2) = 1652.7
H(1,0) = 0.757845
H(1,1) = -2.68252
H(1,2) = 897.911
H(2,0) = 0.000912856
H(2,1) = -0.0030548
H(2,2) = 1
---------------

