
CALIBRATION: calibration_main
Start time: 06.03.2017 18-43-35
End time: 06.03.2017 18-44-13
Image quality on start: 0.708661437034607
Image quality minimum value: 0.661417305469513
Image quality mean value: 0.771686275839569
Head movement maximum value: 18.6010752377383
Head movement mean value: 8.01006495220459
Head size ratio maximum value: 0.115721219617324
Head size ratio mean value: 0.0687740277474597
Calibration reprojection error mean value: 218.691516452365
Calibration reprojection error outliers count: 2
Error: no error

TEST CALIBRATION: testcalibration_main
Start time: 06.03.2017 18-44-30
End time: 06.03.2017 18-44-40
Image quality minimum value: 0.65277773141861
Image quality mean value: 0.779150558145423
Head movement maximum value: 29.0172362570938
Head movement mean value: 10.0138100643718
Head size ratio maximum value: 0.522179119581717
Head size ratio mean value: 0.563581326397457
Calibration maximum distance: 0
Calibration corrected maximum distance: 0
Calibration without correction was successful: False
Calibration with correction was successful: False
Error: 
Sorry, but we have lost your eyes. This is probably due to excessive head movements. Please try to recalibrate again and give your best to keep your head still.

CALIBRATION: calibration_main
Start time: 06.03.2017 18-46-27
End time: 06.03.2017 18-47-03
Image quality on start: 0.74015748500824
Image quality minimum value: 0.685039341449738
Image quality mean value: 0.786040034742639
Head movement maximum value: 34.6554469023269
Head movement mean value: 18.7955868853841
Head size ratio maximum value: 0.199813842773438
Head size ratio mean value: 0.153593459931931
Calibration reprojection error mean value: 107.27792485555
Calibration reprojection error outliers count: 0
Error: no error

TEST CALIBRATION: testcalibration_main
Start time: 06.03.2017 18-47-12
End time: 06.03.2017 18-47-31
Image quality minimum value: 0.755905508995056
Image quality mean value: 0.776902874310811
Head movement maximum value: 24.2074368738204
Head movement mean value: 16.7060749775291
Head size ratio maximum value: 0.031494140625
Head size ratio mean value: 0.254339969519413
Calibration maximum distance: 710.622966136052
Calibration corrected maximum distance: 360.440008878038
Calibration without correction was successful: False
Calibration with correction was successful: False
Error: 
Calibration not accurate enough. 
We need some further fine tuning of the calibration, it doesn't always get right from the first time. Please try again, give your best to keep your head still and focus at the red dot.

CLICKTASK: shoppersmode
Start time: 06.03.2017 18-47-41
End time: 06.03.2017 18-48-04
Image quality minimum value: 1000
Image quality mean value: 0
Head movement maximum value: 0
Head movement mean value: 0
Head size ratio maximum value: 0
Head size ratio mean value: 0
Error: no error

CLICKTASK: shelftask
Start time: 06.03.2017 18-48-10
End time: 06.03.2017 18-48-37
Image quality minimum value: 1000
Image quality mean value: 0
Head movement maximum value: 0
Head movement mean value: 0
Head size ratio maximum value: 0
Head size ratio mean value: 0
Error: no error

VIDEOTASK: 3drot
Start time: 06.03.2017 18-48-45
End time: 06.03.2017 18-48-57
Image quality minimum value: 1000
Image quality mean value: 0
Head movement maximum value: 0
Head movement mean value: 0
Head size ratio maximum value: 0
Head size ratio mean value: 0
Error: no error
