

***************
Logging from: TestCalibrationMediaDialog testcalibration_main
Time: Sat Dec 03 12:36:57 2016

H(0,0) = -0.446052
H(0,1) = -2.65107
H(0,2) = 1086.4
H(1,0) = -0.228484
H(1,1) = -0.883372
H(1,2) = 420.225
H(2,0) = -0.000571249
H(2,1) = -0.0021064
H(2,2) = 1
---------------



***************
Logging from: TestCalibrationMediaDialog cal2
Time: Sat Dec 03 12:39:55 2016

H(0,0) = -0.501163
H(0,1) = -1.43746
H(0,2) = 857.143
H(1,0) = -0.124035
H(1,1) = -0.656427
H(1,2) = 326.837
H(2,0) = -0.000447881
H(2,1) = -0.00188632
H(2,2) = 1
---------------

