
CALIBRATION: calibration_main
Start time: 03.12.2016 12-36-02
End time: 03.12.2016 12-36-37
Image quality on start: 0.555555582046509
Image quality minimum value: 0.416666656732559
Image quality mean value: 0.536735166282189
Head movement maximum value: 12.6491106406735
Head movement mean value: 7.10466959784767
Head size ratio maximum value: 0.145247419010324
Head size ratio mean value: 0.0859595222865722
Calibration reprojection error mean value: 230.777300092909
Calibration reprojection error outliers count: 4
Error: no error

TEST CALIBRATION: testcalibration_main
Start time: 03.12.2016 12-36-41
End time: 03.12.2016 12-36-58
Image quality minimum value: 0.527777850627899
Image quality mean value: 0.601422313097361
Head movement maximum value: 19.4164878389476
Head movement mean value: 15.5295168975694
Head size ratio maximum value: 0.185465369249634
Head size ratio mean value: 0.175402262354915
Calibration maximum distance: 594.242374793316
Calibration corrected maximum distance: 214.021027004358
Calibration without correction was successful: False
Calibration with correction was successful: True
Error: no error

CLICKTASK: t1
Start time: 03.12.2016 12-37-09
End time: 03.12.2016 12-38-11
Image quality minimum value: 0.50000011920929
Image quality mean value: 0.626489175920046
Head movement maximum value: 43.1856457633784
Head movement mean value: 31.9501224764866
Head size ratio maximum value: 0.246707013171947
Head size ratio mean value: 0.158916615525324
Error: no error

SURVEYTASK: Survey
Start time: 03.12.2016 12-38-16
End time: 03.12.2016 12-39-28
Error: no error

TEST CALIBRATION: cal2
Start time: 03.12.2016 12-39-39
End time: 03.12.2016 12-39-55
Image quality minimum value: 0.520833313465118
Image quality mean value: 0.581940349433329
Head movement maximum value: 44.9444101084885
Head movement mean value: 40.4603172115144
Head size ratio maximum value: 0.185465369249634
Head size ratio mean value: 0.135209723230371
Calibration maximum distance: 630.613193645677
Calibration corrected maximum distance: 261.275716437636
Calibration without correction was successful: False
Calibration with correction was successful: True
Error: no error

CLICKTASK: t2
Start time: 03.12.2016 12-39-58
End time: 03.12.2016 12-40-59
Image quality minimum value: 0.458333283662796
Image quality mean value: 0.597561239575346
Head movement maximum value: 49.0102030193714
Head movement mean value: 41.2281951798794
Head size ratio maximum value: 0.213599145603418
Head size ratio mean value: 0.124413008045974
Error: no error

CLICKTASK: t3
Start time: 03.12.2016 12-41-03
End time: 03.12.2016 12-42-19
Image quality minimum value: 0.458333283662796
Image quality mean value: 0.632706656050281
Head movement maximum value: 51.0881590977792
Head movement mean value: 37.9843684116304
Head size ratio maximum value: 0.279102883588466
Head size ratio mean value: 0.176905503706961
Error: no error

CLICKTASK: t4
Start time: 03.12.2016 12-42-23
End time: 03.12.2016 12-43-29
Image quality minimum value: 0.559055089950562
Image quality mean value: 0.618256387827702
Head movement maximum value: 56.0357029044876
Head movement mean value: 45.5879213348398
Head size ratio maximum value: 0.331513785055971
Head size ratio mean value: 0.248029000312242
Error: no error
