
CALIBRATION: calibration_main
Start time: 25.02.2017 16-47-33
End time: 25.02.2017 16-47-50
Image quality on start: 0.669291317462921
Image quality minimum value: 0
Image quality mean value: 0.455010199546814
Head movement maximum value: 444.181269303423
Head movement mean value: 19.4619249740361
Head size ratio maximum value: 0.179201946127231
Head size ratio mean value: 0.245054971008845
Calibration reprojection error mean value: 999999
Calibration reprojection error outliers count: 999999
Error: 
Sorry, but we have lost your eyes. This is probably due to excessive head movements. Please try to recalibrate again and give your best to keep your head still.

CALIBRATION: calibration_main
Start time: 25.02.2017 16-48-16
End time: 25.02.2017 16-48-29
Image quality on start: 0.724409461021423
Image quality minimum value: 1000
Image quality mean value: 0
Head movement maximum value: 0
Head movement mean value: 0
Head size ratio maximum value: 0
Head size ratio mean value: 0
Calibration reprojection error mean value: 999999
Calibration reprojection error outliers count: 999999
Error: 
Initialization Error!
Please contact us on support@eyesee.be and inform us about this error.

CALIBRATION: calibration_main
Start time: 25.02.2017 16-48-49
End time: 25.02.2017 16-48-56
Image quality on start: 0.669291317462921
Image quality minimum value: 1000
Image quality mean value: 0
Head movement maximum value: 0
Head movement mean value: 0
Head size ratio maximum value: 0
Head size ratio mean value: 0
Calibration reprojection error mean value: 999999
Calibration reprojection error outliers count: 999999
Error: 
Initialization Error!
Please contact us on support@eyesee.be and inform us about this error.

CALIBRATION: calibration_main
Start time: 25.02.2017 16-49-13
End time: 25.02.2017 16-49-21
Image quality on start: 0.645669281482697
Image quality minimum value: 1000
Image quality mean value: 0
Head movement maximum value: 0
Head movement mean value: 0
Head size ratio maximum value: 0
Head size ratio mean value: 0
Calibration reprojection error mean value: 999999
Calibration reprojection error outliers count: 999999
Error: 
Initialization Error!
Please contact us on support@eyesee.be and inform us about this error.

CALIBRATION: calibration_main
Start time: 25.02.2017 16-49-38
End time: 25.02.2017 16-49-46
Image quality on start: 0.685039341449738
Image quality minimum value: 1000
Image quality mean value: 0
Head movement maximum value: 0
Head movement mean value: 0
Head size ratio maximum value: 0
Head size ratio mean value: 0
Calibration reprojection error mean value: 999999
Calibration reprojection error outliers count: 999999
Error: 
Initialization Error!
Please contact us on support@eyesee.be and inform us about this error.

CALIBRATION: calibration_main
Start time: 25.02.2017 16-50-16
End time: 25.02.2017 16-50-25
Image quality on start: 0.614173233509064
Image quality minimum value: 1000
Image quality mean value: 0
Head movement maximum value: 0
Head movement mean value: 0
Head size ratio maximum value: 0
Head size ratio mean value: 0
Calibration reprojection error mean value: 999999
Calibration reprojection error outliers count: 999999
Error: 
Initialization Error!
Please contact us on support@eyesee.be and inform us about this error.

CALIBRATION: calibration_main
Start time: 25.02.2017 16-50-45
End time: 25.02.2017 16-53-14
Image quality on start: 0.622047245502472
Image quality minimum value: 1000
Image quality mean value: 0
Head movement maximum value: 0
Head movement mean value: 0
Head size ratio maximum value: 0
Head size ratio mean value: 0
Calibration reprojection error mean value: 999999
Calibration reprojection error outliers count: 999999
Error: 
Initialization Error!
Please contact us on support@eyesee.be and inform us about this error.

CALIBRATION: calibration_main
Start time: 25.02.2017 16-56-03
End time: 25.02.2017 16-56-22
Image quality on start: 0.574803173542023
Image quality minimum value: 1000
Image quality mean value: 0
Head movement maximum value: 0
Head movement mean value: 0
Head size ratio maximum value: 0
Head size ratio mean value: 0
Calibration reprojection error mean value: 999999
Calibration reprojection error outliers count: 999999
Error: 
Initialization Error!
Please contact us on support@eyesee.be and inform us about this error.

CALIBRATION: calibration_main
Start time: 25.02.2017 16-56-34
End time: 25.02.2017 16-56-44
Image quality on start: 0.677165329456329
Image quality minimum value: 1000
Image quality mean value: 0
Head movement maximum value: 0
Head movement mean value: 0
Head size ratio maximum value: 0
Head size ratio mean value: 0
Calibration reprojection error mean value: 999999
Calibration reprojection error outliers count: 999999
Error: 
Initialization Error!
Please contact us on support@eyesee.be and inform us about this error.

CALIBRATION: calibration_main
Start time: 25.02.2017 16-57-01
End time: 25.02.2017 16-57-37
Image quality on start: 0.685039341449738
Image quality minimum value: 0.582677185535431
Image quality mean value: 0.636846170627645
Head movement maximum value: 20.8086520466848
Head movement mean value: 11.4293662053332
Head size ratio maximum value: 0.314098750743605
Head size ratio mean value: 0.100717239478579
Calibration reprojection error mean value: 216.493926154243
Calibration reprojection error outliers count: 2
Error: no error

TEST CALIBRATION: testcalibration_main
Start time: 25.02.2017 16-57-43
End time: 25.02.2017 16-58-05
Image quality minimum value: 0.62992125749588
Image quality mean value: 0.675782455552009
Head movement maximum value: 24.7588368062799
Head movement mean value: 19.0672017118378
Head size ratio maximum value: 0.222552713332011
Head size ratio mean value: 0.162619453583293
Calibration maximum distance: 1297.36694886219
Calibration corrected maximum distance: 618.589524644574
Calibration without correction was successful: False
Calibration with correction was successful: False
Error: 
Calibration not accurate enough. 
We need some further fine tuning of the calibration, it doesn't always get right from the first time. Please try again, give your best to keep your head still and focus at the red dot.

CLICKTASK: shoppersmode
Start time: 25.02.2017 16-58-22
End time: 25.02.2017 16-58-28
Image quality minimum value: 0
Image quality mean value: 0.222222215599484
Head movement maximum value: 413.043581235685
Head movement mean value: 45.8937312484095
Head size ratio maximum value: 0
Head size ratio mean value: 1
Error: 
Sorry, but we have lost your eyes. This is probably due to excessive head movements. Please try to recalibrate again and give your best to keep your head still.

CALIBRATION: calibration_main
Start time: 25.02.2017 16-58-44
End time: 25.02.2017 16-59-05
Image quality on start: 0.653543293476105
Image quality minimum value: 1000
Image quality mean value: 0
Head movement maximum value: 0
Head movement mean value: 0
Head size ratio maximum value: 0
Head size ratio mean value: 0
Calibration reprojection error mean value: 999999
Calibration reprojection error outliers count: 999999
Error: 
Initialization Error!
Please contact us on support@eyesee.be and inform us about this error.

CALIBRATION: calibration_main
Start time: 25.02.2017 16-59-31
End time: 25.02.2017 16-59-38
Image quality on start: 0.661417305469513
Image quality minimum value: 1000
Image quality mean value: 0
Head movement maximum value: 0
Head movement mean value: 0
Head size ratio maximum value: 0
Head size ratio mean value: 0
Calibration reprojection error mean value: 999999
Calibration reprojection error outliers count: 999999
Error: 
Initialization Error!
Please contact us on support@eyesee.be and inform us about this error.

CALIBRATION: calibration_main
Start time: 25.02.2017 17-00-02
End time: 25.02.2017 17-00-09
Image quality on start: 0.708661437034607
Image quality minimum value: 1000
Image quality mean value: 0
Head movement maximum value: 0
Head movement mean value: 0
Head size ratio maximum value: 0
Head size ratio mean value: 0
Calibration reprojection error mean value: 999999
Calibration reprojection error outliers count: 999999
Error: 
Initialization Error!
Please contact us on support@eyesee.be and inform us about this error.

CALIBRATION: calibration_main
Start time: 25.02.2017 17-00-24
End time: 25.02.2017 17-00-31
Image quality on start: 0.724409461021423
Image quality minimum value: 1000
Image quality mean value: 0
Head movement maximum value: 0
Head movement mean value: 0
Head size ratio maximum value: 0
Head size ratio mean value: 0
Calibration reprojection error mean value: 999999
Calibration reprojection error outliers count: 999999
Error: 
Initialization Error!
Please contact us on support@eyesee.be and inform us about this error.

CALIBRATION: calibration_main
Start time: 25.02.2017 17-00-56
End time: 25.02.2017 17-01-12
Image quality on start: 0.771653532981873
Image quality minimum value: 1000
Image quality mean value: 0
Head movement maximum value: 0
Head movement mean value: 0
Head size ratio maximum value: 0
Head size ratio mean value: 0
Calibration reprojection error mean value: 999999
Calibration reprojection error outliers count: 999999
Error: 
Initialization Error!
Please contact us on support@eyesee.be and inform us about this error.

CALIBRATION: calibration_main
Start time: 25.02.2017 17-02-02
End time: 25.02.2017 17-02-38
Image quality on start: 0.637795269489288
Image quality minimum value: 0.582677185535431
Image quality mean value: 0.625515973252872
Head movement maximum value: 18.6010752377383
Head movement mean value: 9.91082333253565
Head size ratio maximum value: 0.189301878603757
Head size ratio mean value: 0.0533794779043301
Calibration reprojection error mean value: 255.173145718045
Calibration reprojection error outliers count: 4
Error: no error

TEST CALIBRATION: testcalibration_main
Start time: 25.02.2017 17-02-41
End time: 25.02.2017 17-02-57
Image quality minimum value: 1000
Image quality mean value: 0
Head movement maximum value: 0
Head movement mean value: 0
Head size ratio maximum value: 0
Head size ratio mean value: 0
Calibration maximum distance: 0
Calibration corrected maximum distance: 0
Calibration without correction was successful: False
Calibration with correction was successful: False
Error: no error

CLICKTASK: shoppersmode
Start time: 25.02.2017 17-03-02
End time: 25.02.2017 17-03-21
Image quality minimum value: 1000
Image quality mean value: 0
Head movement maximum value: 0
Head movement mean value: 0
Head size ratio maximum value: 0
Head size ratio mean value: 0
Error: no error

CLICKTASK: shelftask
Start time: 25.02.2017 17-03-28
End time: 25.02.2017 17-03-45
Image quality minimum value: 1000
Image quality mean value: 0
Head movement maximum value: 0
Head movement mean value: 0
Head size ratio maximum value: 0
Head size ratio mean value: 0
Error: no error

VIDEOTASK: 3drot
Start time: 25.02.2017 17-03-55
End time: 25.02.2017 17-04-09
Image quality minimum value: 1000
Image quality mean value: 0
Head movement maximum value: 0
Head movement mean value: 0
Head size ratio maximum value: 0
Head size ratio mean value: 0
Error: no error
