
CALIBRATION: calibration_main
Start time: 07.12.2016 13-21-35
End time: 07.12.2016 13-22-07
Image quality on start: 0.921259820461273
Image quality minimum value: 0.784722208976746
Image quality mean value: 0.834952385624738
Head movement maximum value: 5.8309518948453
Head movement mean value: 3.0991042994196
Head size ratio maximum value: 0.0563271604938271
Head size ratio mean value: 0.0362812307256753
Calibration reprojection error mean value: 137.74381213718
Calibration reprojection error outliers count: 0
Error: no error

TEST CALIBRATION: testcalibration_main
Start time: 07.12.2016 13-22-09
End time: 07.12.2016 13-22-25
Image quality minimum value: 0.777777791023254
Image quality mean value: 0.820510460357917
Head movement maximum value: 7.21110255092798
Head movement mean value: 4.5781982758247
Head size ratio maximum value: 0.0373799725651578
Head size ratio mean value: 0.0496624792433761
Calibration maximum distance: 371.389283636456
Calibration corrected maximum distance: 177.63445611705
Calibration without correction was successful: False
Calibration with correction was successful: True
Error: no error

CLICKTASK: c1
Start time: 07.12.2016 13-22-27
End time: 07.12.2016 13-22-38
Image quality minimum value: 0.750000059604645
Image quality mean value: 0.800941146518055
Head movement maximum value: 8.06225774829855
Head movement mean value: 6.26288609297577
Head size ratio maximum value: 0.0637645747599451
Head size ratio mean value: 0.0816034266478955
Error: no error

CLICKTASK: c2
Start time: 07.12.2016 13-22-41
End time: 07.12.2016 13-22-54
Image quality minimum value: 0.750000059604645
Image quality mean value: 0.799856577554475
Head movement maximum value: 9.4339811320566
Head movement mean value: 7.62845146100072
Head size ratio maximum value: 0.0727023319615913
Head size ratio mean value: 0.0677001792956401
Error: no error

CLICKTASK: c3
Start time: 07.12.2016 13-22-56
End time: 07.12.2016 13-23-12
Image quality minimum value: 0.743055641651154
Image quality mean value: 0.782898436592083
Head movement maximum value: 12.0415945787923
Head movement mean value: 9.64709297240554
Head size ratio maximum value: 0.0815972222222222
Head size ratio mean value: 0.0688527507586151
Error: no error

CLICKTASK: c4
Start time: 07.12.2016 13-23-15
End time: 07.12.2016 13-23-30
Image quality minimum value: 0.770833373069763
Image quality mean value: 0.824028452922558
Head movement maximum value: 9.89949493661167
Head movement mean value: 7.55889341690275
Head size ratio maximum value: 0.0727023319615913
Head size ratio mean value: 0.0432747048727253
Error: no error
