

***************
Logging from: TestCalibrationMediaDialog testcalibration_main
Time: Sat Jan 17 19:07:53 2015

H(0,0) = 0.681247
H(0,1) = -0.916684
H(0,2) = 270.462
H(1,0) = 0.00774142
H(1,1) = 0.227347
H(1,2) = 55.587
H(2,0) = 9.3718e-006
H(2,1) = -0.00110832
H(2,2) = 1
---------------



***************
Logging from: VideoMediaDialog v - start
Time: Sat Jan 17 19:08:00 2015

H(0,0) = 0.681247
H(0,1) = -0.916684
H(0,2) = 270.462
H(1,0) = 0.00774142
H(1,1) = 0.227347
H(1,2) = 55.587
H(2,0) = 9.3718e-006
H(2,1) = -0.00110832
H(2,2) = 1
---------------



***************
Logging from: VideoMediaDialog v - stop
Time: Sat Jan 17 19:09:46 2015

H(0,0) = 0.681247
H(0,1) = -0.916684
H(0,2) = 270.462
H(1,0) = 0.00774142
H(1,1) = 0.227347
H(1,2) = 55.587
H(2,0) = 9.3718e-006
H(2,1) = -0.00110832
H(2,2) = 1
---------------

