
CALIBRATION: calibration_main
Start time: 04.03.2017 16-44-50
End time: 04.03.2017 16-45-28
Image quality on start: 0.836419761180878
Image quality minimum value: 0.806249976158142
Image quality mean value: 0.824160034375516
Head movement maximum value: 4.24264068711928
Head movement mean value: 2.31714045594599
Head size ratio maximum value: 0.115721219617324
Head size ratio mean value: 0.0725144894621822
Calibration reprojection error mean value: 104.34914610121
Calibration reprojection error outliers count: 1
Error: no error

TEST CALIBRATION: testcalibration_main
Start time: 04.03.2017 16-45-32
End time: 04.03.2017 16-45-49
Image quality minimum value: 0.790123462677002
Image quality mean value: 0.803317733975344
Head movement maximum value: 9.8488578017961
Head movement mean value: 6.27585664957059
Head size ratio maximum value: 0.0704634470868237
Head size ratio mean value: 0.0790765662405652
Calibration maximum distance: 360.456654814417
Calibration corrected maximum distance: 145.773797371133
Calibration without correction was successful: False
Calibration with correction was successful: True
Error: no error

CLICKTASK: shoppersmode
Start time: 04.03.2017 16-45-58
End time: 04.03.2017 16-46-34
Image quality minimum value: 0.528662443161011
Image quality mean value: 0.694856449153936
Head movement maximum value: 61.3269924258479
Head movement mean value: 34.2298714219718
Head size ratio maximum value: 0.190082644628099
Head size ratio mean value: 0.108761885846483
Error: no error

CLICKTASK: shelftask
Start time: 04.03.2017 16-46-41
End time: 04.03.2017 16-46-52
Image quality minimum value: 0.692073166370392
Image quality mean value: 0.759687503471094
Head movement maximum value: 35.6931365951495
Head movement mean value: 24.5248541230318
Head size ratio maximum value: 0.209047806450404
Head size ratio mean value: 0.121501493159247
Error: no error

VIDEOTASK: 3drot
Start time: 04.03.2017 16-47-01
End time: 04.03.2017 16-47-12
Image quality minimum value: 0.731481492519379
Image quality mean value: 0.747138801962137
Head movement maximum value: 27.6586333718787
Head movement mean value: 23.9129095085544
Head size ratio maximum value: 0.106594703997301
Head size ratio mean value: 0.159164406120575
Error: no error
