

***************
Logging from: TestCalibrationMediaDialog testcalibration_main
Time: Mon Jan 19 02:49:10 2015

H(0,0) = 1.29669
H(0,1) = 0.0406008
H(0,2) = -277.158
H(1,0) = -0.0931839
H(1,1) = 1.10646
H(1,2) = -27.0148
H(2,0) = -8.85459e-005
H(2,1) = -0.000170963
H(2,2) = 1
---------------



***************
Logging from: VideoMediaDialog v - start
Time: Mon Jan 19 02:49:32 2015

H(0,0) = 1.29669
H(0,1) = 0.0406008
H(0,2) = -277.158
H(1,0) = -0.0931839
H(1,1) = 1.10646
H(1,2) = -27.0148
H(2,0) = -8.85459e-005
H(2,1) = -0.000170963
H(2,2) = 1
---------------

