

***************
Logging from: TestCalibrationMediaDialog testcalibration_main
Time: Mon Mar 06 13:37:56 2017

H(0,0) = 0.821764
H(0,1) = -0.698166
H(0,2) = 376.947
H(1,0) = 0.145984
H(1,1) = 2.28655
H(1,2) = -613.872
H(2,0) = -1.68314e-005
H(2,1) = -0.000728296
H(2,2) = 1
---------------



***************
Logging from: TestCalibrationMediaDialog testcalibration_main_shelftask
Time: Mon Mar 06 13:40:22 2017

H(0,0) = 2.88129
H(0,1) = 1.88403
H(0,2) = -2004.26
H(1,0) = -0.121708
H(1,1) = 2.29485
H(1,2) = -124.786
H(2,0) = 5.63861e-005
H(2,1) = 0.00118506
H(2,2) = 1
---------------

