

***************
Logging from: TestCalibrationMediaDialog testcalibration_main
Time: Sat Mar 04 21:54:21 2017

H(0,0) = 0.131075
H(0,1) = -6.79747
H(0,2) = 2413.77
H(1,0) = 0.0350188
H(1,1) = -2.72615
H(1,2) = 830.56
H(2,0) = 0.00081089
H(2,1) = -0.0050156
H(2,2) = 1
---------------



***************
Logging from: TestCalibrationMediaDialog testcalibration_main_shelftask
Time: Sat Mar 04 21:56:56 2017

H(0,0) = -0.0650665
H(0,1) = -0.57829
H(0,2) = 339.199
H(1,0) = -0.203064
H(1,1) = -0.482058
H(1,2) = 431.24
H(2,0) = -0.000458996
H(2,1) = -0.00116006
H(2,2) = 1
---------------

