

***************
Logging from: TestCalibrationMediaDialog testcalibration_main
Time: Sun Mar 05 08:07:12 2017

H(0,0) = -12.4752
H(0,1) = -9.31183
H(0,2) = 8018.53
H(1,0) = -4.8843
H(1,1) = -12.0498
H(1,2) = 6582.57
H(2,0) = -0.00508653
H(2,1) = -0.00696979
H(2,2) = 1
---------------



***************
Logging from: TestCalibrationMediaDialog testcalibration_main
Time: Sun Mar 05 08:08:36 2017

H(0,0) = -38.976
H(0,1) = -77.5553
H(0,2) = 27197.8
H(1,0) = -7.52467
H(1,1) = -78.7278
H(1,2) = 16853.7
H(2,0) = -0.0114047
H(2,1) = -0.0681977
H(2,2) = 1
---------------

