
CALIBRATION: calibration_main
Start time: 05.03.2017 08-06-15
End time: 05.03.2017 08-06-51
Image quality on start: 0.543307065963745
Image quality minimum value: 0.519685029983521
Image quality mean value: 0.537896015067801
Head movement maximum value: 5
Head movement mean value: 2.43716028424141
Head size ratio maximum value: 0.0451411033163265
Head size ratio mean value: 0.0376128161572687
Calibration reprojection error mean value: 119.989615970188
Calibration reprojection error outliers count: 0
Error: no error

TEST CALIBRATION: testcalibration_main
Start time: 05.03.2017 08-06-56
End time: 05.03.2017 08-07-12
Image quality minimum value: 0.543307065963745
Image quality mean value: 0.579248178870447
Head movement maximum value: 6.40312423743285
Head movement mean value: 4.65486209659125
Head size ratio maximum value: 0.0615234375
Head size ratio mean value: 0.0768938497778145
Calibration maximum distance: 363.038565444499
Calibration corrected maximum distance: 230.412673262562
Calibration without correction was successful: False
Calibration with correction was successful: True
Error: no error

CLICKTASK: shoppersmode
Start time: 05.03.2017 08-07-20
End time: 05.03.2017 08-07-32
Image quality minimum value: 0.421052634716034
Image quality mean value: 0.591792127134603
Head movement maximum value: 110.390216957845
Head movement mean value: 21.6992149042244
Head size ratio maximum value: 0.285794005102041
Head size ratio mean value: 0.11394716286744
Error: 
Sorry, but we have lost your eyes. This is probably due to excessive head movements. Please try to recalibrate again and give your best to keep your head still.

CALIBRATION: calibration_main
Start time: 05.03.2017 08-07-43
End time: 05.03.2017 08-08-18
Image quality on start: 0.622047245502472
Image quality minimum value: 0.598425209522247
Image quality mean value: 0.617825747230948
Head movement maximum value: 7.61577310586391
Head movement mean value: 5.28712778916038
Head size ratio maximum value: 0.0938473192492215
Head size ratio mean value: 0.0595050097617219
Calibration reprojection error mean value: 172.433496263292
Calibration reprojection error outliers count: 0
Error: no error

TEST CALIBRATION: testcalibration_main
Start time: 05.03.2017 08-08-20
End time: 05.03.2017 08-08-36
Image quality minimum value: 0.606299221515656
Image quality mean value: 0.615965691523823
Head movement maximum value: 9.4339811320566
Head movement mean value: 7.09049047672523
Head size ratio maximum value: 0.0747411834020706
Head size ratio mean value: 0.117656769741673
Calibration maximum distance: 260.509116922998
Calibration corrected maximum distance: 262.154534578367
Calibration without correction was successful: True
Calibration with correction was successful: True
Error: no error

CLICKTASK: shoppersmode
Start time: 05.03.2017 08-08-38
End time: 05.03.2017 08-09-00
Image quality minimum value: 0.598425209522247
Image quality mean value: 0.623312147027517
Head movement maximum value: 17.0880074906351
Head movement mean value: 10.9043850516902
Head size ratio maximum value: 0.113121791095026
Head size ratio mean value: 0.065400732633421
Error: no error

CLICKTASK: shelftask
Start time: 05.03.2017 08-09-06
End time: 05.03.2017 08-09-12
Image quality minimum value: 0.606299221515656
Image quality mean value: 0.621924214065075
Head movement maximum value: 13.9283882771841
Head movement mean value: 10.1037285271935
Head size ratio maximum value: 0.06525124147799
Head size ratio mean value: 0.171827984281626
Error: no error

VIDEOTASK: 3drot
Start time: 05.03.2017 08-09-17
End time: 05.03.2017 08-09-31
Image quality minimum value: 0.606299221515656
Image quality mean value: 0.621963479417436
Head movement maximum value: 16.5529453572468
Head movement mean value: 14.3115099911567
Head size ratio maximum value: 0.0277123137783015
Head size ratio mean value: 0.0659308533023404
Error: no error
