

***************
Logging from: TestCalibrationMediaDialog testcalibration_main
Time: Wed Mar 15 15:08:47 2017

H(0,0) = -0.235837
H(0,1) = -3.27507
H(0,2) = 1183.88
H(1,0) = -0.0846937
H(1,1) = -1.25661
H(1,2) = 453.842
H(2,0) = -0.000185838
H(2,1) = -0.00277499
H(2,2) = 1
---------------



***************
Logging from: TestCalibrationMediaDialog testcalibration_main
Time: Wed Mar 15 15:10:46 2017

H(0,0) = -2.38071
H(0,1) = 0.0982397
H(0,2) = -405.385
H(1,0) = -0.203416
H(1,1) = -10.6742
H(1,2) = 4148.87
H(2,0) = -0.000313495
H(2,1) = -0.00678911
H(2,2) = 1
---------------

