
CALIBRATION: calibration_main
Start time: 15.03.2017 15-07-39
End time: 15.03.2017 15-08-16
Image quality on start: 0.543307065963745
Image quality minimum value: 0.511811017990112
Image quality mean value: 0.534910607676935
Head movement maximum value: 6.32455532033676
Head movement mean value: 3.67877118289176
Head size ratio maximum value: 0.0514933837429111
Head size ratio mean value: 0.0726060975281986
Calibration reprojection error mean value: 132.748066372342
Calibration reprojection error outliers count: 0
Error: no error

TEST CALIBRATION: testcalibration_main
Start time: 15.03.2017 15-08-28
End time: 15.03.2017 15-08-57
Image quality minimum value: 0.503937005996704
Image quality mean value: 0.559397464213164
Head movement maximum value: 4.12310562561766
Head movement mean value: 2.45416838055762
Head size ratio maximum value: 0.0683553875236295
Head size ratio mean value: 0.161426810224378
Calibration maximum distance: 492.603288661373
Calibration corrected maximum distance: 370.086476380859
Calibration without correction was successful: False
Calibration with correction was successful: False
Error: 
Calibration not accurate enough. 
We need some further fine tuning of the calibration, it doesn't always get right from the first time. Please try again, give your best to keep your head still and focus at the red dot.

CALIBRATION: calibration_main
Start time: 15.03.2017 15-09-46
End time: 15.03.2017 15-10-22
Image quality on start: 0.669291317462921
Image quality minimum value: 0.574803173542023
Image quality mean value: 0.60906970721704
Head movement maximum value: 8.60232526704263
Head movement mean value: 5.00658474756635
Head size ratio maximum value: 0.053801652892562
Head size ratio mean value: 0.0602370293847563
Calibration reprojection error mean value: 121.208926094903
Calibration reprojection error outliers count: 0
Error: no error

TEST CALIBRATION: testcalibration_main
Start time: 15.03.2017 15-10-29
End time: 15.03.2017 15-10-46
Image quality minimum value: 0.566929161548615
Image quality mean value: 0.588638937473297
Head movement maximum value: 6.40312423743285
Head movement mean value: 3.36540634704619
Head size ratio maximum value: 0.0552892561983471
Head size ratio mean value: 0.127533057851239
Calibration maximum distance: 322.81573691504
Calibration corrected maximum distance: 207.761882933323
Calibration without correction was successful: True
Calibration with correction was successful: True
Error: no error

CLICKTASK: filler
Start time: 15.03.2017 15-11-05
End time: 15.03.2017 15-11-23
Image quality minimum value: 0.622047245502472
Image quality mean value: 0.659106454123621
Head movement maximum value: 10.4403065089106
Head movement mean value: 7.85328616549291
Head size ratio maximum value: 0.0270867768595041
Head size ratio mean value: 0.0901015091627739
Error: no error

CLICKTASK: full_shelf
Start time: 15.03.2017 15-11-30
End time: 15.03.2017 15-11-43
Image quality minimum value: 0.637795269489288
Image quality mean value: 0.649258904597338
Head movement maximum value: 11.1803398874989
Head movement mean value: 8.26148359358516
Head size ratio maximum value: 0.0360330578512397
Head size ratio mean value: 0.109199684005834
Error: no error

CLICKTASK: 3row_shelf
Start time: 15.03.2017 15-11-49
End time: 15.03.2017 15-12-05
Image quality minimum value: 0.637795269489288
Image quality mean value: 0.66985374831018
Head movement maximum value: 18.0277563773199
Head movement mean value: 13.2058587074024
Head size ratio maximum value: 0.0360330578512397
Head size ratio mean value: 0.116074872097599
Error: no error

CLICKTASK: pack
Start time: 15.03.2017 15-12-14
End time: 15.03.2017 15-12-21
Image quality minimum value: 0.653543293476105
Image quality mean value: 0.660186991095543
Head movement maximum value: 15.0332963783729
Head movement mean value: 12.1958240945932
Head size ratio maximum value: 0.053801652892562
Head size ratio mean value: 0.148584710743802
Error: no error
