

***************
Logging from: TestCalibrationMediaDialog testcalibration_main
Time: Wed Apr 12 10:33:17 2017

H(0,0) = 0.192482
H(0,1) = -0.364788
H(0,2) = 469.456
H(1,0) = -0.229419
H(1,1) = 0.422821
H(1,2) = 224.514
H(2,0) = -0.000506255
H(2,1) = -0.000115471
H(2,2) = 1
---------------



***************
Logging from: TestCalibrationMediaDialog testcalibration_main
Time: Wed Apr 12 10:34:25 2017

H(0,0) = 2.49901
H(0,1) = -1.99616
H(0,2) = -343.045
H(1,0) = 0.315746
H(1,1) = 0.635552
H(1,2) = -176.701
H(2,0) = 0.000784094
H(2,1) = -0.0015544
H(2,2) = 1
---------------

