

***************
Logging from: TestCalibrationMediaDialog testcalibration_main
Time: Mon Mar 06 22:17:32 2017

H(0,0) = -0.470766
H(0,1) = 0.185292
H(0,2) = 224.339
H(1,0) = -0.228741
H(1,1) = 0.950985
H(1,2) = -304.125
H(2,0) = -0.000920078
H(2,1) = -0.00053551
H(2,2) = 1
---------------



***************
Logging from: TestCalibrationMediaDialog testcalibration_main
Time: Mon Mar 06 22:19:32 2017

H(0,0) = 1.50974
H(0,1) = 0.405998
H(0,2) = -258.337
H(1,0) = -0.635855
H(1,1) = 2.92815
H(1,2) = -410.961
H(2,0) = -0.00128076
H(2,1) = 0.00270878
H(2,2) = 1
---------------

