
CALIBRATION: calibration_main
Start time: 06.03.2017 22-16-21
End time: 06.03.2017 22-17-05
Image quality on start: 0.811023592948914
Image quality minimum value: 0.717791438102722
Image quality mean value: 0.808723973686045
Head movement maximum value: 41.2310562561766
Head movement mean value: 25.4058304515793
Head size ratio maximum value: 0.221032962349817
Head size ratio mean value: 0.149582252394952
Calibration reprojection error mean value: 124.221467759874
Calibration reprojection error outliers count: 0
Error: no error

TEST CALIBRATION: testcalibration_main
Start time: 06.03.2017 22-17-14
End time: 06.03.2017 22-17-37
Image quality minimum value: 0.750000059604645
Image quality mean value: 0.841823426239631
Head movement maximum value: 16.7630546142402
Head movement mean value: 11.5395546626967
Head size ratio maximum value: 0.0793325574915177
Head size ratio mean value: 0.157559202933415
Calibration maximum distance: 474.605099003371
Calibration corrected maximum distance: 390.294760405517
Calibration without correction was successful: False
Calibration with correction was successful: False
Error: 
Calibration not accurate enough. 
We need some further fine tuning of the calibration, it doesn't always get right from the first time. Please try again, give your best to keep your head still and focus at the red dot.

CALIBRATION: calibration_main
Start time: 06.03.2017 22-17-55
End time: 06.03.2017 22-18-10
Image quality on start: 0.837837815284729
Image quality minimum value: 0.708661437034607
Image quality mean value: 0.741688543558121
Head movement maximum value: 34.132096331752
Head movement mean value: 24.6358870969742
Head size ratio maximum value: 0.350330075445816
Head size ratio mean value: 0.469788987482854
Calibration reprojection error mean value: 999999
Calibration reprojection error outliers count: 999999
Error: 
Sorry, but we have lost your eyes. This is probably due to excessive head movements. Please try to recalibrate again and give your best to keep your head still.

CALIBRATION: calibration_main
Start time: 06.03.2017 22-18-35
End time: 06.03.2017 22-19-11
Image quality on start: 0.732283473014832
Image quality minimum value: 0.645669281482697
Image quality mean value: 0.73741956002216
Head movement maximum value: 17.0293863659264
Head movement mean value: 9.0246536913151
Head size ratio maximum value: 0.15429273956697
Head size ratio mean value: 0.0639164078207469
Calibration reprojection error mean value: 52.7732815212674
Calibration reprojection error outliers count: 0
Error: no error

TEST CALIBRATION: testcalibration_main
Start time: 06.03.2017 22-19-15
End time: 06.03.2017 22-19-32
Image quality minimum value: 0.700787425041199
Image quality mean value: 0.716998626204098
Head movement maximum value: 22.3606797749979
Head movement mean value: 14.2535824676523
Head size ratio maximum value: 0.0888429752066116
Head size ratio mean value: 0.107705912772868
Calibration maximum distance: 413.717294779902
Calibration corrected maximum distance: 132.909743811355
Calibration without correction was successful: False
Calibration with correction was successful: True
Error: no error

CLICKTASK: shoppersmode
Start time: 06.03.2017 22-19-50
End time: 06.03.2017 22-19-59
Image quality minimum value: 0
Image quality mean value: 0.558412360901735
Head movement maximum value: 103.077640640442
Head movement mean value: 26.0631188341599
Head size ratio maximum value: 0.254132231404959
Head size ratio mean value: 0.205188044755502
Error: 
Sorry, but we have lost your eyes. This is probably due to excessive head movements. Please try to recalibrate again and give your best to keep your head still.

CALIBRATION: calibration_main
Start time: 06.03.2017 22-20-17
End time: 06.03.2017 22-20-54
Image quality on start: 0.826771676540375
Image quality minimum value: 0.746666669845581
Image quality mean value: 0.78380611649266
Head movement maximum value: 25.6124969497314
Head movement mean value: 14.9438195166424
Head size ratio maximum value: 0.0937673611111112
Head size ratio mean value: 0.0583478468547913
Calibration reprojection error mean value: 98.9068427615696
Calibration reprojection error outliers count: 0
Error: no error

TEST CALIBRATION: testcalibration_main
Start time: 06.03.2017 22-20-56
End time: 06.03.2017 22-21-12
Image quality minimum value: 1000
Image quality mean value: 0
Head movement maximum value: 0
Head movement mean value: 0
Head size ratio maximum value: 0
Head size ratio mean value: 0
Calibration maximum distance: 0
Calibration corrected maximum distance: 0
Calibration without correction was successful: False
Calibration with correction was successful: False
Error: no error

CLICKTASK: shoppersmode
Start time: 06.03.2017 22-21-18
End time: 06.03.2017 22-21-40
Image quality minimum value: 1000
Image quality mean value: 0
Head movement maximum value: 0
Head movement mean value: 0
Head size ratio maximum value: 0
Head size ratio mean value: 0
Error: no error

CLICKTASK: shelftask
Start time: 06.03.2017 22-21-51
End time: 06.03.2017 22-22-17
Image quality minimum value: 1000
Image quality mean value: 0
Head movement maximum value: 0
Head movement mean value: 0
Head size ratio maximum value: 0
Head size ratio mean value: 0
Error: no error

VIDEOTASK: 3drot
Start time: 06.03.2017 22-22-25
End time: 06.03.2017 22-22-37
Image quality minimum value: 1000
Image quality mean value: 0
Head movement maximum value: 0
Head movement mean value: 0
Head size ratio maximum value: 0
Head size ratio mean value: 0
Error: no error
