
CALIBRATION: calibration_main
Start time: 11.12.2016 23-00-53
End time: 11.12.2016 23-00-58
Image quality on start: 0.4251968562603
Image quality minimum value: 1000
Image quality mean value: 0
Head movement maximum value: 0
Head movement mean value: 0
Head size ratio maximum value: 0
Head size ratio mean value: 0
Calibration reprojection error mean value: 999999
Calibration reprojection error outliers count: 999999
Error: 
Face not Centered!
Your face is not positioned centrally in the camera image. Please set your position again and repeat calibration.

CALIBRATION: calibration_main
Start time: 11.12.2016 23-01-09
End time: 11.12.2016 23-01-48
Image quality on start: 0.4251968562603
Image quality minimum value: 0.4251968562603
Image quality mean value: 0.439898046454942
Head movement maximum value: 7
Head movement mean value: 3.8230951823645
Head size ratio maximum value: 0.0735054542611007
Head size ratio mean value: 0.077569980737702
Calibration reprojection error mean value: 73.4431972503662
Calibration reprojection error outliers count: 0
Error: no error

TEST CALIBRATION: testcalibration_main
Start time: 11.12.2016 23-01-51
End time: 11.12.2016 23-02-07
Image quality minimum value: 0.409448832273483
Image quality mean value: 0.430797957575198
Head movement maximum value: 6.32455532033676
Head movement mean value: 3.1078585364236
Head size ratio maximum value: 0.0960653729359173
Head size ratio mean value: 0.107213861397047
Calibration maximum distance: 160.430670384437
Calibration corrected maximum distance: 73.2393336944022
Calibration without correction was successful: True
Calibration with correction was successful: True
Error: no error

CLICKTASK: c1
Start time: 11.12.2016 23-02-18
End time: 11.12.2016 23-02-30
Image quality minimum value: 0.15748031437397
Image quality mean value: 0.221562691147511
Head movement maximum value: 0
Head movement mean value: 0
Head size ratio maximum value: 0
Head size ratio mean value: 1
Error: no error

CLICKTASK: c2
Start time: 11.12.2016 23-02-41
End time: 11.12.2016 23-02-53
Image quality minimum value: 0.188976377248764
Image quality mean value: 0.249171158200816
Head movement maximum value: 20.5182845286832
Head movement mean value: 3.39813504375914
Head size ratio maximum value: 0.0290893925373719
Head size ratio mean value: 0.833059414165097
Error: no error

CLICKTASK: c3
Start time: 11.12.2016 23-03-01
End time: 11.12.2016 23-03-19
Image quality minimum value: 0.228346452116966
Image quality mean value: 0.268081073131826
Head movement maximum value: 0
Head movement mean value: 0
Head size ratio maximum value: 0
Head size ratio mean value: 1
Error: no error

CLICKTASK: c4
Start time: 11.12.2016 23-03-27
End time: 11.12.2016 23-03-37
Image quality minimum value: 0.244094491004944
Image quality mean value: 0.335433075102893
Head movement maximum value: 22.8473193175917
Head movement mean value: 18.1083584321094
Head size ratio maximum value: 0.0569276284064695
Head size ratio mean value: 0.203571009657366
Error: no error
