

***************
Logging from: TestCalibrationMediaDialog testcalibration_main
Time: Wed Mar 15 17:36:04 2017

H(0,0) = 0.707295
H(0,1) = -0.135083
H(0,2) = 34.3147
H(1,0) = 0.0106544
H(1,1) = 0.556632
H(1,2) = -29.1827
H(2,0) = -4.75815e-005
H(2,1) = -0.000578026
H(2,2) = 1
---------------



***************
Logging from: TestCalibrationMediaDialog testcalibration_main
Time: Wed Mar 15 17:42:37 2017

H(0,0) = 0.696336
H(0,1) = -0.367108
H(0,2) = 137.007
H(1,0) = 0.0324948
H(1,1) = 0.693578
H(1,2) = -54.5448
H(2,0) = -0.000236378
H(2,1) = -0.000338139
H(2,2) = 1
---------------

