
CALIBRATION: calibration_main
Start time: 19.12.2016 22-40-10
End time: 19.12.2016 22-40-44
Image quality on start: 0.685039341449738
Image quality minimum value: 0.708661437034607
Image quality mean value: 0.72757875084877
Head movement maximum value: 10.295630140987
Head movement mean value: 4.81289620510028
Head size ratio maximum value: 0.114186851211073
Head size ratio mean value: 0.0627691812018924
Calibration reprojection error mean value: 60.8688719007704
Calibration reprojection error outliers count: 0
Error: no error

TEST CALIBRATION: testcalibration_main
Start time: 19.12.2016 22-40-47
End time: 19.12.2016 22-41-04
Image quality minimum value: 0.716535449028015
Image quality mean value: 0.73095340342135
Head movement maximum value: 14.8660687473185
Head movement mean value: 9.18073037102229
Head size ratio maximum value: 0.137755102040816
Head size ratio mean value: 0.133879306889688
Calibration maximum distance: 169.858764860692
Calibration corrected maximum distance: 55.659680200303
Calibration without correction was successful: True
Calibration with correction was successful: True
Error: no error

VIDEOTASK: 1
Start time: 19.12.2016 22-41-09
End time: 19.12.2016 22-42-39
Image quality minimum value: 0
Image quality mean value: 0.520173760837522
Head movement maximum value: 30.2324329156619
Head movement mean value: 24.8166960114004
Head size ratio maximum value: 0.161005578702069
Head size ratio mean value: 0.0846823922266673
Error: no error
