

***************
Logging from: TestCalibrationMediaDialog testcalibration_main
Time: Sat Jan 24 00:56:22 2015

H(0,0) = 2.2502
H(0,1) = 0.916112
H(0,2) = -595.103
H(1,0) = 0.203129
H(1,1) = 2.99981
H(1,2) = -472.262
H(2,0) = 0.000607821
H(2,1) = 0.000924079
H(2,2) = 1
---------------



***************
Logging from: VideoMediaDialog v - start
Time: Sat Jan 24 00:56:46 2015

H(0,0) = 2.2502
H(0,1) = 0.916112
H(0,2) = -595.103
H(1,0) = 0.203129
H(1,1) = 2.99981
H(1,2) = -472.262
H(2,0) = 0.000607821
H(2,1) = 0.000924079
H(2,2) = 1
---------------



***************
Logging from: VideoMediaDialog v - stop
Time: Sat Jan 24 00:58:23 2015

H(0,0) = 2.2502
H(0,1) = 0.916112
H(0,2) = -595.103
H(1,0) = 0.203129
H(1,1) = 2.99981
H(1,2) = -472.262
H(2,0) = 0.000607821
H(2,1) = 0.000924079
H(2,2) = 1
---------------

