

***************
Logging from: TestCalibrationMediaDialog testcalibration_main
Time: Mon Jan 19 03:35:16 2015

H(0,0) = 297.506
H(0,1) = 2408.07
H(0,2) = -1.12489e+006
H(1,0) = -295.845
H(1,1) = -2396.95
H(1,2) = 1.1195e+006
H(2,0) = 0.000413108
H(2,1) = -0.0033455
H(2,2) = 1
---------------



***************
Logging from: TestCalibrationMediaDialog testcalibration_main
Time: Mon Jan 19 03:36:45 2015

H(0,0) = -0.977744
H(0,1) = -0.132407
H(0,2) = 575.213
H(1,0) = -0.493368
H(1,1) = -0.466299
H(1,2) = 518.377
H(2,0) = -0.00134913
H(2,1) = -0.000259088
H(2,2) = 1
---------------



***************
Logging from: VideoMediaDialog v - start
Time: Mon Jan 19 03:36:54 2015

H(0,0) = -0.977744
H(0,1) = -0.132407
H(0,2) = 575.213
H(1,0) = -0.493368
H(1,1) = -0.466299
H(1,2) = 518.377
H(2,0) = -0.00134913
H(2,1) = -0.000259088
H(2,2) = 1
---------------



***************
Logging from: VideoMediaDialog v - stop
Time: Mon Jan 19 03:38:39 2015

H(0,0) = -0.977744
H(0,1) = -0.132407
H(0,2) = 575.213
H(1,0) = -0.493368
H(1,1) = -0.466299
H(1,2) = 518.377
H(2,0) = -0.00134913
H(2,1) = -0.000259088
H(2,2) = 1
---------------

