
CALIBRATION: calibration_main
Start time: 08.12.2016 15-06-22
End time: 08.12.2016 15-06-33
Image quality on start: 0.458333283662796
Image quality minimum value: 1000
Image quality mean value: 0
Head movement maximum value: 0
Head movement mean value: 0
Head size ratio maximum value: 0
Head size ratio mean value: 0
Calibration reprojection error mean value: 999999
Calibration reprojection error outliers count: 999999
Error: 
Bad Face Size!
Your face in the camera image is too big or too small. Please set your position again and repeat calibration.

CALIBRATION: calibration_main
Start time: 08.12.2016 15-07-14
End time: 08.12.2016 15-07-45
Image quality on start: 0.472222149372101
Image quality minimum value: 0.416666656732559
Image quality mean value: 0.490530309093979
Head movement maximum value: 12.7279220613579
Head movement mean value: 7.37659925591824
Head size ratio maximum value: 0.0863776134701311
Head size ratio mean value: 0.0787564825320198
Calibration reprojection error mean value: 213.60757361518
Calibration reprojection error outliers count: 1
Error: no error

TEST CALIBRATION: testcalibration_main
Start time: 08.12.2016 15-07-47
End time: 08.12.2016 15-08-18
Image quality minimum value: 0.493055552244186
Image quality mean value: 0.544052179078109
Head movement maximum value: 14.2126704035519
Head movement mean value: 10.8687822338434
Head size ratio maximum value: 0.092398172934351
Head size ratio mean value: 0.11706123468453
Calibration maximum distance: 894.497065394851
Calibration corrected maximum distance: 634.955903980741
Calibration without correction was successful: False
Calibration with correction was successful: False
Error: 
Calibration not accurate enough. 
We need some further fine tuning of the calibration, it doesn't always get right from the first time. Please try again, give your best to keep your head still and focus at the red dot.

CLICKTASK: c1
Start time: 08.12.2016 15-08-21
End time: 08.12.2016 15-08-55
Image quality minimum value: 0.506944417953491
Image quality mean value: 0.571421533716955
Head movement maximum value: 13.8924439894498
Head movement mean value: 11.0486485531413
Head size ratio maximum value: 0.139846152315179
Head size ratio mean value: 0.121171776064865
Error: no error

CLICKTASK: c2
Start time: 08.12.2016 15-09-10
End time: 08.12.2016 15-09-17
Image quality minimum value: 0.541666746139526
Image quality mean value: 0.591367138367073
Head movement maximum value: 12.7279220613579
Head movement mean value: 9.13904467270251
Head size ratio maximum value: 0.116281384032083
Head size ratio mean value: 0.226352547805935
Error: no error

CLICKTASK: c3
Start time: 08.12.2016 15-09-27
End time: 08.12.2016 15-10-13
Image quality minimum value: 0.534722208976746
Image quality mean value: 0.596303979719966
Head movement maximum value: 15.8113883008419
Head movement mean value: 12.3695239208737
Head size ratio maximum value: 0.139846152315179
Head size ratio mean value: 0.115072803632112
Error: no error

CLICKTASK: c4
Start time: 08.12.2016 15-10-28
End time: 08.12.2016 15-10-46
Image quality minimum value: 0.50000011920929
Image quality mean value: 0.568045225606036
Head movement maximum value: 15.52417469626
Head movement mean value: 12.5880608498957
Head size ratio maximum value: 0.110340435271522
Head size ratio mean value: 0.115295161882276
Error: no error
