
CALIBRATION: calibration_main
Start time: 19.12.2016 11-13-07
End time: 19.12.2016 11-13-39
Image quality on start: 0.818897664546967
Image quality minimum value: 0.677165329456329
Image quality mean value: 0.753883370642688
Head movement maximum value: 29.0688837074973
Head movement mean value: 19.0135172923552
Head size ratio maximum value: 0.143563404124346
Head size ratio mean value: 0.0554222702752581
Calibration reprojection error mean value: 397.084776984321
Calibration reprojection error outliers count: 7
Error: no error

TEST CALIBRATION: testcalibration_main
Start time: 19.12.2016 11-13-43
End time: 19.12.2016 11-13-59
Image quality minimum value: 0.685039341449738
Image quality mean value: 0.729571696698974
Head movement maximum value: 34.0147027033899
Head movement mean value: 26.9836278317188
Head size ratio maximum value: 0.0533240997229918
Head size ratio mean value: 0.0612032678050005
Calibration maximum distance: 510.353798849386
Calibration corrected maximum distance: 142.863571283935
Calibration without correction was successful: False
Calibration with correction was successful: True
Error: no error

VIDEOTASK: 1
Start time: 19.12.2016 11-14-10
End time: 19.12.2016 11-15-36
Image quality minimum value: 0.149606302380562
Image quality mean value: 0.661117916083549
Head movement maximum value: 63.6003144646314
Head movement mean value: 51.3320056216384
Head size ratio maximum value: 0.126577408433364
Head size ratio mean value: 0.04209326851701
Error: no error
