
CALIBRATION: calibration_main
Start time: 06.03.2017 22-19-36
End time: 06.03.2017 22-20-17
Image quality on start: 0.833333313465118
Image quality minimum value: 0.770833253860474
Image quality mean value: 0.836875008940697
Head movement maximum value: 15.8113883008419
Head movement mean value: 9.94118893410712
Head size ratio maximum value: 0.077192378328742
Head size ratio mean value: 0.0723899506427917
Calibration reprojection error mean value: 74.6257656945123
Calibration reprojection error outliers count: 0
Error: no error

TEST CALIBRATION: testcalibration_main
Start time: 06.03.2017 22-20-25
End time: 06.03.2017 22-20-43
Image quality minimum value: 0.750000059604645
Image quality mean value: 0.813005857904192
Head movement maximum value: 21.5870331449229
Head movement mean value: 17.5350411118355
Head size ratio maximum value: 0.0929752066115703
Head size ratio mean value: 0.151648123359071
Calibration maximum distance: 408.827592023826
Calibration corrected maximum distance: 43.0464865000618
Calibration without correction was successful: False
Calibration with correction was successful: True
Error: no error

CLICKTASK: shoppersmode
Start time: 06.03.2017 22-20-53
End time: 06.03.2017 22-21-12
Image quality minimum value: 0.708333432674408
Image quality mean value: 0.757530609282052
Head movement maximum value: 25.7099202643649
Head movement mean value: 21.5630663587189
Head size ratio maximum value: 0.132934458218549
Head size ratio mean value: 0.190058847902529
Error: no error

CLICKTASK: shelftask
Start time: 06.03.2017 22-21-19
End time: 06.03.2017 22-21-33
Image quality minimum value: 0.701388895511627
Image quality mean value: 0.753884186178951
Head movement maximum value: 25.9615099714943
Head movement mean value: 20.3002094880198
Head size ratio maximum value: 0.132934458218549
Head size ratio mean value: 0.182983046956468
Error: no error

VIDEOTASK: 3drot
Start time: 06.03.2017 22-21-36
End time: 06.03.2017 22-21-49
Image quality minimum value: 0.673611164093018
Image quality mean value: 0.731145357384401
Head movement maximum value: 35.4682957019364
Head movement mean value: 22.8573944113301
Head size ratio maximum value: 0.149119031221304
Head size ratio mean value: 0.307247356587263
Error: no error
