

***************
Logging from: TestCalibrationMediaDialog testcalibration_main
Time: Mon Dec 12 05:38:38 2016

H(0,0) = -11.6419
H(0,1) = -9.88336
H(0,2) = 2993.43
H(1,0) = -3.98637
H(1,1) = -4.0026
H(1,2) = 1055.27
H(2,0) = -0.00966697
H(2,1) = -0.00286126
H(2,2) = 1
---------------



***************
Logging from: TestCalibrationMediaDialog testcalibration_main
Time: Mon Dec 12 05:40:09 2016

H(0,0) = -1.5753
H(0,1) = -0.314954
H(0,2) = 639.787
H(1,0) = -0.590027
H(1,1) = -0.911013
H(1,2) = 447.164
H(2,0) = -0.00159081
H(2,1) = -0.00164976
H(2,2) = 1
---------------



***************
Logging from: TestCalibrationMediaDialog testcalibration_main_t2
Time: Mon Dec 12 05:42:38 2016

H(0,0) = 3.81552
H(0,1) = -3.57921
H(0,2) = -837.665
H(1,0) = 1.04485
H(1,1) = 0.19486
H(1,2) = -335.923
H(2,0) = 0.00198478
H(2,1) = -0.00392497
H(2,2) = 1
---------------

