

***************
Logging from: TestCalibrationMediaDialog testcalibration_main
Time: Mon Mar 20 01:04:31 2017

H(0,0) = -3.36084
H(0,1) = 1.65966
H(0,2) = 1666.59
H(1,0) = -1.63055
H(1,1) = 1.46015
H(1,2) = 374.036
H(2,0) = -0.00400568
H(2,1) = 0.00349614
H(2,2) = 1
---------------



***************
Logging from: TestCalibrationMediaDialog testcalibration_main
Time: Mon Mar 20 01:05:29 2017

H(0,0) = -0.493005
H(0,1) = -1.89678
H(0,2) = 1265.55
H(1,0) = -0.207182
H(1,1) = -0.86125
H(1,2) = 564.21
H(2,0) = -0.000383166
H(2,1) = -0.00151199
H(2,2) = 1
---------------

