

***************
Logging from: TestCalibrationMediaDialog testcalibration_main
Time: Mon Dec 19 13:25:26 2016

H(0,0) = 1.28467
H(0,1) = -1.38473
H(0,2) = 349.458
H(1,0) = -0.0241154
H(1,1) = 0.920604
H(1,2) = -249.372
H(2,0) = 0.000408598
H(2,1) = -0.00105355
H(2,2) = 1
---------------



***************
Logging from: TestCalibrationMediaDialog testcalibration_main
Time: Mon Dec 19 13:27:31 2016

H(0,0) = 0.89483
H(0,1) = -0.881329
H(0,2) = 358.859
H(1,0) = 0.0323333
H(1,1) = 0.328271
H(1,2) = 106.035
H(2,0) = 7.24801e-005
H(2,1) = -0.000709845
H(2,2) = 1
---------------

