

***************
Logging from: TestCalibrationMediaDialog testcalibration_main
Time: Tue Dec 06 07:47:10 2016

H(0,0) = -1.04665
H(0,1) = -0.0192701
H(0,2) = 947.149
H(1,0) = -0.557571
H(1,1) = -0.0447476
H(1,2) = 541.299
H(2,0) = -0.00109742
H(2,1) = 0.000167442
H(2,2) = 1
---------------



***************
Logging from: TestCalibrationMediaDialog cal2
Time: Tue Dec 06 07:49:16 2016

H(0,0) = -2.42722
H(0,1) = 1.9906
H(0,2) = 629.728
H(1,0) = -0.924227
H(1,1) = 0.752438
H(1,2) = 242.512
H(2,0) = -0.00290856
H(2,1) = 0.0019076
H(2,2) = 1
---------------



***************
Logging from: TestCalibrationMediaDialog testcalibration_main_t2
Time: Tue Dec 06 07:53:18 2016

H(0,0) = -1.6857
H(0,1) = 3.66777
H(0,2) = -84.9853
H(1,0) = -1.63784
H(1,1) = 2.19719
H(1,2) = 403.151
H(2,0) = -0.00308995
H(2,1) = 0.00394475
H(2,2) = 1
---------------

