

***************
Logging from: TestCalibrationMediaDialog testcalibration_main
Time: Thu Jan 22 15:41:54 2015

H(0,0) = -0.328896
H(0,1) = -0.261807
H(0,2) = 361.079
H(1,0) = -0.206821
H(1,1) = -0.349126
H(1,2) = 319.276
H(2,0) = -0.00088055
H(2,1) = -0.000812397
H(2,2) = 1
---------------



***************
Logging from: VideoMediaDialog v - start
Time: Thu Jan 22 15:41:58 2015

H(0,0) = -0.328896
H(0,1) = -0.261807
H(0,2) = 361.079
H(1,0) = -0.206821
H(1,1) = -0.349126
H(1,2) = 319.276
H(2,0) = -0.00088055
H(2,1) = -0.000812397
H(2,2) = 1
---------------



***************
Logging from: VideoMediaDialog v - stop
Time: Thu Jan 22 15:43:40 2015

H(0,0) = -0.328896
H(0,1) = -0.261807
H(0,2) = 361.079
H(1,0) = -0.206821
H(1,1) = -0.349126
H(1,2) = 319.276
H(2,0) = -0.00088055
H(2,1) = -0.000812397
H(2,2) = 1
---------------

