
CALIBRATION: calibration_main
Start time: 22.01.2015 15-32-59
End time: 22.01.2015 15-33-12
Image quality on start: 0.700787425041199
Image quality minimum value: 0
Image quality mean value: 0
Head movement maximum value: 0
Head movement mean value: 0
Head size ratio maximum value: 0
Head size ratio mean value: 1
Calibration reprojection error mean value: 999999
Calibration reprojection error outliers count: 999999
Error: 
Your face is not detected properly! Please try to set your position again and repeat calibration.

CALIBRATION: calibration_main
Start time: 22.01.2015 15-34-05
End time: 22.01.2015 15-34-27
Image quality on start: 0.541666746139526
Image quality minimum value: 0.292592585086823
Image quality mean value: 0.456301520317793
Head movement maximum value: 281.939709867198
Head movement mean value: 31.2430592728337
Head size ratio maximum value: 0.595434772548475
Head size ratio mean value: 0.179480251284188
Calibration reprojection error mean value: 999999
Calibration reprojection error outliers count: 999999
Error: 
Sorry, but we have lost your eyes. This is probably due to excessive head movements. Please try to recalibrate again and give your best to keep your head still.

CALIBRATION: calibration_main
Start time: 22.01.2015 15-36-36
End time: 22.01.2015 15-36-57
Image quality on start: 0.611111104488373
Image quality minimum value: 0
Image quality mean value: 0.484661644335949
Head movement maximum value: 28.3019433961698
Head movement mean value: 17.0902310694465
Head size ratio maximum value: 0.222447917198297
Head size ratio mean value: 0.126906501345354
Calibration reprojection error mean value: 999999
Calibration reprojection error outliers count: 999999
Error: 
Your face is not detected properly! Please try to set your position again and repeat calibration.

CALIBRATION: calibration_main
Start time: 22.01.2015 15-37-38
End time: 22.01.2015 15-37-43
Image quality on start: 0
Image quality minimum value: 1000
Image quality mean value: 0
Head movement maximum value: 0
Head movement mean value: 0
Head size ratio maximum value: 0
Head size ratio mean value: 0
Calibration reprojection error mean value: 999999
Calibration reprojection error outliers count: 999999
Error: 
Your face is not detected properly! Please try to set your position again and repeat calibration.

CALIBRATION: calibration_main
Start time: 22.01.2015 15-38-12
End time: 22.01.2015 15-38-49
Image quality on start: 0.448818892240524
Image quality minimum value: 0
Image quality mean value: 0.324481628934542
Head movement maximum value: 381.687044579718
Head movement mean value: 11.7238981625857
Head size ratio maximum value: 0.191207603261114
Head size ratio mean value: 0.141419305436693
Calibration reprojection error mean value: 999999
Calibration reprojection error outliers count: 999999
Error: 
Sorry, but we have lost your eyes. This is probably due to excessive head movements. Please try to recalibrate again and give your best to keep your head still.

CALIBRATION: calibration_main
Start time: 22.01.2015 15-40-58
End time: 22.01.2015 15-41-29
Image quality on start: 0.692913413047791
Image quality minimum value: 0
Image quality mean value: 0.707548377261994
Head movement maximum value: 43.9317652729776
Head movement mean value: 22.9169733374857
Head size ratio maximum value: 0.307456839932445
Head size ratio mean value: 0.221258742322732
Calibration reprojection error mean value: 260.460823906793
Calibration reprojection error outliers count: 4
Error: no error

TEST CALIBRATION: testcalibration_main
Start time: 22.01.2015 15-41-38
End time: 22.01.2015 15-41-54
Image quality minimum value: 0.550359725952148
Image quality mean value: 0.620041118657335
Head movement maximum value: 58.1807528311554
Head movement mean value: 44.8804969394168
Head size ratio maximum value: 0.237368643272659
Head size ratio mean value: 0.241255195378159
Calibration maximum distance: 674.540584398003
Calibration corrected maximum distance: 293.318939040765
Calibration without correction was successful: False
Calibration with correction was successful: True
Error: no error

VIDEOTASK: v
Start time: 22.01.2015 15-41-57
End time: 22.01.2015 15-43-40
Image quality minimum value: 0
Image quality mean value: 0.0212100856374986
Head movement maximum value: 26.1725046566048
Head movement mean value: 17.0406993308856
Head size ratio maximum value: 0.201057890786264
Head size ratio mean value: 0.157220369954053
Error: no error
