
CALIBRATION: calibration_main
Start time: 17.03.2017 02-27-29
End time: 17.03.2017 02-28-09
Image quality on start: 0.480314970016479
Image quality minimum value: 0.488188982009888
Image quality mean value: 0.501934679922779
Head movement maximum value: 16.7630546142402
Head movement mean value: 10.0886812504416
Head size ratio maximum value: 0.188296404512621
Head size ratio mean value: 0.107829060601421
Calibration reprojection error mean value: 64.8618498908149
Calibration reprojection error outliers count: 0
Error: no error

TEST CALIBRATION: testcalibration_main
Start time: 17.03.2017 02-28-14
End time: 17.03.2017 02-28-31
Image quality minimum value: 0.488188982009888
Image quality mean value: 0.500272861801752
Head movement maximum value: 20.8806130178211
Head movement mean value: 17.3208522819745
Head size ratio maximum value: 0.188296404512621
Head size ratio mean value: 0.190304768241616
Calibration maximum distance: 191.230227736098
Calibration corrected maximum distance: 68.0073525436772
Calibration without correction was successful: True
Calibration with correction was successful: True
Error: no error

CLICKTASK: filler
Start time: 17.03.2017 02-28-44
End time: 17.03.2017 02-29-17
Image quality minimum value: 0.362500011920929
Image quality mean value: 0.43199051020004
Head movement maximum value: 28.6356421265527
Head movement mean value: 22.6060393140329
Head size ratio maximum value: 0.208018829640451
Head size ratio mean value: 0.169671389208723
Error: no error

CLICKTASK: full_shelf
Start time: 17.03.2017 02-29-29
End time: 17.03.2017 02-29-55
Image quality minimum value: 0.4251968562603
Image quality mean value: 0.449580895900726
Head movement maximum value: 32.1403173599764
Head movement mean value: 28.4788362764812
Head size ratio maximum value: 0.247950653356059
Head size ratio mean value: 0.187132380855136
Error: no error

CLICKTASK: 3row_shelf
Start time: 17.03.2017 02-30-01
End time: 17.03.2017 02-30-15
Image quality minimum value: 0.401574790477753
Image quality mean value: 0.42254269591878
Head movement maximum value: 43.0116263352131
Head movement mean value: 33.6157484956197
Head size ratio maximum value: 0.168736303871439
Head size ratio mean value: 0.192816867885195
Error: no error

CLICKTASK: pack
Start time: 17.03.2017 02-30-23
End time: 17.03.2017 02-30-34
Image quality minimum value: 0.448818892240524
Image quality mean value: 0.453093356319836
Head movement maximum value: 34.0147027033899
Head movement mean value: 27.5144865966886
Head size ratio maximum value: 0.227903579254931
Head size ratio mean value: 0.255767157118508
Error: no error
