

***************
Logging from: TestCalibrationMediaDialog testcalibration_main
Time: Tue Mar 07 00:25:35 2017

H(0,0) = 0.595
H(0,1) = -0.729146
H(0,2) = 292.291
H(1,0) = -0.108414
H(1,1) = 0.133904
H(1,2) = 176.382
H(2,0) = -0.000167037
H(2,1) = -0.000753228
H(2,2) = 1
---------------



***************
Logging from: TestCalibrationMediaDialog testcalibration_main_shelftask
Time: Tue Mar 07 00:27:55 2017

H(0,0) = 0.844964
H(0,1) = 0.131777
H(0,2) = -80.7317
H(1,0) = -0.0580343
H(1,1) = 0.751717
H(1,2) = 32.1387
H(2,0) = -0.000219162
H(2,1) = -0.000342604
H(2,2) = 1
---------------

