
CALIBRATION: calibration_main
Start time: 18.12.2016 08-47-33
End time: 18.12.2016 08-48-07
Image quality on start: 0.944444477558136
Image quality minimum value: 0.895833313465118
Image quality mean value: 0.945701088483741
Head movement maximum value: 11.7046999107196
Head movement mean value: 7.11668781712844
Head size ratio maximum value: 0.0715468209608419
Head size ratio mean value: 0.0489944706278841
Calibration reprojection error mean value: 52.735324939092
Calibration reprojection error outliers count: 0
Error: no error

TEST CALIBRATION: testcalibration_main
Start time: 18.12.2016 08-48-12
End time: 18.12.2016 08-48-28
Image quality minimum value: 0.923611104488373
Image quality mean value: 0.948003238180409
Head movement maximum value: 11.4017542509914
Head movement mean value: 9.14090525227576
Head size ratio maximum value: 0.0558770017538396
Head size ratio mean value: 0.0938410369959671
Calibration maximum distance: 118.105884696742
Calibration corrected maximum distance: 23.0867927612304
Calibration without correction was successful: True
Calibration with correction was successful: True
Error: no error

VIDEOTASK: 1
Start time: 18.12.2016 08-48-43
End time: 18.12.2016 08-50-13
Image quality minimum value: 0.750000059604645
Image quality mean value: 0.893143675794443
Head movement maximum value: 29.0688837074973
Head movement mean value: 17.4504219694174
Head size ratio maximum value: 0.10803324099723
Head size ratio mean value: 0.0515558308735939
Error: no error
