
CALIBRATION: calibration_main
Start time: 03.12.2016 17-59-50
End time: 03.12.2016 18-00-58
Image quality on start: 0.871794879436493
Image quality minimum value: 0
Image quality mean value: 0.700218747343336
Head movement maximum value: 18.0277563773199
Head movement mean value: 9.60750777490158
Head size ratio maximum value: 0.111907060238107
Head size ratio mean value: 0.317861437111551
Calibration reprojection error mean value: 398.92381477356
Calibration reprojection error outliers count: 7
Error: no error

TEST CALIBRATION: testcalibration_main
Start time: 03.12.2016 18-01-01
End time: 03.12.2016 18-01-25
Image quality minimum value: 0
Image quality mean value: 0.57657131254673
Head movement maximum value: 14.8660687473185
Head movement mean value: 1.48660687473185
Head size ratio maximum value: 0.0806110179681282
Head size ratio mean value: 0.908061101796813
Calibration maximum distance: 771.036315616846
Calibration corrected maximum distance: 251.049795857316
Calibration without correction was successful: False
Calibration with correction was successful: True
Error: no error

CLICKTASK: t1
Start time: 03.12.2016 18-03-00
End time: 03.12.2016 18-03-15
Image quality minimum value: 0
Image quality mean value: 0.234688054574163
Head movement maximum value: 412.237795453061
Head movement mean value: 53.1085646267438
Head size ratio maximum value: 0.202543650188826
Head size ratio mean value: 0.580286131678329
Error: 
Sorry, but we have lost your eyes. This is probably due to excessive head movements. Please try to recalibrate again and give your best to keep your head still.
