
CALIBRATION: calibration_main
Start time: 19.12.2016 18-39-18
End time: 19.12.2016 18-39-50
Image quality on start: 0.511811017990112
Image quality minimum value: 0.456692904233933
Image quality mean value: 0.467070725730114
Head movement maximum value: 5.8309518948453
Head movement mean value: 2.52214179583825
Head size ratio maximum value: 0.0780601456652831
Head size ratio mean value: 0.0446457583676475
Calibration reprojection error mean value: 69.0062363942464
Calibration reprojection error outliers count: 0
Error: no error

TEST CALIBRATION: testcalibration_main
Start time: 19.12.2016 18-39-53
End time: 19.12.2016 18-40-09
Image quality minimum value: 0.456692904233933
Image quality mean value: 0.472959402044124
Head movement maximum value: 6.32455532033676
Head movement mean value: 3.57177304706942
Head size ratio maximum value: 0.052392513117707
Head size ratio mean value: 0.0513612088433055
Calibration maximum distance: 240.133296316858
Calibration corrected maximum distance: 92.4553946506098
Calibration without correction was successful: True
Calibration with correction was successful: True
Error: no error

VIDEOTASK: 1
Start time: 19.12.2016 18-40-12
End time: 19.12.2016 18-41-40
Image quality minimum value: 0.456692904233933
Image quality mean value: 0.649827449426316
Head movement maximum value: 18.0277563773199
Head movement mean value: 13.8261690422633
Head size ratio maximum value: 0.0629062573420001
Head size ratio mean value: 0.0263864375481733
Error: no error
