
CALIBRATION: calibration_main
Start time: 22.01.2015 22-15-57
End time: 22.01.2015 22-16-31
Image quality on start: 0.437500059604645
Image quality minimum value: 0.3125
Image quality mean value: 0.394433788826011
Head movement maximum value: 8.54400374531753
Head movement mean value: 5.34960881828272
Head size ratio maximum value: 0.07640625
Head size ratio mean value: 0.0894996387283237
Calibration reprojection error mean value: 108.670817481147
Calibration reprojection error outliers count: 0
Error: no error

TEST CALIBRATION: testcalibration_main
Start time: 22.01.2015 22-16-33
End time: 22.01.2015 22-16-50
Image quality minimum value: 0.291666775941849
Image quality mean value: 0.365610258877277
Head movement maximum value: 12.6491106406735
Head movement mean value: 9.85996362787006
Head size ratio maximum value: 0.095947265625
Head size ratio mean value: 0.1378056640625
Calibration maximum distance: 1001.69855745129
Calibration corrected maximum distance: 101.414989030222
Calibration without correction was successful: False
Calibration with correction was successful: True
Error: no error

VIDEOTASK: v
Start time: 22.01.2015 22-17-01
End time: 22.01.2015 22-18-43
Image quality minimum value: 0.21259842813015
Image quality mean value: 0.331577042280585
Head movement maximum value: 36.2353418639869
Head movement mean value: 24.0615687062975
Head size ratio maximum value: 0.1156640625
Head size ratio mean value: 0.082436546725954
Error: no error
