

***************
Logging from: TestCalibrationMediaDialog testcalibration_main
Time: Sat Jan 17 20:15:05 2015

H(0,0) = -1.18615
H(0,1) = -0.726868
H(0,2) = 882.315
H(1,0) = -0.317681
H(1,1) = -0.559353
H(1,2) = 316.14
H(2,0) = -0.00118799
H(2,1) = -0.00135823
H(2,2) = 1
---------------



***************
Logging from: VideoMediaDialog v - start
Time: Sat Jan 17 20:15:21 2015

H(0,0) = -1.18615
H(0,1) = -0.726868
H(0,2) = 882.315
H(1,0) = -0.317681
H(1,1) = -0.559353
H(1,2) = 316.14
H(2,0) = -0.00118799
H(2,1) = -0.00135823
H(2,2) = 1
---------------



***************
Logging from: VideoMediaDialog v - stop
Time: Sat Jan 17 20:17:04 2015

H(0,0) = -1.18615
H(0,1) = -0.726868
H(0,2) = 882.315
H(1,0) = -0.317681
H(1,1) = -0.559353
H(1,2) = 316.14
H(2,0) = -0.00118799
H(2,1) = -0.00135823
H(2,2) = 1
---------------

