

***************
Logging from: TestCalibrationMediaDialog testcalibration_main
Time: Mon May 15 18:52:39 2017

H(0,0) = -1.43227
H(0,1) = 1.96251
H(0,2) = -1.02528
H(1,0) = -1.19194
H(1,1) = 0.384781
H(1,2) = 639.451
H(2,0) = -0.00275746
H(2,1) = 0.00179146
H(2,2) = 1
---------------



***************
Logging from: TestCalibrationMediaDialog testcalibration_main
Time: Mon May 15 18:53:47 2017

H(0,0) = 1.05919
H(0,1) = -0.78437
H(0,2) = 225.22
H(1,0) = 0.0225556
H(1,1) = 0.750596
H(1,2) = -40.7902
H(2,0) = 0.000259191
H(2,1) = -0.000853687
H(2,2) = 1
---------------

