
CALIBRATION: calibration_main
Start time: 17.03.2017 18-03-32
End time: 17.03.2017 18-04-05
Image quality on start: 0.821874976158142
Image quality minimum value: 0.765822768211365
Image quality mean value: 0.789438405009203
Head movement maximum value: 10.6301458127347
Head movement mean value: 6.4506635149328
Head size ratio maximum value: 0.0850694444444444
Head size ratio mean value: 0.042685723514212
Calibration reprojection error mean value: 137.024252149794
Calibration reprojection error outliers count: 2
Error: no error

TEST CALIBRATION: testcalibration_main
Start time: 17.03.2017 18-04-08
End time: 17.03.2017 18-04-24
Image quality minimum value: 0.756250023841858
Image quality mean value: 0.766827804130196
Head movement maximum value: 14.8660687473185
Head movement mean value: 11.077860568165
Head size ratio maximum value: 0.02515625
Head size ratio mean value: 0.0650125838926175
Calibration maximum distance: 310.344969348627
Calibration corrected maximum distance: 171.163664368347
Calibration without correction was successful: False
Calibration with correction was successful: True
Error: no error

CLICKTASK: filler
Start time: 17.03.2017 18-04-26
End time: 17.03.2017 18-04-37
Image quality minimum value: 0.736196339130402
Image quality mean value: 0.747481270269914
Head movement maximum value: 18.4390889145858
Head movement mean value: 15.8057544825796
Head size ratio maximum value: 0.0975
Head size ratio mean value: 0.123013228879706
Error: no error

CLICKTASK: full_shelf
Start time: 17.03.2017 18-04-43
End time: 17.03.2017 18-04-56
Image quality minimum value: 0.731707334518433
Image quality mean value: 0.741815248958203
Head movement maximum value: 21.2602916254693
Head movement mean value: 17.9900668170873
Head size ratio maximum value: 0.0895659722222222
Head size ratio mean value: 0.117871440242764
Error: no error

CLICKTASK: 3row_shelf
Start time: 17.03.2017 18-05-00
End time: 17.03.2017 18-05-11
Image quality minimum value: 0.732919275760651
Image quality mean value: 0.748695805939761
Head movement maximum value: 20.5182845286832
Head movement mean value: 16.3269293072744
Head size ratio maximum value: 0.0975
Head size ratio mean value: 0.139881944444444
Error: no error

CLICKTASK: pack
Start time: 17.03.2017 18-05-21
End time: 17.03.2017 18-05-33
Image quality minimum value: 0.739393949508667
Image quality mean value: 0.750686160789048
Head movement maximum value: 19.7989898732233
Head movement mean value: 17.1810798134132
Head size ratio maximum value: 0.128888888888889
Head size ratio mean value: 0.168575241046832
Error: no error
