
CALIBRATION: calibration_main
Start time: 19.03.2017 23-38-01
End time: 19.03.2017 23-38-37
Image quality on start: 0,496062994003296
Image quality minimum value: 0,543307065963745
Image quality mean value: 0,550018723805745
Head movement maximum value: 7,61577310586391
Head movement mean value: 3,49382697947643
Head size ratio maximum value: 0,114958297417718
Head size ratio mean value: 0,0799875010767459
Calibration reprojection error mean value: 167,840245564779
Calibration reprojection error outliers count: 1
Error: no error

TEST CALIBRATION: testcalibration_main
Start time: 19.03.2017 23-38-40
End time: 19.03.2017 23-38-56
Image quality minimum value: 0,519685029983521
Image quality mean value: 0,548188953399658
Head movement maximum value: 5,3851648071345
Head movement mean value: 2,36791993817917
Head size ratio maximum value: 0,114958297417718
Head size ratio mean value: 0,119821534800714
Calibration maximum distance: 469,574275274956
Calibration corrected maximum distance: 69,3397432934389
Calibration without correction was successful: False
Calibration with correction was successful: True
Error: no error

CLICKTASK: filler
Start time: 19.03.2017 23-39-15
End time: 19.03.2017 23-39-25
Image quality minimum value: 0,220472440123558
Image quality mean value: 0,281917890267713
Head movement maximum value: 0
Head movement mean value: 0
Head size ratio maximum value: 0
Head size ratio mean value: 1
Error: no error

CLICKTASK: full_shelf
Start time: 19.03.2017 23-39-31
End time: 19.03.2017 23-39-45
Image quality minimum value: 0,283464580774307
Image quality mean value: 0,415731267726168
Head movement maximum value: 12,2065556157337
Head movement mean value: 10,2048179167336
Head size ratio maximum value: 0,0684723621750901
Head size ratio mean value: 0,0531487393392939
Error: no error

CLICKTASK: 3row_shelf
Start time: 19.03.2017 23-39-49
End time: 19.03.2017 23-40-11
Image quality minimum value: 0,165354326367378
Image quality mean value: 0,226901229706746
Head movement maximum value: 0
Head movement mean value: 0
Head size ratio maximum value: 0
Head size ratio mean value: 1
Error: no error

CLICKTASK: pack
Start time: 19.03.2017 23-40-17
End time: 19.03.2017 23-40-25
Image quality minimum value: 0,448818892240524
Image quality mean value: 0,472790900866191
Head movement maximum value: 14,3178210632764
Head movement mean value: 13,2710329606652
Head size ratio maximum value: 0,0617343903653074
Head size ratio mean value: 0,0245561639289863
Error: no error
