
CALIBRATION: calibration_main
Start time: 18.03.2017 18-01-30
End time: 18.03.2017 18-02-03
Image quality on start: 0.84722226858139
Image quality minimum value: 0.8125
Image quality mean value: 0.853589276919204
Head movement maximum value: 6.40312423743285
Head movement mean value: 3.20375741374878
Head size ratio maximum value: 0.06525124147799
Head size ratio mean value: 0.0514509522805274
Calibration reprojection error mean value: 46.4775147967868
Calibration reprojection error outliers count: 0
Error: no error

TEST CALIBRATION: testcalibration_main
Start time: 18.03.2017 18-02-07
End time: 18.03.2017 18-02-23
Image quality minimum value: 0.805555522441864
Image quality mean value: 0.841525278048601
Head movement maximum value: 12.0415945787923
Head movement mean value: 9.67279771872338
Head size ratio maximum value: 0.0370339197037286
Head size ratio mean value: 0.0593603635251173
Calibration maximum distance: 125.283678106927
Calibration corrected maximum distance: 69.2026011071838
Calibration without correction was successful: True
Calibration with correction was successful: True
Error: no error

CLICKTASK: filler
Start time: 18.03.2017 18-02-35
End time: 18.03.2017 18-02-51
Image quality minimum value: 0.811023592948914
Image quality mean value: 0.840126522512079
Head movement maximum value: 19.723082923316
Head movement mean value: 16.8896457691395
Head size ratio maximum value: 0.0370339197037286
Head size ratio mean value: 0.060441866264129
Error: no error

CLICKTASK: full_shelf
Start time: 18.03.2017 18-02-57
End time: 18.03.2017 18-03-09
Image quality minimum value: 0.798611104488373
Image quality mean value: 0.832339266935984
Head movement maximum value: 35.3553390593274
Head movement mean value: 24.8935632927101
Head size ratio maximum value: 0.06525124147799
Head size ratio mean value: 0.0454548707792182
Error: no error

CLICKTASK: 3row_shelf
Start time: 18.03.2017 18-03-13
End time: 18.03.2017 18-03-27
Image quality minimum value: 0
Image quality mean value: 0.663018847766675
Head movement maximum value: 35.8468966578698
Head movement mean value: 30.287311547511
Head size ratio maximum value: 0.113121791095026
Head size ratio mean value: 0.107936599347034
Error: no error

CLICKTASK: pack
Start time: 18.03.2017 18-03-33
End time: 18.03.2017 18-03-37
Image quality minimum value: 0.769461095333099
Image quality mean value: 0.777963002026081
Head movement maximum value: 47.8016736108685
Head movement mean value: 39.9610657170037
Head size ratio maximum value: 0.142349128861207
Head size ratio mean value: 0.253460356872317
Error: no error
