

***************
Logging from: TestCalibrationMediaDialog testcalibration_main
Time: Fri Dec 09 10:12:16 2016

H(0,0) = 0.574197
H(0,1) = -0.509284
H(0,2) = 95.3511
H(1,0) = -0.350228
H(1,1) = 1.11519
H(1,2) = 57.9092
H(2,0) = -0.000323092
H(2,1) = -0.000203059
H(2,2) = 1
---------------



***************
Logging from: TestCalibrationMediaDialog testcalibration_main_c3
Time: Fri Dec 09 10:14:26 2016

H(0,0) = 0.427019
H(0,1) = -0.419011
H(0,2) = 134.878
H(1,0) = -0.183294
H(1,1) = 0.224227
H(1,2) = 243.129
H(2,0) = -0.000325266
H(2,1) = -0.000704086
H(2,2) = 1
---------------

