
CALIBRATION: calibration_main
Start time: 07.12.2016 20-23-08
End time: 07.12.2016 20-23-49
Image quality on start: 0.872340440750122
Image quality minimum value: 0.805555522441864
Image quality mean value: 0.868736859690936
Head movement maximum value: 9.8488578017961
Head movement mean value: 5.59203018548992
Head size ratio maximum value: 0.133194588969823
Head size ratio mean value: 0.133536948911279
Calibration reprojection error mean value: 86.5564997990926
Calibration reprojection error outliers count: 0
Error: no error

TEST CALIBRATION: testcalibration_main
Start time: 07.12.2016 20-23-55
End time: 07.12.2016 20-24-13
Image quality minimum value: 0.8125
Image quality mean value: 0.856606903124829
Head movement maximum value: 6.40312423743285
Head movement mean value: 3.78202810204667
Head size ratio maximum value: 0.075091847352885
Head size ratio mean value: 0.109060090727026
Calibration maximum distance: 286.386103014794
Calibration corrected maximum distance: 12
Calibration without correction was successful: True
Calibration with correction was successful: True
Error: no error

CLICKTASK: c1
Start time: 07.12.2016 20-24-21
End time: 07.12.2016 20-24-46
Image quality minimum value: 0.748031497001648
Image quality mean value: 0.815584213766333
Head movement maximum value: 7.61577310586391
Head movement mean value: 3.69946333571508
Head size ratio maximum value: 0.16281934209688
Head size ratio mean value: 0.135858736749443
Error: no error

CLICKTASK: c2
Start time: 07.12.2016 20-24-53
End time: 07.12.2016 20-25-08
Image quality minimum value: 0.763779520988464
Image quality mean value: 0.81867438412848
Head movement maximum value: 6.32455532033676
Head movement mean value: 2.97674220368265
Head size ratio maximum value: 0.133194588969823
Head size ratio mean value: 0.115639685337492
Error: no error

CLICKTASK: c3
Start time: 07.12.2016 20-25-12
End time: 07.12.2016 20-25-25
Image quality minimum value: 0.787401556968689
Image quality mean value: 0.824163954805684
Head movement maximum value: 4.24264068711928
Head movement mean value: 2.24769035826489
Head size ratio maximum value: 0.103952090721825
Head size ratio mean value: 0.149476006618864
Error: no error

CLICKTASK: c4
Start time: 07.12.2016 20-25-28
End time: 07.12.2016 20-25-46
Image quality minimum value: 0.784722208976746
Image quality mean value: 0.842277499762448
Head movement maximum value: 8.48528137423857
Head movement mean value: 4.82964997912917
Head size ratio maximum value: 0.123404616789484
Head size ratio mean value: 0.0841177924201562
Error: no error
