
CALIBRATION: calibration_main
Start time: 02.03.2017 23-20-18
End time: 02.03.2017 23-20-53
Image quality on start: 0.836666643619537
Image quality minimum value: 0.75
Image quality mean value: 0.790473473220138
Head movement maximum value: 26.4007575648882
Head movement mean value: 16.8451384233136
Head size ratio maximum value: 0.146684027777778
Head size ratio mean value: 0.0524720496894404
Calibration reprojection error mean value: 274.96896955702
Calibration reprojection error outliers count: 6
Error: no error

TEST CALIBRATION: testcalibration_main
Start time: 02.03.2017 23-21-09
End time: 02.03.2017 23-21-25
Image quality minimum value: 0.763803660869598
Image quality mean value: 0.874028885091832
Head movement maximum value: 17.1172427686237
Head movement mean value: 6.41414731989346
Head size ratio maximum value: 0.0815972222222222
Head size ratio mean value: 0.0593919072258533
Calibration maximum distance: 687.12517054755
Calibration corrected maximum distance: 241.660919471891
Calibration without correction was successful: False
Calibration with correction was successful: True
Error: no error

CLICKTASK: shoppersmode
Start time: 02.03.2017 23-21-28
End time: 02.03.2017 23-21-58
Image quality minimum value: 0.769230782985687
Image quality mean value: 0.808305813216069
Head movement maximum value: 30.5286750449475
Head movement mean value: 14.2291504492151
Head size ratio maximum value: 0.265625
Head size ratio mean value: 0.105912516937669
Error: no error

CLICKTASK: shelftask
Start time: 02.03.2017 23-22-00
End time: 02.03.2017 23-22-05
Image quality minimum value: 0.703821659088135
Image quality mean value: 0.759273071238335
Head movement maximum value: 34.4093010681705
Head movement mean value: 24.1039118270131
Head size ratio maximum value: 0.0937673611111112
Head size ratio mean value: 0.0485876551418439
Error: no error

VIDEOTASK: 3drot
Start time: 02.03.2017 23-22-08
End time: 02.03.2017 23-22-18
Image quality minimum value: 0.669291317462921
Image quality mean value: 0.761628371603945
Head movement maximum value: 26.9258240356725
Head movement mean value: 21.1802282668473
Head size ratio maximum value: 0.0591840277777778
Head size ratio mean value: 0.0731621847911741
Error: no error
