
CALIBRATION: calibration_main
Start time: 17.03.2017 13-31-10
End time: 17.03.2017 13-31-28
Image quality on start: 0.645833373069763
Image quality minimum value: 0
Image quality mean value: 0.192001845687628
Head movement maximum value: 0
Head movement mean value: 0
Head size ratio maximum value: 0
Head size ratio mean value: NaN
Calibration reprojection error mean value: 999999
Calibration reprojection error outliers count: 999999
Error: 
Your face is not detected properly! Please try to set your position again and repeat calibration.

CALIBRATION: calibration_main
Start time: 17.03.2017 13-32-09
End time: 17.03.2017 13-32-33
Image quality on start: 0.748031497001648
Image quality minimum value: 0
Image quality mean value: 0.355848976224661
Head movement maximum value: 13.4536240470737
Head movement mean value: 7.67629028876021
Head size ratio maximum value: 0.12890625
Head size ratio mean value: 0.105601283482143
Calibration reprojection error mean value: 999999
Calibration reprojection error outliers count: 999999
Error: 
Your face is not detected properly! Please try to set your position again and repeat calibration.

CALIBRATION: calibration_main
Start time: 17.03.2017 13-33-07
End time: 17.03.2017 13-33-42
Image quality on start: 0.448818892240524
Image quality minimum value: 0.440944880247116
Image quality mean value: 0.486779947343626
Head movement maximum value: 23.0867927612304
Head movement mean value: 17.4319634467779
Head size ratio maximum value: 0.119439572704082
Head size ratio mean value: 0.100616566527927
Calibration reprojection error mean value: 137.837151421441
Calibration reprojection error outliers count: 2
Error: no error

TEST CALIBRATION: testcalibration_main
Start time: 17.03.2017 13-33-45
End time: 17.03.2017 13-34-05
Image quality minimum value: 0.401574790477753
Image quality mean value: 0.456927960933144
Head movement maximum value: 46.0108682813094
Head movement mean value: 27.1558665675913
Head size ratio maximum value: 0.129444355867347
Head size ratio mean value: 0.198493244079348
Calibration maximum distance: 856.776516951766
Calibration corrected maximum distance: 480.105196805867
Calibration without correction was successful: False
Calibration with correction was successful: False
Error: 
Calibration not accurate enough. 
We need some further fine tuning of the calibration, it doesn't always get right from the first time. Please try again, give your best to keep your head still and focus at the red dot.

CLICKTASK: filler
Start time: 17.03.2017 13-34-09
End time: 17.03.2017 13-34-22
Image quality minimum value: 0.401574790477753
Image quality mean value: 0.4409448791225
Head movement maximum value: 63.0713881248859
Head movement mean value: 46.2705059823872
Head size ratio maximum value: 0.146025988520408
Head size ratio mean value: 0.263170996582596
Error: no error

CLICKTASK: full_shelf
Start time: 17.03.2017 13-34-26
End time: 17.03.2017 13-34-37
Image quality minimum value: 0.440944880247116
Image quality mean value: 0.45962277470633
Head movement maximum value: 66.3098786004016
Head movement mean value: 57.3640228027513
Head size ratio maximum value: 0.170599489795918
Head size ratio mean value: 0.255991004686759
Error: no error

CLICKTASK: 3row_shelf
Start time: 17.03.2017 13-34-41
End time: 17.03.2017 13-35-03
Image quality minimum value: 0.260479032993317
Image quality mean value: 0.435522183444765
Head movement maximum value: 85.6329375882902
Head movement mean value: 71.4829181643929
Head size ratio maximum value: 0.218670280612245
Head size ratio mean value: 0.144232302295918
Error: no error

CLICKTASK: pack
Start time: 17.03.2017 13-35-06
End time: 17.03.2017 13-35-10
Image quality minimum value: 0.448818892240524
Image quality mean value: 0.455977087671107
Head movement maximum value: 65.5515064662895
Head movement mean value: 53.633050745146
Head size ratio maximum value: 0.162448182397959
Head size ratio mean value: 0.314730331052876
Error: no error
