

***************
Logging from: TestCalibrationMediaDialog testcalibration_main
Time: Thu Mar 16 13:34:17 2017

H(0,0) = 1.0378
H(0,1) = -2.28878
H(0,2) = 901.911
H(1,0) = 0.25096
H(1,1) = -0.50494
H(1,2) = 211.057
H(2,0) = 0.000773906
H(2,1) = -0.00212829
H(2,2) = 1
---------------



***************
Logging from: TestCalibrationMediaDialog testcalibration_main
Time: Thu Mar 16 13:35:47 2017

H(0,0) = 0.538861
H(0,1) = -0.723105
H(0,2) = 242.867
H(1,0) = -0.0285908
H(1,1) = 0.452879
H(1,2) = 7.27458
H(2,0) = -0.000129069
H(2,1) = -0.0010658
H(2,2) = 1
---------------

