
CALIBRATION: calibration_main
Start time: 16.03.2017 13-33-23
End time: 16.03.2017 13-33-58
Image quality on start: 0.519685029983521
Image quality minimum value: 0.527777850627899
Image quality mean value: 0.544863128307584
Head movement maximum value: 22.6715680975093
Head movement mean value: 13.8054358186499
Head size ratio maximum value: 0.0724629521192739
Head size ratio mean value: 0.0700032099428187
Calibration reprojection error mean value: 70.327707502577
Calibration reprojection error outliers count: 0
Error: no error

TEST CALIBRATION: testcalibration_main
Start time: 16.03.2017 13-34-00
End time: 16.03.2017 13-34-17
Image quality minimum value: 0.519685029983521
Image quality mean value: 0.546315115489317
Head movement maximum value: 58.0086200490927
Head movement mean value: 33.1681389214963
Head size ratio maximum value: 0.166884374577722
Head size ratio mean value: 0.162933874321887
Calibration maximum distance: 472.885821314194
Calibration corrected maximum distance: 158.142340946377
Calibration without correction was successful: False
Calibration with correction was successful: True
Error: no error

CLICKTASK: filler
Start time: 16.03.2017 13-34-24
End time: 16.03.2017 13-34-31
Image quality minimum value: 0
Image quality mean value: 0.0481704482260872
Head movement maximum value: 0
Head movement mean value: 0
Head size ratio maximum value: 0
Head size ratio mean value: 1
Error: 
Your face is not detected properly! Please try to set your position again and repeat calibration.

CALIBRATION: calibration_main
Start time: 16.03.2017 13-34-56
End time: 16.03.2017 13-35-30
Image quality on start: 0.401574790477753
Image quality minimum value: 0.401574790477753
Image quality mean value: 0.413459564527769
Head movement maximum value: 14.422205101856
Head movement mean value: 8.85510985138286
Head size ratio maximum value: 0.11081553875291
Head size ratio mean value: 0.0778937307272643
Calibration reprojection error mean value: 80.0828325483534
Calibration reprojection error outliers count: 0
Error: no error

TEST CALIBRATION: testcalibration_main
Start time: 16.03.2017 13-35-31
End time: 16.03.2017 13-35-48
Image quality minimum value: 0.409448832273483
Image quality mean value: 0.411636057827208
Head movement maximum value: 15.8113883008419
Head movement mean value: 12.2162929793482
Head size ratio maximum value: 0.0599112319102488
Head size ratio mean value: 0.117027377389678
Calibration maximum distance: 221.713779454503
Calibration corrected maximum distance: 67.2011904656458
Calibration without correction was successful: True
Calibration with correction was successful: True
Error: no error

CLICKTASK: filler
Start time: 16.03.2017 13-35-49
End time: 16.03.2017 13-36-04
Image quality minimum value: 0.338582664728165
Image quality mean value: 0.410746741753358
Head movement maximum value: 21.540659228538
Head movement mean value: 15.510003819133
Head size ratio maximum value: 0.0964160245196548
Head size ratio mean value: 0.146783662057846
Error: no error

CLICKTASK: full_shelf
Start time: 16.03.2017 13-36-11
End time: 16.03.2017 13-36-26
Image quality minimum value: 0.4251968562603
Image quality mean value: 0.46011639094871
Head movement maximum value: 30.4630924234556
Head movement mean value: 24.8087952670174
Head size ratio maximum value: 0.0599112319102488
Head size ratio mean value: 0.102693968836253
Error: no error

CLICKTASK: 3row_shelf
Start time: 16.03.2017 13-36-30
End time: 16.03.2017 13-36-47
Image quality minimum value: 0.385826766490936
Image quality mean value: 0.404537295350934
Head movement maximum value: 37.1618083521241
Head movement mean value: 28.7759156079376
Head size ratio maximum value: 0.0672700198065608
Head size ratio mean value: 0.0997695556685741
Error: no error

CLICKTASK: pack
Start time: 16.03.2017 13-36-50
End time: 16.03.2017 13-36-56
Image quality minimum value: 0.464566916227341
Image quality mean value: 0.472138099945509
Head movement maximum value: 32.2024843762092
Head movement mean value: 22.7044668130461
Head size ratio maximum value: 0.0383842472784051
Head size ratio mean value: 0.17502282592135
Error: no error
