
CALIBRATION: calibration_main
Start time: 20.12.2016 01-54-50
End time: 20.12.2016 01-55-23
Image quality on start: 0.701388895511627
Image quality minimum value: 0.654929578304291
Image quality mean value: 0.711033802146003
Head movement maximum value: 29.8328677803526
Head movement mean value: 17.1377998340062
Head size ratio maximum value: 0.163523764896594
Head size ratio mean value: 0.0544752352125615
Calibration reprojection error mean value: 104.343647427029
Calibration reprojection error outliers count: 0
Error: no error

TEST CALIBRATION: testcalibration_main
Start time: 20.12.2016 01-55-29
End time: 20.12.2016 01-55-45
Image quality minimum value: 0.655172407627106
Image quality mean value: 0.684446545597775
Head movement maximum value: 32.6955654485436
Head movement mean value: 24.3901738268247
Head size ratio maximum value: 0.0767594128747103
Head size ratio mean value: 0.0904076662980722
Calibration maximum distance: 477.462040375986
Calibration corrected maximum distance: 157.257750206468
Calibration without correction was successful: False
Calibration with correction was successful: True
Error: no error

VIDEOTASK: 1
Start time: 20.12.2016 01-55-52
End time: 20.12.2016 01-57-19
Image quality minimum value: 0.588028192520142
Image quality mean value: 0.650316313223089
Head movement maximum value: 43.2666153055679
Head movement mean value: 35.2518560371187
Head size ratio maximum value: 0.143881156520308
Head size ratio mean value: 0.0833617326256529
Error: no error
