
CALIBRATION: calibration_main
Start time: 17.12.2016 16-39-56
End time: 17.12.2016 16-40-31
Image quality on start: 0.895833313465118
Image quality minimum value: 0.708661437034607
Image quality mean value: 0.722556752317092
Head movement maximum value: 10
Head movement mean value: 5.75905853491411
Head size ratio maximum value: 0.072704081632653
Head size ratio mean value: 0.0748025789836635
Calibration reprojection error mean value: 24.9662476645576
Calibration reprojection error outliers count: 0
Error: no error

TEST CALIBRATION: testcalibration_main
Start time: 17.12.2016 16-40-34
End time: 17.12.2016 16-40-50
Image quality minimum value: 0.716535449028015
Image quality mean value: 0.75400498509407
Head movement maximum value: 12.2065556157337
Head movement mean value: 9.93510980359031
Head size ratio maximum value: 0.0644998740236835
Head size ratio mean value: 0.114134542705971
Calibration maximum distance: 908.812411887074
Calibration corrected maximum distance: 45.6179789118282
Calibration without correction was successful: False
Calibration with correction was successful: True
Error: no error

VIDEOTASK: 1
Start time: 17.12.2016 16-41-00
End time: 17.12.2016 16-42-29
Image quality minimum value: 0.511811017990112
Image quality mean value: 0.813365198242213
Head movement maximum value: 21.0237960416286
Head movement mean value: 17.7041656460556
Head size ratio maximum value: 0.165028974552784
Head size ratio mean value: 0.0378488527023477
Error: no error
