

***************
Logging from: TestCalibrationMediaDialog testcalibration_main
Time: Wed Dec 07 13:29:09 2016

H(0,0) = -0.0103101
H(0,1) = -1.65313
H(0,2) = 858.78
H(1,0) = -0.010935
H(1,1) = -0.625186
H(1,2) = 329.016
H(2,0) = 1.01305e-005
H(2,1) = -0.00193403
H(2,2) = 1
---------------



***************
Logging from: TestCalibrationMediaDialog testcalibration_main
Time: Wed Dec 07 13:30:57 2016

H(0,0) = 0.476753
H(0,1) = -0.15858
H(0,2) = 24.3842
H(1,0) = -0.0898415
H(1,1) = -0.101141
H(1,2) = 284.849
H(2,0) = -0.000272975
H(2,1) = -0.000599784
H(2,2) = 1
---------------

