
CALIBRATION: calibration_main
Start time: 07.12.2016 13-28-15
End time: 07.12.2016 13-28-49
Image quality on start: 0.811023592948914
Image quality minimum value: 0.74015748500824
Image quality mean value: 0.775335466358024
Head movement maximum value: 16.2788205960997
Head movement mean value: 11.0505445642444
Head size ratio maximum value: 0.0773914436788976
Head size ratio mean value: 0.0545115984231695
Calibration reprojection error mean value: 110.775285085042
Calibration reprojection error outliers count: 0
Error: no error

TEST CALIBRATION: testcalibration_main
Start time: 07.12.2016 13-28-53
End time: 07.12.2016 13-29-12
Image quality minimum value: 0.755905508995056
Image quality mean value: 0.766547728329897
Head movement maximum value: 18.4390889145858
Head movement mean value: 15.5779679672801
Head size ratio maximum value: 0.059944097277858
Head size ratio mean value: 0.0910981257455183
Calibration maximum distance: 546.591254961146
Calibration corrected maximum distance: 389.864078878781
Calibration without correction was successful: False
Calibration with correction was successful: False
Error: 
Calibration not accurate enough. 
We need some further fine tuning of the calibration, it doesn't always get right from the first time. Please try again, give your best to keep your head still and focus at the red dot.

CALIBRATION: calibration_main
Start time: 07.12.2016 13-30-05
End time: 07.12.2016 13-30-38
Image quality on start: 0.555555582046509
Image quality minimum value: 0.430555522441864
Image quality mean value: 0.576735786820801
Head movement maximum value: 22.8254244210267
Head movement mean value: 11.1560786490277
Head size ratio maximum value: 0.1025
Head size ratio mean value: 0.0613830985915492
Calibration reprojection error mean value: 118.345333947076
Calibration reprojection error outliers count: 1
Error: no error

TEST CALIBRATION: testcalibration_main
Start time: 07.12.2016 13-30-41
End time: 07.12.2016 13-30-57
Image quality minimum value: 0.541666746139526
Image quality mean value: 0.629754298008405
Head movement maximum value: 27.459060435492
Head movement mean value: 20.6590781205668
Head size ratio maximum value: 0.0975
Head size ratio mean value: 0.103335726495727
Calibration maximum distance: 385.375141907207
Calibration corrected maximum distance: 232.800343642358
Calibration without correction was successful: False
Calibration with correction was successful: True
Error: no error

CLICKTASK: c1
Start time: 07.12.2016 13-31-02
End time: 07.12.2016 13-31-09
Image quality minimum value: 0.569444477558136
Image quality mean value: 0.693338429289205
Head movement maximum value: 53
Head movement mean value: 36.4184367767905
Head size ratio maximum value: 0.122655555555556
Head size ratio mean value: 0.232149206349206
Error: no error

CLICKTASK: c2
Start time: 07.12.2016 13-31-20
End time: 07.12.2016 13-31-37
Image quality minimum value: 0.65972226858139
Image quality mean value: 0.729094663771187
Head movement maximum value: 37
Head movement mean value: 32.4105802134146
Head size ratio maximum value: 0.195988888888889
Head size ratio mean value: 0.153932926829268
Error: no error

CLICKTASK: c3
Start time: 07.12.2016 13-31-44
End time: 07.12.2016 13-32-11
Image quality minimum value: 0.669291317462921
Image quality mean value: 0.729453639955971
Head movement maximum value: 28.3019433961698
Head movement mean value: 23.8615701721927
Head size ratio maximum value: 0.248888888888889
Head size ratio mean value: 0.21636062992126
Error: no error

CLICKTASK: c4
Start time: 07.12.2016 13-32-20
End time: 07.12.2016 13-32-39
Image quality minimum value: 0.685039341449738
Image quality mean value: 0.731098260469497
Head movement maximum value: 25.1793566240283
Head movement mean value: 22.4906887155766
Head size ratio maximum value: 0.271822222222222
Head size ratio mean value: 0.242815640481246
Error: no error
