

***************
Logging from: TestCalibrationMediaDialog testcalibration_main
Time: Tue Dec 06 21:34:54 2016

H(0,0) = -0.215083
H(0,1) = -1.49661
H(0,2) = 685.879
H(1,0) = 0.2083
H(1,1) = -1.20593
H(1,2) = 294.809
H(2,0) = 0.000351237
H(2,1) = -0.00344703
H(2,2) = 1
---------------



***************
Logging from: TestCalibrationMediaDialog cal2
Time: Tue Dec 06 21:36:15 2016

H(0,0) = -1.20174
H(0,1) = -2.08577
H(0,2) = 1636.78
H(1,0) = 0.115415
H(1,1) = -0.291489
H(1,2) = -32.6386
H(2,0) = -0.000540985
H(2,1) = -0.00195555
H(2,2) = 1
---------------



***************
Logging from: TestCalibrationMediaDialog testcalibration_main_t2
Time: Tue Dec 06 21:37:46 2016

H(0,0) = 2.44301
H(0,1) = -5.03528
H(0,2) = 523.134
H(1,0) = 1.63162
H(1,1) = -3.59376
H(1,2) = 517.145
H(2,0) = 0.00403619
H(2,1) = -0.00833163
H(2,2) = 1
---------------

