
CALIBRATION: calibration_main
Start time: 07.12.2016 15-31-15
End time: 07.12.2016 15-31-47
Image quality on start: 0.488188982009888
Image quality minimum value: 0.346456706523895
Image quality mean value: 0.370631305010695
Head movement maximum value: 18.2482875908947
Head movement mean value: 10.6204525952469
Head size ratio maximum value: 0.0792468641868512
Head size ratio mean value: 0.0618512110726642
Calibration reprojection error mean value: 184.124866909451
Calibration reprojection error outliers count: 0
Error: no error

TEST CALIBRATION: testcalibration_main
Start time: 07.12.2016 15-31-50
End time: 07.12.2016 15-32-05
Image quality minimum value: 0.338582664728165
Image quality mean value: 0.363138247242908
Head movement maximum value: 26.5706605111728
Head movement mean value: 20.9152276713481
Head size ratio maximum value: 0.0978725129757785
Head size ratio mean value: 0.0762846745353692
Calibration maximum distance: 273.879535562627
Calibration corrected maximum distance: 154.796640790425
Calibration without correction was successful: True
Calibration with correction was successful: True
Error: no error

CLICKTASK: c1
Start time: 07.12.2016 15-32-08
End time: 07.12.2016 15-32-13
Image quality minimum value: 0.37007874250412
Image quality mean value: 0.668620946732434
Head movement maximum value: 28.1602556806574
Head movement mean value: 22.81107034389
Head size ratio maximum value: 0.105590397923875
Head size ratio mean value: 0.214487161843347
Error: no error

CLICKTASK: c2
Start time: 07.12.2016 15-32-14
End time: 07.12.2016 15-32-19
Image quality minimum value: 0.330708652734756
Image quality mean value: 0.577120786293959
Head movement maximum value: 30.0832179129826
Head movement mean value: 25.3950581598724
Head size ratio maximum value: 0.0978725129757785
Head size ratio mean value: 0.133318499911277
Error: no error

CLICKTASK: c3
Start time: 07.12.2016 15-32-21
End time: 07.12.2016 15-32-34
Image quality minimum value: 0.362204730510712
Image quality mean value: 0.705298404483234
Head movement maximum value: 57.2800139664787
Head movement mean value: 31.3202589405537
Head size ratio maximum value: 0.152465397923875
Head size ratio mean value: 0.0916937127900467
Error: no error

CLICKTASK: c4
Start time: 07.12.2016 15-32-36
End time: 07.12.2016 15-32-42
Image quality minimum value: 0.330708652734756
Image quality mean value: 0.467669488541011
Head movement maximum value: 49.0407993409569
Head movement mean value: 41.0255681463893
Head size ratio maximum value: 0.037102616782007
Head size ratio mean value: 0.159615592560554
Error: no error
