

***************
Logging from: TestCalibrationMediaDialog testcalibration_main
Time: Tue Dec 06 17:10:11 2016

H(0,0) = 0.998896
H(0,1) = -0.141154
H(0,2) = -150.617
H(1,0) = 0.042029
H(1,1) = 0.759976
H(1,2) = -57.4959
H(2,0) = 1.62165e-005
H(2,1) = -0.000448211
H(2,2) = 1
---------------



***************
Logging from: TestCalibrationMediaDialog testcalibration_main_c4
Time: Tue Dec 06 17:12:55 2016

H(0,0) = 1.29515
H(0,1) = -0.4148
H(0,2) = -41.0043
H(1,0) = 0.262075
H(1,1) = 1.09835
H(1,2) = -271.512
H(2,0) = 0.000125029
H(2,1) = -0.000403577
H(2,2) = 1
---------------

