
CALIBRATION: calibration_main
Start time: 24.01.2015 10-06-44
End time: 24.01.2015 10-07-21
Image quality on start: 0.472440958023071
Image quality minimum value: 0.401574790477753
Image quality mean value: 0.417752334385207
Head movement maximum value: 7.28010988928052
Head movement mean value: 4.1563329360074
Head size ratio maximum value: 0.0997141514605686
Head size ratio mean value: 0.0685296065043891
Calibration reprojection error mean value: 51.3648177252875
Calibration reprojection error outliers count: 0
Error: no error

TEST CALIBRATION: testcalibration_main
Start time: 24.01.2015 10-07-25
End time: 24.01.2015 10-07-41
Image quality minimum value: 0.393700778484344
Image quality mean value: 0.417036514119668
Head movement maximum value: 8.24621125123532
Head movement mean value: 4.41412551936239
Head size ratio maximum value: 0.052392513117707
Head size ratio mean value: 0.105145985661296
Calibration maximum distance: 188.063818955162
Calibration corrected maximum distance: 66.0681466366357
Calibration without correction was successful: True
Calibration with correction was successful: True
Error: no error

VIDEOTASK: v
Start time: 24.01.2015 10-07-54
End time: 24.01.2015 10-09-43
Image quality minimum value: 0.417322844266891
Image quality mean value: 0.738286469322423
Head movement maximum value: 31.7804971641414
Head movement mean value: 15.4793524934789
Head size ratio maximum value: 0.161073694102906
Head size ratio mean value: 0.123397522850911
Error: no error
