
CALIBRATION: calibration_main
Start time: 30.03.2017 10-22-28
End time: 30.03.2017 10-23-00
Image quality on start: 0.798611223697662
Image quality minimum value: 0.65277773141861
Image quality mean value: 0.760318891397791
Head movement maximum value: 37.2155881318568
Head movement mean value: 26.1686518500234
Head size ratio maximum value: 0.104022264230204
Head size ratio mean value: 0.0485568629414112
Calibration reprojection error mean value: 42.7035162713793
Calibration reprojection error outliers count: 0
Error: no error

TEST CALIBRATION: testcalibration_main
Start time: 30.03.2017 10-23-02
End time: 30.03.2017 10-23-18
Image quality minimum value: 0.716783225536346
Image quality mean value: 0.754955222378819
Head movement maximum value: 46.4004310324807
Head movement mean value: 35.2398878758204
Head size ratio maximum value: 0.0919843520268852
Head size ratio mean value: 0.0684945156644611
Calibration maximum distance: 436.22471273416
Calibration corrected maximum distance: 130.728726758888
Calibration without correction was successful: False
Calibration with correction was successful: True
Error: no error

VIDEOTASK: y
Start time: 30.03.2017 10-23-20
End time: 30.03.2017 10-23-43
Image quality minimum value: 0.653543293476105
Image quality mean value: 0.754496583138693
Head movement maximum value: 42.5440947723653
Head movement mean value: 38.9232089961598
Head size ratio maximum value: 0.146384688090737
Head size ratio mean value: 0.0938447360373068
Error: no error
