
CALIBRATION: calibration_main
Start time: 19.12.2016 17-58-23
End time: 19.12.2016 17-58-58
Image quality on start: 0.464566916227341
Image quality minimum value: 0.346456706523895
Image quality mean value: 0.447266278972088
Head movement maximum value: 7.21110255092798
Head movement mean value: 3.45056195830952
Head size ratio maximum value: 0.0627291630291583
Head size ratio mean value: 0.0488183174378408
Calibration reprojection error mean value: 52.6424126095242
Calibration reprojection error outliers count: 0
Error: no error

TEST CALIBRATION: testcalibration_main
Start time: 19.12.2016 17-59-00
End time: 19.12.2016 17-59-16
Image quality minimum value: 0.385826766490936
Image quality mean value: 0.440197710790773
Head movement maximum value: 6.40312423743285
Head movement mean value: 3.68690193352883
Head size ratio maximum value: 0.0549991269979841
Head size ratio mean value: 0.0779810354070387
Calibration maximum distance: 130.107647738325
Calibration corrected maximum distance: 31.7804971641414
Calibration without correction was successful: True
Calibration with correction was successful: True
Error: no error

VIDEOTASK: 1
Start time: 19.12.2016 17-59-21
End time: 19.12.2016 18-00-50
Image quality minimum value: 0.401574790477753
Image quality mean value: 0.647173291479533
Head movement maximum value: 21.095023109729
Head movement mean value: 12.6330701054909
Head size ratio maximum value: 0.153013444231044
Head size ratio mean value: 0.0462769275308372
Error: no error
