
CALIBRATION: calibration_main
Start time: 27.01.2017 16-24-41
End time: 27.01.2017 16-25-12
Image quality on start: 0,836601316928864
Image quality minimum value: 0,835443019866943
Image quality mean value: 0,855909831712351
Head movement maximum value: 10,4403065089106
Head movement mean value: 6,5948924091563
Head size ratio maximum value: 0,107586498439126
Head size ratio mean value: 0,0470375213121793
Calibration reprojection error mean value: 95,2677303949992
Calibration reprojection error outliers count: 0
Error: no error

TEST CALIBRATION: testcalibration_main
Start time: 27.01.2017 16-25-13
End time: 27.01.2017 16-25-28
Image quality minimum value: 0,854166686534882
Image quality mean value: 0,874283747782538
Head movement maximum value: 13,1529464379659
Head movement mean value: 9,30821562366933
Head size ratio maximum value: 0,0738976326742975
Head size ratio mean value: 0,04078693254026
Calibration maximum distance: 399,711145703995
Calibration corrected maximum distance: 192,379832622861
Calibration without correction was successful: True
Calibration with correction was successful: True
Error: no error

WATCHTASK: 1
Start time: 27.01.2017 16-25-42
End time: 27.01.2017 16-26-13
Image quality minimum value: 0,826388955116272
Image quality mean value: 0,882284577537287
Head movement maximum value: 21,2132034355964
Head movement mean value: 18,3354843874293
Head size ratio maximum value: 0,0655567117585849
Head size ratio mean value: 0,0294441593934671
Error: no error

VIDEOTASK: 2
Start time: 27.01.2017 16-26-14
End time: 27.01.2017 16-26-31
Image quality minimum value: 0,535433053970337
Image quality mean value: 0,811225898579954
Head movement maximum value: 24,1867732448956
Head movement mean value: 19,1829233420028
Head size ratio maximum value: 0,0906770291363164
Head size ratio mean value: 0,0471604649359579
Error: no error
