

***************
Logging from: TestCalibrationMediaDialog testcalibration_main
Time: Sat Dec 17 14:27:38 2016

H(0,0) = 1.23373
H(0,1) = -0.662133
H(0,2) = 204.551
H(1,0) = 0.124389
H(1,1) = 0.770746
H(1,2) = -81.0672
H(2,0) = 0.000418448
H(2,1) = -0.000719543
H(2,2) = 1
---------------



***************
Logging from: TestCalibrationMediaDialog testcalibration_main
Time: Sat Dec 17 14:28:54 2016

H(0,0) = 2.56077
H(0,1) = 0.495412
H(0,2) = -896.634
H(1,0) = 0.330925
H(1,1) = 1.85654
H(1,2) = -360.022
H(2,0) = 0.00062902
H(2,1) = 0.000479905
H(2,2) = 1
---------------

