
CALIBRATION: calibration_main
Start time: 17.12.2016 14-26-46
End time: 17.12.2016 14-27-20
Image quality on start: 0.590551197528839
Image quality minimum value: 0
Image quality mean value: 0.59154074692385
Head movement maximum value: 7.07106781186548
Head movement mean value: 4.0215341641939
Head size ratio maximum value: 0.0844168692407712
Head size ratio mean value: 0.0449670921748953
Calibration reprojection error mean value: 25.6613644493951
Calibration reprojection error outliers count: 0
Error: no error

TEST CALIBRATION: testcalibration_main
Start time: 17.12.2016 14-27-23
End time: 17.12.2016 14-27-39
Image quality minimum value: 0.555555582046509
Image quality mean value: 0.600726238664637
Head movement maximum value: 7.81024967590665
Head movement mean value: 5.63851532556667
Head size ratio maximum value: 0.0844168692407712
Head size ratio mean value: 0.0685462128662368
Calibration maximum distance: 201.069639677401
Calibration corrected maximum distance: 146.454771175268
Calibration without correction was successful: True
Calibration with correction was successful: True
Error: no error

VIDEOTASK: 1
Start time: 17.12.2016 14-27-44
End time: 17.12.2016 14-27-52
Image quality minimum value: 0
Image quality mean value: 0.242266587913036
Head movement maximum value: 8.06225774829855
Head movement mean value: 3.02082771370893
Head size ratio maximum value: 0.116682684153994
Head size ratio mean value: 0.389044745321951
Error: 
Your face is not detected properly! Please try to set your position again and repeat calibration.

CALIBRATION: calibration_main
Start time: 17.12.2016 14-28-05
End time: 17.12.2016 14-28-36
Image quality on start: 0.582677185535431
Image quality minimum value: 0.569444477558136
Image quality mean value: 0.597358981574454
Head movement maximum value: 4.47213595499958
Head movement mean value: 1.64764851649258
Head size ratio maximum value: 0.0809966645938154
Head size ratio mean value: 0.0481903916218205
Calibration reprojection error mean value: 40.5248829523722
Calibration reprojection error outliers count: 0
Error: no error

TEST CALIBRATION: testcalibration_main
Start time: 17.12.2016 14-28-38
End time: 17.12.2016 14-28-54
Image quality minimum value: 0.590551197528839
Image quality mean value: 0.596096872642476
Head movement maximum value: 4.47213595499958
Head movement mean value: 2.46758202743485
Head size ratio maximum value: 0.0519390581717452
Head size ratio mean value: 0.0725184900159689
Calibration maximum distance: 233.848241387443
Calibration corrected maximum distance: 116.841773351828
Calibration without correction was successful: True
Calibration with correction was successful: True
Error: no error

VIDEOTASK: 1
Start time: 17.12.2016 14-28-57
End time: 17.12.2016 14-29-43
Image quality minimum value: 0
Image quality mean value: 0.38186792525258
Head movement maximum value: 5.8309518948453
Head movement mean value: 2.78003279544174
Head size ratio maximum value: 0.226129232856577
Head size ratio mean value: 0.13020020169808
Error: 
Your face is not detected properly! Please try to set your position again and repeat calibration.

CALIBRATION: calibration_main
Start time: 17.12.2016 14-29-56
End time: 17.12.2016 14-30-28
Image quality on start: 0.574803173542023
Image quality minimum value: 0.574803173542023
Image quality mean value: 0.587046072953077
Head movement maximum value: 5.3851648071345
Head movement mean value: 3.2061090584338
Head size ratio maximum value: 0.100519757920968
Head size ratio mean value: 0.043725341155869
Calibration reprojection error mean value: 53.4419723086887
Calibration reprojection error outliers count: 0
Error: no error

TEST CALIBRATION: testcalibration_main
Start time: 17.12.2016 14-30-30
End time: 17.12.2016 14-30-47
Image quality minimum value: 1000
Image quality mean value: 0
Head movement maximum value: 0
Head movement mean value: 0
Head size ratio maximum value: 0
Head size ratio mean value: 0
Calibration maximum distance: 0
Calibration corrected maximum distance: 0
Calibration without correction was successful: False
Calibration with correction was successful: False
Error: no error

VIDEOTASK: 1
Start time: 17.12.2016 14-30-59
End time: 17.12.2016 14-32-26
Image quality minimum value: 1000
Image quality mean value: 0
Head movement maximum value: 0
Head movement mean value: 0
Head size ratio maximum value: 0
Head size ratio mean value: 0
Error: no error
