
CALIBRATION: calibration_main
Start time: 16.01.2015 17-01-38
End time: 16.01.2015 17-02-11
Image quality on start: 0.680555462837219
Image quality minimum value: 0.625
Image quality mean value: 0.700194693016774
Head movement maximum value: 11.7046999107196
Head movement mean value: 7.14224064792108
Head size ratio maximum value: 0.0801147959183675
Head size ratio mean value: 0.0505586548939963
Calibration reprojection error mean value: 182.347593095568
Calibration reprojection error outliers count: 2
Error: no error

TEST CALIBRATION: testcalibration_main
Start time: 16.01.2015 17-02-23
End time: 16.01.2015 17-02-38
Image quality minimum value: 0.611111104488373
Image quality mean value: 0.693034440008077
Head movement maximum value: 14.142135623731
Head movement mean value: 10.3066751440489
Head size ratio maximum value: 0.072704081632653
Head size ratio mean value: 0.0680178571428569
Calibration maximum distance: 440.282863622921
Calibration corrected maximum distance: 124.523090228279
Calibration without correction was successful: False
Calibration with correction was successful: True
Error: no error
