

***************
Logging from: TestCalibrationMediaDialog testcalibration_main
Time: Sat Mar 04 08:52:30 2017

H(0,0) = 2.93165
H(0,1) = -3.33225
H(0,2) = -472.183
H(1,0) = 1.01786
H(1,1) = -2.71382
H(1,2) = 538.952
H(2,0) = 0.00258828
H(2,1) = -0.00609862
H(2,2) = 1
---------------



***************
Logging from: TestCalibrationMediaDialog testcalibration_main_shelftask
Time: Sat Mar 04 08:54:52 2017

H(0,0) = 0.609276
H(0,1) = -0.796008
H(0,2) = 218.336
H(1,0) = -0.196329
H(1,1) = 0.158163
H(1,2) = 225.69
H(2,0) = -0.00035837
H(2,1) = -0.000804154
H(2,2) = 1
---------------

