
CALIBRATION: calibration_main
Start time: 25.02.2017 10-18-18
End time: 25.02.2017 10-18-56
Image quality on start: 0.638888835906982
Image quality minimum value: 0
Image quality mean value: 0.763133347235143
Head movement maximum value: 37.2021504754766
Head movement mean value: 12.6734785555589
Head size ratio maximum value: 0.255548749494976
Head size ratio mean value: 0.116457576674705
Calibration reprojection error mean value: 195.187992307875
Calibration reprojection error outliers count: 1
Error: no error

TEST CALIBRATION: testcalibration_main
Start time: 25.02.2017 10-18-57
End time: 25.02.2017 10-19-02
Image quality minimum value: 0
Image quality mean value: 0.642446935176849
Head movement maximum value: 416.875281109351
Head movement mean value: 46.3194756788167
Head size ratio maximum value: 0
Head size ratio mean value: 1
Calibration maximum distance: 0
Calibration corrected maximum distance: 0
Calibration without correction was successful: False
Calibration with correction was successful: False
Error: 
Sorry, but we have lost your eyes. This is probably due to excessive head movements. Please try to recalibrate again and give your best to keep your head still.

CALIBRATION: calibration_main
Start time: 25.02.2017 10-19-16
End time: 25.02.2017 10-19-53
Image quality on start: 0.638888835906982
Image quality minimum value: 0.569444477558136
Image quality mean value: 0.73895649323698
Head movement maximum value: 15.52417469626
Head movement mean value: 10.8909963089683
Head size ratio maximum value: 0.198361455463728
Head size ratio mean value: 0.121660814553885
Calibration reprojection error mean value: 298.35388522678
Calibration reprojection error outliers count: 4
Error: no error

TEST CALIBRATION: testcalibration_main
Start time: 25.02.2017 10-19-55
End time: 25.02.2017 10-20-12
Image quality minimum value: 0.680555462837219
Image quality mean value: 0.783692489849048
Head movement maximum value: 18.1107702762748
Head movement mean value: 13.0306129152023
Head size ratio maximum value: 0.10324839302112
Head size ratio mean value: 0.138367523550108
Calibration maximum distance: 995.952810127066
Calibration corrected maximum distance: 478.267707460999
Calibration without correction was successful: False
Calibration with correction was successful: False
Error: 
Calibration not accurate enough. 
We need some further fine tuning of the calibration, it doesn't always get right from the first time. Please try again, give your best to keep your head still and focus at the red dot.

CLICKTASK: shoppersmode
Start time: 25.02.2017 10-20-13
End time: 25.02.2017 10-21-15
Image quality minimum value: 1000
Image quality mean value: 0
Head movement maximum value: 0
Head movement mean value: 0
Head size ratio maximum value: 0
Head size ratio mean value: 0
Error: no error

CLICKTASK: shelftask
Start time: 25.02.2017 10-21-16
End time: 25.02.2017 10-22-14
Image quality minimum value: 1000
Image quality mean value: 0
Head movement maximum value: 0
Head movement mean value: 0
Head size ratio maximum value: 0
Head size ratio mean value: 0
Error: no error

VIDEOTASK: 3drot
Start time: 25.02.2017 10-22-17
End time: 25.02.2017 10-22-28
Image quality minimum value: 1000
Image quality mean value: 0
Head movement maximum value: 0
Head movement mean value: 0
Head size ratio maximum value: 0
Head size ratio mean value: 0
Error: no error
