

***************
Logging from: TestCalibrationMediaDialog testcalibration_main
Time: Sat Dec 17 13:52:56 2016

H(0,0) = 2.90681
H(0,1) = 0.529835
H(0,2) = -842.672
H(1,0) = 0.279826
H(1,1) = 3.15678
H(1,2) = -564.704
H(2,0) = 0.00123355
H(2,1) = 0.000152321
H(2,2) = 1
---------------



***************
Logging from: TestCalibrationMediaDialog testcalibration_main
Time: Sat Dec 17 13:56:05 2016

H(0,0) = 1.50788
H(0,1) = -0.0546672
H(0,2) = -56.1381
H(1,0) = 0.0813348
H(1,1) = 1.27253
H(1,2) = -19.6225
H(2,0) = 0.000462027
H(2,1) = -0.000284872
H(2,2) = 1
---------------

