
CALIBRATION: calibration_main
Start time: 17.12.2016 13-51-58
End time: 17.12.2016 13-52-30
Image quality on start: 0.769230782985687
Image quality minimum value: 0.787401556968689
Image quality mean value: 0.826431008952635
Head movement maximum value: 29.1547594742265
Head movement mean value: 13.9711101437911
Head size ratio maximum value: 0.16207100591716
Head size ratio mean value: 0.0989045492731388
Calibration reprojection error mean value: 155.69128841824
Calibration reprojection error outliers count: 1
Error: no error

TEST CALIBRATION: testcalibration_main
Start time: 17.12.2016 13-52-40
End time: 17.12.2016 13-52-56
Image quality minimum value: 0.803149580955505
Image quality mean value: 0.837594520760722
Head movement maximum value: 40.2492235949962
Head movement mean value: 34.0241796162964
Head size ratio maximum value: 0.183062130177515
Head size ratio mean value: 0.182617046606474
Calibration maximum distance: 214.671842587704
Calibration corrected maximum distance: 57.706152185014
Calibration without correction was successful: True
Calibration with correction was successful: True
Error: no error

VIDEOTASK: 1
Start time: 17.12.2016 13-53-10
End time: 17.12.2016 13-54-34
Image quality minimum value: 0.527559041976929
Image quality mean value: 0.617870538010013
Head movement maximum value: 82.4621125123532
Head movement mean value: 61.6226976827925
Head size ratio maximum value: 0.353831360946746
Head size ratio mean value: 0.255051041054923
Error: 
Sorry, but we have lost your eyes. This is probably due to excessive head movements. Please try to recalibrate again and give your best to keep your head still.

CALIBRATION: calibration_main
Start time: 17.12.2016 13-55-13
End time: 17.12.2016 13-55-44
Image quality on start: 0.763779520988464
Image quality minimum value: 0.763779520988464
Image quality mean value: 0.79733806059641
Head movement maximum value: 14.8660687473185
Head movement mean value: 7.95368810850086
Head size ratio maximum value: 0.0997141514605686
Head size ratio mean value: 0.0484012002874609
Calibration reprojection error mean value: 57.2088595496284
Calibration reprojection error outliers count: 0
Error: no error

TEST CALIBRATION: testcalibration_main
Start time: 17.12.2016 13-55-49
End time: 17.12.2016 13-56-05
Image quality minimum value: 0.771653532981873
Image quality mean value: 0.801068002223968
Head movement maximum value: 15
Head movement mean value: 11.3455214524316
Head size ratio maximum value: 0.0865377085128044
Head size ratio mean value: 0.092428694494479
Calibration maximum distance: 175.262660027742
Calibration corrected maximum distance: 63.8905313798532
Calibration without correction was successful: True
Calibration with correction was successful: True
Error: no error

VIDEOTASK: 1
Start time: 17.12.2016 13-56-11
End time: 17.12.2016 13-57-37
Image quality minimum value: 0.527559041976929
Image quality mean value: 0.607907177356252
Head movement maximum value: 28.4604989415154
Head movement mean value: 21.4378639204063
Head size ratio maximum value: 0.111735453050356
Head size ratio mean value: 0.067353403871492
Error: no error
