
CALIBRATION: calibration_main
Start time: 17.12.2016 21-12-23
End time: 17.12.2016 21-12-57
Image quality on start: 0.858267724514008
Image quality minimum value: 0.720125794410706
Image quality mean value: 0.763031913848694
Head movement maximum value: 15.556349186104
Head movement mean value: 7.53711061627669
Head size ratio maximum value: 0.092196318194034
Head size ratio mean value: 0.081924165643451
Calibration reprojection error mean value: 43.1370466020372
Calibration reprojection error outliers count: 0
Error: no error

TEST CALIBRATION: testcalibration_main
Start time: 17.12.2016 21-13-00
End time: 17.12.2016 21-13-17
Image quality minimum value: 0.680124223232269
Image quality mean value: 0.706245984529194
Head movement maximum value: 28.6356421265527
Head movement mean value: 22.7783685141173
Head size ratio maximum value: 0.0724099704380543
Head size ratio mean value: 0.130304530474264
Calibration maximum distance: 150.216510410807
Calibration corrected maximum distance: 56.302753041037
Calibration without correction was successful: True
Calibration with correction was successful: True
Error: no error

VIDEOTASK: 1
Start time: 17.12.2016 21-13-20
End time: 17.12.2016 21-14-48
Image quality minimum value: 0
Image quality mean value: 0.60862617362798
Head movement maximum value: 75.6439025963098
Head movement mean value: 49.7635627129532
Head size ratio maximum value: 0.314633163128191
Head size ratio mean value: 0.172870261540087
Error: no error
