
CALIBRATION: calibration_main
Start time: 20.12.2016 16-49-44
End time: 20.12.2016 16-50-18
Image quality on start: 0.464566916227341
Image quality minimum value: 0.503937005996704
Image quality mean value: 0.536324108445342
Head movement maximum value: 11.4017542509914
Head movement mean value: 5.30027041573825
Head size ratio maximum value: 0.120198199158186
Head size ratio mean value: 0.0684331947783288
Calibration reprojection error mean value: 69.2298526763916
Calibration reprojection error outliers count: 0
Error: no error

TEST CALIBRATION: testcalibration_main
Start time: 20.12.2016 16-50-20
End time: 20.12.2016 16-50-36
Image quality minimum value: 0.496062994003296
Image quality mean value: 0.537625816803944
Head movement maximum value: 12.6491106406735
Head movement mean value: 8.73987556977508
Head size ratio maximum value: 0.120198199158186
Head size ratio mean value: 0.109428184502995
Calibration maximum distance: 208.806130178211
Calibration corrected maximum distance: 80.529497701153
Calibration without correction was successful: True
Calibration with correction was successful: True
Error: no error

VIDEOTASK: 1
Start time: 20.12.2016 16-50-41
End time: 20.12.2016 16-52-07
Image quality minimum value: 0.078740157186985
Image quality mean value: 0.449546910033826
Head movement maximum value: 27.5136329843952
Head movement mean value: 19.0086521430699
Head size ratio maximum value: 0.264412062443391
Head size ratio mean value: 0.160886246786549
Error: no error
