

***************
Logging from: TestCalibrationMediaDialog testcalibration_main
Time: Mon Dec 12 06:38:35 2016

H(0,0) = 1.47845
H(0,1) = 0.115691
H(0,2) = -239.72
H(1,0) = -0.626972
H(1,1) = 2.32247
H(1,2) = 320.344
H(2,0) = -0.000281793
H(2,1) = 0.00101536
H(2,2) = 1
---------------



***************
Logging from: TestCalibrationMediaDialog cal2
Time: Mon Dec 12 06:40:55 2016

H(0,0) = 0.536314
H(0,1) = -0.454527
H(0,2) = 189.567
H(1,0) = 0.0050481
H(1,1) = 0.381929
H(1,2) = 16.0806
H(2,0) = -0.000211842
H(2,1) = -0.000437854
H(2,2) = 1
---------------



***************
Logging from: TestCalibrationMediaDialog testcalibration_main_t3
Time: Mon Dec 12 06:43:40 2016

H(0,0) = 1.08093
H(0,1) = -0.115901
H(0,2) = -88.32
H(1,0) = -0.0300184
H(1,1) = 1.18558
H(1,2) = -76.7397
H(2,0) = -0.000108418
H(2,1) = -0.000246349
H(2,2) = 1
---------------



***************
Logging from: TestCalibrationMediaDialog testcalibration_main_t3
Time: Mon Dec 12 06:45:52 2016

H(0,0) = 0.410668
H(0,1) = 0.0781172
H(0,2) = 13.3691
H(1,0) = -0.251357
H(1,1) = 0.352657
H(1,2) = 244.508
H(2,0) = -0.000222014
H(2,1) = -0.000616044
H(2,2) = 1
---------------



***************
Logging from: TestCalibrationMediaDialog testcalibration_main_t4
Time: Mon Dec 12 06:48:08 2016

H(0,0) = 2.58084
H(0,1) = -1.14344
H(0,2) = -1649.45
H(1,0) = -0.118376
H(1,1) = 1.30568
H(1,2) = 31.0636
H(2,0) = 0.00049715
H(2,1) = -0.00121865
H(2,2) = 1
---------------



***************
Logging from: TestCalibrationMediaDialog testcalibration_main_t4
Time: Mon Dec 12 06:50:37 2016

H(0,0) = 0.923561
H(0,1) = -0.139546
H(0,2) = -215.731
H(1,0) = 0.0211757
H(1,1) = 0.0547284
H(1,2) = 101.768
H(2,0) = 5.73774e-005
H(2,1) = -0.00125897
H(2,2) = 1
---------------

