
CALIBRATION: calibration_main
Start time: 17.03.2017 16-05-15
End time: 17.03.2017 16-05-48
Image quality on start: 0.763888895511627
Image quality minimum value: 0.701388895511627
Image quality mean value: 0.775338334955018
Head movement maximum value: 16.1245154965971
Head movement mean value: 8.48357073075386
Head size ratio maximum value: 0.0819008515375385
Head size ratio mean value: 0.0445480210638508
Calibration reprojection error mean value: 102.678962919447
Calibration reprojection error outliers count: 0
Error: no error

TEST CALIBRATION: testcalibration_main
Start time: 17.03.2017 16-05-53
End time: 17.03.2017 16-06-09
Image quality minimum value: 0.671140968799591
Image quality mean value: 0.697074867754566
Head movement maximum value: 31.0161248385416
Head movement mean value: 24.4538126747696
Head size ratio maximum value: 0.0891728953722043
Head size ratio mean value: 0.0594806391090028
Calibration maximum distance: 514.839780902758
Calibration corrected maximum distance: 218.323154979036
Calibration without correction was successful: False
Calibration with correction was successful: True
Error: no error

CLICKTASK: filler
Start time: 17.03.2017 16-06-17
End time: 17.03.2017 16-06-26
Image quality minimum value: 0.596026480197906
Image quality mean value: 0.61698616610633
Head movement maximum value: 53.3666562565053
Head movement mean value: 47.1478714546548
Head size ratio maximum value: 0.125099394237303
Head size ratio mean value: 0.102617261104444
Error: no error

CLICKTASK: full_shelf
Start time: 17.03.2017 16-06-31
End time: 17.03.2017 16-06-45
Image quality minimum value: 0.588815808296204
Image quality mean value: 0.622886861131546
Head movement maximum value: 56.8858506133116
Head movement mean value: 49.8805906850763
Head size ratio maximum value: 0.153320128959505
Head size ratio mean value: 0.114382073140009
Error: no error

CLICKTASK: 3row_shelf
Start time: 17.03.2017 16-06-49
End time: 17.03.2017 16-06-57
Image quality minimum value: 0.566666662693024
Image quality mean value: 0.600620213631661
Head movement maximum value: 63.1506136153878
Head movement mean value: 56.4875131287523
Head size ratio maximum value: 0.125099394237303
Head size ratio mean value: 0.105629736237425
Error: no error

CLICKTASK: pack
Start time: 17.03.2017 16-07-03
End time: 17.03.2017 16-07-07
Image quality minimum value: 0.566666662693024
Image quality mean value: 0.589066656239062
Head movement maximum value: 61.1882341631134
Head movement mean value: 53.7749192379844
Head size ratio maximum value: 0.139267590972835
Head size ratio mean value: 0.17279434498392
Error: no error
