
CALIBRATION: calibration_main
Start time: 19.12.2016 16-47-59
End time: 19.12.2016 16-48-37
Image quality on start: 0.527559041976929
Image quality minimum value: 0.464566916227341
Image quality mean value: 0.512047576162436
Head movement maximum value: 9.48683298050514
Head movement mean value: 5.01337175847026
Head size ratio maximum value: 0.26530612244898
Head size ratio mean value: 0.238051021493973
Calibration reprojection error mean value: 192.00091319614
Calibration reprojection error outliers count: 3
Error: no error

TEST CALIBRATION: testcalibration_main
Start time: 19.12.2016 16-48-39
End time: 19.12.2016 16-48-56
Image quality minimum value: 0.511811017990112
Image quality mean value: 0.524069423025305
Head movement maximum value: 8.24621125123532
Head movement mean value: 3.24947744415024
Head size ratio maximum value: 0.237213273739248
Head size ratio mean value: 0.283657513531333
Calibration maximum distance: 403.148855883283
Calibration corrected maximum distance: 121.457811605512
Calibration without correction was successful: False
Calibration with correction was successful: True
Error: no error

VIDEOTASK: 1
Start time: 19.12.2016 16-50-58
End time: 19.12.2016 16-51-11
Image quality minimum value: 0.291338592767715
Image quality mean value: 0.386836267434634
Head movement maximum value: 43.0464865000618
Head movement mean value: 32.6708397098206
Head size ratio maximum value: 0.362076235452859
Head size ratio mean value: 0.416631528644516
Error: 
Sorry, but we have lost your eyes. This is probably due to excessive head movements. Please try to recalibrate again and give your best to keep your head still.

CALIBRATION: calibration_main
Start time: 19.12.2016 16-51-40
End time: 19.12.2016 16-52-19
Image quality on start: 0.527559041976929
Image quality minimum value: 0
Image quality mean value: 0.525760013858477
Head movement maximum value: 62.393909959226
Head movement mean value: 9.35141524405171
Head size ratio maximum value: 0.230178652691534
Head size ratio mean value: 0.0661652916623851
Calibration reprojection error mean value: 269.88262769911
Calibration reprojection error outliers count: 4
Error: no error
