
CALIBRATION: calibration_main
Start time: 07.12.2016 10-01-11
End time: 07.12.2016 10-01-42
Image quality on start: 0.748031497001648
Image quality minimum value: 0.724409461021423
Image quality mean value: 0.760795173232938
Head movement maximum value: 7
Head movement mean value: 3.36848933591081
Head size ratio maximum value: 0.0608219913239219
Head size ratio mean value: 0.0352484125971897
Calibration reprojection error mean value: 71.7044895490011
Calibration reprojection error outliers count: 0
Error: no error

TEST CALIBRATION: testcalibration_main
Start time: 07.12.2016 10-01-47
End time: 07.12.2016 10-02-03
Image quality minimum value: 0.74015748500824
Image quality mean value: 0.763736958761473
Head movement maximum value: 6.32455532033676
Head movement mean value: 4.7404117781234
Head size ratio maximum value: 0.0533235938641344
Head size ratio mean value: 0.0436392952932658
Calibration maximum distance: 355.681036885578
Calibration corrected maximum distance: 267.269526882509
Calibration without correction was successful: True
Calibration with correction was successful: True
Error: no error

CLICKTASK: c1
Start time: 07.12.2016 10-02-10
End time: 07.12.2016 10-02-29
Image quality minimum value: 0.700787425041199
Image quality mean value: 0.724684669207601
Head movement maximum value: 12
Head movement mean value: 7.97007206229468
Head size ratio maximum value: 0.0682905740820798
Head size ratio mean value: 0.0459461051506632
Error: no error

CLICKTASK: c2
Start time: 07.12.2016 10-02-39
End time: 07.12.2016 10-02-49
Image quality minimum value: 0.708661437034607
Image quality mean value: 0.735157200019725
Head movement maximum value: 12.0415945787923
Head movement mean value: 9.37521414356321
Head size ratio maximum value: 0.0831382954935078
Head size ratio mean value: 0.0537203252588083
Error: no error

CLICKTASK: c3
Start time: 07.12.2016 10-03-00
End time: 07.12.2016 10-03-06
Image quality minimum value: 0.708661437034607
Image quality mean value: 0.744263564882103
Head movement maximum value: 12.0415945787923
Head movement mean value: 10.6446175525529
Head size ratio maximum value: 0.0978667580984184
Head size ratio mean value: 0.105088500734805
Error: no error

CLICKTASK: c4
Start time: 07.12.2016 10-03-16
End time: 07.12.2016 10-03-27
Image quality minimum value: 0.724409461021423
Image quality mean value: 0.746960202852885
Head movement maximum value: 14.0356688476182
Head movement mean value: 11.6934795331284
Head size ratio maximum value: 0.0831382954935078
Head size ratio mean value: 0.0610244067812421
Error: no error
