
CALIBRATION: calibration_main
Start time: 19.12.2016 00-41-07
End time: 19.12.2016 00-41-39
Image quality on start: 0.692913413047791
Image quality minimum value: 0.62992125749588
Image quality mean value: 0.766680795666775
Head movement maximum value: 21.095023109729
Head movement mean value: 9.58407972222391
Head size ratio maximum value: 0.253066071538257
Head size ratio mean value: 0.0641008429626138
Calibration reprojection error mean value: 132.265146891276
Calibration reprojection error outliers count: 1
Error: no error

TEST CALIBRATION: testcalibration_main
Start time: 19.12.2016 00-41-47
End time: 19.12.2016 00-42-03
Image quality minimum value: 0.527559041976929
Image quality mean value: 0.630582288480722
Head movement maximum value: 55.4436651025164
Head movement mean value: 38.7027716285118
Head size ratio maximum value: 0.164554370303638
Head size ratio mean value: 0.13027142233905
Calibration maximum distance: 384.864911365014
Calibration corrected maximum distance: 284.015844628429
Calibration without correction was successful: False
Calibration with correction was successful: True
Error: no error

VIDEOTASK: 1
Start time: 19.12.2016 00-42-07
End time: 19.12.2016 00-43-36
Image quality minimum value: 0.4251968562603
Image quality mean value: 0.563753061242156
Head movement maximum value: 80.802227692063
Head movement mean value: 39.9900268975923
Head size ratio maximum value: 0.189185315615978
Head size ratio mean value: 0.104667699096561
Error: no error
