
CALIBRATION: calibration_main
Start time: 19.12.2016 20-30-21
End time: 19.12.2016 20-30-56
Image quality on start: 0.826388955116272
Image quality minimum value: 0.83766233921051
Image quality mean value: 0.870735352763544
Head movement maximum value: 11.7046999107196
Head movement mean value: 4.71156670330366
Head size ratio maximum value: 0.0925841250486883
Head size ratio mean value: 0.0581937590213299
Calibration reprojection error mean value: 46.1030229992337
Calibration reprojection error outliers count: 0
Error: no error

TEST CALIBRATION: testcalibration_main
Start time: 19.12.2016 20-31-03
End time: 19.12.2016 20-31-19
Image quality minimum value: 0.840277850627899
Image quality mean value: 0.87524799814502
Head movement maximum value: 9.05538513813742
Head movement mean value: 4.52755139684774
Head size ratio maximum value: 0.0925841250486883
Head size ratio mean value: 0.118635551484558
Calibration maximum distance: 206.421898063166
Calibration corrected maximum distance: 158.145502623375
Calibration without correction was successful: True
Calibration with correction was successful: True
Error: no error

VIDEOTASK: 1
Start time: 19.12.2016 20-31-33
End time: 19.12.2016 20-33-04
Image quality minimum value: 0
Image quality mean value: 0.629336866593432
Head movement maximum value: 21.9317121994613
Head movement mean value: 7.52388037707118
Head size ratio maximum value: 0.209876543209877
Head size ratio mean value: 0.156151005430071
Error: no error
