

***************
Logging from: TestCalibrationMediaDialog testcalibration_main
Time: Wed Dec 07 16:48:48 2016

H(0,0) = 0.340975
H(0,1) = -0.303323
H(0,2) = 169.937
H(1,0) = -0.0541411
H(1,1) = 0.0906139
H(1,2) = 144.212
H(2,0) = -0.000206123
H(2,1) = -0.000753188
H(2,2) = 1
---------------



***************
Logging from: TestCalibrationMediaDialog testcalibration_main_c4
Time: Wed Dec 07 16:51:53 2016

H(0,0) = 0.216595
H(0,1) = -0.158747
H(0,2) = 142.193
H(1,0) = -0.117474
H(1,1) = 0.296029
H(1,2) = 132.692
H(2,0) = -0.000377126
H(2,1) = -0.000461271
H(2,2) = 1
---------------

