
CALIBRATION: calibration_main
Start time: 07.12.2016 16-47-53
End time: 07.12.2016 16-48-29
Image quality on start: 0.527777850627899
Image quality minimum value: 0.361111164093018
Image quality mean value: 0.453935187806686
Head movement maximum value: 27.3130005674953
Head movement mean value: 11.4335181999162
Head size ratio maximum value: 0.118713017751479
Head size ratio mean value: 0.0832706689677839
Calibration reprojection error mean value: 126.593377007378
Calibration reprojection error outliers count: 0
Error: no error

TEST CALIBRATION: testcalibration_main
Start time: 07.12.2016 16-48-32
End time: 07.12.2016 16-48-49
Image quality minimum value: 0.416666656732559
Image quality mean value: 0.464120371983602
Head movement maximum value: 42.0594816896262
Head movement mean value: 28.3470932590492
Head size ratio maximum value: 0.051939513477975
Head size ratio mean value: 0.131592796995904
Calibration maximum distance: 333.472637558166
Calibration corrected maximum distance: 17.8885438199983
Calibration without correction was successful: True
Calibration with correction was successful: True
Error: no error

CLICKTASK: c1
Start time: 07.12.2016 16-49-00
End time: 07.12.2016 16-49-18
Image quality minimum value: 0.409722298383713
Image quality mean value: 0.486894704091052
Head movement maximum value: 56.4358042380899
Head movement mean value: 45.1498110128687
Head size ratio maximum value: 0.0784023668639053
Head size ratio mean value: 0.108095602536708
Error: no error

CLICKTASK: c2
Start time: 07.12.2016 16-49-28
End time: 07.12.2016 16-49-51
Image quality minimum value: 0.402777761220932
Image quality mean value: 0.476543579483405
Head movement maximum value: 64.8459713474939
Head movement mean value: 53.8058003999631
Head size ratio maximum value: 0.0754437869822485
Head size ratio mean value: 0.0438374476084812
Error: no error

CLICKTASK: c3
Start time: 07.12.2016 16-50-02
End time: 07.12.2016 16-50-25
Image quality minimum value: 0
Image quality mean value: 0.351795687819972
Head movement maximum value: 99.3680028983173
Head movement mean value: 80.293802778499
Head size ratio maximum value: 0.0999342537804077
Head size ratio mean value: 0.0806026238718546
Error: no error

CLICKTASK: c4
Start time: 07.12.2016 16-50-37
End time: 07.12.2016 16-50-48
Image quality minimum value: 0
Image quality mean value: 0.299629207960395
Head movement maximum value: 103.092191750879
Head movement mean value: 87.1392814211785
Head size ratio maximum value: 0.153835880999343
Head size ratio mean value: 0.18586255599896
Error: 
Sorry, but we have lost your eyes. This is probably due to excessive head movements. Please try to recalibrate again and give your best to keep your head still.

CALIBRATION: calibration_main_c4
Start time: 07.12.2016 16-51-01
End time: 07.12.2016 16-51-35
Image quality on start: 0.430555522441864
Image quality minimum value: 0.354166626930237
Image quality mean value: 0.427579365054468
Head movement maximum value: 36.7695526217005
Head movement mean value: 21.1229258696729
Head size ratio maximum value: 0.0634765625
Head size ratio mean value: 0.060569526844455
Calibration reprojection error mean value: 137.108497407701
Calibration reprojection error outliers count: 0
Error: no error

TEST CALIBRATION: testcalibration_main_c4
Start time: 07.12.2016 16-51-37
End time: 07.12.2016 16-51-54
Image quality minimum value: 0.361111164093018
Image quality mean value: 0.430208354070783
Head movement maximum value: 56.9209978830308
Head movement mean value: 42.5236741643095
Head size ratio maximum value: 0.0506249999999999
Head size ratio mean value: 0.125787109375
Calibration maximum distance: 288.780193226613
Calibration corrected maximum distance: 211.340956749987
Calibration without correction was successful: True
Calibration with correction was successful: True
Error: no error

CLICKTASK: c4
Start time: 07.12.2016 16-51-58
End time: 07.12.2016 16-52-26
Image quality minimum value: 0.354166626930237
Image quality mean value: 0.437019151329194
Head movement maximum value: 85.8661749468322
Head movement mean value: 71.9312627674618
Head size ratio maximum value: 0.055458984375
Head size ratio mean value: 0.0704783845427854
Error: no error
