
CALIBRATION: calibration_main
Start time: 09.12.2016 16-44-05
End time: 09.12.2016 16-44-39
Image quality on start: 0.732283473014832
Image quality minimum value: 0.755905508995056
Image quality mean value: 0.763974320888519
Head movement maximum value: 6.40312423743285
Head movement mean value: 3.04458905512005
Head size ratio maximum value: 0.0714049586776859
Head size ratio mean value: 0.0576297004132229
Calibration reprojection error mean value: 69.1652963426378
Calibration reprojection error outliers count: 0
Error: no error

TEST CALIBRATION: testcalibration_main
Start time: 09.12.2016 16-44-42
End time: 09.12.2016 16-44-59
Image quality minimum value: 0.755905508995056
Image quality mean value: 0.765596600679251
Head movement maximum value: 5
Head movement mean value: 2.8848617456288
Head size ratio maximum value: 0.053801652892562
Head size ratio mean value: 0.0859612205975838
Calibration maximum distance: 306.426173816794
Calibration corrected maximum distance: 63.1981012372998
Calibration without correction was successful: True
Calibration with correction was successful: True
Error: no error

CLICKTASK: c1
Start time: 09.12.2016 16-45-12
End time: 09.12.2016 16-45-17
Image quality minimum value: 0.598425209522247
Image quality mean value: 0.619685047864914
Head movement maximum value: 3.16227766016838
Head movement mean value: 2.0500247600293
Head size ratio maximum value: 0.053801652892562
Head size ratio mean value: 0.234157024793388
Error: no error

CLICKTASK: c2
Start time: 09.12.2016 16-45-31
End time: 09.12.2016 16-45-50
Image quality minimum value: 0.590551197528839
Image quality mean value: 0.622569026358156
Head movement maximum value: 9.8488578017961
Head movement mean value: 7.29034725474297
Head size ratio maximum value: 0.0360330578512397
Head size ratio mean value: 0.0653039430449064
Error: no error

CLICKTASK: c3
Start time: 09.12.2016 16-45-56
End time: 09.12.2016 16-46-14
Image quality minimum value: 0.637795269489288
Image quality mean value: 0.650161817761287
Head movement maximum value: 10.295630140987
Head movement mean value: 7.20227584046694
Head size ratio maximum value: 0.053801652892562
Head size ratio mean value: 0.0384172032652235
Error: no error

CLICKTASK: c4
Start time: 09.12.2016 16-46-25
End time: 09.12.2016 16-46-54
Image quality minimum value: 0.645669281482697
Image quality mean value: 0.731496057162682
Head movement maximum value: 9.21954445729289
Head movement mean value: 5.41902138694721
Head size ratio maximum value: 0.0626239669421488
Head size ratio mean value: 0.0814164944903579
Error: no error
