
CALIBRATION: calibration_main
Start time: 19.12.2016 13-26-15
End time: 19.12.2016 13-26-47
Image quality on start: 0,493055552244186
Image quality minimum value: 0,520833313465118
Image quality mean value: 0,622209549243814
Head movement maximum value: 11,4017542509914
Head movement mean value: 6,19895035479814
Head size ratio maximum value: 0,126447092998419
Head size ratio mean value: 0,0890943222755257
Calibration reprojection error mean value: 211,373549567329
Calibration reprojection error outliers count: 2
Error: no error

TEST CALIBRATION: testcalibration_main
Start time: 19.12.2016 13-26-52
End time: 19.12.2016 13-27-08
Image quality minimum value: 0,569444477558136
Image quality mean value: 0,645633155291301
Head movement maximum value: 18,4390889145858
Head movement mean value: 14,7507908365909
Head size ratio maximum value: 0,144677260882566
Head size ratio mean value: 0,113590860701003
Calibration maximum distance: 441,617481538039
Calibration corrected maximum distance: 98,9545350148238
Calibration without correction was successful: False
Calibration with correction was successful: True
Error: no error

VIDEOTASK: 1
Start time: 19.12.2016 13-27-12
End time: 19.12.2016 13-28-40
Image quality minimum value: 0,534722208976746
Image quality mean value: 0,690666698485309
Head movement maximum value: 34,132096331752
Head movement mean value: 26,2556751203038
Head size ratio maximum value: 0,227209620231535
Head size ratio mean value: 0,128058257081279
Error: no error
