
CALIBRATION: calibration_main
Start time: 15.03.2017 17-16-16
End time: 15.03.2017 17-16-49
Image quality on start: 0.811023592948914
Image quality minimum value: 0.787401556968689
Image quality mean value: 0.813688977752756
Head movement maximum value: 9.21954445729289
Head movement mean value: 5.55434911595272
Head size ratio maximum value: 0.0683553875236295
Head size ratio mean value: 0.035454447418835
Calibration reprojection error mean value: 82.9266049067179
Calibration reprojection error outliers count: 0
Error: no error

TEST CALIBRATION: testcalibration_main
Start time: 15.03.2017 17-16-54
End time: 15.03.2017 17-17-10
Image quality minimum value: 0.779527544975281
Image quality mean value: 0.791363016418789
Head movement maximum value: 7.81024967590665
Head movement mean value: 6.02920183750896
Head size ratio maximum value: 0.0514933837429111
Head size ratio mean value: 0.0712162876163861
Calibration maximum distance: 267.277009860556
Calibration corrected maximum distance: 102.591422643416
Calibration without correction was successful: True
Calibration with correction was successful: True
Error: no error

CLICKTASK: filler
Start time: 15.03.2017 17-17-18
End time: 15.03.2017 17-19-19
Image quality minimum value: 0.62992125749588
Image quality mean value: 0.669050783525902
Head movement maximum value: 16.0312195418814
Head movement mean value: 8.14351366427769
Head size ratio maximum value: 0.142362948960302
Head size ratio mean value: 0.0740466006260122
Error: no error

CLICKTASK: full_shelf
Start time: 15.03.2017 17-19-27
End time: 15.03.2017 17-19-36
Image quality minimum value: 0.748031497001648
Image quality mean value: 0.783210562808173
Head movement maximum value: 12.6491106406735
Head movement mean value: 10.6033762095548
Head size ratio maximum value: 0.134291115311909
Head size ratio mean value: 0.129732649203349
Error: no error

CLICKTASK: 3row_shelf
Start time: 15.03.2017 17-19-42
End time: 15.03.2017 17-19-58
Image quality minimum value: 0.708661437034607
Image quality mean value: 0.732706484122154
Head movement maximum value: 14.142135623731
Head movement mean value: 11.1662418912887
Head size ratio maximum value: 0.150396975425331
Head size ratio mean value: 0.159855395602088
Error: no error

CLICKTASK: pack
Start time: 15.03.2017 17-20-07
End time: 15.03.2017 17-20-11
Image quality minimum value: 0.755905508995056
Image quality mean value: 0.766933627047781
Head movement maximum value: 14.0356688476182
Head movement mean value: 12.3156642147289
Head size ratio maximum value: 0.134291115311909
Head size ratio mean value: 0.181935855948224
Error: no error
