
CALIBRATION: calibration_main
Start time: 17.03.2017 09-35-13
End time: 17.03.2017 09-35-45
Image quality on start: 0.850393712520599
Image quality minimum value: 0.803149580955505
Image quality mean value: 0.826811786442046
Head movement maximum value: 14.142135623731
Head movement mean value: 6.7361208867309
Head size ratio maximum value: 0.042457956492107
Head size ratio mean value: 0.0266667433186369
Calibration reprojection error mean value: 57.9075161616007
Calibration reprojection error outliers count: 0
Error: no error

TEST CALIBRATION: testcalibration_main
Start time: 17.03.2017 09-35-48
End time: 17.03.2017 09-36-04
Image quality minimum value: 0.834645688533783
Image quality mean value: 0.862843163915583
Head movement maximum value: 20.8806130178211
Head movement mean value: 17.8759517864561
Head size ratio maximum value: 0.0433789533791376
Head size ratio mean value: 0.037177283935375
Calibration maximum distance: 192.937813815747
Calibration corrected maximum distance: 71.386273190299
Calibration without correction was successful: True
Calibration with correction was successful: True
Error: no error

CLICKTASK: filler
Start time: 17.03.2017 09-36-09
End time: 17.03.2017 09-36-16
Image quality minimum value: 0.842519700527191
Image quality mean value: 0.875997642676036
Head movement maximum value: 25.7099202643649
Head movement mean value: 21.5129542108485
Head size ratio maximum value: 0.0876789036453056
Head size ratio mean value: 0.0767402173527593
Error: no error

CLICKTASK: full_shelf
Start time: 17.03.2017 09-36-20
End time: 17.03.2017 09-36-35
Image quality minimum value: 0.787401556968689
Image quality mean value: 0.811879481958306
Head movement maximum value: 29.8328677803526
Head movement mean value: 26.7927478744635
Head size ratio maximum value: 0.0787452338411097
Head size ratio mean value: 0.025954993685165
Error: no error

CLICKTASK: 3row_shelf
Start time: 17.03.2017 09-36-38
End time: 17.03.2017 09-36-56
Image quality minimum value: 0.608024716377258
Image quality mean value: 0.81400619742443
Head movement maximum value: 92.660671268883
Head movement mean value: 25.4898430281177
Head size ratio maximum value: 0.132899850798504
Head size ratio mean value: 0.038007325922031
Error: no error

CLICKTASK: pack
Start time: 17.03.2017 09-37-00
End time: 17.03.2017 09-37-08
Image quality minimum value: 0.818897664546967
Image quality mean value: 0.839151900216758
Head movement maximum value: 23.7697286480094
Head movement mean value: 21.1295047478036
Head size ratio maximum value: 0.0433789533791376
Head size ratio mean value: 0.069651776625188
Error: no error
