
CALIBRATION: calibration_main
Start time: 25.01.2017 16-37-52
End time: 25.01.2017 16-38-25
Image quality on start: 0,787401556968689
Image quality minimum value: 0,770833373069763
Image quality mean value: 0,803063432472508
Head movement maximum value: 6,70820393249937
Head movement mean value: 3,6784891005633
Head size ratio maximum value: 0,035711488761845
Head size ratio mean value: 0,0253030873170349
Calibration reprojection error mean value: 171,968495686849
Calibration reprojection error outliers count: 0
Error: no error

TEST CALIBRATION: testcalibration_main
Start time: 25.01.2017 16-38-29
End time: 25.01.2017 16-38-45
Image quality minimum value: 0,771653532981873
Image quality mean value: 0,79574856614898
Head movement maximum value: 17
Head movement mean value: 12,3377272847178
Head size ratio maximum value: 0,069543425483593
Head size ratio mean value: 0,0517076056826008
Calibration maximum distance: 483,009316680331
Calibration corrected maximum distance: 181,333946077396
Calibration without correction was successful: False
Calibration with correction was successful: True
Error: no error

WATCHTASK: 1
Start time: 25.01.2017 16-39-22
End time: 25.01.2017 16-39-53
Image quality minimum value: 0,677165329456329
Image quality mean value: 0,719142474747505
Head movement maximum value: 30,0166620396073
Head movement mean value: 26,8218562251535
Head size ratio maximum value: 0,103375362205341
Head size ratio mean value: 0,037974815582118
Error: no error

VIDEOTASK: 2
Start time: 25.01.2017 16-40-01
End time: 25.01.2017 16-40-19
Image quality minimum value: 0,685039341449738
Image quality mean value: 0,703391178195695
Head movement maximum value: 32,7566787083184
Head movement mean value: 25,9034487574543
Head size ratio maximum value: 0,0780601456652831
Head size ratio mean value: 0,0505017286949003
Error: no error
