
CALIBRATION: calibration_main
Start time: 17.03.2017 11-13-55
End time: 17.03.2017 11-14-27
Image quality on start: 0.511811017990112
Image quality minimum value: 0
Image quality mean value: 0.365800370715257
Head movement maximum value: 19.723082923316
Head movement mean value: 9.59111602091176
Head size ratio maximum value: 0.272561819020117
Head size ratio mean value: 0.262855622340763
Calibration reprojection error mean value: 162.123796251085
Calibration reprojection error outliers count: 0
Error: no error

TEST CALIBRATION: testcalibration_main
Start time: 17.03.2017 11-14-32
End time: 17.03.2017 11-14-48
Image quality minimum value: 0.362204730510712
Image quality mean value: 0.373543307781219
Head movement maximum value: 18.6010752377383
Head movement mean value: 15.2066490338417
Head size ratio maximum value: 0.100948821859303
Head size ratio mean value: 0.125841927734233
Calibration maximum distance: 696.112778219162
Calibration corrected maximum distance: 306.217243146104
Calibration without correction was successful: False
Calibration with correction was successful: True
Error: no error

CLICKTASK: filler
Start time: 17.03.2017 11-14-53
End time: 17.03.2017 11-15-03
Image quality minimum value: 0.37007874250412
Image quality mean value: 0.697517112449363
Head movement maximum value: 23.6008474424119
Head movement mean value: 19.0334929045736
Head size ratio maximum value: 0.132179863622024
Head size ratio mean value: 0.23772854365686
Error: no error

CLICKTASK: full_shelf
Start time: 17.03.2017 11-15-09
End time: 17.03.2017 11-15-34
Image quality minimum value: 0
Image quality mean value: 0.492308493876299
Head movement maximum value: 47.8016736108685
Head movement mean value: 33.2496671877995
Head size ratio maximum value: 0.340119876725958
Head size ratio mean value: 0.207759380023556
Error: no error

CLICKTASK: 3row_shelf
Start time: 17.03.2017 11-15-37
End time: 17.03.2017 11-15-56
Image quality minimum value: 0.299212604761124
Image quality mean value: 0.719798142126962
Head movement maximum value: 52.4022900262956
Head movement mean value: 42.1648069506196
Head size ratio maximum value: 0.294887039239001
Head size ratio mean value: 0.275697675027205
Error: no error

CLICKTASK: pack
Start time: 17.03.2017 11-16-00
End time: 17.03.2017 11-16-09
Image quality minimum value: 0.385826766490936
Image quality mean value: 0.463090545808276
Head movement maximum value: 44.4184646290256
Head movement mean value: 41.1277980380194
Head size ratio maximum value: 0.340119876725958
Head size ratio mean value: 0.307027894392002
Error: no error
