
CALIBRATION: calibration_main
Start time: 16.03.2017 13-10-28
End time: 16.03.2017 13-11-01
Image quality on start: 0.874015748500824
Image quality minimum value: 0.842519700527191
Image quality mean value: 0.863297246897911
Head movement maximum value: 10.816653826392
Head movement mean value: 6.72838296474229
Head size ratio maximum value: 0.0718322427126711
Head size ratio mean value: 0.0366434991881503
Calibration reprojection error mean value: 128.017164760166
Calibration reprojection error outliers count: 1
Error: no error

TEST CALIBRATION: testcalibration_main
Start time: 16.03.2017 13-11-03
End time: 16.03.2017 13-11-19
Image quality minimum value: 0.825806438922882
Image quality mean value: 0.83924577119997
Head movement maximum value: 18.0277563773199
Head movement mean value: 14.7808162657099
Head size ratio maximum value: 0.0660982219578294
Head size ratio mean value: 0.0528378263319632
Calibration maximum distance: 321.707942084121
Calibration corrected maximum distance: 39.2045915678253
Calibration without correction was successful: False
Calibration with correction was successful: True
Error: no error

CLICKTASK: filler
Start time: 16.03.2017 13-11-31
End time: 16.03.2017 13-11-47
Image quality minimum value: 0.775641024112701
Image quality mean value: 0.80646031087553
Head movement maximum value: 34.5253530032641
Head movement mean value: 27.0446823389964
Head size ratio maximum value: 0.0410635203913015
Head size ratio mean value: 0.0413787670168011
Error: no error

CLICKTASK: full_shelf
Start time: 16.03.2017 13-11-56
End time: 16.03.2017 13-12-02
Image quality minimum value: 0.800632894039154
Image quality mean value: 0.856049470227174
Head movement maximum value: 33.0151480384384
Head movement mean value: 28.4718435978846
Head size ratio maximum value: 0.0481856038072576
Head size ratio mean value: 0.0650456578475614
Error: no error

CLICKTASK: 3row_shelf
Start time: 16.03.2017 13-12-10
End time: 16.03.2017 13-12-31
Image quality minimum value: 0.672297298908234
Image quality mean value: 0.790632095349047
Head movement maximum value: 96.8968523740581
Head movement mean value: 64.2698469337004
Head size ratio maximum value: 0.231558596073766
Head size ratio mean value: 0.113208342100178
Error: no error

CLICKTASK: pack
Start time: 16.03.2017 13-12-47
End time: 16.03.2017 13-13-03
Image quality minimum value: 0.810126602649689
Image quality mean value: 0.885020610712867
Head movement maximum value: 38.9486841883009
Head movement mean value: 32.6949305201685
Head size ratio maximum value: 0.0410635203913015
Head size ratio mean value: 0.0200799838942348
Error: no error
