
CALIBRATION: calibration_main
Start time: 17.03.2017 10-25-23
End time: 17.03.2017 10-25-55
Image quality on start: 0.732283473014832
Image quality minimum value: 0.716535449028015
Image quality mean value: 0.739996242441822
Head movement maximum value: 29.1547594742265
Head movement mean value: 8.6790499277589
Head size ratio maximum value: 0.161655005430042
Head size ratio mean value: 0.126986409918337
Calibration reprojection error mean value: 77.2634493509928
Calibration reprojection error outliers count: 0
Error: no error

TEST CALIBRATION: testcalibration_main
Start time: 17.03.2017 10-25-57
End time: 17.03.2017 10-26-13
Image quality minimum value: 0.716535449028015
Image quality mean value: 0.749327828971351
Head movement maximum value: 20.6155281280883
Head movement mean value: 16.229540298897
Head size ratio maximum value: 0.138314728764977
Head size ratio mean value: 0.129382191114012
Calibration maximum distance: 202.625269894947
Calibration corrected maximum distance: 16.4924225024706
Calibration without correction was successful: True
Calibration with correction was successful: True
Error: no error

CLICKTASK: filler
Start time: 17.03.2017 10-26-17
End time: 17.03.2017 10-26-24
Image quality minimum value: 0.614173233509064
Image quality mean value: 0.732817295244185
Head movement maximum value: 27.2946881279124
Head movement mean value: 17.9198487207417
Head size ratio maximum value: 0.0987021310687389
Head size ratio mean value: 0.202485175639738
Error: no error

CLICKTASK: full_shelf
Start time: 17.03.2017 10-26-25
End time: 17.03.2017 10-26-37
Image quality minimum value: 0
Image quality mean value: 0.754332914816595
Head movement maximum value: 44.9221548904324
Head movement mean value: 34.1649884031252
Head size ratio maximum value: 0.161655005430042
Head size ratio mean value: 0.179725156240719
Error: no error

CLICKTASK: 3row_shelf
Start time: 17.03.2017 10-26-39
End time: 17.03.2017 10-26-50
Image quality minimum value: 0.590551197528839
Image quality mean value: 0.646597284930093
Head movement maximum value: 63.2455532033676
Head movement mean value: 49.7570637439299
Head size ratio maximum value: 0.161655005430042
Head size ratio mean value: 0.156069989462074
Error: no error

CLICKTASK: pack
Start time: 17.03.2017 10-26-55
End time: 17.03.2017 10-26-58
Image quality minimum value: 0.692913413047791
Image quality mean value: 0.716827079101845
Head movement maximum value: 49.9799959983992
Head movement mean value: 41.3199717937245
Head size ratio maximum value: 0.16936388399295
Head size ratio mean value: 0.17870210469331
Error: no error
