
CALIBRATION: calibration_main
Start time: 09.12.2016 20-42-23
End time: 09.12.2016 20-42-56
Image quality on start: 0.677165329456329
Image quality minimum value: 0.715277791023254
Image quality mean value: 0.727098129413746
Head movement maximum value: 20.5182845286832
Head movement mean value: 9.89757602437256
Head size ratio maximum value: 0.0716607171399648
Head size ratio mean value: 0.0442998008931198
Calibration reprojection error mean value: 39.6597845289442
Calibration reprojection error outliers count: 0
Error: no error

TEST CALIBRATION: testcalibration_main
Start time: 09.12.2016 20-43-04
End time: 09.12.2016 20-43-21
Image quality minimum value: 0.716535449028015
Image quality mean value: 0.732049562036991
Head movement maximum value: 28.6006992921502
Head movement mean value: 23.1489863351715
Head size ratio maximum value: 0.0442751345303425
Head size ratio mean value: 0.0709925053723343
Calibration maximum distance: 241.813978090598
Calibration corrected maximum distance: 58.821764679411
Calibration without correction was successful: True
Calibration with correction was successful: True
Error: no error

CLICKTASK: c1
Start time: 09.12.2016 20-43-29
End time: 09.12.2016 20-43-55
Image quality minimum value: 0.511811017990112
Image quality mean value: 0.533351819420701
Head movement maximum value: 45.5411901469428
Head movement mean value: 37.3279625809982
Head size ratio maximum value: 0.0926394586818691
Head size ratio mean value: 0.0585079953048461
Error: no error

CLICKTASK: c2
Start time: 09.12.2016 20-44-04
End time: 09.12.2016 20-44-21
Image quality minimum value: 0.511811017990112
Image quality mean value: 0.562566315977828
Head movement maximum value: 53.851648071345
Head movement mean value: 48.6516058212602
Head size ratio maximum value: 0.127071234482391
Head size ratio mean value: 0.0636207301548686
Error: no error

CLICKTASK: c3
Start time: 09.12.2016 20-44-30
End time: 09.12.2016 20-44-59
Image quality minimum value: 0.582677185535431
Image quality mean value: 0.599807955858842
Head movement maximum value: 65.1920240520265
Head movement mean value: 59.1411896776159
Head size ratio maximum value: 0.154137141030423
Head size ratio mean value: 0.105344672115904
Error: no error

CLICKTASK: c4
Start time: 09.12.2016 20-45-04
End time: 09.12.2016 20-45-15
Image quality minimum value: 0.590551197528839
Image quality mean value: 0.714412289810932
Head movement maximum value: 74.3303437365925
Head movement mean value: 67.4472070314486
Head size ratio maximum value: 0.167510256273643
Head size ratio mean value: 0.201207343487733
Error: no error
