
CALIBRATION: calibration_main
Start time: 13.12.2016 08-16-55
End time: 13.12.2016 08-17-32
Image quality on start: 0.543307065963745
Image quality minimum value: 0.464566916227341
Image quality mean value: 0.483205424456657
Head movement maximum value: 12.0830459735946
Head movement mean value: 6.00869523254428
Head size ratio maximum value: 0.044737254287728
Head size ratio mean value: 0.0613137764753968
Calibration reprojection error mean value: 67.9317866431342
Calibration reprojection error outliers count: 0
Error: no error

TEST CALIBRATION: testcalibration_main
Start time: 13.12.2016 08-17-37
End time: 13.12.2016 08-17-54
Image quality minimum value: 0.4251968562603
Image quality mean value: 0.467249288336261
Head movement maximum value: 18.9736659610103
Head movement mean value: 14.9076890583239
Head size ratio maximum value: 0.0629062573420001
Head size ratio mean value: 0.116598492743845
Calibration maximum distance: 171.236678313964
Calibration corrected maximum distance: 30.0166620396073
Calibration without correction was successful: True
Calibration with correction was successful: True
Error: no error

CLICKTASK: t1
Start time: 13.12.2016 08-18-19
End time: 13.12.2016 08-19-02
Image quality minimum value: 0
Image quality mean value: 0.502506974755841
Head movement maximum value: 92.655275079188
Head movement mean value: 59.01781398151
Head size ratio maximum value: 0.285750646096014
Head size ratio mean value: 0.139501745956429
Error: no error

SURVEYTASK: Survey
Start time: 13.12.2016 08-19-08
End time: 13.12.2016 08-19-35
Error: no error
