

***************
Logging from: TestCalibrationMediaDialog testcalibration_main
Time: Mon Mar 06 09:01:00 2017

H(0,0) = -7.85379
H(0,1) = 14.9736
H(0,2) = -2864.5
H(1,0) = -1.33403
H(1,1) = -4.72929
H(1,2) = 2080.19
H(2,0) = -0.00506762
H(2,1) = 0.00129106
H(2,2) = 1
---------------



***************
Logging from: TestCalibrationMediaDialog testcalibration_main
Time: Mon Mar 06 09:02:32 2017

H(0,0) = 0.63698
H(0,1) = -0.111388
H(0,2) = 120.712
H(1,0) = -0.0338708
H(1,1) = 0.583793
H(1,2) = 44.9626
H(2,0) = -0.00014577
H(2,1) = -0.0003082
H(2,2) = 1
---------------

