
CALIBRATION: calibration_main
Start time: 06.03.2017 09-00-03
End time: 06.03.2017 09-00-40
Image quality on start: 0.464566916227341
Image quality minimum value: 0.291338592767715
Image quality mean value: 0.314097724140507
Head movement maximum value: 15.8113883008419
Head movement mean value: 9.9098420487051
Head size ratio maximum value: 0.166764585447489
Head size ratio mean value: 0.122057528442174
Calibration reprojection error mean value: 150.18829896715
Calibration reprojection error outliers count: 2
Error: no error

TEST CALIBRATION: testcalibration_main
Start time: 06.03.2017 09-00-43
End time: 06.03.2017 09-01-00
Image quality minimum value: 0.275590538978577
Image quality mean value: 0.300413725234694
Head movement maximum value: 27.5862284482674
Head movement mean value: 23.6286690482786
Head size ratio maximum value: 0.157667040538375
Head size ratio mean value: 0.207862712135984
Calibration maximum distance: 1483.93429773693
Calibration corrected maximum distance: 168.240898713719
Calibration without correction was successful: False
Calibration with correction was successful: True
Error: no error

CLICKTASK: shoppersmode
Start time: 06.03.2017 09-01-08
End time: 06.03.2017 09-01-21
Image quality minimum value: 0.299212604761124
Image quality mean value: 0.623544493625904
Head movement maximum value: 23.8537208837531
Head movement mean value: 16.2104471745831
Head size ratio maximum value: 0.356192917801634
Head size ratio mean value: 0.490409791632518
Error: 
Sorry, but we have lost your eyes. This is probably due to excessive head movements. Please try to recalibrate again and give your best to keep your head still.

CALIBRATION: calibration_main
Start time: 06.03.2017 09-01-37
End time: 06.03.2017 09-02-13
Image quality on start: 0.433070868253708
Image quality minimum value: 0.330708652734756
Image quality mean value: 0.34906943670728
Head movement maximum value: 23.43074902772
Head movement mean value: 15.2903805956836
Head size ratio maximum value: 0.0693425605536332
Head size ratio mean value: 0.0690273670965712
Calibration reprojection error mean value: 101.065541585286
Calibration reprojection error outliers count: 0
Error: no error

TEST CALIBRATION: testcalibration_main
Start time: 06.03.2017 09-02-16
End time: 06.03.2017 09-02-32
Image quality minimum value: 0.330708652734756
Image quality mean value: 0.345370625113619
Head movement maximum value: 32.7566787083184
Head movement mean value: 25.8091800621468
Head size ratio maximum value: 0.039600153787005
Head size ratio mean value: 0.0838510387251588
Calibration maximum distance: 281.575922266091
Calibration corrected maximum distance: 49.4974746830583
Calibration without correction was successful: True
Calibration with correction was successful: True
Error: no error

CLICKTASK: shoppersmode
Start time: 06.03.2017 09-02-34
End time: 06.03.2017 09-02-51
Image quality minimum value: 0.338582664728165
Image quality mean value: 0.685351127483806
Head movement maximum value: 33.1209903233584
Head movement mean value: 26.0672045050138
Head size ratio maximum value: 0.0881353325643983
Head size ratio mean value: 0.111638524905301
Error: no error

CLICKTASK: shelftask
Start time: 06.03.2017 09-02-57
End time: 06.03.2017 09-03-16
Image quality minimum value: 0.354330718517303
Image quality mean value: 0.692613248559211
Head movement maximum value: 36.8917334913934
Head movement mean value: 31.2771115847276
Head size ratio maximum value: 0.0718339100346022
Head size ratio mean value: 0.0752480921836923
Error: no error

VIDEOTASK: 3drot
Start time: 06.03.2017 09-03-23
End time: 06.03.2017 09-03-34
Image quality minimum value: 0.488188982009888
Image quality mean value: 0.541884006961944
Head movement maximum value: 40.8044115262063
Head movement mean value: 32.798065730286
Head size ratio maximum value: 0.128888888888889
Head size ratio mean value: 0.168149002520398
Error: no error
