
CALIBRATION: calibration_main
Start time: 16.12.2016 10-51-00
End time: 16.12.2016 10-51-34
Image quality on start: 0.614173233509064
Image quality minimum value: 0.614173233509064
Image quality mean value: 0.631960344267081
Head movement maximum value: 10.6301458127347
Head movement mean value: 5.74178677386695
Head size ratio maximum value: 0.105981922512074
Head size ratio mean value: 0.075521680481212
Calibration reprojection error mean value: 136.904593573676
Calibration reprojection error outliers count: 0
Error: no error

TEST CALIBRATION: testcalibration_main
Start time: 16.12.2016 10-51-35
End time: 16.12.2016 10-51-51
Image quality minimum value: 0.614173233509064
Image quality mean value: 0.635393975897038
Head movement maximum value: 10.0498756211209
Head movement mean value: 5.84628279434105
Head size ratio maximum value: 0.170100985631879
Head size ratio mean value: 0.0999728441456905
Calibration maximum distance: 428.404014920495
Calibration corrected maximum distance: 217.517815362328
Calibration without correction was successful: False
Calibration with correction was successful: True
Error: no error

VIDEOTASK: 1
Start time: 16.12.2016 10-51-54
End time: 16.12.2016 10-53-22
Image quality minimum value: 0.37007874250412
Image quality mean value: 0.522138746381567
Head movement maximum value: 12.5299640861417
Head movement mean value: 7.59244051074588
Head size ratio maximum value: 0.105981922512074
Head size ratio mean value: 0.0452441293875111
Error: no error
