

***************
Logging from: TestCalibrationMediaDialog testcalibration_main
Time: Thu Mar 16 11:35:44 2017

H(0,0) = 0.771299
H(0,1) = -0.435693
H(0,2) = 209.356
H(1,0) = -0.144268
H(1,1) = 0.819462
H(1,2) = 10.8469
H(2,0) = -4.45778e-005
H(2,1) = -0.000472376
H(2,2) = 1
---------------



***************
Logging from: TestCalibrationMediaDialog testcalibration_main
Time: Thu Mar 16 11:37:11 2017

H(0,0) = -0.702783
H(0,1) = -3.39259
H(0,2) = 1848.81
H(1,0) = -0.136861
H(1,1) = -2.5592
H(1,2) = 1137.46
H(2,0) = -0.000181014
H(2,1) = -0.00261417
H(2,2) = 1
---------------

