
CALIBRATION: calibration_main
Start time: 16.03.2017 11-31-00
End time: 16.03.2017 11-31-08
Image quality on start: 0,433070868253708
Image quality minimum value: 1000
Image quality mean value: 0
Head movement maximum value: 0
Head movement mean value: 0
Head size ratio maximum value: 0
Head size ratio mean value: 0
Calibration reprojection error mean value: 999999
Calibration reprojection error outliers count: 999999
Error: 
Initialization Error!
Please contact us on support@eyesee.be and inform us about this error.

CALIBRATION: calibration_main
Start time: 16.03.2017 11-34-45
End time: 16.03.2017 11-35-16
Image quality on start: 0,393700778484344
Image quality minimum value: 0,385826766490936
Image quality mean value: 0,39533644516303
Head movement maximum value: 12,7279220613579
Head movement mean value: 8,3358179654836
Head size ratio maximum value: 0,221606648199446
Head size ratio mean value: 0,114987876859423
Calibration reprojection error mean value: 82,7160364786784
Calibration reprojection error outliers count: 0
Error: no error

TEST CALIBRATION: testcalibration_main
Start time: 16.03.2017 11-35-28
End time: 16.03.2017 11-35-44
Image quality minimum value: 0,377952754497528
Image quality mean value: 0,389442384243011
Head movement maximum value: 14,7648230602334
Head movement mean value: 12,512325724731
Head size ratio maximum value: 0,221606648199446
Head size ratio mean value: 0,198417409438383
Calibration maximum distance: 166,087326427997
Calibration corrected maximum distance: 106,512910015641
Calibration without correction was successful: True
Calibration with correction was successful: True
Error: no error

CLICKTASK: filler
Start time: 16.03.2017 11-35-55
End time: 16.03.2017 11-36-04
Image quality minimum value: 0,354330718517303
Image quality mean value: 0,405682989220688
Head movement maximum value: 24,3515913237718
Head movement mean value: 17,3732620014506
Head size ratio maximum value: 0,361111111111111
Head size ratio mean value: 0,300188240751892
Error: 
Sorry, but we have lost your eyes. This is probably due to excessive head movements. Please try to recalibrate again and give your best to keep your head still.

CALIBRATION: calibration_main
Start time: 16.03.2017 11-36-18
End time: 16.03.2017 11-36-52
Image quality on start: 0,409448832273483
Image quality minimum value: 0,409448832273483
Image quality mean value: 0,420744140212909
Head movement maximum value: 20,3960780543711
Head movement mean value: 14,0274457424428
Head size ratio maximum value: 0,0937673611111112
Head size ratio mean value: 0,0520456713702518
Calibration reprojection error mean value: 124,658334838019
Calibration reprojection error outliers count: 1
Error: no error

TEST CALIBRATION: testcalibration_main
Start time: 16.03.2017 11-36-56
End time: 16.03.2017 11-37-11
Image quality minimum value: 0,409448832273483
Image quality mean value: 0,41574804186821
Head movement maximum value: 15
Head movement mean value: 12,0121315748577
Head size ratio maximum value: 0,0815972222222222
Head size ratio mean value: 0,0682691885964911
Calibration maximum distance: 507,528324332741
Calibration corrected maximum distance: 119,620232402382
Calibration without correction was successful: False
Calibration with correction was successful: True
Error: no error

CLICKTASK: filler
Start time: 16.03.2017 11-37-14
End time: 16.03.2017 11-37-31
Image quality minimum value: 0,37007874250412
Image quality mean value: 0,393149599432945
Head movement maximum value: 18,4390889145858
Head movement mean value: 12,5257003163048
Head size ratio maximum value: 0,146684027777778
Head size ratio mean value: 0,0691190972222221
Error: no error

CLICKTASK: full_shelf
Start time: 16.03.2017 11-37-36
End time: 16.03.2017 11-37-45
Image quality minimum value: 0,393700778484344
Image quality mean value: 0,41222047328949
Head movement maximum value: 22,8035085019828
Head movement mean value: 17,5096672427027
Head size ratio maximum value: 0,120069444444444
Head size ratio mean value: 0,114986388888889
Error: no error

CLICKTASK: 3row_shelf
Start time: 16.03.2017 11-37-49
End time: 16.03.2017 11-37-59
Image quality minimum value: 0,37007874250412
Image quality mean value: 0,396308742890692
Head movement maximum value: 19,4164878389476
Head movement mean value: 14,5877184672576
Head size ratio maximum value: 0,152065972222222
Head size ratio mean value: 0,0606168170559095
Error: no error

CLICKTASK: pack
Start time: 16.03.2017 11-38-05
End time: 16.03.2017 11-38-18
Image quality minimum value: 0,401574790477753
Image quality mean value: 0,413262804659704
Head movement maximum value: 17
Head movement mean value: 11,9768388921078
Head size ratio maximum value: 0,12890625
Head size ratio mean value: 0,0806655092592593
Error: no error
