
CALIBRATION: calibration_main
Start time: 08.12.2016 12-59-33
End time: 08.12.2016 13-00-06
Image quality on start: 0.795275568962097
Image quality minimum value: 0.755905508995056
Image quality mean value: 0.78457029326444
Head movement maximum value: 8.60232526704263
Head movement mean value: 4.3681330174854
Head size ratio maximum value: 0.0647608768114791
Head size ratio mean value: 0.0351591375200081
Calibration reprojection error mean value: 70.5395020378961
Calibration reprojection error outliers count: 0
Error: no error

TEST CALIBRATION: testcalibration_main
Start time: 08.12.2016 13-00-08
End time: 08.12.2016 13-00-24
Image quality minimum value: 0.763779520988464
Image quality mean value: 0.791868544828433
Head movement maximum value: 10.770329614269
Head movement mean value: 6.9797401315264
Head size ratio maximum value: 0.0647608768114791
Head size ratio mean value: 0.0608726601409255
Calibration maximum distance: 256.070302846699
Calibration corrected maximum distance: 36.2491379207837
Calibration without correction was successful: True
Calibration with correction was successful: True
Error: no error

CLICKTASK: c1
Start time: 08.12.2016 13-00-31
End time: 08.12.2016 13-00-38
Image quality minimum value: 0.755905508995056
Image quality mean value: 0.779906103244195
Head movement maximum value: 9.05538513813742
Head movement mean value: 5.99314780763353
Head size ratio maximum value: 0.0627291630291583
Head size ratio mean value: 0.105553574851681
Error: no error

CLICKTASK: c2
Start time: 08.12.2016 13-00-43
End time: 08.12.2016 13-00-49
Image quality minimum value: 0.755905508995056
Image quality mean value: 0.782677149772644
Head movement maximum value: 9.21954445729289
Head movement mean value: 7.0667017702509
Head size ratio maximum value: 0.0402374565483088
Head size ratio mean value: 0.0818937265546049
Error: no error

CLICKTASK: c3
Start time: 08.12.2016 13-00-52
End time: 08.12.2016 13-01-12
Image quality minimum value: 0.763779520988464
Image quality mean value: 0.787348533519591
Head movement maximum value: 10.295630140987
Head movement mean value: 6.23719512549309
Head size ratio maximum value: 0.0627291630291583
Head size ratio mean value: 0.0650076261415769
Error: no error

CLICKTASK: c4
Start time: 08.12.2016 13-01-15
End time: 08.12.2016 13-01-43
Image quality minimum value: 0.763779520988464
Image quality mean value: 0.783401726566731
Head movement maximum value: 12.2065556157337
Head movement mean value: 8.48102885253024
Head size ratio maximum value: 0.0704274535324836
Head size ratio mean value: 0.0277103841985622
Error: no error
