
CALIBRATION: calibration_main
Start time: 17.12.2016 19-44-17
End time: 17.12.2016 19-44-49
Image quality on start: 0.614173233509064
Image quality minimum value: 0.551181077957153
Image quality mean value: 0.57963978438764
Head movement maximum value: 7.21110255092798
Head movement mean value: 3.96795754319388
Head size ratio maximum value: 0.242509048059928
Head size ratio mean value: 0.158339549426159
Calibration reprojection error mean value: 53.7222314410739
Calibration reprojection error outliers count: 0
Error: no error

TEST CALIBRATION: testcalibration_main
Start time: 17.12.2016 19-44-58
End time: 17.12.2016 19-45-15
Image quality minimum value: 0.551181077957153
Image quality mean value: 0.568160835924095
Head movement maximum value: 6.40312423743285
Head movement mean value: 3.22102408597396
Head size ratio maximum value: 0.142349128861207
Head size ratio mean value: 0.0987885450644403
Calibration maximum distance: 206.400096899202
Calibration corrected maximum distance: 9.21954445729289
Calibration without correction was successful: True
Calibration with correction was successful: True
Error: no error

VIDEOTASK: 1
Start time: 17.12.2016 19-45-25
End time: 17.12.2016 19-46-54
Image quality minimum value: 0
Image quality mean value: 0.776320957390996
Head movement maximum value: 91.0823802938856
Head movement mean value: 14.3577819420699
Head size ratio maximum value: 0.273377661812979
Head size ratio mean value: 0.0833440670866713
Error: no error
