

***************
Logging from: TestCalibrationMediaDialog testcalibration_main
Time: Tue Dec 20 09:43:04 2016

H(0,0) = -6586.63
H(0,1) = 12753.5
H(0,2) = 983353
H(1,0) = -4036.75
H(1,1) = 8262.54
H(1,2) = 654886
H(2,0) = -9.0058
H(2,1) = 21.7883
H(2,2) = 1
---------------



***************
Logging from: TestCalibrationMediaDialog testcalibration_main
Time: Tue Dec 20 09:44:23 2016

H(0,0) = 1.20225
H(0,1) = -0.275744
H(0,2) = 125.6
H(1,0) = 0.194544
H(1,1) = 1.13959
H(1,2) = 6.8838
H(2,0) = 0.000151051
H(2,1) = -0.00016244
H(2,2) = 1
---------------

