
CALIBRATION: calibration_main
Start time: 20.12.2016 09-42-09
End time: 20.12.2016 09-42-44
Image quality on start: 0.458333283662796
Image quality minimum value: 0.409722298383713
Image quality mean value: 0.518295173582278
Head movement maximum value: 26.1725046566048
Head movement mean value: 15.9806933795646
Head size ratio maximum value: 0.0877301117685733
Head size ratio mean value: 0.0638196102517964
Calibration reprojection error mean value: 70.1645317077637
Calibration reprojection error outliers count: 0
Error: no error

TEST CALIBRATION: testcalibration_main
Start time: 20.12.2016 09-42-48
End time: 20.12.2016 09-43-08
Image quality minimum value: 0.465277820825577
Image quality mean value: 0.539930582046509
Head movement maximum value: 27.6586333718787
Head movement mean value: 23.3247363229415
Head size ratio maximum value: 0.0877301117685733
Head size ratio mean value: 0.0904932935431735
Calibration maximum distance: 427.094837243439
Calibration corrected maximum distance: 536.325460891053
Calibration without correction was successful: False
Calibration with correction was successful: False
Error: 
Calibration not accurate enough. 
We need some further fine tuning of the calibration, it doesn't always get right from the first time. Please try again, give your best to keep your head still and focus at the red dot.

CALIBRATION: calibration_main
Start time: 20.12.2016 09-43-34
End time: 20.12.2016 09-44-05
Image quality on start: 0.669291317462921
Image quality minimum value: 0.677165329456329
Image quality mean value: 0.737986341885784
Head movement maximum value: 14.8660687473185
Head movement mean value: 9.63135640428977
Head size ratio maximum value: 0.11281814686659
Head size ratio mean value: 0.0555219146482122
Calibration reprojection error mean value: 29.2073847452799
Calibration reprojection error outliers count: 0
Error: no error

TEST CALIBRATION: testcalibration_main
Start time: 20.12.2016 09-44-08
End time: 20.12.2016 09-44-24
Image quality minimum value: 0.716535449028015
Image quality mean value: 0.744187784985908
Head movement maximum value: 14.560219778561
Head movement mean value: 12.3210532376897
Head size ratio maximum value: 0.099361783929258
Head size ratio mean value: 0.0848130230625843
Calibration maximum distance: 235.671381376696
Calibration corrected maximum distance: 63
Calibration without correction was successful: True
Calibration with correction was successful: True
Error: no error

VIDEOTASK: 1
Start time: 20.12.2016 09-44-30
End time: 20.12.2016 09-46-02
Image quality minimum value: 0.582677185535431
Image quality mean value: 0.624200653653291
Head movement maximum value: 16.6433169770932
Head movement mean value: 12.5138819029435
Head size ratio maximum value: 0.114186851211073
Head size ratio mean value: 0.0591708604945407
Error: no error
