
CALIBRATION: calibration_main
Start time: 07.12.2016 11-07-33
End time: 07.12.2016 11-08-05
Image quality on start: 0.795275568962097
Image quality minimum value: 0.687898099422455
Image quality mean value: 0.732784146553761
Head movement maximum value: 28.6356421265527
Head movement mean value: 17.4925078585208
Head size ratio maximum value: 0.086064
Head size ratio mean value: 0.0693705513513513
Calibration reprojection error mean value: 48.4584392971463
Calibration reprojection error outliers count: 0
Error: no error

TEST CALIBRATION: testcalibration_main
Start time: 07.12.2016 11-08-08
End time: 07.12.2016 11-08-25
Image quality minimum value: 0.659375011920929
Image quality mean value: 0.676308064421346
Head movement maximum value: 33.6154726279432
Head movement mean value: 27.9813726665894
Head size ratio maximum value: 0.101296
Head size ratio mean value: 0.120373950413223
Calibration maximum distance: 313.869399591614
Calibration corrected maximum distance: 56.6038867923396
Calibration without correction was successful: False
Calibration with correction was successful: True
Error: no error

CLICKTASK: c1
Start time: 07.12.2016 11-08-28
End time: 07.12.2016 11-08-52
Image quality minimum value: 0.59235668182373
Image quality mean value: 0.627603228248301
Head movement maximum value: 47.8016736108685
Head movement mean value: 39.0642379428986
Head size ratio maximum value: 0.1164
Head size ratio mean value: 0.101454285714286
Error: no error

CLICKTASK: c2
Start time: 07.12.2016 11-08-59
End time: 07.12.2016 11-09-14
Image quality minimum value: 0.556962013244629
Image quality mean value: 0.581364381771821
Head movement maximum value: 55.9732078766261
Head movement mean value: 51.8839388545295
Head size ratio maximum value: 0.1164
Head size ratio mean value: 0.0804384615384614
Error: no error

CLICKTASK: c3
Start time: 07.12.2016 11-09-19
End time: 07.12.2016 11-09-50
Image quality minimum value: 0.5429447889328
Image quality mean value: 0.562807369785211
Head movement maximum value: 62.6258732474047
Head movement mean value: 56.0649886400588
Head size ratio maximum value: 0.160944
Head size ratio mean value: 0.143918515463918
Error: no error

CLICKTASK: c4
Start time: 07.12.2016 11-09-55
End time: 07.12.2016 11-10-34
Image quality minimum value: 0.527108430862427
Image quality mean value: 0.553663365508235
Head movement maximum value: 68.8839603971781
Head movement mean value: 60.3634508017643
Head size ratio maximum value: 0.197184
Head size ratio mean value: 0.147123497674419
Error: no error
