
CALIBRATION: calibration_main
Start time: 08.12.2016 08-40-46
End time: 08.12.2016 08-41-20
Image quality on start: 0.464566916227341
Image quality minimum value: 0.401574790477753
Image quality mean value: 0.428667392210938
Head movement maximum value: 4.47213595499958
Head movement mean value: 2.40014240365962
Head size ratio maximum value: 0.0561008658867076
Head size ratio mean value: 0.0659046262176877
Calibration reprojection error mean value: 52.7521510654026
Calibration reprojection error outliers count: 0
Error: no error

TEST CALIBRATION: testcalibration_main
Start time: 08.12.2016 08-41-24
End time: 08.12.2016 08-41-41
Image quality minimum value: 0.409448832273483
Image quality mean value: 0.419005325462064
Head movement maximum value: 12.369316876853
Head movement mean value: 10.5034525904381
Head size ratio maximum value: 0.0481856038072576
Head size ratio mean value: 0.0874757710470578
Calibration maximum distance: 271.459020848451
Calibration corrected maximum distance: 61.400325732035
Calibration without correction was successful: True
Calibration with correction was successful: True
Error: no error

CLICKTASK: c1
Start time: 08.12.2016 08-42-02
End time: 08.12.2016 08-42-12
Image quality minimum value: 0.4251968562603
Image quality mean value: 0.614803146123886
Head movement maximum value: 8.48528137423857
Head movement mean value: 5.5670755140724
Head size ratio maximum value: 0.0561008658867076
Head size ratio mean value: 0.183193866085002
Error: no error

CLICKTASK: c2
Start time: 08.12.2016 08-42-20
End time: 08.12.2016 08-42-29
Image quality minimum value: 0.409448832273483
Image quality mean value: 0.559492559896575
Head movement maximum value: 13
Head movement mean value: 8.9240574937095
Head size ratio maximum value: 0.0327847180910834
Head size ratio mean value: 0.162041015170766
Error: no error

CLICKTASK: c3
Start time: 08.12.2016 08-42-36
End time: 08.12.2016 08-43-02
Image quality minimum value: 0.417322844266891
Image quality mean value: 0.587748580564887
Head movement maximum value: 17.1172427686237
Head movement mean value: 13.6954501767191
Head size ratio maximum value: 0.0745092207019631
Head size ratio mean value: 0.0560944241108386
Error: no error

CLICKTASK: c4
Start time: 08.12.2016 08-43-12
End time: 08.12.2016 08-43-33
Image quality minimum value: 0.417322844266891
Image quality mean value: 0.500450789018442
Head movement maximum value: 15.2970585407784
Head movement mean value: 12.9973774663857
Head size ratio maximum value: 0.0493753718024985
Head size ratio mean value: 0.074938733003044
Error: no error
