

***************
Logging from: TestCalibrationMediaDialog testcalibration_main
Time: Wed Jan 21 19:59:27 2015

H(0,0) = -1.72051
H(0,1) = 0.562505
H(0,2) = 502.237
H(1,0) = -1.32256
H(1,1) = 0.412085
H(1,2) = 396.168
H(2,0) = -0.00339306
H(2,1) = 0.00108766
H(2,2) = 1
---------------



***************
Logging from: VideoMediaDialog v - start
Time: Wed Jan 21 19:59:36 2015

H(0,0) = -1.72051
H(0,1) = 0.562505
H(0,2) = 502.237
H(1,0) = -1.32256
H(1,1) = 0.412085
H(1,2) = 396.168
H(2,0) = -0.00339306
H(2,1) = 0.00108766
H(2,2) = 1
---------------



***************
Logging from: TestCalibrationMediaDialog testcalibration_main
Time: Wed Jan 21 20:04:36 2015

H(0,0) = -0.230907
H(0,1) = -1.53754
H(0,2) = 720.397
H(1,0) = -0.317618
H(1,1) = -0.41112
H(1,2) = 311.785
H(2,0) = -0.000600371
H(2,1) = -0.0018434
H(2,2) = 1
---------------



***************
Logging from: VideoMediaDialog v - start
Time: Wed Jan 21 20:04:47 2015

H(0,0) = -0.230907
H(0,1) = -1.53754
H(0,2) = 720.397
H(1,0) = -0.317618
H(1,1) = -0.41112
H(1,2) = 311.785
H(2,0) = -0.000600371
H(2,1) = -0.0018434
H(2,2) = 1
---------------



***************
Logging from: VideoMediaDialog v - stop
Time: Wed Jan 21 20:06:28 2015

H(0,0) = -0.230907
H(0,1) = -1.53754
H(0,2) = 720.397
H(1,0) = -0.317618
H(1,1) = -0.41112
H(1,2) = 311.785
H(2,0) = -0.000600371
H(2,1) = -0.0018434
H(2,2) = 1
---------------

