
CALIBRATION: calibration_main
Start time: 14.03.2017 20-19-03
End time: 14.03.2017 20-19-39
Image quality on start: 0.611111104488373
Image quality minimum value: 0
Image quality mean value: 0.527086989573783
Head movement maximum value: 11.1803398874989
Head movement mean value: 6.17780073806637
Head size ratio maximum value: 0.129683879594566
Head size ratio mean value: 0.113038802369315
Calibration reprojection error mean value: 189.44512769911
Calibration reprojection error outliers count: 2
Error: no error

TEST CALIBRATION: testcalibration_main
Start time: 14.03.2017 20-19-41
End time: 14.03.2017 20-19-58
Image quality minimum value: 0
Image quality mean value: 0.533783802712286
Head movement maximum value: 13
Head movement mean value: 5.96072407038758
Head size ratio maximum value: 0.135634741601935
Head size ratio mean value: 0.183648826586899
Calibration maximum distance: 541.24393761039
Calibration corrected maximum distance: 200.384630149121
Calibration without correction was successful: False
Calibration with correction was successful: True
Error: no error

CLICKTASK: filler
Start time: 14.03.2017 20-20-00
End time: 14.03.2017 20-20-09
Image quality minimum value: 0.479166686534882
Image quality mean value: 0.562500015283242
Head movement maximum value: 14.0356688476182
Head movement mean value: 10.2064925989111
Head size ratio maximum value: 0.14747522175382
Head size ratio mean value: 0.299364712699543
Error: no error

CLICKTASK: full_shelf
Start time: 14.03.2017 20-20-18
End time: 14.03.2017 20-20-29
Image quality minimum value: 0.472222149372101
Image quality mean value: 0.621327653265836
Head movement maximum value: 29.5465734053883
Head movement mean value: 20.7527294730271
Head size ratio maximum value: 0.170911206606171
Head size ratio mean value: 0.276946359508996
Error: no error

CLICKTASK: 3row_shelf
Start time: 14.03.2017 20-20-33
End time: 14.03.2017 20-20-39
Image quality minimum value: 0.527777850627899
Image quality mean value: 0.6157823741436
Head movement maximum value: 30.8058436014987
Head movement mean value: 24.9417669047235
Head size ratio maximum value: 0.14747522175382
Head size ratio mean value: 0.201358593024324
Error: no error

CLICKTASK: pack
Start time: 14.03.2017 20-20-44
End time: 14.03.2017 20-20-52
Image quality minimum value: 0.534722208976746
Image quality mean value: 0.623046886175871
Head movement maximum value: 34.9857113690718
Head movement mean value: 32.3750859969427
Head size ratio maximum value: 0.182506711306638
Head size ratio mean value: 0.215360853943594
Error: no error
