
CALIBRATION: calibration_main
Start time: 09.12.2016 17-08-06
End time: 09.12.2016 17-08-39
Image quality on start: 0.480314970016479
Image quality minimum value: 0.393700778484344
Image quality mean value: 0.416138256150009
Head movement maximum value: 8.60232526704263
Head movement mean value: 5.46992271283463
Head size ratio maximum value: 0.138314728764977
Head size ratio mean value: 0.0899503741631806
Calibration reprojection error mean value: 109.633204142253
Calibration reprojection error outliers count: 0
Error: no error

TEST CALIBRATION: testcalibration_main
Start time: 09.12.2016 17-08-41
End time: 09.12.2016 17-08-57
Image quality minimum value: 0.401574790477753
Image quality mean value: 0.413553366952754
Head movement maximum value: 12.8062484748657
Head movement mean value: 8.71411260892988
Head size ratio maximum value: 0.122576510174652
Head size ratio mean value: 0.106868974064971
Calibration maximum distance: 268.197688282356
Calibration corrected maximum distance: 71.449282711585
Calibration without correction was successful: True
Calibration with correction was successful: True
Error: no error

CLICKTASK: c1
Start time: 09.12.2016 17-08-59
End time: 09.12.2016 17-09-13
Image quality minimum value: 0.4251968562603
Image quality mean value: 0.744354070542933
Head movement maximum value: 12.0415945787923
Head movement mean value: 8.66248407260168
Head size ratio maximum value: 0.0499919884633873
Head size ratio mean value: 0.0601935407255071
Error: no error

CLICKTASK: c2
Start time: 09.12.2016 17-09-19
End time: 09.12.2016 17-09-28
Image quality minimum value: 0.362204730510712
Image quality mean value: 0.658685516337959
Head movement maximum value: 16.2788205960997
Head movement mean value: 12.501004519282
Head size ratio maximum value: 0.0499919884633873
Head size ratio mean value: 0.0750759097635742
Error: no error

CLICKTASK: c3
Start time: 09.12.2016 17-09-31
End time: 09.12.2016 17-09-50
Image quality minimum value: 0.409448832273483
Image quality mean value: 0.639211208543234
Head movement maximum value: 20.6155281280883
Head movement mean value: 15.7987626142815
Head size ratio maximum value: 0.0663711299827306
Head size ratio mean value: 0.0676578171202012
Error: no error

CLICKTASK: c4
Start time: 09.12.2016 17-09-55
End time: 09.12.2016 17-10-05
Image quality minimum value: 0.393700778484344
Image quality mean value: 0.479658800970625
Head movement maximum value: 24.738633753706
Head movement mean value: 19.9201581904194
Head size ratio maximum value: 0.0987021310687389
Head size ratio mean value: 0.0650754370243767
Error: no error
