
CALIBRATION: calibration_main
Start time: 08.12.2016 16-58-15
End time: 08.12.2016 16-58-47
Image quality on start: 0.795275568962097
Image quality minimum value: 0.771653532981873
Image quality mean value: 0.804813398043705
Head movement maximum value: 17.2626765016321
Head movement mean value: 9.18025786281633
Head size ratio maximum value: 0.0999342537804077
Head size ratio mean value: 0.0598417136878677
Calibration reprojection error mean value: 46.4318971633911
Calibration reprojection error outliers count: 0
Error: no error

TEST CALIBRATION: testcalibration_main
Start time: 08.12.2016 16-58-49
End time: 08.12.2016 16-59-05
Image quality minimum value: 0.826771676540375
Image quality mean value: 0.844764484648119
Head movement maximum value: 27.1661554144122
Head movement mean value: 22.8863950246858
Head size ratio maximum value: 0.114197530864198
Head size ratio mean value: 0.10348285151479
Calibration maximum distance: 334.215499341368
Calibration corrected maximum distance: 61.6116872029975
Calibration without correction was successful: False
Calibration with correction was successful: True
Error: no error

CLICKTASK: c1
Start time: 08.12.2016 16-59-07
End time: 08.12.2016 16-59-10
Image quality minimum value: 0.850393712520599
Image quality mean value: 0.888677431855883
Head movement maximum value: 28.0713376952364
Head movement mean value: 20.2578038432112
Head size ratio maximum value: 0.051939513477975
Head size ratio mean value: 0.255751750623545
Error: no error

CLICKTASK: c2
Start time: 08.12.2016 16-59-17
End time: 08.12.2016 16-59-25
Image quality minimum value: 0.850393712520599
Image quality mean value: 0.872718620513167
Head movement maximum value: 36.0555127546399
Head movement mean value: 33.2505645601754
Head size ratio maximum value: 0.187541091387245
Head size ratio mean value: 0.145420299667095
Error: no error

CLICKTASK: c3
Start time: 08.12.2016 16-59-32
End time: 08.12.2016 17-00-04
Image quality minimum value: 0.814935088157654
Image quality mean value: 0.853027708275349
Head movement maximum value: 47.3814309619285
Head movement mean value: 39.7887130283343
Head size ratio maximum value: 0.292205420410549
Head size ratio mean value: 0.119723913727945
Error: no error

CLICKTASK: c4
Start time: 08.12.2016 17-00-08
End time: 08.12.2016 17-00-29
Image quality minimum value: 0.784810125827789
Image quality mean value: 0.816326044771793
Head movement maximum value: 58.4208866759141
Head movement mean value: 52.0755593968061
Head size ratio maximum value: 0.0999342537804077
Head size ratio mean value: 0.0442905833603942
Error: no error
