

***************
Logging from: TestCalibrationMediaDialog testcalibration_main
Time: Sun Mar 05 15:41:34 2017

H(0,0) = 1.52338
H(0,1) = 0.26595
H(0,2) = -624.356
H(1,0) = 0.121648
H(1,1) = 1.65683
H(1,2) = -526.099
H(2,0) = 0.000137892
H(2,1) = -0.000175617
H(2,2) = 1
---------------



***************
Logging from: TestCalibrationMediaDialog testcalibration_main
Time: Sun Mar 05 15:46:31 2017

H(0,0) = 1.61572
H(0,1) = -1.03708
H(0,2) = 126.843
H(1,0) = 0.666868
H(1,1) = 1.78718
H(1,2) = -962.684
H(2,0) = 0.000174214
H(2,1) = -0.000345045
H(2,2) = 1
---------------

