
CALIBRATION: calibration_main
Start time: 05.03.2017 15-40-28
End time: 05.03.2017 15-41-06
Image quality on start: 0.606299221515656
Image quality minimum value: 0.590551197528839
Image quality mean value: 0.607222454727821
Head movement maximum value: 8
Head movement mean value: 4.39226650048858
Head size ratio maximum value: 0.0875473379371797
Head size ratio mean value: 0.0457277005065995
Calibration reprojection error mean value: 103.584134843614
Calibration reprojection error outliers count: 0
Error: no error

TEST CALIBRATION: testcalibration_main
Start time: 05.03.2017 15-41-17
End time: 05.03.2017 15-41-34
Image quality minimum value: 0.598425209522247
Image quality mean value: 0.615531886558907
Head movement maximum value: 4.47213595499958
Head movement mean value: 2.16094039365539
Head size ratio maximum value: 0.0875473379371797
Head size ratio mean value: 0.0596271277501867
Calibration maximum distance: 310.654148531772
Calibration corrected maximum distance: 32.9848450049413
Calibration without correction was successful: True
Calibration with correction was successful: True
Error: no error

CLICKTASK: shoppersmode
Start time: 05.03.2017 15-42-17
End time: 05.03.2017 15-45-20
Image quality minimum value: 0
Image quality mean value: 0.556602098168206
Head movement maximum value: 20.0249843945008
Head movement mean value: 11.7767313400846
Head size ratio maximum value: 0.129817331254177
Head size ratio mean value: 0.0284799162115213
Error: 
Your face is not detected properly! Please try to set your position again and repeat calibration.

CALIBRATION: calibration_main
Start time: 05.03.2017 15-45-36
End time: 05.03.2017 15-46-11
Image quality on start: 0.614173233509064
Image quality minimum value: 0.614173233509064
Image quality mean value: 0.630158556487462
Head movement maximum value: 9.48683298050514
Head movement mean value: 5.04198319254119
Head size ratio maximum value: 0.0853995286905984
Head size ratio mean value: 0.0423285076832857
Calibration reprojection error mean value: 192.922180599637
Calibration reprojection error outliers count: 0
Error: no error

TEST CALIBRATION: testcalibration_main
Start time: 05.03.2017 15-46-15
End time: 05.03.2017 15-46-31
Image quality minimum value: 0.614173233509064
Image quality mean value: 0.62641825216023
Head movement maximum value: 7.61577310586391
Head movement mean value: 3.88872016020669
Head size ratio maximum value: 0.0774913617371944
Head size ratio mean value: 0.048420148163866
Calibration maximum distance: 449.828856344277
Calibration corrected maximum distance: 41.7731971484108
Calibration without correction was successful: False
Calibration with correction was successful: True
Error: no error

CLICKTASK: shoppersmode
Start time: 05.03.2017 15-46-38
End time: 05.03.2017 15-46-47
Image quality minimum value: 0.574803173542023
Image quality mean value: 0.603832663541817
Head movement maximum value: 5.3851648071345
Head movement mean value: 3.63961876534428
Head size ratio maximum value: 0.0461478407957321
Head size ratio mean value: 0.0723971512414071
Error: no error

CLICKTASK: shelftask
Start time: 05.03.2017 15-46-53
End time: 05.03.2017 15-47-01
Image quality minimum value: 0.566929161548615
Image quality mean value: 0.582245075121159
Head movement maximum value: 8.24621125123532
Head movement mean value: 5.06947022227866
Head size ratio maximum value: 0.0696121094710058
Head size ratio mean value: 0.0404900827912124
Error: no error

VIDEOTASK: 3drot
Start time: 05.03.2017 15-47-06
End time: 05.03.2017 15-47-15
Image quality minimum value: 0.519685029983521
Image quality mean value: 0.604141955506312
Head movement maximum value: 8.94427190999916
Head movement mean value: 6.97919028730118
Head size ratio maximum value: 0.0539403490002748
Head size ratio mean value: 0.0822809014331982
Error: no error
