
CALIBRATION: calibration_main
Start time: 17.12.2016 21-56-34
End time: 17.12.2016 21-57-14
Image quality on start: 0.625
Image quality minimum value: 0.566929161548615
Image quality mean value: 0.645504741075401
Head movement maximum value: 7.07106781186548
Head movement mean value: 3.98441496119784
Head size ratio maximum value: 0.086603653435553
Head size ratio mean value: 0.0773665219102734
Calibration reprojection error mean value: 155.698848194546
Calibration reprojection error outliers count: 1
Error: no error

TEST CALIBRATION: testcalibration_main
Start time: 17.12.2016 21-57-18
End time: 17.12.2016 21-57-36
Image quality minimum value: 0.566929161548615
Image quality mean value: 0.633201334677951
Head movement maximum value: 10.1980390271856
Head movement mean value: 7.22563059750239
Head size ratio maximum value: 0.0646156151281698
Head size ratio mean value: 0.15746355419033
Calibration maximum distance: 424.891750920161
Calibration corrected maximum distance: 72.5327512231544
Calibration without correction was successful: False
Calibration with correction was successful: True
Error: no error

VIDEOTASK: 1
Start time: 17.12.2016 21-57-52
End time: 17.12.2016 21-59-20
Image quality minimum value: 0.417322844266891
Image quality mean value: 0.540886066091342
Head movement maximum value: 46.0108682813094
Head movement mean value: 25.9927987374337
Head size ratio maximum value: 0.108816441708599
Head size ratio mean value: 0.0933810545217266
Error: no error
