

***************
Logging from: TestCalibrationMediaDialog testcalibration_main
Time: Thu Mar 02 20:59:24 2017

H(0,0) = 2.24509
H(0,1) = 1.23651
H(0,2) = -649.29
H(1,0) = -0.384926
H(1,1) = 4.35787
H(1,2) = -293.68
H(2,0) = -0.000412804
H(2,1) = 0.00350018
H(2,2) = 1
---------------



***************
Logging from: TestCalibrationMediaDialog testcalibration_main
Time: Thu Mar 02 21:00:37 2017

H(0,0) = 0.250369
H(0,1) = 0.123087
H(0,2) = 105.03
H(1,0) = -0.247825
H(1,1) = 0.58167
H(1,2) = 336.807
H(2,0) = -0.000457659
H(2,1) = 0.000205773
H(2,2) = 1
---------------

