

***************
Logging from: TestCalibrationMediaDialog testcalibration_main
Time: Thu Jan 26 21:23:55 2017

H(0,0) = 0.87395
H(0,1) = -0.288012
H(0,2) = 163.529
H(1,0) = -0.0470339
H(1,1) = 0.918497
H(1,2) = 105.63
H(2,0) = -7.95222e-005
H(2,1) = -6.48925e-005
H(2,2) = 1
---------------



***************
Logging from: TestCalibrationMediaDialog testcalibration_main_2
Time: Thu Jan 26 21:26:24 2017

H(0,0) = 1.67021
H(0,1) = -4.24695
H(0,2) = 548.991
H(1,0) = 0.155352
H(1,1) = -0.578706
H(1,2) = 223.241
H(2,0) = 0.000863477
H(2,1) = -0.00330773
H(2,2) = 1
---------------

