
CALIBRATION: calibration_main
Start time: 26.01.2017 21-23-02
End time: 26.01.2017 21-23-35
Image quality on start: 0,834645688533783
Image quality minimum value: 0,750000059604645
Image quality mean value: 0,806719573038929
Head movement maximum value: 11,1803398874989
Head movement mean value: 8,27002873475525
Head size ratio maximum value: 0,0737067160395865
Head size ratio mean value: 0,0638845325771024
Calibration reprojection error mean value: 29,9702513482836
Calibration reprojection error outliers count: 0
Error: no error

TEST CALIBRATION: testcalibration_main
Start time: 26.01.2017 21-23-38
End time: 26.01.2017 21-23-55
Image quality minimum value: 0,743055641651154
Image quality mean value: 0,811822605527137
Head movement maximum value: 14,3178210632764
Head movement mean value: 10,9294983022309
Head size ratio maximum value: 0,145804403888117
Head size ratio mean value: 0,117771281916203
Calibration maximum distance: 189,021162836334
Calibration corrected maximum distance: 129,243955371228
Calibration without correction was successful: True
Calibration with correction was successful: True
Error: no error

WATCHTASK: 1
Start time: 26.01.2017 21-24-13
End time: 26.01.2017 21-24-44
Image quality minimum value: 0,65972226858139
Image quality mean value: 0,731481500731574
Head movement maximum value: 16,6433169770932
Head movement mean value: 12,1956345580295
Head size ratio maximum value: 0,161872644316604
Head size ratio mean value: 0,134390344851232
Error: no error

VIDEOTASK: 2
Start time: 26.01.2017 21-24-54
End time: 26.01.2017 21-25-12
Image quality minimum value: 0
Image quality mean value: 0,0252057622980188
Head movement maximum value: 0
Head movement mean value: 0
Head size ratio maximum value: 0
Head size ratio mean value: 1
Error: 
Ihr Gesicht wurde nicht richtig erkannt. Bringen Sie sich erneut in Position, und wiederholen Sie die Kalibrierung.

CALIBRATION: calibration_main_2
Start time: 26.01.2017 21-25-36
End time: 26.01.2017 21-26-07
Image quality on start: 0,88976377248764
Image quality minimum value: 0,787401556968689
Image quality mean value: 0,819230344094021
Head movement maximum value: 16,6433169770932
Head movement mean value: 10,0222668417147
Head size ratio maximum value: 0,113698506111363
Head size ratio mean value: 0,0942349798200701
Calibration reprojection error mean value: 138,636383374532
Calibration reprojection error outliers count: 0
Error: no error

TEST CALIBRATION: testcalibration_main_2
Start time: 26.01.2017 21-26-09
End time: 26.01.2017 21-26-25
Image quality minimum value: 0,755905508995056
Image quality mean value: 0,7994403400697
Head movement maximum value: 24,4131112314674
Head movement mean value: 16,6446417267776
Head size ratio maximum value: 0,131733816206428
Head size ratio mean value: 0,122984933910486
Calibration maximum distance: 901,734439843572
Calibration corrected maximum distance: 125,717938258627
Calibration without correction was successful: False
Calibration with correction was successful: True
Error: no error

VIDEOTASK: 2
Start time: 26.01.2017 21-26-26
End time: 26.01.2017 21-26-43
Image quality minimum value: 0
Image quality mean value: 0,528429779095378
Head movement maximum value: 20,5182845286832
Head movement mean value: 17,0872494037762
Head size ratio maximum value: 0,104735174287008
Head size ratio mean value: 0,118570371760757
Error: no error
