
CALIBRATION: calibration_main
Start time: 20.03.2017 10-44-03
End time: 20.03.2017 10-44-35
Image quality on start: 0.673202633857727
Image quality minimum value: 0.664516150951386
Image quality mean value: 0.671392033284314
Head movement maximum value: 6.40312423743285
Head movement mean value: 4.2722427705756
Head size ratio maximum value: 0.0512734019227525
Head size ratio mean value: 0.0262371673664248
Calibration reprojection error mean value: 92.2818687227037
Calibration reprojection error outliers count: 0
Error: no error

TEST CALIBRATION: testcalibration_main
Start time: 20.03.2017 10-44-37
End time: 20.03.2017 10-44-54
Image quality minimum value: 0.668831169605255
Image quality mean value: 0.671373925807718
Head movement maximum value: 6.70820393249937
Head movement mean value: 5.30683336837503
Head size ratio maximum value: 0.0512734019227525
Head size ratio mean value: 0.0543627409580839
Calibration maximum distance: 299.347624009278
Calibration corrected maximum distance: 147.705788647568
Calibration without correction was successful: True
Calibration with correction was successful: True
Error: no error

WATCHTASK: 1
Start time: 20.03.2017 10-44-55
End time: 20.03.2017 10-45-11
Image quality minimum value: 0.664516150951386
Image quality mean value: 0.673436129887899
Head movement maximum value: 10
Head movement mean value: 6.83805699702184
Head size ratio maximum value: 0.0512734019227525
Head size ratio mean value: 0.0657106625937793
Error: no error
