
CALIBRATION: calibration_main
Start time: 26.01.2017 18-44-36
End time: 26.01.2017 18-45-08
Image quality on start: 0,724409461021423
Image quality minimum value: 0,700787425041199
Image quality mean value: 0,710873825360188
Head movement maximum value: 8,94427190999916
Head movement mean value: 3,88641808402596
Head size ratio maximum value: 0,131322314049587
Head size ratio mean value: 0,0698946829518025
Calibration reprojection error mean value: 141,066298590766
Calibration reprojection error outliers count: 1
Error: no error

TEST CALIBRATION: testcalibration_main
Start time: 26.01.2017 18-45-13
End time: 26.01.2017 18-45-29
Image quality minimum value: 0,708661437034607
Image quality mean value: 0,720818911552429
Head movement maximum value: 10,1980390271856
Head movement mean value: 6,80822029106123
Head size ratio maximum value: 0,131322314049587
Head size ratio mean value: 0,106180330578512
Calibration maximum distance: 315,539221016976
Calibration corrected maximum distance: 55,0363516232681
Calibration without correction was successful: True
Calibration with correction was successful: True
Error: no error

WATCHTASK: 1
Start time: 26.01.2017 18-46-50
End time: 26.01.2017 18-47-21
Image quality minimum value: 0,716535449028015
Image quality mean value: 0,795860734737315
Head movement maximum value: 17,6918060129541
Head movement mean value: 12,0887862455483
Head size ratio maximum value: 0,312066115702479
Head size ratio mean value: 0,189011691668951
Error: no error

VIDEOTASK: 2
Start time: 26.01.2017 18-47-56
End time: 26.01.2017 18-48-15
Image quality minimum value: 0,685039341449738
Image quality mean value: 0,739026157335303
Head movement maximum value: 17,0293863659264
Head movement mean value: 11,5342704205528
Head size ratio maximum value: 0,301673553719008
Head size ratio mean value: 0,217913223140495
Error: no error
