
CALIBRATION: calibration_main
Start time: 19.12.2016 18-15-35
End time: 19.12.2016 18-16-12
Image quality on start: 0.606299221515656
Image quality minimum value: 0.614173233509064
Image quality mean value: 0.655511812415234
Head movement maximum value: 7.21110255092798
Head movement mean value: 4.92267403634267
Head size ratio maximum value: 0.093696
Head size ratio mean value: 0.0945239999999999
Calibration reprojection error mean value: 83.2166283925374
Calibration reprojection error outliers count: 0
Error: no error

TEST CALIBRATION: testcalibration_main
Start time: 19.12.2016 18-16-21
End time: 19.12.2016 18-16-38
Image quality minimum value: 0.614173233509064
Image quality mean value: 0.63260177221704
Head movement maximum value: 5
Head movement mean value: 3.46272779290517
Head size ratio maximum value: 0.062976
Head size ratio mean value: 0.115949957446809
Calibration maximum distance: 312.963256629273
Calibration corrected maximum distance: 71.6937933157397
Calibration without correction was successful: False
Calibration with correction was successful: True
Error: no error

VIDEOTASK: 1
Start time: 19.12.2016 18-17-01
End time: 19.12.2016 18-18-35
Image quality minimum value: 0.377952754497528
Image quality mean value: 0.528703645133136
Head movement maximum value: 25.4950975679639
Head movement mean value: 15.9624951645576
Head size ratio maximum value: 0.101296
Head size ratio mean value: 0.0628268270676692
Error: no error
