

***************
Logging from: TestCalibrationMediaDialog testcalibration_main
Time: Sun Mar 19 14:18:01 2017

H(0,0) = -6.07294
H(0,1) = 19.6277
H(0,2) = -2543.28
H(1,0) = -1.18651
H(1,1) = 10.8917
H(1,2) = -2151.05
H(2,0) = -0.0080598
H(2,1) = 0.0178913
H(2,2) = 1
---------------



***************
Logging from: TestCalibrationMediaDialog testcalibration_main
Time: Sun Mar 19 14:19:18 2017

H(0,0) = 0.875619
H(0,1) = -0.580406
H(0,2) = 54.1679
H(1,0) = -0.021844
H(1,1) = 0.449809
H(1,2) = 13.1524
H(2,0) = -8.23519e-005
H(2,1) = -0.0007762
H(2,2) = 1
---------------

