
CALIBRATION: calibration_main
Start time: 19.03.2017 14-17-11
End time: 19.03.2017 14-17-43
Image quality on start: 0.925000011920929
Image quality minimum value: 0.881097555160522
Image quality mean value: 0.91284631314567
Head movement maximum value: 13.1529464379659
Head movement mean value: 6.23626133420773
Head size ratio maximum value: 0.104735174287008
Head size ratio mean value: 0.041944479945916
Calibration reprojection error mean value: 198.987513224284
Calibration reprojection error outliers count: 2
Error: no error

TEST CALIBRATION: testcalibration_main
Start time: 19.03.2017 14-17-45
End time: 19.03.2017 14-18-06
Image quality minimum value: 0.899999976158142
Image quality mean value: 0.91660991416258
Head movement maximum value: 10.0498756211209
Head movement mean value: 6.70784171720849
Head size ratio maximum value: 0.0780624717066547
Head size ratio mean value: 0.072043103524796
Calibration maximum distance: 611.435196893342
Calibration corrected maximum distance: 610.247490777307
Calibration without correction was successful: False
Calibration with correction was successful: False
Error: 
Calibration not accurate enough. 
We need some further fine tuning of the calibration, it doesn't always get right from the first time. Please try again, give your best to keep your head still and focus at the red dot.

CALIBRATION: calibration_main
Start time: 19.03.2017 14-18-30
End time: 19.03.2017 14-19-01
Image quality on start: 0.926380395889282
Image quality minimum value: 0.875
Image quality mean value: 0.912676130425131
Head movement maximum value: 11.4017542509914
Head movement mean value: 6.19163420441402
Head size ratio maximum value: 0.0441448484964055
Head size ratio mean value: 0.0230306752841394
Calibration reprojection error mean value: 138.425439622667
Calibration reprojection error outliers count: 0
Error: no error

TEST CALIBRATION: testcalibration_main
Start time: 19.03.2017 14-19-02
End time: 19.03.2017 14-19-18
Image quality minimum value: 0.895833313465118
Image quality mean value: 0.916931210324922
Head movement maximum value: 10.0498756211209
Head movement mean value: 6.77223563027588
Head size ratio maximum value: 0.0441448484964055
Head size ratio mean value: 0.0521868674798292
Calibration maximum distance: 343.12679872024
Calibration corrected maximum distance: 160.162417564171
Calibration without correction was successful: True
Calibration with correction was successful: True
Error: no error

CLICKTASK: filler
Start time: 19.03.2017 14-19-20
End time: 19.03.2017 14-19-32
Image quality minimum value: 0.875
Image quality mean value: 0.918458959592981
Head movement maximum value: 16.1245154965971
Head movement mean value: 7.85084803408727
Head size ratio maximum value: 0.0530882324898456
Head size ratio mean value: 0.0513153513487721
Error: no error

CLICKTASK: full_shelf
Start time: 19.03.2017 14-19-33
End time: 19.03.2017 14-19-45
Image quality minimum value: 0.888888895511627
Image quality mean value: 0.915293242460416
Head movement maximum value: 9.21954445729289
Head movement mean value: 5.51881227653375
Head size ratio maximum value: 0.0710894147708854
Head size ratio mean value: 0.0322189239830017
Error: no error

CLICKTASK: 3row_shelf
Start time: 19.03.2017 14-19-48
End time: 19.03.2017 14-19-59
Image quality minimum value: 0.888888895511627
Image quality mean value: 0.917522891283035
Head movement maximum value: 9.05538513813742
Head movement mean value: 4.95173332607437
Head size ratio maximum value: 0.0801472130584848
Head size ratio mean value: 0.0695263629602788
Error: no error

CLICKTASK: pack
Start time: 19.03.2017 14-20-02
End time: 19.03.2017 14-20-06
Image quality minimum value: 0.903030276298523
Image quality mean value: 0.917380832361453
Head movement maximum value: 6.32455532033676
Head movement mean value: 3.98695014699894
Head size ratio maximum value: 0.0801472130584848
Head size ratio mean value: 0.160689097646821
Error: no error
