

***************
Logging from: TestCalibrationMediaDialog testcalibration_main
Time: Mon Dec 19 17:23:18 2016

H(0,0) = 2.30256
H(0,1) = 0.0182896
H(0,2) = -244.618
H(1,0) = 0.198816
H(1,1) = 1.38399
H(1,2) = -88.3775
H(2,0) = 0.000564626
H(2,1) = 0.000100081
H(2,2) = 1
---------------



***************
Logging from: TestCalibrationMediaDialog testcalibration_main
Time: Mon Dec 19 17:25:52 2016

H(0,0) = 1.13157
H(0,1) = -1.21391
H(0,2) = 336.998
H(1,0) = 0.00944964
H(1,1) = 1.14154
H(1,2) = -280.125
H(2,0) = -0.000452532
H(2,1) = 0.000321043
H(2,2) = 1
---------------

