

***************
Logging from: TestCalibrationMediaDialog testcalibration_main
Time: Sun Mar 19 21:31:45 2017

H(0,0) = 0.903853
H(0,1) = -7.98439
H(0,2) = 2598.99
H(1,0) = 1.42017
H(1,1) = -6.36095
H(1,2) = 1690.46
H(2,0) = 0.00606595
H(2,1) = -0.0157212
H(2,2) = 1
---------------



***************
Logging from: TestCalibrationMediaDialog testcalibration_main_full_shelf
Time: Sun Mar 19 21:34:22 2017

H(0,0) = 4.8155
H(0,1) = 2.74349
H(0,2) = -2487.04
H(1,0) = 0.602328
H(1,1) = 3.98097
H(1,2) = -1325.53
H(2,0) = 0.00106432
H(2,1) = 0.000678377
H(2,2) = 1
---------------

