
CALIBRATION: calibration_main
Start time: 19.12.2016 17-17-11
End time: 19.12.2016 17-17-42
Image quality on start: 0,480314970016479
Image quality minimum value: 0,4251968562603
Image quality mean value: 0,45211418471935
Head movement maximum value: 5,65685424949238
Head movement mean value: 3,1707880616871
Head size ratio maximum value: 0,0643516717511927
Head size ratio mean value: 0,0408731668805375
Calibration reprojection error mean value: 48,8617742326525
Calibration reprojection error outliers count: 0
Error: no error

TEST CALIBRATION: testcalibration_main
Start time: 19.12.2016 17-17-45
End time: 19.12.2016 17-18-01
Image quality minimum value: 0,440944880247116
Image quality mean value: 0,461672521862588
Head movement maximum value: 8,24621125123532
Head movement mean value: 6,14334261510902
Head size ratio maximum value: 0,0623451608279929
Head size ratio mean value: 0,0536716179863465
Calibration maximum distance: 277,073997336452
Calibration corrected maximum distance: 98,979795918157
Calibration without correction was successful: True
Calibration with correction was successful: True
Error: no error

VIDEOTASK: 1
Start time: 19.12.2016 17-18-06
End time: 19.12.2016 17-19-34
Image quality minimum value: 0,464566916227341
Image quality mean value: 0,759821499081085
Head movement maximum value: 20,1246117974981
Head movement mean value: 13,4900881167027
Head size ratio maximum value: 0,122683810732786
Head size ratio mean value: 0,0540441080636828
Error: no error
