
CALIBRATION: calibration_main
Start time: 17.03.2017 09-00-03
End time: 17.03.2017 09-00-35
Image quality on start: 0.826771676540375
Image quality minimum value: 0.74015748500824
Image quality mean value: 0.766674378338982
Head movement maximum value: 7.28010988928052
Head movement mean value: 3.54307677453764
Head size ratio maximum value: 0.111639582507597
Head size ratio mean value: 0.0459180765713603
Calibration reprojection error mean value: 11.6551547182931
Calibration reprojection error outliers count: 0
Error: no error

TEST CALIBRATION: testcalibration_main
Start time: 17.03.2017 09-00-37
End time: 17.03.2017 09-00-53
Image quality minimum value: 0.724409461021423
Image quality mean value: 0.758407531497635
Head movement maximum value: 10
Head movement mean value: 6.71010136647127
Head size ratio maximum value: 0.0940679085744485
Head size ratio mean value: 0.0439744359964935
Calibration maximum distance: 107.517440445725
Calibration corrected maximum distance: 55.4616984954482
Calibration without correction was successful: True
Calibration with correction was successful: True
Error: no error

CLICKTASK: filler
Start time: 17.03.2017 09-00-58
End time: 17.03.2017 09-01-09
Image quality minimum value: 0.763779520988464
Image quality mean value: 0.88041897320453
Head movement maximum value: 11.4017542509914
Head movement mean value: 7.55938483325565
Head size ratio maximum value: 0.0825149366568312
Head size ratio mean value: 0.0646959419764022
Error: no error

CLICKTASK: full_shelf
Start time: 17.03.2017 09-01-13
End time: 17.03.2017 09-01-21
Image quality minimum value: 0.748031497001648
Image quality mean value: 0.841710772603116
Head movement maximum value: 13
Head movement mean value: 10.5480613585582
Head size ratio maximum value: 0.0677764565992866
Head size ratio mean value: 0.0513664358820835
Error: no error

CLICKTASK: 3row_shelf
Start time: 17.03.2017 09-01-25
End time: 17.03.2017 09-01-43
Image quality minimum value: 0.748031497001648
Image quality mean value: 0.857247332022304
Head movement maximum value: 14.3178210632764
Head movement mean value: 11.4048663175461
Head size ratio maximum value: 0.0825149366568312
Head size ratio mean value: 0.0635676293094711
Error: no error

CLICKTASK: pack
Start time: 17.03.2017 09-01-47
End time: 17.03.2017 09-02-01
Image quality minimum value: 0.763779520988464
Image quality mean value: 0.838384510911241
Head movement maximum value: 15.8113883008419
Head movement mean value: 12.8278160095731
Head size ratio maximum value: 0.052920538453634
Head size ratio mean value: 0.044668365724176
Error: no error
