
CALIBRATION: calibration_main
Start time: 07.12.2016 09-57-07
End time: 07.12.2016 09-57-16
Image quality on start: 0.653543293476105
Image quality minimum value: 1000
Image quality mean value: 0
Head movement maximum value: 0
Head movement mean value: 0
Head size ratio maximum value: 0
Head size ratio mean value: 0
Calibration reprojection error mean value: 999999
Calibration reprojection error outliers count: 999999
Error: 
Initialization Error!
Please contact us on support@eyesee.be and inform us about this error.

CALIBRATION: calibration_main
Start time: 07.12.2016 09-57-38
End time: 07.12.2016 09-57-44
Image quality on start: 0.653543293476105
Image quality minimum value: 1000
Image quality mean value: 0
Head movement maximum value: 0
Head movement mean value: 0
Head size ratio maximum value: 0
Head size ratio mean value: 0
Calibration reprojection error mean value: 999999
Calibration reprojection error outliers count: 999999
Error: 
Initialization Error!
Please contact us on support@eyesee.be and inform us about this error.
