
CALIBRATION: calibration_main
Start time: 17.03.2017 10-22-50
End time: 17.03.2017 10-22-57
Image quality on start: 0.637795269489288
Image quality minimum value: 0
Image quality mean value: 0.551968508958817
Head movement maximum value: 0
Head movement mean value: NaN
Head size ratio maximum value: 0.980063733557296
Head size ratio mean value: 0.99800637335573
Calibration reprojection error mean value: 999999
Calibration reprojection error outliers count: 999999
Error: 
Sorry, but we have lost your eyes. This is probably due to excessive head movements. Please try to recalibrate again and give your best to keep your head still.

CALIBRATION: calibration_main
Start time: 17.03.2017 10-23-03
End time: 17.03.2017 10-23-35
Image quality on start: 0.606299221515656
Image quality minimum value: 0.527559041976929
Image quality mean value: 0.582617233242256
Head movement maximum value: 34.4383507154451
Head movement mean value: 18.2760012110886
Head size ratio maximum value: 0.167616387041476
Head size ratio mean value: 0.0995636149574785
Calibration reprojection error mean value: 164.891771952311
Calibration reprojection error outliers count: 2
Error: no error

TEST CALIBRATION: testcalibration_main
Start time: 17.03.2017 10-23-36
End time: 17.03.2017 10-23-52
Image quality minimum value: 0
Image quality mean value: 0.539577268527455
Head movement maximum value: 33.5410196624968
Head movement mean value: 23.960632003809
Head size ratio maximum value: 0.085728797955588
Head size ratio mean value: 0.0712475969660691
Calibration maximum distance: 387.659644533707
Calibration corrected maximum distance: 110.724884285331
Calibration without correction was successful: False
Calibration with correction was successful: True
Error: no error

CLICKTASK: filler
Start time: 17.03.2017 10-23-54
End time: 17.03.2017 10-23-58
Image quality minimum value: 0.503937005996704
Image quality mean value: 0.520536274523348
Head movement maximum value: 29.698484809835
Head movement mean value: 19.0402668101072
Head size ratio maximum value: 0.123426612275996
Head size ratio mean value: 0.257070994583097
Error: no error

CLICKTASK: full_shelf
Start time: 17.03.2017 10-24-00
End time: 17.03.2017 10-24-05
Image quality minimum value: 0.511811017990112
Image quality mean value: 0.542239404330819
Head movement maximum value: 25.0599281722833
Head movement mean value: 22.7865975879823
Head size ratio maximum value: 0.0704274535324836
Head size ratio mean value: 0.0571691221473751
Error: no error

CLICKTASK: 3row_shelf
Start time: 17.03.2017 10-24-07
End time: 17.03.2017 10-24-11
Image quality minimum value: 0.511811017990112
Image quality mean value: 0.539791886295591
Head movement maximum value: 25.2388589282479
Head movement mean value: 22.2866470704035
Head size ratio maximum value: 0.085728797955588
Head size ratio mean value: 0.0825276016026956
Error: no error

CLICKTASK: pack
Start time: 17.03.2017 10-24-13
End time: 17.03.2017 10-24-18
Image quality minimum value: 0.535433053970337
Image quality mean value: 0.543682018915812
Head movement maximum value: 25.8069758011279
Head movement mean value: 21.2555555063824
Head size ratio maximum value: 0.0704274535324836
Head size ratio mean value: 0.168186294850951
Error: no error
