

***************
Logging from: TestCalibrationMediaDialog testcalibration_main
Time: Mon Dec 05 11:02:15 2016

H(0,0) = -0.772235
H(0,1) = -0.528749
H(0,2) = 728.403
H(1,0) = -0.41875
H(1,1) = -0.302778
H(1,2) = 401.132
H(2,0) = -0.000980004
H(2,1) = -0.000868452
H(2,2) = 1
---------------



***************
Logging from: TestCalibrationMediaDialog testcalibration_main
Time: Mon Dec 05 11:03:24 2016

H(0,0) = -0.196992
H(0,1) = -2.02605
H(0,2) = 1037.48
H(1,0) = -0.174584
H(1,1) = -0.027923
H(1,2) = 139.206
H(2,0) = -0.000348282
H(2,1) = -0.00171466
H(2,2) = 1
---------------

