
CALIBRATION: calibration_main
Start time: 05.12.2016 11-01-12
End time: 05.12.2016 11-01-48
Image quality on start: 0.409448832273483
Image quality minimum value: 0.464566916227341
Image quality mean value: 0.523826106312525
Head movement maximum value: 19.1049731745428
Head movement mean value: 11.0304010027447
Head size ratio maximum value: 0.213707439176381
Head size ratio mean value: 0.15300027004881
Calibration reprojection error mean value: 250.258573320177
Calibration reprojection error outliers count: 5
Error: no error

TEST CALIBRATION: testcalibration_main
Start time: 05.12.2016 11-01-58
End time: 05.12.2016 11-02-19
Image quality minimum value: 0.440944880247116
Image quality mean value: 0.454794705978462
Head movement maximum value: 9.05538513813742
Head movement mean value: 5.60844602643122
Head size ratio maximum value: 0.258952042814801
Head size ratio mean value: 0.262034929911262
Calibration maximum distance: 543.515409165186
Calibration corrected maximum distance: 0
Calibration without correction was successful: False
Calibration with correction was successful: False
Error: 
Calibration not accurate enough. 
We need some further fine tuning of the calibration, it doesn't always get right from the first time. Please try again, give your best to keep your head still and focus at the red dot.

CALIBRATION: calibration_main
Start time: 05.12.2016 11-02-32
End time: 05.12.2016 11-03-07
Image quality on start: 0.493055552244186
Image quality minimum value: 0.388888895511627
Image quality mean value: 0.513116442932273
Head movement maximum value: 11.3137084989848
Head movement mean value: 5.05305077589115
Head size ratio maximum value: 0.165082832324511
Head size ratio mean value: 0.0833240362434907
Calibration reprojection error mean value: 359.179834577772
Calibration reprojection error outliers count: 5
Error: no error

TEST CALIBRATION: testcalibration_main
Start time: 05.12.2016 11-03-08
End time: 05.12.2016 11-03-25
Image quality minimum value: 0.409722298383713
Image quality mean value: 0.569489800777191
Head movement maximum value: 12.1655250605964
Head movement mean value: 3.75614488277729
Head size ratio maximum value: 0.141565188988353
Head size ratio mean value: 0.170580472298363
Calibration maximum distance: 934.050319843637
Calibration corrected maximum distance: 290.423828223512
Calibration without correction was successful: False
Calibration with correction was successful: True
Error: no error

CLICKTASK: t1
Start time: 05.12.2016 11-03-28
End time: 05.12.2016 11-04-30
Image quality minimum value: 0.574803173542023
Image quality mean value: 0.595326642195384
Head movement maximum value: 43.1856457633784
Head movement mean value: 4.79840508481982
Head size ratio maximum value: 0.362043095264829
Head size ratio mean value: 0.92911589947387
Error: 
Sorry, but we have lost your eyes. This is probably due to excessive head movements. Please try to recalibrate again and give your best to keep your head still.

CALIBRATION: calibration_main
Start time: 05.12.2016 11-04-45
End time: 05.12.2016 11-05-00
Image quality on start: 0.574803173542023
Image quality minimum value: 0
Image quality mean value: 0.317373637230166
Head movement maximum value: 7.07106781186548
Head movement mean value: 3.72572498977607
Head size ratio maximum value: 0.0626239669421488
Head size ratio mean value: 0.184690082644628
Calibration reprojection error mean value: 999999
Calibration reprojection error outliers count: 999999
Error: 
Your face is not detected properly! Please try to set your position again and repeat calibration.
