
CALIBRATION: calibration_main
Start time: 17.03.2017 20-14-24
End time: 17.03.2017 20-14-58
Image quality on start: 0.755905508995056
Image quality minimum value: 0.653543293476105
Image quality mean value: 0.690595151657986
Head movement maximum value: 8.60232526704263
Head movement mean value: 4.60487379366172
Head size ratio maximum value: 0.137777777777778
Head size ratio mean value: 0.0726710534561636
Calibration reprojection error mean value: 30.7656378216214
Calibration reprojection error outliers count: 0
Error: no error

TEST CALIBRATION: testcalibration_main
Start time: 17.03.2017 20-15-00
End time: 17.03.2017 20-15-17
Image quality minimum value: 0.669291317462921
Image quality mean value: 0.695340718541827
Head movement maximum value: 7.61577310586391
Head movement mean value: 3.67175632347291
Head size ratio maximum value: 0.118893827160494
Head size ratio mean value: 0.105293604381324
Calibration maximum distance: 92.0217365626187
Calibration corrected maximum distance: 80.0562302385017
Calibration without correction was successful: True
Calibration with correction was successful: True
Error: no error

CLICKTASK: filler
Start time: 17.03.2017 20-15-19
End time: 17.03.2017 20-15-24
Image quality minimum value: 0.685039341449738
Image quality mean value: 0.886755590255444
Head movement maximum value: 5
Head movement mean value: 2.89608543389796
Head size ratio maximum value: 0.15681975308642
Head size ratio mean value: 0.387329154795822
Error: no error

CLICKTASK: full_shelf
Start time: 17.03.2017 20-15-27
End time: 17.03.2017 20-15-38
Image quality minimum value: 0.582677185535431
Image quality mean value: 0.779632884523143
Head movement maximum value: 7.07106781186548
Head movement mean value: 4.95471888144266
Head size ratio maximum value: 0.0908641975308642
Head size ratio mean value: 0.065855072463768
Error: no error

CLICKTASK: 3row_shelf
Start time: 17.03.2017 20-15-41
End time: 17.03.2017 20-15-55
Image quality minimum value: 0.511811017990112
Image quality mean value: 0.852555379955047
Head movement maximum value: 9
Head movement mean value: 6.0365263593367
Head size ratio maximum value: 0.1664
Head size ratio mean value: 0.0729829425756031
Error: no error

CLICKTASK: pack
Start time: 17.03.2017 20-15-59
End time: 17.03.2017 20-16-08
Image quality minimum value: 0.724409461021423
Image quality mean value: 0.758768789334731
Head movement maximum value: 10.4403065089106
Head movement mean value: 8.85736579302672
Head size ratio maximum value: 0.0439506172839507
Head size ratio mean value: 0.0394734904601571
Error: no error
