

***************
Logging from: TestCalibrationMediaDialog testcalibration_main
Time: Wed Mar 01 23:30:26 2017

H(0,0) = 1.11653
H(0,1) = -5.53949
H(0,2) = 1676.71
H(1,0) = 0.419874
H(1,1) = 1.70916
H(1,2) = -1084.03
H(2,0) = 0.00123168
H(2,1) = -0.00446039
H(2,2) = 1
---------------



***************
Logging from: TestCalibrationMediaDialog testcalibration_main_shelftask
Time: Wed Mar 01 23:32:48 2017

H(0,0) = -1.24996
H(0,1) = 0.946816
H(0,2) = 625.783
H(1,0) = -0.554025
H(1,1) = 0.166342
H(1,2) = 403.491
H(2,0) = -0.00144285
H(2,1) = 0.000501765
H(2,2) = 1
---------------

