
CALIBRATION: calibration_main
Start time: 19.12.2016 15-01-25
End time: 19.12.2016 15-01-43
Image quality on start: 0.866666674613953
Image quality minimum value: 0
Image quality mean value: 0.649598215818405
Head movement maximum value: 378.549864614954
Head movement mean value: 12.987635123816
Head size ratio maximum value: 0.131015369110607
Head size ratio mean value: 0.246608087679516
Calibration reprojection error mean value: 999999
Calibration reprojection error outliers count: 999999
Error: 
Sorry, but we have lost your eyes. This is probably due to excessive head movements. Please try to recalibrate again and give your best to keep your head still.

CALIBRATION: calibration_main
Start time: 19.12.2016 15-02-04
End time: 19.12.2016 15-02-37
Image quality on start: 0.902777850627899
Image quality minimum value: 0
Image quality mean value: 0.85272299418492
Head movement maximum value: 15
Head movement mean value: 9.08703308702905
Head size ratio maximum value: 0.144198468153722
Head size ratio mean value: 0.0961028681326066
Calibration reprojection error mean value: 337.809618631999
Calibration reprojection error outliers count: 7
Error: no error

TEST CALIBRATION: testcalibration_main
Start time: 19.12.2016 15-02-40
End time: 19.12.2016 15-02-57
Image quality minimum value: 0
Image quality mean value: 0.885165669317321
Head movement maximum value: 14.560219778561
Head movement mean value: 12.0101896379151
Head size ratio maximum value: 0.144198468153722
Head size ratio mean value: 0.122948968082833
Calibration maximum distance: 593.560443425941
Calibration corrected maximum distance: 225.800797164226
Calibration without correction was successful: False
Calibration with correction was successful: True
Error: no error

VIDEOTASK: 1
Start time: 19.12.2016 15-03-07
End time: 19.12.2016 15-03-18
Image quality minimum value: 0
Image quality mean value: 0.344536353380252
Head movement maximum value: 392.317473482892
Head movement mean value: 20.6408855549275
Head size ratio maximum value: 0.206396130072561
Head size ratio mean value: 0.54857737443064
Error: 
Sorry, but we have lost your eyes. This is probably due to excessive head movements. Please try to recalibrate again and give your best to keep your head still.

CALIBRATION: calibration_main
Start time: 19.12.2016 15-04-12
End time: 19.12.2016 15-04-50
Image quality on start: 0.944099366664886
Image quality minimum value: 0
Image quality mean value: 0.835834475457668
Head movement maximum value: 387.227323416104
Head movement mean value: 11.0781038986978
Head size ratio maximum value: 0.296246322220348
Head size ratio mean value: 0.208708607409906
Calibration reprojection error mean value: 999999
Calibration reprojection error outliers count: 999999
Error: 
Sorry, but we have lost your eyes. This is probably due to excessive head movements. Please try to recalibrate again and give your best to keep your head still.
