

***************
Logging from: TestCalibrationMediaDialog testcalibration_main
Time: Sun Mar 19 09:47:18 2017

H(0,0) = 0.795407
H(0,1) = 0.0685044
H(0,2) = -519.703
H(1,0) = -0.115684
H(1,1) = 0.304561
H(1,2) = 140.044
H(2,0) = -0.000320562
H(2,1) = -0.000593609
H(2,2) = 1
---------------



***************
Logging from: TestCalibrationMediaDialog testcalibration_main_3row_shelf
Time: Sun Mar 19 09:49:30 2017

H(0,0) = -1.01602
H(0,1) = -2.62384
H(0,2) = 2007.4
H(1,0) = -0.142688
H(1,1) = -1.3335
H(1,2) = 723.358
H(2,0) = -0.000509747
H(2,1) = -0.00166974
H(2,2) = 1
---------------

