
CALIBRATION: calibration_main
Start time: 19.03.2017 09-46-25
End time: 19.03.2017 09-46-56
Image quality on start: 0.511811017990112
Image quality minimum value: 0.535433053970337
Image quality mean value: 0.56902292072773
Head movement maximum value: 30.0832179129826
Head movement mean value: 19.4679140056673
Head size ratio maximum value: 0.177455862381168
Head size ratio mean value: 0.0586350741457122
Calibration reprojection error mean value: 153.678945117527
Calibration reprojection error outliers count: 1
Error: no error

TEST CALIBRATION: testcalibration_main
Start time: 19.03.2017 09-47-02
End time: 19.03.2017 09-47-18
Image quality minimum value: 0.543307065963745
Image quality mean value: 0.571645257655423
Head movement maximum value: 34.4818792991333
Head movement mean value: 26.1394286167622
Head size ratio maximum value: 0.0958080579447713
Head size ratio mean value: 0.0607504679226625
Calibration maximum distance: 580.11809142622
Calibration corrected maximum distance: 83.1504660239496
Calibration without correction was successful: False
Calibration with correction was successful: True
Error: no error

CLICKTASK: filler
Start time: 19.03.2017 09-47-31
End time: 19.03.2017 09-47-49
Image quality minimum value: 0.322834640741348
Image quality mean value: 0.361466939306798
Head movement maximum value: 50.5667875190821
Head movement mean value: 43.0841342734994
Head size ratio maximum value: 0.262037120869172
Head size ratio mean value: 0.119446558395637
Error: no error

CLICKTASK: full_shelf
Start time: 19.03.2017 09-47-56
End time: 19.03.2017 09-48-15
Image quality minimum value: 0.37007874250412
Image quality mean value: 0.462119923830032
Head movement maximum value: 66.6108099335236
Head movement mean value: 55.3223026047081
Head size ratio maximum value: 0.224083295608873
Head size ratio mean value: 0.103406873977087
Error: no error

CLICKTASK: 3row_shelf
Start time: 19.03.2017 09-48-21
End time: 19.03.2017 09-48-30
Image quality minimum value: 0
Image quality mean value: 0.141732286004459
Head movement maximum value: 73.9797269527267
Head movement mean value: 2.90116576285203
Head size ratio maximum value: 0.0421004979628792
Head size ratio mean value: 0.962435313645603
Error: 
Your face is not detected properly! Please try to set your position again and repeat calibration.

CALIBRATION: calibration_main_3row_shelf
Start time: 19.03.2017 09-48-39
End time: 19.03.2017 09-49-09
Image quality on start: 0.535433053970337
Image quality minimum value: 0.543307065963745
Image quality mean value: 0.580568183044791
Head movement maximum value: 23.8537208837531
Head movement mean value: 11.2382066194018
Head size ratio maximum value: 0.150577105705311
Head size ratio mean value: 0.0547277710136598
Calibration reprojection error mean value: 84.7722617255317
Calibration reprojection error outliers count: 0
Error: no error

TEST CALIBRATION: testcalibration_main_3row_shelf
Start time: 19.03.2017 09-49-14
End time: 19.03.2017 09-49-30
Image quality minimum value: 0.559055089950562
Image quality mean value: 0.58234212087824
Head movement maximum value: 25.5538646783613
Head movement mean value: 21.1443167280932
Head size ratio maximum value: 0.225089487910001
Head size ratio mean value: 0.115673809379483
Calibration maximum distance: 651.150520233225
Calibration corrected maximum distance: 110.367567699936
Calibration without correction was successful: False
Calibration with correction was successful: True
Error: no error

CLICKTASK: 3row_shelf
Start time: 19.03.2017 09-49-35
End time: 19.03.2017 09-49-43
Image quality minimum value: 0.283464580774307
Image quality mean value: 0.404346452832222
Head movement maximum value: 26.0768096208106
Head movement mean value: 22.2610084115072
Head size ratio maximum value: 0.20624223829352
Head size ratio mean value: 0.191801300314121
Error: no error

CLICKTASK: pack
Start time: 19.03.2017 09-49-52
End time: 19.03.2017 09-50-00
Image quality minimum value: 0.472440958023071
Image quality mean value: 0.479378413786447
Head movement maximum value: 26.4007575648882
Head movement mean value: 24.1929041119554
Head size ratio maximum value: 0.105193951347798
Head size ratio mean value: 0.0801090170795353
Error: no error
