
CALIBRATION: calibration_main
Start time: 07.12.2016 20-11-33
End time: 07.12.2016 20-12-03
Image quality on start: 0
Image quality minimum value: 1000
Image quality mean value: 0
Head movement maximum value: 0
Head movement mean value: 0
Head size ratio maximum value: 0
Head size ratio mean value: 0
Calibration reprojection error mean value: 999999
Calibration reprojection error outliers count: 999999
Error: 
Authentication Error!
Please contact us on support@eyesee.be and inform us about this error.

CALIBRATION: calibration_main
Start time: 07.12.2016 20-12-13
End time: 07.12.2016 20-12-49
Image quality on start: 0.637795269489288
Image quality minimum value: 0.65277773141861
Image quality mean value: 0.72083171064727
Head movement maximum value: 13.6014705087354
Head movement mean value: 6.71971726700442
Head size ratio maximum value: 0.0850661625708885
Head size ratio mean value: 0.0845476582579675
Calibration reprojection error mean value: 84.0785234239366
Calibration reprojection error outliers count: 0
Error: no error

TEST CALIBRATION: testcalibration_main
Start time: 07.12.2016 20-12-51
End time: 07.12.2016 20-13-09
Image quality minimum value: 0.65972226858139
Image quality mean value: 0.720756938940362
Head movement maximum value: 11.6619037896906
Head movement mean value: 7.60340477994502
Head size ratio maximum value: 0.0812985717286285
Head size ratio mean value: 0.14488466416214
Calibration maximum distance: 205.353354002315
Calibration corrected maximum distance: 76.8439978137525
Calibration without correction was successful: True
Calibration with correction was successful: True
Error: no error

CLICKTASK: c1
Start time: 07.12.2016 20-13-11
End time: 07.12.2016 20-13-19
Image quality minimum value: 0.393700778484344
Image quality mean value: 0.463902471643506
Head movement maximum value: 8.06225774829855
Head movement mean value: 5.822292351544
Head size ratio maximum value: 0.0513678848981307
Head size ratio mean value: 0.275728297467428
Error: no error

CLICKTASK: c2
Start time: 07.12.2016 20-13-23
End time: 07.12.2016 20-13-31
Image quality minimum value: 0.401574790477753
Image quality mean value: 0.540865210975919
Head movement maximum value: 8.06225774829855
Head movement mean value: 6.02980348402053
Head size ratio maximum value: 0.0737765175383323
Head size ratio mean value: 0.182768476010442
Error: no error

CLICKTASK: c3
Start time: 07.12.2016 20-13-37
End time: 07.12.2016 20-13-47
Image quality minimum value: 0.275590538978577
Image quality mean value: 0.520928304446371
Head movement maximum value: 14.0356688476182
Head movement mean value: 9.82606652716968
Head size ratio maximum value: 0.0500813904641882
Head size ratio mean value: 0.0273245337666789
Error: no error

CLICKTASK: c4
Start time: 07.12.2016 20-13-49
End time: 07.12.2016 20-14-07
Image quality minimum value: 0.503937005996704
Image quality mean value: 0.625075726325695
Head movement maximum value: 11.7046999107196
Head movement mean value: 8.52937194870148
Head size ratio maximum value: 0.105741965973535
Head size ratio mean value: 0.0686784046661173
Error: no error
