
CALIBRATION: calibration_main
Start time: 07.12.2016 09-56-56
End time: 07.12.2016 09-57-28
Image quality on start: 0.65277773141861
Image quality minimum value: 0.520833313465118
Image quality mean value: 0.580116226040441
Head movement maximum value: 6.32455532033676
Head movement mean value: 2.4624875677799
Head size ratio maximum value: 0.0828974312724804
Head size ratio mean value: 0.049970839469654
Calibration reprojection error mean value: 119.521660698785
Calibration reprojection error outliers count: 1
Error: no error

TEST CALIBRATION: testcalibration_main
Start time: 07.12.2016 09-57-33
End time: 07.12.2016 09-57-49
Image quality minimum value: 0.534722208976746
Image quality mean value: 0.596024941501199
Head movement maximum value: 7
Head movement mean value: 4.42275170240551
Head size ratio maximum value: 0.101518318496748
Head size ratio mean value: 0.0656264332282481
Calibration maximum distance: 432.085639659547
Calibration corrected maximum distance: 156.894869259641
Calibration without correction was successful: False
Calibration with correction was successful: True
Error: no error

CLICKTASK: c1
Start time: 07.12.2016 09-58-01
End time: 07.12.2016 09-58-17
Image quality minimum value: 0.50000011920929
Image quality mean value: 0.580169324338789
Head movement maximum value: 7.81024967590665
Head movement mean value: 5.22671214606626
Head size ratio maximum value: 0.0766480280957889
Head size ratio mean value: 0.0562692392134371
Error: no error

CLICKTASK: c2
Start time: 07.12.2016 09-58-33
End time: 07.12.2016 09-58-43
Image quality minimum value: 0.541666746139526
Image quality mean value: 0.599877481951433
Head movement maximum value: 9.4339811320566
Head movement mean value: 6.98602496328027
Head size ratio maximum value: 0.0953325764729599
Head size ratio mean value: 0.0398387750096272
Error: no error

CLICKTASK: c3
Start time: 07.12.2016 09-58-52
End time: 07.12.2016 09-59-22
Image quality minimum value: 0.472222149372101
Image quality mean value: 0.535076354828165
Head movement maximum value: 10.0498756211209
Head movement mean value: 6.81094490521949
Head size ratio maximum value: 0.0577724962599072
Head size ratio mean value: 0.0283189034219134
Error: no error

CLICKTASK: c4
Start time: 07.12.2016 09-59-34
End time: 07.12.2016 09-59-59
Image quality minimum value: 0.506944417953491
Image quality mean value: 0.5725810895622
Head movement maximum value: 11.1803398874989
Head movement mean value: 9.1311195632723
Head size ratio maximum value: 0.0828974312724804
Head size ratio mean value: 0.0494727621970764
Error: no error
