

***************
Logging from: TestCalibrationMediaDialog testcalibration_main
Time: Tue Mar 07 00:39:37 2017

H(0,0) = 0.434035
H(0,1) = -0.27844
H(0,2) = 114.641
H(1,0) = -0.127482
H(1,1) = 0.554086
H(1,2) = 158.317
H(2,0) = -0.000303298
H(2,1) = -0.000521817
H(2,2) = 1
---------------



***************
Logging from: TestCalibrationMediaDialog testcalibration_main_shelftask
Time: Tue Mar 07 00:43:53 2017

H(0,0) = 0.610307
H(0,1) = -0.168932
H(0,2) = 63.4605
H(1,0) = -0.122893
H(1,1) = 0.672636
H(1,2) = 98.7849
H(2,0) = -0.000142424
H(2,1) = -0.000545703
H(2,2) = 1
---------------

