
CALIBRATION: calibration_main
Start time: 07.03.2017 00-38-39
End time: 07.03.2017 00-39-16
Image quality on start: 0.770833253860474
Image quality minimum value: 0.597222208976746
Image quality mean value: 0.730519654216438
Head movement maximum value: 14.7648230602334
Head movement mean value: 7.13738525498616
Head size ratio maximum value: 0.0835855675586682
Head size ratio mean value: 0.0507736468767428
Calibration reprojection error mean value: 72.0381071302626
Calibration reprojection error outliers count: 0
Error: no error

TEST CALIBRATION: testcalibration_main
Start time: 07.03.2017 00-39-20
End time: 07.03.2017 00-39-37
Image quality minimum value: 0.701388895511627
Image quality mean value: 0.752700196867958
Head movement maximum value: 5
Head movement mean value: 2.36838999489159
Head size ratio maximum value: 0.0492015045402161
Head size ratio mean value: 0.059041873172751
Calibration maximum distance: 187.779125570442
Calibration corrected maximum distance: 46.2385120867876
Calibration without correction was successful: True
Calibration with correction was successful: True
Error: no error

CLICKTASK: shoppersmode
Start time: 07.03.2017 00-39-42
End time: 07.03.2017 00-41-47
Image quality minimum value: 0.611111104488373
Image quality mean value: 0.73370650474776
Head movement maximum value: 33.2415402771893
Head movement mean value: 14.1701971841529
Head size ratio maximum value: 0.102126366180773
Head size ratio mean value: 0.0279173018803012
Error: no error

CLICKTASK: shelftask
Start time: 07.03.2017 00-41-54
End time: 07.03.2017 00-42-34
Image quality minimum value: 0.513793110847473
Image quality mean value: 0.700622360080836
Head movement maximum value: 433.58274873431
Head movement mean value: 31.7970498416474
Head size ratio maximum value: 0.282633198667697
Head size ratio mean value: 0.132769639560918
Error: 
Sorry, but we have lost your eyes. This is probably due to excessive head movements. Please try to recalibrate again and give your best to keep your head still.

CALIBRATION: calibration_main_shelftask
Start time: 07.03.2017 00-42-58
End time: 07.03.2017 00-43-33
Image quality on start: 0.597222208976746
Image quality minimum value: 0.506944417953491
Image quality mean value: 0.596652634480861
Head movement maximum value: 15.2643375224737
Head movement mean value: 8.28777329887542
Head size ratio maximum value: 0.0757053506208911
Head size ratio mean value: 0.0407185742768377
Calibration reprojection error mean value: 80.768431769477
Calibration reprojection error outliers count: 0
Error: no error

TEST CALIBRATION: testcalibration_main_shelftask
Start time: 07.03.2017 00-43-37
End time: 07.03.2017 00-43-53
Image quality minimum value: 0.506944417953491
Image quality mean value: 0.614076596659583
Head movement maximum value: 9.21954445729289
Head movement mean value: 7.14770147725082
Head size ratio maximum value: 0.103919375456538
Head size ratio mean value: 0.0735767748208398
Calibration maximum distance: 129.0736224021
Calibration corrected maximum distance: 49.6789693934969
Calibration without correction was successful: True
Calibration with correction was successful: True
Error: no error

CLICKTASK: shelftask
Start time: 07.03.2017 00-43-57
End time: 07.03.2017 00-44-03
Image quality minimum value: 0.569444477558136
Image quality mean value: 0.649000982443492
Head movement maximum value: 11.7046999107196
Head movement mean value: 9.6174847122308
Head size ratio maximum value: 0.0729432980277575
Head size ratio mean value: 0.163323529788679
Error: no error

VIDEOTASK: 3drot
Start time: 07.03.2017 00-44-07
End time: 07.03.2017 00-44-17
Image quality minimum value: 0.534722208976746
Image quality mean value: 0.611430424383317
Head movement maximum value: 10.816653826392
Head movement mean value: 7.01014376426332
Head size ratio maximum value: 0.0547845142439738
Head size ratio mean value: 0.0398649173404532
Error: no error
