
CALIBRATION: calibration_main
Start time: 06.03.2017 02-24-40
End time: 06.03.2017 02-25-16
Image quality on start: 0.433070868253708
Image quality minimum value: 0.401574790477753
Image quality mean value: 0.417381532443977
Head movement maximum value: 8.06225774829855
Head movement mean value: 3.3591847446213
Head size ratio maximum value: 0.086064
Head size ratio mean value: 0.0384004770186334
Calibration reprojection error mean value: 258.26192135281
Calibration reprojection error outliers count: 3
Error: no error

TEST CALIBRATION: testcalibration_main
Start time: 06.03.2017 02-25-29
End time: 06.03.2017 02-25-54
Image quality minimum value: 0.393700778484344
Image quality mean value: 0.395435730405783
Head movement maximum value: 19.1049731745428
Head movement mean value: 16.4969657742788
Head size ratio maximum value: 0.0567839999999999
Head size ratio mean value: 0.0529652881355933
Calibration maximum distance: 730.068489937759
Calibration corrected maximum distance: 545.949631376375
Calibration without correction was successful: False
Calibration with correction was successful: False
Error: 
Calibration not accurate enough. 
We need some further fine tuning of the calibration, it doesn't always get right from the first time. Please try again, give your best to keep your head still and focus at the red dot.

CALIBRATION: calibration_main
Start time: 06.03.2017 02-26-31
End time: 06.03.2017 02-27-05
Image quality on start: 0.417322844266891
Image quality minimum value: 0.409448832273483
Image quality mean value: 0.423790084886788
Head movement maximum value: 19.4164878389476
Head movement mean value: 15.4298513007548
Head size ratio maximum value: 0.146224
Head size ratio mean value: 0.0768914739454099
Calibration reprojection error mean value: 270.517457750109
Calibration reprojection error outliers count: 4
Error: no error

TEST CALIBRATION: testcalibration_main
Start time: 06.03.2017 02-27-08
End time: 06.03.2017 02-27-25
Image quality minimum value: 0.417322844266891
Image quality mean value: 0.425327005218868
Head movement maximum value: 13.8924439894498
Head movement mean value: 11.3822428972859
Head size ratio maximum value: 0.131376
Head size ratio mean value: 0.114318016528925
Calibration maximum distance: 733.920976672557
Calibration corrected maximum distance: 288.600069300061
Calibration without correction was successful: False
Calibration with correction was successful: True
Error: no error

CLICKTASK: shoppersmode
Start time: 06.03.2017 02-27-32
End time: 06.03.2017 02-28-15
Image quality minimum value: 0.377952754497528
Image quality mean value: 0.395981779829237
Head movement maximum value: 22.8035085019828
Head movement mean value: 16.2555458938694
Head size ratio maximum value: 0.1536
Head size ratio mean value: 0.104914762456547
Error: no error

CLICKTASK: shelftask
Start time: 06.03.2017 02-28-20
End time: 06.03.2017 02-28-38
Image quality minimum value: 0.322834640741348
Image quality mean value: 0.396223520624985
Head movement maximum value: 122.80879447336
Head movement mean value: 14.8085004160359
Head size ratio maximum value: 0.2256
Head size ratio mean value: 0.0895619417475727
Error: 
Sorry, but we have lost your eyes. This is probably due to excessive head movements. Please try to recalibrate again and give your best to keep your head still.
