

***************
Logging from: TestCalibrationMediaDialog testcalibration_main
Time: Fri Dec 16 11:22:34 2016

H(0,0) = 3.14313
H(0,1) = -0.347868
H(0,2) = -584.368
H(1,0) = 0.720371
H(1,1) = 1.59892
H(1,2) = -514.044
H(2,0) = 0.00135492
H(2,1) = -0.0004733
H(2,2) = 1
---------------



***************
Logging from: TestCalibrationMediaDialog cal2
Time: Fri Dec 16 11:25:46 2016

H(0,0) = -0.945677
H(0,1) = -1.38812
H(0,2) = 1005
H(1,0) = -0.0221538
H(1,1) = -1.24639
H(1,2) = 430.321
H(2,0) = -0.000399223
H(2,1) = -0.00233479
H(2,2) = 1
---------------

