
CALIBRATION: calibration_main
Start time: 16.12.2016 11-21-40
End time: 16.12.2016 11-22-14
Image quality on start: 0.433070868253708
Image quality minimum value: 0.433070868253708
Image quality mean value: 0.44826516425224
Head movement maximum value: 9.4339811320566
Head movement mean value: 5.83442605640891
Head size ratio maximum value: 0.123404616789484
Head size ratio mean value: 0.0808683523814129
Calibration reprojection error mean value: 41.0167723761665
Calibration reprojection error outliers count: 0
Error: no error

TEST CALIBRATION: testcalibration_main
Start time: 16.12.2016 11-22-18
End time: 16.12.2016 11-22-34
Image quality minimum value: 0.456692904233933
Image quality mean value: 0.460200106212666
Head movement maximum value: 10.295630140987
Head movement mean value: 8.41341274495569
Head size ratio maximum value: 0.133194588969823
Head size ratio mean value: 0.141994333688108
Calibration maximum distance: 189.760375210422
Calibration corrected maximum distance: 110.317722964173
Calibration without correction was successful: True
Calibration with correction was successful: True
Error: no error

CLICKTASK: t1
Start time: 16.12.2016 11-22-58
End time: 16.12.2016 11-24-00
Image quality minimum value: 0.409448832273483
Image quality mean value: 0.43499381132632
Head movement maximum value: 37.4833296279826
Head movement mean value: 28.1691237460461
Head size ratio maximum value: 0.202913631633715
Head size ratio mean value: 0.145176382899055
Error: no error

SURVEYTASK: Survey
Start time: 16.12.2016 11-24-06
End time: 16.12.2016 11-25-20
Error: no error

TEST CALIBRATION: cal2
Start time: 16.12.2016 11-25-30
End time: 16.12.2016 11-25-46
Image quality minimum value: 0.440944880247116
Image quality mean value: 0.45429505696022
Head movement maximum value: 30.0166620396073
Head movement mean value: 22.3223496570713
Head size ratio maximum value: 0.133194588969823
Head size ratio mean value: 0.108455252452081
Calibration maximum distance: 422.493786936565
Calibration corrected maximum distance: 225.9424705539
Calibration without correction was successful: False
Calibration with correction was successful: True
Error: no error

CLICKTASK: t2
Start time: 16.12.2016 11-26-01
End time: 16.12.2016 11-27-03
Image quality minimum value: 0.417322844266891
Image quality mean value: 0.432449235727913
Head movement maximum value: 50.60632371552
Head movement mean value: 43.8075497981091
Head size ratio maximum value: 0.192826350102997
Head size ratio mean value: 0.130606051501055
Error: no error

CLICKTASK: t3
Start time: 16.12.2016 11-27-05
End time: 16.12.2016 11-27-35
Image quality minimum value: 0.409448832273483
Image quality mean value: 0.424378985360781
Head movement maximum value: 50.4479930225178
Head movement mean value: 46.2696076313967
Head size ratio maximum value: 0.213043385928773
Head size ratio mean value: 0.139031869235442
Error: no error

CLICKTASK: t4
Start time: 16.12.2016 11-27-45
End time: 16.12.2016 11-29-41
Image quality minimum value: 0.393700778484344
Image quality mean value: 0.43973498935756
Head movement maximum value: 59.464274989274
Head movement mean value: 51.9941187010113
Head size ratio maximum value: 0.253987130752405
Head size ratio mean value: 0.14625438692873
Error: no error
