

***************
Logging from: TestCalibrationMediaDialog testcalibration_main
Time: Sat Dec 03 13:23:22 2016

H(0,0) = 1.59788
H(0,1) = -0.0598661
H(0,2) = -302.722
H(1,0) = 0.0482279
H(1,1) = 1.1404
H(1,2) = -126.461
H(2,0) = 0.000212119
H(2,1) = -0.000275647
H(2,2) = 1
---------------



***************
Logging from: TestCalibrationMediaDialog cal2
Time: Sat Dec 03 13:25:20 2016

H(0,0) = -2.18736
H(0,1) = -1.80271
H(0,2) = 1889.62
H(1,0) = -0.855975
H(1,1) = -3.26492
H(1,2) = 2157.74
H(2,0) = -0.00167985
H(2,1) = -0.00112708
H(2,2) = 1
---------------

