

***************
Logging from: TestCalibrationMediaDialog testcalibration_main
Time: Fri Jan 27 20:40:10 2017

H(0,0) = -0.398678
H(0,1) = -1.24051
H(0,2) = 1293.57
H(1,0) = -0.11149
H(1,1) = -0.356046
H(1,2) = 361.362
H(2,0) = -0.00030359
H(2,1) = -0.000979558
H(2,2) = 1
---------------



***************
Logging from: TestCalibrationMediaDialog testcalibration_main
Time: Fri Jan 27 20:41:22 2017

H(0,0) = 0.554738
H(0,1) = -2.28516
H(0,2) = 1142.44
H(1,0) = 0.297597
H(1,1) = -1.31974
H(1,2) = 681.022
H(2,0) = 0.000447029
H(2,1) = -0.00194572
H(2,2) = 1
---------------

