
CALIBRATION: calibration_main
Start time: 19.12.2016 15-06-10
End time: 19.12.2016 15-06-49
Image quality on start: 0.732283473014832
Image quality minimum value: 0.692913413047791
Image quality mean value: 0.725658703308839
Head movement maximum value: 9.8488578017961
Head movement mean value: 4.23431275796212
Head size ratio maximum value: 0.093696
Head size ratio mean value: 0.0758469230769229
Calibration reprojection error mean value: 55.700526131524
Calibration reprojection error outliers count: 0
Error: no error

TEST CALIBRATION: testcalibration_main
Start time: 19.12.2016 15-06-53
End time: 19.12.2016 15-07-10
Image quality minimum value: 0.724409461021423
Image quality mean value: 0.748107943720031
Head movement maximum value: 13.6014705087354
Head movement mean value: 9.00678401709857
Head size ratio maximum value: 0.123904
Head size ratio mean value: 0.109152621359223
Calibration maximum distance: 164.760432143157
Calibration corrected maximum distance: 53.0754180388624
Calibration without correction was successful: True
Calibration with correction was successful: True
Error: no error

VIDEOTASK: 1
Start time: 19.12.2016 15-07-16
End time: 19.12.2016 15-08-46
Image quality minimum value: 0.755905508995056
Image quality mean value: 0.862735535704645
Head movement maximum value: 18.0277563773199
Head movement mean value: 10.2660142698969
Head size ratio maximum value: 0.086064
Head size ratio mean value: 0.0556679218472467
Error: no error
