
CALIBRATION: calibration_main
Start time: 27.01.2017 16-27-40
End time: 27.01.2017 16-28-12
Image quality on start: 0,480314970016479
Image quality minimum value: 0,488188982009888
Image quality mean value: 0,497794985550829
Head movement maximum value: 13,1529464379659
Head movement mean value: 8,14226285854333
Head size ratio maximum value: 0,136786897983465
Head size ratio mean value: 0,0623585596478079
Calibration reprojection error mean value: 44,9689585367839
Calibration reprojection error outliers count: 0
Error: no error

TEST CALIBRATION: testcalibration_main
Start time: 27.01.2017 16-28-14
End time: 27.01.2017 16-28-30
Image quality minimum value: 0,488188982009888
Image quality mean value: 0,503750165034149
Head movement maximum value: 15,8113883008419
Head movement mean value: 12,4207052756209
Head size ratio maximum value: 0,0637011497043791
Head size ratio mean value: 0,0447127652722734
Calibration maximum distance: 132,378245946983
Calibration corrected maximum distance: 32,7566787083184
Calibration without correction was successful: True
Calibration with correction was successful: True
Error: no error

WATCHTASK: 1
Start time: 27.01.2017 16-28-39
End time: 27.01.2017 16-29-10
Image quality minimum value: 0,417322844266891
Image quality mean value: 0,42498854916983
Head movement maximum value: 18,0277563773199
Head movement mean value: 13,6398011483403
Head size ratio maximum value: 0,114606223215044
Head size ratio mean value: 0,0586676212902909
Error: no error

VIDEOTASK: 2
Start time: 27.01.2017 16-29-12
End time: 27.01.2017 16-29-29
Image quality minimum value: 0,346456706523895
Image quality mean value: 0,400202809748325
Head movement maximum value: 16,2788205960997
Head movement mean value: 11,8680250878888
Head size ratio maximum value: 0,0951814396192743
Head size ratio mean value: 0,0374947529171207
Error: no error
