
CALIBRATION: calibration_main
Start time: 03.03.2017 10-48-26
End time: 03.03.2017 10-49-01
Image quality on start: 0.819444417953491
Image quality minimum value: 0.753289461135864
Image quality mean value: 0.776658788303073
Head movement maximum value: 15.1327459504216
Head movement mean value: 11.584175710184
Head size ratio maximum value: 0.152210751156995
Head size ratio mean value: 0.093039105933617
Calibration reprojection error mean value: 103.67930094401
Calibration reprojection error outliers count: 0
Error: no error

TEST CALIBRATION: testcalibration_main
Start time: 03.03.2017 10-49-03
End time: 03.03.2017 10-49-19
Image quality minimum value: 0.717105269432068
Image quality mean value: 0.745007715673528
Head movement maximum value: 21.6333076527839
Head movement mean value: 16.152505029891
Head size ratio maximum value: 0.102869348522606
Head size ratio mean value: 0.10842256118155
Calibration maximum distance: 401.782279350396
Calibration corrected maximum distance: 24.4131112314674
Calibration without correction was successful: False
Calibration with correction was successful: True
Error: no error

CLICKTASK: shoppersmode
Start time: 03.03.2017 10-49-21
End time: 03.03.2017 10-51-25
Image quality minimum value: 0
Image quality mean value: 0.68823412923247
Head movement maximum value: 48.7031826475437
Head movement mean value: 30.4992834224703
Head size ratio maximum value: 0.304506941972232
Head size ratio mean value: 0.112074314917643
Error: no error

CLICKTASK: shelftask
Start time: 03.03.2017 10-51-26
End time: 03.03.2017 10-51-30
Image quality minimum value: 0.701863348484039
Image quality mean value: 0.710481022533618
Head movement maximum value: 38.1182371050918
Head movement mean value: 28.3055453582345
Head size ratio maximum value: 0.200156639373443
Head size ratio mean value: 0.369087706807068
Error: no error

VIDEOTASK: 3drot
Start time: 03.03.2017 10-51-32
End time: 03.03.2017 10-51-41
Image quality minimum value: 0.662576675415039
Image quality mean value: 0.677618593364567
Head movement maximum value: 49.3659801887899
Head movement mean value: 42.8090591590801
Head size ratio maximum value: 0.226927732289071
Head size ratio mean value: 0.215909899996764
Error: no error
