
CALIBRATION: calibration_main
Start time: 25.01.2017 11-34-40
End time: 25.01.2017 11-34-52
Image quality on start: 0,511811017990112
Image quality minimum value: 0
Image quality mean value: 0,0515390146862377
Head movement maximum value: 0
Head movement mean value: 0
Head size ratio maximum value: 0
Head size ratio mean value: 1
Calibration reprojection error mean value: 999999
Calibration reprojection error outliers count: 999999
Error: 
Ihr Gesicht wurde nicht richtig erkannt. Bringen Sie sich erneut in Position, und wiederholen Sie die Kalibrierung.

CALIBRATION: calibration_main
Start time: 25.01.2017 11-35-31
End time: 25.01.2017 11-35-46
Image quality on start: 0,535433053970337
Image quality minimum value: 0
Image quality mean value: 0,316449049142523
Head movement maximum value: 6,32455532033676
Head movement mean value: 2,73945096131954
Head size ratio maximum value: 0,0604907679487743
Head size ratio mean value: 0,203698614538474
Calibration reprojection error mean value: 999999
Calibration reprojection error outliers count: 999999
Error: 
Falsche Gesichtsgröße.
Ihr Gesicht in der Kamera ist zu groß oder zu klein. Bringen Sie sich erneut in Position, und wiederholen Sie die Kalibrierung.

