

***************
Logging from: TestCalibrationMediaDialog testcalibration_main
Time: Fri Jan 23 22:11:42 2015

H(0,0) = 0
H(0,1) = 0
H(0,2) = 0
H(1,0) = 0
H(1,1) = 0
H(1,2) = 0
H(2,0) = 0
H(2,1) = 0
H(2,2) = 0
---------------



***************
Logging from: TestCalibrationMediaDialog testcalibration_main
Time: Fri Jan 23 22:16:01 2015

H(0,0) = 0
H(0,1) = 0
H(0,2) = 0
H(1,0) = 0
H(1,1) = 0
H(1,2) = 0
H(2,0) = 0
H(2,1) = 0
H(2,2) = 0
---------------



***************
Logging from: VideoMediaDialog v - start
Time: Fri Jan 23 22:16:17 2015

H(0,0) = 0
H(0,1) = 0
H(0,2) = 0
H(1,0) = 0
H(1,1) = 0
H(1,2) = 0
H(2,0) = 0
H(2,1) = 0
H(2,2) = 0
---------------



***************
Logging from: VideoMediaDialog v - stop
Time: Fri Jan 23 22:17:59 2015

H(0,0) = 0
H(0,1) = 0
H(0,2) = 0
H(1,0) = 0
H(1,1) = 0
H(1,2) = 0
H(2,0) = 0
H(2,1) = 0
H(2,2) = 0
---------------

