

***************
Logging from: TestCalibrationMediaDialog testcalibration_main
Time: Wed Mar 15 20:41:39 2017

H(0,0) = 5.31362
H(0,1) = -10.7901
H(0,2) = 625.687
H(1,0) = 1.98322
H(1,1) = -3.85412
H(1,2) = 153.221
H(2,0) = 0.00670393
H(2,1) = -0.014226
H(2,2) = 1
---------------



***************
Logging from: TestCalibrationMediaDialog testcalibration_main
Time: Wed Mar 15 20:43:23 2017

H(0,0) = -7.34726
H(0,1) = 22.2571
H(0,2) = -3998.63
H(1,0) = -9.25035
H(1,1) = 14.7881
H(1,2) = -440.826
H(2,0) = -0.0260822
H(2,1) = 0.0402002
H(2,2) = 1
---------------

