
CALIBRATION: calibration_main
Start time: 15.03.2017 20-40-14
End time: 15.03.2017 20-41-02
Image quality on start: 0.708333313465118
Image quality minimum value: 0.711267590522766
Image quality mean value: 0.733207143270052
Head movement maximum value: 16.0312195418814
Head movement mean value: 12.0474409599216
Head size ratio maximum value: 0.0689442905509388
Head size ratio mean value: 0.12824148765977
Calibration reprojection error mean value: 64.3490085601807
Calibration reprojection error outliers count: 0
Error: no error

TEST CALIBRATION: testcalibration_main
Start time: 15.03.2017 20-41-19
End time: 15.03.2017 20-41-55
Image quality minimum value: 0.723404228687286
Image quality mean value: 0.741072402397792
Head movement maximum value: 13.4164078649987
Head movement mean value: 9.65360183087746
Head size ratio maximum value: 0.0805055401662049
Head size ratio mean value: 0.300550169282857
Calibration maximum distance: 1111.81653162741
Calibration corrected maximum distance: 551.247675732061
Calibration without correction was successful: False
Calibration with correction was successful: False
Error: 
Calibration not accurate enough. 
We need some further fine tuning of the calibration, it doesn't always get right from the first time. Please try again, give your best to keep your head still and focus at the red dot.

CALIBRATION: calibration_main
Start time: 15.03.2017 20-42-17
End time: 15.03.2017 20-43-01
Image quality on start: 0.720279693603516
Image quality minimum value: 0.726618707180023
Image quality mean value: 0.742355925313542
Head movement maximum value: 12.0415945787923
Head movement mean value: 5.0273793923241
Head size ratio maximum value: 0.183133271775931
Head size ratio mean value: 0.159520993494974
Calibration reprojection error mean value: 131.395226796468
Calibration reprojection error outliers count: 0
Error: no error

TEST CALIBRATION: testcalibration_main
Start time: 15.03.2017 20-43-04
End time: 15.03.2017 20-43-23
Image quality minimum value: 0.733812928199768
Image quality mean value: 0.743228243456946
Head movement maximum value: 11.0453610171873
Head movement mean value: 7.09643310102275
Head size ratio maximum value: 0.0805055401662049
Head size ratio mean value: 0.329600703350319
Calibration maximum distance: 922.943660252347
Calibration corrected maximum distance: 378.868050909548
Calibration without correction was successful: False
Calibration with correction was successful: False
Error: 
Calibration not accurate enough. 
We need some further fine tuning of the calibration, it doesn't always get right from the first time. Please try again, give your best to keep your head still and focus at the red dot.

CLICKTASK: filler
Start time: 15.03.2017 20-43-47
End time: 15.03.2017 20-44-09
Image quality minimum value: 1000
Image quality mean value: 0
Head movement maximum value: 0
Head movement mean value: 0
Head size ratio maximum value: 0
Head size ratio mean value: 0
Error: no error

CLICKTASK: full_shelf
Start time: 15.03.2017 20-44-21
End time: 15.03.2017 20-44-37
Image quality minimum value: 1000
Image quality mean value: 0
Head movement maximum value: 0
Head movement mean value: 0
Head size ratio maximum value: 0
Head size ratio mean value: 0
Error: no error

CLICKTASK: 3row_shelf
Start time: 15.03.2017 20-44-45
End time: 15.03.2017 20-45-01
Image quality minimum value: 1000
Image quality mean value: 0
Head movement maximum value: 0
Head movement mean value: 0
Head size ratio maximum value: 0
Head size ratio mean value: 0
Error: no error

CLICKTASK: pack
Start time: 15.03.2017 20-45-11
End time: 15.03.2017 20-45-20
Image quality minimum value: 1000
Image quality mean value: 0
Head movement maximum value: 0
Head movement mean value: 0
Head size ratio maximum value: 0
Head size ratio mean value: 0
Error: no error
