
CALIBRATION: calibration_main
Start time: 17.12.2016 09-10-11
End time: 17.12.2016 09-10-47
Image quality on start: 0.834645688533783
Image quality minimum value: 0.798611104488373
Image quality mean value: 0.83519077765236
Head movement maximum value: 5.65685424949238
Head movement mean value: 2.31179261019176
Head size ratio maximum value: 0.0938473192492215
Head size ratio mean value: 0.0572042170003104
Calibration reprojection error mean value: 120.284837298923
Calibration reprojection error outliers count: 0
Error: no error

TEST CALIBRATION: testcalibration_main
Start time: 17.12.2016 09-10-52
End time: 17.12.2016 09-11-08
Image quality minimum value: 0.8125
Image quality mean value: 0.839371162865843
Head movement maximum value: 7.61577310586391
Head movement mean value: 4.27995225049913
Head size ratio maximum value: 0.0938473192492215
Head size ratio mean value: 0.10098506619212
Calibration maximum distance: 394.362777148148
Calibration corrected maximum distance: 33.1058907144937
Calibration without correction was successful: False
Calibration with correction was successful: True
Error: no error

VIDEOTASK: 1
Start time: 17.12.2016 09-11-17
End time: 17.12.2016 09-12-48
Image quality minimum value: 0.787401556968689
Image quality mean value: 0.811937477835949
Head movement maximum value: 13.9283882771841
Head movement mean value: 9.03667618650471
Head size ratio maximum value: 0.122822153017423
Head size ratio mean value: 0.0704677547022159
Error: no error
