
CALIBRATION: calibration_main
Start time: 19.03.2017 11-31-10
End time: 19.03.2017 11-31-44
Image quality on start: 0.875
Image quality minimum value: 0.8125
Image quality mean value: 0.875603658781139
Head movement maximum value: 10.0498756211209
Head movement mean value: 3.60062048249468
Head size ratio maximum value: 0.0701530612244898
Head size ratio mean value: 0.0498698160456839
Calibration reprojection error mean value: 184.001218583849
Calibration reprojection error outliers count: 1
Error: no error

TEST CALIBRATION: testcalibration_main
Start time: 19.03.2017 11-31-49
End time: 19.03.2017 11-32-05
Image quality minimum value: 0.784722208976746
Image quality mean value: 0.834193762332674
Head movement maximum value: 12.2065556157337
Head movement mean value: 8.04508387736927
Head size ratio maximum value: 0.104272959183674
Head size ratio mean value: 0.101302673847317
Calibration maximum distance: 312.705932147121
Calibration corrected maximum distance: 69.8569967862919
Calibration without correction was successful: False
Calibration with correction was successful: True
Error: no error

CLICKTASK: filler
Start time: 19.03.2017 11-32-08
End time: 19.03.2017 11-32-14
Image quality minimum value: 0.819444417953491
Image quality mean value: 0.844885475841569
Head movement maximum value: 10.1980390271856
Head movement mean value: 8.48797505115268
Head size ratio maximum value: 0.0872927295918368
Head size ratio mean value: 0.140695861678004
Error: no error

CLICKTASK: full_shelf
Start time: 19.03.2017 11-32-18
End time: 19.03.2017 11-32-29
Image quality minimum value: 0.685039341449738
Image quality mean value: 0.855861395994822
Head movement maximum value: 29.0172362570938
Head movement mean value: 21.8960479809457
Head size ratio maximum value: 0.119439572704082
Head size ratio mean value: 0.0881085246598638
Error: no error

CLICKTASK: 3row_shelf
Start time: 19.03.2017 11-32-32
End time: 19.03.2017 11-32-44
Image quality minimum value: 0.777777791023254
Image quality mean value: 0.841658756225067
Head movement maximum value: 43.4626276242015
Head movement mean value: 33.8204893871384
Head size ratio maximum value: 0.137755102040816
Head size ratio mean value: 0.108310581074146
Error: no error

CLICKTASK: pack
Start time: 19.03.2017 11-32-46
End time: 19.03.2017 11-32-52
Image quality minimum value: 0.8125
Image quality mean value: 0.862153952009976
Head movement maximum value: 29.4278779391243
Head movement mean value: 24.5625909524113
Head size ratio maximum value: 0.0701530612244898
Head size ratio mean value: 0.170643086336097
Error: no error
