
CALIBRATION: calibration_main
Start time: 19.03.2017 02-44-12
End time: 19.03.2017 02-44-46
Image quality on start: 0.868055582046509
Image quality minimum value: 0.65972226858139
Image quality mean value: 0.72494470810189
Head movement maximum value: 6.40312423743285
Head movement mean value: 3.60501660981416
Head size ratio maximum value: 0.112581390464188
Head size ratio mean value: 0.0617571554281586
Calibration reprojection error mean value: 68.380677541097
Calibration reprojection error outliers count: 0
Error: no error

TEST CALIBRATION: testcalibration_main
Start time: 19.03.2017 02-44-55
End time: 19.03.2017 02-45-11
Image quality minimum value: 0.666666686534882
Image quality mean value: 0.710363253263327
Head movement maximum value: 6.08276253029822
Head movement mean value: 3.82127025149152
Head size ratio maximum value: 0.0850661625708885
Head size ratio mean value: 0.107937174729865
Calibration maximum distance: 189.16923639958
Calibration corrected maximum distance: 181.686543255135
Calibration without correction was successful: True
Calibration with correction was successful: True
Error: no error

CLICKTASK: filler
Start time: 19.03.2017 02-45-15
End time: 19.03.2017 02-45-40
Image quality minimum value: 0
Image quality mean value: 0.500513582509391
Head movement maximum value: 28.2311884269862
Head movement mean value: 18.4234329020592
Head size ratio maximum value: 0.148614903498331
Head size ratio mean value: 0.129751319417356
Error: 
Bad Face Size!
Your face in the camera image is too big or too small. Please set your position again and repeat calibration.

CALIBRATION: calibration_main
Start time: 19.03.2017 02-46-05
End time: 19.03.2017 02-46-38
Image quality on start: 0.874015748500824
Image quality minimum value: 0.803149580955505
Image quality mean value: 0.821467804448895
Head movement maximum value: 5.8309518948453
Head movement mean value: 4.08373529367188
Head size ratio maximum value: 0.0533240997229918
Head size ratio mean value: 0.0474082187351875
Calibration reprojection error mean value: 54.2887520260281
Calibration reprojection error outliers count: 0
Error: no error

TEST CALIBRATION: testcalibration_main
Start time: 19.03.2017 02-46-40
End time: 19.03.2017 02-46-56
Image quality minimum value: 0.803149580955505
Image quality mean value: 0.829146375258764
Head movement maximum value: 11.4017542509914
Head movement mean value: 9.15790950347681
Head size ratio maximum value: 0.0604609110495538
Head size ratio mean value: 0.0878835734560575
Calibration maximum distance: 217.974769182123
Calibration corrected maximum distance: 18.4390889145858
Calibration without correction was successful: True
Calibration with correction was successful: True
Error: no error

CLICKTASK: filler
Start time: 19.03.2017 02-46-58
End time: 19.03.2017 02-47-04
Image quality minimum value: 0.643678188323975
Image quality mean value: 0.804553191912802
Head movement maximum value: 110
Head movement mean value: 15.6780495937137
Head size ratio maximum value: 0.135426285010773
Head size ratio mean value: 0.432807260533606
Error: 
Sorry, but we have lost your eyes. This is probably due to excessive head movements. Please try to recalibrate again and give your best to keep your head still.

CALIBRATION: calibration_main
Start time: 19.03.2017 02-47-50
End time: 19.03.2017 02-48-23
Image quality on start: 0.787401556968689
Image quality minimum value: 0.716535449028015
Image quality mean value: 0.735712428558741
Head movement maximum value: 19.9248588451713
Head movement mean value: 11.7292080306266
Head size ratio maximum value: 0.071263657648283
Head size ratio mean value: 0.0491631190950373
Calibration reprojection error mean value: 45.9660549163818
Calibration reprojection error outliers count: 0
Error: no error

TEST CALIBRATION: testcalibration_main
Start time: 19.03.2017 02-48-30
End time: 19.03.2017 02-48-46
Image quality minimum value: 1000
Image quality mean value: 0
Head movement maximum value: 0
Head movement mean value: 0
Head size ratio maximum value: 0
Head size ratio mean value: 0
Calibration maximum distance: 0
Calibration corrected maximum distance: 0
Calibration without correction was successful: False
Calibration with correction was successful: False
Error: no error

CLICKTASK: filler
Start time: 19.03.2017 02-48-48
End time: 19.03.2017 02-48-53
Image quality minimum value: 1000
Image quality mean value: 0
Head movement maximum value: 0
Head movement mean value: 0
Head size ratio maximum value: 0
Head size ratio mean value: 0
Error: no error

CLICKTASK: full_shelf
Start time: 19.03.2017 02-48-56
End time: 19.03.2017 02-49-08
Image quality minimum value: 1000
Image quality mean value: 0
Head movement maximum value: 0
Head movement mean value: 0
Head size ratio maximum value: 0
Head size ratio mean value: 0
Error: no error

CLICKTASK: 3row_shelf
Start time: 19.03.2017 02-49-11
End time: 19.03.2017 02-49-18
Image quality minimum value: 1000
Image quality mean value: 0
Head movement maximum value: 0
Head movement mean value: 0
Head size ratio maximum value: 0
Head size ratio mean value: 0
Error: no error

CLICKTASK: pack
Start time: 19.03.2017 02-49-24
End time: 19.03.2017 02-49-30
Image quality minimum value: 1000
Image quality mean value: 0
Head movement maximum value: 0
Head movement mean value: 0
Head size ratio maximum value: 0
Head size ratio mean value: 0
Error: no error
