

***************
Logging from: TestCalibrationMediaDialog testcalibration_main
Time: Tue Jan 20 09:17:33 2015

H(0,0) = 0.575768
H(0,1) = -0.291441
H(0,2) = 213.438
H(1,0) = -0.064242
H(1,1) = 0.499791
H(1,2) = -0.208228
H(2,0) = -1.46668e-005
H(2,1) = -0.000824682
H(2,2) = 1
---------------



***************
Logging from: VideoMediaDialog v - start
Time: Tue Jan 20 09:17:41 2015

H(0,0) = 0.575768
H(0,1) = -0.291441
H(0,2) = 213.438
H(1,0) = -0.064242
H(1,1) = 0.499791
H(1,2) = -0.208228
H(2,0) = -1.46668e-005
H(2,1) = -0.000824682
H(2,2) = 1
---------------



***************
Logging from: VideoMediaDialog v - stop
Time: Tue Jan 20 09:19:26 2015

H(0,0) = 0.575768
H(0,1) = -0.291441
H(0,2) = 213.438
H(1,0) = -0.064242
H(1,1) = 0.499791
H(1,2) = -0.208228
H(2,0) = -1.46668e-005
H(2,1) = -0.000824682
H(2,2) = 1
---------------

