
CALIBRATION: calibration_main
Start time: 07.12.2016 11-58-25
End time: 07.12.2016 11-58-58
Image quality on start: 0.433070868253708
Image quality minimum value: 0.433070868253708
Image quality mean value: 0.449841893798723
Head movement maximum value: 9.05538513813742
Head movement mean value: 4.92361975224529
Head size ratio maximum value: 0.0874314230947187
Head size ratio mean value: 0.0378950995194607
Calibration reprojection error mean value: 107.755061679416
Calibration reprojection error outliers count: 0
Error: no error

TEST CALIBRATION: testcalibration_main
Start time: 07.12.2016 11-59-03
End time: 07.12.2016 11-59-19
Image quality minimum value: 0.417322844266891
Image quality mean value: 0.441116054420886
Head movement maximum value: 12.0415945787923
Head movement mean value: 8.7191716822467
Head size ratio maximum value: 0.0951814396192743
Head size ratio mean value: 0.0890310719119917
Calibration maximum distance: 162.003086390352
Calibration corrected maximum distance: 118.067777145164
Calibration without correction was successful: True
Calibration with correction was successful: True
Error: no error

CLICKTASK: c1
Start time: 07.12.2016 11-59-33
End time: 07.12.2016 11-59-46
Image quality minimum value: 0.385826766490936
Image quality mean value: 0.402230966271776
Head movement maximum value: 16.1554944214035
Head movement mean value: 14.0150654486692
Head size ratio maximum value: 0.0874314230947187
Head size ratio mean value: 0.0702149644371539
Error: no error

CLICKTASK: c2
Start time: 07.12.2016 11-59-56
End time: 07.12.2016 12-00-28
Image quality minimum value: 0.354330718517303
Image quality mean value: 0.385354564420466
Head movement maximum value: 26.1725046566048
Head movement mean value: 22.0252854999869
Head size ratio maximum value: 0.0951814396192743
Head size ratio mean value: 0.0480150812953628
Error: no error

CLICKTASK: c3
Start time: 07.12.2016 12-00-36
End time: 07.12.2016 12-00-52
Image quality minimum value: 0.362204730510712
Image quality mean value: 0.384024282446109
Head movement maximum value: 29.8328677803526
Head movement mean value: 27.275743118454
Head size ratio maximum value: 0.102898407032851
Head size ratio mean value: 0.0655874041476238
Error: no error

CLICKTASK: c4
Start time: 07.12.2016 12-01-01
End time: 07.12.2016 12-01-23
Image quality minimum value: 0.362204730510712
Image quality mean value: 0.397856517881155
Head movement maximum value: 33.2415402771893
Head movement mean value: 30.4143808510645
Head size ratio maximum value: 0.0718322427126711
Head size ratio mean value: 0.0446022998509117
Error: no error
