
CALIBRATION: calibration_main
Start time: 27.01.2017 18-03-40
End time: 27.01.2017 18-04-13
Image quality on start: 0,795275568962097
Image quality minimum value: 0
Image quality mean value: 0,767470372061357
Head movement maximum value: 83,0060238777885
Head movement mean value: 28,9625625846264
Head size ratio maximum value: 0,209035762788592
Head size ratio mean value: 0,0675197210637334
Calibration reprojection error mean value: 410,125313652886
Calibration reprojection error outliers count: 6
Error: no error

TEST CALIBRATION: testcalibration_main
Start time: 27.01.2017 18-04-22
End time: 27.01.2017 18-04-38
Image quality minimum value: 0,755905508995056
Image quality mean value: 0,774869098089128
Head movement maximum value: 33,1360830515618
Head movement mean value: 28,2352366365781
Head size ratio maximum value: 0,107578089633318
Head size ratio mean value: 0,0936082044183834
Calibration maximum distance: 1295,18685910567
Calibration corrected maximum distance: 229,804264538324
Calibration without correction was successful: False
Calibration with correction was successful: True
Error: no error

WATCHTASK: 1
Start time: 27.01.2017 18-05-16
End time: 27.01.2017 18-05-47
Image quality minimum value: 0,685039341449738
Image quality mean value: 0,708036868329089
Head movement maximum value: 46,0977222864644
Head movement mean value: 41,0554495391789
Head size ratio maximum value: 0,155165233137166
Head size ratio mean value: 0,0895373933829797
Error: no error

VIDEOTASK: 2
Start time: 27.01.2017 18-05-57
End time: 27.01.2017 18-06-17
Image quality minimum value: 0,543307065963745
Image quality mean value: 0,641306649591472
Head movement maximum value: 58,0086200490927
Head movement mean value: 50,0189711597113
Head size ratio maximum value: 0,147324581258488
Head size ratio mean value: 0,0861081815178692
Error: no error
