

***************
Logging from: TestCalibrationMediaDialog testcalibration_main
Time: Thu Jan 22 15:14:46 2015

H(0,0) = 1.62084
H(0,1) = 1.86469
H(0,2) = -804.509
H(1,0) = -0.41201
H(1,1) = 4.53997
H(1,2) = -1378.58
H(2,0) = -0.000287115
H(2,1) = 0.00221291
H(2,2) = 1
---------------



***************
Logging from: VideoMediaDialog v - start
Time: Thu Jan 22 15:14:56 2015

H(0,0) = 1.62084
H(0,1) = 1.86469
H(0,2) = -804.509
H(1,0) = -0.41201
H(1,1) = 4.53997
H(1,2) = -1378.58
H(2,0) = -0.000287115
H(2,1) = 0.00221291
H(2,2) = 1
---------------



***************
Logging from: VideoMediaDialog v - stop
Time: Thu Jan 22 15:16:48 2015

H(0,0) = 1.62084
H(0,1) = 1.86469
H(0,2) = -804.509
H(1,0) = -0.41201
H(1,1) = 4.53997
H(1,2) = -1378.58
H(2,0) = -0.000287115
H(2,1) = 0.00221291
H(2,2) = 1
---------------

