
CALIBRATION: calibration_main
Start time: 22.01.2015 15-13-50
End time: 22.01.2015 15-14-24
Image quality on start: 0.409722298383713
Image quality minimum value: 0.388888895511627
Image quality mean value: 0.481193375306068
Head movement maximum value: 11.0453610171873
Head movement mean value: 6.84443097075143
Head size ratio maximum value: 0.0583347793689841
Head size ratio mean value: 0.0662272645849214
Calibration reprojection error mean value: 96.4699558681912
Calibration reprojection error outliers count: 0
Error: no error

TEST CALIBRATION: testcalibration_main
Start time: 22.01.2015 15-14-31
End time: 22.01.2015 15-14-47
Image quality minimum value: 0.388888895511627
Image quality mean value: 0.461762137524784
Head movement maximum value: 17.1172427686237
Head movement mean value: 12.3011899647592
Head size ratio maximum value: 0.0583347793689841
Head size ratio mean value: 0.0800907685084055
Calibration maximum distance: 335.01044759828
Calibration corrected maximum distance: 216.889372722593
Calibration without correction was successful: False
Calibration with correction was successful: True
Error: no error

VIDEOTASK: v
Start time: 22.01.2015 15-14-56
End time: 22.01.2015 15-16-48
Image quality minimum value: 0.381944566965103
Image quality mean value: 0.503444841451194
Head movement maximum value: 45.0998891351187
Head movement mean value: 38.8217755506931
Head size ratio maximum value: 0.105676285355572
Head size ratio mean value: 0.0445016590704746
Error: no error
