
CALIBRATION: calibration_main
Start time: 02.03.2017 17-05-56
End time: 02.03.2017 17-06-39
Image quality on start: 0.4251968562603
Image quality minimum value: 0.401574790477753
Image quality mean value: 0.412505052080052
Head movement maximum value: 6.08276253029822
Head movement mean value: 2.62548538685599
Head size ratio maximum value: 0.066036422365783
Head size ratio mean value: 0.048487873021744
Calibration reprojection error mean value: 87.9934770796034
Calibration reprojection error outliers count: 0
Error: no error

TEST CALIBRATION: testcalibration_main
Start time: 02.03.2017 17-06-46
End time: 02.03.2017 17-07-04
Image quality minimum value: 0.401574790477753
Image quality mean value: 0.40956997023179
Head movement maximum value: 6.32455532033676
Head movement mean value: 4.27788341417579
Head size ratio maximum value: 0.0376615059033192
Head size ratio mean value: 0.0721215963808968
Calibration maximum distance: 323.371303612426
Calibration corrected maximum distance: 39.293765408777
Calibration without correction was successful: False
Calibration with correction was successful: True
Error: no error

CLICKTASK: shoppersmode
Start time: 02.03.2017 17-07-16
End time: 02.03.2017 17-07-52
Image quality minimum value: 0.330708652734756
Image quality mean value: 0.338074665957241
Head movement maximum value: 13.6014705087354
Head movement mean value: 8.53572960844771
Head size ratio maximum value: 0.0915571396747605
Head size ratio mean value: 0.0483829797809219
Error: no error

CLICKTASK: shelftask
Start time: 02.03.2017 17-08-01
End time: 02.03.2017 17-08-17
Image quality minimum value: 0.322834640741348
Image quality mean value: 0.335853007634481
Head movement maximum value: 21.2602916254693
Head movement mean value: 17.3969610702502
Head size ratio maximum value: 0.066036422365783
Head size ratio mean value: 0.06708008465137
Error: no error

VIDEOTASK: 3drot
Start time: 02.03.2017 17-08-31
End time: 02.03.2017 17-08-47
Image quality minimum value: 0.291338592767715
Image quality mean value: 0.320244520118362
Head movement maximum value: 22.6715680975093
Head movement mean value: 8.20663612895628
Head size ratio maximum value: 0.0369653597683226
Head size ratio mean value: 0.616947421181602
Error: no error
