
CALIBRATION: calibration_main
Start time: 09.12.2016 13-05-06
End time: 09.12.2016 13-05-40
Image quality on start: 0.527559041976929
Image quality minimum value: 0.543307065963745
Image quality mean value: 0.555311075466521
Head movement maximum value: 7.07106781186548
Head movement mean value: 3.17140754280297
Head size ratio maximum value: 0.134856314715585
Head size ratio mean value: 0.0903778980748112
Calibration reprojection error mean value: 177.295591142443
Calibration reprojection error outliers count: 1
Error: no error

TEST CALIBRATION: testcalibration_main
Start time: 09.12.2016 13-05-43
End time: 09.12.2016 13-05-59
Image quality minimum value: 0.535433053970337
Image quality mean value: 0.550918611174538
Head movement maximum value: 5.8309518948453
Head movement mean value: 3.51044788151376
Head size ratio maximum value: 0.142960660551858
Head size ratio mean value: 0.0781438732507552
Calibration maximum distance: 301.219189295768
Calibration corrected maximum distance: 41.7252920900501
Calibration without correction was successful: True
Calibration with correction was successful: True
Error: no error

CLICKTASK: c1
Start time: 09.12.2016 13-06-02
End time: 09.12.2016 13-06-18
Image quality minimum value: 0.417322844266891
Image quality mean value: 0.431013338080603
Head movement maximum value: 12.0830459735946
Head movement mean value: 7.83804680315091
Head size ratio maximum value: 0.126713830781259
Head size ratio mean value: 0.105542778440936
Error: no error

CLICKTASK: c2
Start time: 09.12.2016 13-06-29
End time: 09.12.2016 13-06-40
Image quality minimum value: 0.4251968562603
Image quality mean value: 0.468054000607559
Head movement maximum value: 14.142135623731
Head movement mean value: 11.3644290408301
Head size ratio maximum value: 0.0770580271161877
Head size ratio mean value: 0.109366989296815
Error: no error

CLICKTASK: c3
Start time: 09.12.2016 13-06-46
End time: 09.12.2016 13-07-03
Image quality minimum value: 0.464566916227341
Image quality mean value: 0.471918192147219
Head movement maximum value: 16.2788205960997
Head movement mean value: 12.372520779986
Head size ratio maximum value: 0.0602009877767395
Head size ratio mean value: 0.0529658266025259
Error: no error

CLICKTASK: c4
Start time: 09.12.2016 13-07-09
End time: 09.12.2016 13-07-32
Image quality minimum value: 0.472440958023071
Image quality mean value: 0.527997927392115
Head movement maximum value: 19.2093727122985
Head movement mean value: 15.4952247534092
Head size ratio maximum value: 0.0801472130584848
Head size ratio mean value: 0.0564565142841241
Error: no error
