
CALIBRATION: calibration_main
Start time: 09.12.2016 09-06-55
End time: 09.12.2016 09-07-30
Image quality on start: 0.661417305469513
Image quality minimum value: 0.637795269489288
Image quality mean value: 0.655701075608914
Head movement maximum value: 4.47213595499958
Head movement mean value: 1.65794510744166
Head size ratio maximum value: 0.0742021668934092
Head size ratio mean value: 0.0751695525376455
Calibration reprojection error mean value: 98.645445505778
Calibration reprojection error outliers count: 0
Error: no error

TEST CALIBRATION: testcalibration_main
Start time: 09.12.2016 09-07-34
End time: 09.12.2016 09-07-51
Image quality minimum value: 0.645669281482697
Image quality mean value: 0.649309154951347
Head movement maximum value: 2.23606797749979
Head movement mean value: 1.51786957186279
Head size ratio maximum value: 0.0742021668934092
Head size ratio mean value: 0.0956156484180957
Calibration maximum distance: 662.366967775417
Calibration corrected maximum distance: 127.224211532239
Calibration without correction was successful: False
Calibration with correction was successful: True
Error: no error

CLICKTASK: c1
Start time: 09.12.2016 09-07-58
End time: 09.12.2016 09-08-16
Image quality minimum value: 0.653543293476105
Image quality mean value: 0.761412706375122
Head movement maximum value: 9.21954445729289
Head movement mean value: 5.11041136753161
Head size ratio maximum value: 0.132914815846842
Head size ratio mean value: 0.138568801324395
Error: no error

CLICKTASK: c2
Start time: 09.12.2016 09-08-28
End time: 09.12.2016 09-08-45
Image quality minimum value: 0.574803173542023
Image quality mean value: 0.744621794835656
Head movement maximum value: 5.65685424949238
Head movement mean value: 3.58048330936375
Head size ratio maximum value: 0.132914815846842
Head size ratio mean value: 0.102804649306783
Error: no error

CLICKTASK: c3
Start time: 09.12.2016 09-08-50
End time: 09.12.2016 09-08-56
Image quality minimum value: 0.677165329456329
Image quality mean value: 0.734329789876938
Head movement maximum value: 5.65685424949238
Head movement mean value: 4.12204766201825
Head size ratio maximum value: 0.0637283023816159
Head size ratio mean value: 0.0527690814287874
Error: no error

CLICKTASK: c4
Start time: 09.12.2016 09-09-01
End time: 09.12.2016 09-09-19
Image quality minimum value: 0.645669281482697
Image quality mean value: 0.698210439356891
Head movement maximum value: 6.08276253029822
Head movement mean value: 3.33521459290887
Head size ratio maximum value: 0.102493074792244
Head size ratio mean value: 0.0869671985802391
Error: no error
