
CALIBRATION: calibration_main
Start time: 16.03.2017 13-09-57
End time: 16.03.2017 13-10-29
Image quality on start: 0.716535449028015
Image quality minimum value: 0.737500011920929
Image quality mean value: 0.745559357734103
Head movement maximum value: 5
Head movement mean value: 2.40151873822596
Head size ratio maximum value: 0.123404616789484
Head size ratio mean value: 0.0552177232139363
Calibration reprojection error mean value: 88.9920001559787
Calibration reprojection error outliers count: 0
Error: no error

TEST CALIBRATION: testcalibration_main
Start time: 16.03.2017 13-10-32
End time: 16.03.2017 13-10-48
Image quality minimum value: 0.725000023841858
Image quality mean value: 0.740950408870099
Head movement maximum value: 9.48683298050514
Head movement mean value: 5.49067285746254
Head size ratio maximum value: 0.123404616789484
Head size ratio mean value: 0.0836107179604411
Calibration maximum distance: 319.476133693896
Calibration corrected maximum distance: 88.3232698670062
Calibration without correction was successful: False
Calibration with correction was successful: True
Error: no error

CLICKTASK: filler
Start time: 16.03.2017 13-10-49
End time: 16.03.2017 13-10-53
Image quality minimum value: 0.720496892929077
Image quality mean value: 0.732305693129698
Head movement maximum value: 9.48683298050514
Head movement mean value: 7.11569837967078
Head size ratio maximum value: 0.0655567117585849
Head size ratio mean value: 0.18987626267989
Error: no error

CLICKTASK: full_shelf
Start time: 16.03.2017 13-10-57
End time: 16.03.2017 13-11-06
Image quality minimum value: 0.721518993377686
Image quality mean value: 0.733335849661264
Head movement maximum value: 11.1803398874989
Head movement mean value: 9.57215550039121
Head size ratio maximum value: 0.0466138588630041
Head size ratio mean value: 0.0229924067402958
Error: no error

CLICKTASK: 3row_shelf
Start time: 16.03.2017 13-11-09
End time: 16.03.2017 13-11-19
Image quality minimum value: 0.700787425041199
Image quality mean value: 0.721858533653053
Head movement maximum value: 52.773099207835
Head movement mean value: 28.1082792802406
Head size ratio maximum value: 0.192826350102997
Head size ratio mean value: 0.145220465214519
Error: no error

CLICKTASK: pack
Start time: 16.03.2017 13-11-25
End time: 16.03.2017 13-11-30
Image quality minimum value: 0.713375806808472
Image quality mean value: 0.723361621542675
Head movement maximum value: 16.2788205960997
Head movement mean value: 13.92503412568
Head size ratio maximum value: 0.0372061415617235
Head size ratio mean value: 0.0635775845324553
Error: no error
