

***************
Logging from: TestCalibrationMediaDialog testcalibration_main
Time: Thu May 11 15:32:43 2017

H(0,0) = 6.46444
H(0,1) = -20.9177
H(0,2) = 1120.62
H(1,0) = 1.69381
H(1,1) = -6.10453
H(1,2) = 607.095
H(2,0) = 0.00670036
H(2,1) = -0.0210185
H(2,2) = 1
---------------



***************
Logging from: TestCalibrationMediaDialog testcalibration_main
Time: Thu May 11 15:33:40 2017

H(0,0) = -0.050393
H(0,1) = -2.23054
H(0,2) = 781.206
H(1,0) = 0.07803
H(1,1) = -1.44718
H(1,2) = 438.642
H(2,0) = 0.000257126
H(2,1) = -0.00328199
H(2,2) = 1
---------------

