

***************
Logging from: TestCalibrationMediaDialog testcalibration_main
Time: Tue Feb 28 22:25:52 2017

H(0,0) = 9.57121
H(0,1) = -4.5468
H(0,2) = -1826.79
H(1,0) = 1.66605
H(1,1) = 0.988921
H(1,2) = -725.702
H(2,0) = 0.00745145
H(2,1) = -0.00676593
H(2,2) = 1
---------------



***************
Logging from: TestCalibrationMediaDialog testcalibration_main
Time: Tue Feb 28 22:27:02 2017

H(0,0) = 15.4961
H(0,1) = -96.1041
H(0,2) = 22189.6
H(1,0) = 10.8218
H(1,1) = -43.5597
H(1,2) = 4920.61
H(2,0) = 0.0436626
H(2,1) = -0.110963
H(2,2) = 1
---------------

