
CALIBRATION: calibration_main
Start time: 28.02.2017 22-24-57
End time: 28.02.2017 22-25-34
Image quality on start: 0.582677185535431
Image quality minimum value: 0.598425209522247
Image quality mean value: 0.60623689424394
Head movement maximum value: 18.6010752377383
Head movement mean value: 7.69226209078372
Head size ratio maximum value: 0.258317397196084
Head size ratio mean value: 0.0938772786498691
Calibration reprojection error mean value: 128.545453813341
Calibration reprojection error outliers count: 1
Error: no error

TEST CALIBRATION: testcalibration_main
Start time: 28.02.2017 22-25-36
End time: 28.02.2017 22-25-52
Image quality minimum value: 0.598425209522247
Image quality mean value: 0.619773285142307
Head movement maximum value: 24.0831891575846
Head movement mean value: 20.2526913744572
Head size ratio maximum value: 0.258317397196084
Head size ratio mean value: 0.192717683850037
Calibration maximum distance: 290.043100245464
Calibration corrected maximum distance: 86.3712915267567
Calibration without correction was successful: False
Calibration with correction was successful: True
Error: no error

CLICKTASK: shoppersmode
Start time: 28.02.2017 22-25-54
End time: 28.02.2017 22-25-57
Image quality minimum value: 0.440944880247116
Image quality mean value: 0.489063858985901
Head movement maximum value: 14.560219778561
Head movement mean value: 1.61780219761789
Head size ratio maximum value: 0.375843770975545
Head size ratio mean value: 0.930649307886172
Error: 
Sorry, but we have lost your eyes. This is probably due to excessive head movements. Please try to recalibrate again and give your best to keep your head still.

CALIBRATION: calibration_main
Start time: 28.02.2017 22-26-09
End time: 28.02.2017 22-26-43
Image quality on start: 0.598425209522247
Image quality minimum value: 0.614173233509064
Image quality mean value: 0.636343324015327
Head movement maximum value: 21.1896201004171
Head movement mean value: 15.4773851086211
Head size ratio maximum value: 0.0787108123015459
Head size ratio mean value: 0.0388588116346271
Calibration reprojection error mean value: 97.7185717688666
Calibration reprojection error outliers count: 0
Error: no error

TEST CALIBRATION: testcalibration_main
Start time: 28.02.2017 22-26-45
End time: 28.02.2017 22-27-02
Image quality minimum value: 0.62992125749588
Image quality mean value: 0.639433063983917
Head movement maximum value: 27.459060435492
Head movement mean value: 22.4779710501065
Head size ratio maximum value: 0.102905442673783
Head size ratio mean value: 0.0644014251427376
Calibration maximum distance: 214.979068748564
Calibration corrected maximum distance: 219.611019759938
Calibration without correction was successful: True
Calibration with correction was successful: True
Error: no error

CLICKTASK: shoppersmode
Start time: 28.02.2017 22-27-04
End time: 28.02.2017 22-27-36
Image quality minimum value: 0.464566916227341
Image quality mean value: 0.502464071906113
Head movement maximum value: 27.7308492477241
Head movement mean value: 23.0623563082325
Head size ratio maximum value: 0.11918426976342
Head size ratio mean value: 0.0621234655983693
Error: no error

CLICKTASK: shelftask
Start time: 28.02.2017 22-27-39
End time: 28.02.2017 22-27-47
Image quality minimum value: 0.488188982009888
Image quality mean value: 0.500800205924647
Head movement maximum value: 22.4722050542442
Head movement mean value: 16.6177945475743
Head size ratio maximum value: 0.111029948867787
Head size ratio mean value: 0.107468788794714
Error: no error

VIDEOTASK: 3drot
Start time: 28.02.2017 22-27-50
End time: 28.02.2017 22-28-02
Image quality minimum value: 0.307086616754532
Image quality mean value: 0.559896041178009
Head movement maximum value: 22.2036033111745
Head movement mean value: 16.9973808636793
Head size ratio maximum value: 0.102905442673783
Head size ratio mean value: 0.0625563096230713
Error: no error
