

***************
Logging from: TestCalibrationMediaDialog testcalibration_main
Time: Tue Dec 20 03:29:36 2016

H(0,0) = 1.61233
H(0,1) = -0.191235
H(0,2) = -1038.1
H(1,0) = -0.0471867
H(1,1) = -0.315395
H(1,2) = 181.002
H(2,0) = -0.00106739
H(2,1) = -0.000564451
H(2,2) = 1
---------------



***************
Logging from: TestCalibrationMediaDialog testcalibration_main
Time: Tue Dec 20 03:31:59 2016

H(0,0) = 0.00276285
H(0,1) = -0.723
H(0,2) = 284.476
H(1,0) = -0.0491422
H(1,1) = -0.521319
H(1,2) = 238.005
H(2,0) = -0.000164922
H(2,1) = -0.00228953
H(2,2) = 1
---------------

