
CALIBRATION: calibration_main
Start time: 20.12.2016 03-28-44
End time: 20.12.2016 03-29-17
Image quality on start: 0.472222149372101
Image quality minimum value: 0
Image quality mean value: 0.429201216297449
Head movement maximum value: 18.0277563773199
Head movement mean value: 9.04079306780987
Head size ratio maximum value: 0.180565828402367
Head size ratio mean value: 0.0915130007590987
Calibration reprojection error mean value: 371.28817070855
Calibration reprojection error outliers count: 5
Error: no error

TEST CALIBRATION: testcalibration_main
Start time: 20.12.2016 03-29-19
End time: 20.12.2016 03-29-36
Image quality minimum value: 0
Image quality mean value: 0.432353002775429
Head movement maximum value: 27.8926513619627
Head movement mean value: 23.6226645587787
Head size ratio maximum value: 0.194608809993425
Head size ratio mean value: 0.135387252959985
Calibration maximum distance: 616.275912234123
Calibration corrected maximum distance: 180.069431053691
Calibration without correction was successful: False
Calibration with correction was successful: True
Error: no error

VIDEOTASK: 1
Start time: 20.12.2016 03-29-40
End time: 20.12.2016 03-30-29
Image quality minimum value: 0.181102365255356
Image quality mean value: 0.475813146575491
Head movement maximum value: 42.7551166528639
Head movement mean value: 30.9383630267171
Head size ratio maximum value: 0.373263888888889
Head size ratio mean value: 0.217114427533857
Error: 
Sorry, but we have lost your eyes. This is probably due to excessive head movements. Please try to recalibrate again and give your best to keep your head still.

CALIBRATION: calibration_main
Start time: 20.12.2016 03-30-39
End time: 20.12.2016 03-30-48
Image quality on start: 0.496062994003296
Image quality minimum value: 0.319444537162781
Image quality mean value: 0.494635830819607
Head movement maximum value: 195.010256140543
Head movement mean value: 12.9127904671955
Head size ratio maximum value: 0.0714049586776859
Head size ratio mean value: 0.489091368227732
Calibration reprojection error mean value: 999999
Calibration reprojection error outliers count: 999999
Error: 
Sorry, but we have lost your eyes. This is probably due to excessive head movements. Please try to recalibrate again and give your best to keep your head still.

CALIBRATION: calibration_main
Start time: 20.12.2016 03-31-09
End time: 20.12.2016 03-31-41
Image quality on start: 0.464566916227341
Image quality minimum value: 0
Image quality mean value: 0.432706236122892
Head movement maximum value: 12.1655250605964
Head movement mean value: 7.19516352378051
Head size ratio maximum value: 0.127537464130088
Head size ratio mean value: 0.0889814534728981
Calibration reprojection error mean value: 293.021998087565
Calibration reprojection error outliers count: 4
Error: no error

TEST CALIBRATION: testcalibration_main
Start time: 20.12.2016 03-31-43
End time: 20.12.2016 03-31-59
Image quality minimum value: 0
Image quality mean value: 0.343769069479293
Head movement maximum value: 25.1793566240283
Head movement mean value: 14.4179138724437
Head size ratio maximum value: 0.0913428041709474
Head size ratio mean value: 0.101135660981366
Calibration maximum distance: 847.580674626315
Calibration corrected maximum distance: 360.073603586822
Calibration without correction was successful: False
Calibration with correction was successful: False
Error: 
Calibration not accurate enough. 
We need some further fine tuning of the calibration, it doesn't always get right from the first time. Please try again, give your best to keep your head still and focus at the red dot.

VIDEOTASK: 1
Start time: 20.12.2016 03-32-05
End time: 20.12.2016 03-33-32
Image quality minimum value: 1000
Image quality mean value: 0
Head movement maximum value: 0
Head movement mean value: 0
Head size ratio maximum value: 0
Head size ratio mean value: 0
Error: no error
