
CALIBRATION: calibration_main
Start time: 06.03.2017 18-46-54
End time: 06.03.2017 18-47-30
Image quality on start: 0.662500023841858
Image quality minimum value: 0.522580623626709
Image quality mean value: 0.571314715570019
Head movement maximum value: 33.6154726279432
Head movement mean value: 19.055808775014
Head size ratio maximum value: 0.106983221401137
Head size ratio mean value: 0.113261002393423
Calibration reprojection error mean value: 81.4236437479655
Calibration reprojection error outliers count: 0
Error: no error

TEST CALIBRATION: testcalibration_main
Start time: 06.03.2017 18-47-34
End time: 06.03.2017 18-47-53
Image quality minimum value: 0.562874257564545
Image quality mean value: 0.569373674252454
Head movement maximum value: 18.3847763108502
Head movement mean value: 15.2431541666806
Head size ratio maximum value: 0.127018710271557
Head size ratio mean value: 0.141130075713491
Calibration maximum distance: 322.591072412117
Calibration corrected maximum distance: 325.209163462532
Calibration without correction was successful: False
Calibration with correction was successful: False
Error: 
Calibration not accurate enough. 
We need some further fine tuning of the calibration, it doesn't always get right from the first time. Please try again, give your best to keep your head still and focus at the red dot.

CALIBRATION: calibration_main
Start time: 06.03.2017 18-48-12
End time: 06.03.2017 18-48-47
Image quality on start: 0.668789803981781
Image quality minimum value: 0.562874257564545
Image quality mean value: 0.585911121236564
Head movement maximum value: 43.8634243989226
Head movement mean value: 26.0165447213598
Head size ratio maximum value: 0.152175742782594
Head size ratio mean value: 0.131635841914655
Calibration reprojection error mean value: 137.302284240723
Calibration reprojection error outliers count: 1
Error: no error

TEST CALIBRATION: testcalibration_main
Start time: 06.03.2017 18-48-50
End time: 06.03.2017 18-49-07
Image quality minimum value: 0.581818163394928
Image quality mean value: 0.583248577566228
Head movement maximum value: 25.0798724079689
Head movement mean value: 20.9911551543162
Head size ratio maximum value: 0.122822153017423
Head size ratio mean value: 0.141566078713625
Calibration maximum distance: 331.404586570554
Calibration corrected maximum distance: 123.943535531306
Calibration without correction was successful: False
Calibration with correction was successful: True
Error: no error

CLICKTASK: shoppersmode
Start time: 06.03.2017 18-49-21
End time: 06.03.2017 18-49-27
Image quality minimum value: 0.486394554376602
Image quality mean value: 0.546219869663841
Head movement maximum value: 193.010362416115
Head movement mean value: 17.0810435155671
Head size ratio maximum value: 0.522620149819039
Head size ratio mean value: 0.467696100363695
Error: 
Sorry, but we have lost your eyes. This is probably due to excessive head movements. Please try to recalibrate again and give your best to keep your head still.

CALIBRATION: calibration_main
Start time: 06.03.2017 18-49-46
End time: 06.03.2017 18-50-22
Image quality on start: 0.651898741722107
Image quality minimum value: 0.611464977264404
Image quality mean value: 0.61778593227404
Head movement maximum value: 15.2643375224737
Head movement mean value: 11.2247897511264
Head size ratio maximum value: 0.147324581258488
Head size ratio mean value: 0.142704781523459
Calibration reprojection error mean value: 188.764349195692
Calibration reprojection error outliers count: 2
Error: no error

TEST CALIBRATION: testcalibration_main
Start time: 06.03.2017 18-50-24
End time: 06.03.2017 18-50-40
Image quality minimum value: 1000
Image quality mean value: 0
Head movement maximum value: 0
Head movement mean value: 0
Head size ratio maximum value: 0
Head size ratio mean value: 0
Calibration maximum distance: 0
Calibration corrected maximum distance: 0
Calibration without correction was successful: False
Calibration with correction was successful: False
Error: no error

CLICKTASK: shoppersmode
Start time: 06.03.2017 18-50-44
End time: 06.03.2017 18-51-03
Image quality minimum value: 1000
Image quality mean value: 0
Head movement maximum value: 0
Head movement mean value: 0
Head size ratio maximum value: 0
Head size ratio mean value: 0
Error: no error

CLICKTASK: shelftask
Start time: 06.03.2017 18-51-12
End time: 06.03.2017 18-51-29
Image quality minimum value: 1000
Image quality mean value: 0
Head movement maximum value: 0
Head movement mean value: 0
Head size ratio maximum value: 0
Head size ratio mean value: 0
Error: no error

VIDEOTASK: 3drot
Start time: 06.03.2017 18-51-38
End time: 06.03.2017 18-51-50
Image quality minimum value: 1000
Image quality mean value: 0
Head movement maximum value: 0
Head movement mean value: 0
Head size ratio maximum value: 0
Head size ratio mean value: 0
Error: no error
