
CALIBRATION: calibration_main
Start time: 03.03.2017 07-58-47
End time: 03.03.2017 07-59-22
Image quality on start: 0.866141736507416
Image quality minimum value: 0.85276073217392
Image quality mean value: 0.876926134939741
Head movement maximum value: 14.3178210632764
Head movement mean value: 7.82099202245147
Head size ratio maximum value: 0.0888429752066116
Head size ratio mean value: 0.0418943273939518
Calibration reprojection error mean value: 124.382230546739
Calibration reprojection error outliers count: 0
Error: no error

TEST CALIBRATION: testcalibration_main
Start time: 03.03.2017 07-59-26
End time: 03.03.2017 07-59-42
Image quality minimum value: 0.838509321212769
Image quality mean value: 0.852699230147843
Head movement maximum value: 18.2482875908947
Head movement mean value: 15.3390575965964
Head size ratio maximum value: 0.0650228809507547
Head size ratio mean value: 0.0476918713860537
Calibration maximum distance: 323.185705129419
Calibration corrected maximum distance: 242.142520016622
Calibration without correction was successful: True
Calibration with correction was successful: True
Error: no error

CLICKTASK: shoppersmode
Start time: 03.03.2017 07-59-51
End time: 03.03.2017 08-00-25
Image quality minimum value: 0.825153350830078
Image quality mean value: 0.844767177945192
Head movement maximum value: 20.8806130178211
Head movement mean value: 17.5390627112877
Head size ratio maximum value: 0.104552284680008
Head size ratio mean value: 0.0549049543148253
Error: no error

CLICKTASK: shelftask
Start time: 03.03.2017 08-00-33
End time: 03.03.2017 08-01-02
Image quality minimum value: 0.830303013324738
Image quality mean value: 0.847139053866449
Head movement maximum value: 21.5870331449229
Head movement mean value: 17.3725427715199
Head size ratio maximum value: 0.112355713407554
Head size ratio mean value: 0.0415964796584734
Error: no error

VIDEOTASK: 3drot
Start time: 03.03.2017 08-01-07
End time: 03.03.2017 08-01-18
Image quality minimum value: 0.83435583114624
Image quality mean value: 0.842993781063127
Head movement maximum value: 22.2036033111745
Head movement mean value: 19.3498756945294
Head size ratio maximum value: 0.0967147052796941
Head size ratio mean value: 0.0829935588861536
Error: no error
