

***************
Logging from: TestCalibrationMediaDialog testcalibration_main
Time: Mon Mar 20 14:47:54 2017

H(0,0) = -2.78068
H(0,1) = -5.73828
H(0,2) = 3422.47
H(1,0) = -0.904572
H(1,1) = -4.32682
H(1,2) = 1756.17
H(2,0) = -0.00103244
H(2,1) = -0.00402186
H(2,2) = 1
---------------



***************
Logging from: TestCalibrationMediaDialog testcalibration_main
Time: Mon Mar 20 14:48:54 2017

H(0,0) = 0.38066
H(0,1) = -0.172625
H(0,2) = 146.379
H(1,0) = -0.0448833
H(1,1) = 0.569417
H(1,2) = 11.3313
H(2,0) = -0.000265331
H(2,1) = -0.000690979
H(2,2) = 1
---------------

