

***************
Logging from: TestCalibrationMediaDialog testcalibration_main
Time: Thu Jan 22 03:57:51 2015

H(0,0) = 0.842667
H(0,1) = -0.365169
H(0,2) = 194.342
H(1,0) = -0.00870751
H(1,1) = 0.63965
H(1,2) = 1.76945
H(2,0) = 5.15685e-005
H(2,1) = -0.000325872
H(2,2) = 1
---------------



***************
Logging from: VideoMediaDialog v - start
Time: Thu Jan 22 03:58:13 2015

H(0,0) = 0.842667
H(0,1) = -0.365169
H(0,2) = 194.342
H(1,0) = -0.00870751
H(1,1) = 0.63965
H(1,2) = 1.76945
H(2,0) = 5.15685e-005
H(2,1) = -0.000325872
H(2,2) = 1
---------------

