

***************
Logging from: TestCalibrationMediaDialog testcalibration_main
Time: Wed Dec 07 10:00:16 2016

H(0,0) = 4.97586
H(0,1) = -19.5701
H(0,2) = 699.793
H(1,0) = 4.71698
H(1,1) = -22.1482
H(1,2) = 1978.16
H(2,0) = 0.0144638
H(2,1) = -0.0514689
H(2,2) = 1
---------------



***************
Logging from: TestCalibrationMediaDialog testcalibration_main
Time: Wed Dec 07 10:01:22 2016

H(0,0) = 1.60944
H(0,1) = -2.21515
H(0,2) = 533.225
H(1,0) = 0.623264
H(1,1) = -1.27552
H(1,2) = 429.869
H(2,0) = 0.0023644
H(2,1) = -0.00364695
H(2,2) = 1
---------------

