
CALIBRATION: calibration_main
Start time: 18.03.2017 09-06-20
End time: 18.03.2017 09-06-54
Image quality on start: 0.480314970016479
Image quality minimum value: 0.496062994003296
Image quality mean value: 0.528127886949836
Head movement maximum value: 20.6155281280883
Head movement mean value: 14.5774537296721
Head size ratio maximum value: 0.155122718141322
Head size ratio mean value: 0.112818560207659
Calibration reprojection error mean value: 64.9689148796929
Calibration reprojection error outliers count: 0
Error: no error

TEST CALIBRATION: testcalibration_main
Start time: 18.03.2017 09-07-00
End time: 18.03.2017 09-07-16
Image quality minimum value: 0.519685029983521
Image quality mean value: 0.543226718902588
Head movement maximum value: 18.7882942280559
Head movement mean value: 14.1975071694966
Head size ratio maximum value: 0.105445890470784
Head size ratio mean value: 0.131051014169315
Calibration maximum distance: 415.447951011917
Calibration corrected maximum distance: 149.833240637717
Calibration without correction was successful: False
Calibration with correction was successful: True
Error: no error

CLICKTASK: filler
Start time: 18.03.2017 09-07-27
End time: 18.03.2017 09-07-33
Image quality minimum value: 0.346456706523895
Image quality mean value: 0.375824647980767
Head movement maximum value: 19.6977156035922
Head movement mean value: 14.5587160135384
Head size ratio maximum value: 0.0761638571054239
Head size ratio mean value: 0.268602474428311
Error: no error

CLICKTASK: full_shelf
Start time: 18.03.2017 09-07-41
End time: 18.03.2017 09-07-50
Image quality minimum value: 0.362204730510712
Image quality mean value: 0.453089549379834
Head movement maximum value: 16.1245154965971
Head movement mean value: 15.2021508497501
Head size ratio maximum value: 0.105445890470784
Head size ratio mean value: 0.0724880124235557
Error: no error

CLICKTASK: 3row_shelf
Start time: 18.03.2017 09-07-59
End time: 18.03.2017 09-08-14
Image quality minimum value: 0.330708652734756
Image quality mean value: 0.368855581121537
Head movement maximum value: 18.2482875908947
Head movement mean value: 15.7612508068678
Head size ratio maximum value: 0.145100008734387
Head size ratio mean value: 0.119820105541926
Error: no error

CLICKTASK: pack
Start time: 18.03.2017 09-08-18
End time: 18.03.2017 09-08-29
Image quality minimum value: 0.464566916227341
Image quality mean value: 0.474946320960016
Head movement maximum value: 19.313207915828
Head movement mean value: 15.4635936689521
Head size ratio maximum value: 0.0568608612105861
Head size ratio mean value: 0.16940244880458
Error: no error
