

***************
Logging from: TestCalibrationMediaDialog testcalibration_main
Time: Mon Dec 19 16:58:35 2016

H(0,0) = 0.521978
H(0,1) = -0.284276
H(0,2) = 138.616
H(1,0) = -0.0686429
H(1,1) = 0.665865
H(1,2) = -11.4616
H(2,0) = -0.000228823
H(2,1) = -0.000419012
H(2,2) = 1
---------------



***************
Logging from: TestCalibrationMediaDialog testcalibration_main
Time: Mon Dec 19 17:00:34 2016

H(0,0) = 0.499929
H(0,1) = -0.000904182
H(0,2) = -204.111
H(1,0) = -0.0828445
H(1,1) = 0.268188
H(1,2) = 181.419
H(2,0) = -0.000343997
H(2,1) = -0.00021197
H(2,2) = 1
---------------

