

***************
Logging from: TestCalibrationMediaDialog testcalibration_main
Time: Tue Dec 20 08:42:04 2016

H(0,0) = -0.940465
H(0,1) = 3.19437
H(0,2) = 1528.71
H(1,0) = -0.134654
H(1,1) = 1.88623
H(1,2) = 854.723
H(2,0) = 0.00207207
H(2,1) = 0.00277801
H(2,2) = 1
---------------



***************
Logging from: TestCalibrationMediaDialog testcalibration_main
Time: Tue Dec 20 08:43:22 2016

H(0,0) = 1.82592
H(0,1) = -0.0327309
H(0,2) = -2354.13
H(1,0) = -0.731473
H(1,1) = -0.377694
H(1,2) = 1196.9
H(2,0) = -0.000704538
H(2,1) = -0.000172038
H(2,2) = 1
---------------

