
CALIBRATION: calibration_main
Start time: 20.12.2016 08-41-13
End time: 20.12.2016 08-41-44
Image quality on start: 0.456692904233933
Image quality minimum value: 0.283464580774307
Image quality mean value: 0.306128041510997
Head movement maximum value: 8.24621125123532
Head movement mean value: 5.14198303659804
Head size ratio maximum value: 0.0912786989795917
Head size ratio mean value: 0.0494608543145517
Calibration reprojection error mean value: 101.328991699219
Calibration reprojection error outliers count: 0
Error: no error

TEST CALIBRATION: testcalibration_main
Start time: 20.12.2016 08-41-48
End time: 20.12.2016 08-42-12
Image quality minimum value: 0.275590538978577
Image quality mean value: 0.2909096583782
Head movement maximum value: 0
Head movement mean value: 0
Head size ratio maximum value: 0
Head size ratio mean value: 1
Calibration maximum distance: 2615.20247782079
Calibration corrected maximum distance: 1127.86923000851
Calibration without correction was successful: False
Calibration with correction was successful: False
Error: 
Calibration not accurate enough. 
We need some further fine tuning of the calibration, it doesn't always get right from the first time. Please try again, give your best to keep your head still and focus at the red dot.

CALIBRATION: calibration_main
Start time: 20.12.2016 08-42-34
End time: 20.12.2016 08-43-04
Image quality on start: 0.417322844266891
Image quality minimum value: 0.251968502998352
Image quality mean value: 0.297517973832462
Head movement maximum value: 13
Head movement mean value: 1.00579372488054
Head size ratio maximum value: 0.0773914436788976
Head size ratio mean value: 0.914644314866548
Calibration reprojection error mean value: 4.24264049530029
Calibration reprojection error outliers count: 0
Error: no error

TEST CALIBRATION: testcalibration_main
Start time: 20.12.2016 08-43-06
End time: 20.12.2016 08-43-22
Image quality minimum value: 0.354330718517303
Image quality mean value: 0.381733535064591
Head movement maximum value: 19.313207915828
Head movement mean value: 14.9581990550981
Head size ratio maximum value: 0.12163292919582
Head size ratio mean value: 0.0871255313118266
Calibration maximum distance: 1017.48022093798
Calibration corrected maximum distance: 286.15031015185
Calibration without correction was successful: False
Calibration with correction was successful: True
Error: no error

VIDEOTASK: 1
Start time: 20.12.2016 08-43-32
End time: 20.12.2016 08-45-00
Image quality minimum value: 0.456692904233933
Image quality mean value: 0.825135206960004
Head movement maximum value: 30.0166620396073
Head movement mean value: 23.5373632563484
Head size ratio maximum value: 0.212786412433905
Head size ratio mean value: 0.0954635050638559
Error: no error
