

***************
Logging from: TestCalibrationMediaDialog testcalibration_main
Time: Thu Jan 22 18:24:26 2015

H(0,0) = -2.91199
H(0,1) = -1.20509
H(0,2) = 931.781
H(1,0) = -1.03828
H(1,1) = -0.559618
H(1,2) = 397.953
H(2,0) = -0.00276405
H(2,1) = -0.0013958
H(2,2) = 1
---------------



***************
Logging from: VideoMediaDialog v - start
Time: Thu Jan 22 18:24:51 2015

H(0,0) = -2.91199
H(0,1) = -1.20509
H(0,2) = 931.781
H(1,0) = -1.03828
H(1,1) = -0.559618
H(1,2) = 397.953
H(2,0) = -0.00276405
H(2,1) = -0.0013958
H(2,2) = 1
---------------



***************
Logging from: TestCalibrationMediaDialog testcalibration_main
Time: Thu Jan 22 18:26:28 2015

H(0,0) = 1.89471
H(0,1) = -1.53636
H(0,2) = 519.769
H(1,0) = 0.502235
H(1,1) = 0.687914
H(1,2) = -232.071
H(2,0) = 0.00089337
H(2,1) = -0.00105117
H(2,2) = 1
---------------



***************
Logging from: VideoMediaDialog v - start
Time: Thu Jan 22 18:26:33 2015

H(0,0) = 1.89471
H(0,1) = -1.53636
H(0,2) = 519.769
H(1,0) = 0.502235
H(1,1) = 0.687914
H(1,2) = -232.071
H(2,0) = 0.00089337
H(2,1) = -0.00105117
H(2,2) = 1
---------------



***************
Logging from: VideoMediaDialog v - start
Time: Thu Jan 22 18:27:58 2015

---------------



***************
Logging from: VideoMediaDialog v - stop
Time: Thu Jan 22 18:29:39 2015

---------------

