
CALIBRATION: calibration_main
Start time: 22.01.2015 18-23-27
End time: 22.01.2015 18-24-01
Image quality on start: 0.65277773141861
Image quality minimum value: 0.559055089950562
Image quality mean value: 0.579481391707568
Head movement maximum value: 11
Head movement mean value: 4.78415570095267
Head size ratio maximum value: 0.0401296566837107
Head size ratio mean value: 0.0364661385936039
Calibration reprojection error mean value: 315.188298543294
Calibration reprojection error outliers count: 5
Error: no error

TEST CALIBRATION: testcalibration_main
Start time: 22.01.2015 18-24-11
End time: 22.01.2015 18-24-27
Image quality minimum value: 0.527777850627899
Image quality mean value: 0.591669750490854
Head movement maximum value: 15.6524758424985
Head movement mean value: 10.3241271996974
Head size ratio maximum value: 0.0687089116143169
Head size ratio mean value: 0.0632678325717295
Calibration maximum distance: 1166.31256531
Calibration corrected maximum distance: 217.800367309148
Calibration without correction was successful: False
Calibration with correction was successful: True
Error: no error

VIDEOTASK: v
Start time: 22.01.2015 18-24-50
End time: 22.01.2015 18-25-00
Image quality minimum value: 0.519685029983521
Image quality mean value: 0.539673844973246
Head movement maximum value: 25.3179778023443
Head movement mean value: 2.81310864470493
Head size ratio maximum value: 0.487034331628926
Head size ratio mean value: 0.943003814625436
Error: 
Sorry, but we have lost your eyes. This is probably due to excessive head movements. Please try to recalibrate again and give your best to keep your head still.

CALIBRATION: calibration_main
Start time: 22.01.2015 18-25-29
End time: 22.01.2015 18-26-03
Image quality on start: 0.590277910232544
Image quality minimum value: 0.520833313465118
Image quality mean value: 0.609319003189311
Head movement maximum value: 10.1980390271856
Head movement mean value: 6.20777291294103
Head size ratio maximum value: 0.0724629521192739
Head size ratio mean value: 0.0415258520416408
Calibration reprojection error mean value: 158.455263349745
Calibration reprojection error outliers count: 2
Error: no error

TEST CALIBRATION: testcalibration_main
Start time: 22.01.2015 18-26-13
End time: 22.01.2015 18-26-29
Image quality minimum value: 0.597222208976746
Image quality mean value: 0.647015706328459
Head movement maximum value: 13.4164078649987
Head movement mean value: 11.0195827522201
Head size ratio maximum value: 0.110839601819738
Head size ratio mean value: 0.0824539644662976
Calibration maximum distance: 324.981537937157
Calibration corrected maximum distance: 106.150836077725
Calibration without correction was successful: False
Calibration with correction was successful: True
Error: no error

VIDEOTASK: v
Start time: 22.01.2015 18-26-33
End time: 22.01.2015 18-26-40
Image quality minimum value: 0.456692904233933
Image quality mean value: 0.645791850213347
Head movement maximum value: 20.591260281974
Head movement mean value: 14.8148172225602
Head size ratio maximum value: 0.429924327732985
Head size ratio mean value: 0.401547227602361
Error: 
Sorry, but we have lost your eyes. This is probably due to excessive head movements. Please try to recalibrate again and give your best to keep your head still.

CALIBRATION: calibration_main
Start time: 22.01.2015 18-27-03
End time: 22.01.2015 18-27-37
Image quality on start: 0.416666656732559
Image quality minimum value: 0.319444537162781
Image quality mean value: 0.464649560034712
Head movement maximum value: 13.9283882771841
Head movement mean value: 5.98757885024229
Head size ratio maximum value: 0.137327751962826
Head size ratio mean value: 0.0496532610871638
Calibration reprojection error mean value: 258.626776801215
Calibration reprojection error outliers count: 3
Error: no error

TEST CALIBRATION: testcalibration_main
Start time: 22.01.2015 18-27-40
End time: 22.01.2015 18-27-55
Image quality minimum value: 1000
Image quality mean value: 0
Head movement maximum value: 0
Head movement mean value: 0
Head size ratio maximum value: 0
Head size ratio mean value: 0
Calibration maximum distance: 0
Calibration corrected maximum distance: 0
Calibration without correction was successful: False
Calibration with correction was successful: False
Error: no error

VIDEOTASK: v
Start time: 22.01.2015 18-27-58
End time: 22.01.2015 18-29-39
Image quality minimum value: 1000
Image quality mean value: 0
Head movement maximum value: 0
Head movement mean value: 0
Head size ratio maximum value: 0
Head size ratio mean value: 0
Error: no error
