
CALIBRATION: calibration_main
Start time: 26.01.2017 23-39-31
End time: 26.01.2017 23-40-03
Image quality on start: 0,503937005996704
Image quality minimum value: 0,503937005996704
Image quality mean value: 0,542682694968673
Head movement maximum value: 9,21954445729289
Head movement mean value: 6,55274417968852
Head size ratio maximum value: 0,268160051943836
Head size ratio mean value: 0,20470118886597
Calibration reprojection error mean value: 66,2869186401367
Calibration reprojection error outliers count: 0
Error: no error

TEST CALIBRATION: testcalibration_main
Start time: 26.01.2017 23-40-04
End time: 26.01.2017 23-40-20
Image quality minimum value: 0,511811017990112
Image quality mean value: 0,54839107370752
Head movement maximum value: 16,1554944214035
Head movement mean value: 13,4306990311491
Head size ratio maximum value: 0,237906825744663
Head size ratio mean value: 0,205235348138094
Calibration maximum distance: 255,720550601628
Calibration corrected maximum distance: 30,4795013082563
Calibration without correction was successful: True
Calibration with correction was successful: True
Error: no error

WATCHTASK: 1
Start time: 26.01.2017 23-40-27
End time: 26.01.2017 23-40-58
Image quality minimum value: 0,377952754497528
Image quality mean value: 0,393222599859662
Head movement maximum value: 41,5932686861708
Head movement mean value: 35,6824329451054
Head size ratio maximum value: 0,309065822579336
Head size ratio mean value: 0,197702024160061
Error: no error

VIDEOTASK: 2
Start time: 26.01.2017 23-41-00
End time: 26.01.2017 23-41-16
Image quality minimum value: 0,283464580774307
Image quality mean value: 0,352580934126153
Head movement maximum value: 35,5105618091294
Head movement mean value: 32,9287969075841
Head size ratio maximum value: 0,208018829640451
Head size ratio mean value: 0,170669283281896
Error: no error
