
CALIBRATION: calibration_main
Start time: 27.01.2017 17-05-13
End time: 27.01.2017 17-05-48
Image quality on start: 0,4251968562603
Image quality minimum value: 0,322834640741348
Image quality mean value: 0,346543861051327
Head movement maximum value: 12,1655250605964
Head movement mean value: 6,8840556946068
Head size ratio maximum value: 0,0603640082364809
Head size ratio mean value: 0,0567434262946987
Calibration reprojection error mean value: 45,7501674228244
Calibration reprojection error outliers count: 0
Error: no error

TEST CALIBRATION: testcalibration_main
Start time: 27.01.2017 17-05-53
End time: 27.01.2017 17-06-10
Image quality minimum value: 0,322834640741348
Image quality mean value: 0,330867723985152
Head movement maximum value: 9,4339811320566
Head movement mean value: 7,6841851280323
Head size ratio maximum value: 0,0368292312157101
Head size ratio mean value: 0,104144358134768
Calibration maximum distance: 226,008849384266
Calibration corrected maximum distance: 89,6437393240599
Calibration without correction was successful: True
Calibration with correction was successful: True
Error: no error

WATCHTASK: 1
Start time: 27.01.2017 17-06-41
End time: 27.01.2017 17-07-12
Image quality minimum value: 0,338582664728165
Image quality mean value: 0,443854840553325
Head movement maximum value: 7,61577310586391
Head movement mean value: 5,75733979728691
Head size ratio maximum value: 0,037520211163472
Head size ratio mean value: 0,0625275265381364
Error: no error

VIDEOTASK: 2
Start time: 27.01.2017 17-07-18
End time: 27.01.2017 17-07-36
Image quality minimum value: 0,448818892240524
Image quality mean value: 0,479002619783084
Head movement maximum value: 10,295630140987
Head movement mean value: 8,15810831046391
Head size ratio maximum value: 0,0441121598651207
Head size ratio mean value: 0,0599664068582063
Error: no error
