

***************
Logging from: TestCalibrationMediaDialog testcalibration_main
Time: Sun Mar 05 01:49:05 2017

H(0,0) = 0.404963
H(0,1) = -0.476991
H(0,2) = 158.985
H(1,0) = -0.124045
H(1,1) = -0.0882589
H(1,2) = 220.611
H(2,0) = -0.000293803
H(2,1) = -0.00110279
H(2,2) = 1
---------------



***************
Logging from: TestCalibrationMediaDialog testcalibration_main
Time: Sun Mar 05 01:52:17 2017

H(0,0) = 3.06621
H(0,1) = -4.09567
H(0,2) = 53.5743
H(1,0) = 0.396438
H(1,1) = 0.202153
H(1,2) = -63.8785
H(2,0) = 0.001323
H(2,1) = -0.00279201
H(2,2) = 1
---------------

