
CALIBRATION: calibration_main
Start time: 05.03.2017 01-47-02
End time: 05.03.2017 01-47-21
Image quality on start: 0.716535449028015
Image quality minimum value: 0.716535449028015
Image quality mean value: 0.719685053825378
Head movement maximum value: 78.0576709875461
Head movement mean value: 7.80576709875461
Head size ratio maximum value: 0.60719578525927
Head size ratio mean value: 0.960719578525927
Calibration reprojection error mean value: 999999
Calibration reprojection error outliers count: 999999
Error: 
Sorry, but we have lost your eyes. This is probably due to excessive head movements. Please try to recalibrate again and give your best to keep your head still.

CALIBRATION: calibration_main
Start time: 05.03.2017 01-48-05
End time: 05.03.2017 01-48-40
Image quality on start: 0.834645688533783
Image quality minimum value: 0.771653532981873
Image quality mean value: 0.790416178703308
Head movement maximum value: 9.21954445729289
Head movement mean value: 5.77364084835593
Head size ratio maximum value: 0.0594352339769961
Head size ratio mean value: 0.0351553469201971
Calibration reprojection error mean value: 119.805551317003
Calibration reprojection error outliers count: 1
Error: no error

TEST CALIBRATION: testcalibration_main
Start time: 05.03.2017 01-48-48
End time: 05.03.2017 01-49-05
Image quality minimum value: 0.779527544975281
Image quality mean value: 0.795323291691867
Head movement maximum value: 11.3137084989848
Head movement mean value: 8.04364525673587
Head size ratio maximum value: 0.0680660352584863
Head size ratio mean value: 0.0900027745461125
Calibration maximum distance: 627.503784849143
Calibration corrected maximum distance: 95.5667306126981
Calibration without correction was successful: False
Calibration with correction was successful: True
Error: no error

CLICKTASK: shoppersmode
Start time: 05.03.2017 01-49-19
End time: 05.03.2017 01-49-44
Image quality minimum value: 0.685039341449738
Image quality mean value: 0.740293697430669
Head movement maximum value: 16
Head movement mean value: 5.05507505771093
Head size ratio maximum value: 0.372524990808984
Head size ratio mean value: 0.184221710323912
Error: 
Sorry, but we have lost your eyes. This is probably due to excessive head movements. Please try to recalibrate again and give your best to keep your head still.

CALIBRATION: calibration_main
Start time: 05.03.2017 01-50-05
End time: 05.03.2017 01-50-44
Image quality on start: 0.795275568962097
Image quality minimum value: 0.409722298383713
Image quality mean value: 0.82633359684394
Head movement maximum value: 67.0671305484289
Head movement mean value: 7.03265759631322
Head size ratio maximum value: 0.997511111111111
Head size ratio mean value: 0.0357072744539412
Calibration reprojection error mean value: 999999
Calibration reprojection error outliers count: 999999
Error: 
Sorry, but we have lost your eyes. This is probably due to excessive head movements. Please try to recalibrate again and give your best to keep your head still.

CALIBRATION: calibration_main
Start time: 05.03.2017 01-51-22
End time: 05.03.2017 01-51-57
Image quality on start: 0.771653532981873
Image quality minimum value: 0.771653532981873
Image quality mean value: 0.783898669503941
Head movement maximum value: 10
Head movement mean value: 6.74271788513592
Head size ratio maximum value: 0.120069444444444
Head size ratio mean value: 0.0755003036544145
Calibration reprojection error mean value: 78.9817995760176
Calibration reprojection error outliers count: 0
Error: no error

TEST CALIBRATION: testcalibration_main
Start time: 05.03.2017 01-52-00
End time: 05.03.2017 01-52-17
Image quality minimum value: 0.748031497001648
Image quality mean value: 0.775590538978577
Head movement maximum value: 10
Head movement mean value: 8.66443532180972
Head size ratio maximum value: 0.0677777777777777
Head size ratio mean value: 0.0986764322916666
Calibration maximum distance: 548.139580763878
Calibration corrected maximum distance: 81.0246875958186
Calibration without correction was successful: False
Calibration with correction was successful: True
Error: no error

CLICKTASK: shoppersmode
Start time: 05.03.2017 01-52-30
End time: 05.03.2017 01-52-45
Image quality minimum value: 0.409722298383713
Image quality mean value: 0.635050641242848
Head movement maximum value: 92.7793080379456
Head movement mean value: 11.4073190953978
Head size ratio maximum value: 0.833767361111111
Head size ratio mean value: 0.127641176787252
Error: 
Sorry, but we have lost your eyes. This is probably due to excessive head movements. Please try to recalibrate again and give your best to keep your head still.

CALIBRATION: calibration_main
Start time: 05.03.2017 01-53-02
End time: 05.03.2017 01-53-37
Image quality on start: 0.803149580955505
Image quality minimum value: 0.805555522441864
Image quality mean value: 0.855757353296242
Head movement maximum value: 12.1655250605964
Head movement mean value: 7.30959469820539
Head size ratio maximum value: 0.0975056689342404
Head size ratio mean value: 0.0619439208079486
Calibration reprojection error mean value: 134.009256998698
Calibration reprojection error outliers count: 0
Error: no error

TEST CALIBRATION: testcalibration_main
Start time: 05.03.2017 01-53-40
End time: 05.03.2017 01-53-56
Image quality minimum value: 1000
Image quality mean value: 0
Head movement maximum value: 0
Head movement mean value: 0
Head size ratio maximum value: 0
Head size ratio mean value: 0
Calibration maximum distance: 0
Calibration corrected maximum distance: 0
Calibration without correction was successful: False
Calibration with correction was successful: False
Error: no error

CLICKTASK: shoppersmode
Start time: 05.03.2017 01-54-04
End time: 05.03.2017 01-54-29
Image quality minimum value: 1000
Image quality mean value: 0
Head movement maximum value: 0
Head movement mean value: 0
Head size ratio maximum value: 0
Head size ratio mean value: 0
Error: no error

CLICKTASK: shelftask
Start time: 05.03.2017 01-54-38
End time: 05.03.2017 01-54-44
Image quality minimum value: 1000
Image quality mean value: 0
Head movement maximum value: 0
Head movement mean value: 0
Head size ratio maximum value: 0
Head size ratio mean value: 0
Error: no error

VIDEOTASK: 3drot
Start time: 05.03.2017 01-54-52
End time: 05.03.2017 01-55-05
Image quality minimum value: 1000
Image quality mean value: 0
Head movement maximum value: 0
Head movement mean value: 0
Head size ratio maximum value: 0
Head size ratio mean value: 0
Error: no error
