
CALIBRATION: calibration_main
Start time: 19.12.2016 18-37-36
End time: 19.12.2016 18-38-11
Image quality on start: 0.50000011920929
Image quality minimum value: 0.458333283662796
Image quality mean value: 0.530233758251841
Head movement maximum value: 4.12310562561766
Head movement mean value: 2.30407311449264
Head size ratio maximum value: 0.0445094653694648
Head size ratio mean value: 0.0747497642830361
Calibration reprojection error mean value: 122.619808197021
Calibration reprojection error outliers count: 0
Error: no error

TEST CALIBRATION: testcalibration_main
Start time: 19.12.2016 18-38-15
End time: 19.12.2016 18-38-31
Image quality minimum value: 0.493055552244186
Image quality mean value: 0.552266115577597
Head movement maximum value: 8.06225774829855
Head movement mean value: 4.81513330036177
Head size ratio maximum value: 0.081853992411162
Head size ratio mean value: 0.112916424289288
Calibration maximum distance: 364.111246736489
Calibration corrected maximum distance: 66.2193325245732
Calibration without correction was successful: False
Calibration with correction was successful: True
Error: no error

VIDEOTASK: 1
Start time: 19.12.2016 18-38-49
End time: 19.12.2016 18-40-20
Image quality minimum value: 0.388888895511627
Image quality mean value: 0.533080832885973
Head movement maximum value: 27.5136329843952
Head movement mean value: 14.8411448060228
Head size ratio maximum value: 0.094136743830192
Head size ratio mean value: 0.0465503871961619
Error: no error
