

***************
Logging from: TestCalibrationMediaDialog testcalibration_main
Time: Mon Mar 20 11:28:59 2017

H(0,0) = 0.758677
H(0,1) = -0.339249
H(0,2) = 242.77
H(1,0) = 0.022822
H(1,1) = 0.777855
H(1,2) = -56.6019
H(2,0) = -9.34404e-005
H(2,1) = -0.000492443
H(2,2) = 1
---------------



***************
Logging from: TestCalibrationMediaDialog testcalibration_main_3row_shelf
Time: Mon Mar 20 11:30:57 2017

H(0,0) = 0.365048
H(0,1) = -0.487396
H(0,2) = 357.699
H(1,0) = 0.0457377
H(1,1) = 0.374271
H(1,2) = -53.8847
H(2,0) = -0.000204252
H(2,1) = -0.000677354
H(2,2) = 1
---------------

