
CALIBRATION: calibration_main
Start time: 20.03.2017 11-28-09
End time: 20.03.2017 11-28-42
Image quality on start: 0.870129883289337
Image quality minimum value: 0.808441579341888
Image quality mean value: 0.830364926949443
Head movement maximum value: 12.0415945787923
Head movement mean value: 7.23734326789875
Head size ratio maximum value: 0.072704081632653
Head size ratio mean value: 0.0552250438662498
Calibration reprojection error mean value: 44.8230088551839
Calibration reprojection error outliers count: 0
Error: no error

TEST CALIBRATION: testcalibration_main
Start time: 20.03.2017 11-28-44
End time: 20.03.2017 11-28-59
Image quality minimum value: 0.775974035263062
Image quality mean value: 0.797320198226761
Head movement maximum value: 12.2065556157337
Head movement mean value: 8.60479113931045
Head size ratio maximum value: 0.072704081632653
Head size ratio mean value: 0.0764146725031077
Calibration maximum distance: 269.416035157524
Calibration corrected maximum distance: 64.8151216923952
Calibration without correction was successful: True
Calibration with correction was successful: True
Error: no error

CLICKTASK: filler
Start time: 20.03.2017 11-29-07
End time: 20.03.2017 11-29-20
Image quality minimum value: 0.723684191703796
Image quality mean value: 0.770152117399608
Head movement maximum value: 32.0624390837628
Head movement mean value: 20.7540991162257
Head size ratio maximum value: 0.0400762156714538
Head size ratio mean value: 0.0781240737035556
Error: no error

CLICKTASK: full_shelf
Start time: 20.03.2017 11-29-25
End time: 20.03.2017 11-29-47
Image quality minimum value: 0.698113203048706
Image quality mean value: 0.786114753752339
Head movement maximum value: 60.2079728939615
Head movement mean value: 32.9754598283014
Head size ratio maximum value: 0.0892069790879315
Head size ratio mean value: 0.0529777973169615
Error: no error

CLICKTASK: 3row_shelf
Start time: 20.03.2017 11-29-50
End time: 20.03.2017 11-30-02
Image quality minimum value: 0.699999988079071
Image quality mean value: 0.786156318625625
Head movement maximum value: 100.244700608062
Head movement mean value: 52.6110887145487
Head size ratio maximum value: 0.100513353489544
Head size ratio mean value: 0.127474052735228
Error: 
Sorry, but we have lost your eyes. This is probably due to excessive head movements. Please try to recalibrate again and give your best to keep your head still.

CALIBRATION: calibration_main_3row_shelf
Start time: 20.03.2017 11-30-09
End time: 20.03.2017 11-30-40
Image quality on start: 0.866883099079132
Image quality minimum value: 0.728187918663025
Image quality mean value: 0.762033417589649
Head movement maximum value: 17.2046505340853
Head movement mean value: 12.1951743833499
Head size ratio maximum value: 0.0853995286905984
Head size ratio mean value: 0.04422071856588
Calibration reprojection error mean value: 58.995361328125
Calibration reprojection error outliers count: 0
Error: no error

TEST CALIBRATION: testcalibration_main_3row_shelf
Start time: 20.03.2017 11-30-42
End time: 20.03.2017 11-30-58
Image quality minimum value: 0.746621608734131
Image quality mean value: 0.77712746558945
Head movement maximum value: 19.1049731745428
Head movement mean value: 11.2364685970796
Head size ratio maximum value: 0.11081553875291
Head size ratio mean value: 0.095186360294225
Calibration maximum distance: 376.198086119534
Calibration corrected maximum distance: 51.9230199429887
Calibration without correction was successful: False
Calibration with correction was successful: True
Error: no error

CLICKTASK: 3row_shelf
Start time: 20.03.2017 11-31-02
End time: 20.03.2017 11-31-12
Image quality minimum value: 0.74675327539444
Image quality mean value: 0.759089148896081
Head movement maximum value: 17.8044938147649
Head movement mean value: 13.35870168575
Head size ratio maximum value: 0.0964160245196548
Head size ratio mean value: 0.160355072359005
Error: no error

CLICKTASK: pack
Start time: 20.03.2017 11-31-17
End time: 20.03.2017 11-31-24
Image quality minimum value: 0.738562107086182
Image quality mean value: 0.764542050899998
Head movement maximum value: 18.0277563773199
Head movement mean value: 13.8990550900926
Head size ratio maximum value: 0.0891728953722043
Head size ratio mean value: 0.18517851787977
Error: no error
