

***************
Logging from: TestCalibrationMediaDialog testcalibration_main
Time: Fri Mar 03 21:32:39 2017

H(0,0) = -46.378
H(0,1) = -30.8266
H(0,2) = 19852.3
H(1,0) = -5.51244
H(1,1) = -83.1633
H(1,2) = 24902
H(2,0) = -0.0192866
H(2,1) = -0.0414994
H(2,2) = 1
---------------



***************
Logging from: TestCalibrationMediaDialog testcalibration_main
Time: Fri Mar 03 21:36:05 2017

H(0,0) = -0.0974688
H(0,1) = -2.03355
H(0,2) = 565.27
H(1,0) = -0.236887
H(1,1) = -1.37195
H(1,2) = 401.787
H(2,0) = -0.000580762
H(2,1) = -0.0033707
H(2,2) = 1
---------------



***************
Logging from: TestCalibrationMediaDialog testcalibration_main_shelftask
Time: Fri Mar 03 21:38:05 2017

H(0,0) = -1.00183
H(0,1) = -20.9776
H(0,2) = 8937.13
H(1,0) = 1.40474
H(1,1) = -15.9398
H(1,2) = 5701.19
H(2,0) = 0.000660488
H(2,1) = -0.00823247
H(2,2) = 1
---------------

