
CALIBRATION: calibration_main
Start time: 03.03.2017 21-31-38
End time: 03.03.2017 21-32-16
Image quality on start: 0.625
Image quality minimum value: 0.520833313465118
Image quality mean value: 0.625899210957144
Head movement maximum value: 38.0525951808809
Head movement mean value: 21.4062361849885
Head size ratio maximum value: 0.0916646848989298
Head size ratio mean value: 0.041971054490569
Calibration reprojection error mean value: 91.5637342664931
Calibration reprojection error outliers count: 0
Error: no error

TEST CALIBRATION: testcalibration_main
Start time: 03.03.2017 21-32-22
End time: 03.03.2017 21-32-39
Image quality minimum value: 0.622047245502472
Image quality mean value: 0.634834987914514
Head movement maximum value: 36.0693775937429
Head movement mean value: 28.9037514254798
Head size ratio maximum value: 0.120285374554102
Head size ratio mean value: 0.0978127060998324
Calibration maximum distance: 205.572371684524
Calibration corrected maximum distance: 172.800462962343
Calibration without correction was successful: True
Calibration with correction was successful: True
Error: no error

CLICKTASK: shoppersmode
Start time: 03.03.2017 21-32-49
End time: 03.03.2017 21-32-55
Image quality minimum value: 0
Image quality mean value: 0.0203200405643832
Head movement maximum value: 0
Head movement mean value: 0
Head size ratio maximum value: 0
Head size ratio mean value: 1
Error: 
Your face is not detected properly! Please try to set your position again and repeat calibration.

CALIBRATION: calibration_main
Start time: 03.03.2017 21-34-18
End time: 03.03.2017 21-34-38
Image quality on start: 0.65277773141861
Image quality minimum value: 0
Image quality mean value: 0.390410098704425
Head movement maximum value: 513.354653236922
Head movement mean value: 11.140427091729
Head size ratio maximum value: 0.0995790931855719
Head size ratio mean value: 0.103417627713009
Calibration reprojection error mean value: 999999
Calibration reprojection error outliers count: 999999
Error: 
Sorry, but we have lost your eyes. This is probably due to excessive head movements. Please try to recalibrate again and give your best to keep your head still.

CALIBRATION: calibration_main
Start time: 03.03.2017 21-35-10
End time: 03.03.2017 21-35-45
Image quality on start: 0.745222926139832
Image quality minimum value: 0.62992125749588
Image quality mean value: 0.666025063726637
Head movement maximum value: 34.5253530032641
Head movement mean value: 17.8476542321518
Head size ratio maximum value: 0.138839385163734
Head size ratio mean value: 0.0745859219656278
Calibration reprojection error mean value: 202.216407775879
Calibration reprojection error outliers count: 2
Error: no error

TEST CALIBRATION: testcalibration_main
Start time: 03.03.2017 21-35-49
End time: 03.03.2017 21-36-05
Image quality minimum value: 0.468309849500656
Image quality mean value: 0.497124322858013
Head movement maximum value: 96.0416576283438
Head movement mean value: 86.5351122717847
Head size ratio maximum value: 0.130889396302072
Head size ratio mean value: 0.0806185155699359
Calibration maximum distance: 711.287564913095
Calibration corrected maximum distance: 283.068896207266
Calibration without correction was successful: False
Calibration with correction was successful: True
Error: no error

CLICKTASK: shoppersmode
Start time: 03.03.2017 21-36-14
End time: 03.03.2017 21-36-33
Image quality minimum value: 0.485714286565781
Image quality mean value: 0.535788449012872
Head movement maximum value: 93.0376267969041
Head movement mean value: 80.4905444422335
Head size ratio maximum value: 0.107206504789485
Head size ratio mean value: 0.0798566529631353
Error: no error

CLICKTASK: shelftask
Start time: 03.03.2017 21-36-42
End time: 03.03.2017 21-36-49
Image quality minimum value: 0.397260278463364
Image quality mean value: 0.508387827143377
Head movement maximum value: 111.400179533069
Head movement mean value: 71.9262057330077
Head size ratio maximum value: 0.0605925595901091
Head size ratio mean value: 0.191372277358259
Error: 
Sorry, but we have lost your eyes. This is probably due to excessive head movements. Please try to recalibrate again and give your best to keep your head still.

CALIBRATION: calibration_main_shelftask
Start time: 03.03.2017 21-37-10
End time: 03.03.2017 21-37-45
Image quality on start: 0.728395044803619
Image quality minimum value: 0
Image quality mean value: 0.578316330192266
Head movement maximum value: 73.1641988953614
Head movement mean value: 42.535786745379
Head size ratio maximum value: 0.117336406580464
Head size ratio mean value: 0.0651420978101238
Calibration reprojection error mean value: 134.442313724094
Calibration reprojection error outliers count: 0
Error: no error

TEST CALIBRATION: testcalibration_main_shelftask
Start time: 03.03.2017 21-37-49
End time: 03.03.2017 21-38-05
Image quality minimum value: 0.493055552244186
Image quality mean value: 0.51751754216001
Head movement maximum value: 71.449282711585
Head movement mean value: 65.947451148149
Head size ratio maximum value: 0.103912057851344
Head size ratio mean value: 0.10347077820878
Calibration maximum distance: 415.755938021335
Calibration corrected maximum distance: 138.636214604987
Calibration without correction was successful: False
Calibration with correction was successful: True
Error: no error

CLICKTASK: shelftask
Start time: 03.03.2017 21-38-09
End time: 03.03.2017 21-38-14
Image quality minimum value: 0
Image quality mean value: 0.218491178386065
Head movement maximum value: 82.2009732302483
Head movement mean value: 66.6999920659894
Head size ratio maximum value: 0.270525955851623
Head size ratio mean value: 0.355620922651301
Error: 
Your face is not detected properly! Please try to set your position again and repeat calibration.
