
CALIBRATION: calibration_main
Start time: 07.12.2016 11-06-09
End time: 07.12.2016 11-06-45
Image quality on start: 0.798611223697662
Image quality minimum value: 0.770833253860474
Image quality mean value: 0.850209385710578
Head movement maximum value: 8.48528137423857
Head movement mean value: 4.71600150376021
Head size ratio maximum value: 0.066036422365783
Head size ratio mean value: 0.0584548474958614
Calibration reprojection error mean value: 157.916062672933
Calibration reprojection error outliers count: 0
Error: no error

TEST CALIBRATION: testcalibration_main
Start time: 07.12.2016 11-06-48
End time: 07.12.2016 11-07-05
Image quality minimum value: 0.826388955116272
Image quality mean value: 0.874294474720955
Head movement maximum value: 13.0384048104053
Head movement mean value: 9.51378028627879
Head size ratio maximum value: 0.0875473379371797
Head size ratio mean value: 0.144084694954817
Calibration maximum distance: 332.051200871191
Calibration corrected maximum distance: 140.918416113722
Calibration without correction was successful: False
Calibration with correction was successful: True
Error: no error

CLICKTASK: c1
Start time: 07.12.2016 11-07-07
End time: 07.12.2016 11-07-28
Image quality minimum value: 0.826388955116272
Image quality mean value: 0.865778659665307
Head movement maximum value: 16.2788205960997
Head movement mean value: 10.577763230853
Head size ratio maximum value: 0.101748719091112
Head size ratio mean value: 0.114476644890784
Error: no error

CLICKTASK: c2
Start time: 07.12.2016 11-07-35
End time: 07.12.2016 11-07-42
Image quality minimum value: 0.819444417953491
Image quality mean value: 0.862661681241459
Head movement maximum value: 19.0262975904404
Head movement mean value: 12.9338679277791
Head size ratio maximum value: 0.0588104254845178
Head size ratio mean value: 0.288039745303334
Error: no error

CLICKTASK: c3
Start time: 07.12.2016 11-07-45
End time: 07.12.2016 11-07-54
Image quality minimum value: 0.826388955116272
Image quality mean value: 0.869207975765069
Head movement maximum value: 36.0555127546399
Head movement mean value: 23.5849955916304
Head size ratio maximum value: 0.129817331254177
Head size ratio mean value: 0.142788854236281
Error: no error

CLICKTASK: c4
Start time: 07.12.2016 11-08-01
End time: 07.12.2016 11-08-13
Image quality minimum value: 0
Image quality mean value: 0.782898189692662
Head movement maximum value: 44.181444068749
Head movement mean value: 33.9720826690418
Head size ratio maximum value: 0.115838716863444
Head size ratio mean value: 0.166333316689839
Error: no error
