
CALIBRATION: calibration_main
Start time: 02.03.2017 23-22-15
End time: 02.03.2017 23-22-55
Image quality on start: 0.863924026489258
Image quality minimum value: 0.732258081436157
Image quality mean value: 0.775025411303264
Head movement maximum value: 18.4390889145858
Head movement mean value: 9.47299835228729
Head size ratio maximum value: 0.0826107623465391
Head size ratio mean value: 0.059998455689038
Calibration reprojection error mean value: 112.20831934611
Calibration reprojection error outliers count: 0
Error: no error

TEST CALIBRATION: testcalibration_main
Start time: 02.03.2017 23-23-00
End time: 02.03.2017 23-23-17
Image quality minimum value: 0.720779240131378
Image quality mean value: 0.7483621885902
Head movement maximum value: 23.0867927612304
Head movement mean value: 17.4388636728859
Head size ratio maximum value: 0.0558770017538396
Head size ratio mean value: 0.102919241423397
Calibration maximum distance: 460.304247210473
Calibration corrected maximum distance: 255.391855782443
Calibration without correction was successful: False
Calibration with correction was successful: True
Error: no error

CLICKTASK: shoppersmode
Start time: 02.03.2017 23-23-33
End time: 02.03.2017 23-24-01
Image quality minimum value: 0.620805382728577
Image quality mean value: 0.671278423529405
Head movement maximum value: 49.4772675074119
Head movement mean value: 37.5613976374918
Head size ratio maximum value: 0.0995262993984494
Head size ratio mean value: 0.0748361212784492
Error: no error

CLICKTASK: shelftask
Start time: 02.03.2017 23-24-14
End time: 02.03.2017 23-24-21
Image quality minimum value: 0.598684191703796
Image quality mean value: 0.628903265703808
Head movement maximum value: 51.3517283058711
Head movement mean value: 44.1431466911501
Head size ratio maximum value: 0.0995262993984494
Head size ratio mean value: 0.128720948772089
Error: no error

VIDEOTASK: 3drot
Start time: 02.03.2017 23-24-33
End time: 02.03.2017 23-24-45
Image quality minimum value: 0
Image quality mean value: 0.510867391712964
Head movement maximum value: 45.1774279923061
Head movement mean value: 27.4846153217592
Head size ratio maximum value: 0.0558770017538396
Head size ratio mean value: 0.313155897080758
Error: no error
