

***************
Logging from: TestCalibrationMediaDialog testcalibration_main
Time: Mon Dec 19 13:23:20 2016

H(0,0) = -0.341899
H(0,1) = -0.530557
H(0,2) = 351.835
H(1,0) = -0.449409
H(1,1) = -0.598824
H(1,2) = 419.051
H(2,0) = -0.00105264
H(2,1) = -0.00148706
H(2,2) = 1
---------------



***************
Logging from: TestCalibrationMediaDialog testcalibration_main
Time: Mon Dec 19 13:24:34 2016

H(0,0) = 1.40378
H(0,1) = -3.44057
H(0,2) = 678.738
H(1,0) = 0.653772
H(1,1) = -1.11421
H(1,2) = 115.431
H(2,0) = 0.00133754
H(2,1) = -0.00386805
H(2,2) = 1
---------------

