
CALIBRATION: calibration_main
Start time: 19.12.2016 14-32-21
End time: 19.12.2016 14-32-52
Image quality on start: 0.826388955116272
Image quality minimum value: 0.770833253860474
Image quality mean value: 0.806856395294948
Head movement maximum value: 6.40312423743285
Head movement mean value: 2.67888635161543
Head size ratio maximum value: 0.096720193440387
Head size ratio mean value: 0.0418842415324578
Calibration reprojection error mean value: 331.248553805881
Calibration reprojection error outliers count: 3
Error: no error

TEST CALIBRATION: testcalibration_main
Start time: 19.12.2016 14-32-57
End time: 19.12.2016 14-33-13
Image quality minimum value: 0.795275568962097
Image quality mean value: 0.807161349095876
Head movement maximum value: 9.48683298050514
Head movement mean value: 5.51008346728464
Head size ratio maximum value: 0.062000124000248
Head size ratio mean value: 0.0497109538522874
Calibration maximum distance: 297.553356559794
Calibration corrected maximum distance: 55.3624421426656
Calibration without correction was successful: True
Calibration with correction was successful: True
Error: no error

VIDEOTASK: 1
Start time: 19.12.2016 14-33-16
End time: 19.12.2016 14-34-43
Image quality minimum value: 0.798611223697662
Image quality mean value: 0.886699922138741
Head movement maximum value: 12.2065556157337
Head movement mean value: 7.08557770678507
Head size ratio maximum value: 0.0884896769793539
Head size ratio mean value: 0.0328600173581
Error: no error
