
CALIBRATION: calibration_main
Start time: 08.12.2016 12-56-30
End time: 08.12.2016 12-57-07
Image quality on start: 0.875
Image quality minimum value: 0.798611104488373
Image quality mean value: 0.850928461822597
Head movement maximum value: 17.464249196573
Head movement mean value: 9.13937045706417
Head size ratio maximum value: 0.103822222222222
Head size ratio mean value: 0.0931017732884397
Calibration reprojection error mean value: 93.0994815826416
Calibration reprojection error outliers count: 0
Error: no error

TEST CALIBRATION: testcalibration_main
Start time: 08.12.2016 12-57-09
End time: 08.12.2016 12-57-27
Image quality minimum value: 0.805555522441864
Image quality mean value: 0.835976983937952
Head movement maximum value: 19.4164878389476
Head movement mean value: 15.1428879021103
Head size ratio maximum value: 0.112217283950617
Head size ratio mean value: 0.180564060356653
Calibration maximum distance: 1199.7808133155
Calibration corrected maximum distance: 222.46348014899
Calibration without correction was successful: False
Calibration with correction was successful: True
Error: no error

CLICKTASK: c1
Start time: 08.12.2016 12-57-28
End time: 08.12.2016 12-57-36
Image quality minimum value: 0.661417305469513
Image quality mean value: 0.775247854845864
Head movement maximum value: 20.8806130178211
Head movement mean value: 14.1293409678895
Head size ratio maximum value: 0.0784
Head size ratio mean value: 0.335590828924162
Error: no error

CLICKTASK: c2
Start time: 08.12.2016 12-57-38
End time: 08.12.2016 12-57-44
Image quality minimum value: 0.716535449028015
Image quality mean value: 0.774382364182245
Head movement maximum value: 26.2488094968134
Head movement mean value: 24.1731215212691
Head size ratio maximum value: 0.145402469135802
Head size ratio mean value: 0.109489476778366
Error: no error

CLICKTASK: c3
Start time: 08.12.2016 12-57-46
End time: 08.12.2016 12-58-09
Image quality minimum value: 0.606299221515656
Image quality mean value: 0.822901563306825
Head movement maximum value: 28.1602556806574
Head movement mean value: 23.0680873793861
Head size ratio maximum value: 0.112217283950617
Head size ratio mean value: 0.131434764558068
Error: no error

CLICKTASK: c4
Start time: 08.12.2016 12-58-11
End time: 08.12.2016 12-58-20
Image quality minimum value: 0.606299221515656
Image quality mean value: 0.803899681568146
Head movement maximum value: 26
Head movement mean value: 19.7233698793476
Head size ratio maximum value: 0.120572839506173
Head size ratio mean value: 0.288050041152263
Error: no error
