

***************
Logging from: TestCalibrationMediaDialog testcalibration_main
Time: Fri Dec 09 16:00:57 2016

H(0,0) = -0.525318
H(0,1) = 0.229159
H(0,2) = -35.8832
H(1,0) = -0.3558
H(1,1) = -1.14593
H(1,2) = 557.729
H(2,0) = -0.00107865
H(2,1) = -0.0017445
H(2,2) = 1
---------------



***************
Logging from: TestCalibrationMediaDialog testcalibration_main_c3
Time: Fri Dec 09 16:03:37 2016

H(0,0) = 42.3363
H(0,1) = -39.957
H(0,2) = -3201.56
H(1,0) = 23.9
H(1,1) = -105.11
H(1,2) = 36801.6
H(2,0) = 0.0696246
H(2,1) = -0.0910583
H(2,2) = 1
---------------

