
CALIBRATION: calibration_main
Start time: 09.12.2016 15-59-52
End time: 09.12.2016 16-00-26
Image quality on start: 0.857142865657806
Image quality minimum value: 0.743749976158142
Image quality mean value: 0.827459313841753
Head movement maximum value: 38.0525951808809
Head movement mean value: 22.7754868600696
Head size ratio maximum value: 0.10371875839828
Head size ratio mean value: 0.113335472616138
Calibration reprojection error mean value: 182.746791203817
Calibration reprojection error outliers count: 2
Error: no error

TEST CALIBRATION: testcalibration_main
Start time: 09.12.2016 16-00-40
End time: 09.12.2016 16-00-57
Image quality minimum value: 0.837499976158142
Image quality mean value: 0.854311243732377
Head movement maximum value: 48.6621002423858
Head movement mean value: 43.0054155637517
Head size ratio maximum value: 0.0881315506584252
Head size ratio mean value: 0.117148356531434
Calibration maximum distance: 839.634444267266
Calibration corrected maximum distance: 39.560080889705
Calibration without correction was successful: False
Calibration with correction was successful: True
Error: no error

CLICKTASK: c1
Start time: 09.12.2016 16-01-06
End time: 09.12.2016 16-01-20
Image quality minimum value: 0.701298713684082
Image quality mean value: 0.795233048498631
Head movement maximum value: 77.2787163454466
Head movement mean value: 41.9705758350024
Head size ratio maximum value: 0.201760279494759
Head size ratio mean value: 0.164754938188659
Error: no error

CLICKTASK: c2
Start time: 09.12.2016 16-01-32
End time: 09.12.2016 16-01-54
Image quality minimum value: 0
Image quality mean value: 0.736297471505223
Head movement maximum value: 73.4098086089318
Head movement mean value: 53.859249636293
Head size ratio maximum value: 0.242676699811879
Head size ratio mean value: 0.13832043561115
Error: no error

CLICKTASK: c3
Start time: 09.12.2016 16-02-04
End time: 09.12.2016 16-02-16
Image quality minimum value: 0
Image quality mean value: 0.678362565082416
Head movement maximum value: 89.1571646027396
Head movement mean value: 58.7988007900401
Head size ratio maximum value: 0.367844665412523
Head size ratio mean value: 0.227606943992607
Error: 
Sorry, but we have lost your eyes. This is probably due to excessive head movements. Please try to recalibrate again and give your best to keep your head still.

CALIBRATION: calibration_main_c3
Start time: 09.12.2016 16-02-45
End time: 09.12.2016 16-03-17
Image quality on start: 0.854166686534882
Image quality minimum value: 0.727272748947144
Image quality mean value: 0.802089302526044
Head movement maximum value: 56.5154846037792
Head movement mean value: 38.5314760339248
Head size ratio maximum value: 0.124641299357208
Head size ratio mean value: 0.120472658800299
Calibration reprojection error mean value: 240.316206190321
Calibration reprojection error outliers count: 3
Error: no error

TEST CALIBRATION: testcalibration_main_c3
Start time: 09.12.2016 16-03-21
End time: 09.12.2016 16-03-46
Image quality minimum value: 0.706666648387909
Image quality mean value: 0.735824953317642
Head movement maximum value: 63.9531078212779
Head movement mean value: 55.3178172303071
Head size ratio maximum value: 0.0743227731864096
Head size ratio mean value: 0.109385330578513
Calibration maximum distance: 445.350423823757
Calibration corrected maximum distance: 356.10251333008
Calibration without correction was successful: False
Calibration with correction was successful: False
Error: 
Calibration not accurate enough. 
We need some further fine tuning of the calibration, it doesn't always get right from the first time. Please try again, give your best to keep your head still and focus at the red dot.

CLICKTASK: c3
Start time: 09.12.2016 16-03-53
End time: 09.12.2016 16-04-17
Image quality minimum value: 0.686666667461395
Image quality mean value: 0.806236971307684
Head movement maximum value: 76.1051903617618
Head movement mean value: 41.6370094406149
Head size ratio maximum value: 0.152763429752066
Head size ratio mean value: 0.11325343077237
Error: no error

CLICKTASK: c4
Start time: 09.12.2016 16-04-25
End time: 09.12.2016 16-04-39
Image quality minimum value: 0.670138895511627
Image quality mean value: 0.734558270301348
Head movement maximum value: 63.3245607959503
Head movement mean value: 52.3338894749048
Head size ratio maximum value: 0.10324839302112
Head size ratio mean value: 0.0875739720436691
Error: no error
