
CALIBRATION: calibration_main
Start time: 18.03.2017 16-23-20
End time: 18.03.2017 16-23-28
Image quality on start: 0.869696974754334
Image quality minimum value: 0
Image quality mean value: 0.239757435662406
Head movement maximum value: 0
Head movement mean value: 0
Head size ratio maximum value: 0
Head size ratio mean value: 1
Calibration reprojection error mean value: 999999
Calibration reprojection error outliers count: 999999
Error: 
Your face is not detected properly! Please try to set your position again and repeat calibration.

CALIBRATION: calibration_main
Start time: 18.03.2017 16-23-40
End time: 18.03.2017 16-23-46
Image quality on start: 0.866141736507416
Image quality minimum value: 0
Image quality mean value: 0.143259791864289
Head movement maximum value: 0
Head movement mean value: 0
Head size ratio maximum value: 0
Head size ratio mean value: 1
Calibration reprojection error mean value: 999999
Calibration reprojection error outliers count: 999999
Error: 
Your face is not detected properly! Please try to set your position again and repeat calibration.
