

***************
Logging from: TestCalibrationMediaDialog testcalibration_main
Time: Mon Jan 19 03:34:23 2015

H(0,0) = 22.1468
H(0,1) = 13.9776
H(0,2) = -12140.5
H(1,0) = 0.931387
H(1,1) = 20.4742
H(1,2) = -4289.09
H(2,0) = 0.00555989
H(2,1) = 0.0186064
H(2,2) = 1
---------------



***************
Logging from: VideoMediaDialog v - start
Time: Mon Jan 19 03:34:37 2015

H(0,0) = 22.1468
H(0,1) = 13.9776
H(0,2) = -12140.5
H(1,0) = 0.931387
H(1,1) = 20.4742
H(1,2) = -4289.09
H(2,0) = 0.00555989
H(2,1) = 0.0186064
H(2,2) = 1
---------------



***************
Logging from: TestCalibrationMediaDialog testcalibration_main
Time: Mon Jan 19 03:35:54 2015

H(0,0) = 1.18861
H(0,1) = 0.711888
H(0,2) = -624.544
H(1,0) = 0.0338745
H(1,1) = 0.934969
H(1,2) = 88.5955
H(2,0) = -0.000171124
H(2,1) = 0.000203014
H(2,2) = 1
---------------



***************
Logging from: VideoMediaDialog v - start
Time: Mon Jan 19 03:35:58 2015

H(0,0) = 1.18861
H(0,1) = 0.711888
H(0,2) = -624.544
H(1,0) = 0.0338745
H(1,1) = 0.934969
H(1,2) = 88.5955
H(2,0) = -0.000171124
H(2,1) = 0.000203014
H(2,2) = 1
---------------



***************
Logging from: VideoMediaDialog v - stop
Time: Mon Jan 19 03:37:38 2015

H(0,0) = 1.18861
H(0,1) = 0.711888
H(0,2) = -624.544
H(1,0) = 0.0338745
H(1,1) = 0.934969
H(1,2) = 88.5955
H(2,0) = -0.000171124
H(2,1) = 0.000203014
H(2,2) = 1
---------------

