
CALIBRATION: calibration_main
Start time: 19.01.2015 03-33-29
End time: 19.01.2015 03-34-02
Image quality on start: 0.881889760494232
Image quality minimum value: 0.811023592948914
Image quality mean value: 0.832928072588117
Head movement maximum value: 10.295630140987
Head movement mean value: 7.36534265751405
Head size ratio maximum value: 0.0439508506616257
Head size ratio mean value: 0.0406959579673077
Calibration reprojection error mean value: 72.1480558713277
Calibration reprojection error outliers count: 0
Error: no error

TEST CALIBRATION: testcalibration_main
Start time: 19.01.2015 03-34-07
End time: 19.01.2015 03-34-23
Image quality minimum value: 0
Image quality mean value: 0.866359157336725
Head movement maximum value: 16.4924225024706
Head movement mean value: 8.14611176259392
Head size ratio maximum value: 0.0888468809073724
Head size ratio mean value: 0.072107495018648
Calibration maximum distance: 373.755267521409
Calibration corrected maximum distance: 266.537051833324
Calibration without correction was successful: False
Calibration with correction was successful: True
Error: no error

VIDEOTASK: v
Start time: 19.01.2015 03-34-37
End time: 19.01.2015 03-34-46
Image quality minimum value: 0
Image quality mean value: 0.157567868107244
Head movement maximum value: 0
Head movement mean value: 0
Head size ratio maximum value: 0
Head size ratio mean value: 1
Error: 
Your face is not detected properly! Please try to set your position again and repeat calibration.

CALIBRATION: calibration_main
Start time: 19.01.2015 03-34-59
End time: 19.01.2015 03-35-30
Image quality on start: 0.874015748500824
Image quality minimum value: 0.834645688533783
Image quality mean value: 0.844329375655261
Head movement maximum value: 8.24621125123532
Head movement mean value: 4.96373737454347
Head size ratio maximum value: 0.0751290176550475
Head size ratio mean value: 0.0579923650857073
Calibration reprojection error mean value: 51.2678067949083
Calibration reprojection error outliers count: 0
Error: no error

TEST CALIBRATION: testcalibration_main
Start time: 19.01.2015 03-35-38
End time: 19.01.2015 03-35-54
Image quality minimum value: 0.802941203117371
Image quality mean value: 0.878022978124063
Head movement maximum value: 29.8328677803526
Head movement mean value: 14.2011074231799
Head size ratio maximum value: 0.139447713897691
Head size ratio mean value: 0.112344323162277
Calibration maximum distance: 502.841923470985
Calibration corrected maximum distance: 107.70329614269
Calibration without correction was successful: False
Calibration with correction was successful: True
Error: no error

VIDEOTASK: v
Start time: 19.01.2015 03-35-58
End time: 19.01.2015 03-37-38
Image quality minimum value: 0.765243887901306
Image quality mean value: 0.871055595681898
Head movement maximum value: 46.1735855224608
Head movement mean value: 9.60978121000891
Head size ratio maximum value: 0.155165233137166
Head size ratio mean value: 0.103245552807786
Error: no error
