

***************
Logging from: TestCalibrationMediaDialog testcalibration_main
Time: Mon Dec 12 19:07:18 2016

H(0,0) = -1.09611
H(0,1) = -5.58738
H(0,2) = 2532.68
H(1,0) = -0.257149
H(1,1) = -3.13887
H(1,2) = 1058.91
H(2,0) = -0.00021071
H(2,1) = -0.00406747
H(2,2) = 1
---------------



***************
Logging from: TestCalibrationMediaDialog cal2
Time: Mon Dec 12 19:10:35 2016

H(0,0) = -3.06027
H(0,1) = 6.23048
H(0,2) = 370.858
H(1,0) = -1.41144
H(1,1) = 2.01571
H(1,2) = 411.16
H(2,0) = -0.00327878
H(2,1) = 0.00477544
H(2,2) = 1
---------------

