
CALIBRATION: calibration_main
Start time: 17.01.2015 17-31-33
End time: 17.01.2015 17-32-11
Image quality on start: 0.866141736507416
Image quality minimum value: 0.84722226858139
Image quality mean value: 0.890198244021671
Head movement maximum value: 14.8660687473185
Head movement mean value: 10.6406252235174
Head size ratio maximum value: 0.0767296786389414
Head size ratio mean value: 0.0702504257987235
Calibration reprojection error mean value: 82.7149175008138
Calibration reprojection error outliers count: 0
Error: no error

TEST CALIBRATION: testcalibration_main
Start time: 17.01.2015 17-32-16
End time: 17.01.2015 17-32-33
Image quality minimum value: 0.834645688533783
Image quality mean value: 0.863764050301541
Head movement maximum value: 9.05538513813742
Head movement mean value: 6.24513282323826
Head size ratio maximum value: 0.0514933837429111
Head size ratio mean value: 0.110327095856078
Calibration maximum distance: 461.400043346335
Calibration corrected maximum distance: 127.910124696992
Calibration without correction was successful: False
Calibration with correction was successful: True
Error: no error

VIDEOTASK: v
Start time: 17.01.2015 17-33-04
End time: 17.01.2015 17-34-51
Image quality minimum value: 0.614173233509064
Image quality mean value: 0.791966667936908
Head movement maximum value: 29.4108823397055
Head movement mean value: 14.5717403418878
Head size ratio maximum value: 0.219584120982987
Head size ratio mean value: 0.0616832073093887
Error: no error
