

***************
Logging from: TestCalibrationMediaDialog testcalibration_main
Time: Thu Mar 16 10:35:25 2017

H(0,0) = 1.06449
H(0,1) = 0.139514
H(0,2) = 55.918
H(1,0) = -0.201312
H(1,1) = 2.39181
H(1,2) = -270.808
H(2,0) = -0.000248614
H(2,1) = 0.000782042
H(2,2) = 1
---------------



***************
Logging from: TestCalibrationMediaDialog testcalibration_main_3row_shelf
Time: Thu Mar 16 10:37:06 2017

H(0,0) = 1.07149
H(0,1) = -0.157487
H(0,2) = -133.145
H(1,0) = 0.115421
H(1,1) = 0.947161
H(1,2) = -113.73
H(2,0) = 9.20625e-005
H(2,1) = -0.0005613
H(2,2) = 1
---------------

