

***************
Logging from: TestCalibrationMediaDialog testcalibration_main
Time: Wed Dec 07 13:24:19 2016

H(0,0) = 0.0584522
H(0,1) = -0.707482
H(0,2) = 386.914
H(1,0) = 0.2331
H(1,1) = -1.02305
H(1,2) = 286.515
H(2,0) = 0.000426085
H(2,1) = -0.0027099
H(2,2) = 1
---------------



***************
Logging from: TestCalibrationMediaDialog testcalibration_main
Time: Wed Dec 07 13:25:24 2016

H(0,0) = 1.13161
H(0,1) = -1.45275
H(0,2) = 527.63
H(1,0) = 0.12424
H(1,1) = 0.603571
H(1,2) = -57.1158
H(2,0) = 0.000469251
H(2,1) = -0.00128084
H(2,2) = 1
---------------

