
CALIBRATION: calibration_main
Start time: 20.12.2016 18-01-41
End time: 20.12.2016 18-02-15
Image quality on start: 0.692913413047791
Image quality minimum value: 0.692913413047791
Image quality mean value: 0.73552366379088
Head movement maximum value: 13
Head movement mean value: 7.45621293211368
Head size ratio maximum value: 0.0704289940828402
Head size ratio mean value: 0.0618861601298633
Calibration reprojection error mean value: 162.516299141778
Calibration reprojection error outliers count: 1
Error: no error

TEST CALIBRATION: testcalibration_main
Start time: 20.12.2016 18-02-20
End time: 20.12.2016 18-02-38
Image quality minimum value: 0.700787425041199
Image quality mean value: 0.726912053980569
Head movement maximum value: 8.06225774829855
Head movement mean value: 4.23857087250702
Head size ratio maximum value: 0.0704289940828402
Head size ratio mean value: 0.0950161689830743
Calibration maximum distance: 403.886122564269
Calibration corrected maximum distance: 93.962758580195
Calibration without correction was successful: False
Calibration with correction was successful: True
Error: no error

VIDEOTASK: 1
Start time: 20.12.2016 18-02-44
End time: 20.12.2016 18-04-13
Image quality minimum value: 0.503937005996704
Image quality mean value: 0.559464154477415
Head movement maximum value: 22.0227155455452
Head movement mean value: 10.7380504337111
Head size ratio maximum value: 0.143254437869822
Head size ratio mean value: 0.0508862931939853
Error: no error
