
CALIBRATION: calibration_main
Start time: 20.12.2016 17-34-52
End time: 20.12.2016 17-35-01
Image quality on start: 0.84722226858139
Image quality minimum value: 0
Image quality mean value: 0
Head movement maximum value: 0
Head movement mean value: 0
Head size ratio maximum value: 0
Head size ratio mean value: 1
Calibration reprojection error mean value: 999999
Calibration reprojection error outliers count: 999999
Error: 
Your face is not detected properly! Please try to set your position again and repeat calibration.

CALIBRATION: calibration_main
Start time: 20.12.2016 17-35-15
End time: 20.12.2016 17-35-45
Image quality on start: 0.875
Image quality minimum value: 0.743055641651154
Image quality mean value: 0.820733065406481
Head movement maximum value: 18.0277563773199
Head movement mean value: 10.0736962602076
Head size ratio maximum value: 0.108024691358025
Head size ratio mean value: 0.0573112614816159
Calibration reprojection error mean value: 298.165200127496
Calibration reprojection error outliers count: 2
Error: no error

TEST CALIBRATION: testcalibration_main
Start time: 20.12.2016 17-35-50
End time: 20.12.2016 17-36-09
Image quality minimum value: 0.715277791023254
Image quality mean value: 0.786963364191815
Head movement maximum value: 16.9705627484771
Head movement mean value: 13.2329717172064
Head size ratio maximum value: 0.116748113854595
Head size ratio mean value: 0.111097264709809
Calibration maximum distance: 861.826548674384
Calibration corrected maximum distance: 452.094016770848
Calibration without correction was successful: False
Calibration with correction was successful: False
Error: 
Calibration not accurate enough. 
We need some further fine tuning of the calibration, it doesn't always get right from the first time. Please try again, give your best to keep your head still and focus at the red dot.

VIDEOTASK: 1
Start time: 20.12.2016 17-36-12
End time: 20.12.2016 17-37-38
Image quality minimum value: 0
Image quality mean value: 0.705626456892189
Head movement maximum value: 69.7208720542134
Head movement mean value: 33.1377094759035
Head size ratio maximum value: 0.290037722908093
Head size ratio mean value: 0.175292960271571
Error: no error
