

***************
Logging from: TestCalibrationMediaDialog testcalibration_main
Time: Sat Dec 03 12:44:30 2016

H(0,0) = 0.292193
H(0,1) = -0.446596
H(0,2) = 225.153
H(1,0) = -0.193013
H(1,1) = -0.00617136
H(1,2) = 319.2
H(2,0) = -0.00032336
H(2,1) = -0.000580719
H(2,2) = 1
---------------



***************
Logging from: TestCalibrationMediaDialog cal2
Time: Sat Dec 03 12:45:46 2016

H(0,0) = 0.38807
H(0,1) = -0.279475
H(0,2) = 137.828
H(1,0) = -0.0487309
H(1,1) = 0.15459
H(1,2) = 157.884
H(2,0) = -0.000194493
H(2,1) = -0.000539013
H(2,2) = 1
---------------

