
CALIBRATION: calibration_main
Start time: 27.01.2017 18-28-38
End time: 27.01.2017 18-29-12
Image quality on start: 0,808000028133392
Image quality minimum value: 0,762962937355042
Image quality mean value: 0,78843666903508
Head movement maximum value: 9,21954445729289
Head movement mean value: 3,946552276846
Head size ratio maximum value: 0,0929705215419501
Head size ratio mean value: 0,0471967327491996
Calibration reprojection error mean value: 65,670341597663
Calibration reprojection error outliers count: 0
Error: no error

TEST CALIBRATION: testcalibration_main
Start time: 27.01.2017 18-29-20
End time: 27.01.2017 18-29-38
Image quality minimum value: 0,765151500701904
Image quality mean value: 0,778366988940205
Head movement maximum value: 10
Head movement mean value: 7,64726950384992
Head size ratio maximum value: 0,0512734019227525
Head size ratio mean value: 0,0776258736643677
Calibration maximum distance: 288,95847452532
Calibration corrected maximum distance: 65,0691939399898
Calibration without correction was successful: True
Calibration with correction was successful: True
Error: no error

WATCHTASK: 1
Start time: 27.01.2017 18-29-53
End time: 27.01.2017 18-30-26
Image quality minimum value: 0
Image quality mean value: 0,750243210013787
Head movement maximum value: 16
Head movement mean value: 11,254971182814
Head size ratio maximum value: 0,218586608196998
Head size ratio mean value: 0,0705222105731145
Error: no error

VIDEOTASK: 2
Start time: 27.01.2017 18-30-33
End time: 27.01.2017 18-30-54
Image quality minimum value: 0,734265744686127
Image quality mean value: 0,75039911737629
Head movement maximum value: 18
Head movement mean value: 15,4251684146086
Head size ratio maximum value: 0,115721219617324
Head size ratio mean value: 0,048111071793272
Error: no error
