
CALIBRATION: calibration_main
Start time: 27.01.2017 17-30-03
End time: 27.01.2017 17-30-39
Image quality on start: 0,464566916227341
Image quality minimum value: 0,503937005996704
Image quality mean value: 0,511354553526726
Head movement maximum value: 4,12310562561766
Head movement mean value: 1,50762245963832
Head size ratio maximum value: 0,137282962475146
Head size ratio mean value: 0,0845840057896867
Calibration reprojection error mean value: 340,921044243707
Calibration reprojection error outliers count: 7
Error: no error

TEST CALIBRATION: testcalibration_main
Start time: 27.01.2017 17-30-43
End time: 27.01.2017 17-30-59
Image quality minimum value: 0,503937005996704
Image quality mean value: 0,51135170062383
Head movement maximum value: 4,12310562561766
Head movement mean value: 2,52667344738501
Head size ratio maximum value: 0,103912057851344
Head size ratio mean value: 0,119928192398779
Calibration maximum distance: 958,282839249457
Calibration corrected maximum distance: 177,724505907317
Calibration without correction was successful: False
Calibration with correction was successful: True
Error: no error

WATCHTASK: 1
Start time: 27.01.2017 17-31-19
End time: 27.01.2017 17-31-51
Image quality minimum value: 0,283464580774307
Image quality mean value: 0,308061495281401
Head movement maximum value: 6,40312423743285
Head movement mean value: 3,26561212586871
Head size ratio maximum value: 0,110636896695837
Head size ratio mean value: 0,228189323119731
Error: no error

VIDEOTASK: 2
Start time: 27.01.2017 17-31-56
End time: 27.01.2017 17-32-19
Image quality minimum value: 0,0078740157186985
Image quality mean value: 0,171801510773249
Head movement maximum value: 0
Head movement mean value: 0
Head size ratio maximum value: 0
Head size ratio mean value: 1
Error: no error
