
CALIBRATION: calibration_main
Start time: 19.03.2017 09-41-30
End time: 19.03.2017 09-42-01
Image quality on start: 0.732283473014832
Image quality minimum value: 0.724409461021423
Image quality mean value: 0.738688171765451
Head movement maximum value: 18.3847763108502
Head movement mean value: 13.6895193925196
Head size ratio maximum value: 0.0352396026010182
Head size ratio mean value: 0.0580619696648837
Calibration reprojection error mean value: 42.1142970191108
Calibration reprojection error outliers count: 0
Error: no error

TEST CALIBRATION: testcalibration_main
Start time: 19.03.2017 09-42-06
End time: 19.03.2017 09-42-22
Image quality minimum value: 0.732283473014832
Image quality mean value: 0.750135758827473
Head movement maximum value: 20.5182845286832
Head movement mean value: 17.3940544337382
Head size ratio maximum value: 0.0346293930321695
Head size ratio mean value: 0.0807991772691676
Calibration maximum distance: 132.060592153753
Calibration corrected maximum distance: 86.1452262171271
Calibration without correction was successful: True
Calibration with correction was successful: True
Error: no error

CLICKTASK: filler
Start time: 19.03.2017 09-42-26
End time: 19.03.2017 09-42-36
Image quality minimum value: 0.692913413047791
Image quality mean value: 0.700548818617156
Head movement maximum value: 19.1049731745428
Head movement mean value: 15.5309850503965
Head size ratio maximum value: 0.0602009877767395
Head size ratio mean value: 0.156250632023405
Error: no error

CLICKTASK: full_shelf
Start time: 19.03.2017 09-42-39
End time: 19.03.2017 09-42-51
Image quality minimum value: 0.700787425041199
Image quality mean value: 0.726645291587453
Head movement maximum value: 21.095023109729
Head movement mean value: 18.2560251964162
Head size ratio maximum value: 0.0686485764954902
Head size ratio mean value: 0.0659005146524454
Error: no error

CLICKTASK: 3row_shelf
Start time: 19.03.2017 09-42-54
End time: 19.03.2017 09-43-08
Image quality minimum value: 0.661417305469513
Image quality mean value: 0.683644993851582
Head movement maximum value: 22.0907220343745
Head movement mean value: 16.6900939053462
Head size ratio maximum value: 0.102057550389962
Head size ratio mean value: 0.0882630797785448
Error: no error

CLICKTASK: pack
Start time: 19.03.2017 09-43-11
End time: 19.03.2017 09-43-15
Image quality minimum value: 0.724409461021423
Image quality mean value: 0.730033755302429
Head movement maximum value: 18.1107702762748
Head movement mean value: 13.2837373960435
Head size ratio maximum value: 0.0770580271161877
Head size ratio mean value: 0.28067914872133
Error: no error
