

***************
Logging from: TestCalibrationMediaDialog testcalibration_main
Time: Thu Mar 02 21:20:05 2017

H(0,0) = 1.39582
H(0,1) = -1.89019
H(0,2) = 182.065
H(1,0) = 0.00825985
H(1,1) = 3.22537
H(1,2) = -907.139
H(2,0) = -0.000211857
H(2,1) = -0.000505908
H(2,2) = 1
---------------



***************
Logging from: TestCalibrationMediaDialog testcalibration_main_shelftask
Time: Thu Mar 02 21:22:37 2017

H(0,0) = -0.42277
H(0,1) = 0.094027
H(0,2) = 220.435
H(1,0) = -0.117602
H(1,1) = -0.485338
H(1,2) = 258.507
H(2,0) = -0.000387048
H(2,1) = -0.00182704
H(2,2) = 1
---------------

