
CALIBRATION: calibration_main
Start time: 19.12.2016 20-04-29
End time: 19.12.2016 20-05-05
Image quality on start: 0.645833373069763
Image quality minimum value: 0.50000011920929
Image quality mean value: 0.606203181477935
Head movement maximum value: 14.8660687473185
Head movement mean value: 8.13569672190626
Head size ratio maximum value: 0.0613148056393855
Head size ratio mean value: 0.0491902097881774
Calibration reprojection error mean value: 32.4419704013401
Calibration reprojection error outliers count: 0
Error: no error

TEST CALIBRATION: testcalibration_main
Start time: 19.12.2016 20-05-10
End time: 19.12.2016 20-05-27
Image quality minimum value: 0.527777850627899
Image quality mean value: 0.579861133717574
Head movement maximum value: 21.4009345590327
Head movement mean value: 14.9412259777096
Head size ratio maximum value: 0.0891513895770462
Head size ratio mean value: 0.103814190628974
Calibration maximum distance: 172.609385608083
Calibration corrected maximum distance: 82.8733974204026
Calibration without correction was successful: True
Calibration with correction was successful: True
Error: no error

VIDEOTASK: 1
Start time: 19.12.2016 20-05-37
End time: 19.12.2016 20-07-08
Image quality minimum value: 0.377952754497528
Image quality mean value: 0.526753643128782
Head movement maximum value: 36.8917334913934
Head movement mean value: 30.3387717346118
Head size ratio maximum value: 0.124453853430026
Head size ratio mean value: 0.0670865262418321
Error: no error
