

***************
Logging from: TestCalibrationMediaDialog testcalibration_main
Time: Wed Jan 25 18:22:39 2017

H(0,0) = -0.582675
H(0,1) = 0.167987
H(0,2) = 189.142
H(1,0) = -0.3027
H(1,1) = -0.49546
H(1,2) = 192.387
H(2,0) = -0.00124401
H(2,1) = -0.0017376
H(2,2) = 1
---------------



***************
Logging from: TestCalibrationMediaDialog testcalibration_main
Time: Wed Jan 25 18:24:53 2017

H(0,0) = -3.08999
H(0,1) = 4.29629
H(0,2) = -7.81628
H(1,0) = -1.00142
H(1,1) = 0.677448
H(1,2) = 201.896
H(2,0) = -0.00312418
H(2,1) = 0.00144921
H(2,2) = 1
---------------

