
CALIBRATION: calibration_main
Start time: 25.01.2017 18-21-24
End time: 25.01.2017 18-21-35
Image quality on start: 0,50000011920929
Image quality minimum value: 0
Image quality mean value: 0,346213352680206
Head movement maximum value: 400,196201881027
Head movement mean value: 21,5098100940514
Head size ratio maximum value: 0,0285699497955593
Head size ratio mean value: 0,514284974897779
Calibration reprojection error mean value: 999999
Calibration reprojection error outliers count: 999999
Error: 
Es tut uns leid, wir haben Ihre Augen verloren. Wahrscheinlich haben Sie Ihren Kopf zu sehr bewegt. Versuchen Sie, die Kalibrierung erneut durchzuführen, und halten Sie Ihren Kopf möglichst still.	

CALIBRATION: calibration_main
Start time: 25.01.2017 18-21-45
End time: 25.01.2017 18-22-16
Image quality on start: 0,480314970016479
Image quality minimum value: 0
Image quality mean value: 0,521726439948435
Head movement maximum value: 9,48683298050514
Head movement mean value: 4,82855911452003
Head size ratio maximum value: 0,128419809738491
Head size ratio mean value: 0,0773439918739063
Calibration reprojection error mean value: 117,262536843618
Calibration reprojection error outliers count: 1
Error: no error

TEST CALIBRATION: testcalibration_main
Start time: 25.01.2017 18-22-23
End time: 25.01.2017 18-22-39
Image quality minimum value: 0,472440958023071
Image quality mean value: 0,493228349685669
Head movement maximum value: 10,295630140987
Head movement mean value: 4,79064237932463
Head size ratio maximum value: 0,233573508298783
Head size ratio mean value: 0,218523719434237
Calibration maximum distance: 588,769054893343
Calibration corrected maximum distance: 215,668727450226
Calibration without correction was successful: False
Calibration with correction was successful: True
Error: no error

WATCHTASK: 1
Start time: 25.01.2017 18-23-05
End time: 25.01.2017 18-23-36
Image quality minimum value: 0
Image quality mean value: 0,370048340453144
Head movement maximum value: 29,732137494637
Head movement mean value: 18,7522142831488
Head size ratio maximum value: 0,350588361577373
Head size ratio mean value: 0,277097236280909
Error: 
Es tut uns leid, wir haben Ihre Augen verloren. Wahrscheinlich haben Sie Ihren Kopf zu sehr bewegt. Versuchen Sie, die Kalibrierung erneut durchzuführen, und halten Sie Ihren Kopf möglichst still.	

CALIBRATION: calibration_main
Start time: 25.01.2017 18-23-45
End time: 25.01.2017 18-23-51
Image quality on start: 0,496062994003296
Image quality minimum value: 0
Image quality mean value: 0,467716526985168
Head movement maximum value: 9731,53867587238
Head movement mean value: 973,153867587238
Head size ratio maximum value: 0,999793943068375
Head size ratio mean value: 0,999979394306838
Calibration reprojection error mean value: 999999
Calibration reprojection error outliers count: 999999
Error: 
Es tut uns leid, wir haben Ihre Augen verloren. Wahrscheinlich haben Sie Ihren Kopf zu sehr bewegt. Versuchen Sie, die Kalibrierung erneut durchzuführen, und halten Sie Ihren Kopf möglichst still.	

CALIBRATION: calibration_main
Start time: 25.01.2017 18-24-04
End time: 25.01.2017 18-24-36
Image quality on start: 0,496062994003296
Image quality minimum value: 0,503937005996704
Image quality mean value: 0,517286203073901
Head movement maximum value: 10
Head movement mean value: 5,93099608326923
Head size ratio maximum value: 0,159722222222222
Head size ratio mean value: 0,0825123266360808
Calibration reprojection error mean value: 196,510370890299
Calibration reprojection error outliers count: 2
Error: no error

TEST CALIBRATION: testcalibration_main
Start time: 25.01.2017 18-24-38
End time: 25.01.2017 18-24-54
Image quality minimum value: 0,496062994003296
Image quality mean value: 0,513998243543837
Head movement maximum value: 12
Head movement mean value: 9,06528829698766
Head size ratio maximum value: 0,130369740488788
Head size ratio mean value: 0,1185010218079
Calibration maximum distance: 592,408642745867
Calibration corrected maximum distance: 197,04060495238
Calibration without correction was successful: False
Calibration with correction was successful: True
Error: no error

WATCHTASK: 1
Start time: 25.01.2017 18-25-03
End time: 25.01.2017 18-25-14
Image quality minimum value: 0
Image quality mean value: 0,400530294496186
Head movement maximum value: 15
Head movement mean value: 11,2747830866829
Head size ratio maximum value: 0,0701530612244898
Head size ratio mean value: 0,118532144528257
Error: no error

VIDEOTASK: 2
Start time: 25.01.2017 18-25-20
End time: 25.01.2017 18-25-41
Image quality minimum value: 0
Image quality mean value: 0,364016999327947
Head movement maximum value: 22,0227155455452
Head movement mean value: 18,7341059264781
Head size ratio maximum value: 0,145108969513731
Head size ratio mean value: 0,0651577503429355
Error: no error
