
CALIBRATION: calibration_main
Start time: 17.03.2017 14-53-23
End time: 17.03.2017 14-53-56
Image quality on start: 0.535433053970337
Image quality minimum value: 0.551181077957153
Image quality mean value: 0.577489057887052
Head movement maximum value: 15.8113883008419
Head movement mean value: 8.41777965474668
Head size ratio maximum value: 0.0489724245577523
Head size ratio mean value: 0.0418315962478344
Calibration reprojection error mean value: 276.030415005154
Calibration reprojection error outliers count: 5
Error: no error

TEST CALIBRATION: testcalibration_main
Start time: 17.03.2017 14-53-58
End time: 17.03.2017 14-54-15
Image quality minimum value: 0.551181077957153
Image quality mean value: 0.571927029215647
Head movement maximum value: 24.3515913237718
Head movement mean value: 19.8652619161811
Head size ratio maximum value: 0.0738976326742975
Head size ratio mean value: 0.0830978521624798
Calibration maximum distance: 636.905016466349
Calibration corrected maximum distance: 173.968387932981
Calibration without correction was successful: False
Calibration with correction was successful: True
Error: no error

CLICKTASK: filler
Start time: 17.03.2017 14-54-19
End time: 17.03.2017 14-54-26
Image quality minimum value: 0.362204730510712
Image quality mean value: 0.394740748517918
Head movement maximum value: 28.2311884269862
Head movement mean value: 23.3770958134231
Head size ratio maximum value: 0.0738976326742975
Head size ratio mean value: 0.186385177586241
Error: no error

CLICKTASK: full_shelf
Start time: 17.03.2017 14-54-32
End time: 17.03.2017 14-54-41
Image quality minimum value: 0.409448832273483
Image quality mean value: 0.471670651889366
Head movement maximum value: 33.6154726279432
Head movement mean value: 28.7556106004005
Head size ratio maximum value: 0.0325182101977106
Head size ratio mean value: 0.0708783875492014
Error: no error

CLICKTASK: 3row_shelf
Start time: 17.03.2017 14-54-45
End time: 17.03.2017 14-54-56
Image quality minimum value: 0.291338592767715
Image quality mean value: 0.3516331270889
Head movement maximum value: 33.6154726279432
Head movement mean value: 31.5847640078384
Head size ratio maximum value: 0.071263657648283
Head size ratio mean value: 0.0615515522025668
Error: no error

CLICKTASK: pack
Start time: 17.03.2017 14-55-03
End time: 17.03.2017 14-55-08
Image quality minimum value: 0.472440958023071
Image quality mean value: 0.489194175030323
Head movement maximum value: 37.5765884561119
Head movement mean value: 30.9484325408077
Head size ratio maximum value: 0.0489724245577523
Head size ratio mean value: 0.130901017335665
Error: no error
