
CALIBRATION: calibration_main
Start time: 18.03.2017 13-22-46
End time: 18.03.2017 13-23-31
Image quality on start: 0.811023592948914
Image quality minimum value: 0.763779520988464
Image quality mean value: 0.789616122841835
Head movement maximum value: 10.295630140987
Head movement mean value: 4.04832635133234
Head size ratio maximum value: 0.0819714604591837
Head size ratio mean value: 0.0896636340082908
Calibration reprojection error mean value: 99.2527109781901
Calibration reprojection error outliers count: 0
Error: no error

TEST CALIBRATION: testcalibration_main
Start time: 18.03.2017 13-23-35
End time: 18.03.2017 13-23-53
Image quality minimum value: 0.779527544975281
Image quality mean value: 0.798170429818771
Head movement maximum value: 13.3416640641263
Head movement mean value: 7.85201356699021
Head size ratio maximum value: 0.0634765625
Head size ratio mean value: 0.148154378939076
Calibration maximum distance: 316.243577009874
Calibration corrected maximum distance: 84
Calibration without correction was successful: False
Calibration with correction was successful: True
Error: no error

CLICKTASK: filler
Start time: 18.03.2017 13-24-06
End time: 18.03.2017 13-24-21
Image quality minimum value: 0.803149580955505
Image quality mean value: 0.838780332803726
Head movement maximum value: 19.723082923316
Head movement mean value: 12.0715203633681
Head size ratio maximum value: 0.0542889030612246
Head size ratio mean value: 0.194307238520408
Error: no error

CLICKTASK: full_shelf
Start time: 18.03.2017 13-24-29
End time: 18.03.2017 13-24-43
Image quality minimum value: 0.765060245990753
Image quality mean value: 0.790769858687532
Head movement maximum value: 32.2490309931942
Head movement mean value: 26.3410253343791
Head size ratio maximum value: 0.0542889030612246
Head size ratio mean value: 0.179145095538215
Error: no error

CLICKTASK: 3row_shelf
Start time: 18.03.2017 13-24-49
End time: 18.03.2017 13-25-08
Image quality minimum value: 0.783132553100586
Image quality mean value: 0.809008441865444
Head movement maximum value: 37.1214223865412
Head movement mean value: 29.3299646483417
Head size ratio maximum value: 0.0819714604591837
Head size ratio mean value: 0.122248548744782
Error: no error

CLICKTASK: pack
Start time: 18.03.2017 13-25-15
End time: 18.03.2017 13-25-21
Image quality minimum value: 0.784431159496307
Image quality mean value: 0.800268414474669
Head movement maximum value: 35.2278299076171
Head movement mean value: 20.0188497399941
Head size ratio maximum value: 0.0451411033163265
Head size ratio mean value: 0.437131772351798
Error: no error
