
CALIBRATION: calibration_main
Start time: 03.03.2017 21-37-44
End time: 03.03.2017 21-38-21
Image quality on start: 0.803149580955505
Image quality minimum value: 0.765243887901306
Image quality mean value: 0.789902437703843
Head movement maximum value: 29
Head movement mean value: 23.008417659027
Head size ratio maximum value: 0.117539026629936
Head size ratio mean value: 0.064534985419946
Calibration reprojection error mean value: 416.872367011176
Calibration reprojection error outliers count: 6
Error: no error

TEST CALIBRATION: testcalibration_main
Start time: 03.03.2017 21-38-26
End time: 03.03.2017 21-38-43
Image quality minimum value: 0.776073634624481
Image quality mean value: 0.787160852220323
Head movement maximum value: 25
Head movement mean value: 21.4857207548062
Head size ratio maximum value: 0.0526227019733514
Head size ratio mean value: 0.0792075222089655
Calibration maximum distance: 727.431783743328
Calibration corrected maximum distance: 217.89217516928
Calibration without correction was successful: False
Calibration with correction was successful: True
Error: no error

CLICKTASK: shoppersmode
Start time: 03.03.2017 21-38-54
End time: 03.03.2017 21-39-59
Image quality minimum value: 0.653543293476105
Image quality mean value: 0.694209575584565
Head movement maximum value: 35.0142828000232
Head movement mean value: 20.7999096643459
Head size ratio maximum value: 0.109387005490902
Head size ratio mean value: 0.0590242949401032
Error: no error

CLICKTASK: shelftask
Start time: 03.03.2017 21-40-10
End time: 03.03.2017 21-40-29
Image quality minimum value: 0.645669281482697
Image quality mean value: 0.674152489201429
Head movement maximum value: 30.4138126514911
Head movement mean value: 21.8416092523532
Head size ratio maximum value: 0.109387005490902
Head size ratio mean value: 0.0639204014183468
Error: no error

VIDEOTASK: 3drot
Start time: 03.03.2017 21-40-40
End time: 03.03.2017 21-40-53
Image quality minimum value: 0.551181077957153
Image quality mean value: 0.68425062504308
Head movement maximum value: 45.3431361950185
Head movement mean value: 33.5148239414154
Head size ratio maximum value: 0.0596877869605142
Head size ratio mean value: 0.0543325908305757
Error: no error
