

***************
Logging from: TestCalibrationMediaDialog testcalibration_main
Time: Thu Mar 16 20:19:00 2017

H(0,0) = -0.592733
H(0,1) = -1.36301
H(0,2) = 881.48
H(1,0) = 0.675438
H(1,1) = 0.122526
H(1,2) = -560.596
H(2,0) = -0.000750493
H(2,1) = -0.00155528
H(2,2) = 1
---------------



***************
Logging from: TestCalibrationMediaDialog testcalibration_main
Time: Thu Mar 16 20:20:48 2017

H(0,0) = 1.86072
H(0,1) = -2.41782
H(0,2) = 156.192
H(1,0) = 0.982628
H(1,1) = -2.01717
H(1,2) = 196.837
H(2,0) = 0.00226309
H(2,1) = -0.00594741
H(2,2) = 1
---------------



***************
Logging from: TestCalibrationMediaDialog testcalibration_main_full_shelf
Time: Thu Mar 16 20:23:23 2017

H(0,0) = -0.297815
H(0,1) = -1.92218
H(0,2) = 1266.37
H(1,0) = -0.0508138
H(1,1) = -1.13574
H(1,2) = 617.278
H(2,0) = 0.000133621
H(2,1) = -0.00226695
H(2,2) = 1
---------------



***************
Logging from: TestCalibrationMediaDialog testcalibration_main_3row_shelf
Time: Thu Mar 16 20:25:32 2017

H(0,0) = 0.186684
H(0,1) = -1.22677
H(0,2) = 174.661
H(1,0) = 0.0196075
H(1,1) = -1.04143
H(1,2) = 238.289
H(2,0) = 0.000276123
H(2,1) = -0.00574693
H(2,2) = 1
---------------

