
CALIBRATION: calibration_main
Start time: 16.03.2017 20-18-02
End time: 16.03.2017 20-18-35
Image quality on start: 0.562499940395355
Image quality minimum value: 0.527777850627899
Image quality mean value: 0.647714497620546
Head movement maximum value: 21.095023109729
Head movement mean value: 12.7863769882674
Head size ratio maximum value: 0.180001909834587
Head size ratio mean value: 0.120443436192655
Calibration reprojection error mean value: 191.272474500868
Calibration reprojection error outliers count: 1
Error: no error

TEST CALIBRATION: testcalibration_main
Start time: 16.03.2017 20-18-44
End time: 16.03.2017 20-19-01
Image quality minimum value: 0.6875
Image quality mean value: 0.717868699939973
Head movement maximum value: 32.0624390837628
Head movement mean value: 25.1080042032963
Head size ratio maximum value: 0.226516992222729
Head size ratio mean value: 0.248679250094982
Calibration maximum distance: 591.936652016075
Calibration corrected maximum distance: 294.04931559179
Calibration without correction was successful: False
Calibration with correction was successful: True
Error: no error

CLICKTASK: filler
Start time: 16.03.2017 20-19-26
End time: 16.03.2017 20-19-42
Image quality minimum value: 0.638888955116272
Image quality mean value: 0.673384507497152
Head movement maximum value: 67.7421582177598
Head movement mean value: 7.52690646863998
Head size ratio maximum value: 0.612929580154697
Head size ratio mean value: 0.956992175572744
Error: 
Sorry, but we have lost your eyes. This is probably due to excessive head movements. Please try to recalibrate again and give your best to keep your head still.

CALIBRATION: calibration_main
Start time: 16.03.2017 20-19-56
End time: 16.03.2017 20-20-28
Image quality on start: 0.861111164093018
Image quality minimum value: 0.833333313465118
Image quality mean value: 0.861411587289064
Head movement maximum value: 8.54400374531753
Head movement mean value: 4.91881670933486
Head size ratio maximum value: 0.0740495867768596
Head size ratio mean value: 0.0374549954995495
Calibration reprojection error mean value: 76.1077971988254
Calibration reprojection error outliers count: 0
Error: no error

TEST CALIBRATION: testcalibration_main
Start time: 16.03.2017 20-20-32
End time: 16.03.2017 20-20-49
Image quality minimum value: 0.777777791023254
Image quality mean value: 0.818150496174549
Head movement maximum value: 14.8660687473185
Head movement mean value: 9.72083879640345
Head size ratio maximum value: 0.0714049586776859
Head size ratio mean value: 0.111920775149615
Calibration maximum distance: 362.5520652265
Calibration corrected maximum distance: 258.750845409247
Calibration without correction was successful: False
Calibration with correction was successful: True
Error: no error

CLICKTASK: filler
Start time: 16.03.2017 20-20-53
End time: 16.03.2017 20-21-23
Image quality minimum value: 0.645669281482697
Image quality mean value: 0.752951384087404
Head movement maximum value: 50
Head movement mean value: 26.6173033304685
Head size ratio maximum value: 0.131714876033058
Head size ratio mean value: 0.0859264807162532
Error: no error

CLICKTASK: full_shelf
Start time: 16.03.2017 20-21-47
End time: 16.03.2017 20-21-57
Image quality minimum value: 0.724409461021423
Image quality mean value: 0.856294521263668
Head movement maximum value: 36.2353418639869
Head movement mean value: 26.2440745378134
Head size ratio maximum value: 0.573884297520661
Head size ratio mean value: 0.28244054646652
Error: 
Sorry, but we have lost your eyes. This is probably due to excessive head movements. Please try to recalibrate again and give your best to keep your head still.

CALIBRATION: calibration_main_full_shelf
Start time: 16.03.2017 20-22-29
End time: 16.03.2017 20-23-02
Image quality on start: 0.541666746139526
Image quality minimum value: 0.590277910232544
Image quality mean value: 0.696660410668982
Head movement maximum value: 22.2036033111745
Head movement mean value: 16.1860857549347
Head size ratio maximum value: 0.1719
Head size ratio mean value: 0.13497372975991
Calibration reprojection error mean value: 224.672601487901
Calibration reprojection error outliers count: 3
Error: no error

TEST CALIBRATION: testcalibration_main_full_shelf
Start time: 16.03.2017 20-23-07
End time: 16.03.2017 20-23-23
Image quality minimum value: 0.645833373069763
Image quality mean value: 0.705176801573146
Head movement maximum value: 23.7065391822594
Head movement mean value: 19.0670958560605
Head size ratio maximum value: 0.141288888888889
Head size ratio mean value: 0.161550707070707
Calibration maximum distance: 481.66066893613
Calibration corrected maximum distance: 300.026665481587
Calibration without correction was successful: False
Calibration with correction was successful: True
Error: no error

CLICKTASK: full_shelf
Start time: 16.03.2017 20-23-30
End time: 16.03.2017 20-23-52
Image quality minimum value: 0.590277910232544
Image quality mean value: 0.676613975070908
Head movement maximum value: 50.9313263129874
Head movement mean value: 42.3063368379174
Head size ratio maximum value: 0.122655555555556
Head size ratio mean value: 0.117677644710579
Error: no error

CLICKTASK: 3row_shelf
Start time: 16.03.2017 20-24-04
End time: 16.03.2017 20-24-16
Image quality minimum value: 0.479166686534882
Image quality mean value: 0.614329351052161
Head movement maximum value: 101.980390271856
Head movement mean value: 64.7051998156091
Head size ratio maximum value: 0.0911555555555555
Head size ratio mean value: 0.0542767025089606
Error: 
Sorry, but we have lost your eyes. This is probably due to excessive head movements. Please try to recalibrate again and give your best to keep your head still.

CALIBRATION: calibration_main_3row_shelf
Start time: 16.03.2017 20-24-40
End time: 16.03.2017 20-25-12
Image quality on start: 0.701388895511627
Image quality minimum value: 0.673611164093018
Image quality mean value: 0.724872279902657
Head movement maximum value: 12.0415945787923
Head movement mean value: 5.66210872745092
Head size ratio maximum value: 0.0694227671715217
Head size ratio mean value: 0.0483857916294344
Calibration reprojection error mean value: 49.6000552707248
Calibration reprojection error outliers count: 0
Error: no error

TEST CALIBRATION: testcalibration_main_3row_shelf
Start time: 16.03.2017 20-25-15
End time: 16.03.2017 20-25-32
Image quality minimum value: 0
Image quality mean value: 0.588147047938419
Head movement maximum value: 67.1863081289633
Head movement mean value: 18.8134318974338
Head size ratio maximum value: 0.278577582439536
Head size ratio mean value: 0.245240510268461
Calibration maximum distance: 441.687672456454
Calibration corrected maximum distance: 219.246436687122
Calibration without correction was successful: False
Calibration with correction was successful: True
Error: no error

CLICKTASK: 3row_shelf
Start time: 16.03.2017 20-25-40
End time: 16.03.2017 20-25-54
Image quality minimum value: 0.622047245502472
Image quality mean value: 0.697225326239461
Head movement maximum value: 24.7588368062799
Head movement mean value: 13.9380371272249
Head size ratio maximum value: 0.188090749041691
Head size ratio mean value: 0.212101158673097
Error: no error

CLICKTASK: pack
Start time: 16.03.2017 20-26-03
End time: 16.03.2017 20-26-11
Image quality minimum value: 0.783333361148834
Image quality mean value: 0.81069355192831
Head movement maximum value: 27.5136329843952
Head movement mean value: 22.3874857675674
Head size ratio maximum value: 0.181710347238697
Head size ratio mean value: 0.300007555154213
Error: no error
