

***************
Logging from: TestCalibrationMediaDialog testcalibration_main
Time: Wed Mar 01 18:52:32 2017

H(0,0) = -4.92318
H(0,1) = 4.59356
H(0,2) = 472.36
H(1,0) = -0.506028
H(1,1) = -4.96161
H(1,2) = 1435.86
H(2,0) = -0.00248313
H(2,1) = -0.00275578
H(2,2) = 1
---------------



***************
Logging from: TestCalibrationMediaDialog testcalibration_main_shelftask
Time: Wed Mar 01 18:54:59 2017

H(0,0) = 0.470629
H(0,1) = 0.814135
H(0,2) = -305.866
H(1,0) = 0.0947182
H(1,1) = 1.92102
H(1,2) = -603.33
H(2,0) = -0.000329029
H(2,1) = -0.000261193
H(2,2) = 1
---------------

