
CALIBRATION: calibration_main
Start time: 01.03.2017 18-51-26
End time: 01.03.2017 18-52-07
Image quality on start: 0.458333283662796
Image quality minimum value: 0.416666656732559
Image quality mean value: 0.473907765109562
Head movement maximum value: 33
Head movement mean value: 24.5034704918088
Head size ratio maximum value: 0.0445097108500454
Head size ratio mean value: 0.0617025315070262
Calibration reprojection error mean value: 206.533454047309
Calibration reprojection error outliers count: 3
Error: no error

TEST CALIBRATION: testcalibration_main
Start time: 01.03.2017 18-52-14
End time: 01.03.2017 18-52-32
Image quality minimum value: 0.409722298383713
Image quality mean value: 0.489166674017906
Head movement maximum value: 38.0131556174964
Head movement mean value: 32.5391904349848
Head size ratio maximum value: 0.0679858391677545
Head size ratio mean value: 0.108153554052451
Calibration maximum distance: 420.601949591297
Calibration corrected maximum distance: 220.465416789119
Calibration without correction was successful: False
Calibration with correction was successful: True
Error: no error

CLICKTASK: shoppersmode
Start time: 01.03.2017 18-52-47
End time: 01.03.2017 18-53-07
Image quality minimum value: 0.444444388151169
Image quality mean value: 0.491256806476057
Head movement maximum value: 49.8196748283246
Head movement mean value: 40.8329136366282
Head size ratio maximum value: 0.0679858391677545
Head size ratio mean value: 0.0906117716208657
Error: no error

CLICKTASK: shelftask
Start time: 01.03.2017 18-53-24
End time: 01.03.2017 18-53-32
Image quality minimum value: 0
Image quality mean value: 0.0149391860731186
Head movement maximum value: 0
Head movement mean value: 0
Head size ratio maximum value: 0
Head size ratio mean value: 1
Error: 
Your face is not detected properly! Please try to set your position again and repeat calibration.

CALIBRATION: calibration_main_shelftask
Start time: 01.03.2017 18-53-50
End time: 01.03.2017 18-54-29
Image quality on start: 0.472222149372101
Image quality minimum value: 0.409722298383713
Image quality mean value: 0.485200933316379
Head movement maximum value: 28.4604989415154
Head movement mean value: 15.2373211862604
Head size ratio maximum value: 0.0675683593750001
Head size ratio mean value: 0.0715961108161408
Calibration reprojection error mean value: 176.793666415744
Calibration reprojection error outliers count: 1
Error: no error

TEST CALIBRATION: testcalibration_main_shelftask
Start time: 01.03.2017 18-54-42
End time: 01.03.2017 18-55-02
Image quality minimum value: 0.465277820825577
Image quality mean value: 0.511322490870953
Head movement maximum value: 33.2415402771893
Head movement mean value: 28.5710373485764
Head size ratio maximum value: 0.055458984375
Head size ratio mean value: 0.129360988451087
Calibration maximum distance: 379.748601050748
Calibration corrected maximum distance: 307.774267930248
Calibration without correction was successful: False
Calibration with correction was successful: False
Error: 
Calibration not accurate enough. 
We need some further fine tuning of the calibration, it doesn't always get right from the first time. Please try again, give your best to keep your head still and focus at the red dot.

CLICKTASK: shelftask
Start time: 01.03.2017 18-55-06
End time: 01.03.2017 18-55-13
Image quality minimum value: 0.479166686534882
Image quality mean value: 0.509490768114726
Head movement maximum value: 46.4865571966778
Head movement mean value: 33.5930219304722
Head size ratio maximum value: 0.0432714843749999
Head size ratio mean value: 0.294310546875
Error: no error

VIDEOTASK: 3drot
Start time: 01.03.2017 18-55-24
End time: 01.03.2017 18-55-37
Image quality minimum value: 0.496183216571808
Image quality mean value: 0.517103136579196
Head movement maximum value: 69.7710541700496
Head movement mean value: 59.1636615710442
Head size ratio maximum value: 0.126943359375
Head size ratio mean value: 0.213984700520833
Error: no error
