
CALIBRATION: calibration_main
Start time: 09.12.2016 12-04-57
End time: 09.12.2016 12-05-33
Image quality on start: 0.401574790477753
Image quality minimum value: 0.361111164093018
Image quality mean value: 0.390512745250279
Head movement maximum value: 21.0237960416286
Head movement mean value: 12.5669874543593
Head size ratio maximum value: 0.119105468305745
Head size ratio mean value: 0.0724906661253489
Calibration reprojection error mean value: 72.3343662685818
Calibration reprojection error outliers count: 0
Error: no error

TEST CALIBRATION: testcalibration_main
Start time: 09.12.2016 12-05-39
End time: 09.12.2016 12-05-55
Image quality minimum value: 0.256944477558136
Image quality mean value: 0.365181861411441
Head movement maximum value: 30.4630924234556
Head movement mean value: 23.4511636059161
Head size ratio maximum value: 0.153379307492685
Head size ratio mean value: 0.140466252040781
Calibration maximum distance: 122.249744376011
Calibration corrected maximum distance: 97.082439194738
Calibration without correction was successful: True
Calibration with correction was successful: True
Error: no error

CLICKTASK: c1
Start time: 09.12.2016 12-05-58
End time: 09.12.2016 12-06-05
Image quality minimum value: 0.298611104488373
Image quality mean value: 0.374392083462547
Head movement maximum value: 27.6586333718787
Head movement mean value: 20.2163067625557
Head size ratio maximum value: 0.125918880077749
Head size ratio mean value: 0.317251500221681
Error: no error

CLICKTASK: c2
Start time: 09.12.2016 12-06-16
End time: 09.12.2016 12-06-27
Image quality minimum value: 0.291666775941849
Image quality mean value: 0.371763060630207
Head movement maximum value: 49.2036584005702
Head movement mean value: 36.5632330072347
Head size ratio maximum value: 0.125918880077749
Head size ratio mean value: 0.135378060694686
Error: no error

CLICKTASK: c3
Start time: 09.12.2016 12-06-31
End time: 09.12.2016 12-06-53
Image quality minimum value: 0.263888835906982
Image quality mean value: 0.372227297808097
Head movement maximum value: 37.6430604494374
Head movement mean value: 31.1144549485531
Head size ratio maximum value: 0.174191747397153
Head size ratio mean value: 0.117022786939855
Error: no error

CLICKTASK: c4
Start time: 09.12.2016 12-06-56
End time: 09.12.2016 12-07-10
Image quality minimum value: 0.291666775941849
Image quality mean value: 0.367787794593502
Head movement maximum value: 38.6005181312376
Head movement mean value: 37.2996798642841
Head size ratio maximum value: 0.209292707891771
Head size ratio mean value: 0.0950018762273782
Error: no error
