

***************
Logging from: TestCalibrationMediaDialog testcalibration_main
Time: Mon Dec 19 12:31:29 2016

H(0,0) = -0.64839
H(0,1) = 1.03696
H(0,2) = 208.773
H(1,0) = -0.460512
H(1,1) = 0.251181
H(1,2) = 393.186
H(2,0) = -0.00129905
H(2,1) = 0.000887312
H(2,2) = 1
---------------



***************
Logging from: TestCalibrationMediaDialog testcalibration_main
Time: Mon Dec 19 12:32:56 2016

H(0,0) = 0.57982
H(0,1) = 1.30573
H(0,2) = -675.026
H(1,0) = -0.236893
H(1,1) = 1.54101
H(1,2) = -267.907
H(2,0) = -0.000365322
H(2,1) = -0.00145491
H(2,2) = 1
---------------

