
CALIBRATION: calibration_main
Start time: 19.12.2016 12-30-22
End time: 19.12.2016 12-31-07
Image quality on start: 0.850393712520599
Image quality minimum value: 0.756944477558136
Image quality mean value: 0.818163948549944
Head movement maximum value: 5.09901951359278
Head movement mean value: 2.40013168090194
Head size ratio maximum value: 0.0761638571054239
Head size ratio mean value: 0.0830033961352905
Calibration reprojection error mean value: 155.903828514947
Calibration reprojection error outliers count: 1
Error: no error

TEST CALIBRATION: testcalibration_main
Start time: 19.12.2016 12-31-13
End time: 19.12.2016 12-31-35
Image quality minimum value: 0.770833373069763
Image quality mean value: 0.816596076508199
Head movement maximum value: 13.3416640641263
Head movement mean value: 4.36312488097951
Head size ratio maximum value: 0.0377325530614028
Head size ratio mean value: 0.0818486078036335
Calibration maximum distance: 576.867402441844
Calibration corrected maximum distance: 311.155909473049
Calibration without correction was successful: False
Calibration with correction was successful: False
Error: 
Calibration not accurate enough. 
We need some further fine tuning of the calibration, it doesn't always get right from the first time. Please try again, give your best to keep your head still and focus at the red dot.

CALIBRATION: calibration_main
Start time: 19.12.2016 12-32-06
End time: 19.12.2016 12-32-38
Image quality on start: 0.834645688533783
Image quality minimum value: 0.763888895511627
Image quality mean value: 0.847643895637269
Head movement maximum value: 5.8309518948453
Head movement mean value: 3.28949497503294
Head size ratio maximum value: 0.14556884765625
Head size ratio mean value: 0.109603677019977
Calibration reprojection error mean value: 242.927487479316
Calibration reprojection error outliers count: 3
Error: no error

TEST CALIBRATION: testcalibration_main
Start time: 19.12.2016 12-32-40
End time: 19.12.2016 12-32-56
Image quality minimum value: 0.715277791023254
Image quality mean value: 0.85557979567727
Head movement maximum value: 7.21110255092798
Head movement mean value: 4.60419202652154
Head size ratio maximum value: 0.11236572265625
Head size ratio mean value: 0.113933278553521
Calibration maximum distance: 472.492327980042
Calibration corrected maximum distance: 156.646097940549
Calibration without correction was successful: False
Calibration with correction was successful: True
Error: no error

VIDEOTASK: 1
Start time: 19.12.2016 12-33-01
End time: 19.12.2016 12-34-30
Image quality minimum value: 0
Image quality mean value: 0.852620426183328
Head movement maximum value: 25.0798724079689
Head movement mean value: 16.6089982566326
Head size ratio maximum value: 0.11236572265625
Head size ratio mean value: 0.0577263465294471
Error: no error
