

***************
Logging from: TestCalibrationMediaDialog testcalibration_main
Time: Sun Dec 11 11:20:22 2016

H(0,0) = 0.931776
H(0,1) = -0.767199
H(0,2) = 197.289
H(1,0) = 0.120135
H(1,1) = 1.14551
H(1,2) = -152.108
H(2,0) = 4.80181e-005
H(2,1) = -0.000602603
H(2,2) = 1
---------------



***************
Logging from: TestCalibrationMediaDialog cal2
Time: Sun Dec 11 11:21:50 2016

H(0,0) = 0.880799
H(0,1) = -0.530903
H(0,2) = 98.0094
H(1,0) = 0.0912719
H(1,1) = 0.793573
H(1,2) = 23.1744
H(2,0) = -1.37743e-005
H(2,1) = -0.000812895
H(2,2) = 1
---------------

