
CALIBRATION: calibration_main
Start time: 11.12.2016 11-18-06
End time: 11.12.2016 11-18-15
Image quality on start: 0.354166626930237
Image quality minimum value: 1000
Image quality mean value: 0
Head movement maximum value: 0
Head movement mean value: 0
Head size ratio maximum value: 0
Head size ratio mean value: 0
Calibration reprojection error mean value: 999999
Calibration reprojection error outliers count: 999999
Error: 
Bad Face Size!
Your face in the camera image is too big or too small. Please set your position again and repeat calibration.

CALIBRATION: calibration_main
Start time: 11.12.2016 11-19-30
End time: 11.12.2016 11-20-04
Image quality on start: 0.448818892240524
Image quality minimum value: 0.291666775941849
Image quality mean value: 0.486849812685319
Head movement maximum value: 10.1980390271856
Head movement mean value: 6.3949734903149
Head size ratio maximum value: 0.199889629501385
Head size ratio mean value: 0.107135536442272
Calibration reprojection error mean value: 63.9716838730706
Calibration reprojection error outliers count: 0
Error: no error

TEST CALIBRATION: testcalibration_main
Start time: 11.12.2016 11-20-06
End time: 11.12.2016 11-20-22
Image quality minimum value: 0.375000029802322
Image quality mean value: 0.499356991438954
Head movement maximum value: 10.295630140987
Head movement mean value: 6.43030149918221
Head size ratio maximum value: 0.0942261080332409
Head size ratio mean value: 0.123291942392531
Calibration maximum distance: 190.882162603005
Calibration corrected maximum distance: 87.5556965593901
Calibration without correction was successful: True
Calibration with correction was successful: True
Error: no error

CLICKTASK: t1
Start time: 11.12.2016 11-20-26
End time: 11.12.2016 11-20-32
Image quality minimum value: 0.409722298383713
Image quality mean value: 0.46965222992003
Head movement maximum value: 10.816653826392
Head movement mean value: 6.29377792141481
Head size ratio maximum value: 0.10803324099723
Head size ratio mean value: 0.306784674731648
Error: no error

SURVEYTASK: Survey
Start time: 11.12.2016 11-20-35
End time: 11.12.2016 11-21-27
Error: no error

TEST CALIBRATION: cal2
Start time: 11.12.2016 11-21-34
End time: 11.12.2016 11-21-50
Image quality minimum value: 0.472440958023071
Image quality mean value: 0.555428119427567
Head movement maximum value: 25
Head movement mean value: 20.2960456572121
Head size ratio maximum value: 0.145591672437673
Head size ratio mean value: 0.129256381991918
Calibration maximum distance: 274.045616640734
Calibration corrected maximum distance: 59.4138031100518
Calibration without correction was successful: True
Calibration with correction was successful: True
Error: no error

CLICKTASK: t2
Start time: 11.12.2016 11-21-59
End time: 11.12.2016 11-23-01
Image quality minimum value: 0.488188982009888
Image quality mean value: 0.52635248308574
Head movement maximum value: 40.2243707222375
Head movement mean value: 29.9032602626328
Head size ratio maximum value: 0.199445983379501
Head size ratio mean value: 0.136332673414997
Error: no error

CLICKTASK: t3
Start time: 11.12.2016 11-23-06
End time: 11.12.2016 11-23-27
Image quality minimum value: 0.488188982009888
Image quality mean value: 0.512841262549998
Head movement maximum value: 35.1140997321589
Head movement mean value: 25.9886630840174
Head size ratio maximum value: 0.199445983379501
Head size ratio mean value: 0.18161761850519
Error: no error

CLICKTASK: t4
Start time: 11.12.2016 11-23-30
End time: 11.12.2016 11-23-40
Image quality minimum value: 0.464566916227341
Image quality mean value: 0.489526077823819
Head movement maximum value: 34.6698716467194
Head movement mean value: 26.4919917076478
Head size ratio maximum value: 0.187629847645429
Head size ratio mean value: 0.29806608673496
Error: no error
