
CALIBRATION: calibration_main
Start time: 08.12.2016 16-56-17
End time: 08.12.2016 16-56-50
Image quality on start: 0.692913413047791
Image quality minimum value: 0.716535449028015
Image quality mean value: 0.729076676950071
Head movement maximum value: 4.12310562561766
Head movement mean value: 1.78489787559539
Head size ratio maximum value: 0.08806103400698
Head size ratio mean value: 0.0473354835538033
Calibration reprojection error mean value: 42.8385190963745
Calibration reprojection error outliers count: 0
Error: no error

TEST CALIBRATION: testcalibration_main
Start time: 08.12.2016 16-56-52
End time: 08.12.2016 16-57-08
Image quality minimum value: 0.732283473014832
Image quality mean value: 0.742029419934975
Head movement maximum value: 4.12310562561766
Head movement mean value: 2.23716127712839
Head size ratio maximum value: 0.08806103400698
Head size ratio mean value: 0.0906867091466787
Calibration maximum distance: 114.004385880544
Calibration corrected maximum distance: 37.4833296279826
Calibration without correction was successful: True
Calibration with correction was successful: True
Error: no error

CLICKTASK: c1
Start time: 08.12.2016 16-57-09
End time: 08.12.2016 16-57-17
Image quality minimum value: 0.598425209522247
Image quality mean value: 0.612826365389322
Head movement maximum value: 6.70820393249937
Head movement mean value: 3.63830813014896
Head size ratio maximum value: 0.0533235938641344
Head size ratio mean value: 0.0860536033900187
Error: no error

CLICKTASK: c2
Start time: 08.12.2016 16-57-18
End time: 08.12.2016 16-57-27
Image quality minimum value: 0.598425209522247
Image quality mean value: 0.636994535976884
Head movement maximum value: 15.2643375224737
Head movement mean value: 10.7691282032468
Head size ratio maximum value: 0.0794375456537618
Head size ratio mean value: 0.0840452225014752
Error: no error

CLICKTASK: c3
Start time: 08.12.2016 16-57-28
End time: 08.12.2016 16-57-39
Image quality minimum value: 0.645669281482697
Image quality mean value: 0.655396004068366
Head movement maximum value: 15.6204993518133
Head movement mean value: 13.2959033531841
Head size ratio maximum value: 0.0794375456537618
Head size ratio mean value: 0.0889420666845151
Error: no error

CLICKTASK: c4
Start time: 08.12.2016 16-57-44
End time: 08.12.2016 16-57-57
Image quality minimum value: 0.653543293476105
Image quality mean value: 0.714088524005328
Head movement maximum value: 35.5105618091294
Head movement mean value: 26.6954425331089
Head size ratio maximum value: 0.113688012336661
Head size ratio mean value: 0.114774325310559
Error: no error
