
CALIBRATION: calibration_main
Start time: 18.12.2016 20-05-03
End time: 18.12.2016 20-05-37
Image quality on start: 0.923076927661896
Image quality minimum value: 0.861111044883728
Image quality mean value: 0.90892132783865
Head movement maximum value: 11.6619037896906
Head movement mean value: 8.33691372385764
Head size ratio maximum value: 0.0745092207019631
Head size ratio mean value: 0.0525147798199552
Calibration reprojection error mean value: 238.067833794488
Calibration reprojection error outliers count: 2
Error: no error

TEST CALIBRATION: testcalibration_main
Start time: 18.12.2016 20-05-41
End time: 18.12.2016 20-06-04
Image quality minimum value: 0.888888776302338
Image quality mean value: 0.911491018706474
Head movement maximum value: 14.2126704035519
Head movement mean value: 10.6742622334674
Head size ratio maximum value: 0.0745092207019631
Head size ratio mean value: 0.107550668118911
Calibration maximum distance: 601.295268566118
Calibration corrected maximum distance: 534.809311811229
Calibration without correction was successful: False
Calibration with correction was successful: False
Error: 
Calibration not accurate enough. 
We need some further fine tuning of the calibration, it doesn't always get right from the first time. Please try again, give your best to keep your head still and focus at the red dot.

CALIBRATION: calibration_main
Start time: 18.12.2016 20-06-13
End time: 18.12.2016 20-06-45
Image quality on start: 0.929133832454681
Image quality minimum value: 0.88976377248764
Image quality mean value: 0.908933064388355
Head movement maximum value: 5.09901951359278
Head movement mean value: 2.19165830994016
Head size ratio maximum value: 0.0483801844415168
Head size ratio mean value: 0.0370857572193444
Calibration reprojection error mean value: 81.829797744751
Calibration reprojection error outliers count: 0
Error: no error

TEST CALIBRATION: testcalibration_main
Start time: 18.12.2016 20-06-48
End time: 18.12.2016 20-07-04
Image quality minimum value: 0.902777850627899
Image quality mean value: 0.917208704395571
Head movement maximum value: 4.12310562561766
Head movement mean value: 1.89048168628564
Head size ratio maximum value: 0.0321264741829494
Head size ratio mean value: 0.0700998764914935
Calibration maximum distance: 321.549374124721
Calibration corrected maximum distance: 64.8845127900333
Calibration without correction was successful: False
Calibration with correction was successful: True
Error: no error

VIDEOTASK: 1
Start time: 18.12.2016 20-07-11
End time: 18.12.2016 20-08-42
Image quality minimum value: 0.795275568962097
Image quality mean value: 0.90974417116706
Head movement maximum value: 22.3606797749979
Head movement mean value: 13.1979445208145
Head size ratio maximum value: 0.108442723131379
Head size ratio mean value: 0.0392604944112218
Error: no error
