

***************
Logging from: TestCalibrationMediaDialog testcalibration_main
Time: Sun Dec 18 18:45:48 2016

H(0,0) = 3.52424
H(0,1) = -4.53083
H(0,2) = -274.856
H(1,0) = 1.87237
H(1,1) = -3.39796
H(1,2) = 140.26
H(2,0) = 0.00589243
H(2,1) = -0.0108834
H(2,2) = 1
---------------



***************
Logging from: TestCalibrationMediaDialog testcalibration_main
Time: Sun Dec 18 18:50:36 2016

H(0,0) = -1.42164
H(0,1) = 1.3685
H(0,2) = 710.686
H(1,0) = -0.633022
H(1,1) = 0.423309
H(1,2) = 349.593
H(2,0) = -0.00176649
H(2,1) = 0.00126521
H(2,2) = 1
---------------

