
CALIBRATION: calibration_main
Start time: 18.12.2016 18-43-01
End time: 18.12.2016 18-43-10
Image quality on start: 0.653543293476105
Image quality minimum value: 1000
Image quality mean value: 0
Head movement maximum value: 0
Head movement mean value: 0
Head size ratio maximum value: 0
Head size ratio mean value: 0
Calibration reprojection error mean value: 999999
Calibration reprojection error outliers count: 999999
Error: 
Initialization Error!
Please contact us on support@eyesee.be and inform us about this error.

CALIBRATION: calibration_main
Start time: 18.12.2016 18-43-37
End time: 18.12.2016 18-43-45
Image quality on start: 0.653543293476105
Image quality minimum value: 1000
Image quality mean value: 0
Head movement maximum value: 0
Head movement mean value: 0
Head size ratio maximum value: 0
Head size ratio mean value: 0
Calibration reprojection error mean value: 999999
Calibration reprojection error outliers count: 999999
Error: 
Initialization Error!
Please contact us on support@eyesee.be and inform us about this error.

CALIBRATION: calibration_main
Start time: 18.12.2016 18-44-22
End time: 18.12.2016 18-44-27
Image quality on start: 0
Image quality minimum value: 1000
Image quality mean value: 0
Head movement maximum value: 0
Head movement mean value: 0
Head size ratio maximum value: 0
Head size ratio mean value: 0
Calibration reprojection error mean value: 999999
Calibration reprojection error outliers count: 999999
Error: 
Your face is not detected properly! Please try to set your position again and repeat calibration.

CALIBRATION: calibration_main
Start time: 18.12.2016 18-44-50
End time: 18.12.2016 18-45-26
Image quality on start: 0.850393712520599
Image quality minimum value: 0.826771676540375
Image quality mean value: 0.840862013791737
Head movement maximum value: 11.7046999107196
Head movement mean value: 6.60946242776746
Head size ratio maximum value: 0.0639830788551788
Head size ratio mean value: 0.0990074333165851
Calibration reprojection error mean value: 77.7150149875217
Calibration reprojection error outliers count: 0
Error: no error

TEST CALIBRATION: testcalibration_main
Start time: 18.12.2016 18-45-30
End time: 18.12.2016 18-45-51
Image quality minimum value: 0.818897664546967
Image quality mean value: 0.847722172737122
Head movement maximum value: 15.2315462117278
Head movement mean value: 11.2259690791333
Head size ratio maximum value: 0.0561008658867076
Head size ratio mean value: 0.174763108693804
Calibration maximum distance: 1031.96753824914
Calibration corrected maximum distance: 523.803398232581
Calibration without correction was successful: False
Calibration with correction was successful: False
Error: 
Calibration not accurate enough. 
We need some further fine tuning of the calibration, it doesn't always get right from the first time. Please try again, give your best to keep your head still and focus at the red dot.

VIDEOTASK: 1
Start time: 18.12.2016 18-46-08
End time: 18.12.2016 18-46-44
Image quality minimum value: 0.685039341449738
Image quality mean value: 0.742237412704612
Head movement maximum value: 13.3416640641263
Head movement mean value: 9.78243815368683
Head size ratio maximum value: 0.0718322427126711
Head size ratio mean value: 0.195514487358403
Error: 
Bad camera resolution or camera video not loaded!
Please check if your web camera is working properly and set your web camera resolution to 640x480.

You can test your camera by selecting Options > Test Webcam in the menu bar.

If your camera is not working, check if it is plugged in properly and close other applications that might be using it. If this does not solve this issue, please reset your computer or reinstall the camera driver.

CALIBRATION: calibration_main
Start time: 18.12.2016 18-46-55
End time: 18.12.2016 18-48-59
Image quality on start: 0.834645688533783
Image quality minimum value: 0
Image quality mean value: 0.348317208771522
Head movement maximum value: 36.2353418639869
Head movement mean value: 29.9638403875276
Head size ratio maximum value: 0.0982981427865264
Head size ratio mean value: 0.254361925765781
Calibration reprojection error mean value: 999999
Calibration reprojection error outliers count: 999999
Error: 
Your face is not detected properly! Please try to set your position again and repeat calibration.

CALIBRATION: calibration_main
Start time: 18.12.2016 18-49-40
End time: 18.12.2016 18-50-15
Image quality on start: 0.811023592948914
Image quality minimum value: 0.811023592948914
Image quality mean value: 0.831080097822273
Head movement maximum value: 14.2126704035519
Head movement mean value: 7.6558521251172
Head size ratio maximum value: 0.101204084743179
Head size ratio mean value: 0.122538780552256
Calibration reprojection error mean value: 176.174547407362
Calibration reprojection error outliers count: 2
Error: no error

TEST CALIBRATION: testcalibration_main
Start time: 18.12.2016 18-50-19
End time: 18.12.2016 18-50-36
Image quality minimum value: 0.826771676540375
Image quality mean value: 0.859829074458072
Head movement maximum value: 14.422205101856
Head movement mean value: 11.5361300418199
Head size ratio maximum value: 0.101204084743179
Head size ratio mean value: 0.211009708559023
Calibration maximum distance: 738.323777214306
Calibration corrected maximum distance: 124.919974383603
Calibration without correction was successful: False
Calibration with correction was successful: True
Error: no error

VIDEOTASK: 1
Start time: 18.12.2016 18-50-40
End time: 18.12.2016 18-50-48
Image quality minimum value: 0.677165329456329
Image quality mean value: 0.733858269453049
Head movement maximum value: 13.0384048104053
Head movement mean value: 2.60768096208106
Head size ratio maximum value: 0.0248437738149672
Head size ratio mean value: 0.804968754762993
Error: 
Bad camera resolution or camera video not loaded!
Please check if your web camera is working properly and set your web camera resolution to 640x480.

You can test your camera by selecting Options > Test Webcam in the menu bar.

If your camera is not working, check if it is plugged in properly and close other applications that might be using it. If this does not solve this issue, please reset your computer or reinstall the camera driver.
