

***************
Logging from: TestCalibrationMediaDialog testcalibration_main
Time: Mon Dec 12 06:46:52 2016

H(0,0) = 1.33087
H(0,1) = -0.130265
H(0,2) = -42.5447
H(1,0) = 0.149324
H(1,1) = 1.28295
H(1,2) = -182.78
H(2,0) = 0.000268349
H(2,1) = -0.000112583
H(2,2) = 1
---------------



***************
Logging from: TestCalibrationMediaDialog cal2
Time: Mon Dec 12 06:48:27 2016

H(0,0) = -3.76797
H(0,1) = 1.79085
H(0,2) = 920.127
H(1,0) = -3.25572
H(1,1) = 9.1714
H(1,2) = 672.82
H(2,0) = -0.00640053
H(2,1) = 0.0165018
H(2,2) = 1
---------------

