
CALIBRATION: calibration_main
Start time: 12.12.2016 06-45-54
End time: 12.12.2016 06-46-31
Image quality on start: 0.748031497001648
Image quality minimum value: 0.645669281482697
Image quality mean value: 0.662628691930037
Head movement maximum value: 13.4164078649987
Head movement mean value: 7.07876279387602
Head size ratio maximum value: 0.103952090721825
Head size ratio mean value: 0.0610010461226524
Calibration reprojection error mean value: 42.5596512688531
Calibration reprojection error outliers count: 0
Error: no error

TEST CALIBRATION: testcalibration_main
Start time: 12.12.2016 06-46-36
End time: 12.12.2016 06-46-53
Image quality minimum value: 0.645669281482697
Image quality mean value: 0.659400790202908
Head movement maximum value: 12.0830459735946
Head movement mean value: 8.4150096138223
Head size ratio maximum value: 0.0846694557115251
Head size ratio mean value: 0.0866654166552286
Calibration maximum distance: 82.5651258098721
Calibration corrected maximum distance: 17.0880074906351
Calibration without correction was successful: True
Calibration with correction was successful: True
Error: no error

CLICKTASK: t1
Start time: 12.12.2016 06-46-59
End time: 12.12.2016 06-47-13
Image quality minimum value: 0.661417305469513
Image quality mean value: 0.735341340592764
Head movement maximum value: 18.4390889145858
Head movement mean value: 11.5733525017038
Head size ratio maximum value: 0.0466138588630041
Head size ratio mean value: 0.10003820487006
Error: no error

SURVEYTASK: Survey
Start time: 12.12.2016 06-47-18
End time: 12.12.2016 06-48-05
Error: no error

TEST CALIBRATION: cal2
Start time: 12.12.2016 06-48-11
End time: 12.12.2016 06-48-28
Image quality minimum value: 0.637795269489288
Image quality mean value: 0.654203390646837
Head movement maximum value: 7.07106781186548
Head movement mean value: 4.71621658688984
Head size ratio maximum value: 0.0655567117585849
Head size ratio mean value: 0.0492057147994567
Calibration maximum distance: 375.261242336589
Calibration corrected maximum distance: 222.899080303172
Calibration without correction was successful: False
Calibration with correction was successful: True
Error: no error

CLICKTASK: t2
Start time: 12.12.2016 06-48-30
End time: 12.12.2016 06-48-46
Image quality minimum value: 0.653543293476105
Image quality mean value: 0.71797158733104
Head movement maximum value: 4.47213595499958
Head movement mean value: 2.56531439602406
Head size ratio maximum value: 0.075091847352885
Head size ratio mean value: 0.0760880874447439
Error: no error

CLICKTASK: t3
Start time: 12.12.2016 06-48-48
End time: 12.12.2016 06-49-08
Image quality minimum value: 0.661417305469513
Image quality mean value: 0.716398110223371
Head movement maximum value: 5.3851648071345
Head movement mean value: 2.85267259787925
Head size ratio maximum value: 0.0655567117585849
Head size ratio mean value: 0.0783353343273279
Error: no error

CLICKTASK: t4
Start time: 12.12.2016 06-49-10
End time: 12.12.2016 06-49-30
Image quality minimum value: 0.661417305469513
Image quality mean value: 0.7214465571433
Head movement maximum value: 5.09901951359278
Head movement mean value: 4.08196182766144
Head size ratio maximum value: 0.0655567117585849
Head size ratio mean value: 0.0560622974744253
Error: no error
