
CALIBRATION: calibration_main
Start time: 15.03.2017 14-11-04
End time: 15.03.2017 14-11-36
Image quality on start: 0.881889760494232
Image quality minimum value: 0.338582664728165
Image quality mean value: 0.858567058588519
Head movement maximum value: 9.8488578017961
Head movement mean value: 3.44691620252536
Head size ratio maximum value: 0.108483706788287
Head size ratio mean value: 0.0887177512450168
Calibration reprojection error mean value: 61.485972934299
Calibration reprojection error outliers count: 0
Error: no error

TEST CALIBRATION: testcalibration_main
Start time: 15.03.2017 14-11-42
End time: 15.03.2017 14-11-58
Image quality minimum value: 0.850393712520599
Image quality mean value: 0.866592974276156
Head movement maximum value: 12
Head movement mean value: 6.4269677154166
Head size ratio maximum value: 0.125669244497323
Head size ratio mean value: 0.118781482255605
Calibration maximum distance: 298.964880880681
Calibration corrected maximum distance: 181.22361876974
Calibration without correction was successful: True
Calibration with correction was successful: True
Error: no error

CLICKTASK: filler
Start time: 15.03.2017 14-12-17
End time: 15.03.2017 14-12-33
Image quality minimum value: 0.854166686534882
Image quality mean value: 0.889830715954304
Head movement maximum value: 7.07106781186548
Head movement mean value: 5.81675483455069
Head size ratio maximum value: 0.142986978650274
Head size ratio mean value: 0.124691435704225
Error: no error

CLICKTASK: full_shelf
Start time: 15.03.2017 14-12-42
End time: 15.03.2017 14-12-52
Image quality minimum value: 0.854166686534882
Image quality mean value: 0.875646457556755
Head movement maximum value: 8.24621125123532
Head movement mean value: 6.39345861260558
Head size ratio maximum value: 0.0914303655231674
Head size ratio mean value: 0.112826999631129
Error: no error

CLICKTASK: 3row_shelf
Start time: 15.03.2017 14-13-00
End time: 15.03.2017 14-13-18
Image quality minimum value: 0.858267724514008
Image quality mean value: 0.891184757967464
Head movement maximum value: 11.0453610171873
Head movement mean value: 7.88585573168577
Head size ratio maximum value: 0.0914303655231674
Head size ratio mean value: 0.064324134844707
Error: no error

CLICKTASK: pack
Start time: 15.03.2017 14-13-27
End time: 15.03.2017 14-13-34
Image quality minimum value: 0.840277850627899
Image quality mean value: 0.873535132721851
Head movement maximum value: 6.08276253029822
Head movement mean value: 6.08276253029822
Head size ratio maximum value: 0.117059951087316
Head size ratio mean value: 0.073675165506469
Error: no error
