
CALIBRATION: calibration_main
Start time: 17.01.2015 19-07-00
End time: 17.01.2015 19-07-34
Image quality on start: 0.618055641651154
Image quality minimum value: 0.527777850627899
Image quality mean value: 0.603874880793054
Head movement maximum value: 13
Head movement mean value: 8.42277180891123
Head size ratio maximum value: 0.0757053506208911
Head size ratio mean value: 0.0475630313559456
Calibration reprojection error mean value: 55.5325580173069
Calibration reprojection error outliers count: 0
Error: no error

TEST CALIBRATION: testcalibration_main
Start time: 17.01.2015 19-07-37
End time: 17.01.2015 19-07-54
Image quality minimum value: 0.527777850627899
Image quality mean value: 0.598980882647317
Head movement maximum value: 22.3606797749979
Head movement mean value: 17.1214074939865
Head size ratio maximum value: 0.0757053506208911
Head size ratio mean value: 0.0693312948121004
Calibration maximum distance: 326.124209466271
Calibration corrected maximum distance: 32.2024843762092
Calibration without correction was successful: False
Calibration with correction was successful: True
Error: no error

VIDEOTASK: v
Start time: 17.01.2015 19-07-59
End time: 17.01.2015 19-09-46
Image quality minimum value: 0.375000029802322
Image quality mean value: 0.465327926743321
Head movement maximum value: 34.828149534536
Head movement mean value: 26.3249427733835
Head size ratio maximum value: 0.205544649379109
Head size ratio mean value: 0.136493390226087
Error: no error
