
CALIBRATION: calibration_main
Start time: 19.03.2017 14-59-54
End time: 19.03.2017 15-00-29
Image quality on start: 0.611111104488373
Image quality minimum value: 0.597222208976746
Image quality mean value: 0.663730595479993
Head movement maximum value: 12.2065556157337
Head movement mean value: 7.20508350000302
Head size ratio maximum value: 0.0926630278655559
Head size ratio mean value: 0.0736991145208443
Calibration reprojection error mean value: 32.5449881023831
Calibration reprojection error outliers count: 0
Error: no error

TEST CALIBRATION: testcalibration_main
Start time: 19.03.2017 15-00-34
End time: 19.03.2017 15-00-51
Image quality minimum value: 0.597222208976746
Image quality mean value: 0.655570656709049
Head movement maximum value: 12.0415945787923
Head movement mean value: 9.61180389353517
Head size ratio maximum value: 0.0797012352772192
Head size ratio mean value: 0.135678653060715
Calibration maximum distance: 172.185946000247
Calibration corrected maximum distance: 86.1278120005379
Calibration without correction was successful: True
Calibration with correction was successful: True
Error: no error

CLICKTASK: filler
Start time: 19.03.2017 15-00-56
End time: 19.03.2017 15-01-11
Image quality minimum value: 0.569444477558136
Image quality mean value: 0.636547170406164
Head movement maximum value: 18.6010752377383
Head movement mean value: 12.1526225467071
Head size ratio maximum value: 0.0402642918701522
Head size ratio mean value: 0.108247162336404
Error: no error

CLICKTASK: full_shelf
Start time: 19.03.2017 15-01-16
End time: 19.03.2017 15-01-25
Image quality minimum value: 0.541666746139526
Image quality mean value: 0.604166700839996
Head movement maximum value: 52.8393792544916
Head movement mean value: 35.5238926185484
Head size ratio maximum value: 0.054972708991669
Head size ratio mean value: 0.0705227233553577
Error: no error

CLICKTASK: 3row_shelf
Start time: 19.03.2017 15-01-31
End time: 19.03.2017 15-01-43
Image quality minimum value: 0.536231875419617
Image quality mean value: 0.610802399662306
Head movement maximum value: 113.547346952714
Head movement mean value: 52.6737028012929
Head size ratio maximum value: 0.0991094513070957
Head size ratio mean value: 0.0535836047980141
Error: 
Sorry, but we have lost your eyes. This is probably due to excessive head movements. Please try to recalibrate again and give your best to keep your head still.
