

***************
Logging from: TestCalibrationMediaDialog testcalibration_main
Time: Fri Mar 03 19:21:48 2017

H(0,0) = 1.62555
H(0,1) = -9.43098
H(0,2) = 3589.83
H(1,0) = 0.388888
H(1,1) = -0.947854
H(1,2) = 35.3047
H(2,0) = 0.0016385
H(2,1) = -0.00506752
H(2,2) = 1
---------------



***************
Logging from: TestCalibrationMediaDialog testcalibration_main
Time: Fri Mar 03 19:23:26 2017

H(0,0) = -4.20752
H(0,1) = 1.6584
H(0,2) = 1763.21
H(1,0) = -1.58893
H(1,1) = 0.737024
H(1,2) = 606.113
H(2,0) = -0.00364652
H(2,1) = 0.00224695
H(2,2) = 1
---------------

