
CALIBRATION: calibration_main
Start time: 03.03.2017 19-20-49
End time: 03.03.2017 19-21-24
Image quality on start: 0.566037714481354
Image quality minimum value: 0.581250011920929
Image quality mean value: 0.590858004878207
Head movement maximum value: 17.2046505340853
Head movement mean value: 8.88271970754426
Head size ratio maximum value: 0.248602665180547
Head size ratio mean value: 0.098204063454852
Calibration reprojection error mean value: 249.65466732449
Calibration reprojection error outliers count: 2
Error: no error

TEST CALIBRATION: testcalibration_main
Start time: 03.03.2017 19-21-31
End time: 03.03.2017 19-21-48
Image quality minimum value: 0.57485032081604
Image quality mean value: 0.587706306942722
Head movement maximum value: 17.0293863659264
Head movement mean value: 13.719395967889
Head size ratio maximum value: 0.177268927535282
Head size ratio mean value: 0.100997523229964
Calibration maximum distance: 1362.57146601564
Calibration corrected maximum distance: 202.410474037289
Calibration without correction was successful: False
Calibration with correction was successful: True
Error: no error

CLICKTASK: shoppersmode
Start time: 03.03.2017 19-21-58
End time: 03.03.2017 19-22-11
Image quality minimum value: 0.52601158618927
Image quality mean value: 0.535023906562902
Head movement maximum value: 16.4012194668567
Head movement mean value: 12.5675142435885
Head size ratio maximum value: 0.368994738481208
Head size ratio mean value: 0.319414172343529
Error: 
Sorry, but we have lost your eyes. This is probably due to excessive head movements. Please try to recalibrate again and give your best to keep your head still.

CALIBRATION: calibration_main
Start time: 03.03.2017 19-22-32
End time: 03.03.2017 19-23-06
Image quality on start: 0.569620251655579
Image quality minimum value: 0.566037714481354
Image quality mean value: 0.588161722770551
Head movement maximum value: 17.8885438199983
Head movement mean value: 10.277056520809
Head size ratio maximum value: 0.19570420760897
Head size ratio mean value: 0.0637403098095609
Calibration reprojection error mean value: 227.514175415039
Calibration reprojection error outliers count: 2
Error: no error

TEST CALIBRATION: testcalibration_main
Start time: 03.03.2017 19-23-10
End time: 03.03.2017 19-23-26
Image quality minimum value: 0.572289168834686
Image quality mean value: 0.589631047212716
Head movement maximum value: 17.8044938147649
Head movement mean value: 12.3410851816485
Head size ratio maximum value: 0.173611111111111
Head size ratio mean value: 0.0727199479679639
Calibration maximum distance: 704.474981812697
Calibration corrected maximum distance: 380.276215401384
Calibration without correction was successful: False
Calibration with correction was successful: False
Error: 
Calibration not accurate enough. 
We need some further fine tuning of the calibration, it doesn't always get right from the first time. Please try again, give your best to keep your head still and focus at the red dot.

CLICKTASK: shoppersmode
Start time: 03.03.2017 19-23-28
End time: 03.03.2017 19-23-59
Image quality minimum value: 1000
Image quality mean value: 0
Head movement maximum value: 0
Head movement mean value: 0
Head size ratio maximum value: 0
Head size ratio mean value: 0
Error: no error

CLICKTASK: shelftask
Start time: 03.03.2017 19-24-09
End time: 03.03.2017 19-24-21
Image quality minimum value: 1000
Image quality mean value: 0
Head movement maximum value: 0
Head movement mean value: 0
Head size ratio maximum value: 0
Head size ratio mean value: 0
Error: no error

VIDEOTASK: 3drot
Start time: 03.03.2017 19-24-29
End time: 03.03.2017 19-24-41
Image quality minimum value: 1000
Image quality mean value: 0
Head movement maximum value: 0
Head movement mean value: 0
Head size ratio maximum value: 0
Head size ratio mean value: 0
Error: no error
