

***************
Logging from: TestCalibrationMediaDialog testcalibration_main
Time: Sun Dec 18 14:49:06 2016

H(0,0) = -0.329636
H(0,1) = -0.846835
H(0,2) = 290.502
H(1,0) = 0.3472
H(1,1) = -2.17568
H(1,2) = 432.898
H(2,0) = 0.000545752
H(2,1) = -0.00473633
H(2,2) = 1
---------------



***************
Logging from: TestCalibrationMediaDialog testcalibration_main
Time: Sun Dec 18 14:51:18 2016

H(0,0) = 0.831046
H(0,1) = -0.519624
H(0,2) = 96.9559
H(1,0) = 0.0450822
H(1,1) = 0.389231
H(1,2) = 64.7885
H(2,0) = 5.28274e-005
H(2,1) = -0.000848346
H(2,2) = 1
---------------

