
CALIBRATION: calibration_main
Start time: 18.12.2016 14-48-09
End time: 18.12.2016 14-48-46
Image quality on start: 0.569444477558136
Image quality minimum value: 0.611111104488373
Image quality mean value: 0.714257399413897
Head movement maximum value: 9.4339811320566
Head movement mean value: 4.73926036670026
Head size ratio maximum value: 0.17183702302415
Head size ratio mean value: 0.143028387028932
Calibration reprojection error mean value: 199.566171434191
Calibration reprojection error outliers count: 2
Error: no error

TEST CALIBRATION: testcalibration_main
Start time: 18.12.2016 14-48-49
End time: 18.12.2016 14-49-12
Image quality minimum value: 0
Image quality mean value: 0.608110037653945
Head movement maximum value: 13.6014705087354
Head movement mean value: 7.67490706837069
Head size ratio maximum value: 0.041091462027514
Head size ratio mean value: 0.109381765287828
Calibration maximum distance: 975.294827218929
Calibration corrected maximum distance: 315.520205375187
Calibration without correction was successful: False
Calibration with correction was successful: False
Error: 
Calibration not accurate enough. 
We need some further fine tuning of the calibration, it doesn't always get right from the first time. Please try again, give your best to keep your head still and focus at the red dot.

CALIBRATION: calibration_main
Start time: 18.12.2016 14-49-37
End time: 18.12.2016 14-49-56
Image quality on start: 0.65972226858139
Image quality minimum value: 0
Image quality mean value: 0.413863126142525
Head movement maximum value: 4.47213595499958
Head movement mean value: 3.44519464649579
Head size ratio maximum value: 0.0885193342803894
Head size ratio mean value: 0.153292274928163
Calibration reprojection error mean value: 999999
Calibration reprojection error outliers count: 999999
Error: 
Your face is not detected properly! Please try to set your position again and repeat calibration.

CALIBRATION: calibration_main
Start time: 18.12.2016 14-50-24
End time: 18.12.2016 14-51-00
Image quality on start: 0.708661437034607
Image quality minimum value: 0.716535449028015
Image quality mean value: 0.767820132406134
Head movement maximum value: 14.2126704035519
Head movement mean value: 6.62550523085835
Head size ratio maximum value: 0.0670196280991735
Head size ratio mean value: 0.0684419076128108
Calibration reprojection error mean value: 57.0875701904297
Calibration reprojection error outliers count: 0
Error: no error

TEST CALIBRATION: testcalibration_main
Start time: 18.12.2016 14-51-02
End time: 18.12.2016 14-51-19
Image quality minimum value: 0.732283473014832
Image quality mean value: 0.771178285280863
Head movement maximum value: 20.8086520466848
Head movement mean value: 9.71760251799984
Head size ratio maximum value: 0.0888429752066116
Head size ratio mean value: 0.146422842340351
Calibration maximum distance: 190.002631560723
Calibration corrected maximum distance: 25.5538646783613
Calibration without correction was successful: True
Calibration with correction was successful: True
Error: no error

VIDEOTASK: 1
Start time: 18.12.2016 14-51-22
End time: 18.12.2016 14-52-49
Image quality minimum value: 0.204724416136742
Image quality mean value: 0.465225066125393
Head movement maximum value: 27.6586333718787
Head movement mean value: 21.5299014518002
Head size ratio maximum value: 0.173611111111111
Head size ratio mean value: 0.117049127640037
Error: no error
