
CALIBRATION: calibration_main
Start time: 25.01.2017 11-54-56
End time: 25.01.2017 11-55-28
Image quality on start: 0.84027773141861
Image quality minimum value: 0.805555522441864
Image quality mean value: 0.848295325869756
Head movement maximum value: 7.61577310586391
Head movement mean value: 3.37752552745854
Head size ratio maximum value: 0.075091847352885
Head size ratio mean value: 0.0509824592640014
Calibration reprojection error mean value: 43.957333723704
Calibration reprojection error outliers count: 0
Error: no error

TEST CALIBRATION: testcalibration_main
Start time: 25.01.2017 11-55-31
End time: 25.01.2017 11-55-46
Image quality minimum value: 0.798611104488373
Image quality mean value: 0.847826097322547
Head movement maximum value: 6.32455532033676
Head movement mean value: 4.46415117257289
Head size ratio maximum value: 0.0655567117585849
Head size ratio mean value: 0.0555152605229842
Calibration maximum distance: 268.633579434887
Calibration corrected maximum distance: 115.412304370028
Calibration without correction was successful: True
Calibration with correction was successful: True
Error: no error

WATCHTASK: 1
Start time: 25.01.2017 11-56-05
End time: 25.01.2017 11-56-35
Image quality minimum value: 0.653543293476105
Image quality mean value: 0.664236524230555
Head movement maximum value: 8.94427190999916
Head movement mean value: 5.96687786345419
Head size ratio maximum value: 0.0900422604005182
Head size ratio mean value: 0.0692892629969458
Error: no error

VIDEOTASK: 2
Start time: 25.01.2017 11-56-38
End time: 25.01.2017 11-56-54
Image quality minimum value: 0.472440958023071
Image quality mean value: 0.66290425051947
Head movement maximum value: 9.8488578017961
Head movement mean value: 7.88170403435766
Head size ratio maximum value: 0.116226719616046
Head size ratio mean value: 0.0929603945118261
Error: no error
