

***************
Logging from: TestCalibrationMediaDialog testcalibration_main
Time: Tue Dec 13 16:04:28 2016

H(0,0) = -1.2384
H(0,1) = 0.380437
H(0,2) = 32.3614
H(1,0) = -0.546868
H(1,1) = -1.87821
H(1,2) = 591.533
H(2,0) = -0.00169773
H(2,1) = -0.00291153
H(2,2) = 1
---------------



***************
Logging from: TestCalibrationMediaDialog cal2
Time: Tue Dec 13 16:06:19 2016

H(0,0) = 0.877134
H(0,1) = -0.666136
H(0,2) = 26.4448
H(1,0) = -0.052499
H(1,1) = 1.43638
H(1,2) = 5.15451
H(2,0) = -0.000177181
H(2,1) = -0.000242447
H(2,2) = 1
---------------

