

***************
Logging from: TestCalibrationMediaDialog testcalibration_main
Time: Sat Mar 04 09:02:33 2017

H(0,0) = -2.85255
H(0,1) = -2.53883
H(0,2) = 2133.25
H(1,0) = -0.750258
H(1,1) = -2.48126
H(1,2) = 1122.02
H(2,0) = -0.00147867
H(2,1) = -0.00244484
H(2,2) = 1
---------------



***************
Logging from: TestCalibrationMediaDialog testcalibration_main_3drot
Time: Sat Mar 04 09:05:16 2017

H(0,0) = 1.22229
H(0,1) = 1.18037
H(0,2) = -538.038
H(1,0) = -0.129988
H(1,1) = 2.02424
H(1,2) = -108.487
H(2,0) = -0.000185507
H(2,1) = 0.000696929
H(2,2) = 1
---------------

