

***************
Logging from: TestCalibrationMediaDialog testcalibration_main
Time: Fri Jan 27 19:21:39 2017

H(0,0) = 0.611864
H(0,1) = -0.619519
H(0,2) = 148.764
H(1,0) = -0.0646587
H(1,1) = 1.03074
H(1,2) = 62.3775
H(2,0) = -0.000311
H(2,1) = -0.000683734
H(2,2) = 1
---------------



***************
Logging from: TestCalibrationMediaDialog testcalibration_main
Time: Fri Jan 27 19:24:10 2017

H(0,0) = 0.305316
H(0,1) = -0.273178
H(0,2) = 40.7115
H(1,0) = -0.419491
H(1,1) = 1.1682
H(1,2) = 74.6925
H(2,0) = -0.000477871
H(2,1) = -0.000666649
H(2,2) = 1
---------------

