

***************
Logging from: TestCalibrationMediaDialog testcalibration_main
Time: Tue Mar 07 00:40:56 2017

H(0,0) = 1.10721
H(0,1) = -0.642274
H(0,2) = 189.978
H(1,0) = 0.244028
H(1,1) = 0.74712
H(1,2) = 124.797
H(2,0) = 0.000230852
H(2,1) = -0.000833541
H(2,2) = 1
---------------



***************
Logging from: TestCalibrationMediaDialog testcalibration_main_shelftask
Time: Tue Mar 07 00:42:58 2017

H(0,0) = -183.977
H(0,1) = 931.288
H(0,2) = 10185.3
H(1,0) = -93.8696
H(1,1) = 373.092
H(1,2) = 14894.8
H(2,0) = -0.201978
H(2,1) = 1.19766
H(2,2) = 1
---------------

