
CALIBRATION: calibration_main
Start time: 17.03.2017 16-04-59
End time: 17.03.2017 16-05-31
Image quality on start: 0.722222328186035
Image quality minimum value: 0.701388895511627
Image quality mean value: 0.74238405472193
Head movement maximum value: 9.21954445729289
Head movement mean value: 3.66147121264472
Head size ratio maximum value: 0.0835855675586682
Head size ratio mean value: 0.054263844118129
Calibration reprojection error mean value: 95.7922045389811
Calibration reprojection error outliers count: 0
Error: no error

TEST CALIBRATION: testcalibration_main
Start time: 17.03.2017 16-05-41
End time: 17.03.2017 16-05-56
Image quality minimum value: 0.701388895511627
Image quality mean value: 0.726989229874952
Head movement maximum value: 10.4403065089106
Head movement mean value: 8.43313673054539
Head size ratio maximum value: 0.0630311166271957
Head size ratio mean value: 0.0520583624465604
Calibration maximum distance: 273.265438722133
Calibration corrected maximum distance: 88.0511215147201
Calibration without correction was successful: True
Calibration with correction was successful: True
Error: no error

CLICKTASK: filler
Start time: 17.03.2017 16-06-10
End time: 17.03.2017 16-06-19
Image quality minimum value: 0.677165329456329
Image quality mean value: 0.691916013558706
Head movement maximum value: 14.142135623731
Head movement mean value: 12.0787551039685
Head size ratio maximum value: 0.056128975063639
Head size ratio mean value: 0.0814209546484973
Error: no error

CLICKTASK: full_shelf
Start time: 17.03.2017 16-06-27
End time: 17.03.2017 16-06-35
Image quality minimum value: 0.685039341449738
Image quality mean value: 0.69025463175464
Head movement maximum value: 14.560219778561
Head movement mean value: 12.9707226225532
Head size ratio maximum value: 0.056128975063639
Head size ratio mean value: 0.0741853984467428
Error: no error

CLICKTASK: 3row_shelf
Start time: 17.03.2017 16-06-42
End time: 17.03.2017 16-06-47
Image quality minimum value: 0.661417305469513
Image quality mean value: 0.676360034807162
Head movement maximum value: 15.2970585407784
Head movement mean value: 13.824570679772
Head size ratio maximum value: 0.056128975063639
Head size ratio mean value: 0.0847731503814886
Error: no error

CLICKTASK: pack
Start time: 17.03.2017 16-06-57
End time: 17.03.2017 16-07-04
Image quality minimum value: 0.661417305469513
Image quality mean value: 0.668598008230797
Head movement maximum value: 15.2970585407784
Head movement mean value: 13.6685404055273
Head size ratio maximum value: 0.0630311166271957
Head size ratio mean value: 0.0574943493719015
Error: no error
