
CALIBRATION: calibration_main
Start time: 16.03.2017 11-23-14
End time: 16.03.2017 11-23-46
Image quality on start: 0.527559041976929
Image quality minimum value: 0.409722298383713
Image quality mean value: 0.509167246422913
Head movement maximum value: 12.0415945787923
Head movement mean value: 5.88247310806037
Head size ratio maximum value: 0.106336783118454
Head size ratio mean value: 0.0630282238441286
Calibration reprojection error mean value: 37.9385329352485
Calibration reprojection error outliers count: 0
Error: no error

TEST CALIBRATION: testcalibration_main
Start time: 16.03.2017 11-23-50
End time: 16.03.2017 11-24-06
Image quality minimum value: 0.409722298383713
Image quality mean value: 0.507328036404748
Head movement maximum value: 9.8488578017961
Head movement mean value: 5.61088235168331
Head size ratio maximum value: 0.0570403531807984
Head size ratio mean value: 0.0922756419641262
Calibration maximum distance: 123.842642090679
Calibration corrected maximum distance: 43.6004587131833
Calibration without correction was successful: True
Calibration with correction was successful: True
Error: no error

CLICKTASK: filler
Start time: 16.03.2017 11-24-12
End time: 16.03.2017 11-24-26
Image quality minimum value: 0.464566916227341
Image quality mean value: 0.475237333607451
Head movement maximum value: 3.16227766016838
Head movement mean value: 1.99324497990665
Head size ratio maximum value: 0.081853992411162
Head size ratio mean value: 0.12019067851679
Error: no error

CLICKTASK: full_shelf
Start time: 16.03.2017 11-24-38
End time: 16.03.2017 11-24-49
Image quality minimum value: 0.479166686534882
Image quality mean value: 0.501188552314109
Head movement maximum value: 6.40312423743285
Head movement mean value: 4.13006468588374
Head size ratio maximum value: 0.0694885288613641
Head size ratio mean value: 0.0472937283867691
Error: no error

CLICKTASK: 3row_shelf
Start time: 16.03.2017 11-24-52
End time: 16.03.2017 11-25-03
Image quality minimum value: 0.448818892240524
Image quality mean value: 0.468577870252458
Head movement maximum value: 5.3851648071345
Head movement mean value: 3.74251944992445
Head size ratio maximum value: 0.075681599652609
Head size ratio mean value: 0.0497576910532731
Error: no error

CLICKTASK: pack
Start time: 16.03.2017 11-25-05
End time: 16.03.2017 11-25-12
Image quality minimum value: 0.488188982009888
Image quality mean value: 0.49513663965113
Head movement maximum value: 4.12310562561766
Head movement mean value: 1.9235512537503
Head size ratio maximum value: 0.075681599652609
Head size ratio mean value: 0.0910911939759618
Error: no error
