

***************
Logging from: TestCalibrationMediaDialog testcalibration_main
Time: Thu Jan 22 15:27:23 2015

H(0,0) = 0.520247
H(0,1) = -0.394574
H(0,2) = 317.53
H(1,0) = -0.00159478
H(1,1) = 0.567173
H(1,2) = -87.0142
H(2,0) = -4.19771e-005
H(2,1) = -0.000568631
H(2,2) = 1
---------------



***************
Logging from: VideoMediaDialog v - start
Time: Thu Jan 22 15:27:26 2015

H(0,0) = 0.520247
H(0,1) = -0.394574
H(0,2) = 317.53
H(1,0) = -0.00159478
H(1,1) = 0.567173
H(1,2) = -87.0142
H(2,0) = -4.19771e-005
H(2,1) = -0.000568631
H(2,2) = 1
---------------



***************
Logging from: VideoMediaDialog v - stop
Time: Thu Jan 22 15:29:07 2015

H(0,0) = 0.520247
H(0,1) = -0.394574
H(0,2) = 317.53
H(1,0) = -0.00159478
H(1,1) = 0.567173
H(1,2) = -87.0142
H(2,0) = -4.19771e-005
H(2,1) = -0.000568631
H(2,2) = 1
---------------

