
CALIBRATION: calibration_main
Start time: 22.01.2015 15-26-33
End time: 22.01.2015 15-27-06
Image quality on start: 0.597222208976746
Image quality minimum value: 0.562499940395355
Image quality mean value: 0.677320915229112
Head movement maximum value: 25.0199920063936
Head movement mean value: 20.9649456869263
Head size ratio maximum value: 0.162715195010466
Head size ratio mean value: 0.138321000926123
Calibration reprojection error mean value: 121.603194554647
Calibration reprojection error outliers count: 0
Error: no error

TEST CALIBRATION: testcalibration_main
Start time: 22.01.2015 15-27-07
End time: 22.01.2015 15-27-23
Image quality minimum value: 0.611111104488373
Image quality mean value: 0.683591764548729
Head movement maximum value: 36.0693775937429
Head movement mean value: 29.2215702969434
Head size ratio maximum value: 0.132545174932718
Head size ratio mean value: 0.153089513169854
Calibration maximum distance: 281.538629676284
Calibration corrected maximum distance: 125.195846576474
Calibration without correction was successful: True
Calibration with correction was successful: True
Error: no error

VIDEOTASK: v
Start time: 22.01.2015 15-27-26
End time: 22.01.2015 15-29-07
Image quality minimum value: 0.37007874250412
Image quality mean value: 0.534852887783573
Head movement maximum value: 59.5482997238376
Head movement mean value: 48.5386507531802
Head size ratio maximum value: 0.227209620231535
Head size ratio mean value: 0.121176277812654
Error: no error
