

***************
Logging from: TestCalibrationMediaDialog testcalibration_main
Time: Wed Mar 15 20:52:42 2017

H(0,0) = -0.189335
H(0,1) = -1.2126
H(0,2) = 1158.88
H(1,0) = -0.164091
H(1,1) = -0.0984248
H(1,2) = 176.152
H(2,0) = -0.000319679
H(2,1) = -0.000948394
H(2,2) = 1
---------------



***************
Logging from: TestCalibrationMediaDialog testcalibration_main
Time: Wed Mar 15 20:55:15 2017

H(0,0) = -0.273401
H(0,1) = -0.974958
H(0,2) = 699.191
H(1,0) = -0.290623
H(1,1) = -0.925683
H(1,2) = 682.644
H(2,0) = -0.000419808
H(2,1) = -0.00133545
H(2,2) = 1
---------------

