
CALIBRATION: calibration_main
Start time: 15.03.2017 20-51-49
End time: 15.03.2017 20-52-21
Image quality on start: 0.622047245502472
Image quality minimum value: 0.472440958023071
Image quality mean value: 0.515255899383472
Head movement maximum value: 29.2745623366089
Head movement mean value: 13.6086366520313
Head size ratio maximum value: 0.0602009877767395
Head size ratio mean value: 0.0676207730885843
Calibration reprojection error mean value: 338.420190175374
Calibration reprojection error outliers count: 4
Error: no error

TEST CALIBRATION: testcalibration_main
Start time: 15.03.2017 20-52-26
End time: 15.03.2017 20-52-51
Image quality minimum value: 0.511811017990112
Image quality mean value: 0.537768567517652
Head movement maximum value: 21.540659228538
Head movement mean value: 18.5515503800835
Head size ratio maximum value: 0.0431913960450793
Head size ratio mean value: 0.0840085338842456
Calibration maximum distance: 878.710418738733
Calibration corrected maximum distance: 628.452066589012
Calibration without correction was successful: False
Calibration with correction was successful: False
Error: 
Calibration not accurate enough. 
We need some further fine tuning of the calibration, it doesn't always get right from the first time. Please try again, give your best to keep your head still and focus at the red dot.

CALIBRATION: calibration_main
Start time: 15.03.2017 20-54-26
End time: 15.03.2017 20-54-57
Image quality on start: 0.582677185535431
Image quality minimum value: 0.543307065963745
Image quality mean value: 0.551595499926207
Head movement maximum value: 4.12310562561766
Head movement mean value: 2.19123689967661
Head size ratio maximum value: 0.0468321330589849
Head size ratio mean value: 0.0572349551394385
Calibration reprojection error mean value: 180.0241194831
Calibration reprojection error outliers count: 1
Error: no error

TEST CALIBRATION: testcalibration_main
Start time: 15.03.2017 20-54-59
End time: 15.03.2017 20-55-15
Image quality minimum value: 0.535433053970337
Image quality mean value: 0.549779773263608
Head movement maximum value: 4.24264068711928
Head movement mean value: 1.84625800457494
Head size ratio maximum value: 0.0373799725651578
Head size ratio mean value: 0.0842513397735465
Calibration maximum distance: 607.454525046937
Calibration corrected maximum distance: 438.675278537553
Calibration without correction was successful: False
Calibration with correction was successful: False
Error: 
Calibration not accurate enough. 
We need some further fine tuning of the calibration, it doesn't always get right from the first time. Please try again, give your best to keep your head still and focus at the red dot.

CLICKTASK: filler
Start time: 15.03.2017 20-55-18
End time: 15.03.2017 20-55-22
Image quality minimum value: 1000
Image quality mean value: 0
Head movement maximum value: 0
Head movement mean value: 0
Head size ratio maximum value: 0
Head size ratio mean value: 0
Error: no error

CLICKTASK: full_shelf
Start time: 15.03.2017 20-55-28
End time: 15.03.2017 20-55-34
Image quality minimum value: 1000
Image quality mean value: 0
Head movement maximum value: 0
Head movement mean value: 0
Head size ratio maximum value: 0
Head size ratio mean value: 0
Error: no error

CLICKTASK: 3row_shelf
Start time: 15.03.2017 20-55-38
End time: 15.03.2017 20-55-47
Image quality minimum value: 1000
Image quality mean value: 0
Head movement maximum value: 0
Head movement mean value: 0
Head size ratio maximum value: 0
Head size ratio mean value: 0
Error: no error

CLICKTASK: pack
Start time: 15.03.2017 20-55-51
End time: 15.03.2017 20-55-59
Image quality minimum value: 1000
Image quality mean value: 0
Head movement maximum value: 0
Head movement mean value: 0
Head size ratio maximum value: 0
Head size ratio mean value: 0
Error: no error
