

***************
Logging from: TestCalibrationMediaDialog testcalibration_main
Time: Thu Mar 16 02:50:01 2017

H(0,0) = 1.04639
H(0,1) = -0.459177
H(0,2) = 179.994
H(1,0) = 0.0916028
H(1,1) = 0.966131
H(1,2) = 2.43581
H(2,0) = 0.000118425
H(2,1) = -0.000412226
H(2,2) = 1
---------------



***************
Logging from: TestCalibrationMediaDialog testcalibration_main_full_shelf
Time: Thu Mar 16 02:53:26 2017

H(0,0) = -0.112205
H(0,1) = -2.41836
H(0,2) = 965.657
H(1,0) = -0.319764
H(1,1) = -1.05632
H(1,2) = 688.666
H(2,0) = -0.000292992
H(2,1) = -0.00176647
H(2,2) = 1
---------------

