
CALIBRATION: calibration_main
Start time: 19.03.2017 00-51-54
End time: 19.03.2017 00-52-29
Image quality on start: 0.692913413047791
Image quality minimum value: 0.748031497001648
Image quality mean value: 0.763106528510395
Head movement maximum value: 12.1655250605964
Head movement mean value: 5.67234388311065
Head size ratio maximum value: 0.0459710743801653
Head size ratio mean value: 0.0434509429963972
Calibration reprojection error mean value: 47.2526959313287
Calibration reprojection error outliers count: 0
Error: no error

TEST CALIBRATION: testcalibration_main
Start time: 19.03.2017 00-52-35
End time: 19.03.2017 00-52-52
Image quality minimum value: 0.732283473014832
Image quality mean value: 0.767363509178162
Head movement maximum value: 20.5182845286832
Head movement mean value: 15.9115381851442
Head size ratio maximum value: 0.0801446280991736
Head size ratio mean value: 0.118104462809917
Calibration maximum distance: 446.542271235322
Calibration corrected maximum distance: 264.756491893967
Calibration without correction was successful: False
Calibration with correction was successful: True
Error: no error

CLICKTASK: filler
Start time: 19.03.2017 00-53-01
End time: 19.03.2017 00-53-11
Image quality minimum value: 0.448818892240524
Image quality mean value: 0.478657273869765
Head movement maximum value: 24.1867732448956
Head movement mean value: 20.8075241449523
Head size ratio maximum value: 0.106115702479339
Head size ratio mean value: 0.171568616789909
Error: no error

CLICKTASK: full_shelf
Start time: 19.03.2017 00-53-22
End time: 19.03.2017 00-53-47
Image quality minimum value: 0.480314970016479
Image quality mean value: 0.613774553632937
Head movement maximum value: 31.3049516849971
Head movement mean value: 27.3381570712412
Head size ratio maximum value: 0.140165289256198
Head size ratio mean value: 0.0951324231962899
Error: no error

CLICKTASK: 3row_shelf
Start time: 19.03.2017 00-53-56
End time: 19.03.2017 00-54-18
Image quality minimum value: 0.37007874250412
Image quality mean value: 0.41137077933134
Head movement maximum value: 37.0540146272978
Head movement mean value: 32.6149442681901
Head size ratio maximum value: 0.148574380165289
Head size ratio mean value: 0.143896790313281
Error: no error

CLICKTASK: pack
Start time: 19.03.2017 00-54-33
End time: 19.03.2017 00-54-43
Image quality minimum value: 0.653543293476105
Image quality mean value: 0.663523147272509
Head movement maximum value: 40.3112887414927
Head movement mean value: 38.610233373374
Head size ratio maximum value: 0.114690082644628
Head size ratio mean value: 0.0960109552181435
Error: no error
