

***************
Logging from: TestCalibrationMediaDialog testcalibration_main
Time: Sat Dec 10 18:38:42 2016

H(0,0) = 0.09446
H(0,1) = -0.771939
H(0,2) = 414.328
H(1,0) = -0.02211
H(1,1) = -1.06089
H(1,2) = 626.487
H(2,0) = -2.13495e-006
H(2,1) = -0.00169365
H(2,2) = 1
---------------



***************
Logging from: TestCalibrationMediaDialog cal2
Time: Sat Dec 10 18:39:32 2016

H(0,0) = 0.657832
H(0,1) = 0.467385
H(0,2) = 33.7166
H(1,0) = -1.1146
H(1,1) = 4.68322
H(1,2) = -1115
H(2,0) = -0.000259794
H(2,1) = -1.63476e-005
H(2,2) = 1
---------------

