

***************
Logging from: TestCalibrationMediaDialog testcalibration_main
Time: Mon Mar 06 09:30:47 2017

H(0,0) = 2.19177
H(0,1) = -3.92948
H(0,2) = 593.352
H(1,0) = 0.241757
H(1,1) = -0.122335
H(1,2) = 60.9536
H(2,0) = 0.00139301
H(2,1) = -0.00375423
H(2,2) = 1
---------------



***************
Logging from: TestCalibrationMediaDialog testcalibration_main_shelftask
Time: Mon Mar 06 09:34:17 2017

H(0,0) = -3.08407
H(0,1) = -31.3805
H(0,2) = 8607.86
H(1,0) = 6.34529
H(1,1) = -23.4667
H(1,2) = 502.115
H(2,0) = 0.00358365
H(2,1) = -0.0268625
H(2,2) = 1
---------------

