13.12.2016 04:16:05 
Bad Face Size!
Your face in the camera image is too big or too small. Please set your position again and repeat calibration.
13.12.2016 04:17:00 
Sorry, but we have lost your eyes. This is probably due to excessive head movements. Please try to recalibrate again and give your best to keep your head still.
13.12.2016 04:18:23 
Your face is not detected properly! Please try to set your position again and repeat calibration.
13.12.2016 04:18:39 
Your face is not detected properly! Please try to set your position again and repeat calibration.
13.12.2016 04:21:16 
Your face is not detected properly! Please try to set your position again and repeat calibration.
13.12.2016 04:21:47 
Initialization Error!
Please contact us on support@eyesee.be and inform us about this error.
13.12.2016 04:22:35 
Your face is not detected properly! Please try to set your position again and repeat calibration.
13.12.2016 04:24:23 WebCam Check Dialog bad settings: FACE ILLUMINATION, webcam shot path: 
13.12.2016 04:24:23 WebCam Check Dialog bad settings: BACKLIGHT 
13.12.2016 04:24:23 WebCam Check Dialog bad settings: CAMERA NOISE 
13.12.2016 04:24:23 WebCam Check Dialog bad settings: FACE SIZE AND POSITION 
13.12.2016 04:24:34 
Your face is not detected properly! Please try to set your position again and repeat calibration.
13.12.2016 04:26:15 
Calibration not accurate enough. 
We need some further fine tuning of the calibration, it doesn't always get right from the first time. Please try again, give your best to keep your head still and focus at the red dot.
