
CALIBRATION: calibration_main
Start time: 13.12.2016 04-15-52
End time: 13.12.2016 04-16-05
Image quality on start: 0.448818892240524
Image quality minimum value: 1000
Image quality mean value: 0
Head movement maximum value: 0
Head movement mean value: 0
Head size ratio maximum value: 0
Head size ratio mean value: 0
Calibration reprojection error mean value: 999999
Calibration reprojection error outliers count: 999999
Error: 
Bad Face Size!
Your face in the camera image is too big or too small. Please set your position again and repeat calibration.

CALIBRATION: calibration_main
Start time: 13.12.2016 04-16-21
End time: 13.12.2016 04-17-00
Image quality on start: 0.448818892240524
Image quality minimum value: 0
Image quality mean value: 0.435137792304158
Head movement maximum value: 407.191601092164
Head movement mean value: 14.1807054815145
Head size ratio maximum value: 0.0819008515375385
Head size ratio mean value: 0.160821683123943
Calibration reprojection error mean value: 999999
Calibration reprojection error outliers count: 999999
Error: 
Sorry, but we have lost your eyes. This is probably due to excessive head movements. Please try to recalibrate again and give your best to keep your head still.

CALIBRATION: calibration_main
Start time: 13.12.2016 04-17-31
End time: 13.12.2016 04-18-12
Image quality on start: 0.763779520988464
Image quality minimum value: 0.622047245502472
Image quality mean value: 0.709065222842062
Head movement maximum value: 12.1655250605964
Head movement mean value: 6.98248454905807
Head size ratio maximum value: 0.0567839999999999
Head size ratio mean value: 0.0952399316239317
Calibration reprojection error mean value: 290.80657365587
Calibration reprojection error outliers count: 4
Error: no error

TEST CALIBRATION: testcalibration_main
Start time: 13.12.2016 04-18-15
End time: 13.12.2016 04-18-23
Image quality minimum value: 0
Image quality mean value: 0.0176633322561109
Head movement maximum value: 0
Head movement mean value: 0
Head size ratio maximum value: 0
Head size ratio mean value: 1
Calibration maximum distance: 541.687179098786
Calibration corrected maximum distance: 0
Calibration without correction was successful: False
Calibration with correction was successful: False
Error: 
Your face is not detected properly! Please try to set your position again and repeat calibration.

CLICKTASK: t1
Start time: 13.12.2016 04-18-33
End time: 13.12.2016 04-18-39
Image quality minimum value: 0
Image quality mean value: 0.0250896061620405
Head movement maximum value: 0
Head movement mean value: 0
Head size ratio maximum value: 0
Head size ratio mean value: 1
Error: 
Your face is not detected properly! Please try to set your position again and repeat calibration.

CALIBRATION: calibration_main
Start time: 13.12.2016 04-18-51
End time: 13.12.2016 04-19-33
Image quality on start: 0.527559041976929
Image quality minimum value: 0.496062994003296
Image quality mean value: 0.518969210711392
Head movement maximum value: 11.1803398874989
Head movement mean value: 4.88792093147677
Head size ratio maximum value: 0.173611111111111
Head size ratio mean value: 0.136701176053028
Calibration reprojection error mean value: 209.452088250054
Calibration reprojection error outliers count: 2
Error: no error

TEST CALIBRATION: testcalibration_main
Start time: 13.12.2016 04-19-39
End time: 13.12.2016 04-19-55
Image quality minimum value: 1000
Image quality mean value: 0
Head movement maximum value: 0
Head movement mean value: 0
Head size ratio maximum value: 0
Head size ratio mean value: 0
Calibration maximum distance: 0
Calibration corrected maximum distance: 0
Calibration without correction was successful: False
Calibration with correction was successful: False
Error: no error

CLICKTASK: t1
Start time: 13.12.2016 04-20-00
End time: 13.12.2016 04-20-20
Image quality minimum value: 1000
Image quality mean value: 0
Head movement maximum value: 0
Head movement mean value: 0
Head size ratio maximum value: 0
Head size ratio mean value: 0
Error: no error

SURVEYTASK: Survey
Start time: 13.12.2016 04-20-24
End time: 13.12.2016 04-21-04
Error: no error

TEST CALIBRATION: cal2
Start time: 13.12.2016 04-21-09
End time: 13.12.2016 04-21-16
Image quality minimum value: 0
Image quality mean value: 0.0167640332252749
Head movement maximum value: 0
Head movement mean value: 0
Head size ratio maximum value: 0
Head size ratio mean value: 1
Calibration maximum distance: 892.695916872033
Calibration corrected maximum distance: 0
Calibration without correction was successful: False
Calibration with correction was successful: False
Error: 
Your face is not detected properly! Please try to set your position again and repeat calibration.

CALIBRATION: calibration_main_t2
Start time: 13.12.2016 04-21-34
End time: 13.12.2016 04-21-47
Image quality on start: 0.62992125749588
Image quality minimum value: 1000
Image quality mean value: 0
Head movement maximum value: 0
Head movement mean value: 0
Head size ratio maximum value: 0
Head size ratio mean value: 0
Calibration reprojection error mean value: 999999
Calibration reprojection error outliers count: 999999
Error: 
Initialization Error!
Please contact us on support@eyesee.be and inform us about this error.

CALIBRATION: calibration_main_t2
Start time: 13.12.2016 04-22-09
End time: 13.12.2016 04-22-35
Image quality on start: 0.637795269489288
Image quality minimum value: 0
Image quality mean value: 0
Head movement maximum value: 0
Head movement mean value: 0
Head size ratio maximum value: 0
Head size ratio mean value: 1
Calibration reprojection error mean value: 999999
Calibration reprojection error outliers count: 999999
Error: 
Your face is not detected properly! Please try to set your position again and repeat calibration.

CALIBRATION: calibration_main_t2
Start time: 13.12.2016 04-24-25
End time: 13.12.2016 04-24-34
Image quality on start: 0
Image quality minimum value: 1000
Image quality mean value: 0
Head movement maximum value: 0
Head movement mean value: 0
Head size ratio maximum value: 0
Head size ratio mean value: 0
Calibration reprojection error mean value: 999999
Calibration reprojection error outliers count: 999999
Error: 
Your face is not detected properly! Please try to set your position again and repeat calibration.

CALIBRATION: calibration_main_t2
Start time: 13.12.2016 04-25-15
End time: 13.12.2016 04-25-56
Image quality on start: 0.818897664546967
Image quality minimum value: 0
Image quality mean value: 0.699199368472861
Head movement maximum value: 20.0997512422418
Head movement mean value: 15.1277670645862
Head size ratio maximum value: 0.161655005430042
Head size ratio mean value: 0.172026018119687
Calibration reprojection error mean value: 357.141270955404
Calibration reprojection error outliers count: 5
Error: no error

TEST CALIBRATION: testcalibration_main_t2
Start time: 13.12.2016 04-25-58
End time: 13.12.2016 04-26-15
Image quality minimum value: 0
Image quality mean value: 0.668941371970706
Head movement maximum value: 11.7046999107196
Head movement mean value: 8.68728632055645
Head size ratio maximum value: 0.0663711299827306
Head size ratio mean value: 0.216392592988224
Calibration maximum distance: 828.788272117795
Calibration corrected maximum distance: 656.869088936296
Calibration without correction was successful: False
Calibration with correction was successful: False
Error: 
Calibration not accurate enough. 
We need some further fine tuning of the calibration, it doesn't always get right from the first time. Please try again, give your best to keep your head still and focus at the red dot.

CLICKTASK: t2
Start time: 13.12.2016 04-26-22
End time: 13.12.2016 04-26-47
Image quality minimum value: 1000
Image quality mean value: 0
Head movement maximum value: 0
Head movement mean value: 0
Head size ratio maximum value: 0
Head size ratio mean value: 0
Error: no error

CLICKTASK: t3
Start time: 13.12.2016 04-26-56
End time: 13.12.2016 04-27-17
Image quality minimum value: 1000
Image quality mean value: 0
Head movement maximum value: 0
Head movement mean value: 0
Head size ratio maximum value: 0
Head size ratio mean value: 0
Error: no error

CLICKTASK: t4
Start time: 13.12.2016 04-27-20
End time: 13.12.2016 04-27-38
Image quality minimum value: 1000
Image quality mean value: 0
Head movement maximum value: 0
Head movement mean value: 0
Head size ratio maximum value: 0
Head size ratio mean value: 0
Error: no error
