
CALIBRATION: calibration_main
Start time: 08.12.2016 13-28-28
End time: 08.12.2016 13-29-02
Image quality on start: 0.598425209522247
Image quality minimum value: 0.456692904233933
Image quality mean value: 0.50773825338615
Head movement maximum value: 17.1172427686237
Head movement mean value: 12.5373260216245
Head size ratio maximum value: 0.0906727910413218
Head size ratio mean value: 0.0615523244550425
Calibration reprojection error mean value: 167.825341966417
Calibration reprojection error outliers count: 1
Error: no error

TEST CALIBRATION: testcalibration_main
Start time: 08.12.2016 13-29-05
End time: 08.12.2016 13-29-22
Image quality minimum value: 0.472440958023071
Image quality mean value: 0.492515790580523
Head movement maximum value: 18.9736659610103
Head movement mean value: 14.7495282973414
Head size ratio maximum value: 0.0987021310687389
Head size ratio mean value: 0.0799348641802173
Calibration maximum distance: 485.091743900059
Calibration corrected maximum distance: 143.589693223434
Calibration without correction was successful: False
Calibration with correction was successful: True
Error: no error

CLICKTASK: c1
Start time: 08.12.2016 13-29-32
End time: 08.12.2016 13-29-43
Image quality minimum value: 0.480314970016479
Image quality mean value: 0.539624976597244
Head movement maximum value: 20.3960780543711
Head movement mean value: 17.0214965740262
Head size ratio maximum value: 0.138314728764977
Head size ratio mean value: 0.115225877301684
Error: no error

CLICKTASK: c2
Start time: 08.12.2016 13-29-51
End time: 08.12.2016 13-30-00
Image quality minimum value: 0.393700778484344
Image quality mean value: 0.53457287780377
Head movement maximum value: 25
Head movement mean value: 17.6889221378302
Head size ratio maximum value: 0.122576510174652
Head size ratio mean value: 0.126462741268061
Error: no error

CLICKTASK: c3
Start time: 08.12.2016 13-30-06
End time: 08.12.2016 13-30-23
Image quality minimum value: 0.503937005996704
Image quality mean value: 0.530511798015956
Head movement maximum value: 21.4709105535839
Head movement mean value: 19.649875671737
Head size ratio maximum value: 0.106695864266766
Head size ratio mean value: 0.05727373855133
Error: no error

CLICKTASK: c4
Start time: 08.12.2016 13-30-31
End time: 08.12.2016 13-30-52
Image quality minimum value: 0.464566916227341
Image quality mean value: 0.529008362138713
Head movement maximum value: 23.7697286480094
Head movement mean value: 20.7436070888388
Head size ratio maximum value: 0.0906727910413218
Head size ratio mean value: 0.0801772165086449
Error: no error
