
CALIBRATION: calibration_main
Start time: 08.12.2016 21-10-27
End time: 08.12.2016 21-10-40
Image quality on start: 0.606299221515656
Image quality minimum value: 0.23611107468605
Image quality mean value: 0.345477928221226
Head movement maximum value: 32.2800247831379
Head movement mean value: 1.6140012391569
Head size ratio maximum value: 0.576629543784273
Head size ratio mean value: 0.978831477189214
Calibration reprojection error mean value: 999999
Calibration reprojection error outliers count: 999999
Error: 
Sorry, but we have lost your eyes. This is probably due to excessive head movements. Please try to recalibrate again and give your best to keep your head still.

CALIBRATION: calibration_main
Start time: 08.12.2016 21-10-58
End time: 08.12.2016 21-11-32
Image quality on start: 0.534722208976746
Image quality minimum value: 0
Image quality mean value: 0.486996380638737
Head movement maximum value: 21.4009345590327
Head movement mean value: 10.1870747449485
Head size ratio maximum value: 0.294635519395135
Head size ratio mean value: 0.127881655246766
Calibration reprojection error mean value: 308.462647332086
Calibration reprojection error outliers count: 4
Error: no error

TEST CALIBRATION: testcalibration_main
Start time: 08.12.2016 21-11-35
End time: 08.12.2016 21-11-52
Image quality minimum value: 0
Image quality mean value: 0.292561100130635
Head movement maximum value: 13.3416640641263
Head movement mean value: 8.00767028128507
Head size ratio maximum value: 0.105193951347798
Head size ratio mean value: 0.146620306776556
Calibration maximum distance: 879.81134341403
Calibration corrected maximum distance: 227.200352112403
Calibration without correction was successful: False
Calibration with correction was successful: True
Error: no error

CLICKTASK: c1
Start time: 08.12.2016 21-11-54
End time: 08.12.2016 21-12-05
Image quality minimum value: 0
Image quality mean value: 0.32021529144711
Head movement maximum value: 18.1107702762748
Head movement mean value: 7.58661519708115
Head size ratio maximum value: 0.177257971729126
Head size ratio mean value: 0.317200112773029
Error: no error

CLICKTASK: c2
Start time: 08.12.2016 21-12-10
End time: 08.12.2016 21-12-26
Image quality minimum value: 0.393700778484344
Image quality mean value: 0.426556511567189
Head movement maximum value: 20.0249843945008
Head movement mean value: 14.9582943287
Head size ratio maximum value: 0.159722222222222
Head size ratio mean value: 0.139781243678248
Error: no error

CLICKTASK: c3
Start time: 08.12.2016 21-12-30
End time: 08.12.2016 21-12-36
Image quality minimum value: 0.388888895511627
Image quality mean value: 0.490934614882325
Head movement maximum value: 17.7200451466693
Head movement mean value: 14.4967778779468
Head size ratio maximum value: 0.0877301117685733
Head size ratio mean value: 0.125904321817783
Error: no error

CLICKTASK: c4
Start time: 08.12.2016 21-12-39
End time: 08.12.2016 21-12-49
Image quality minimum value: 0
Image quality mean value: 0.46425594886144
Head movement maximum value: 15.1327459504216
Head movement mean value: 10.532085062364
Head size ratio maximum value: 0.0999342537804077
Head size ratio mean value: 0.243916120493644
Error: no error
