
CALIBRATION: calibration_main
Start time: 18.03.2017 19-20-23
End time: 18.03.2017 19-20-55
Image quality on start: 0.614173233509064
Image quality minimum value: 0.582677185535431
Image quality mean value: 0.593028188513978
Head movement maximum value: 4.47213595499958
Head movement mean value: 1.95850240278481
Head size ratio maximum value: 0.065082762376363
Head size ratio mean value: 0.0476250844932965
Calibration reprojection error mean value: 114.78531689114
Calibration reprojection error outliers count: 0
Error: no error

TEST CALIBRATION: testcalibration_main
Start time: 18.03.2017 19-20-57
End time: 18.03.2017 19-21-13
Image quality minimum value: 0.582677185535431
Image quality mean value: 0.589983360125468
Head movement maximum value: 5
Head movement mean value: 2.31909862061688
Head size ratio maximum value: 0.0492015045402161
Head size ratio mean value: 0.0585828398245287
Calibration maximum distance: 253.339692902632
Calibration corrected maximum distance: 109.881754627418
Calibration without correction was successful: True
Calibration with correction was successful: True
Error: no error

CLICKTASK: filler
Start time: 18.03.2017 19-21-15
End time: 18.03.2017 19-21-21
Image quality minimum value: 0.590551197528839
Image quality mean value: 0.701532181994668
Head movement maximum value: 5.09901951359278
Head movement mean value: 3.43029496360847
Head size ratio maximum value: 0.0431605476121124
Head size ratio mean value: 0.152713539508155
Error: no error

CLICKTASK: full_shelf
Start time: 18.03.2017 19-21-25
End time: 18.03.2017 19-21-30
Image quality minimum value: 0.511811017990112
Image quality mean value: 0.571053621314821
Head movement maximum value: 5.3851648071345
Head movement mean value: 3.72873227220685
Head size ratio maximum value: 0.0352705766137713
Head size ratio mean value: 0.0118774729658584
Error: no error

CLICKTASK: 3row_shelf
Start time: 18.03.2017 19-21-33
End time: 18.03.2017 19-21-40
Image quality minimum value: 0.496062994003296
Image quality mean value: 0.677559215474773
Head movement maximum value: 6
Head movement mean value: 3.3257434180684
Head size ratio maximum value: 0.0767594128747103
Head size ratio mean value: 0.135645821731358
Error: no error

CLICKTASK: pack
Start time: 18.03.2017 19-21-42
End time: 18.03.2017 19-21-46
Image quality minimum value: 0.535433053970337
Image quality mean value: 0.596550441923596
Head movement maximum value: 5
Head movement mean value: 2.15144475654757
Head size ratio maximum value: 0.056128975063639
Head size ratio mean value: 0.116999893256526
Error: no error
