

***************
Logging from: TestCalibrationMediaDialog testcalibration_main
Time: Fri Dec 09 20:56:17 2016

H(0,0) = 0.725527
H(0,1) = -0.362349
H(0,2) = 143.725
H(1,0) = 0.0827801
H(1,1) = 0.916088
H(1,2) = -227.955
H(2,0) = -8.77067e-005
H(2,1) = -0.000518124
H(2,2) = 1
---------------



***************
Logging from: TestCalibrationMediaDialog testcalibration_main_c3
Time: Fri Dec 09 20:58:21 2016

H(0,0) = 1.14623
H(0,1) = -0.266185
H(0,2) = 34.6505
H(1,0) = 0.0919418
H(1,1) = 1.02638
H(1,2) = -109.33
H(2,0) = 0.000134023
H(2,1) = -0.000394403
H(2,2) = 1
---------------

