
CALIBRATION: calibration_main
Start time: 17.12.2016 10-22-42
End time: 17.12.2016 10-22-49
Image quality on start: 0.736111164093018
Image quality minimum value: 1000
Image quality mean value: 0
Head movement maximum value: 0
Head movement mean value: 0
Head size ratio maximum value: 0
Head size ratio mean value: 0
Calibration reprojection error mean value: 999999
Calibration reprojection error outliers count: 999999
Error: 
Face not Centered!
Your face is not positioned centrally in the camera image. Please set your position again and repeat calibration.

CALIBRATION: calibration_main
Start time: 17.12.2016 10-22-58
End time: 17.12.2016 10-23-28
Image quality on start: 0.680555462837219
Image quality minimum value: 0.541666746139526
Image quality mean value: 0.666675222315911
Head movement maximum value: 8.06225774829855
Head movement mean value: 4.14319912544349
Head size ratio maximum value: 0.110839601819738
Head size ratio mean value: 0.0537935499619851
Calibration reprojection error mean value: 63.5723108715481
Calibration reprojection error outliers count: 0
Error: no error

TEST CALIBRATION: testcalibration_main
Start time: 17.12.2016 10-23-32
End time: 17.12.2016 10-23-48
Image quality minimum value: 0.534722208976746
Image quality mean value: 0.672488470413393
Head movement maximum value: 12.6491106406735
Head movement mean value: 7.40934436124646
Head size ratio maximum value: 0.0853452547182559
Head size ratio mean value: 0.0592217357414671
Calibration maximum distance: 249.897979183506
Calibration corrected maximum distance: 246.465007658288
Calibration without correction was successful: True
Calibration with correction was successful: True
Error: no error

VIDEOTASK: 1
Start time: 17.12.2016 10-23-55
End time: 17.12.2016 10-25-21
Image quality minimum value: 0.583333373069763
Image quality mean value: 0.690799402066849
Head movement maximum value: 15.52417469626
Head movement mean value: 11.4331954355078
Head size ratio maximum value: 0.135973604792577
Head size ratio mean value: 0.0797198546307612
Error: no error
