

***************
Logging from: TestCalibrationMediaDialog testcalibration_main
Time: Thu Mar 16 13:20:37 2017

H(0,0) = 4.27276
H(0,1) = -1.60916
H(0,2) = -789.424
H(1,0) = 0.353087
H(1,1) = 1.51884
H(1,2) = -295.521
H(2,0) = 0.0019526
H(2,1) = -0.00197157
H(2,2) = 1
---------------



***************
Logging from: TestCalibrationMediaDialog testcalibration_main_full_shelf
Time: Thu Mar 16 13:23:06 2017

H(0,0) = 1.27982
H(0,1) = -1.36699
H(0,2) = 467.752
H(1,0) = -0.301915
H(1,1) = 1.70741
H(1,2) = -174.546
H(2,0) = -0.000335369
H(2,1) = 0.000478604
H(2,2) = 1
---------------

