
CALIBRATION: calibration_main
Start time: 16.03.2017 13-19-34
End time: 16.03.2017 13-20-09
Image quality on start: 0.458333283662796
Image quality minimum value: 0
Image quality mean value: 0.599039801331454
Head movement maximum value: 29.1547594742265
Head movement mean value: 18.9552150597948
Head size ratio maximum value: 0.219815104140752
Head size ratio mean value: 0.167238048963823
Calibration reprojection error mean value: 211.356281280518
Calibration reprojection error outliers count: 3
Error: no error

TEST CALIBRATION: testcalibration_main
Start time: 16.03.2017 13-20-20
End time: 16.03.2017 13-20-37
Image quality minimum value: 0.569444477558136
Image quality mean value: 0.690221602363246
Head movement maximum value: 29.8328677803526
Head movement mean value: 24.9992022809728
Head size ratio maximum value: 0.203007294330723
Head size ratio mean value: 0.227856140615248
Calibration maximum distance: 382.102080601506
Calibration corrected maximum distance: 276.810404428735
Calibration without correction was successful: False
Calibration with correction was successful: True
Error: no error

CLICKTASK: filler
Start time: 16.03.2017 13-20-55
End time: 16.03.2017 13-21-07
Image quality minimum value: 0.527777850627899
Image quality mean value: 0.699762850999832
Head movement maximum value: 35.7351367704113
Head movement mean value: 25.8955909100869
Head size ratio maximum value: 0.342724079252456
Head size ratio mean value: 0.289107597183108
Error: no error

CLICKTASK: full_shelf
Start time: 16.03.2017 13-21-20
End time: 16.03.2017 13-21-26
Image quality minimum value: 0
Image quality mean value: 0.557062341107262
Head movement maximum value: 41.6773319683494
Head movement mean value: 4.63081466314994
Head size ratio maximum value: 0.373055757346575
Head size ratio mean value: 0.930339528594064
Error: 
Sorry, but we have lost your eyes. This is probably due to excessive head movements. Please try to recalibrate again and give your best to keep your head still.

CALIBRATION: calibration_main_full_shelf
Start time: 16.03.2017 13-22-14
End time: 16.03.2017 13-22-47
Image quality on start: 0.787401556968689
Image quality minimum value: 0.763779520988464
Image quality mean value: 0.79689536237005
Head movement maximum value: 19.2353840616713
Head movement mean value: 13.7636953921159
Head size ratio maximum value: 0.263222295273577
Head size ratio mean value: 0.202115000278031
Calibration reprojection error mean value: 100.915025075277
Calibration reprojection error outliers count: 0
Error: no error

TEST CALIBRATION: testcalibration_main_full_shelf
Start time: 16.03.2017 13-22-49
End time: 16.03.2017 13-23-06
Image quality minimum value: 0.755905508995056
Image quality mean value: 0.781436661703397
Head movement maximum value: 16.2788205960997
Head movement mean value: 12.7187773163574
Head size ratio maximum value: 0.187541091387245
Head size ratio mean value: 0.211329812645901
Calibration maximum distance: 368.408740395773
Calibration corrected maximum distance: 189.31983519959
Calibration without correction was successful: False
Calibration with correction was successful: True
Error: no error

CLICKTASK: full_shelf
Start time: 16.03.2017 13-23-09
End time: 16.03.2017 13-23-16
Image quality minimum value: 0.732283473014832
Image quality mean value: 0.763036705553532
Head movement maximum value: 12.0830459735946
Head movement mean value: 8.54874106990615
Head size ratio maximum value: 0.0784023668639053
Head size ratio mean value: 0.219130475807826
Error: no error

CLICKTASK: 3row_shelf
Start time: 16.03.2017 13-23-22
End time: 16.03.2017 13-23-37
Image quality minimum value: 0.669291317462921
Image quality mean value: 0.705543046785613
Head movement maximum value: 12.6491106406735
Head movement mean value: 10.7613119027743
Head size ratio maximum value: 0.178245306450435
Head size ratio mean value: 0.0928479627958116
Error: no error

CLICKTASK: pack
Start time: 16.03.2017 13-23-46
End time: 16.03.2017 13-24-03
Image quality minimum value: 0.74015748500824
Image quality mean value: 0.757569934294476
Head movement maximum value: 14.142135623731
Head movement mean value: 10.713719633668
Head size ratio maximum value: 0.123237636058149
Head size ratio mean value: 0.0826129163110611
Error: no error
