
CALIBRATION: calibration_main
Start time: 17.03.2017 16-02-55
End time: 17.03.2017 16-03-31
Image quality on start: 0.811023592948914
Image quality minimum value: 0.708661437034607
Image quality mean value: 0.810146340376425
Head movement maximum value: 13.0384048104053
Head movement mean value: 6.21921029493609
Head size ratio maximum value: 0.195377777777778
Head size ratio mean value: 0.0896932449188638
Calibration reprojection error mean value: 188.48498111301
Calibration reprojection error outliers count: 1
Error: no error

TEST CALIBRATION: testcalibration_main
Start time: 17.03.2017 16-03-34
End time: 17.03.2017 16-03-50
Image quality minimum value: 0.724409461021423
Image quality mean value: 0.782378824857565
Head movement maximum value: 13
Head movement mean value: 9.63662362407622
Head size ratio maximum value: 0.103822222222222
Head size ratio mean value: 0.114601329534663
Calibration maximum distance: 379.41533970044
Calibration corrected maximum distance: 199.379036009306
Calibration without correction was successful: False
Calibration with correction was successful: True
Error: no error

CLICKTASK: filler
Start time: 17.03.2017 16-03-55
End time: 17.03.2017 16-04-04
Image quality minimum value: 0.582677185535431
Image quality mean value: 0.60586973211982
Head movement maximum value: 12.0830459735946
Head movement mean value: 8.26932051009736
Head size ratio maximum value: 0.0698469135802469
Head size ratio mean value: 0.186108193041526
Error: no error

CLICKTASK: full_shelf
Start time: 17.03.2017 16-04-10
End time: 17.03.2017 16-04-17
Image quality minimum value: 0.606299221515656
Image quality mean value: 0.702934872020375
Head movement maximum value: 15.2315462117278
Head movement mean value: 11.3262280701085
Head size ratio maximum value: 0.0953876543209876
Head size ratio mean value: 0.149007108118219
Error: no error

CLICKTASK: 3row_shelf
Start time: 17.03.2017 16-04-21
End time: 17.03.2017 16-04-33
Image quality minimum value: 0.503937005996704
Image quality mean value: 0.637352855948659
Head movement maximum value: 12.6491106406735
Head movement mean value: 11.2925485392364
Head size ratio maximum value: 0.103822222222222
Head size ratio mean value: 0.0448459195125862
Error: no error

CLICKTASK: pack
Start time: 17.03.2017 16-04-38
End time: 17.03.2017 16-04-50
Image quality minimum value: 0.645669281482697
Image quality mean value: 0.731054761830498
Head movement maximum value: 18.3575597506858
Head movement mean value: 13.9590353759896
Head size ratio maximum value: 0.112217283950617
Head size ratio mean value: 0.0973681917211329
Error: no error
