
CALIBRATION: calibration_main
Start time: 27.01.2017 19-52-16
End time: 27.01.2017 19-52-51
Image quality on start: 0,708661437034607
Image quality minimum value: 0,708661437034607
Image quality mean value: 0,718314008754596
Head movement maximum value: 11,1803398874989
Head movement mean value: 7,43709111059177
Head size ratio maximum value: 0,0667710929156283
Head size ratio mean value: 0,0409407106231223
Calibration reprojection error mean value: 55,4818753136529
Calibration reprojection error outliers count: 0
Error: no error

TEST CALIBRATION: testcalibration_main
Start time: 27.01.2017 19-53-02
End time: 27.01.2017 19-53-20
Image quality minimum value: 0,700787425041199
Image quality mean value: 0,713285856776767
Head movement maximum value: 7,28010988928052
Head movement mean value: 4,8640116353368
Head size ratio maximum value: 0,100519757920968
Head size ratio mean value: 0,0790794893963277
Calibration maximum distance: 245,521893117498
Calibration corrected maximum distance: 137,568164921976
Calibration without correction was successful: True
Calibration with correction was successful: True
Error: no error

WATCHTASK: 1
Start time: 27.01.2017 19-54-06
End time: 27.01.2017 19-54-38
Image quality minimum value: 0,62992125749588
Image quality mean value: 0,636140120272734
Head movement maximum value: 14,422205101856
Head movement mean value: 9,52366391746358
Head size ratio maximum value: 0,0594660021359914
Head size ratio mean value: 0,0345574356478087
Error: no error

VIDEOTASK: 2
Start time: 27.01.2017 19-54-49
End time: 27.01.2017 19-55-08
Image quality minimum value: 0,535433053970337
Image quality mean value: 0,598681567990503
Head movement maximum value: 25,4950975679639
Head movement mean value: 15,7041021091153
Head size ratio maximum value: 0,0690779636881453
Head size ratio mean value: 0,0754192421369846
Error: no error
