

***************
Logging from: TestCalibrationMediaDialog testcalibration_main
Time: Mon Dec 19 15:15:23 2016

H(0,0) = -0.347202
H(0,1) = -1.6551
H(0,2) = 1094.54
H(1,0) = -0.213674
H(1,1) = -0.594492
H(1,2) = 444.801
H(2,0) = -0.000355496
H(2,1) = -0.00139547
H(2,2) = 1
---------------



***************
Logging from: TestCalibrationMediaDialog testcalibration_main
Time: Mon Dec 19 15:19:01 2016

H(0,0) = 2.42934
H(0,1) = 0.06193
H(0,2) = -752.619
H(1,0) = 0.375459
H(1,1) = 1.63193
H(1,2) = -315.884
H(2,0) = 0.000632933
H(2,1) = 0.000269322
H(2,2) = 1
---------------

