
CALIBRATION: calibration_main
Start time: 20.12.2016 16-40-24
End time: 20.12.2016 16-40-56
Image quality on start: 0.606299221515656
Image quality minimum value: 0.614173233509064
Image quality mean value: 0.65975501510832
Head movement maximum value: 8.48528137423857
Head movement mean value: 3.87385711742366
Head size ratio maximum value: 0.143325649819156
Head size ratio mean value: 0.0751228217029083
Calibration reprojection error mean value: 137.546838124593
Calibration reprojection error outliers count: 0
Error: no error

TEST CALIBRATION: testcalibration_main
Start time: 20.12.2016 16-40-58
End time: 20.12.2016 16-41-14
Image quality minimum value: 0.606299221515656
Image quality mean value: 0.629823645776954
Head movement maximum value: 6.32455532033676
Head movement mean value: 3.10634461454829
Head size ratio maximum value: 0.218586608196998
Head size ratio mean value: 0.126684282528438
Calibration maximum distance: 420.594816896262
Calibration corrected maximum distance: 47.169905660283
Calibration without correction was successful: False
Calibration with correction was successful: True
Error: no error

VIDEOTASK: 1
Start time: 20.12.2016 16-41-19
End time: 20.12.2016 16-42-48
Image quality minimum value: 0.440944880247116
Image quality mean value: 0.569227596651991
Head movement maximum value: 50.2195181179589
Head movement mean value: 22.2073312524012
Head size ratio maximum value: 0.134086692528251
Head size ratio mean value: 0.0483082853345458
Error: no error
