
CALIBRATION: calibration_main
Start time: 09.12.2016 07-59-34
End time: 09.12.2016 08-00-14
Image quality on start: 0.543307065963745
Image quality minimum value: 0.496062994003296
Image quality mean value: 0.500091558278993
Head movement maximum value: 12.5299640861417
Head movement mean value: 8.19076703838807
Head size ratio maximum value: 0.084738669477339
Head size ratio mean value: 0.105893328065726
Calibration reprojection error mean value: 37.2140191396078
Calibration reprojection error outliers count: 0
Error: no error

TEST CALIBRATION: testcalibration_main
Start time: 09.12.2016 08-00-17
End time: 09.12.2016 08-00-36
Image quality minimum value: 0.496062994003296
Image quality mean value: 0.497509241104126
Head movement maximum value: 21.1896201004171
Head movement mean value: 15.4308689093466
Head size ratio maximum value: 0.114622729245458
Head size ratio mean value: 0.254457998711915
Calibration maximum distance: 175.524927004685
Calibration corrected maximum distance: 125.299640861417
Calibration without correction was successful: True
Calibration with correction was successful: True
Error: no error

CLICKTASK: c1
Start time: 09.12.2016 08-00-52
End time: 09.12.2016 08-01-21
Image quality minimum value: 0.496062994003296
Image quality mean value: 0.793203478581027
Head movement maximum value: 30.8058436014987
Head movement mean value: 23.8516984625515
Head size ratio maximum value: 0.151280302560605
Head size ratio mean value: 0.216433051287155
Error: no error

CLICKTASK: c2
Start time: 09.12.2016 08-01-29
End time: 09.12.2016 08-01-45
Image quality minimum value: 0.527559041976929
Image quality mean value: 0.698537686041423
Head movement maximum value: 26
Head movement mean value: 22.1457131437705
Head size ratio maximum value: 0.187162874325749
Head size ratio mean value: 0.27765205530411
Error: no error

CLICKTASK: c3
Start time: 09.12.2016 08-01-56
End time: 09.12.2016 08-02-26
Image quality minimum value: 0.519685029983521
Image quality mean value: 0.72953671910042
Head movement maximum value: 43.0464865000618
Head movement mean value: 35.4774441446502
Head size ratio maximum value: 0.242962985925972
Head size ratio mean value: 0.286266467881773
Error: no error

CLICKTASK: c4
Start time: 09.12.2016 08-02-34
End time: 09.12.2016 08-03-02
Image quality minimum value: 0.527559041976929
Image quality mean value: 0.616171096687886
Head movement maximum value: 45.0444225182208
Head movement mean value: 42.5012519655601
Head size ratio maximum value: 0.249798499596999
Head size ratio mean value: 0.24328617313951
Error: no error
