

***************
Logging from: TestCalibrationMediaDialog testcalibration_main
Time: Wed Dec 07 16:50:11 2016

H(0,0) = -0.614422
H(0,1) = -1.63603
H(0,2) = 946.664
H(1,0) = -0.255932
H(1,1) = -0.766953
H(1,2) = 409.54
H(2,0) = -0.00061863
H(2,1) = -0.00188802
H(2,2) = 1
---------------



***************
Logging from: TestCalibrationMediaDialog testcalibration_main
Time: Wed Dec 07 16:51:56 2016

H(0,0) = -5.84635
H(0,1) = 3.14647
H(0,2) = 2188
H(1,0) = -2.02816
H(1,1) = 0.922272
H(1,2) = 747.904
H(2,0) = -0.00524815
H(2,1) = 0.00534732
H(2,2) = 1
---------------

