
CALIBRATION: calibration_main
Start time: 09.12.2016 09-00-52
End time: 09.12.2016 09-01-04
Image quality on start: 0,4251968562603
Image quality minimum value: 0,298611104488373
Image quality mean value: 0,416421112418175
Head movement maximum value: 84,3860177991591
Head movement mean value: 20,9447845082709
Head size ratio maximum value: 0,373891427035743
Head size ratio mean value: 0,218840941375206
Calibration reprojection error mean value: 999999
Calibration reprojection error outliers count: 999999
Error: 
Sorry, but we have lost your eyes. This is probably due to excessive head movements. Please try to recalibrate again and give your best to keep your head still.

CALIBRATION: calibration_main
Start time: 09.12.2016 09-01-12
End time: 09.12.2016 09-01-43
Image quality on start: 0,401574790477753
Image quality minimum value: 0,346456706523895
Image quality mean value: 0,352529849594237
Head movement maximum value: 26,4764045897475
Head movement mean value: 21,0386193818871
Head size ratio maximum value: 0,185288761706556
Head size ratio mean value: 0,149175429968275
Calibration reprojection error mean value: 256,581780327691
Calibration reprojection error outliers count: 1
Error: no error

TEST CALIBRATION: testcalibration_main
Start time: 09.12.2016 09-01-49
End time: 09.12.2016 09-02-06
Image quality minimum value: 0,338582664728165
Image quality mean value: 0,346048421992196
Head movement maximum value: 30,0665927567458
Head movement mean value: 26,2657530634214
Head size ratio maximum value: 0,141795655567118
Head size ratio mean value: 0,165019799976876
Calibration maximum distance: 583,147494207083
Calibration corrected maximum distance: 74,2765104188397
Calibration without correction was successful: False
Calibration with correction was successful: True
Error: no error

CLICKTASK: c1
Start time: 09.12.2016 09-02-09
End time: 09.12.2016 09-02-14
Image quality minimum value: 0,346456706523895
Image quality mean value: 0,40787402510643
Head movement maximum value: 30,4138126514911
Head movement mean value: 20,2870187180672
Head size ratio maximum value: 0,15042924037461
Head size ratio mean value: 0,41539802289282
Error: no error

CLICKTASK: c2
Start time: 09.12.2016 09-02-15
End time: 09.12.2016 09-02-19
Image quality minimum value: 0,362204730510712
Image quality mean value: 0,405511812617381
Head movement maximum value: 30,4138126514911
Head movement mean value: 25,7247771517092
Head size ratio maximum value: 0,0738976326742975
Head size ratio mean value: 0,17138045221991
Error: no error

CLICKTASK: c3
Start time: 09.12.2016 09-02-21
End time: 09.12.2016 09-02-26
Image quality minimum value: 0,362204730510712
Image quality mean value: 0,413385834544897
Head movement maximum value: 33,0151480384384
Head movement mean value: 25,1693040292302
Head size ratio maximum value: 0,0572483090530698
Head size ratio mean value: 0,248807801118626
Error: no error

CLICKTASK: c4
Start time: 09.12.2016 09-02-29
End time: 09.12.2016 09-02-36
Image quality minimum value: 0,362204730510712
Image quality mean value: 0,380402449104521
Head movement maximum value: 33,9411254969543
Head movement mean value: 26,6971919400634
Head size ratio maximum value: 0,0489724245577523
Head size ratio mean value: 0,231864955486183
Error: no error
