
CALIBRATION: calibration_main
Start time: 21.01.2015 18-59-30
End time: 21.01.2015 19-00-04
Image quality on start: 0.511811017990112
Image quality minimum value: 0.448818892240524
Image quality mean value: 0.479334933307549
Head movement maximum value: 24.0208242989286
Head movement mean value: 13.4461062595449
Head size ratio maximum value: 0.083646869121204
Head size ratio mean value: 0.0496242472545914
Calibration reprojection error mean value: 159.010292900933
Calibration reprojection error outliers count: 0
Error: no error

TEST CALIBRATION: testcalibration_main
Start time: 21.01.2015 19-00-09
End time: 21.01.2015 19-00-25
Image quality minimum value: 0.543307065963745
Image quality mean value: 0.569053301423095
Head movement maximum value: 23.4093998214393
Head movement mean value: 16.97687630314
Head size ratio maximum value: 0.111461972588014
Head size ratio mean value: 0.100112029149453
Calibration maximum distance: 282.349074728429
Calibration corrected maximum distance: 93.2308961664533
Calibration without correction was successful: True
Calibration with correction was successful: True
Error: no error

VIDEOTASK: v
Start time: 21.01.2015 19-00-32
End time: 21.01.2015 19-02-13
Image quality minimum value: 0.551181077957153
Image quality mean value: 0.728597651918729
Head movement maximum value: 47.5394572960189
Head movement mean value: 28.0801767962127
Head size ratio maximum value: 0.187046492878259
Head size ratio mean value: 0.0636205793942289
Error: no error
