
CALIBRATION: calibration_main
Start time: 27.01.2017 18-16-16
End time: 27.01.2017 18-17-03
Image quality on start: 0,444444388151169
Image quality minimum value: 0,354166626930237
Image quality mean value: 0,495891910673368
Head movement maximum value: 52,2398315464359
Head movement mean value: 18,0092987453573
Head size ratio maximum value: 0,145997698882314
Head size ratio mean value: 0,130140288437128
Calibration reprojection error mean value: 174,168118370904
Calibration reprojection error outliers count: 4
Error: no error

TEST CALIBRATION: testcalibration_main
Start time: 27.01.2017 18-17-15
End time: 27.01.2017 18-17-34
Image quality minimum value: 0,3125
Image quality mean value: 0,397841745937193
Head movement maximum value: 7
Head movement mean value: 5,04080566021449
Head size ratio maximum value: 0,118713017751479
Head size ratio mean value: 0,280702762673917
Calibration maximum distance: 486,779210731108
Calibration corrected maximum distance: 193,662076824555
Calibration without correction was successful: False
Calibration with correction was successful: True
Error: no error

WATCHTASK: 1
Start time: 27.01.2017 18-18-09
End time: 27.01.2017 18-18-43
Image quality minimum value: 0,3125
Image quality mean value: 0,419239745949799
Head movement maximum value: 18,9736659610103
Head movement mean value: 11,1517888772311
Head size ratio maximum value: 0,180565828402367
Head size ratio mean value: 0,258412880056567
Error: no error

VIDEOTASK: 2
Start time: 27.01.2017 18-18-57
End time: 27.01.2017 18-20-02
Image quality minimum value: 0
Image quality mean value: 0,417585988063365
Head movement maximum value: 16,1554944214035
Head movement mean value: 10,7575068290932
Head size ratio maximum value: 0,139145710059172
Head size ratio mean value: 0,156620785564596
Error: no error
