

***************
Logging from: TestCalibrationMediaDialog testcalibration_main
Time: Thu Dec 08 13:35:08 2016

H(0,0) = -1.5861
H(0,1) = -0.256605
H(0,2) = 1210.09
H(1,0) = -0.982156
H(1,1) = -0.0200983
H(1,2) = 671.092
H(2,0) = -0.00162
H(2,1) = 0.000200529
H(2,2) = 1
---------------



***************
Logging from: TestCalibrationMediaDialog testcalibration_main
Time: Thu Dec 08 13:36:36 2016

H(0,0) = -0.351574
H(0,1) = -0.481023
H(0,2) = 431.804
H(1,0) = -0.290298
H(1,1) = -0.387365
H(1,2) = 364.535
H(2,0) = -0.000740681
H(2,1) = -0.00114392
H(2,2) = 1
---------------

