
CALIBRATION: calibration_main
Start time: 19.12.2016 14-00-29
End time: 19.12.2016 14-01-02
Image quality on start: 0.722222328186035
Image quality minimum value: 0.733108103275299
Image quality mean value: 0.772218626539854
Head movement maximum value: 12.369316876853
Head movement mean value: 5.86777666821869
Head size ratio maximum value: 0.108414753803845
Head size ratio mean value: 0.0891759071862634
Calibration reprojection error mean value: 66.4504818386502
Calibration reprojection error outliers count: 0
Error: no error

TEST CALIBRATION: testcalibration_main
Start time: 19.12.2016 14-01-04
End time: 19.12.2016 14-01-20
Image quality minimum value: 0.694444417953491
Image quality mean value: 0.718047846447338
Head movement maximum value: 21.095023109729
Head movement mean value: 14.3425386873858
Head size ratio maximum value: 0.0729674824836584
Head size ratio mean value: 0.0936293818836022
Calibration maximum distance: 292.643127375307
Calibration corrected maximum distance: 75.7099729229908
Calibration without correction was successful: True
Calibration with correction was successful: True
Error: no error

VIDEOTASK: 1
Start time: 19.12.2016 14-01-34
End time: 19.12.2016 14-03-03
Image quality minimum value: 0.656050980091095
Image quality mean value: 0.722534839282359
Head movement maximum value: 34.5398320783411
Head movement mean value: 22.5379426108995
Head size ratio maximum value: 0.262572380149528
Head size ratio mean value: 0.222039039224074
Error: no error
