
CALIBRATION: calibration_main
Start time: 20.12.2016 09-43-26
End time: 20.12.2016 09-44-02
Image quality on start: 0.464566916227341
Image quality minimum value: 0.464566916227341
Image quality mean value: 0.469508277062251
Head movement maximum value: 3.16227766016838
Head movement mean value: 1.68510654715122
Head size ratio maximum value: 0.0629062573420001
Head size ratio mean value: 0.0714540436740123
Calibration reprojection error mean value: 135.666305118137
Calibration reprojection error outliers count: 0
Error: no error

TEST CALIBRATION: testcalibration_main
Start time: 20.12.2016 09-44-10
End time: 20.12.2016 09-44-27
Image quality minimum value: 0.472440958023071
Image quality mean value: 0.478715561330318
Head movement maximum value: 5.3851648071345
Head movement mean value: 3.58955556925504
Head size ratio maximum value: 0.035711488761845
Head size ratio mean value: 0.145038765760827
Calibration maximum distance: 386.587635601554
Calibration corrected maximum distance: 169.446156639801
Calibration without correction was successful: False
Calibration with correction was successful: True
Error: no error

VIDEOTASK: 1
Start time: 20.12.2016 09-44-47
End time: 20.12.2016 09-46-15
Image quality minimum value: 0.37007874250412
Image quality mean value: 0.448293963405821
Head movement maximum value: 39.8246155034798
Head movement mean value: 24.9016760036893
Head size ratio maximum value: 0.165635523533558
Head size ratio mean value: 0.124474929154231
Error: no error
