
CALIBRATION: calibration_main
Start time: 08.12.2016 23-58-29
End time: 08.12.2016 23-59-03
Image quality on start: 0.62992125749588
Image quality minimum value: 0.535433053970337
Image quality mean value: 0.556443238403739
Head movement maximum value: 6.32455532033676
Head movement mean value: 2.63469490761391
Head size ratio maximum value: 0.153013444231044
Head size ratio mean value: 0.0759935285580059
Calibration reprojection error mean value: 100.49576526218
Calibration reprojection error outliers count: 0
Error: no error

TEST CALIBRATION: testcalibration_main
Start time: 08.12.2016 23-59-10
End time: 08.12.2016 23-59-26
Image quality minimum value: 0.527559041976929
Image quality mean value: 0.539765480043586
Head movement maximum value: 12.6491106406735
Head movement mean value: 9.39280206839391
Head size ratio maximum value: 0.191663624386915
Head size ratio mean value: 0.0903093033319151
Calibration maximum distance: 238.398825500463
Calibration corrected maximum distance: 163.816971037802
Calibration without correction was successful: True
Calibration with correction was successful: True
Error: no error

CLICKTASK: c1
Start time: 08.12.2016 23-59-33
End time: 08.12.2016 23-59-43
Image quality minimum value: 0.559055089950562
Image quality mean value: 0.730744212369124
Head movement maximum value: 15.2315462117278
Head movement mean value: 11.4554288889464
Head size ratio maximum value: 0.148569070332217
Head size ratio mean value: 0.115895514886007
Error: no error

CLICKTASK: c2
Start time: 08.12.2016 23-59-47
End time: 08.12.2016 23-59-54
Image quality minimum value: 0
Image quality mean value: 0.729568284133385
Head movement maximum value: 385.240184819808
Head movement mean value: 21.8263103167057
Head size ratio maximum value: 0.0812685512928366
Head size ratio mean value: 0.346660616771819
Error: 
Sorry, but we have lost your eyes. This is probably due to excessive head movements. Please try to recalibrate again and give your best to keep your head still.

CALIBRATION: calibration_main_c2
Start time: 09.12.2016 00-00-12
End time: 09.12.2016 00-00-43
Image quality on start: 0.598425209522247
Image quality minimum value: 0.543307065963745
Image quality mean value: 0.565932913128187
Head movement maximum value: 6
Head movement mean value: 3.22510678113066
Head size ratio maximum value: 0.154445765622936
Head size ratio mean value: 0.0819281033880924
Calibration reprojection error mean value: 315.92882431878
Calibration reprojection error outliers count: 5
Error: no error

TEST CALIBRATION: testcalibration_main_c2
Start time: 09.12.2016 00-00-46
End time: 09.12.2016 00-01-01
Image quality minimum value: 0.535433053970337
Image quality mean value: 0.550310585367021
Head movement maximum value: 6.08276253029822
Head movement mean value: 3.12826519039342
Head size ratio maximum value: 0.133174791914388
Head size ratio mean value: 0.124237620627617
Calibration maximum distance: 570.600560812904
Calibration corrected maximum distance: 115.879247494968
Calibration without correction was successful: False
Calibration with correction was successful: True
Error: no error

CLICKTASK: c2
Start time: 09.12.2016 00-01-06
End time: 09.12.2016 00-01-17
Image quality minimum value: 0
Image quality mean value: 0.736767112707891
Head movement maximum value: 390.190978880855
Head movement mean value: 9.24209204580897
Head size ratio maximum value: 0.189310198029976
Head size ratio mean value: 0.186128143951463
Error: 
Sorry, but we have lost your eyes. This is probably due to excessive head movements. Please try to recalibrate again and give your best to keep your head still.

CALIBRATION: calibration_main_c2
Start time: 09.12.2016 00-01-34
End time: 09.12.2016 00-02-06
Image quality on start: 0.598425209522247
Image quality minimum value: 0.527559041976929
Image quality mean value: 0.553499228907908
Head movement maximum value: 5.09901951359278
Head movement mean value: 2.56376497554138
Head size ratio maximum value: 0.215125272882361
Head size ratio mean value: 0.116399098523068
Calibration reprojection error mean value: 123.608526441786
Calibration reprojection error outliers count: 0
Error: no error

TEST CALIBRATION: testcalibration_main_c2
Start time: 09.12.2016 00-02-07
End time: 09.12.2016 00-02-23
Image quality minimum value: 0.535433053970337
Image quality mean value: 0.56052254140377
Head movement maximum value: 6.32455532033676
Head movement mean value: 2.87596103499333
Head size ratio maximum value: 0.208373693417572
Head size ratio mean value: 0.136038871854049
Calibration maximum distance: 751.737321143496
Calibration corrected maximum distance: 213.925220579529
Calibration without correction was successful: False
Calibration with correction was successful: True
Error: no error

CLICKTASK: c2
Start time: 09.12.2016 00-02-24
End time: 09.12.2016 00-02-30
Image quality minimum value: 0
Image quality mean value: 0.543307092454698
Head movement maximum value: 407.813682948476
Head movement mean value: 45.3126314387195
Head size ratio maximum value: 0
Head size ratio mean value: 1
Error: 
Sorry, but we have lost your eyes. This is probably due to excessive head movements. Please try to recalibrate again and give your best to keep your head still.
