

***************
Logging from: TestCalibrationMediaDialog testcalibration_main
Time: Fri Mar 17 09:05:29 2017

H(0,0) = 3.09857
H(0,1) = -17.1342
H(0,2) = 4250.26
H(1,0) = 1.11707
H(1,1) = -6.18256
H(1,2) = 1073.79
H(2,0) = 0.007125
H(2,1) = -0.0167883
H(2,2) = 1
---------------



***************
Logging from: TestCalibrationMediaDialog testcalibration_main
Time: Fri Mar 17 09:06:33 2017

H(0,0) = 0.0306188
H(0,1) = -0.234735
H(0,2) = 247.599
H(1,0) = -0.311747
H(1,1) = 0.200901
H(1,2) = 237.636
H(2,0) = -0.000919656
H(2,1) = -5.41877e-005
H(2,2) = 1
---------------

