

***************
Logging from: TestCalibrationMediaDialog testcalibration_main
Time: Mon Dec 19 21:23:00 2016

H(0,0) = 2.54336
H(0,1) = 1.91173
H(0,2) = -1299.13
H(1,0) = -0.212423
H(1,1) = 1.52508
H(1,2) = 219.498
H(2,0) = 0.000723402
H(2,1) = 0.000129798
H(2,2) = 1
---------------



***************
Logging from: TestCalibrationMediaDialog testcalibration_main
Time: Mon Dec 19 21:25:27 2016

H(0,0) = -2.29936
H(0,1) = -1.883
H(0,2) = 1653.2
H(1,0) = -0.306791
H(1,1) = 0.0994863
H(1,2) = 21.4069
H(2,0) = -0.00204289
H(2,1) = -0.00085268
H(2,2) = 1
---------------

