

***************
Logging from: TestCalibrationMediaDialog testcalibration_main
Time: Fri Jan 23 05:30:54 2015

H(0,0) = 0.449696
H(0,1) = 0.440239
H(0,2) = -165.737
H(1,0) = -0.0916467
H(1,1) = 1.41155
H(1,2) = -278.2
H(2,0) = -0.000410428
H(2,1) = -0.000331079
H(2,2) = 1
---------------



***************
Logging from: VideoMediaDialog v - start
Time: Fri Jan 23 05:31:03 2015

H(0,0) = 0.449696
H(0,1) = 0.440239
H(0,2) = -165.737
H(1,0) = -0.0916467
H(1,1) = 1.41155
H(1,2) = -278.2
H(2,0) = -0.000410428
H(2,1) = -0.000331079
H(2,2) = 1
---------------



***************
Logging from: VideoMediaDialog v - stop
Time: Fri Jan 23 05:32:47 2015

H(0,0) = 0.449696
H(0,1) = 0.440239
H(0,2) = -165.737
H(1,0) = -0.0916467
H(1,1) = 1.41155
H(1,2) = -278.2
H(2,0) = -0.000410428
H(2,1) = -0.000331079
H(2,2) = 1
---------------

