

***************
Logging from: TestCalibrationMediaDialog testcalibration_main
Time: Fri Jan 16 11:45:43 2015

H(0,0) = -1.90612
H(0,1) = 1.68715
H(0,2) = 710.578
H(1,0) = -2.13064
H(1,1) = 2.79013
H(1,2) = 339.922
H(2,0) = -0.00450093
H(2,1) = 0.00535081
H(2,2) = 1
---------------



***************
Logging from: VideoMediaDialog v - start
Time: Fri Jan 16 11:45:45 2015

H(0,0) = -1.90612
H(0,1) = 1.68715
H(0,2) = 710.578
H(1,0) = -2.13064
H(1,1) = 2.79013
H(1,2) = 339.922
H(2,0) = -0.00450093
H(2,1) = 0.00535081
H(2,2) = 1
---------------



***************
Logging from: VideoMediaDialog v - stop
Time: Fri Jan 16 11:47:28 2015

H(0,0) = -1.90612
H(0,1) = 1.68715
H(0,2) = 710.578
H(1,0) = -2.13064
H(1,1) = 2.79013
H(1,2) = 339.922
H(2,0) = -0.00450093
H(2,1) = 0.00535081
H(2,2) = 1
---------------

