
CALIBRATION: calibration_main
Start time: 16.01.2015 11-44-53
End time: 16.01.2015 11-45-26
Image quality on start: 0.496062994003296
Image quality minimum value: 0.409448832273483
Image quality mean value: 0.421148744572891
Head movement maximum value: 21.2132034355964
Head movement mean value: 12.1143692480969
Head size ratio maximum value: 0.0975
Head size ratio mean value: 0.0579031186094069
Calibration reprojection error mean value: 270.819480895996
Calibration reprojection error outliers count: 3
Error: no error

TEST CALIBRATION: testcalibration_main
Start time: 16.01.2015 11-45-27
End time: 16.01.2015 11-45-43
Image quality minimum value: 0.37007874250412
Image quality mean value: 0.406677907862621
Head movement maximum value: 26.4007575648882
Head movement mean value: 20.9262629777622
Head size ratio maximum value: 0.144375
Head size ratio mean value: 0.0912422104105571
Calibration maximum distance: 740.411372143891
Calibration corrected maximum distance: 332.543230272396
Calibration without correction was successful: False
Calibration with correction was successful: True
Error: no error

VIDEOTASK: v
Start time: 16.01.2015 11-45-45
End time: 16.01.2015 11-47-28
Image quality minimum value: 0
Image quality mean value: 0.336639412057896
Head movement maximum value: 44.0113621693308
Head movement mean value: 33.6816244415901
Head size ratio maximum value: 0.159722222222222
Head size ratio mean value: 0.0683538661858974
Error: no error
