
CALIBRATION: calibration_main
Start time: 16.03.2017 15-16-54
End time: 16.03.2017 15-17-28
Image quality on start: 0.417322844266891
Image quality minimum value: 0.393700778484344
Image quality mean value: 0.42337800309672
Head movement maximum value: 12
Head movement mean value: 6.17565610832343
Head size ratio maximum value: 0.131376
Head size ratio mean value: 0.085693707602339
Calibration reprojection error mean value: 245.73537656996
Calibration reprojection error outliers count: 4
Error: no error

TEST CALIBRATION: testcalibration_main
Start time: 16.03.2017 15-17-30
End time: 16.03.2017 15-17-46
Image quality minimum value: 0.385826766490936
Image quality mean value: 0.435348472565659
Head movement maximum value: 13
Head movement mean value: 7.46607727897072
Head size ratio maximum value: 0.146224
Head size ratio mean value: 0.141409190082645
Calibration maximum distance: 1050.01190469442
Calibration corrected maximum distance: 263.600075872523
Calibration without correction was successful: False
Calibration with correction was successful: True
Error: no error

CLICKTASK: filler
Start time: 16.03.2017 15-17-48
End time: 16.03.2017 15-17-52
Image quality minimum value: 0.37007874250412
Image quality mean value: 0.409448818726973
Head movement maximum value: 9
Head movement mean value: 4.63636363636364
Head size ratio maximum value: 0.086064
Head size ratio mean value: 0.412795636363636
Error: no error

CLICKTASK: full_shelf
Start time: 16.03.2017 15-17-53
End time: 16.03.2017 15-17-56
Image quality minimum value: 0.409448832273483
Image quality mean value: 0.420134991407394
Head movement maximum value: 11.1803398874989
Head movement mean value: 6.3887656499994
Head size ratio maximum value: 0.1164
Head size ratio mean value: 0.495085714285714
Error: no error

CLICKTASK: 3row_shelf
Start time: 16.03.2017 15-17-57
End time: 16.03.2017 15-18-03
Image quality minimum value: 0.385826766490936
Image quality mean value: 0.415290835403627
Head movement maximum value: 10
Head movement mean value: 7.21418097763836
Head size ratio maximum value: 0.031744
Head size ratio mean value: 0.0846018064516129
Error: no error

CLICKTASK: pack
Start time: 16.03.2017 15-18-03
End time: 16.03.2017 15-18-07
Image quality minimum value: 0.362204730510712
Image quality mean value: 0.389763774616378
Head movement maximum value: 10.4403065089106
Head movement mean value: 9.43297846149887
Head size ratio maximum value: 0.086064
Head size ratio mean value: 0.151345142857143
Error: no error
