
CALIBRATION: calibration_main
Start time: 15.03.2017 09-33-02
End time: 15.03.2017 09-33-35
Image quality on start: 0.401574790477753
Image quality minimum value: 0.37007874250412
Image quality mean value: 0.401478189540787
Head movement maximum value: 22.0227155455452
Head movement mean value: 11.0472875130998
Head size ratio maximum value: 0.0801472130584848
Head size ratio mean value: 0.0362894239427465
Calibration reprojection error mean value: 42.1080684661865
Calibration reprojection error outliers count: 0
Error: no error

TEST CALIBRATION: testcalibration_main
Start time: 15.03.2017 09-33-37
End time: 15.03.2017 09-33-53
Image quality minimum value: 0.377952754497528
Image quality mean value: 0.402327094867731
Head movement maximum value: 32.0156211871642
Head movement mean value: 26.4703016625106
Head size ratio maximum value: 0.0801472130584848
Head size ratio mean value: 0.0676634232683937
Calibration maximum distance: 164
Calibration corrected maximum distance: 34.6698716467194
Calibration without correction was successful: True
Calibration with correction was successful: True
Error: no error

CLICKTASK: filler
Start time: 15.03.2017 09-33-57
End time: 15.03.2017 09-34-00
Image quality minimum value: 0.401574790477753
Image quality mean value: 0.448162722918722
Head movement maximum value: 29.8328677803526
Head movement mean value: 22.8944655016749
Head size ratio maximum value: 0.116759787189413
Head size ratio mean value: 0.28024192266865
Error: no error

CLICKTASK: full_shelf
Start time: 15.03.2017 09-34-03
End time: 15.03.2017 09-34-09
Image quality minimum value: 0.393700778484344
Image quality mean value: 0.443713770462916
Head movement maximum value: 78
Head movement mean value: 54.906335703628
Head size ratio maximum value: 0.15398257088919
Head size ratio mean value: 0.0976381411155728
Error: no error

CLICKTASK: 3row_shelf
Start time: 15.03.2017 09-34-11
End time: 15.03.2017 09-34-16
Image quality minimum value: 0.417322844266891
Image quality mean value: 0.493796223492333
Head movement maximum value: 51.0098029794274
Head movement mean value: 47.3099659901634
Head size ratio maximum value: 0.172822791327397
Head size ratio mean value: 0.138115099624224
Error: no error

CLICKTASK: pack
Start time: 15.03.2017 09-34-22
End time: 15.03.2017 09-34-28
Image quality minimum value: 0.433070868253708
Image quality mean value: 0.452711662884509
Head movement maximum value: 49.1629942131274
Head movement mean value: 45.24927179924
Head size ratio maximum value: 0.15398257088919
Head size ratio mean value: 0.173360152843784
Error: no error
