
CALIBRATION: calibration_main
Start time: 09.12.2016 18-32-37
End time: 09.12.2016 18-33-11
Image quality on start: 0.480314970016479
Image quality minimum value: 0.559055089950562
Image quality mean value: 0.581654868567188
Head movement maximum value: 20.5182845286832
Head movement mean value: 6.91480808487395
Head size ratio maximum value: 0.0439506172839507
Head size ratio mean value: 0.0398503785553507
Calibration reprojection error mean value: 277.276095072428
Calibration reprojection error outliers count: 4
Error: no error

TEST CALIBRATION: testcalibration_main
Start time: 09.12.2016 18-33-23
End time: 09.12.2016 18-33-39
Image quality minimum value: 0.535433053970337
Image quality mean value: 0.613483536852537
Head movement maximum value: 41.4366987102013
Head movement mean value: 28.6022297848593
Head size ratio maximum value: 0.112217283950617
Head size ratio mean value: 0.12550260430747
Calibration maximum distance: 1111.00720069674
Calibration corrected maximum distance: 53.7121960079831
Calibration without correction was successful: False
Calibration with correction was successful: True
Error: no error

CLICKTASK: c1
Start time: 09.12.2016 18-33-43
End time: 09.12.2016 18-33-51
Image quality minimum value: 0.362204730510712
Image quality mean value: 0.390310583843125
Head movement maximum value: 34.8855270850248
Head movement mean value: 24.2724910497598
Head size ratio maximum value: 0.0698469135802469
Head size ratio mean value: 0.160736351165981
Error: no error

CLICKTASK: c2
Start time: 09.12.2016 18-33-55
End time: 09.12.2016 18-34-03
Image quality minimum value: 0.362204730510712
Image quality mean value: 0.435659575135741
Head movement maximum value: 34.4818792991333
Head movement mean value: 16.8992314572419
Head size ratio maximum value: 0.0698469135802469
Head size ratio mean value: 0.12013177743954
Error: no error

CLICKTASK: c3
Start time: 09.12.2016 18-34-06
End time: 09.12.2016 18-34-26
Image quality minimum value: 0.377952754497528
Image quality mean value: 0.401397453772055
Head movement maximum value: 40.3112887414927
Head movement mean value: 30.4290765810474
Head size ratio maximum value: 0.103822222222222
Head size ratio mean value: 0.0716406183961739
Error: no error

CLICKTASK: c4
Start time: 09.12.2016 18-34-53
End time: 09.12.2016 18-35-18
Image quality minimum value: 0.401574790477753
Image quality mean value: 0.486885873154855
Head movement maximum value: 47.0106370941726
Head movement mean value: 32.7928441595455
Head size ratio maximum value: 0.120572839506173
Head size ratio mean value: 0.104451538862806
Error: no error
