

***************
Logging from: TestCalibrationMediaDialog testcalibration_main
Time: Wed Jan 21 13:29:52 2015

H(0,0) = -0.352931
H(0,1) = -0.178308
H(0,2) = 259.323
H(1,0) = -0.162816
H(1,1) = -0.453519
H(1,2) = 313.748
H(2,0) = -0.000613263
H(2,1) = -0.0010295
H(2,2) = 1
---------------



***************
Logging from: VideoMediaDialog v - start
Time: Wed Jan 21 13:30:08 2015

H(0,0) = -0.352931
H(0,1) = -0.178308
H(0,2) = 259.323
H(1,0) = -0.162816
H(1,1) = -0.453519
H(1,2) = 313.748
H(2,0) = -0.000613263
H(2,1) = -0.0010295
H(2,2) = 1
---------------



***************
Logging from: VideoMediaDialog v - stop
Time: Wed Jan 21 13:34:27 2015

H(0,0) = -0.352931
H(0,1) = -0.178308
H(0,2) = 259.323
H(1,0) = -0.162816
H(1,1) = -0.453519
H(1,2) = 313.748
H(2,0) = -0.000613263
H(2,1) = -0.0010295
H(2,2) = 1
---------------

