
CALIBRATION: calibration_main
Start time: 08.12.2016 15-14-34
End time: 08.12.2016 15-15-14
Image quality on start: 0.700787425041199
Image quality minimum value: 0.685039341449738
Image quality mean value: 0.707292477567184
Head movement maximum value: 11.4017542509914
Head movement mean value: 7.05280229102288
Head size ratio maximum value: 0.064057300543787
Head size ratio mean value: 0.027646816112312
Calibration reprojection error mean value: 78.7992634243435
Calibration reprojection error outliers count: 0
Error: no error

TEST CALIBRATION: testcalibration_main
Start time: 08.12.2016 15-15-18
End time: 08.12.2016 15-15-35
Image quality minimum value: 0.692913413047791
Image quality mean value: 0.703298428865868
Head movement maximum value: 10
Head movement mean value: 7.91312532259496
Head size ratio maximum value: 0.064057300543787
Head size ratio mean value: 0.0530154010149756
Calibration maximum distance: 323.130004796831
Calibration corrected maximum distance: 123.713378419636
Calibration without correction was successful: True
Calibration with correction was successful: True
Error: no error

CLICKTASK: c1
Start time: 08.12.2016 15-15-47
End time: 08.12.2016 15-15-52
Image quality minimum value: 0.700787425041199
Image quality mean value: 0.742496300451826
Head movement maximum value: 10.816653826392
Head movement mean value: 7.29180079015928
Head size ratio maximum value: 0.0363606850093336
Head size ratio mean value: 0.0991228049028423
Error: no error

CLICKTASK: c2
Start time: 08.12.2016 15-16-01
End time: 08.12.2016 15-16-15
Image quality minimum value: 0.716535449028015
Image quality mean value: 0.763916100146341
Head movement maximum value: 40.1123422402632
Head movement mean value: 20.0356977140234
Head size ratio maximum value: 0.149338527716906
Head size ratio mean value: 0.0912993742524092
Error: no error

CLICKTASK: c3
Start time: 08.12.2016 15-16-22
End time: 08.12.2016 15-16-49
Image quality minimum value: 0.700787425041199
Image quality mean value: 0.733991392681663
Head movement maximum value: 24.0416305603426
Head movement mean value: 19.1011332772303
Head size ratio maximum value: 0.0733706679652626
Head size ratio mean value: 0.0426350959779124
Error: no error

CLICKTASK: c4
Start time: 08.12.2016 15-16-54
End time: 08.12.2016 15-17-13
Image quality minimum value: 0.685039341449738
Image quality mean value: 0.702350645819131
Head movement maximum value: 16.1245154965971
Head movement mean value: 12.2585308016849
Head size ratio maximum value: 0.0733706679652626
Head size ratio mean value: 0.0432307307307306
Error: no error
