
CALIBRATION: calibration_main
Start time: 20.12.2016 11-38-29
End time: 20.12.2016 11-39-04
Image quality on start: 0.875
Image quality minimum value: 0.84722226858139
Image quality mean value: 0.892173248753753
Head movement maximum value: 16.1554944214035
Head movement mean value: 6.8763567037498
Head size ratio maximum value: 0.0787452338411097
Head size ratio mean value: 0.0460170152689402
Calibration reprojection error mean value: 275.163752661811
Calibration reprojection error outliers count: 4
Error: no error

TEST CALIBRATION: testcalibration_main
Start time: 20.12.2016 11-39-08
End time: 20.12.2016 11-39-24
Image quality minimum value: 0.874015748500824
Image quality mean value: 0.885919766632591
Head movement maximum value: 18.0277563773199
Head movement mean value: 14.8515562440218
Head size ratio maximum value: 0.0787452338411097
Head size ratio mean value: 0.109083886572054
Calibration maximum distance: 1185.83725696235
Calibration corrected maximum distance: 225.534919690943
Calibration without correction was successful: False
Calibration with correction was successful: True
Error: no error

VIDEOTASK: 1
Start time: 20.12.2016 11-39-30
End time: 20.12.2016 11-40-59
Image quality minimum value: 0.705696225166321
Image quality mean value: 0.837537564709387
Head movement maximum value: 69.778220097678
Head movement mean value: 43.0710703062827
Head size ratio maximum value: 0.245187791265266
Head size ratio mean value: 0.131169570716989
Error: no error
