

***************
Logging from: TestCalibrationMediaDialog testcalibration_main
Time: Thu Jan 26 19:44:21 2017

H(0,0) = 0.637595
H(0,1) = -0.0158166
H(0,2) = 93.1109
H(1,0) = 0.00318442
H(1,1) = 0.411477
H(1,2) = 93.3377
H(2,0) = -0.000257484
H(2,1) = -0.000398564
H(2,2) = 1
---------------



***************
Logging from: TestCalibrationMediaDialog testcalibration_main
Time: Thu Jan 26 19:45:50 2017

H(0,0) = -1.08542
H(0,1) = 0.0627747
H(0,2) = 530.245
H(1,0) = -0.0908193
H(1,1) = -1.02429
H(1,2) = 422.672
H(2,0) = -0.000555373
H(2,1) = -0.00183203
H(2,2) = 1
---------------

