

***************
Logging from: TestCalibrationMediaDialog testcalibration_main
Time: Thu Dec 08 20:09:55 2016

H(0,0) = 0.941842
H(0,1) = -0.825827
H(0,2) = 208.16
H(1,0) = -0.0991946
H(1,1) = 0.178919
H(1,2) = 155.181
H(2,0) = -0.000291999
H(2,1) = -0.000788382
H(2,2) = 1
---------------



***************
Logging from: TestCalibrationMediaDialog testcalibration_main_c2
Time: Thu Dec 08 20:12:04 2016

H(0,0) = 1.54052
H(0,1) = -1.82729
H(0,2) = 2.94991
H(1,0) = 0.181885
H(1,1) = -0.369788
H(1,2) = 133.704
H(2,0) = 0.000353538
H(2,1) = -0.00209057
H(2,2) = 1
---------------

