

***************
Logging from: TestCalibrationMediaDialog testcalibration_main
Time: Mon Dec 12 20:07:54 2016

H(0,0) = -0.0279146
H(0,1) = 0.163579
H(0,2) = 158.419
H(1,0) = -0.209101
H(1,1) = 0.272402
H(1,2) = 263.21
H(2,0) = -0.000510903
H(2,1) = -0.000177919
H(2,2) = 1
---------------



***************
Logging from: TestCalibrationMediaDialog testcalibration_main
Time: Mon Dec 12 20:10:13 2016

H(0,0) = 1.79137
H(0,1) = 1.71237
H(0,2) = -1636.85
H(1,0) = -0.400902
H(1,1) = 1.87225
H(1,2) = 285.009
H(2,0) = -0.00065673
H(2,1) = 0.00198732
H(2,2) = 1
---------------



***************
Logging from: TestCalibrationMediaDialog cal2
Time: Mon Dec 12 20:13:23 2016

H(0,0) = 0.205507
H(0,1) = -0.781129
H(0,2) = 180.089
H(1,0) = 0.0379579
H(1,1) = -0.149367
H(1,2) = 81.6553
H(2,0) = -0.000436275
H(2,1) = -0.000633856
H(2,2) = 1
---------------

