
CALIBRATION: calibration_main
Start time: 19.12.2016 19-23-14
End time: 19.12.2016 19-23-47
Image quality on start: 0.708661437034607
Image quality minimum value: 0.724409461021423
Image quality mean value: 0.733554095977093
Head movement maximum value: 9.05538513813742
Head movement mean value: 6.57110083164195
Head size ratio maximum value: 0.117971923838714
Head size ratio mean value: 0.0865355436266954
Calibration reprojection error mean value: 86.4221187167697
Calibration reprojection error outliers count: 0
Error: no error

TEST CALIBRATION: testcalibration_main
Start time: 19.12.2016 19-23-51
End time: 19.12.2016 19-24-07
Image quality minimum value: 0.724409461021423
Image quality mean value: 0.738712254958817
Head movement maximum value: 17.464249196573
Head movement mean value: 13.7144148161461
Head size ratio maximum value: 0.117971923838714
Head size ratio mean value: 0.115208741166151
Calibration maximum distance: 230.653419658153
Calibration corrected maximum distance: 60.1082357085949
Calibration without correction was successful: True
Calibration with correction was successful: True
Error: no error

VIDEOTASK: 1
Start time: 19.12.2016 19-24-16
End time: 19.12.2016 19-25-44
Image quality minimum value: 0.362204730510712
Image quality mean value: 0.568184995274001
Head movement maximum value: 56.5154846037792
Head movement mean value: 41.9034989914001
Head size ratio maximum value: 0.141566308606457
Head size ratio mean value: 0.0646108934071035
Error: no error
