09.12.2016 08:05:40 
Your face is not detected properly! Please try to set your position again and repeat calibration.
09.12.2016 08:06:07 
Initialization Error!
Please contact us on support@eyesee.be and inform us about this error.
09.12.2016 08:06:41 
Your face is not detected properly! Please try to set your position again and repeat calibration.
09.12.2016 08:07:21 
Your face is not detected properly! Please try to set your position again and repeat calibration.
09.12.2016 08:07:52 WebCam Check Dialog bad settings: FACE ILLUMINATION, webcam shot path: 
09.12.2016 08:07:52 WebCam Check Dialog bad settings: BACKLIGHT 
09.12.2016 08:07:52 WebCam Check Dialog bad settings: CAMERA NOISE 
09.12.2016 08:07:52 WebCam Check Dialog bad settings: FACE SIZE AND POSITION 
09.12.2016 08:08:02 
Your face is not detected properly! Please try to set your position again and repeat calibration.
09.12.2016 08:08:47 
Your face is not detected properly! Please try to set your position again and repeat calibration.
09.12.2016 08:10:04 
Your face is not detected properly! Please try to set your position again and repeat calibration.
09.12.2016 08:11:58 
Initialization Error!
Please contact us on support@eyesee.be and inform us about this error.
09.12.2016 08:13:45 
Your face is not detected properly! Please try to set your position again and repeat calibration.
09.12.2016 08:14:48 
Face not Centered!
Your face is not positioned centrally in the camera image. Please set your position again and repeat calibration.
