
CALIBRATION: calibration_main
Start time: 09.12.2016 08-05-25
End time: 09.12.2016 08-05-40
Image quality on start: 0.645669281482697
Image quality minimum value: 0
Image quality mean value: 0
Head movement maximum value: 0
Head movement mean value: 0
Head size ratio maximum value: 0
Head size ratio mean value: 1
Calibration reprojection error mean value: 999999
Calibration reprojection error outliers count: 999999
Error: 
Your face is not detected properly! Please try to set your position again and repeat calibration.

CALIBRATION: calibration_main
Start time: 09.12.2016 08-05-58
End time: 09.12.2016 08-06-07
Image quality on start: 0.661417305469513
Image quality minimum value: 1000
Image quality mean value: 0
Head movement maximum value: 0
Head movement mean value: 0
Head size ratio maximum value: 0
Head size ratio mean value: 0
Calibration reprojection error mean value: 999999
Calibration reprojection error outliers count: 999999
Error: 
Initialization Error!
Please contact us on support@eyesee.be and inform us about this error.

CALIBRATION: calibration_main
Start time: 09.12.2016 08-06-28
End time: 09.12.2016 08-06-41
Image quality on start: 0.622047245502472
Image quality minimum value: 0
Image quality mean value: 0
Head movement maximum value: 0
Head movement mean value: 0
Head size ratio maximum value: 0
Head size ratio mean value: 1
Calibration reprojection error mean value: 999999
Calibration reprojection error outliers count: 999999
Error: 
Your face is not detected properly! Please try to set your position again and repeat calibration.

CALIBRATION: calibration_main
Start time: 09.12.2016 08-07-06
End time: 09.12.2016 08-07-21
Image quality on start: 0.685039341449738
Image quality minimum value: 0
Image quality mean value: 0.0317472536116838
Head movement maximum value: 0
Head movement mean value: 0
Head size ratio maximum value: 0
Head size ratio mean value: 1
Calibration reprojection error mean value: 999999
Calibration reprojection error outliers count: 999999
Error: 
Your face is not detected properly! Please try to set your position again and repeat calibration.

CALIBRATION: calibration_main
Start time: 09.12.2016 08-07-55
End time: 09.12.2016 08-08-02
Image quality on start: 0
Image quality minimum value: 1000
Image quality mean value: 0
Head movement maximum value: 0
Head movement mean value: 0
Head size ratio maximum value: 0
Head size ratio mean value: 0
Calibration reprojection error mean value: 999999
Calibration reprojection error outliers count: 999999
Error: 
Your face is not detected properly! Please try to set your position again and repeat calibration.

CALIBRATION: calibration_main
Start time: 09.12.2016 08-08-31
End time: 09.12.2016 08-08-47
Image quality on start: 0.74015748500824
Image quality minimum value: 0
Image quality mean value: 0.30422332611951
Head movement maximum value: 8.06225774829855
Head movement mean value: 2.12041049969065
Head size ratio maximum value: 0.151059679719386
Head size ratio mean value: 0.284301720014483
Calibration reprojection error mean value: 999999
Calibration reprojection error outliers count: 999999
Error: 
Your face is not detected properly! Please try to set your position again and repeat calibration.

CALIBRATION: calibration_main
Start time: 09.12.2016 08-09-37
End time: 09.12.2016 08-10-04
Image quality on start: 0.685039341449738
Image quality minimum value: 0
Image quality mean value: 0.482450310460159
Head movement maximum value: 23.3452350598575
Head movement mean value: 14.87314340632
Head size ratio maximum value: 0.131376
Head size ratio mean value: 0.125915542857143
Calibration reprojection error mean value: 999999
Calibration reprojection error outliers count: 999999
Error: 
Your face is not detected properly! Please try to set your position again and repeat calibration.

CALIBRATION: calibration_main
Start time: 09.12.2016 08-11-43
End time: 09.12.2016 08-11-58
Image quality on start: 0.743055522441864
Image quality minimum value: 1000
Image quality mean value: 0
Head movement maximum value: 0
Head movement mean value: 0
Head size ratio maximum value: 0
Head size ratio mean value: 0
Calibration reprojection error mean value: 999999
Calibration reprojection error outliers count: 999999
Error: 
Initialization Error!
Please contact us on support@eyesee.be and inform us about this error.

CALIBRATION: calibration_main
Start time: 09.12.2016 08-13-23
End time: 09.12.2016 08-13-45
Image quality on start: 0.416666656732559
Image quality minimum value: 0
Image quality mean value: 0.184358560613223
Head movement maximum value: 45.7930125674212
Head movement mean value: 39.4013492326884
Head size ratio maximum value: 0.0984593408835833
Head size ratio mean value: 0.128360496325864
Calibration reprojection error mean value: 999999
Calibration reprojection error outliers count: 999999
Error: 
Your face is not detected properly! Please try to set your position again and repeat calibration.

CALIBRATION: calibration_main
Start time: 09.12.2016 08-14-31
End time: 09.12.2016 08-14-48
Image quality on start: 0.65972226858139
Image quality minimum value: 0
Image quality mean value: 0.186892163099312
Head movement maximum value: 0
Head movement mean value: 0
Head size ratio maximum value: 0
Head size ratio mean value: 1
Calibration reprojection error mean value: 999999
Calibration reprojection error outliers count: 999999
Error: 
Face not Centered!
Your face is not positioned centrally in the camera image. Please set your position again and repeat calibration.
