
CALIBRATION: calibration_main
Start time: 17.01.2015 15-11-26
End time: 17.01.2015 15-11-59
Image quality on start: 0.952755928039551
Image quality minimum value: 0.905511796474457
Image quality mean value: 0.920371173076259
Head movement maximum value: 15.52417469626
Head movement mean value: 10.4010177968343
Head size ratio maximum value: 0.059944097277858
Head size ratio mean value: 0.0427535176004042
Calibration reprojection error mean value: 74.1121470133464
Calibration reprojection error outliers count: 0
Error: no error

TEST CALIBRATION: testcalibration_main
Start time: 17.01.2015 15-12-08
End time: 17.01.2015 15-12-24
Image quality minimum value: 0.88976377248764
Image quality mean value: 0.909019293592257
Head movement maximum value: 18.9736659610103
Head movement mean value: 14.6724453083979
Head size ratio maximum value: 0.0773914436788976
Head size ratio mean value: 0.0913186884538573
Calibration maximum distance: 287.236836077826
Calibration corrected maximum distance: 65.8027355054484
Calibration without correction was successful: True
Calibration with correction was successful: True
Error: no error

VIDEOTASK: v
Start time: 17.01.2015 15-12-33
End time: 17.01.2015 15-14-19
Image quality minimum value: 0.790123462677002
Image quality mean value: 0.851503683176972
Head movement maximum value: 46.0977222864644
Head movement mean value: 28.686495882154
Head size ratio maximum value: 0.0499919884633873
Head size ratio mean value: 0.0316404603562729
Error: no error
