

***************
Logging from: TestCalibrationMediaDialog testcalibration_main
Time: Sun Dec 11 12:15:11 2016

H(0,0) = 0.530471
H(0,1) = 0.714663
H(0,2) = -144.102
H(1,0) = -0.357288
H(1,1) = 1.49448
H(1,2) = -105.409
H(2,0) = -0.000495266
H(2,1) = 0.000312853
H(2,2) = 1
---------------



***************
Logging from: TestCalibrationMediaDialog testcalibration_main
Time: Sun Dec 11 12:17:23 2016

H(0,0) = -1.70472
H(0,1) = -1.97499
H(0,2) = 1106.17
H(1,0) = -0.615953
H(1,1) = -1.01678
H(1,2) = 401.167
H(2,0) = -0.00157923
H(2,1) = -0.00226945
H(2,2) = 1
---------------



***************
Logging from: TestCalibrationMediaDialog cal2
Time: Sun Dec 11 12:19:16 2016

H(0,0) = 1.27352
H(0,1) = 0.303176
H(0,2) = -500.56
H(1,0) = 0.0987275
H(1,1) = 1.48602
H(1,2) = -322.139
H(2,0) = 3.59318e-005
H(2,1) = 0.000170316
H(2,2) = 1
---------------

