
CALIBRATION: calibration_main
Start time: 27.01.2017 23-49-15
End time: 27.01.2017 23-49-51
Image quality on start: 0,692913413047791
Image quality minimum value: 0,716535449028015
Image quality mean value: 0,725258332202869
Head movement maximum value: 11,0453610171873
Head movement mean value: 5,5873924887378
Head size ratio maximum value: 0,107578089633318
Head size ratio mean value: 0,086299541752984
Calibration reprojection error mean value: 103,808185153537
Calibration reprojection error outliers count: 0
Error: no error

TEST CALIBRATION: testcalibration_main
Start time: 27.01.2017 23-49-58
End time: 27.01.2017 23-50-15
Image quality minimum value: 0,708661437034607
Image quality mean value: 0,727890603165878
Head movement maximum value: 10,1980390271856
Head movement mean value: 6,99075859027369
Head size ratio maximum value: 0,123585332729742
Head size ratio mean value: 0,150997212360916
Calibration maximum distance: 408,590259306313
Calibration corrected maximum distance: 52,6117857518636
Calibration without correction was successful: False
Calibration with correction was successful: True
Error: no error

WATCHTASK: 1
Start time: 27.01.2017 23-50-27
End time: 27.01.2017 23-50-58
Image quality minimum value: 0,551181077957153
Image quality mean value: 0,567517431303002
Head movement maximum value: 17,464249196573
Head movement mean value: 14,2419808563383
Head size ratio maximum value: 0,170737890448167
Head size ratio mean value: 0,166835360047455
Error: no error

VIDEOTASK: 2
Start time: 27.01.2017 23-51-05
End time: 27.01.2017 23-51-36
Image quality minimum value: 0,362204730510712
Image quality mean value: 0,483198397596117
Head movement maximum value: 24,4131112314674
Head movement mean value: 18,6767645692802
Head size ratio maximum value: 0,209035762788592
Head size ratio mean value: 0,137558132862362
Error: no error
