
CALIBRATION: calibration_main
Start time: 18.12.2016 15-59-52
End time: 18.12.2016 16-00-11
Image quality on start: 0
Image quality minimum value: 1000
Image quality mean value: 0
Head movement maximum value: 0
Head movement mean value: 0
Head size ratio maximum value: 0
Head size ratio mean value: 0
Calibration reprojection error mean value: 999999
Calibration reprojection error outliers count: 999999
Error: 
Your face is not detected properly! Please try to set your position again and repeat calibration.

CALIBRATION: calibration_main
Start time: 18.12.2016 16-00-27
End time: 18.12.2016 16-01-10
Image quality on start: 0.535433053970337
Image quality minimum value: 0.543307065963745
Image quality mean value: 0.56528316345592
Head movement maximum value: 11.1803398874989
Head movement mean value: 5.50004225932871
Head size ratio maximum value: 0.0738957651301623
Head size ratio mean value: 0.0883889358866205
Calibration reprojection error mean value: 105.723616494073
Calibration reprojection error outliers count: 0
Error: no error

TEST CALIBRATION: testcalibration_main
Start time: 18.12.2016 16-01-14
End time: 18.12.2016 16-01-32
Image quality minimum value: 0.574803173542023
Image quality mean value: 0.614987786473899
Head movement maximum value: 8.48528137423857
Head movement mean value: 5.54192669724733
Head size ratio maximum value: 0.105827979202045
Head size ratio mean value: 0.171966466828734
Calibration maximum distance: 507.424871286381
Calibration corrected maximum distance: 156.850247051128
Calibration without correction was successful: False
Calibration with correction was successful: True
Error: no error

VIDEOTASK: 1
Start time: 18.12.2016 16-01-44
End time: 18.12.2016 16-03-19
Image quality minimum value: 0.590551197528839
Image quality mean value: 0.664342180070346
Head movement maximum value: 64.2572953056694
Head movement mean value: 50.836563635019
Head size ratio maximum value: 0.175627177395354
Head size ratio mean value: 0.0987195519655581
Error: no error
