

***************
Logging from: TestCalibrationMediaDialog testcalibration_main
Time: Fri Jan 23 13:13:13 2015

H(0,0) = 0.45665
H(0,1) = -0.570273
H(0,2) = 167.088
H(1,0) = -0.23652
H(1,1) = -0.107287
H(1,2) = 328.004
H(2,0) = -0.000375412
H(2,1) = -0.000825179
H(2,2) = 1
---------------



***************
Logging from: VideoMediaDialog v - start
Time: Fri Jan 23 13:13:23 2015

H(0,0) = 0.45665
H(0,1) = -0.570273
H(0,2) = 167.088
H(1,0) = -0.23652
H(1,1) = -0.107287
H(1,2) = 328.004
H(2,0) = -0.000375412
H(2,1) = -0.000825179
H(2,2) = 1
---------------



***************
Logging from: VideoMediaDialog v - stop
Time: Fri Jan 23 13:15:15 2015

H(0,0) = 0.45665
H(0,1) = -0.570273
H(0,2) = 167.088
H(1,0) = -0.23652
H(1,1) = -0.107287
H(1,2) = 328.004
H(2,0) = -0.000375412
H(2,1) = -0.000825179
H(2,2) = 1
---------------

