
CALIBRATION: calibration_main
Start time: 23.01.2015 13-12-07
End time: 23.01.2015 13-12-48
Image quality on start: 0.881889760494232
Image quality minimum value: 0.871874988079071
Image quality mean value: 0.916348584904903
Head movement maximum value: 17.0293863659264
Head movement mean value: 8.85653359773051
Head size ratio maximum value: 0.11964639536656
Head size ratio mean value: 0.119285595386056
Calibration reprojection error mean value: 183.41989686754
Calibration reprojection error outliers count: 2
Error: no error

TEST CALIBRATION: testcalibration_main
Start time: 23.01.2015 13-12-57
End time: 23.01.2015 13-13-14
Image quality minimum value: 0.833333313465118
Image quality mean value: 0.87996969015702
Head movement maximum value: 13.0384048104053
Head movement mean value: 10.5122622547622
Head size ratio maximum value: 0.172873376348456
Head size ratio mean value: 0.24624722135706
Calibration maximum distance: 404.820948074578
Calibration corrected maximum distance: 205.681793068808
Calibration without correction was successful: False
Calibration with correction was successful: True
Error: no error

VIDEOTASK: v
Start time: 23.01.2015 13-13-22
End time: 23.01.2015 13-15-15
Image quality minimum value: 0.078740157186985
Image quality mean value: 0.569359994895848
Head movement maximum value: 12.2065556157337
Head movement mean value: 5.48001443070234
Head size ratio maximum value: 0.150265034124202
Head size ratio mean value: 0.164434266665747
Error: no error
