
CALIBRATION: calibration_main
Start time: 11.04.2017 15-13-03
End time: 11.04.2017 15-13-34
Image quality on start: 0,622047245502472
Image quality minimum value: 0,637795269489288
Image quality mean value: 0,662027468760515
Head movement maximum value: 13,0384048104053
Head movement mean value: 7,09763239878993
Head size ratio maximum value: 0,123093284233584
Head size ratio mean value: 0,0534326433405758
Calibration reprojection error mean value: 94,4429675208198
Calibration reprojection error outliers count: 0
Error: no error

TEST CALIBRATION: testcalibration_main
Start time: 11.04.2017 15-13-35
End time: 11.04.2017 15-13-51
Image quality minimum value: 0,62992125749588
Image quality mean value: 0,675319009402703
Head movement maximum value: 12,5299640861417
Head movement mean value: 9,3105662857445
Head size ratio maximum value: 0,0729988412882334
Head size ratio mean value: 0,0473144104444975
Calibration maximum distance: 164,344151097628
Calibration corrected maximum distance: 77,0259696466069
Calibration without correction was successful: True
Calibration with correction was successful: True
Error: no error

WATCHTASK: 1
Start time: 11.04.2017 15-13-52
End time: 11.04.2017 15-14-08
Image quality minimum value: 0,598425209522247
Image quality mean value: 0,635517433072839
Head movement maximum value: 13,0384048104053
Head movement mean value: 9,51446457069753
Head size ratio maximum value: 0,097903207885589
Head size ratio mean value: 0,0520089250284008
Error: no error
