
CALIBRATION: calibration_main
Start time: 17.01.2015 23-59-13
End time: 17.01.2015 23-59-48
Image quality on start: 0.899999976158142
Image quality minimum value: 0.886075973510742
Image quality mean value: 0.905107204638534
Head movement maximum value: 8.06225774829855
Head movement mean value: 4.18522274844967
Head size ratio maximum value: 0.0680660352584863
Head size ratio mean value: 0.0612900640525149
Calibration reprojection error mean value: 106.239365047879
Calibration reprojection error outliers count: 1
Error: no error

TEST CALIBRATION: testcalibration_main
Start time: 17.01.2015 23-59-55
End time: 18.01.2015 00-00-11
Image quality minimum value: 0.846153855323792
Image quality mean value: 0.861912187721048
Head movement maximum value: 13.0384048104053
Head movement mean value: 8.94057093794903
Head size ratio maximum value: 0.0767318499325993
Head size ratio mean value: 0.111187841849508
Calibration maximum distance: 244.174118202565
Calibration corrected maximum distance: 46.5725240887801
Calibration without correction was successful: True
Calibration with correction was successful: True
Error: no error

VIDEOTASK: v
Start time: 18.01.2015 00-00-23
End time: 18.01.2015 00-02-06
Image quality minimum value: 0.433070868253708
Image quality mean value: 0.742373080153502
Head movement maximum value: 16.1245154965971
Head movement mean value: 10.1220977987423
Head size ratio maximum value: 0.138372927644824
Head size ratio mean value: 0.0732466275220502
Error: no error
