
CALIBRATION: calibration_main
Start time: 19.03.2017 20-05-49
End time: 19.03.2017 20-06-22
Image quality on start: 0.409448832273483
Image quality minimum value: 0.440944880247116
Image quality mean value: 0.451186416116921
Head movement maximum value: 12.1655250605964
Head movement mean value: 5.64336194180024
Head size ratio maximum value: 0.084467677656436
Head size ratio mean value: 0.0630320845404171
Calibration reprojection error mean value: 143.213581932916
Calibration reprojection error outliers count: 0
Error: no error

TEST CALIBRATION: testcalibration_main
Start time: 19.03.2017 20-06-25
End time: 19.03.2017 20-06-41
Image quality minimum value: 0.440944880247116
Image quality mean value: 0.460600312042953
Head movement maximum value: 10
Head movement mean value: 7.59176530684682
Head size ratio maximum value: 0.0583820713213601
Head size ratio mean value: 0.0981777784350112
Calibration maximum distance: 690.97395030493
Calibration corrected maximum distance: 207.299300529452
Calibration without correction was successful: False
Calibration with correction was successful: True
Error: no error

CLICKTASK: filler
Start time: 19.03.2017 20-06-48
End time: 19.03.2017 20-06-57
Image quality minimum value: 0.267716526985168
Image quality mean value: 0.322228948657329
Head movement maximum value: 9.4339811320566
Head movement mean value: 6.39435092652232
Head size ratio maximum value: 0.0807023445991408
Head size ratio mean value: 0.271959300296343
Error: no error

CLICKTASK: full_shelf
Start time: 19.03.2017 20-07-02
End time: 19.03.2017 20-07-12
Image quality minimum value: 0.330708652734756
Image quality mean value: 0.406464981719067
Head movement maximum value: 20.0997512422418
Head movement mean value: 13.5398746435785
Head size ratio maximum value: 0.118420371616376
Head size ratio mean value: 0.0622754352368162
Error: no error

CLICKTASK: 3row_shelf
Start time: 19.03.2017 20-07-14
End time: 19.03.2017 20-07-33
Image quality minimum value: 0.244094491004944
Image quality mean value: 0.313794116494517
Head movement maximum value: 20.1246117974981
Head movement mean value: 1.35265608470859
Head size ratio maximum value: 0.084467677656436
Head size ratio mean value: 0.931298811584512
Error: no error

CLICKTASK: pack
Start time: 19.03.2017 20-07-37
End time: 19.03.2017 20-07-43
Image quality minimum value: 0.4251968562603
Image quality mean value: 0.437007875354202
Head movement maximum value: 14.142135623731
Head movement mean value: 11.6435375291329
Head size ratio maximum value: 0.0362947052429998
Head size ratio mean value: 0.12396030417872
Error: no error
