

***************
Logging from: TestCalibrationMediaDialog testcalibration_main
Time: Sat Mar 18 19:47:25 2017

H(0,0) = -0.202118
H(0,1) = -1.45856
H(0,2) = 758.736
H(1,0) = -0.0831631
H(1,1) = -0.899954
H(1,2) = 444.112
H(2,0) = -0.000233679
H(2,1) = -0.00196905
H(2,2) = 1
---------------



***************
Logging from: TestCalibrationMediaDialog testcalibration_main
Time: Sat Mar 18 19:58:44 2017

H(0,0) = 12.1194
H(0,1) = 65.2842
H(0,2) = -22080
H(1,0) = -0.15695
H(1,1) = 40.1272
H(1,2) = -6433.6
H(2,0) = -0.0090657
H(2,1) = 0.0632041
H(2,2) = 1
---------------

