
CALIBRATION: calibration_main
Start time: 18.03.2017 19-46-27
End time: 18.03.2017 19-47-04
Image quality on start: 0.771653532981873
Image quality minimum value: 0.748554885387421
Image quality mean value: 0.782938017917039
Head movement maximum value: 13.0384048104053
Head movement mean value: 7.24657453510789
Head size ratio maximum value: 0.0761638571054239
Head size ratio mean value: 0.0756099477209613
Calibration reprojection error mean value: 169.785919189453
Calibration reprojection error outliers count: 2
Error: no error

TEST CALIBRATION: testcalibration_main
Start time: 18.03.2017 19-47-08
End time: 18.03.2017 19-47-41
Image quality minimum value: 0.735465109348297
Image quality mean value: 0.757491818001104
Head movement maximum value: 16.1245154965971
Head movement mean value: 11.9251478700215
Head size ratio maximum value: 0.0643505983055289
Head size ratio mean value: 0.118208252167854
Calibration maximum distance: 445.252737217864
Calibration corrected maximum distance: 699.311804562171
Calibration without correction was successful: False
Calibration with correction was successful: False
Error: 
Calibration not accurate enough. 
We need some further fine tuning of the calibration, it doesn't always get right from the first time. Please try again, give your best to keep your head still and focus at the red dot.

CALIBRATION: calibration_main
Start time: 18.03.2017 19-57-47
End time: 18.03.2017 19-58-23
Image quality on start: 0.708333432674408
Image quality minimum value: 0.625
Image quality mean value: 0.707920816275153
Head movement maximum value: 10.0498756211209
Head movement mean value: 4.26599982321855
Head size ratio maximum value: 0.112486014172305
Head size ratio mean value: 0.0914408712702481
Calibration reprojection error mean value: 154.187664455838
Calibration reprojection error outliers count: 1
Error: no error

TEST CALIBRATION: testcalibration_main
Start time: 18.03.2017 19-58-28
End time: 18.03.2017 19-58-44
Image quality minimum value: 0.65972226858139
Image quality mean value: 0.716682302148155
Head movement maximum value: 11.7046999107196
Head movement mean value: 7.83899911659868
Head size ratio maximum value: 0.0667723373648037
Head size ratio mean value: 0.121591843112089
Calibration maximum distance: 407.083529512065
Calibration corrected maximum distance: 330.938060669969
Calibration without correction was successful: False
Calibration with correction was successful: False
Error: 
Calibration not accurate enough. 
We need some further fine tuning of the calibration, it doesn't always get right from the first time. Please try again, give your best to keep your head still and focus at the red dot.

CLICKTASK: filler
Start time: 18.03.2017 19-58-50
End time: 18.03.2017 20-00-04
Image quality minimum value: 1000
Image quality mean value: 0
Head movement maximum value: 0
Head movement mean value: 0
Head size ratio maximum value: 0
Head size ratio mean value: 0
Error: no error

CLICKTASK: full_shelf
Start time: 18.03.2017 20-00-42
End time: 18.03.2017 20-00-59
Image quality minimum value: 1000
Image quality mean value: 0
Head movement maximum value: 0
Head movement mean value: 0
Head size ratio maximum value: 0
Head size ratio mean value: 0
Error: no error

CLICKTASK: 3row_shelf
Start time: 18.03.2017 20-01-07
End time: 18.03.2017 20-01-26
Image quality minimum value: 1000
Image quality mean value: 0
Head movement maximum value: 0
Head movement mean value: 0
Head size ratio maximum value: 0
Head size ratio mean value: 0
Error: no error
