

***************
Logging from: TestCalibrationMediaDialog testcalibration_main
Time: Mon Dec 19 19:24:11 2016

H(0,0) = -0.166924
H(0,1) = -0.290291
H(0,2) = 260.323
H(1,0) = -0.132452
H(1,1) = -0.287252
H(1,2) = 229.597
H(2,0) = -0.000581485
H(2,1) = -0.00126804
H(2,2) = 1
---------------



***************
Logging from: TestCalibrationMediaDialog testcalibration_main
Time: Mon Dec 19 19:25:31 2016

H(0,0) = 0.830512
H(0,1) = -0.394434
H(0,2) = 39.0572
H(1,0) = 0.0153894
H(1,1) = 0.534401
H(1,2) = 76.979
H(2,0) = -2.15503e-006
H(2,1) = -0.000896489
H(2,2) = 1
---------------

