
CALIBRATION: calibration_main
Start time: 19.12.2016 19-23-15
End time: 19.12.2016 19-23-51
Image quality on start: 0.685039341449738
Image quality minimum value: 0.669291317462921
Image quality mean value: 0.679027014693549
Head movement maximum value: 2.82842712474619
Head movement mean value: 1.60457822756308
Head size ratio maximum value: 0.0363605757091154
Head size ratio mean value: 0.0478956695238116
Calibration reprojection error mean value: 70.0619442198012
Calibration reprojection error outliers count: 0
Error: no error

TEST CALIBRATION: testcalibration_main
Start time: 19.12.2016 19-23-54
End time: 19.12.2016 19-24-17
Image quality minimum value: 0.677165329456329
Image quality mean value: 0.686433715745807
Head movement maximum value: 3.16227766016838
Head movement mean value: 1.71000687551451
Head size ratio maximum value: 0.0277123137783015
Head size ratio mean value: 0.0944215904946274
Calibration maximum distance: 619.864501322668
Calibration corrected maximum distance: 511.353106962302
Calibration without correction was successful: False
Calibration with correction was successful: False
Error: 
Calibration not accurate enough. 
We need some further fine tuning of the calibration, it doesn't always get right from the first time. Please try again, give your best to keep your head still and focus at the red dot.

CALIBRATION: calibration_main
Start time: 19.12.2016 19-24-38
End time: 19.12.2016 19-25-12
Image quality on start: 0.700787425041199
Image quality minimum value: 0.661417305469513
Image quality mean value: 0.67573079285834
Head movement maximum value: 4
Head movement mean value: 1.98926071093888
Head size ratio maximum value: 0.04632568359375
Head size ratio mean value: 0.0531199837503163
Calibration reprojection error mean value: 91.8391136593289
Calibration reprojection error outliers count: 1
Error: no error

TEST CALIBRATION: testcalibration_main
Start time: 19.12.2016 19-25-15
End time: 19.12.2016 19-25-31
Image quality minimum value: 0.661417305469513
Image quality mean value: 0.67536284478314
Head movement maximum value: 4.12310562561766
Head movement mean value: 1.95772934224969
Head size ratio maximum value: 0.04632568359375
Head size ratio mean value: 0.117859989763742
Calibration maximum distance: 309.23130501293
Calibration corrected maximum distance: 82.0243866176395
Calibration without correction was successful: True
Calibration with correction was successful: True
Error: no error

VIDEOTASK: 1
Start time: 19.12.2016 19-25-35
End time: 19.12.2016 19-27-04
Image quality minimum value: 0.669291317462921
Image quality mean value: 0.789810815153196
Head movement maximum value: 6.08276253029822
Head movement mean value: 3.29212409813309
Head size ratio maximum value: 0.0715484619140625
Head size ratio mean value: 0.0310010806534641
Error: no error
