
CALIBRATION: calibration_main
Start time: 17.03.2017 09-40-45
End time: 17.03.2017 09-41-17
Image quality on start: 0.876623392105103
Image quality minimum value: 0.785714268684387
Image quality mean value: 0.827034243003086
Head movement maximum value: 18.6815416922694
Head movement mean value: 10.309513828921
Head size ratio maximum value: 0.0466860933721868
Head size ratio mean value: 0.0608902930768824
Calibration reprojection error mean value: 118.955279456245
Calibration reprojection error outliers count: 0
Error: no error

TEST CALIBRATION: testcalibration_main
Start time: 17.03.2017 09-41-20
End time: 17.03.2017 09-41-37
Image quality minimum value: 0.722580671310425
Image quality mean value: 0.765092963522131
Head movement maximum value: 34.7131099154196
Head movement mean value: 27.4293779224776
Head size ratio maximum value: 0.062000124000248
Head size ratio mean value: 0.104732684671981
Calibration maximum distance: 480.105196805867
Calibration corrected maximum distance: 303.199604221378
Calibration without correction was successful: False
Calibration with correction was successful: True
Error: no error

CLICKTASK: filler
Start time: 17.03.2017 09-41-40
End time: 17.03.2017 09-41-50
Image quality minimum value: 0.714285731315613
Image quality mean value: 0.736111606359482
Head movement maximum value: 36.6878726556883
Head movement mean value: 28.8070209662785
Head size ratio maximum value: 0.107198214396429
Head size ratio mean value: 0.200453220906441
Error: no error

CLICKTASK: full_shelf
Start time: 17.03.2017 09-41-55
End time: 17.03.2017 09-42-03
Image quality minimum value: 0.338709682226181
Image quality mean value: 0.712244036048651
Head movement maximum value: 43.6577599058861
Head movement mean value: 29.4145216515838
Head size ratio maximum value: 0.114622729245458
Head size ratio mean value: 0.254294283588567
Error: no error

CLICKTASK: 3row_shelf
Start time: 17.03.2017 09-42-06
End time: 17.03.2017 09-42-16
Image quality minimum value: 0.653543293476105
Image quality mean value: 0.705881029367447
Head movement maximum value: 38.4707681233427
Head movement mean value: 29.7198410528853
Head size ratio maximum value: 0.107198214396429
Head size ratio mean value: 0.175764986145357
Error: no error

CLICKTASK: pack
Start time: 17.03.2017 09-42-19
End time: 17.03.2017 09-42-27
Image quality minimum value: 0.690322577953339
Image quality mean value: 0.704915675154904
Head movement maximum value: 40.7185461430047
Head movement mean value: 35.771688421769
Head size ratio maximum value: 0.0771901543803087
Head size ratio mean value: 0.139341471665399
Error: no error
