

***************
Logging from: TestCalibrationMediaDialog testcalibration_main
Time: Mon Dec 19 22:47:11 2016

H(0,0) = -22.3493
H(0,1) = 31.9272
H(0,2) = 2232.69
H(1,0) = -13.3219
H(1,1) = 33.4625
H(1,2) = -584.04
H(2,0) = -0.0299448
H(2,1) = 0.0613332
H(2,2) = 1
---------------



***************
Logging from: TestCalibrationMediaDialog testcalibration_main
Time: Mon Dec 19 22:48:33 2016

H(0,0) = 1.68012
H(0,1) = -5.80183
H(0,2) = 901.93
H(1,0) = 0.60437
H(1,1) = -2.42762
H(1,2) = 426.307
H(2,0) = 0.0014228
H(2,1) = -0.00573049
H(2,2) = 1
---------------

