
CALIBRATION: calibration_main
Start time: 19.12.2016 22-46-15
End time: 19.12.2016 22-46-48
Image quality on start: 0.771653532981873
Image quality minimum value: 0.771653532981873
Image quality mean value: 0.784755888938904
Head movement maximum value: 14.422205101856
Head movement mean value: 9.29769197717112
Head size ratio maximum value: 0.0449382716049382
Head size ratio mean value: 0.0415072395061727
Calibration reprojection error mean value: 164.731297810872
Calibration reprojection error outliers count: 2
Error: no error

TEST CALIBRATION: testcalibration_main
Start time: 19.12.2016 22-46-55
End time: 19.12.2016 22-47-21
Image quality minimum value: 0.748031497001648
Image quality mean value: 0.779430334950671
Head movement maximum value: 16.5529453572468
Head movement mean value: 13.3614663163681
Head size ratio maximum value: 0.0612543209876544
Head size ratio mean value: 0.114119920743789
Calibration maximum distance: 470.414710654333
Calibration corrected maximum distance: 319.452656899266
Calibration without correction was successful: False
Calibration with correction was successful: False
Error: 
Calibration not accurate enough. 
We need some further fine tuning of the calibration, it doesn't always get right from the first time. Please try again, give your best to keep your head still and focus at the red dot.

CALIBRATION: calibration_main
Start time: 19.12.2016 22-47-42
End time: 19.12.2016 22-48-14
Image quality on start: 0.763779520988464
Image quality minimum value: 0.763779520988464
Image quality mean value: 0.778543091358099
Head movement maximum value: 12.6491106406735
Head movement mean value: 9.91886887544195
Head size ratio maximum value: 0.0988188673437982
Head size ratio mean value: 0.0599016007238779
Calibration reprojection error mean value: 81.972339630127
Calibration reprojection error outliers count: 0
Error: no error

TEST CALIBRATION: testcalibration_main
Start time: 19.12.2016 22-48-16
End time: 19.12.2016 22-48-33
Image quality minimum value: 0.748031497001648
Image quality mean value: 0.780596855245991
Head movement maximum value: 13.9283882771841
Head movement mean value: 10.9648097643215
Head size ratio maximum value: 0.0623461064943058
Head size ratio mean value: 0.135894852737215
Calibration maximum distance: 801.000624219482
Calibration corrected maximum distance: 267.988805736359
Calibration without correction was successful: False
Calibration with correction was successful: True
Error: no error

VIDEOTASK: 1
Start time: 19.12.2016 22-48-48
End time: 19.12.2016 22-50-18
Image quality minimum value: 0.566929161548615
Image quality mean value: 0.629921257927798
Head movement maximum value: 18.3575597506858
Head movement mean value: 8.05969453148919
Head size ratio maximum value: 0.0988188673437982
Head size ratio mean value: 0.10509393079699
Error: no error
