

***************
Logging from: TestCalibrationMediaDialog testcalibration_main
Time: Fri Jan 16 10:19:41 2015

H(0,0) = -3.95049
H(0,1) = -0.371209
H(0,2) = 2674.62
H(1,0) = -2.81701
H(1,1) = -5.21854
H(1,2) = 5824.08
H(2,0) = -0.00168364
H(2,1) = -0.00157544
H(2,2) = 1
---------------



***************
Logging from: VideoMediaDialog v - start
Time: Fri Jan 16 10:19:44 2015

H(0,0) = -3.95049
H(0,1) = -0.371209
H(0,2) = 2674.62
H(1,0) = -2.81701
H(1,1) = -5.21854
H(1,2) = 5824.08
H(2,0) = -0.00168364
H(2,1) = -0.00157544
H(2,2) = 1
---------------



***************
Logging from: VideoMediaDialog v - stop
Time: Fri Jan 16 10:21:28 2015

H(0,0) = -3.95049
H(0,1) = -0.371209
H(0,2) = 2674.62
H(1,0) = -2.81701
H(1,1) = -5.21854
H(1,2) = 5824.08
H(2,0) = -0.00168364
H(2,1) = -0.00157544
H(2,2) = 1
---------------

