
CALIBRATION: calibration_main
Start time: 07.12.2016 19-42-41
End time: 07.12.2016 19-43-14
Image quality on start: 0.433070868253708
Image quality minimum value: 0.385826766490936
Image quality mean value: 0.399887506184833
Head movement maximum value: 11.4017542509914
Head movement mean value: 5.41715012457664
Head size ratio maximum value: 0.120572839506173
Head size ratio mean value: 0.0888483245149914
Calibration reprojection error mean value: 66.9601779513889
Calibration reprojection error outliers count: 0
Error: no error

TEST CALIBRATION: testcalibration_main
Start time: 07.12.2016 19-43-17
End time: 07.12.2016 19-43-34
Image quality minimum value: 0.37007874250412
Image quality mean value: 0.385912821429675
Head movement maximum value: 15.2315462117278
Head movement mean value: 10.96295891291
Head size ratio maximum value: 0.120572839506173
Head size ratio mean value: 0.113862510962693
Calibration maximum distance: 329.273442597486
Calibration corrected maximum distance: 67.6017751246223
Calibration without correction was successful: False
Calibration with correction was successful: True
Error: no error

CLICKTASK: c1
Start time: 07.12.2016 19-43-38
End time: 07.12.2016 19-43-50
Image quality minimum value: 0.37007874250412
Image quality mean value: 0.579260157339228
Head movement maximum value: 15.8113883008419
Head movement mean value: 13.6469993986175
Head size ratio maximum value: 0.0698469135802469
Head size ratio mean value: 0.0884564329528687
Error: no error

CLICKTASK: c2
Start time: 07.12.2016 19-43-55
End time: 07.12.2016 19-44-03
Image quality minimum value: 0.31496062874794
Image quality mean value: 0.503214613013311
Head movement maximum value: 16
Head movement mean value: 13.4770684240906
Head size ratio maximum value: 0.0612543209876544
Head size ratio mean value: 0.0979091629856154
Error: no error

CLICKTASK: c3
Start time: 07.12.2016 19-44-06
End time: 07.12.2016 19-44-26
Image quality minimum value: 0.346456706523895
Image quality mean value: 0.488029372752518
Head movement maximum value: 16.0312195418814
Head movement mean value: 13.6906556483086
Head size ratio maximum value: 0.0784
Head size ratio mean value: 0.0216854187520855
Error: no error

CLICKTASK: c4
Start time: 07.12.2016 19-44-29
End time: 07.12.2016 19-44-49
Image quality minimum value: 0.346456706523895
Image quality mean value: 0.410082357482435
Head movement maximum value: 15.0332963783729
Head movement mean value: 12.5483452884044
Head size ratio maximum value: 0.0953876543209876
Head size ratio mean value: 0.0658106995884774
Error: no error
