
CALIBRATION: calibration_main
Start time: 19.12.2016 14-01-51
End time: 19.12.2016 14-02-25
Image quality on start: 0.606299221515656
Image quality minimum value: 0.614173233509064
Image quality mean value: 0.623784159912783
Head movement maximum value: 11.7046999107196
Head movement mean value: 5.72912921606639
Head size ratio maximum value: 0.0581993626377539
Head size ratio mean value: 0.0389191372395425
Calibration reprojection error mean value: 207.216748555501
Calibration reprojection error outliers count: 2
Error: no error

TEST CALIBRATION: testcalibration_main
Start time: 19.12.2016 14-02-27
End time: 19.12.2016 14-02-43
Image quality minimum value: 0.614173233509064
Image quality mean value: 0.626605884024971
Head movement maximum value: 13.1529464379659
Head movement mean value: 11.0383754089683
Head size ratio maximum value: 0.0663711299827306
Head size ratio mean value: 0.0751985002653335
Calibration maximum distance: 674.641386219375
Calibration corrected maximum distance: 273.941599615685
Calibration without correction was successful: False
Calibration with correction was successful: True
Error: no error

VIDEOTASK: 1
Start time: 19.12.2016 14-02-47
End time: 19.12.2016 14-04-15
Image quality minimum value: 0.535433053970337
Image quality mean value: 0.574430550688676
Head movement maximum value: 35.1283361405006
Head movement mean value: 25.0336261866405
Head size ratio maximum value: 0.0663711299827306
Head size ratio mean value: 0.0351262037064939
Error: no error
