

***************
Logging from: TestCalibrationMediaDialog testcalibration_main
Time: Wed Dec 07 17:37:52 2016

H(0,0) = -0.532308
H(0,1) = -0.392687
H(0,2) = 540.576
H(1,0) = -0.444053
H(1,1) = -0.323098
H(1,2) = 449.652
H(2,0) = -0.000941605
H(2,1) = -0.000809967
H(2,2) = 1
---------------



***************
Logging from: TestCalibrationMediaDialog testcalibration_main
Time: Wed Dec 07 17:39:19 2016

H(0,0) = 2.54646
H(0,1) = 0.373189
H(0,2) = -499.052
H(1,0) = 0.40207
H(1,1) = 1.60808
H(1,2) = -290.632
H(2,0) = 0.000903399
H(2,1) = 9.97135e-005
H(2,2) = 1
---------------

