
CALIBRATION: calibration_main
Start time: 07.12.2016 17-36-59
End time: 07.12.2016 17-37-33
Image quality on start: 0.472440958023071
Image quality minimum value: 0
Image quality mean value: 0.605825310228048
Head movement maximum value: 17
Head movement mean value: 9.47447102417115
Head size ratio maximum value: 0.184674820630597
Head size ratio mean value: 0.102193743352568
Calibration reprojection error mean value: 303.229771084256
Calibration reprojection error outliers count: 2
Error: no error

TEST CALIBRATION: testcalibration_main
Start time: 07.12.2016 17-37-35
End time: 07.12.2016 17-38-00
Image quality minimum value: 0
Image quality mean value: 0.505480938682369
Head movement maximum value: 17.0880074906351
Head movement mean value: 9.34501007145731
Head size ratio maximum value: 0.161655005430042
Head size ratio mean value: 0.191341326717445
Calibration maximum distance: 707.407237735097
Calibration corrected maximum distance: 1130.83906901026
Calibration without correction was successful: False
Calibration with correction was successful: False
Error: 
Calibration not accurate enough. 
We need some further fine tuning of the calibration, it doesn't always get right from the first time. Please try again, give your best to keep your head still and focus at the red dot.

CALIBRATION: calibration_main
Start time: 07.12.2016 17-38-28
End time: 07.12.2016 17-39-01
Image quality on start: 0.496062994003296
Image quality minimum value: 0.551181077957153
Image quality mean value: 0.607278936744286
Head movement maximum value: 17.2626765016321
Head movement mean value: 7.20285763522507
Head size ratio maximum value: 0.136022625277312
Head size ratio mean value: 0.0841287556776444
Calibration reprojection error mean value: 58.2653266059028
Calibration reprojection error outliers count: 0
Error: no error

TEST CALIBRATION: testcalibration_main
Start time: 07.12.2016 17-39-02
End time: 07.12.2016 17-39-19
Image quality minimum value: 0.543307065963745
Image quality mean value: 0.612444791367384
Head movement maximum value: 12.6491106406735
Head movement mean value: 6.24062464752074
Head size ratio maximum value: 0.136022625277312
Head size ratio mean value: 0.137944826585389
Calibration maximum distance: 241.960740617151
Calibration corrected maximum distance: 104.100912580054
Calibration without correction was successful: True
Calibration with correction was successful: True
Error: no error

CLICKTASK: c1
Start time: 07.12.2016 17-39-25
End time: 07.12.2016 17-39-34
Image quality minimum value: 0.283464580774307
Image quality mean value: 0.314452634703728
Head movement maximum value: 7.61577310586391
Head movement mean value: 1.8599339704168
Head size ratio maximum value: 0.15363511659808
Head size ratio mean value: 0.644404674302752
Error: no error

CLICKTASK: c2
Start time: 07.12.2016 17-39-39
End time: 07.12.2016 17-39-51
Image quality minimum value: 0.25984251499176
Image quality mean value: 0.327789085634639
Head movement maximum value: 5.65685424949238
Head movement mean value: 0.693167666274977
Head size ratio maximum value: 0.0727023319615913
Head size ratio mean value: 0.862949852541053
Error: no error

CLICKTASK: c3
Start time: 07.12.2016 17-39-56
End time: 07.12.2016 17-40-40
Image quality minimum value: 0.322834640741348
Image quality mean value: 0.339854996651411
Head movement maximum value: 13.1529464379659
Head movement mean value: 5.93920280257663
Head size ratio maximum value: 0.198259072973293
Head size ratio mean value: 0.0772472345208138
Error: no error

CLICKTASK: c4
Start time: 07.12.2016 17-40-48
End time: 07.12.2016 17-41-20
Image quality minimum value: 0.322834640741348
Image quality mean value: 0.483083440152477
Head movement maximum value: 13.3416640641263
Head movement mean value: 7.2981416258908
Head size ratio maximum value: 0.172873376348456
Head size ratio mean value: 0.116012388442042
Error: no error
