

***************
Logging from: TestCalibrationMediaDialog testcalibration_main
Time: Thu Mar 02 11:42:49 2017

H(0,0) = -7.56275
H(0,1) = -18.7158
H(0,2) = 5158.89
H(1,0) = -0.243428
H(1,1) = -15.9386
H(1,2) = -360.525
H(2,0) = -0.00401296
H(2,1) = -0.0125756
H(2,2) = 1
---------------



***************
Logging from: TestCalibrationMediaDialog testcalibration_main
Time: Thu Mar 02 11:44:00 2017

H(0,0) = 1.29849
H(0,1) = 3.20474
H(0,2) = -2229.39
H(1,0) = -0.511264
H(1,1) = 0.593943
H(1,2) = 359.345
H(2,0) = 0.000521722
H(2,1) = -0.00127813
H(2,2) = 1
---------------

