
CALIBRATION: calibration_main
Start time: 19.12.2016 17-33-16
End time: 19.12.2016 17-33-52
Image quality on start: 0.645669281482697
Image quality minimum value: 0.614173233509064
Image quality mean value: 0.67163997516036
Head movement maximum value: 6.08276253029822
Head movement mean value: 2.72369832281424
Head size ratio maximum value: 0.0497260695598645
Head size ratio mean value: 0.0608325638658049
Calibration reprojection error mean value: 58.2039881812202
Calibration reprojection error outliers count: 0
Error: no error

TEST CALIBRATION: testcalibration_main
Start time: 19.12.2016 17-33-58
End time: 19.12.2016 17-34-15
Image quality minimum value: 0.625
Image quality mean value: 0.682099322477976
Head movement maximum value: 4.24264068711928
Head movement mean value: 1.98482590671561
Head size ratio maximum value: 0.0485195444752231
Head size ratio mean value: 0.0949053477215988
Calibration maximum distance: 220.791757092515
Calibration corrected maximum distance: 20
Calibration without correction was successful: True
Calibration with correction was successful: True
Error: no error

VIDEOTASK: 1
Start time: 19.12.2016 17-34-22
End time: 19.12.2016 17-39-00
Image quality minimum value: 0
Image quality mean value: 0.504655894059623
Head movement maximum value: 66.1211010192662
Head movement mean value: 30.8710270212316
Head size ratio maximum value: 0.137777777777778
Head size ratio mean value: 0.0375750075526745
Error: no error
