
CALIBRATION: calibration_main
Start time: 19.12.2016 12-24-53
End time: 19.12.2016 12-25-02
Image quality on start: 0
Image quality minimum value: 1000
Image quality mean value: 0
Head movement maximum value: 0
Head movement mean value: 0
Head size ratio maximum value: 0
Head size ratio mean value: 0
Calibration reprojection error mean value: 999999
Calibration reprojection error outliers count: 999999
Error: 
Your face is not detected properly! Please try to set your position again and repeat calibration.

CALIBRATION: calibration_main
Start time: 19.12.2016 12-26-24
End time: 19.12.2016 12-26-55
Image quality on start: 0.848684191703796
Image quality minimum value: 0.842519700527191
Image quality mean value: 0.875940137942934
Head movement maximum value: 34.6698716467194
Head movement mean value: 29.7277794510361
Head size ratio maximum value: 0.192704505624965
Head size ratio mean value: 0.139010205263867
Calibration reprojection error mean value: 206.414761013455
Calibration reprojection error outliers count: 1
Error: no error

TEST CALIBRATION: testcalibration_main
Start time: 19.12.2016 12-27-01
End time: 19.12.2016 12-27-17
Image quality minimum value: 0.811023592948914
Image quality mean value: 0.847617086925005
Head movement maximum value: 40.3112887414927
Head movement mean value: 36.701545020864
Head size ratio maximum value: 0.137755102040816
Head size ratio mean value: 0.137580446962281
Calibration maximum distance: 962.655182295301
Calibration corrected maximum distance: 261.467015128104
Calibration without correction was successful: False
Calibration with correction was successful: True
Error: no error

VIDEOTASK: 1
Start time: 19.12.2016 12-27-27
End time: 19.12.2016 12-28-54
Image quality minimum value: 0.6875
Image quality mean value: 0.866913572231435
Head movement maximum value: 60.8276253029822
Head movement mean value: 38.511540420185
Head size ratio maximum value: 0.232729379840579
Head size ratio mean value: 0.138796610750178
Error: no error
