

***************
Logging from: TestCalibrationMediaDialog testcalibration_main
Time: Tue Dec 06 15:19:01 2016

H(0,0) = 1.68792
H(0,1) = -2.5829
H(0,2) = 469.435
H(1,0) = 0.07689
H(1,1) = 0.546317
H(1,2) = -21.736
H(2,0) = 0.000421287
H(2,1) = -0.00157876
H(2,2) = 1
---------------



***************
Logging from: TestCalibrationMediaDialog cal2
Time: Tue Dec 06 15:20:09 2016

H(0,0) = 1.57534
H(0,1) = -1.55098
H(0,2) = 90.1929
H(1,0) = 0.267243
H(1,1) = 0.557014
H(1,2) = 1.03954
H(2,0) = 0.000381852
H(2,1) = -0.00134041
H(2,2) = 1
---------------

