
CALIBRATION: calibration_main
Start time: 06.12.2016 15-18-07
End time: 06.12.2016 15-18-43
Image quality on start: 0.722222328186035
Image quality minimum value: 0.701388895511627
Image quality mean value: 0.814697813813704
Head movement maximum value: 17.1172427686237
Head movement mean value: 9.02750048579575
Head size ratio maximum value: 0.173611111111111
Head size ratio mean value: 0.0958362238844988
Calibration reprojection error mean value: 166.201883104112
Calibration reprojection error outliers count: 0
Error: no error

TEST CALIBRATION: testcalibration_main
Start time: 06.12.2016 15-18-44
End time: 06.12.2016 15-19-01
Image quality minimum value: 0.701388895511627
Image quality mean value: 0.835472927480785
Head movement maximum value: 7.21110255092798
Head movement mean value: 4.09242710532105
Head size ratio maximum value: 0.0960600321395776
Head size ratio mean value: 0.0893615434455305
Calibration maximum distance: 391.019181115198
Calibration corrected maximum distance: 150.685102116964
Calibration without correction was successful: False
Calibration with correction was successful: True
Error: no error

CLICKTASK: t1
Start time: 06.12.2016 15-19-04
End time: 06.12.2016 15-19-18
Image quality minimum value: 0.777777791023254
Image quality mean value: 0.862293868479521
Head movement maximum value: 5.8309518948453
Head movement mean value: 3.38045567567155
Head size ratio maximum value: 0.124641299357208
Head size ratio mean value: 0.132099153591248
Error: no error

SURVEYTASK: Survey
Start time: 06.12.2016 15-19-23
End time: 06.12.2016 15-19-49
Error: no error

TEST CALIBRATION: cal2
Start time: 06.12.2016 15-19-52
End time: 06.12.2016 15-20-09
Image quality minimum value: 0.787401556968689
Image quality mean value: 0.832690449065814
Head movement maximum value: 19.6468827043885
Head movement mean value: 13.4745591373523
Head size ratio maximum value: 0.187270431588613
Head size ratio mean value: 0.101683213412665
Calibration maximum distance: 307.092819844424
Calibration corrected maximum distance: 62.7694193059009
Calibration without correction was successful: True
Calibration with correction was successful: True
Error: no error

CLICKTASK: t2
Start time: 06.12.2016 15-20-10
End time: 06.12.2016 15-20-14
Image quality minimum value: 0.813291132450104
Image quality mean value: 0.827012059865174
Head movement maximum value: 15.2315462117278
Head movement mean value: 10.3800787606783
Head size ratio maximum value: 0.117539026629936
Head size ratio mean value: 0.374245400129239
Error: no error

CLICKTASK: t3
Start time: 06.12.2016 15-20-16
End time: 06.12.2016 15-20-33
Image quality minimum value: 0.795275568962097
Image quality mean value: 0.821820907338837
Head movement maximum value: 20.6155281280883
Head movement mean value: 15.5298340093925
Head size ratio maximum value: 0.180426423324151
Head size ratio mean value: 0.11481697692362
Error: no error

CLICKTASK: t4
Start time: 06.12.2016 15-20-34
End time: 06.12.2016 15-20-41
Image quality minimum value: 0.795275568962097
Image quality mean value: 0.816977348733456
Head movement maximum value: 21.540659228538
Head movement mean value: 16.3555141759843
Head size ratio maximum value: 0.159722222222222
Head size ratio mean value: 0.147214407127367
Error: no error
