
CALIBRATION: calibration_main
Start time: 18.03.2017 13-21-05
End time: 18.03.2017 13-21-39
Image quality on start: 0.878787875175476
Image quality minimum value: 0
Image quality mean value: 0.826997476580896
Head movement maximum value: 24.6981780704569
Head movement mean value: 10.249105599669
Head size ratio maximum value: 0.207169039768646
Head size ratio mean value: 0.0802334315083696
Calibration reprojection error mean value: 225.08546532525
Calibration reprojection error outliers count: 3
Error: no error

TEST CALIBRATION: testcalibration_main
Start time: 18.03.2017 13-21-48
End time: 18.03.2017 13-22-04
Image quality minimum value: 0
Image quality mean value: 0.670098769587356
Head movement maximum value: 47.8016736108685
Head movement mean value: 40.09848662617
Head size ratio maximum value: 0.210724087752583
Head size ratio mean value: 0.240648353102073
Calibration maximum distance: 425.556106759144
Calibration corrected maximum distance: 97.0463806640928
Calibration without correction was successful: False
Calibration with correction was successful: True
Error: no error

CLICKTASK: filler
Start time: 18.03.2017 13-22-06
End time: 18.03.2017 13-22-17
Image quality minimum value: 0
Image quality mean value: 0.446850390961537
Head movement maximum value: 73.6817480791546
Head movement mean value: 60.1508857574727
Head size ratio maximum value: 0.233435870986756
Head size ratio mean value: 0.248918891346455
Error: no error

CLICKTASK: full_shelf
Start time: 18.03.2017 13-22-22
End time: 18.03.2017 13-22-30
Image quality minimum value: 0
Image quality mean value: 0.658066179325332
Head movement maximum value: 86.7294644281861
Head movement mean value: 77.0392335645837
Head size ratio maximum value: 0.240932785647185
Head size ratio mean value: 0.218812639816263
Error: no error

CLICKTASK: 3row_shelf
Start time: 18.03.2017 13-22-35
End time: 18.03.2017 13-22-45
Image quality minimum value: 0
Image quality mean value: 0.273932860085839
Head movement maximum value: 92.9731143933557
Head movement mean value: 71.359574987274
Head size ratio maximum value: 0.233435870986756
Head size ratio mean value: 0.395808106905441
Error: 
Your face is not detected properly! Please try to set your position again and repeat calibration.

CALIBRATION: calibration_main_3row_shelf
Start time: 18.03.2017 13-23-29
End time: 18.03.2017 13-23-40
Image quality on start: 0.806249976158142
Image quality minimum value: 0
Image quality mean value: 0.2136066924958
Head movement maximum value: 76.0591874792257
Head movement mean value: 41.6514598100522
Head size ratio maximum value: 0.155201810403621
Head size ratio mean value: 0.537372419982936
Calibration reprojection error mean value: 999999
Calibration reprojection error outliers count: 999999
Error: 
Your face is not detected properly! Please try to set your position again and repeat calibration.
