

***************
Logging from: TestCalibrationMediaDialog testcalibration_main
Time: Wed Mar 15 17:15:47 2017

H(0,0) = 0.598115
H(0,1) = -4.543
H(0,2) = 1408.98
H(1,0) = 0.945741
H(1,1) = -3.07631
H(1,2) = 553.899
H(2,0) = 0.00253079
H(2,1) = -0.00748052
H(2,2) = 1
---------------



***************
Logging from: TestCalibrationMediaDialog testcalibration_main
Time: Wed Mar 15 17:17:11 2017

H(0,0) = 0.965925
H(0,1) = -0.255969
H(0,2) = -93.8106
H(1,0) = 0.0425389
H(1,1) = 0.89656
H(1,2) = 18.2207
H(2,0) = -5.92739e-006
H(2,1) = -0.000702006
H(2,2) = 1
---------------

