
CALIBRATION: calibration_main
Start time: 03.03.2017 17-15-34
End time: 03.03.2017 17-15-48
Image quality on start: 0.805555522441864
Image quality minimum value: 1000
Image quality mean value: 0
Head movement maximum value: 0
Head movement mean value: 0
Head size ratio maximum value: 0
Head size ratio mean value: 0
Calibration reprojection error mean value: 999999
Calibration reprojection error outliers count: 999999
Error: 
Initialization Error!
Please contact us on support@eyesee.be and inform us about this error.

CALIBRATION: calibration_main
Start time: 03.03.2017 17-16-05
End time: 03.03.2017 17-16-14
Image quality on start: 0.840277850627899
Image quality minimum value: 1000
Image quality mean value: 0
Head movement maximum value: 0
Head movement mean value: 0
Head size ratio maximum value: 0
Head size ratio mean value: 0
Calibration reprojection error mean value: 999999
Calibration reprojection error outliers count: 999999
Error: 
Initialization Error!
Please contact us on support@eyesee.be and inform us about this error.

CALIBRATION: calibration_main
Start time: 03.03.2017 17-17-29
End time: 03.03.2017 17-18-05
Image quality on start: 0.748031497001648
Image quality minimum value: 0.732283473014832
Image quality mean value: 0.762940474155238
Head movement maximum value: 6.08276253029822
Head movement mean value: 3.05208446852655
Head size ratio maximum value: 0.113263888888889
Head size ratio mean value: 0.0601584687967116
Calibration reprojection error mean value: 84.0176675584581
Calibration reprojection error outliers count: 0
Error: no error

TEST CALIBRATION: testcalibration_main
Start time: 03.03.2017 17-18-09
End time: 03.03.2017 17-18-26
Image quality minimum value: 0.708661437034607
Image quality mean value: 0.745203506778663
Head movement maximum value: 7.07106781186548
Head movement mean value: 3.49884266543947
Head size ratio maximum value: 0.0895659722222222
Head size ratio mean value: 0.114562548904538
Calibration maximum distance: 232.002155162404
Calibration corrected maximum distance: 90.0499861188218
Calibration without correction was successful: True
Calibration with correction was successful: True
Error: no error

CLICKTASK: shoppersmode
Start time: 03.03.2017 17-18-39
End time: 03.03.2017 17-19-03
Image quality minimum value: 0.700787425041199
Image quality mean value: 0.745845934737318
Head movement maximum value: 7.61577310586391
Head movement mean value: 5.07281677757126
Head size ratio maximum value: 0.152065972222222
Head size ratio mean value: 0.101587584495141
Error: no error

CLICKTASK: shelftask
Start time: 03.03.2017 17-19-12
End time: 03.03.2017 17-19-29
Image quality minimum value: 0.685039341449738
Image quality mean value: 0.727394663043075
Head movement maximum value: 15
Head movement mean value: 7.04391277740287
Head size ratio maximum value: 0.159722222222222
Head size ratio mean value: 0.111442307692308
Error: no error

VIDEOTASK: 3drot
Start time: 03.03.2017 17-19-35
End time: 03.03.2017 17-19-47
Image quality minimum value: 0.677165329456329
Image quality mean value: 0.694470895515693
Head movement maximum value: 16.2788205960997
Head movement mean value: 13.5696525085808
Head size ratio maximum value: 0.19
Head size ratio mean value: 0.172372557997558
Error: no error
