
CALIBRATION: calibration_main
Start time: 02.03.2017 01-59-24
End time: 02.03.2017 02-00-00
Image quality on start: 0.791666686534882
Image quality minimum value: 0.750000059604645
Image quality mean value: 0.789437759639625
Head movement maximum value: 13.8924439894498
Head movement mean value: 8.95483008354876
Head size ratio maximum value: 0.111020408163265
Head size ratio mean value: 0.0722547120351895
Calibration reprojection error mean value: 48.443643146091
Calibration reprojection error outliers count: 0
Error: no error

TEST CALIBRATION: testcalibration_main
Start time: 02.03.2017 02-00-07
End time: 02.03.2017 02-00-24
Image quality minimum value: 0.756666660308838
Image quality mean value: 0.781668813802578
Head movement maximum value: 18.3847763108502
Head movement mean value: 16.1017389453379
Head size ratio maximum value: 0.144375
Head size ratio mean value: 0.148451436130007
Calibration maximum distance: 317.370446009076
Calibration corrected maximum distance: 131.209755734854
Calibration without correction was successful: True
Calibration with correction was successful: True
Error: no error

CLICKTASK: shoppersmode
Start time: 02.03.2017 02-00-29
End time: 02.03.2017 02-01-38
Image quality minimum value: 0.748031497001648
Image quality mean value: 0.777370218835189
Head movement maximum value: 22
Head movement mean value: 14.6947071306583
Head size ratio maximum value: 0.19
Head size ratio mean value: 0.131419749319184
Error: no error

CLICKTASK: shelftask
Start time: 02.03.2017 02-01-42
End time: 02.03.2017 02-01-59
Image quality minimum value: 0.751700699329376
Image quality mean value: 0.783767449648741
Head movement maximum value: 19.4164878389476
Head movement mean value: 16.4236901934745
Head size ratio maximum value: 0.170599489795918
Head size ratio mean value: 0.136231769382691
Error: no error

VIDEOTASK: 3drot
Start time: 02.03.2017 02-02-05
End time: 02.03.2017 02-02-15
Image quality minimum value: 0.74015748500824
Image quality mean value: 0.783424730074472
Head movement maximum value: 19.1049731745428
Head movement mean value: 16.742139689849
Head size ratio maximum value: 0.164081632653061
Head size ratio mean value: 0.164128591380687
Error: no error
