

***************
Logging from: TestCalibrationMediaDialog testcalibration_main
Time: Sat Dec 03 10:32:39 2016

H(0,0) = 0.59241
H(0,1) = -0.249842
H(0,2) = 76.2846
H(1,0) = -0.25541
H(1,1) = 1.2679
H(1,2) = -209.516
H(2,0) = -0.000198959
H(2,1) = -0.00027551
H(2,2) = 1
---------------



***************
Logging from: TestCalibrationMediaDialog cal2
Time: Sat Dec 03 10:36:21 2016

H(0,0) = 0.307018
H(0,1) = -0.203315
H(0,2) = 107.288
H(1,0) = -0.0475033
H(1,1) = 0.371201
H(1,2) = 81.7915
H(2,0) = -0.000361958
H(2,1) = -0.000467011
H(2,2) = 1
---------------

