
CALIBRATION: calibration_main
Start time: 03.12.2016 10-31-41
End time: 03.12.2016 10-32-16
Image quality on start: 0.433070868253708
Image quality minimum value: 0
Image quality mean value: 0.374678968635511
Head movement maximum value: 14.142135623731
Head movement mean value: 7.27563952121546
Head size ratio maximum value: 0.142661179698217
Head size ratio mean value: 0.16300604728313
Calibration reprojection error mean value: 111.176789164543
Calibration reprojection error outliers count: 0
Error: no error

TEST CALIBRATION: testcalibration_main
Start time: 03.12.2016 10-32-22
End time: 03.12.2016 10-32-39
Image quality minimum value: 0
Image quality mean value: 0.424502088450918
Head movement maximum value: 13.4164078649987
Head movement mean value: 9.20693490638438
Head size ratio maximum value: 0.135023455096615
Head size ratio mean value: 0.126553918829128
Calibration maximum distance: 333.174128647469
Calibration corrected maximum distance: 87.091905479212
Calibration without correction was successful: True
Calibration with correction was successful: True
Error: no error

CLICKTASK: t1
Start time: 03.12.2016 10-32-51
End time: 03.12.2016 10-33-01
Image quality minimum value: 0
Image quality mean value: 0.350800977698688
Head movement maximum value: 441.004535124073
Head movement mean value: 43.7839577490096
Head size ratio maximum value: 0.0963267794543514
Head size ratio mean value: 0.35760540194263
Error: 
Sorry, but we have lost your eyes. This is probably due to excessive head movements. Please try to recalibrate again and give your best to keep your head still.

CALIBRATION: calibration_main
Start time: 03.12.2016 10-33-27
End time: 03.12.2016 10-34-01
Image quality on start: 0.4251968562603
Image quality minimum value: 0.417322844266891
Image quality mean value: 0.446971199895501
Head movement maximum value: 14.422205101856
Head movement mean value: 5.55213325713422
Head size ratio maximum value: 0.254745483398438
Head size ratio mean value: 0.148202173115975
Calibration reprojection error mean value: 89.0337270100911
Calibration reprojection error outliers count: 0
Error: no error

TEST CALIBRATION: testcalibration_main
Start time: 03.12.2016 10-34-06
End time: 03.12.2016 10-34-16
Image quality minimum value: 0
Image quality mean value: 0.437341515290535
Head movement maximum value: 430.247603131034
Head movement mean value: 17.3937150703642
Head size ratio maximum value: 0.142929077148438
Head size ratio mean value: 0.19624457925053
Calibration maximum distance: 246.400081168818
Calibration corrected maximum distance: 0
Calibration without correction was successful: False
Calibration with correction was successful: False
Error: 
Sorry, but we have lost your eyes. This is probably due to excessive head movements. Please try to recalibrate again and give your best to keep your head still.

CLICKTASK: t1
Start time: 03.12.2016 10-34-23
End time: 03.12.2016 10-35-14
Image quality minimum value: 1000
Image quality mean value: 0
Head movement maximum value: 0
Head movement mean value: 0
Head size ratio maximum value: 0
Head size ratio mean value: 0
Error: no error

SURVEYTASK: Survey
Start time: 03.12.2016 10-35-17
End time: 03.12.2016 10-36-00
Error: no error

TEST CALIBRATION: cal2
Start time: 03.12.2016 10-36-04
End time: 03.12.2016 10-36-21
Image quality minimum value: 0.417322844266891
Image quality mean value: 0.44974524659269
Head movement maximum value: 36.4005494464026
Head movement mean value: 17.2931713440977
Head size ratio maximum value: 0.19281005859375
Head size ratio mean value: 0.153201084510953
Calibration maximum distance: 303.659348612882
Calibration corrected maximum distance: 104.316825105062
Calibration without correction was successful: True
Calibration with correction was successful: True
Error: no error

CLICKTASK: t2
Start time: 03.12.2016 10-36-23
End time: 03.12.2016 10-36-45
Image quality minimum value: 0.4251968562603
Image quality mean value: 0.445482446733168
Head movement maximum value: 34.928498393146
Head movement mean value: 28.7326755694636
Head size ratio maximum value: 0.170791625976563
Head size ratio mean value: 0.130561957925053
Error: no error

CLICKTASK: t3
Start time: 03.12.2016 10-36-48
End time: 03.12.2016 10-37-07
Image quality minimum value: 0
Image quality mean value: 0.405428046875812
Head movement maximum value: 28.8617393793236
Head movement mean value: 22.3798984569136
Head size ratio maximum value: 0.185775756835938
Head size ratio mean value: 0.0996285296500997
Error: no error

CLICKTASK: t4
Start time: 03.12.2016 10-37-10
End time: 03.12.2016 10-37-39
Image quality minimum value: 0.417322844266891
Image quality mean value: 0.437327090952847
Head movement maximum value: 39.319206502675
Head movement mean value: 32.5639412545356
Head size ratio maximum value: 0.19281005859375
Head size ratio mean value: 0.0929825241501267
Error: no error
