

***************
Logging from: TestCalibrationMediaDialog testcalibration_main
Time: Thu Mar 02 21:12:19 2017

H(0,0) = 1.48336
H(0,1) = 1.15829
H(0,2) = -382.863
H(1,0) = -0.223253
H(1,1) = 2.49285
H(1,2) = -242.88
H(2,0) = -0.00016457
H(2,1) = 0.00110448
H(2,2) = 1
---------------



***************
Logging from: TestCalibrationMediaDialog testcalibration_main
Time: Thu Mar 02 21:14:21 2017

H(0,0) = -1.1222
H(0,1) = -1.87719
H(0,2) = 1318.03
H(1,0) = -0.420712
H(1,1) = -0.971091
H(1,2) = 586.396
H(2,0) = -0.000827262
H(2,1) = -0.00158747
H(2,2) = 1
---------------

