
CALIBRATION: calibration_main
Start time: 02.03.2017 21-11-10
End time: 02.03.2017 21-11-52
Image quality on start: 0.440944880247116
Image quality minimum value: 0.456692904233933
Image quality mean value: 0.472454476858332
Head movement maximum value: 12.369316876853
Head movement mean value: 6.13772435694163
Head size ratio maximum value: 0.109414060786808
Head size ratio mean value: 0.0643942185570627
Calibration reprojection error mean value: 73.6263619528876
Calibration reprojection error outliers count: 0
Error: no error

TEST CALIBRATION: testcalibration_main
Start time: 02.03.2017 21-12-02
End time: 02.03.2017 21-12-19
Image quality minimum value: 0.448818892240524
Image quality mean value: 0.458789787862612
Head movement maximum value: 11.4017542509914
Head movement mean value: 6.83989953905332
Head size ratio maximum value: 0.0468948730318846
Head size ratio mean value: 0.06429149274536
Calibration maximum distance: 256.704109822963
Calibration corrected maximum distance: 156.5407295243
Calibration without correction was successful: True
Calibration with correction was successful: True
Error: no error

CLICKTASK: shoppersmode
Start time: 02.03.2017 21-12-38
End time: 02.03.2017 21-12-54
Image quality minimum value: 0
Image quality mean value: 0.363873305043789
Head movement maximum value: 425.737008022558
Head movement mean value: 25.6271042686179
Head size ratio maximum value: 0.15262488487347
Head size ratio mean value: 0.163137005775486
Error: 
Sorry, but we have lost your eyes. This is probably due to excessive head movements. Please try to recalibrate again and give your best to keep your head still.

CALIBRATION: calibration_main
Start time: 02.03.2017 21-13-21
End time: 02.03.2017 21-13-57
Image quality on start: 0.402777761220932
Image quality minimum value: 0.326388865709305
Image quality mean value: 0.418598155749755
Head movement maximum value: 26.2488094968134
Head movement mean value: 18.1896932366814
Head size ratio maximum value: 0.089129569782902
Head size ratio mean value: 0.0476030172455626
Calibration reprojection error mean value: 74.1171663072374
Calibration reprojection error outliers count: 0
Error: no error

TEST CALIBRATION: testcalibration_main
Start time: 02.03.2017 21-14-04
End time: 02.03.2017 21-14-22
Image quality minimum value: 0.319444537162781
Image quality mean value: 0.413453690512642
Head movement maximum value: 33.6154726279432
Head movement mean value: 28.2635631606628
Head size ratio maximum value: 0.115293912132064
Head size ratio mean value: 0.0766613970721051
Calibration maximum distance: 450.071105493343
Calibration corrected maximum distance: 98.1274681218261
Calibration without correction was successful: False
Calibration with correction was successful: True
Error: no error

CLICKTASK: shoppersmode
Start time: 02.03.2017 21-14-28
End time: 02.03.2017 21-14-55
Image quality minimum value: 0
Image quality mean value: 0.386801616008607
Head movement maximum value: 412.41241494407
Head movement mean value: 36.3447255973386
Head size ratio maximum value: 0.114876602517444
Head size ratio mean value: 0.0658594007142538
Error: 
Sorry, but we have lost your eyes. This is probably due to excessive head movements. Please try to recalibrate again and give your best to keep your head still.

CALIBRATION: calibration_main
Start time: 02.03.2017 21-15-32
End time: 02.03.2017 21-16-07
Image quality on start: 0.480314970016479
Image quality minimum value: 0.354166626930237
Image quality mean value: 0.476268013527519
Head movement maximum value: 18.0277563773199
Head movement mean value: 10.6238525736766
Head size ratio maximum value: 0.0577731933984937
Head size ratio mean value: 0.0316018048445902
Calibration reprojection error mean value: 89.7604351043701
Calibration reprojection error outliers count: 0
Error: no error

TEST CALIBRATION: testcalibration_main
Start time: 02.03.2017 21-16-13
End time: 02.03.2017 21-16-29
Image quality minimum value: 1000
Image quality mean value: 0
Head movement maximum value: 0
Head movement mean value: 0
Head size ratio maximum value: 0
Head size ratio mean value: 0
Calibration maximum distance: 0
Calibration corrected maximum distance: 0
Calibration without correction was successful: False
Calibration with correction was successful: False
Error: no error

CLICKTASK: shoppersmode
Start time: 02.03.2017 21-16-33
End time: 02.03.2017 21-16-51
Image quality minimum value: 1000
Image quality mean value: 0
Head movement maximum value: 0
Head movement mean value: 0
Head size ratio maximum value: 0
Head size ratio mean value: 0
Error: no error

CLICKTASK: shelftask
Start time: 02.03.2017 21-17-01
End time: 02.03.2017 21-17-26
Image quality minimum value: 1000
Image quality mean value: 0
Head movement maximum value: 0
Head movement mean value: 0
Head size ratio maximum value: 0
Head size ratio mean value: 0
Error: no error

VIDEOTASK: 3drot
Start time: 02.03.2017 21-17-40
End time: 02.03.2017 21-17-54
Image quality minimum value: 1000
Image quality mean value: 0
Head movement maximum value: 0
Head movement mean value: 0
Head size ratio maximum value: 0
Head size ratio mean value: 0
Error: no error
