
CALIBRATION: calibration_main
Start time: 20.12.2016 07-26-36
End time: 20.12.2016 07-27-09
Image quality on start: 0.417322844266891
Image quality minimum value: 0.409448832273483
Image quality mean value: 0.423209605614344
Head movement maximum value: 8.54400374531753
Head movement mean value: 5.29764813268697
Head size ratio maximum value: 0.120138079304759
Head size ratio mean value: 0.0718184695489423
Calibration reprojection error mean value: 326.2242986891
Calibration reprojection error outliers count: 5
Error: no error

TEST CALIBRATION: testcalibration_main
Start time: 20.12.2016 07-27-15
End time: 20.12.2016 07-27-32
Image quality minimum value: 0.417322844266891
Image quality mean value: 0.423635068757475
Head movement maximum value: 9.8488578017961
Head movement mean value: 5.99105314641814
Head size ratio maximum value: 0.120138079304759
Head size ratio mean value: 0.11817147024204
Calibration maximum distance: 332.93993452273
Calibration corrected maximum distance: 73.24616030892
Calibration without correction was successful: False
Calibration with correction was successful: True
Error: no error

VIDEOTASK: 1
Start time: 20.12.2016 07-27-36
End time: 20.12.2016 07-29-04
Image quality minimum value: 0.346456706523895
Image quality mean value: 0.385505137438132
Head movement maximum value: 22
Head movement mean value: 5.60924354010206
Head size ratio maximum value: 0.204015200835743
Head size ratio mean value: 0.0877754559381473
Error: no error
