

***************
Logging from: TestCalibrationMediaDialog testcalibration_main
Time: Wed Dec 07 10:02:09 2016

H(0,0) = 1.0174
H(0,1) = -1.79907
H(0,2) = 496.423
H(1,0) = 0.229041
H(1,1) = 0.457543
H(1,2) = -131.477
H(2,0) = 0.000272154
H(2,1) = -0.00150767
H(2,2) = 1
---------------



***************
Logging from: TestCalibrationMediaDialog testcalibration_main_c2
Time: Wed Dec 07 10:03:56 2016

H(0,0) = -10.5862
H(0,1) = 7.34023
H(0,2) = -158.191
H(1,0) = 1.78078
H(1,1) = -10.0636
H(1,2) = 2631.2
H(2,0) = 0.00154014
H(2,1) = -0.00970565
H(2,2) = 1
---------------

