

***************
Logging from: TestCalibrationMediaDialog testcalibration_main
Time: Fri Jan 23 13:34:09 2015

H(0,0) = 3.22436
H(0,1) = 0.674953
H(0,2) = -1197.75
H(1,0) = -0.213278
H(1,1) = 3.84847
H(1,2) = -127.505
H(2,0) = 0.00126939
H(2,1) = -0.000366868
H(2,2) = 1
---------------



***************
Logging from: VideoMediaDialog v - start
Time: Fri Jan 23 13:34:16 2015

H(0,0) = 3.22436
H(0,1) = 0.674953
H(0,2) = -1197.75
H(1,0) = -0.213278
H(1,1) = 3.84847
H(1,2) = -127.505
H(2,0) = 0.00126939
H(2,1) = -0.000366868
H(2,2) = 1
---------------



***************
Logging from: VideoMediaDialog v - stop
Time: Fri Jan 23 13:35:59 2015

H(0,0) = 3.22436
H(0,1) = 0.674953
H(0,2) = -1197.75
H(1,0) = -0.213278
H(1,1) = 3.84847
H(1,2) = -127.505
H(2,0) = 0.00126939
H(2,1) = -0.000366868
H(2,2) = 1
---------------

