
CALIBRATION: calibration_main
Start time: 09.12.2016 20-57-06
End time: 09.12.2016 20-57-38
Image quality on start: 0.692913413047791
Image quality minimum value: 0.559055089950562
Image quality mean value: 0.597409825835495
Head movement maximum value: 13
Head movement mean value: 6.1524996460218
Head size ratio maximum value: 0.0958027742346939
Head size ratio mean value: 0.0660795168888719
Calibration reprojection error mean value: 45.4922615157233
Calibration reprojection error outliers count: 0
Error: no error

TEST CALIBRATION: testcalibration_main
Start time: 09.12.2016 20-57-40
End time: 09.12.2016 20-57-55
Image quality minimum value: 0.574803173542023
Image quality mean value: 0.603448286138732
Head movement maximum value: 15.0332963783729
Head movement mean value: 11.5611615240053
Head size ratio maximum value: 0.104272959183674
Head size ratio mean value: 0.0938159746657282
Calibration maximum distance: 97.082439194738
Calibration corrected maximum distance: 52.1727898429823
Calibration without correction was successful: True
Calibration with correction was successful: True
Error: no error

CLICKTASK: c1
Start time: 09.12.2016 20-57-58
End time: 09.12.2016 20-58-04
Image quality minimum value: 0.614173233509064
Image quality mean value: 0.81865155015673
Head movement maximum value: 15.6204993518133
Head movement mean value: 8.64505696140302
Head size ratio maximum value: 0.0177774234693877
Head size ratio mean value: 0.121921692784257
Error: no error

CLICKTASK: c2
Start time: 09.12.2016 20-58-09
End time: 09.12.2016 20-58-20
Image quality minimum value: 0.582677185535431
Image quality mean value: 0.777234501218143
Head movement maximum value: 10
Head movement mean value: 6.38741338494195
Head size ratio maximum value: 0.0872927295918368
Head size ratio mean value: 0.106946015777886
Error: no error

CLICKTASK: c3
Start time: 09.12.2016 20-58-24
End time: 09.12.2016 20-58-43
Image quality minimum value: 0.598425209522247
Image quality mean value: 0.846282737135427
Head movement maximum value: 11.4017542509914
Head movement mean value: 8.56437005946651
Head size ratio maximum value: 0.0872927295918368
Head size ratio mean value: 0.0593603180895908
Error: no error

CLICKTASK: c4
Start time: 09.12.2016 20-58-46
End time: 09.12.2016 20-59-00
Image quality minimum value: 0.582677185535431
Image quality mean value: 0.740898504232367
Head movement maximum value: 17.464249196573
Head movement mean value: 12.1111542127589
Head size ratio maximum value: 0.0872927295918368
Head size ratio mean value: 0.0703349210778059
Error: no error
