

***************
Logging from: TestCalibrationMediaDialog testcalibration_main
Time: Tue Dec 20 15:04:49 2016

H(0,0) = 1.61055
H(0,1) = -2.08469
H(0,2) = 351.513
H(1,0) = 0.188707
H(1,1) = 1.31953
H(1,2) = 48.6087
H(2,0) = 0.000576309
H(2,1) = -0.00177613
H(2,2) = 1
---------------



***************
Logging from: TestCalibrationMediaDialog testcalibration_main
Time: Tue Dec 20 15:06:26 2016

H(0,0) = -1.02768
H(0,1) = 5.83152
H(0,2) = 344.844
H(1,0) = -0.734075
H(1,1) = 3.57893
H(1,2) = 378.488
H(2,0) = -0.0013619
H(2,1) = 0.00516546
H(2,2) = 1
---------------

