
CALIBRATION: calibration_main
Start time: 20.12.2016 15-03-59
End time: 20.12.2016 15-04-30
Image quality on start: 0.826771676540375
Image quality minimum value: 0.701388895511627
Image quality mean value: 0.766773102420925
Head movement maximum value: 46.2276973253049
Head movement mean value: 26.8892149116621
Head size ratio maximum value: 0.134510650166615
Head size ratio mean value: 0.0712537046460074
Calibration reprojection error mean value: 136.633517371284
Calibration reprojection error outliers count: 1
Error: no error

TEST CALIBRATION: testcalibration_main
Start time: 20.12.2016 15-04-34
End time: 20.12.2016 15-04-49
Image quality minimum value: 0.709999978542328
Image quality mean value: 0.762082401528416
Head movement maximum value: 50.2095608425328
Head movement mean value: 35.1206326375904
Head size ratio maximum value: 0.0751603763890724
Head size ratio mean value: 0.0575178976648509
Calibration maximum distance: 448.130561332297
Calibration corrected maximum distance: 50.60632371552
Calibration without correction was successful: False
Calibration with correction was successful: True
Error: no error

VIDEOTASK: 1
Start time: 20.12.2016 15-04-54
End time: 20.12.2016 15-05-21
Image quality minimum value: 0
Image quality mean value: 0.746911975910993
Head movement maximum value: 114.127122105133
Head movement mean value: 43.514760287147
Head size ratio maximum value: 0.189310198029976
Head size ratio mean value: 0.1233857782714
Error: 
Sorry, but we have lost your eyes. This is probably due to excessive head movements. Please try to recalibrate again and give your best to keep your head still.

CALIBRATION: calibration_main
Start time: 20.12.2016 15-05-34
End time: 20.12.2016 15-06-04
Image quality on start: 0.818897664546967
Image quality minimum value: 0.716535449028015
Image quality mean value: 0.771572977899183
Head movement maximum value: 49.4064773081425
Head movement mean value: 28.6386386152949
Head size ratio maximum value: 0.151246108788152
Head size ratio mean value: 0.0595430001193824
Calibration reprojection error mean value: 169.15928056505
Calibration reprojection error outliers count: 0
Error: no error

TEST CALIBRATION: testcalibration_main
Start time: 20.12.2016 15-06-10
End time: 20.12.2016 15-06-26
Image quality minimum value: 0.755905508995056
Image quality mean value: 0.784809996644814
Head movement maximum value: 45.8802789878178
Head movement mean value: 35.3863798991131
Head size ratio maximum value: 0.132899850798504
Head size ratio mean value: 0.101282651449499
Calibration maximum distance: 612.000816992919
Calibration corrected maximum distance: 387.339644240039
Calibration without correction was successful: False
Calibration with correction was successful: False
Error: 
Calibration not accurate enough. 
We need some further fine tuning of the calibration, it doesn't always get right from the first time. Please try again, give your best to keep your head still and focus at the red dot.

VIDEOTASK: 1
Start time: 20.12.2016 15-06-28
End time: 20.12.2016 15-08-01
Image quality minimum value: 1000
Image quality mean value: 0
Head movement maximum value: 0
Head movement mean value: 0
Head size ratio maximum value: 0
Head size ratio mean value: 0
Error: no error
