
CALIBRATION: calibration_main
Start time: 07.12.2016 13-23-26
End time: 07.12.2016 13-24-00
Image quality on start: 0.625
Image quality minimum value: 0.472222149372101
Image quality mean value: 0.597304186462301
Head movement maximum value: 46.1735855224608
Head movement mean value: 11.2882711150099
Head size ratio maximum value: 0.0968707512828385
Head size ratio mean value: 0.0596884238503746
Calibration reprojection error mean value: 139.293074289958
Calibration reprojection error outliers count: 1
Error: no error

TEST CALIBRATION: testcalibration_main
Start time: 07.12.2016 13-24-03
End time: 07.12.2016 13-24-23
Image quality minimum value: 0.506944417953491
Image quality mean value: 0.601400672884311
Head movement maximum value: 13.0384048104053
Head movement mean value: 6.56363403147983
Head size ratio maximum value: 0.0842397263277926
Head size ratio mean value: 0.0993379341821907
Calibration maximum distance: 972.397038251351
Calibration corrected maximum distance: 395.060754821331
Calibration without correction was successful: False
Calibration with correction was successful: False
Error: 
Calibration not accurate enough. 
We need some further fine tuning of the calibration, it doesn't always get right from the first time. Please try again, give your best to keep your head still and focus at the red dot.

CALIBRATION: calibration_main
Start time: 07.12.2016 13-24-33
End time: 07.12.2016 13-25-06
Image quality on start: 0.597222208976746
Image quality minimum value: 0.506944417953491
Image quality mean value: 0.613467281063398
Head movement maximum value: 17
Head movement mean value: 5.43750557203846
Head size ratio maximum value: 0.103919375456538
Head size ratio mean value: 0.0500945073632996
Calibration reprojection error mean value: 28.6832061873542
Calibration reprojection error outliers count: 0
Error: no error

TEST CALIBRATION: testcalibration_main
Start time: 07.12.2016 13-25-08
End time: 07.12.2016 13-25-24
Image quality minimum value: 0.534722208976746
Image quality mean value: 0.597095985846086
Head movement maximum value: 14.3178210632764
Head movement mean value: 9.77588180155671
Head size ratio maximum value: 0.0687089116143169
Head size ratio mean value: 0.0964522876685038
Calibration maximum distance: 207.932681413961
Calibration corrected maximum distance: 117.643529358822
Calibration without correction was successful: True
Calibration with correction was successful: True
Error: no error

CLICKTASK: c1
Start time: 07.12.2016 13-25-32
End time: 07.12.2016 13-26-08
Image quality minimum value: 0.534722208976746
Image quality mean value: 0.570361323797019
Head movement maximum value: 16.1554944214035
Head movement mean value: 10.7086061985002
Head size ratio maximum value: 0.0547845142439738
Head size ratio mean value: 0.0462123661792279
Error: no error

CLICKTASK: c2
Start time: 07.12.2016 13-26-15
End time: 07.12.2016 13-26-25
Image quality minimum value: 0.541666746139526
Image quality mean value: 0.564988997163652
Head movement maximum value: 18.0277563773199
Head movement mean value: 12.8078678425716
Head size ratio maximum value: 0.0409514243973703
Head size ratio mean value: 0.0677949695333377
Error: no error

CLICKTASK: c3
Start time: 07.12.2016 13-26-31
End time: 07.12.2016 13-27-03
Image quality minimum value: 0.534722208976746
Image quality mean value: 0.587099159105879
Head movement maximum value: 20.2484567313166
Head movement mean value: 10.6463489037081
Head size ratio maximum value: 0.0827246165084004
Head size ratio mean value: 0.0387961084284328
Error: no error

CLICKTASK: c4
Start time: 07.12.2016 13-27-08
End time: 07.12.2016 13-27-30
Image quality minimum value: 0.534722208976746
Image quality mean value: 0.597143196719033
Head movement maximum value: 12.2065556157337
Head movement mean value: 7.04004868257786
Head size ratio maximum value: 0.0757053506208911
Head size ratio mean value: 0.0271324219972868
Error: no error
