
CALIBRATION: calibration_main
Start time: 20.12.2016 08-36-24
End time: 20.12.2016 08-36-58
Image quality on start: 0.535433053970337
Image quality minimum value: 0.527777850627899
Image quality mean value: 0.551449126856668
Head movement maximum value: 15.2643375224737
Head movement mean value: 7.4525815074185
Head size ratio maximum value: 0.170400577500285
Head size ratio mean value: 0.122472189189755
Calibration reprojection error mean value: 140.653381559584
Calibration reprojection error outliers count: 2
Error: no error

TEST CALIBRATION: testcalibration_main
Start time: 20.12.2016 08-37-09
End time: 20.12.2016 08-37-26
Image quality minimum value: 0.541666746139526
Image quality mean value: 0.563401558675057
Head movement maximum value: 10.4403065089106
Head movement mean value: 5.07504040114446
Head size ratio maximum value: 0.109611073821253
Head size ratio mean value: 0.128939372831928
Calibration maximum distance: 332.121965548803
Calibration corrected maximum distance: 96.1769203083567
Calibration without correction was successful: False
Calibration with correction was successful: True
Error: no error

VIDEOTASK: 1
Start time: 20.12.2016 08-37-40
End time: 20.12.2016 08-39-10
Image quality minimum value: 0.377952754497528
Image quality mean value: 0.484042501140584
Head movement maximum value: 21.6333076527839
Head movement mean value: 14.3446936102596
Head size ratio maximum value: 0.139803193981839
Head size ratio mean value: 0.0430750062203671
Error: no error
