
CALIBRATION: calibration_main
Start time: 19.12.2016 21-20-20
End time: 19.12.2016 21-20-55
Image quality on start: 0.618055641651154
Image quality minimum value: 0.472222149372101
Image quality mean value: 0.584689379179266
Head movement maximum value: 14.3178210632764
Head movement mean value: 6.59998808809754
Head size ratio maximum value: 0.117720911716972
Head size ratio mean value: 0.0875152452825767
Calibration reprojection error mean value: 95.7954699198405
Calibration reprojection error outliers count: 0
Error: no error

TEST CALIBRATION: testcalibration_main
Start time: 19.12.2016 21-20-58
End time: 19.12.2016 21-21-15
Image quality minimum value: 0.506944417953491
Image quality mean value: 0.58776343690938
Head movement maximum value: 17.464249196573
Head movement mean value: 10.9555581887098
Head size ratio maximum value: 0.141565188988353
Head size ratio mean value: 0.135103609480972
Calibration maximum distance: 860.36329535842
Calibration corrected maximum distance: 191.760267000231
Calibration without correction was successful: False
Calibration with correction was successful: True
Error: no error

VIDEOTASK: 1
Start time: 19.12.2016 21-21-17
End time: 19.12.2016 21-22-46
Image quality minimum value: 0.361111164093018
Image quality mean value: 0.523102779663726
Head movement maximum value: 33.1058907144937
Head movement mean value: 22.2876264341051
Head size ratio maximum value: 0.145515418142474
Head size ratio mean value: 0.0719187081787973
Error: no error
