
CALIBRATION: calibration_main
Start time: 19.12.2016 11-42-05
End time: 19.12.2016 11-42-39
Image quality on start: 0.618055641651154
Image quality minimum value: 0.465277820825577
Image quality mean value: 0.546335724440027
Head movement maximum value: 9.21954445729289
Head movement mean value: 6.02605742569387
Head size ratio maximum value: 0.0673216087013728
Head size ratio mean value: 0.0742948937476618
Calibration reprojection error mean value: 226.326545079549
Calibration reprojection error outliers count: 2
Error: no error

TEST CALIBRATION: testcalibration_main
Start time: 19.12.2016 11-42-45
End time: 19.12.2016 11-43-02
Image quality minimum value: 0.50000011920929
Image quality mean value: 0.562447012835787
Head movement maximum value: 13.8924439894498
Head movement mean value: 10.2837899780891
Head size ratio maximum value: 0.0468948730318846
Head size ratio mean value: 0.0818701536794792
Calibration maximum distance: 625.096792504969
Calibration corrected maximum distance: 239.459808736247
Calibration without correction was successful: False
Calibration with correction was successful: True
Error: no error

VIDEOTASK: 1
Start time: 19.12.2016 11-43-18
End time: 19.12.2016 11-44-46
Image quality minimum value: 0.479166686534882
Image quality mean value: 0.580782139681579
Head movement maximum value: 53.0377224247045
Head movement mean value: 27.2590605146137
Head size ratio maximum value: 0.212490680233323
Head size ratio mean value: 0.0606849646045041
Error: no error
