

***************
Logging from: TestCalibrationMediaDialog testcalibration_main
Time: Wed Dec 07 15:29:38 2016

H(0,0) = -0.607623
H(0,1) = -1.31243
H(0,2) = 980.463
H(1,0) = -0.402476
H(1,1) = -0.616897
H(1,2) = 582.051
H(2,0) = -0.000661195
H(2,1) = -0.00100172
H(2,2) = 1
---------------



***************
Logging from: TestCalibrationMediaDialog testcalibration_main_c2
Time: Wed Dec 07 15:31:16 2016

H(0,0) = -6.58949
H(0,1) = -3.16609
H(0,2) = 4571.51
H(1,0) = 0.373271
H(1,1) = -7.72202
H(1,2) = 1915.56
H(2,0) = -0.00274792
H(2,1) = -0.00198286
H(2,2) = 1
---------------

