
CALIBRATION: calibration_main
Start time: 07.12.2016 15-28-42
End time: 07.12.2016 15-29-15
Image quality on start: 0.834645688533783
Image quality minimum value: 0.763779520988464
Image quality mean value: 0.790209638497916
Head movement maximum value: 13
Head movement mean value: 6.79357601319506
Head size ratio maximum value: 0.0805055401662049
Head size ratio mean value: 0.0425100216192564
Calibration reprojection error mean value: 94.4120515187581
Calibration reprojection error outliers count: 0
Error: no error

TEST CALIBRATION: testcalibration_main
Start time: 07.12.2016 15-29-21
End time: 07.12.2016 15-29-38
Image quality minimum value: 0.787401556968689
Image quality mean value: 0.801027022237363
Head movement maximum value: 12.1655250605964
Head movement mean value: 10.3035861562035
Head size ratio maximum value: 0.0689442905509388
Head size ratio mean value: 0.106291902525192
Calibration maximum distance: 537.822461412686
Calibration corrected maximum distance: 235.314682924802
Calibration without correction was successful: False
Calibration with correction was successful: True
Error: no error

CLICKTASK: c1
Start time: 07.12.2016 15-29-41
End time: 07.12.2016 15-29-49
Image quality minimum value: 0.803149580955505
Image quality mean value: 0.846934002287248
Head movement maximum value: 15.8113883008419
Head movement mean value: 10.4585131727067
Head size ratio maximum value: 0.0857956294244383
Head size ratio mean value: 0.142482754874803
Error: no error

CLICKTASK: c2
Start time: 07.12.2016 15-29-56
End time: 07.12.2016 15-30-06
Image quality minimum value: 0
Image quality mean value: 0.687327663813319
Head movement maximum value: 376.090414661156
Head movement mean value: 14.271521754671
Head size ratio maximum value: 0.173611111111111
Head size ratio mean value: 0.157478857963622
Error: 
Sorry, but we have lost your eyes. This is probably due to excessive head movements. Please try to recalibrate again and give your best to keep your head still.

CALIBRATION: calibration_main_c2
Start time: 07.12.2016 15-30-26
End time: 07.12.2016 15-30-58
Image quality on start: 0.83939391374588
Image quality minimum value: 0.779527544975281
Image quality mean value: 0.805391235927646
Head movement maximum value: 11.4017542509914
Head movement mean value: 3.72283046161332
Head size ratio maximum value: 0.0872927295918368
Head size ratio mean value: 0.0559999614753195
Calibration reprojection error mean value: 152.655131445991
Calibration reprojection error outliers count: 0
Error: no error

TEST CALIBRATION: testcalibration_main_c2
Start time: 07.12.2016 15-31-00
End time: 07.12.2016 15-31-16
Image quality minimum value: 0.770833373069763
Image quality mean value: 0.82010455416818
Head movement maximum value: 18.0277563773199
Head movement mean value: 9.97782487958746
Head size ratio maximum value: 0.129444355867347
Head size ratio mean value: 0.116198843319379
Calibration maximum distance: 463.915940661668
Calibration corrected maximum distance: 83.7436564761774
Calibration without correction was successful: False
Calibration with correction was successful: True
Error: no error

CLICKTASK: c2
Start time: 07.12.2016 15-31-18
End time: 07.12.2016 15-31-37
Image quality minimum value: 0.803149580955505
Image quality mean value: 0.874712454787207
Head movement maximum value: 25.6124969497314
Head movement mean value: 19.3780031337625
Head size ratio maximum value: 0.0958027742346939
Head size ratio mean value: 0.0712435214470402
Error: no error

CLICKTASK: c3
Start time: 07.12.2016 15-31-56
End time: 07.12.2016 15-32-21
Image quality minimum value: 0.752906978130341
Image quality mean value: 0.81599753458729
Head movement maximum value: 67.7421582177598
Head movement mean value: 43.7996601953404
Head size ratio maximum value: 0.137755102040816
Head size ratio mean value: 0.103161426937323
Error: no error

CLICKTASK: c4
Start time: 07.12.2016 15-32-33
End time: 07.12.2016 15-32-50
Image quality minimum value: 0.770833373069763
Image quality mean value: 0.813372801351284
Head movement maximum value: 57.8013840664737
Head movement mean value: 46.6770825510944
Head size ratio maximum value: 0.129444355867347
Head size ratio mean value: 0.110146648438381
Error: no error
