
CALIBRATION: calibration_main
Start time: 07.12.2016 13-17-21
End time: 07.12.2016 13-17-30
Image quality on start: 0.465277820825577
Image quality minimum value: 1000
Image quality mean value: 0
Head movement maximum value: 0
Head movement mean value: 0
Head size ratio maximum value: 0
Head size ratio mean value: 0
Calibration reprojection error mean value: 999999
Calibration reprojection error outliers count: 999999
Error: 
Bad Face Size!
Your face in the camera image is too big or too small. Please set your position again and repeat calibration.

CALIBRATION: calibration_main
Start time: 07.12.2016 13-18-10
End time: 07.12.2016 13-18-40
Image quality on start: 0.444444388151169
Image quality minimum value: 0.361111164093018
Image quality mean value: 0.436256670144968
Head movement maximum value: 6
Head movement mean value: 3.3451619996681
Head size ratio maximum value: 0.0577731933984937
Head size ratio mean value: 0.0626353477391723
Calibration reprojection error mean value: 352.775739034017
Calibration reprojection error outliers count: 5
Error: no error

TEST CALIBRATION: testcalibration_main
Start time: 07.12.2016 13-18-44
End time: 07.12.2016 13-19-00
Image quality minimum value: 0.381944566965103
Image quality mean value: 0.448314242918073
Head movement maximum value: 8.54400374531753
Head movement mean value: 4.81360305047823
Head size ratio maximum value: 0.0773914436788976
Head size ratio mean value: 0.0867800778158717
Calibration maximum distance: 609.199474720719
Calibration corrected maximum distance: 171.746906813485
Calibration without correction was successful: False
Calibration with correction was successful: True
Error: no error

CLICKTASK: c1
Start time: 07.12.2016 13-19-03
End time: 07.12.2016 13-19-21
Image quality minimum value: 0.34027773141861
Image quality mean value: 0.446759251463744
Head movement maximum value: 6.70820393249937
Head movement mean value: 3.22394438945449
Head size ratio maximum value: 0.0512738343214227
Head size ratio mean value: 0.0707417292011609
Error: no error

CLICKTASK: c2
Start time: 07.12.2016 13-19-27
End time: 07.12.2016 13-19-37
Image quality minimum value: 0
Image quality mean value: 0.413068387243483
Head movement maximum value: 15.1327459504216
Head movement mean value: 6.4132046710964
Head size ratio maximum value: 0.28072424290979
Head size ratio mean value: 0.123673645605227
Error: no error

CLICKTASK: c3
Start time: 07.12.2016 13-19-39
End time: 07.12.2016 13-19-59
Image quality minimum value: 0
Image quality mean value: 0.402773770491282
Head movement maximum value: 9.48683298050514
Head movement mean value: 6.20564495237102
Head size ratio maximum value: 0.123868370453453
Head size ratio mean value: 0.0563420659082413
Error: no error

CLICKTASK: c4
Start time: 07.12.2016 13-20-01
End time: 07.12.2016 13-20-07
Image quality minimum value: 0.34027773141861
Image quality mean value: 0.396780326962471
Head movement maximum value: 9.21954445729289
Head movement mean value: 7.61181864948764
Head size ratio maximum value: 0.0577731933984937
Head size ratio mean value: 0.0762707389550043
Error: no error
