
CALIBRATION: calibration_main
Start time: 17.03.2017 20-16-54
End time: 17.03.2017 20-17-27
Image quality on start: 0.763779520988464
Image quality minimum value: 0.755905508995056
Image quality mean value: 0.778650975501926
Head movement maximum value: 8.94427190999916
Head movement mean value: 2.85743863065226
Head size ratio maximum value: 0.0683567544664925
Head size ratio mean value: 0.0373898006758309
Calibration reprojection error mean value: 56.5010100470649
Calibration reprojection error outliers count: 0
Error: no error

TEST CALIBRATION: testcalibration_main
Start time: 17.03.2017 20-17-31
End time: 17.03.2017 20-17-47
Image quality minimum value: 0.763779520988464
Image quality mean value: 0.779619638682806
Head movement maximum value: 8.94427190999916
Head movement mean value: 6.62154458031705
Head size ratio maximum value: 0.0683567544664925
Head size ratio mean value: 0.0642266194403456
Calibration maximum distance: 130.648383074572
Calibration corrected maximum distance: 67.1863081289633
Calibration without correction was successful: True
Calibration with correction was successful: True
Error: no error

CLICKTASK: filler
Start time: 17.03.2017 20-17-56
End time: 17.03.2017 20-18-19
Image quality minimum value: 0.622047245502472
Image quality mean value: 0.639917829589567
Head movement maximum value: 16.1554944214035
Head movement mean value: 11.1565154115018
Head size ratio maximum value: 0.145540569168844
Head size ratio mean value: 0.112677910038696
Error: no error

CLICKTASK: full_shelf
Start time: 17.03.2017 20-18-27
End time: 17.03.2017 20-18-39
Image quality minimum value: 0.645669281482697
Image quality mean value: 0.705435935632292
Head movement maximum value: 11.4017542509914
Head movement mean value: 8.81482997248634
Head size ratio maximum value: 0.0822682013982063
Head size ratio mean value: 0.0672666657024255
Error: no error

CLICKTASK: 3row_shelf
Start time: 17.03.2017 20-18-44
End time: 17.03.2017 20-18-57
Image quality minimum value: 0.582677185535431
Image quality mean value: 0.622256663568476
Head movement maximum value: 10.4403065089106
Head movement mean value: 6.81111436591285
Head size ratio maximum value: 0.137755102040816
Head size ratio mean value: 0.129007767061769
Error: no error

CLICKTASK: pack
Start time: 17.03.2017 20-19-04
End time: 17.03.2017 20-19-16
Image quality minimum value: 0.574803173542023
Image quality mean value: 0.592395966053009
Head movement maximum value: 13.3416640641263
Head movement mean value: 10.2436485298668
Head size ratio maximum value: 0.0982981427865264
Head size ratio mean value: 0.0947479496000079
Error: no error
