
CALIBRATION: calibration_main
Start time: 20.12.2016 12-55-13
End time: 20.12.2016 12-55-48
Image quality on start: 0.551181077957153
Image quality minimum value: 0.535433053970337
Image quality mean value: 0.562335957373892
Head movement maximum value: 10
Head movement mean value: 4.95032225559526
Head size ratio maximum value: 0.181474480151229
Head size ratio mean value: 0.133105139976596
Calibration reprojection error mean value: 79.4590473175049
Calibration reprojection error outliers count: 0
Error: no error

TEST CALIBRATION: testcalibration_main
Start time: 20.12.2016 12-55-52
End time: 20.12.2016 12-56-09
Image quality minimum value: 0
Image quality mean value: 0.532082408032519
Head movement maximum value: 11.1803398874989
Head movement mean value: 7.56263617347377
Head size ratio maximum value: 0.125444234404537
Head size ratio mean value: 0.124557776615854
Calibration maximum distance: 466.531885298315
Calibration corrected maximum distance: 33.3016516106934
Calibration without correction was successful: False
Calibration with correction was successful: True
Error: no error

VIDEOTASK: 1
Start time: 20.12.2016 12-56-13
End time: 20.12.2016 12-57-42
Image quality minimum value: 0
Image quality mean value: 0.40196038383184
Head movement maximum value: 24.0208242989286
Head movement mean value: 8.95705026095487
Head size ratio maximum value: 0.190945179584121
Head size ratio mean value: 0.146566172315008
Error: no error
