

***************
Logging from: TestCalibrationMediaDialog testcalibration_main
Time: Thu Jan 22 18:25:28 2015

H(0,0) = 1.47945
H(0,1) = -5.97296
H(0,2) = 1743.04
H(1,0) = 0.527305
H(1,1) = -2.26984
H(1,2) = 642.744
H(2,0) = 0.00133018
H(2,1) = -0.00426829
H(2,2) = 1
---------------



***************
Logging from: TestCalibrationMediaDialog testcalibration_main
Time: Thu Jan 22 18:28:34 2015

H(0,0) = 1.4018
H(0,1) = -0.859798
H(0,2) = -131.608
H(1,0) = 0.0795471
H(1,1) = 0.337028
H(1,2) = 81.6168
H(2,0) = 0.000252908
H(2,1) = -0.00100196
H(2,2) = 1
---------------



***************
Logging from: VideoMediaDialog v - start
Time: Thu Jan 22 18:28:49 2015

H(0,0) = 1.4018
H(0,1) = -0.859798
H(0,2) = -131.608
H(1,0) = 0.0795471
H(1,1) = 0.337028
H(1,2) = 81.6168
H(2,0) = 0.000252908
H(2,1) = -0.00100196
H(2,2) = 1
---------------



***************
Logging from: VideoMediaDialog v - stop
Time: Thu Jan 22 18:30:29 2015

H(0,0) = 1.4018
H(0,1) = -0.859798
H(0,2) = -131.608
H(1,0) = 0.0795471
H(1,1) = 0.337028
H(1,2) = 81.6168
H(2,0) = 0.000252908
H(2,1) = -0.00100196
H(2,2) = 1
---------------

