
CALIBRATION: calibration_main
Start time: 25.01.2017 12-02-24
End time: 25.01.2017 12-02-56
Image quality on start: 0,914012730121613
Image quality minimum value: 0,895833313465118
Image quality mean value: 0,941390661152142
Head movement maximum value: 5,65685424949238
Head movement mean value: 3,52929682630511
Head size ratio maximum value: 0,130870938556531
Head size ratio mean value: 0,105804563128422
Calibration reprojection error mean value: 209,427436828613
Calibration reprojection error outliers count: 3
Error: no error

TEST CALIBRATION: testcalibration_main
Start time: 25.01.2017 12-03-05
End time: 25.01.2017 12-03-21
Image quality minimum value: 0,861111164093018
Image quality mean value: 0,922614100113721
Head movement maximum value: 8,94427190999916
Head movement mean value: 6,70390488553483
Head size ratio maximum value: 0,21772670275075
Head size ratio mean value: 0,196409469020277
Calibration maximum distance: 597,6286472384
Calibration corrected maximum distance: 183,521115951271
Calibration without correction was successful: False
Calibration with correction was successful: True
Error: no error

WATCHTASK: 1
Start time: 25.01.2017 12-03-46
End time: 25.01.2017 12-04-17
Image quality minimum value: 0,777777791023254
Image quality mean value: 0,888403224368249
Head movement maximum value: 12,0415945787923
Head movement mean value: 8,46683211844341
Head size ratio maximum value: 0,224758337169251
Head size ratio mean value: 0,172075495871688
Error: no error

VIDEOTASK: 2
Start time: 25.01.2017 12-04-25
End time: 25.01.2017 12-04-42
Image quality minimum value: 0
Image quality mean value: 0,831363401175794
Head movement maximum value: 18,7882942280559
Head movement mean value: 11,2905119137922
Head size ratio maximum value: 0,231758226059904
Head size ratio mean value: 0,161481688439915
Error: no error
