
CALIBRATION: calibration_main
Start time: 07.12.2016 09-55-02
End time: 07.12.2016 09-55-38
Image quality on start: 0.879629611968994
Image quality minimum value: 0.795275568962097
Image quality mean value: 0.880237263527469
Head movement maximum value: 5.8309518948453
Head movement mean value: 2.36096869625926
Head size ratio maximum value: 0.0888429752066116
Head size ratio mean value: 0.0523542681906777
Calibration reprojection error mean value: 63.9304161071777
Calibration reprojection error outliers count: 0
Error: no error

TEST CALIBRATION: testcalibration_main
Start time: 07.12.2016 09-55-40
End time: 07.12.2016 09-55-57
Image quality minimum value: 0.848101258277893
Image quality mean value: 0.862489895295289
Head movement maximum value: 8.06225774829855
Head movement mean value: 5.81463675862159
Head size ratio maximum value: 0.0967147052796941
Head size ratio mean value: 0.119481338104394
Calibration maximum distance: 570.835352794481
Calibration corrected maximum distance: 228.527897640529
Calibration without correction was successful: False
Calibration with correction was successful: True
Error: no error

CLICKTASK: c1
Start time: 07.12.2016 09-55-59
End time: 07.12.2016 09-56-19
Image quality minimum value: 0
Image quality mean value: 0.820224700963985
Head movement maximum value: 27
Head movement mean value: 14.9071699305466
Head size ratio maximum value: 0.0843521617375862
Head size ratio mean value: 0.0871168683952896
Error: no error

CLICKTASK: c2
Start time: 07.12.2016 09-56-24
End time: 07.12.2016 09-56-31
Image quality minimum value: 0.779527544975281
Image quality mean value: 0.826161148292678
Head movement maximum value: 19.1049731745428
Head movement mean value: 12.2008837006216
Head size ratio maximum value: 0.0502014889693327
Head size ratio mean value: 0.145185486939807
Error: no error

CLICKTASK: c3
Start time: 07.12.2016 09-56-37
End time: 07.12.2016 09-56-55
Image quality minimum value: 0.818471312522888
Image quality mean value: 0.83869333758609
Head movement maximum value: 14.8660687473185
Head movement mean value: 13.6675979477893
Head size ratio maximum value: 0.0408954306399836
Head size ratio mean value: 0.03145303031172
Error: no error

CLICKTASK: c4
Start time: 07.12.2016 09-57-00
End time: 07.12.2016 09-57-21
Image quality minimum value: 0.812903225421906
Image quality mean value: 0.846467519641682
Head movement maximum value: 15.2643375224737
Head movement mean value: 11.9578670912873
Head size ratio maximum value: 0.0570145481865992
Head size ratio mean value: 0.0327650690387391
Error: no error
