

***************
Logging from: TestCalibrationMediaDialog testcalibration_main
Time: Thu Mar 02 07:11:39 2017

H(0,0) = 1.11867
H(0,1) = -7.18555
H(0,2) = 1329.17
H(1,0) = 0.369939
H(1,1) = -3.31002
H(1,2) = 652.191
H(2,0) = 0.00108967
H(2,1) = -0.00626229
H(2,2) = 1
---------------



***************
Logging from: TestCalibrationMediaDialog testcalibration_main
Time: Thu Mar 02 07:12:52 2017

H(0,0) = 0.267733
H(0,1) = -0.231125
H(0,2) = 136.406
H(1,0) = -0.0793709
H(1,1) = 0.266567
H(1,2) = 87.6059
H(2,0) = -0.00044163
H(2,1) = -0.00044971
H(2,2) = 1
---------------

