
CALIBRATION: calibration_main
Start time: 08.12.2016 16-57-23
End time: 08.12.2016 16-57-56
Image quality on start: 0.916666626930237
Image quality minimum value: 0.756944477558136
Image quality mean value: 0.838057167654814
Head movement maximum value: 15.556349186104
Head movement mean value: 10.9926328582801
Head size ratio maximum value: 0.159722222222222
Head size ratio mean value: 0.141461907778422
Calibration reprojection error mean value: 131.635298834907
Calibration reprojection error outliers count: 1
Error: no error

TEST CALIBRATION: testcalibration_main
Start time: 08.12.2016 16-57-58
End time: 08.12.2016 16-58-15
Image quality minimum value: 0.784722208976746
Image quality mean value: 0.846527777910233
Head movement maximum value: 20.2484567313166
Head movement mean value: 15.756820424214
Head size ratio maximum value: 0.143563404124346
Head size ratio mean value: 0.151442366882117
Calibration maximum distance: 225.800797164226
Calibration corrected maximum distance: 44.181444068749
Calibration without correction was successful: True
Calibration with correction was successful: True
Error: no error

CLICKTASK: c1
Start time: 08.12.2016 16-58-17
End time: 08.12.2016 16-58-30
Image quality minimum value: 0.770833373069763
Image quality mean value: 0.828345563766119
Head movement maximum value: 28.0178514522438
Head movement mean value: 20.207647662821
Head size ratio maximum value: 0.143563404124346
Head size ratio mean value: 0.193149867318842
Error: no error

CLICKTASK: c2
Start time: 08.12.2016 16-58-34
End time: 08.12.2016 16-58-52
Image quality minimum value: 0.756944477558136
Image quality mean value: 0.813607663200015
Head movement maximum value: 18.9736659610103
Head movement mean value: 13.5401520778706
Head size ratio maximum value: 0.167743921206525
Head size ratio mean value: 0.148393828137596
Error: no error

CLICKTASK: c3
Start time: 08.12.2016 16-59-02
End time: 08.12.2016 16-59-17
Image quality minimum value: 0.770833373069763
Image quality mean value: 0.816012121480087
Head movement maximum value: 18.0277563773199
Head movement mean value: 14.0240910038023
Head size ratio maximum value: 0.167743921206525
Head size ratio mean value: 0.221992708631834
Error: no error

CLICKTASK: c4
Start time: 08.12.2016 16-59-29
End time: 08.12.2016 16-59-58
Image quality minimum value: 0.750000059604645
Image quality mean value: 0.807471252720931
Head movement maximum value: 17.1172427686237
Head movement mean value: 15.5306814020021
Head size ratio maximum value: 0.159722222222222
Head size ratio mean value: 0.141534265185044
Error: no error
