

***************
Logging from: TestCalibrationMediaDialog testcalibration_main
Time: Wed Jan 21 18:59:39 2015

H(0,0) = 0.635284
H(0,1) = -0.259363
H(0,2) = 204.117
H(1,0) = 0.0241107
H(1,1) = 0.484725
H(1,2) = 44.8281
H(2,0) = -9.70196e-005
H(2,1) = -0.000400519
H(2,2) = 1
---------------



***************
Logging from: VideoMediaDialog v - start
Time: Wed Jan 21 18:59:53 2015

H(0,0) = 0.635284
H(0,1) = -0.259363
H(0,2) = 204.117
H(1,0) = 0.0241107
H(1,1) = 0.484725
H(1,2) = 44.8281
H(2,0) = -9.70196e-005
H(2,1) = -0.000400519
H(2,2) = 1
---------------



***************
Logging from: VideoMediaDialog v - stop
Time: Wed Jan 21 19:01:34 2015

H(0,0) = 0.635284
H(0,1) = -0.259363
H(0,2) = 204.117
H(1,0) = 0.0241107
H(1,1) = 0.484725
H(1,2) = 44.8281
H(2,0) = -9.70196e-005
H(2,1) = -0.000400519
H(2,2) = 1
---------------

