
CALIBRATION: calibration_main
Start time: 09.12.2016 07-59-27
End time: 09.12.2016 07-59-59
Image quality on start: 0.527559041976929
Image quality minimum value: 0.535433053970337
Image quality mean value: 0.573339859073141
Head movement maximum value: 9.48683298050514
Head movement mean value: 5.63864733603044
Head size ratio maximum value: 0.102057550389962
Head size ratio mean value: 0.0636055724148821
Calibration reprojection error mean value: 160.219587537977
Calibration reprojection error outliers count: 1
Error: no error

TEST CALIBRATION: testcalibration_main
Start time: 09.12.2016 08-00-03
End time: 09.12.2016 08-00-19
Image quality minimum value: 0.551181077957153
Image quality mean value: 0.580802420302043
Head movement maximum value: 13.0384048104053
Head movement mean value: 7.51819488949315
Head size ratio maximum value: 0.0937625140634236
Head size ratio mean value: 0.0736520830817276
Calibration maximum distance: 304.724465706316
Calibration corrected maximum distance: 76.5375724726098
Calibration without correction was successful: True
Calibration with correction was successful: True
Error: no error

CLICKTASK: c1
Start time: 09.12.2016 08-00-25
End time: 09.12.2016 08-00-51
Image quality minimum value: 0.346456706523895
Image quality mean value: 0.363708122675629
Head movement maximum value: 15
Head movement mean value: 11.5669391902559
Head size ratio maximum value: 0.142960660551858
Head size ratio mean value: 0.0850472759954485
Error: no error

CLICKTASK: c2
Start time: 09.12.2016 08-01-01
End time: 09.12.2016 08-01-07
Image quality minimum value: 0.346456706523895
Image quality mean value: 0.437634228644046
Head movement maximum value: 15.2643375224737
Head movement mean value: 12.402284820461
Head size ratio maximum value: 0.0431913960450793
Head size ratio mean value: 0.12353124983748
Error: no error

CLICKTASK: c3
Start time: 09.12.2016 08-01-12
End time: 09.12.2016 08-01-52
Image quality minimum value: 0.385826766490936
Image quality mean value: 0.408556945501408
Head movement maximum value: 34.1760149812701
Head movement mean value: 17.2897664769484
Head size ratio maximum value: 0.102057550389962
Head size ratio mean value: 0.0520464699765224
Error: no error

CLICKTASK: c4
Start time: 09.12.2016 08-01-57
End time: 09.12.2016 08-02-16
Image quality minimum value: 0.401574790477753
Image quality mean value: 0.513325246168183
Head movement maximum value: 22.8254244210267
Head movement mean value: 19.2652713006132
Head size ratio maximum value: 0.0686485764954902
Head size ratio mean value: 0.0404386521356068
Error: no error
