

***************
Logging from: TestCalibrationMediaDialog testcalibration_main
Time: Wed Dec 07 11:56:25 2016

H(0,0) = 0.802693
H(0,1) = 0.345639
H(0,2) = -628.123
H(1,0) = -0.56097
H(1,1) = 0.264004
H(1,2) = 331.87
H(2,0) = -0.000401614
H(2,1) = -0.00098056
H(2,2) = 1
---------------



***************
Logging from: TestCalibrationMediaDialog testcalibration_main
Time: Wed Dec 07 11:57:53 2016

H(0,0) = -0.52164
H(0,1) = -0.0504805
H(0,2) = 327.155
H(1,0) = -0.220201
H(1,1) = -1.70044
H(1,2) = 1068.96
H(2,0) = -0.000799339
H(2,1) = -0.000834338
H(2,2) = 1
---------------

