
CALIBRATION: calibration_main
Start time: 17.12.2016 15-19-17
End time: 17.12.2016 15-19-36
Image quality on start: 0.472440958023071
Image quality minimum value: 0
Image quality mean value: 0.326357233289041
Head movement maximum value: 9.4339811320566
Head movement mean value: 4.79327887525926
Head size ratio maximum value: 0.0780624717066547
Head size ratio mean value: 0.0970666650782684
Calibration reprojection error mean value: 999999
Calibration reprojection error outliers count: 999999
Error: 
Your face is not detected properly! Please try to set your position again and repeat calibration.

CALIBRATION: calibration_main
Start time: 17.12.2016 15-19-58
End time: 17.12.2016 15-20-29
Image quality on start: 0.496062994003296
Image quality minimum value: 0
Image quality mean value: 0.436583888530731
Head movement maximum value: 16.2788205960997
Head movement mean value: 8.15341049940287
Head size ratio maximum value: 0.109511111111111
Head size ratio mean value: 0.0611642816442819
Calibration reprojection error mean value: 258.400057474772
Calibration reprojection error outliers count: 3
Error: no error

TEST CALIBRATION: testcalibration_main
Start time: 17.12.2016 15-20-34
End time: 17.12.2016 15-20-55
Image quality minimum value: 0.4251968562603
Image quality mean value: 0.449162599586305
Head movement maximum value: 14.422205101856
Head movement mean value: 8.82142000451678
Head size ratio maximum value: 0.0908641975308642
Head size ratio mean value: 0.0673199294532628
Calibration maximum distance: 867.065164794435
Calibration corrected maximum distance: 447.666170265299
Calibration without correction was successful: False
Calibration with correction was successful: False
Error: 
Calibration not accurate enough. 
We need some further fine tuning of the calibration, it doesn't always get right from the first time. Please try again, give your best to keep your head still and focus at the red dot.

VIDEOTASK: 1
Start time: 17.12.2016 15-21-04
End time: 17.12.2016 15-22-32
Image quality minimum value: 0.448818892240524
Image quality mean value: 0.771564149185024
Head movement maximum value: 61.7413961617325
Head movement mean value: 9.03561933997161
Head size ratio maximum value: 0.217758024691358
Head size ratio mean value: 0.0489371450293311
Error: no error
