
CALIBRATION: calibration_main
Start time: 27.01.2017 21-47-28
End time: 27.01.2017 21-48-00
Image quality on start: 0,401574790477753
Image quality minimum value: 0,220472440123558
Image quality mean value: 0,257402148251095
Head movement maximum value: 4,12310562561766
Head movement mean value: 3,83358973423046
Head size ratio maximum value: 0,0628122010840684
Head size ratio mean value: 0,128619576794875
Calibration reprojection error mean value: 257,34587097168
Calibration reprojection error outliers count: 0
Error: no error

TEST CALIBRATION: testcalibration_main
Start time: 27.01.2017 21-48-03
End time: 27.01.2017 21-48-22
Image quality minimum value: 0,204724416136742
Image quality mean value: 0,22459531578639
Head movement maximum value: 0
Head movement mean value: 0
Head size ratio maximum value: 0
Head size ratio mean value: 1
Calibration maximum distance: 762,933811021638
Calibration corrected maximum distance: 1857,36856870143
Calibration without correction was successful: False
Calibration with correction was successful: False
Error: 
Die Kalibrierung ist nicht präzise genug.
Die Kalibrierung muss noch feiner justiert werden. Beim ersten Versuch ist sie nicht immer richtig. Versuchen Sie es erneut. Bewegen Sie Ihren Kopf nicht, und fokussieren Sie den roten Punkt.

