

***************
Logging from: TestCalibrationMediaDialog testcalibration_main
Time: Fri Dec 02 09:37:34 2016

H(0,0) = -1.86183
H(0,1) = -0.299968
H(0,2) = 585.995
H(1,0) = -1.76046
H(1,1) = 0.0138814
H(1,2) = 410.496
H(2,0) = -0.00429029
H(2,1) = 5.85491e-005
H(2,2) = 1
---------------



***************
Logging from: TestCalibrationMediaDialog testcalibration_main
Time: Fri Dec 02 09:38:58 2016

H(0,0) = -2.03234
H(0,1) = 4.57207
H(0,2) = 282.099
H(1,0) = -1.05692
H(1,1) = 1.9932
H(1,2) = 295.12
H(2,0) = -0.00251937
H(2,1) = 0.00429518
H(2,2) = 1
---------------



***************
Logging from: TestCalibrationMediaDialog cal2
Time: Fri Dec 02 09:41:04 2016

H(0,0) = -25.3141
H(0,1) = 26.869
H(0,2) = 1505.71
H(1,0) = -10.4382
H(1,1) = 7.95673
H(1,2) = 610.667
H(2,0) = -0.0246727
H(2,1) = 0.0223291
H(2,2) = 1
---------------



***************
Logging from: TestCalibrationMediaDialog testcalibration_main_t2
Time: Fri Dec 02 09:42:21 2016

H(0,0) = -0.258368
H(0,1) = -0.246553
H(0,2) = 360.637
H(1,0) = -0.580876
H(1,1) = -0.231158
H(1,2) = 554.883
H(2,0) = -0.00104555
H(2,1) = -0.0003747
H(2,2) = 1
---------------

