

***************
Logging from: TestCalibrationMediaDialog testcalibration_main
Time: Sat Mar 18 14:42:36 2017

H(0,0) = 0.72837
H(0,1) = -0.0151007
H(0,2) = 28.5844
H(1,0) = -0.0169644
H(1,1) = 0.828879
H(1,2) = -47.9873
H(2,0) = -0.00017215
H(2,1) = -0.000312093
H(2,2) = 1
---------------



***************
Logging from: TestCalibrationMediaDialog testcalibration_main
Time: Sat Mar 18 14:46:12 2017

H(0,0) = 2.00968
H(0,1) = -1.73852
H(0,2) = -469.037
H(1,0) = -1.22251
H(1,1) = 2.97106
H(1,2) = -473.569
H(2,0) = -0.000107549
H(2,1) = -0.000773791
H(2,2) = 1
---------------



***************
Logging from: TestCalibrationMediaDialog testcalibration_main_3row_shelf
Time: Sat Mar 18 14:48:39 2017

H(0,0) = 0.49808
H(0,1) = 0.156188
H(0,2) = -1.93547
H(1,0) = -0.43743
H(1,1) = 1.04055
H(1,2) = 117.484
H(2,0) = -0.000803875
H(2,1) = 0.000318416
H(2,2) = 1
---------------

