
CALIBRATION: calibration_main
Start time: 18.03.2017 14-41-37
End time: 18.03.2017 14-42-09
Image quality on start: 0.685039341449738
Image quality minimum value: 0.611111104488373
Image quality mean value: 0.734002032279968
Head movement maximum value: 9.21954445729289
Head movement mean value: 5.38397901433288
Head size ratio maximum value: 0.136348312502341
Head size ratio mean value: 0.0824531042548497
Calibration reprojection error mean value: 37.8360638618469
Calibration reprojection error outliers count: 0
Error: no error

TEST CALIBRATION: testcalibration_main
Start time: 18.03.2017 14-42-20
End time: 18.03.2017 14-42-36
Image quality minimum value: 0.569444477558136
Image quality mean value: 0.699652799675542
Head movement maximum value: 12.0415945787923
Head movement mean value: 7.21991498530418
Head size ratio maximum value: 0.116532857196369
Head size ratio mean value: 0.0881837504163713
Calibration maximum distance: 157.867032657233
Calibration corrected maximum distance: 92.1954445729289
Calibration without correction was successful: True
Calibration with correction was successful: True
Error: no error

CLICKTASK: filler
Start time: 18.03.2017 14-44-52
End time: 18.03.2017 14-45-06
Image quality minimum value: 0.496062994003296
Image quality mean value: 0.549242979950375
Head movement maximum value: 17.6918060129541
Head movement mean value: 1.96575622366157
Head size ratio maximum value: 0.350922099164679
Head size ratio mean value: 0.92788023324052
Error: 
Sorry, but we have lost your eyes. This is probably due to excessive head movements. Please try to recalibrate again and give your best to keep your head still.

CALIBRATION: calibration_main
Start time: 18.03.2017 14-45-21
End time: 18.03.2017 14-45-52
Image quality on start: 0.637795269489288
Image quality minimum value: 0
Image quality mean value: 0.666735724921812
Head movement maximum value: 21.540659228538
Head movement mean value: 9.50214660129631
Head size ratio maximum value: 0.262340660770031
Head size ratio mean value: 0.121607361818525
Calibration reprojection error mean value: 253.429085625543
Calibration reprojection error outliers count: 4
Error: no error

TEST CALIBRATION: testcalibration_main
Start time: 18.03.2017 14-45-56
End time: 18.03.2017 14-46-12
Image quality minimum value: 0.677165329456329
Image quality mean value: 0.705693222465315
Head movement maximum value: 17.8044938147649
Head movement mean value: 14.7862389385818
Head size ratio maximum value: 0.169549947970864
Head size ratio mean value: 0.138314078920845
Calibration maximum distance: 602.717180773868
Calibration corrected maximum distance: 36.2353418639869
Calibration without correction was successful: False
Calibration with correction was successful: True
Error: no error

CLICKTASK: filler
Start time: 18.03.2017 14-46-16
End time: 18.03.2017 14-46-52
Image quality minimum value: 0
Image quality mean value: 0.520680587456144
Head movement maximum value: 22.8035085019828
Head movement mean value: 13.6690517672275
Head size ratio maximum value: 0.296566077003122
Head size ratio mean value: 0.169433629959214
Error: no error

CLICKTASK: full_shelf
Start time: 18.03.2017 14-47-03
End time: 18.03.2017 14-47-18
Image quality minimum value: 0
Image quality mean value: 0.604451686976342
Head movement maximum value: 29
Head movement mean value: 19.9929910396988
Head size ratio maximum value: 0.276128381893861
Head size ratio mean value: 0.152016274365041
Error: no error

CLICKTASK: 3row_shelf
Start time: 18.03.2017 14-47-26
End time: 18.03.2017 14-47-33
Image quality minimum value: 0
Image quality mean value: 0.366565720851605
Head movement maximum value: 410.42538907821
Head movement mean value: 24.1274072498446
Head size ratio maximum value: 0.269250780437045
Head size ratio mean value: 0.306506643720484
Error: 
Sorry, but we have lost your eyes. This is probably due to excessive head movements. Please try to recalibrate again and give your best to keep your head still.

CALIBRATION: calibration_main_3row_shelf
Start time: 18.03.2017 14-47-47
End time: 18.03.2017 14-48-19
Image quality on start: 0.661417305469513
Image quality minimum value: 0
Image quality mean value: 0.663236182858372
Head movement maximum value: 18.0277563773199
Head movement mean value: 8.3349181181774
Head size ratio maximum value: 0.204930555555556
Head size ratio mean value: 0.113272721734893
Calibration reprojection error mean value: 106.587815178765
Calibration reprojection error outliers count: 1
Error: no error

TEST CALIBRATION: testcalibration_main_3row_shelf
Start time: 18.03.2017 14-48-23
End time: 18.03.2017 14-48-39
Image quality minimum value: 0
Image quality mean value: 0.694280992369903
Head movement maximum value: 31.1448230047949
Head movement mean value: 7.1064109789883
Head size ratio maximum value: 0.219722222222222
Head size ratio mean value: 0.115205409356725
Calibration maximum distance: 347.85772953896
Calibration corrected maximum distance: 35.8050275799363
Calibration without correction was successful: False
Calibration with correction was successful: True
Error: no error

CLICKTASK: 3row_shelf
Start time: 18.03.2017 14-48-42
End time: 18.03.2017 14-48-49
Image quality minimum value: 0
Image quality mean value: 0.590551187121679
Head movement maximum value: 12.0415945787923
Head movement mean value: 8.60324929691869
Head size ratio maximum value: 0.12109375
Head size ratio mean value: 0.171738591269841
Error: no error

CLICKTASK: pack
Start time: 18.03.2017 14-48-59
End time: 18.03.2017 14-49-06
Image quality minimum value: 0.645669281482697
Image quality mean value: 0.660323694348335
Head movement maximum value: 14.142135623731
Head movement mean value: 6.27414254601788
Head size ratio maximum value: 0.07359375
Head size ratio mean value: 0.111898871527778
Error: no error
