
CALIBRATION: calibration_main
Start time: 26.01.2017 23-09-09
End time: 26.01.2017 23-09-48
Image quality on start: 0,866013050079346
Image quality minimum value: 0,831168830394745
Image quality mean value: 0,883076733098903
Head movement maximum value: 15,2970585407784
Head movement mean value: 10,4610796219109
Head size ratio maximum value: 0,0637283023816159
Head size ratio mean value: 0,044226723418087
Calibration reprojection error mean value: 27,0940906736586
Calibration reprojection error outliers count: 0
Error: no error

TEST CALIBRATION: testcalibration_main
Start time: 26.01.2017 23-09-54
End time: 26.01.2017 23-10-11
Image quality minimum value: 0,853896081447601
Image quality mean value: 0,873216678114498
Head movement maximum value: 13
Head movement mean value: 10,1705794395949
Head size ratio maximum value: 0,0574833221328002
Head size ratio mean value: 0,0931107974012927
Calibration maximum distance: 239,11712611187
Calibration corrected maximum distance: 105,223571503727
Calibration without correction was successful: True
Calibration with correction was successful: True
Error: no error

WATCHTASK: 1
Start time: 26.01.2017 23-10-38
End time: 26.01.2017 23-11-09
Image quality minimum value: 0,808441579341888
Image quality mean value: 0,846597495286361
Head movement maximum value: 30,4138126514911
Head movement mean value: 24,9950057141715
Head size ratio maximum value: 0,0574833221328002
Head size ratio mean value: 0,0956632913034211
Error: no error

VIDEOTASK: 2
Start time: 26.01.2017 23-11-22
End time: 26.01.2017 23-11-40
Image quality minimum value: 0,798013269901276
Image quality mean value: 0,832484273477034
Head movement maximum value: 34,2052627529741
Head movement mean value: 20,8902357136948
Head size ratio maximum value: 0,0742021668934092
Head size ratio mean value: 0,0456433402523323
Error: no error
