

***************
Logging from: TestCalibrationMediaDialog testcalibration_main
Time: Fri Mar 17 09:37:40 2017

H(0,0) = -19.9318
H(0,1) = -7.78847
H(0,2) = 3607.17
H(1,0) = 3.55253
H(1,1) = -30.8884
H(1,2) = 5558.88
H(2,0) = -0.000991149
H(2,1) = -0.0352665
H(2,2) = 1
---------------



***************
Logging from: TestCalibrationMediaDialog testcalibration_main_3row_shelf
Time: Fri Mar 17 09:39:13 2017

H(0,0) = 1.77335
H(0,1) = -3.4713
H(0,2) = 637.042
H(1,0) = 0.440577
H(1,1) = -1.42853
H(1,2) = 334.671
H(2,0) = 0.00159588
H(2,1) = -0.00432448
H(2,2) = 1
---------------

