

***************
Logging from: TestCalibrationMediaDialog testcalibration_main
Time: Mon Dec 19 16:08:31 2016

H(0,0) = -0.74032
H(0,1) = -0.583277
H(0,2) = 450.9
H(1,0) = -0.167892
H(1,1) = -1.40545
H(1,2) = 493.943
H(2,0) = -0.000581153
H(2,1) = -0.0025617
H(2,2) = 1
---------------



***************
Logging from: TestCalibrationMediaDialog testcalibration_main
Time: Mon Dec 19 16:10:39 2016

H(0,0) = 9.0662
H(0,1) = 7.53364
H(0,2) = -4471.98
H(1,0) = 0.117851
H(1,1) = 8.70534
H(1,2) = -1069.36
H(2,0) = 0.00312726
H(2,1) = 0.00679594
H(2,2) = 1
---------------

