
CALIBRATION: calibration_main
Start time: 19.12.2016 16-07-37
End time: 19.12.2016 16-08-10
Image quality on start: 0.787401556968689
Image quality minimum value: 0.74015748500824
Image quality mean value: 0.756972548003509
Head movement maximum value: 18.2482875908947
Head movement mean value: 9.76179969753835
Head size ratio maximum value: 0.120546221897573
Head size ratio mean value: 0.0690126537247023
Calibration reprojection error mean value: 75.4706495073107
Calibration reprojection error outliers count: 0
Error: no error

TEST CALIBRATION: testcalibration_main
Start time: 19.12.2016 16-08-15
End time: 19.12.2016 16-08-43
Image quality minimum value: 0.748031497001648
Image quality mean value: 0.762007868289947
Head movement maximum value: 8.60232526704263
Head movement mean value: 5.85050254766185
Head size ratio maximum value: 0.064057300543787
Head size ratio mean value: 0.0905811216622027
Calibration maximum distance: 864.78899160431
Calibration corrected maximum distance: 383.220563122597
Calibration without correction was successful: False
Calibration with correction was successful: False
Error: 
Calibration not accurate enough. 
We need some further fine tuning of the calibration, it doesn't always get right from the first time. Please try again, give your best to keep your head still and focus at the red dot.

CALIBRATION: calibration_main
Start time: 19.12.2016 16-09-48
End time: 19.12.2016 16-10-19
Image quality on start: 0.763779520988464
Image quality minimum value: 0.74015748500824
Image quality mean value: 0.753964473480402
Head movement maximum value: 8.06225774829855
Head movement mean value: 3.75202946816445
Head size ratio maximum value: 0.116226719616046
Head size ratio mean value: 0.0908226727517957
Calibration reprojection error mean value: 70.1609314812554
Calibration reprojection error outliers count: 0
Error: no error

TEST CALIBRATION: testcalibration_main
Start time: 19.12.2016 16-10-23
End time: 19.12.2016 16-10-39
Image quality minimum value: 0.748031497001648
Image quality mean value: 0.759614754314265
Head movement maximum value: 5.09901951359278
Head movement mean value: 2.72901048778762
Head size ratio maximum value: 0.0812291617999957
Head size ratio mean value: 0.106334075670671
Calibration maximum distance: 274.466755728267
Calibration corrected maximum distance: 204.266982158155
Calibration without correction was successful: True
Calibration with correction was successful: True
Error: no error

VIDEOTASK: 1
Start time: 19.12.2016 16-10-50
End time: 19.12.2016 16-11-07
Image quality minimum value: 0
Image quality mean value: 0.104295631624618
Head movement maximum value: 0
Head movement mean value: 0
Head size ratio maximum value: 0
Head size ratio mean value: 1
Error: 
Your face is not detected properly! Please try to set your position again and repeat calibration.

CALIBRATION: calibration_main
Start time: 19.12.2016 16-11-34
End time: 19.12.2016 16-12-05
Image quality on start: 0.787401556968689
Image quality minimum value: 0.700787425041199
Image quality mean value: 0.720472455024719
Head movement maximum value: 16.6433169770932
Head movement mean value: 10.3977553143052
Head size ratio maximum value: 0.138412786989796
Head size ratio mean value: 0.0788536501049018
Calibration reprojection error mean value: 76.7664421929254
Calibration reprojection error outliers count: 0
Error: no error

TEST CALIBRATION: testcalibration_main
Start time: 19.12.2016 16-12-09
End time: 19.12.2016 16-12-25
Image quality minimum value: 1000
Image quality mean value: 0
Head movement maximum value: 0
Head movement mean value: 0
Head size ratio maximum value: 0
Head size ratio mean value: 0
Calibration maximum distance: 0
Calibration corrected maximum distance: 0
Calibration without correction was successful: False
Calibration with correction was successful: False
Error: no error

VIDEOTASK: 1
Start time: 19.12.2016 16-12-29
End time: 19.12.2016 16-13-56
Image quality minimum value: 1000
Image quality mean value: 0
Head movement maximum value: 0
Head movement mean value: 0
Head size ratio maximum value: 0
Head size ratio mean value: 0
Error: no error
