
CALIBRATION: calibration_main
Start time: 26.01.2017 13-06-46
End time: 26.01.2017 13-07-21
Image quality on start: 0,811023592948914
Image quality minimum value: 0,818897664546967
Image quality mean value: 0,831194464124149
Head movement maximum value: 3,16227766016838
Head movement mean value: 1,68427956440261
Head size ratio maximum value: 0,0547845142439738
Head size ratio mean value: 0,0360858095664724
Calibration reprojection error mean value: 111,684369617038
Calibration reprojection error outliers count: 1
Error: no error

TEST CALIBRATION: testcalibration_main
Start time: 26.01.2017 13-07-25
End time: 26.01.2017 13-07-41
Image quality minimum value: 0,826771676540375
Image quality mean value: 0,833477441260689
Head movement maximum value: 3,60555127546399
Head movement mean value: 1,32426937787092
Head size ratio maximum value: 0,0272096420745069
Head size ratio mean value: 0,0371632656838917
Calibration maximum distance: 277,721083103174
Calibration corrected maximum distance: 83,5463942968217
Calibration without correction was successful: True
Calibration with correction was successful: True
Error: no error

WATCHTASK: 1
Start time: 26.01.2017 13-08-13
End time: 26.01.2017 13-08-44
Image quality minimum value: 0,732283473014832
Image quality mean value: 0,745180062730523
Head movement maximum value: 8,48528137423857
Head movement mean value: 4,89242683657367
Head size ratio maximum value: 0,0363606850093336
Head size ratio mean value: 0,0286618345292829
Error: no error

VIDEOTASK: 2
Start time: 26.01.2017 13-08-50
End time: 26.01.2017 13-09-08
Image quality minimum value: 0,661417305469513
Image quality mean value: 0,722983456033421
Head movement maximum value: 7,28010988928052
Head movement mean value: 5,94004894282945
Head size ratio maximum value: 0,0272096420745069
Head size ratio mean value: 0,03214504140233
Error: no error
