

***************
Logging from: TestCalibrationMediaDialog testcalibration_main
Time: Thu Mar 02 08:36:01 2017

H(0,0) = -2.13574
H(0,1) = -0.281156
H(0,2) = 896.372
H(1,0) = -1.77463
H(1,1) = 0.441072
H(1,2) = 514.901
H(2,0) = -0.00334973
H(2,1) = 0.000947294
H(2,2) = 1
---------------



***************
Logging from: TestCalibrationMediaDialog testcalibration_main
Time: Thu Mar 02 08:38:37 2017

H(0,0) = 0.0314024
H(0,1) = -0.32163
H(0,2) = 250.67
H(1,0) = 0.0971146
H(1,1) = -1.10834
H(1,2) = 867.75
H(2,0) = 0.000109199
H(2,1) = -0.00127156
H(2,2) = 1
---------------



***************
Logging from: TestCalibrationMediaDialog testcalibration_main_shelftask
Time: Thu Mar 02 08:40:55 2017

H(0,0) = -0.282005
H(0,1) = 0.319846
H(0,2) = -169.282
H(1,0) = -0.332967
H(1,1) = -0.757857
H(1,2) = 801.516
H(2,0) = -0.000467048
H(2,1) = -0.000927737
H(2,2) = 1
---------------

