
CALIBRATION: calibration_main
Start time: 02.03.2017 08-24-25
End time: 02.03.2017 08-25-05
Image quality on start: 0.669291317462921
Image quality minimum value: 0.559055089950562
Image quality mean value: 0.589501327429062
Head movement maximum value: 30.0166620396073
Head movement mean value: 13.8163117262255
Head size ratio maximum value: 0.0797895210990766
Head size ratio mean value: 0.0497653033207179
Calibration reprojection error mean value: 303.079416910807
Calibration reprojection error outliers count: 2
Error: no error

TEST CALIBRATION: testcalibration_main
Start time: 02.03.2017 08-35-44
End time: 02.03.2017 08-36-08
Image quality minimum value: 0.306179761886597
Image quality mean value: 0.693745932637191
Head movement maximum value: 17.0293863659264
Head movement mean value: 7.82918518322182
Head size ratio maximum value: 0.22941790708626
Head size ratio mean value: 0.231327038808359
Calibration maximum distance: 1319.23690063612
Calibration corrected maximum distance: 432.862564793954
Calibration without correction was successful: False
Calibration with correction was successful: False
Error: 
Calibration not accurate enough. 
We need some further fine tuning of the calibration, it doesn't always get right from the first time. Please try again, give your best to keep your head still and focus at the red dot.

CALIBRATION: calibration_main
Start time: 02.03.2017 08-37-44
End time: 02.03.2017 08-38-18
Image quality on start: 0.598425209522247
Image quality minimum value: 0.543307065963745
Image quality mean value: 0.583404008700297
Head movement maximum value: 15.6524758424985
Head movement mean value: 7.81655912576539
Head size ratio maximum value: 0.165664061767958
Head size ratio mean value: 0.107531765973324
Calibration reprojection error mean value: 270.351089477539
Calibration reprojection error outliers count: 1
Error: no error

TEST CALIBRATION: testcalibration_main
Start time: 02.03.2017 08-38-21
End time: 02.03.2017 08-38-38
Image quality minimum value: 0.566929161548615
Image quality mean value: 0.591438953782998
Head movement maximum value: 20.591260281974
Head movement mean value: 18.0662337056315
Head size ratio maximum value: 0.165664061767958
Head size ratio mean value: 0.17954748474229
Calibration maximum distance: 719.645051396867
Calibration corrected maximum distance: 204.707107839469
Calibration without correction was successful: False
Calibration with correction was successful: True
Error: no error

CLICKTASK: shoppersmode
Start time: 02.03.2017 08-39-11
End time: 02.03.2017 08-39-19
Image quality minimum value: 0.535433053970337
Image quality mean value: 0.673709189114363
Head movement maximum value: 26.1725046566048
Head movement mean value: 22.5358422347126
Head size ratio maximum value: 0.212439796855381
Head size ratio mean value: 0.250273567326081
Error: no error

CLICKTASK: shelftask
Start time: 02.03.2017 08-39-26
End time: 02.03.2017 08-39-52
Image quality minimum value: 0
Image quality mean value: 0.66098495761918
Head movement maximum value: 102.883429180797
Head movement mean value: 47.7021496222102
Head size ratio maximum value: 0.280073461891644
Head size ratio mean value: 0.160150809382312
Error: 
Sorry, but we have lost your eyes. This is probably due to excessive head movements. Please try to recalibrate again and give your best to keep your head still.

CALIBRATION: calibration_main_shelftask
Start time: 02.03.2017 08-40-01
End time: 02.03.2017 08-40-34
Image quality on start: 0.519685029983521
Image quality minimum value: 0.440944880247116
Image quality mean value: 0.563618017159976
Head movement maximum value: 8.94427190999916
Head movement mean value: 4.05348703099488
Head size ratio maximum value: 0.0947359396433471
Head size ratio mean value: 0.0743897506243186
Calibration reprojection error mean value: 258.178634643555
Calibration reprojection error outliers count: 2
Error: no error

TEST CALIBRATION: testcalibration_main_shelftask
Start time: 02.03.2017 08-40-39
End time: 02.03.2017 08-40-55
Image quality minimum value: 0.543307065963745
Image quality mean value: 0.563654787764691
Head movement maximum value: 11.7046999107196
Head movement mean value: 5.72149292910721
Head size ratio maximum value: 0.075445816186557
Head size ratio mean value: 0.0863981074033331
Calibration maximum distance: 1169.7837406974
Calibration corrected maximum distance: 407.785482821544
Calibration without correction was successful: False
Calibration with correction was successful: True
Error: no error

CLICKTASK: shelftask
Start time: 02.03.2017 08-40-57
End time: 02.03.2017 08-41-03
Image quality minimum value: 0.559055089950562
Image quality mean value: 0.750616990808231
Head movement maximum value: 26.0768096208106
Head movement mean value: 17.6976784271355
Head size ratio maximum value: 0.0468321330589849
Head size ratio mean value: 0.152191396412996
Error: no error

VIDEOTASK: 3drot
Start time: 02.03.2017 08-41-07
End time: 02.03.2017 08-41-17
Image quality minimum value: 0.535433053970337
Image quality mean value: 0.612430616968968
Head movement maximum value: 17.8044938147649
Head movement mean value: 13.238340671048
Head size ratio maximum value: 0.075445816186557
Head size ratio mean value: 0.038547042602712
Error: no error
