
CALIBRATION: calibration_main
Start time: 07.12.2016 11-54-20
End time: 07.12.2016 11-54-53
Image quality on start: 0.527777850627899
Image quality minimum value: 0.534722208976746
Image quality mean value: 0.615866192896378
Head movement maximum value: 17.8044938147649
Head movement mean value: 9.36282547191954
Head size ratio maximum value: 0.0902743739720506
Head size ratio mean value: 0.0588501175630904
Calibration reprojection error mean value: 80.3827791213989
Calibration reprojection error outliers count: 0
Error: no error

TEST CALIBRATION: testcalibration_main
Start time: 07.12.2016 11-54-57
End time: 07.12.2016 11-55-13
Image quality minimum value: 0.562499940395355
Image quality mean value: 0.627069990222271
Head movement maximum value: 16.1245154965971
Head movement mean value: 12.4229102464828
Head size ratio maximum value: 0.0712893071485367
Head size ratio mean value: 0.0676803304854474
Calibration maximum distance: 227.06827167176
Calibration corrected maximum distance: 7.07106781186548
Calibration without correction was successful: True
Calibration with correction was successful: True
Error: no error

CLICKTASK: c1
Start time: 07.12.2016 11-55-16
End time: 07.12.2016 11-55-37
Image quality minimum value: 0.590277910232544
Image quality mean value: 0.660260174056174
Head movement maximum value: 17.464249196573
Head movement mean value: 14.1710498637709
Head size ratio maximum value: 0.109063381585683
Head size ratio mean value: 0.0991873207680553
Error: no error

CLICKTASK: c2
Start time: 07.12.2016 11-55-41
End time: 07.12.2016 11-55-51
Image quality minimum value: 0.569444477558136
Image quality mean value: 0.651041676600774
Head movement maximum value: 23.259406699226
Head movement mean value: 16.8395844263696
Head size ratio maximum value: 0.109063381585683
Head size ratio mean value: 0.0843375921750589
Error: no error

CLICKTASK: c3
Start time: 07.12.2016 11-55-56
End time: 07.12.2016 11-56-06
Image quality minimum value: 0.569444477558136
Image quality mean value: 0.638733431474486
Head movement maximum value: 17.0293863659264
Head movement mean value: 14.2619223409763
Head size ratio maximum value: 0.109063381585683
Head size ratio mean value: 0.0878719170867877
Error: no error

CLICKTASK: c4
Start time: 07.12.2016 11-56-10
End time: 07.12.2016 11-56-24
Image quality minimum value: 0.583333373069763
Image quality mean value: 0.649176960584348
Head movement maximum value: 19.0262975904404
Head movement mean value: 16.2704625519821
Head size ratio maximum value: 0.115282815410254
Head size ratio mean value: 0.0705580328057428
Error: no error
