
CALIBRATION: calibration_main
Start time: 09.12.2016 10-05-04
End time: 09.12.2016 10-05-37
Image quality on start: 0.803149580955505
Image quality minimum value: 0.6875
Image quality mean value: 0.788433345957337
Head movement maximum value: 8.60232526704263
Head movement mean value: 4.68383958669591
Head size ratio maximum value: 0.122400187946546
Head size ratio mean value: 0.0741701750581554
Calibration reprojection error mean value: 77.1369921366374
Calibration reprojection error outliers count: 0
Error: no error

TEST CALIBRATION: testcalibration_main
Start time: 09.12.2016 10-05-44
End time: 09.12.2016 10-06-01
Image quality minimum value: 0.743055522441864
Image quality mean value: 0.78134556644219
Head movement maximum value: 12.0415945787923
Head movement mean value: 8.97621706355857
Head size ratio maximum value: 0.150039385857022
Head size ratio mean value: 0.129787277540148
Calibration maximum distance: 442.325671875373
Calibration corrected maximum distance: 96.5660395791398
Calibration without correction was successful: False
Calibration with correction was successful: True
Error: no error

CLICKTASK: c1
Start time: 09.12.2016 10-06-11
End time: 09.12.2016 10-06-27
Image quality minimum value: 0
Image quality mean value: 0.765782164202796
Head movement maximum value: 19.2093727122985
Head movement mean value: 13.8599943744649
Head size ratio maximum value: 0.138306546344025
Head size ratio mean value: 0.114842402829026
Error: no error

CLICKTASK: c2
Start time: 09.12.2016 10-06-32
End time: 09.12.2016 10-06-53
Image quality minimum value: 0
Image quality mean value: 0.433554159459614
Head movement maximum value: 20.1246117974981
Head movement mean value: 15.9296361277386
Head size ratio maximum value: 0.138306546344025
Head size ratio mean value: 0.0595465460544715
Error: 
Bad Face Size!
Your face in the camera image is too big or too small. Please set your position again and repeat calibration.
