

***************
Logging from: TestCalibrationMediaDialog testcalibration_main
Time: Sun Mar 19 11:53:48 2017

H(0,0) = -0.061406
H(0,1) = -2.69078
H(0,2) = 1276.15
H(1,0) = 0.0969131
H(1,1) = -2.04518
H(1,2) = 878.844
H(2,0) = 0.000124134
H(2,1) = -0.00256708
H(2,2) = 1
---------------



***************
Logging from: TestCalibrationMediaDialog testcalibration_main
Time: Sun Mar 19 11:55:14 2017

H(0,0) = 0.927969
H(0,1) = -1.46188
H(0,2) = 324.679
H(1,0) = 0.124342
H(1,1) = 0.204221
H(1,2) = 25.7002
H(2,0) = 0.000152242
H(2,1) = -0.00147236
H(2,2) = 1
---------------

