
CALIBRATION: calibration_main
Start time: 19.03.2017 11-52-51
End time: 19.03.2017 11-53-26
Image quality on start: 0.874015748500824
Image quality minimum value: 0.787401556968689
Image quality mean value: 0.834614605250593
Head movement maximum value: 27.6586333718787
Head movement mean value: 17.8631142810571
Head size ratio maximum value: 0.121107266435986
Head size ratio mean value: 0.0738587645075376
Calibration reprojection error mean value: 157.921047846476
Calibration reprojection error outliers count: 1
Error: no error

TEST CALIBRATION: testcalibration_main
Start time: 19.03.2017 11-53-32
End time: 19.03.2017 11-53-57
Image quality minimum value: 0.762499988079071
Image quality mean value: 0.788598768583691
Head movement maximum value: 52.4785670536077
Head movement mean value: 46.0693694566606
Head size ratio maximum value: 0.179337032411294
Head size ratio mean value: 0.152965277108098
Calibration maximum distance: 347.850542618522
Calibration corrected maximum distance: 376.378798552735
Calibration without correction was successful: False
Calibration with correction was successful: False
Error: 
Calibration not accurate enough. 
We need some further fine tuning of the calibration, it doesn't always get right from the first time. Please try again, give your best to keep your head still and focus at the red dot.

CALIBRATION: calibration_main
Start time: 19.03.2017 11-54-21
End time: 19.03.2017 11-54-54
Image quality on start: 0.803149580955505
Image quality minimum value: 0.787401556968689
Image quality mean value: 0.84466044323697
Head movement maximum value: 16.6433169770932
Head movement mean value: 11.1235921604935
Head size ratio maximum value: 0.21
Head size ratio mean value: 0.0976609648279837
Calibration reprojection error mean value: 135.159968482123
Calibration reprojection error outliers count: 1
Error: no error

TEST CALIBRATION: testcalibration_main
Start time: 19.03.2017 11-54-58
End time: 19.03.2017 11-55-14
Image quality minimum value: 0.819444417953491
Image quality mean value: 0.853698604537132
Head movement maximum value: 28.6356421265527
Head movement mean value: 21.1093365537453
Head size ratio maximum value: 0.08349173553719
Head size ratio mean value: 0.0973124961163238
Calibration maximum distance: 379.562906512214
Calibration corrected maximum distance: 140.003571383019
Calibration without correction was successful: False
Calibration with correction was successful: True
Error: no error

CLICKTASK: filler
Start time: 19.03.2017 11-55-19
End time: 19.03.2017 11-55-26
Image quality minimum value: 0.784722208976746
Image quality mean value: 0.823509512469172
Head movement maximum value: 45.6179789118282
Head movement mean value: 36.6748023997392
Head size ratio maximum value: 0.0801446280991736
Head size ratio mean value: 0.17837228822314
Error: no error

CLICKTASK: full_shelf
Start time: 19.03.2017 11-55-34
End time: 19.03.2017 11-55-54
Image quality minimum value: 0.770833373069763
Image quality mean value: 0.809907510303534
Head movement maximum value: 54.817880294663
Head movement mean value: 48.709710987716
Head size ratio maximum value: 0.148574380165289
Head size ratio mean value: 0.0722618006993008
Error: no error

CLICKTASK: 3row_shelf
Start time: 19.03.2017 11-55-58
End time: 19.03.2017 11-56-06
Image quality minimum value: 0.804733753204346
Image quality mean value: 0.826769839494656
Head movement maximum value: 48.3011387029333
Head movement mean value: 42.7092436056918
Head size ratio maximum value: 0.0626239669421488
Head size ratio mean value: 0.0986247086247088
Error: no error

CLICKTASK: pack
Start time: 19.03.2017 11-56-16
End time: 19.03.2017 11-56-24
Image quality minimum value: 0.777777791023254
Image quality mean value: 0.832503342175785
Head movement maximum value: 41.1096095821889
Head movement mean value: 34.9332945134871
Head size ratio maximum value: 0.114690082644628
Head size ratio mean value: 0.159074170938382
Error: no error
