

***************
Logging from: TestCalibrationMediaDialog testcalibration_main
Time: Sat Dec 17 14:52:59 2016

H(0,0) = 1.14734
H(0,1) = -1.5079
H(0,2) = 429.351
H(1,0) = 0.105286
H(1,1) = 0.798249
H(1,2) = -136.263
H(2,0) = 0.000398758
H(2,1) = -0.00114726
H(2,2) = 1
---------------



***************
Logging from: TestCalibrationMediaDialog testcalibration_main
Time: Sat Dec 17 14:54:22 2016

H(0,0) = 1.34373
H(0,1) = -2.43193
H(0,2) = 292.719
H(1,0) = 0.875018
H(1,1) = -2.17398
H(1,2) = 388.185
H(2,0) = 0.00192525
H(2,1) = -0.0050105
H(2,2) = 1
---------------

