
CALIBRATION: calibration_main
Start time: 03.03.2017 09-48-42
End time: 03.03.2017 09-49-18
Image quality on start: 0.811023592948914
Image quality minimum value: 0
Image quality mean value: 0.718678462174204
Head movement maximum value: 19.2353840616713
Head movement mean value: 11.083485415816
Head size ratio maximum value: 0.194246388492777
Head size ratio mean value: 0.0892909137670128
Calibration reprojection error mean value: 66.1471981472439
Calibration reprojection error outliers count: 0
Error: no error

TEST CALIBRATION: testcalibration_main
Start time: 03.03.2017 09-49-25
End time: 03.03.2017 09-49-34
Image quality minimum value: 0.649006605148315
Image quality mean value: 0.694079133528697
Head movement maximum value: 400.960097765351
Head movement mean value: 16.6841391198405
Head size ratio maximum value: 0.114622729245458
Head size ratio mean value: 0.14246176593619
Calibration maximum distance: 340.324844817419
Calibration corrected maximum distance: 0
Calibration without correction was successful: False
Calibration with correction was successful: False
Error: 
Sorry, but we have lost your eyes. This is probably due to excessive head movements. Please try to recalibrate again and give your best to keep your head still.

CALIBRATION: calibration_main
Start time: 03.03.2017 09-50-06
End time: 03.03.2017 09-50-22
Image quality on start: 0.858267724514008
Image quality minimum value: 0
Image quality mean value: 0.768140408396721
Head movement maximum value: 392.777290585899
Head movement mean value: 7.2677842208361
Head size ratio maximum value: 0.158459121644696
Head size ratio mean value: 0.149287958472782
Calibration reprojection error mean value: 999999
Calibration reprojection error outliers count: 999999
Error: 
Sorry, but we have lost your eyes. This is probably due to excessive head movements. Please try to recalibrate again and give your best to keep your head still.

CALIBRATION: calibration_main
Start time: 03.03.2017 09-50-56
End time: 03.03.2017 09-51-10
Image quality on start: 0.850393712520599
Image quality minimum value: 0
Image quality mean value: 0.839243105053902
Head movement maximum value: 426.298017823212
Head movement mean value: 16.9595736530803
Head size ratio maximum value: 0.341823467987961
Head size ratio mean value: 0.18841069320175
Calibration reprojection error mean value: 999999
Calibration reprojection error outliers count: 999999
Error: 
Sorry, but we have lost your eyes. This is probably due to excessive head movements. Please try to recalibrate again and give your best to keep your head still.

CALIBRATION: calibration_main
Start time: 03.03.2017 09-51-47
End time: 03.03.2017 09-52-21
Image quality on start: 0.811023592948914
Image quality minimum value: 0.787401556968689
Image quality mean value: 0.824659928209485
Head movement maximum value: 8.24621125123532
Head movement mean value: 3.28779259409755
Head size ratio maximum value: 0.134856314715585
Head size ratio mean value: 0.069391844864689
Calibration reprojection error mean value: 33.3866258197361
Calibration reprojection error outliers count: 0
Error: no error

TEST CALIBRATION: testcalibration_main
Start time: 03.03.2017 09-52-24
End time: 03.03.2017 09-52-40
Image quality minimum value: 0.795275568962097
Image quality mean value: 0.823829736246731
Head movement maximum value: 10.295630140987
Head movement mean value: 5.81254703733494
Head size ratio maximum value: 0.110314448618447
Head size ratio mean value: 0.0822234343524934
Calibration maximum distance: 86.8331733843696
Calibration corrected maximum distance: 41.4849370253831
Calibration without correction was successful: True
Calibration with correction was successful: True
Error: no error

CLICKTASK: shoppersmode
Start time: 03.03.2017 09-52-43
End time: 03.03.2017 09-53-19
Image quality minimum value: 0.685039341449738
Image quality mean value: 0.706709420860712
Head movement maximum value: 16.1554944214035
Head movement mean value: 5.08663691684153
Head size ratio maximum value: 0.110314448618447
Head size ratio mean value: 0.0595712300370291
Error: no error

CLICKTASK: shelftask
Start time: 03.03.2017 09-53-26
End time: 03.03.2017 09-53-41
Image quality minimum value: 0.677165329456329
Image quality mean value: 0.691113610656894
Head movement maximum value: 17.1172427686237
Head movement mean value: 12.8156074286289
Head size ratio maximum value: 0.0602009877767395
Head size ratio mean value: 0.0297368977147885
Error: no error

VIDEOTASK: 3drot
Start time: 03.03.2017 09-53-47
End time: 03.03.2017 09-53-58
Image quality minimum value: 0.590551197528839
Image quality mean value: 0.758436433438744
Head movement maximum value: 15.2970585407784
Head movement mean value: 13.5211999050551
Head size ratio maximum value: 0.0530882324898456
Head size ratio mean value: 0.0760729064227282
Error: no error
