

***************
Logging from: TestCalibrationMediaDialog testcalibration_main
Time: Sat Mar 04 02:05:48 2017

H(0,0) = -0.737862
H(0,1) = -0.0745163
H(0,2) = 154.494
H(1,0) = -0.38651
H(1,1) = -1.24444
H(1,2) = 704.681
H(2,0) = -0.00076122
H(2,1) = -0.00155425
H(2,2) = 1
---------------



***************
Logging from: TestCalibrationMediaDialog testcalibration_main_shelftask
Time: Sat Mar 04 02:08:28 2017

H(0,0) = 1.11207
H(0,1) = -1.16059
H(0,2) = 437.489
H(1,0) = 0.485422
H(1,1) = -0.809544
H(1,2) = 369.489
H(2,0) = 0.000990897
H(2,1) = -0.0020254
H(2,2) = 1
---------------

