

***************
Logging from: TestCalibrationMediaDialog testcalibration_main
Time: Sat Dec 17 15:10:54 2016

H(0,0) = 0.960527
H(0,1) = -0.59638
H(0,2) = 250.967
H(1,0) = -0.0370998
H(1,1) = 0.748889
H(1,2) = 95.3138
H(2,0) = 9.44358e-005
H(2,1) = -0.000434127
H(2,2) = 1
---------------



***************
Logging from: TestCalibrationMediaDialog testcalibration_main
Time: Sat Dec 17 15:12:43 2016

H(0,0) = 1.23673
H(0,1) = -0.276374
H(0,2) = 60.4591
H(1,0) = 0.122735
H(1,1) = 1.3432
H(1,2) = -359.678
H(2,0) = 0.000111393
H(2,1) = -8.35412e-006
H(2,2) = 1
---------------

