
CALIBRATION: calibration_main
Start time: 27.01.2017 15-56-59
End time: 27.01.2017 15-57-31
Image quality on start: 0,795275568962097
Image quality minimum value: 0,787401556968689
Image quality mean value: 0,8204724487735
Head movement maximum value: 14,422205101856
Head movement mean value: 5,81408503063275
Head size ratio maximum value: 0,0914259846084201
Head size ratio mean value: 0,0643676754739481
Calibration reprojection error mean value: 192,426414489746
Calibration reprojection error outliers count: 0
Error: no error

TEST CALIBRATION: testcalibration_main
Start time: 27.01.2017 15-57-36
End time: 27.01.2017 15-57-58
Image quality minimum value: 0,803149580955505
Image quality mean value: 0,820109028082628
Head movement maximum value: 11,1803398874989
Head movement mean value: 4,30013072596113
Head size ratio maximum value: 0,0337528293345405
Head size ratio mean value: 0,628366472820977
Calibration maximum distance: 1207,04598089717
Calibration corrected maximum distance: 311,733860849283
Calibration without correction was successful: False
Calibration with correction was successful: True
Error: no error

WATCHTASK: 1
Start time: 27.01.2017 15-58-30
End time: 27.01.2017 15-59-01
Image quality minimum value: 0,582677185535431
Image quality mean value: 0,614439247696249
Head movement maximum value: 24,1867732448956
Head movement mean value: 19,1695615922998
Head size ratio maximum value: 0,0958080579447713
Head size ratio mean value: 0,0560494129258278
Error: no error

VIDEOTASK: 2
Start time: 27.01.2017 15-59-12
End time: 27.01.2017 15-59-29
Image quality minimum value: 0,393700778484344
Image quality mean value: 0,526011156602802
Head movement maximum value: 22,8035085019828
Head movement mean value: 20,4981585673972
Head size ratio maximum value: 0,131733816206428
Head size ratio mean value: 0,0813416752755819
Error: no error
