

***************
Logging from: TestCalibrationMediaDialog testcalibration_main
Time: Thu Mar 02 08:49:12 2017

H(0,0) = -0.374406
H(0,1) = -0.25007
H(0,2) = 320.67
H(1,0) = -0.320941
H(1,1) = -0.264541
H(1,2) = 331.27
H(2,0) = -0.000785205
H(2,1) = -0.000932606
H(2,2) = 1
---------------



***************
Logging from: TestCalibrationMediaDialog testcalibration_main
Time: Thu Mar 02 08:50:43 2017

H(0,0) = 1.6722
H(0,1) = -1.34118
H(0,2) = 267.539
H(1,0) = 1.10955
H(1,1) = -2.3969
H(1,2) = 311.083
H(2,0) = 0.00146925
H(2,1) = -0.00370089
H(2,2) = 1
---------------

