
CALIBRATION: calibration_main
Start time: 02.03.2017 08-48-13
End time: 02.03.2017 08-48-51
Image quality on start: 0.748031497001648
Image quality minimum value: 0
Image quality mean value: 0.608349259435778
Head movement maximum value: 26.1725046566048
Head movement mean value: 14.8149536179509
Head size ratio maximum value: 0.125428669410151
Head size ratio mean value: 0.0707830217490116
Calibration reprojection error mean value: 232.226025051541
Calibration reprojection error outliers count: 2
Error: no error

TEST CALIBRATION: testcalibration_main
Start time: 02.03.2017 08-48-55
End time: 02.03.2017 08-49-18
Image quality minimum value: 0
Image quality mean value: 0.480329002426789
Head movement maximum value: 40.3112887414927
Head movement mean value: 32.2388728238144
Head size ratio maximum value: 0.159722222222222
Head size ratio mean value: 0.1524143571628
Calibration maximum distance: 1260.17459107855
Calibration corrected maximum distance: 564.783144224401
Calibration without correction was successful: False
Calibration with correction was successful: False
Error: 
Calibration not accurate enough. 
We need some further fine tuning of the calibration, it doesn't always get right from the first time. Please try again, give your best to keep your head still and focus at the red dot.

CALIBRATION: calibration_main
Start time: 02.03.2017 08-49-47
End time: 02.03.2017 08-50-23
Image quality on start: 0.653543293476105
Image quality minimum value: 0.566929161548615
Image quality mean value: 0.603265411012313
Head movement maximum value: 20.6155281280883
Head movement mean value: 11.6320476419209
Head size ratio maximum value: 0.198557983872779
Head size ratio mean value: 0.0661486912322935
Calibration reprojection error mean value: 136.258474561903
Calibration reprojection error outliers count: 0
Error: no error

TEST CALIBRATION: testcalibration_main
Start time: 02.03.2017 08-50-26
End time: 02.03.2017 08-50-43
Image quality minimum value: 0.566929161548615
Image quality mean value: 0.600469424174382
Head movement maximum value: 23
Head movement mean value: 18.6234522287123
Head size ratio maximum value: 0.147233889625121
Head size ratio mean value: 0.129938248674351
Calibration maximum distance: 404.141064481203
Calibration corrected maximum distance: 347.955456919417
Calibration without correction was successful: True
Calibration with correction was successful: True
Error: no error

CLICKTASK: shoppersmode
Start time: 02.03.2017 08-50-48
End time: 02.03.2017 08-51-45
Image quality minimum value: 0
Image quality mean value: 0.544652530291576
Head movement maximum value: 45.3541618817943
Head movement mean value: 27.9011708078377
Head size ratio maximum value: 0.167628759461827
Head size ratio mean value: 0.0739377266353202
Error: 
Your face is not detected properly! Please try to set your position again and repeat calibration.

CALIBRATION: calibration_main
Start time: 02.03.2017 08-52-36
End time: 02.03.2017 08-53-12
Image quality on start: 0.692913413047791
Image quality minimum value: 0.370967745780945
Image quality mean value: 0.625908363255717
Head movement maximum value: 26.3058928759318
Head movement mean value: 18.7440516371595
Head size ratio maximum value: 0.10803324099723
Head size ratio mean value: 0.0757221315349782
Calibration reprojection error mean value: 452.393942938911
Calibration reprojection error outliers count: 5
Error: no error

TEST CALIBRATION: testcalibration_main
Start time: 02.03.2017 08-53-14
End time: 02.03.2017 08-53-30
Image quality minimum value: 1000
Image quality mean value: 0
Head movement maximum value: 0
Head movement mean value: 0
Head size ratio maximum value: 0
Head size ratio mean value: 0
Calibration maximum distance: 0
Calibration corrected maximum distance: 0
Calibration without correction was successful: False
Calibration with correction was successful: False
Error: no error

CLICKTASK: shoppersmode
Start time: 02.03.2017 08-53-40
End time: 02.03.2017 08-53-49
Image quality minimum value: 1000
Image quality mean value: 0
Head movement maximum value: 0
Head movement mean value: 0
Head size ratio maximum value: 0
Head size ratio mean value: 0
Error: no error

CLICKTASK: shelftask
Start time: 02.03.2017 08-53-59
End time: 02.03.2017 08-54-14
Image quality minimum value: 1000
Image quality mean value: 0
Head movement maximum value: 0
Head movement mean value: 0
Head size ratio maximum value: 0
Head size ratio mean value: 0
Error: no error

VIDEOTASK: 3drot
Start time: 02.03.2017 08-54-20
End time: 02.03.2017 08-54-32
Image quality minimum value: 1000
Image quality mean value: 0
Head movement maximum value: 0
Head movement mean value: 0
Head size ratio maximum value: 0
Head size ratio mean value: 0
Error: no error
