

***************
Logging from: TestCalibrationMediaDialog testcalibration_main
Time: Wed Dec 14 05:27:38 2016

H(0,0) = 1.09606
H(0,1) = -2.5614
H(0,2) = 290.612
H(1,0) = 0.0553193
H(1,1) = 0.141164
H(1,2) = 56.9476
H(2,0) = 0.000291875
H(2,1) = -0.00250579
H(2,2) = 1
---------------



***************
Logging from: TestCalibrationMediaDialog cal2
Time: Wed Dec 14 05:29:18 2016

H(0,0) = 1.05699
H(0,1) = -2.8655
H(0,2) = 88.7351
H(1,0) = -0.0590957
H(1,1) = -0.280573
H(1,2) = 281.088
H(2,0) = 0.000197029
H(2,1) = -0.00314427
H(2,2) = 1
---------------



***************
Logging from: TestCalibrationMediaDialog testcalibration_main_t3
Time: Wed Dec 14 05:31:12 2016

H(0,0) = 0.112265
H(0,1) = -0.677367
H(0,2) = 402.445
H(1,0) = -0.124532
H(1,1) = 0.330397
H(1,2) = 82.3692
H(2,0) = -0.000315223
H(2,1) = -0.00116125
H(2,2) = 1
---------------

