
CALIBRATION: calibration_main
Start time: 14.12.2016 05-26-41
End time: 14.12.2016 05-27-16
Image quality on start: 0.877300620079041
Image quality minimum value: 0.805555522441864
Image quality mean value: 0.846549956892281
Head movement maximum value: 12.7279220613579
Head movement mean value: 7.66926386021574
Head size ratio maximum value: 0.127250692520776
Head size ratio mean value: 0.0643514957919388
Calibration reprojection error mean value: 153.856455273098
Calibration reprojection error outliers count: 1
Error: no error

TEST CALIBRATION: testcalibration_main
Start time: 14.12.2016 05-27-22
End time: 14.12.2016 05-27-38
Image quality minimum value: 0.816770195960999
Image quality mean value: 0.84891328583025
Head movement maximum value: 11.4017542509914
Head movement mean value: 6.52179741431064
Head size ratio maximum value: 0.126577408433364
Head size ratio mean value: 0.0771416670531572
Calibration maximum distance: 556.008992733031
Calibration corrected maximum distance: 82.8009661779378
Calibration without correction was successful: False
Calibration with correction was successful: True
Error: no error

CLICKTASK: t1
Start time: 14.12.2016 05-27-54
End time: 14.12.2016 05-28-23
Image quality minimum value: 0.8125
Image quality mean value: 0.842668481657461
Head movement maximum value: 10
Head movement mean value: 7.09273566429065
Head size ratio maximum value: 0.0896429670667898
Head size ratio mean value: 0.0446847172096338
Error: no error

SURVEYTASK: Survey
Start time: 14.12.2016 05-28-26
End time: 14.12.2016 05-28-55
Error: no error

TEST CALIBRATION: cal2
Start time: 14.12.2016 05-29-02
End time: 14.12.2016 05-29-19
Image quality minimum value: 0.833333313465118
Image quality mean value: 0.865204537951428
Head movement maximum value: 7.61577310586391
Head movement mean value: 3.98112602549922
Head size ratio maximum value: 0.0896429670667898
Head size ratio mean value: 0.0554292625155568
Calibration maximum distance: 646.560902003825
Calibration corrected maximum distance: 148.408220796558
Calibration without correction was successful: False
Calibration with correction was successful: True
Error: no error

CLICKTASK: t2
Start time: 14.12.2016 05-29-27
End time: 14.12.2016 05-29-59
Image quality minimum value: 0.8125
Image quality mean value: 0.856832115410122
Head movement maximum value: 13.4164078649987
Head movement mean value: 8.38318030460398
Head size ratio maximum value: 0.0689442905509388
Head size ratio mean value: 0.0524318607450415
Error: no error

CLICKTASK: t3
Start time: 14.12.2016 05-30-05
End time: 14.12.2016 05-30-10
Image quality minimum value: 0.814371228218079
Image quality mean value: 0.830838322639465
Head movement maximum value: 111.305884839931
Head movement mean value: 55.6529424199655
Head size ratio maximum value: 0.340720221606648
Head size ratio mean value: 0.670360110803324
Error: 
Sorry, but we have lost your eyes. This is probably due to excessive head movements. Please try to recalibrate again and give your best to keep your head still.

CALIBRATION: calibration_main_t3
Start time: 14.12.2016 05-30-21
End time: 14.12.2016 05-30-54
Image quality on start: 0.798611104488373
Image quality minimum value: 0.833333313465118
Image quality mean value: 0.871964965965234
Head movement maximum value: 13.8924439894498
Head movement mean value: 9.05582082899475
Head size ratio maximum value: 0.113698506111363
Head size ratio mean value: 0.0671148776396025
Calibration reprojection error mean value: 142.273587120904
Calibration reprojection error outliers count: 1
Error: no error

TEST CALIBRATION: testcalibration_main_t3
Start time: 14.12.2016 05-30-56
End time: 14.12.2016 05-31-16
Image quality minimum value: 0.830246925354004
Image quality mean value: 0.84972917407615
Head movement maximum value: 13.4164078649987
Head movement mean value: 11.050796137493
Head size ratio maximum value: 0.104735174287008
Head size ratio mean value: 0.0757888339730989
Calibration maximum distance: 441.887994858426
Calibration corrected maximum distance: 379.82364328725
Calibration without correction was successful: False
Calibration with correction was successful: False
Error: 
Calibration not accurate enough. 
We need some further fine tuning of the calibration, it doesn't always get right from the first time. Please try again, give your best to keep your head still and focus at the red dot.

CLICKTASK: t3
Start time: 14.12.2016 05-31-18
End time: 14.12.2016 05-31-32
Image quality minimum value: 0.814024388790131
Image quality mean value: 0.832346472187319
Head movement maximum value: 17.4928556845359
Head movement mean value: 13.9970677019842
Head size ratio maximum value: 0.0586871887732006
Head size ratio mean value: 0.0811699175310489
Error: no error

CLICKTASK: t4
Start time: 14.12.2016 05-31-36
End time: 14.12.2016 05-31-54
Image quality minimum value: 0.803797483444214
Image quality mean value: 0.822598158689069
Head movement maximum value: 21.1896201004171
Head movement mean value: 17.7686270927414
Head size ratio maximum value: 0.0780624717066547
Head size ratio mean value: 0.0313990126066853
Error: no error
