
CALIBRATION: calibration_main
Start time: 08.12.2016 20-05-40
End time: 08.12.2016 20-06-12
Image quality on start: 0.868055582046509
Image quality minimum value: 0.777777791023254
Image quality mean value: 0.843928669265766
Head movement maximum value: 8.24621125123532
Head movement mean value: 4.48776235767048
Head size ratio maximum value: 0.104272959183674
Head size ratio mean value: 0.0759608589824117
Calibration reprojection error mean value: 55.8371007707384
Calibration reprojection error outliers count: 0
Error: no error

TEST CALIBRATION: testcalibration_main
Start time: 08.12.2016 20-06-18
End time: 08.12.2016 20-06-34
Image quality minimum value: 0.777777791023254
Image quality mean value: 0.83520843735281
Head movement maximum value: 9.05538513813742
Head movement mean value: 7.6604763106356
Head size ratio maximum value: 0.0615234375
Head size ratio mean value: 0.051052145504428
Calibration maximum distance: 387.485483599063
Calibration corrected maximum distance: 80.156097709407
Calibration without correction was successful: False
Calibration with correction was successful: True
Error: no error

CLICKTASK: c1
Start time: 08.12.2016 20-06-41
End time: 08.12.2016 20-06-54
Image quality minimum value: 0.770833373069763
Image quality mean value: 0.803299479073074
Head movement maximum value: 8.24621125123532
Head movement mean value: 6.22321136231318
Head size ratio maximum value: 0.162448182397959
Head size ratio mean value: 0.163040614802393
Error: no error

CLICKTASK: c2
Start time: 08.12.2016 20-07-01
End time: 08.12.2016 20-07-20
Image quality minimum value: 0.722222208976746
Image quality mean value: 0.792402947810759
Head movement maximum value: 17.0293863659264
Head movement mean value: 10.7493569057703
Head size ratio maximum value: 0.162448182397959
Head size ratio mean value: 0.10861603300959
Error: no error

CLICKTASK: c3
Start time: 08.12.2016 20-07-25
End time: 08.12.2016 20-07-57
Image quality minimum value: 0.750000059604645
Image quality mean value: 0.799649239797551
Head movement maximum value: 18.1107702762748
Head movement mean value: 14.4445432722336
Head size ratio maximum value: 0.146025988520408
Head size ratio mean value: 0.126040575201416
Error: no error

CLICKTASK: c4
Start time: 08.12.2016 20-08-04
End time: 08.12.2016 20-08-14
Image quality minimum value: 0.777777791023254
Image quality mean value: 0.823732529507309
Head movement maximum value: 21.0237960416286
Head movement mean value: 17.6684686732283
Head size ratio maximum value: 0.104272959183674
Head size ratio mean value: 0.110055664171406
Error: no error
