
CALIBRATION: calibration_main
Start time: 17.03.2017 14-50-19
End time: 17.03.2017 14-50-51
Image quality on start: 0.653543293476105
Image quality minimum value: 0.598425209522247
Image quality mean value: 0.623363720693799
Head movement maximum value: 9.48683298050514
Head movement mean value: 6.07773286792379
Head size ratio maximum value: 0.064057300543787
Head size ratio mean value: 0.0424732324617228
Calibration reprojection error mean value: 51.2819069756402
Calibration reprojection error outliers count: 0
Error: no error

TEST CALIBRATION: testcalibration_main
Start time: 17.03.2017 14-50-53
End time: 17.03.2017 14-51-08
Image quality minimum value: 0.598425209522247
Image quality mean value: 0.623138692709479
Head movement maximum value: 13.9283882771841
Head movement mean value: 9.91785590169802
Head size ratio maximum value: 0.0707734761788816
Head size ratio mean value: 0.0665351597248842
Calibration maximum distance: 245.153013442625
Calibration corrected maximum distance: 45.7930125674212
Calibration without correction was successful: True
Calibration with correction was successful: True
Error: no error

CLICKTASK: filler
Start time: 17.03.2017 14-51-12
End time: 17.03.2017 14-51-16
Image quality minimum value: 0.614173233509064
Image quality mean value: 0.666986728586802
Head movement maximum value: 10.295630140987
Head movement mean value: 6.76932106977574
Head size ratio maximum value: 0.0794375456537618
Head size ratio mean value: 0.238904527467481
Error: no error

CLICKTASK: full_shelf
Start time: 17.03.2017 14-51-22
End time: 17.03.2017 14-51-29
Image quality minimum value: 0.606299221515656
Image quality mean value: 0.642653702421391
Head movement maximum value: 10.816653826392
Head movement mean value: 7.63398510929188
Head size ratio maximum value: 0.08806103400698
Head size ratio mean value: 0.122578299979105
Error: no error

CLICKTASK: 3row_shelf
Start time: 17.03.2017 14-51-32
End time: 17.03.2017 14-51-41
Image quality minimum value: 0.606299221515656
Image quality mean value: 0.667304419468497
Head movement maximum value: 9.4339811320566
Head movement mean value: 7.78065723576369
Head size ratio maximum value: 0.12214917620323
Head size ratio mean value: 0.112171529953798
Error: no error

CLICKTASK: pack
Start time: 17.03.2017 14-51-45
End time: 17.03.2017 14-51-51
Image quality minimum value: 0.622047245502472
Image quality mean value: 0.64469851288077
Head movement maximum value: 12.0415945787923
Head movement mean value: 8.9416420047257
Head size ratio maximum value: 0.0794375456537618
Head size ratio mean value: 0.125293379273387
Error: no error
