

***************
Logging from: TestCalibrationMediaDialog testcalibration_main
Time: Fri Jan 16 17:02:38 2015

H(0,0) = 1.75565
H(0,1) = -0.859316
H(0,2) = -22.779
H(1,0) = 0.149734
H(1,1) = 0.502123
H(1,2) = 29.0979
H(2,0) = 0.000815647
H(2,1) = -0.00156831
H(2,2) = 1
---------------



***************
Logging from: VideoMediaDialog v - start
Time: Fri Jan 16 17:02:43 2015

H(0,0) = 1.75565
H(0,1) = -0.859316
H(0,2) = -22.779
H(1,0) = 0.149734
H(1,1) = 0.502123
H(1,2) = 29.0979
H(2,0) = 0.000815647
H(2,1) = -0.00156831
H(2,2) = 1
---------------

