
CALIBRATION: calibration_main
Start time: 16.03.2017 11-23-35
End time: 16.03.2017 11-24-11
Image quality on start: 0.818897664546967
Image quality minimum value: 0.692913413047791
Image quality mean value: 0.773132064717305
Head movement maximum value: 7.81024967590665
Head movement mean value: 4.85871389216886
Head size ratio maximum value: 0.0738957651301623
Head size ratio mean value: 0.0606648309353872
Calibration reprojection error mean value: 75.5120636622111
Calibration reprojection error outliers count: 0
Error: no error

TEST CALIBRATION: testcalibration_main
Start time: 16.03.2017 11-24-14
End time: 16.03.2017 11-24-31
Image quality minimum value: 0.803149580955505
Image quality mean value: 0.818675841244174
Head movement maximum value: 8.06225774829855
Head movement mean value: 5.72620792033315
Head size ratio maximum value: 0.0414033367763169
Head size ratio mean value: 0.128187482416249
Calibration maximum distance: 496.97686062834
Calibration corrected maximum distance: 311.977563295824
Calibration without correction was successful: False
Calibration with correction was successful: True
Error: no error

CLICKTASK: filler
Start time: 16.03.2017 11-24-41
End time: 16.03.2017 11-24-57
Image quality minimum value: 0.770833253860474
Image quality mean value: 0.855313746735107
Head movement maximum value: 13.4164078649987
Head movement mean value: 6.2521103700562
Head size ratio maximum value: 0.094168519458693
Head size ratio mean value: 0.152696662287278
Error: no error

CLICKTASK: full_shelf
Start time: 16.03.2017 11-25-04
End time: 16.03.2017 11-25-21
Image quality minimum value: 0.566929161548615
Image quality mean value: 0.806483647290696
Head movement maximum value: 18.4390889145858
Head movement mean value: 15.0766878947221
Head size ratio maximum value: 0.0738957651301623
Head size ratio mean value: 0.0573720511925598
Error: no error

CLICKTASK: 3row_shelf
Start time: 16.03.2017 11-25-26
End time: 16.03.2017 11-25-36
Image quality minimum value: 0.519685029983521
Image quality mean value: 0.765189785782884
Head movement maximum value: 23.7697286480094
Head movement mean value: 17.6459202461088
Head size ratio maximum value: 0.152675898531188
Head size ratio mean value: 0.29480550700887
Error: no error

CLICKTASK: pack
Start time: 16.03.2017 11-25-43
End time: 16.03.2017 11-25-55
Image quality minimum value: 0.645669281482697
Image quality mean value: 0.806799625356992
Head movement maximum value: 19.2353840616713
Head movement mean value: 15.9839402215084
Head size ratio maximum value: 0.152675898531188
Head size ratio mean value: 0.227408483745032
Error: no error
