
CALIBRATION: calibration_main
Start time: 17.03.2017 09-02-12
End time: 17.03.2017 09-02-44
Image quality on start: 0.882352948188782
Image quality minimum value: 0.854166686534882
Image quality mean value: 0.888226244716268
Head movement maximum value: 10.816653826392
Head movement mean value: 4.98148527324023
Head size ratio maximum value: 0.183452670646522
Head size ratio mean value: 0.0670508541885691
Calibration reprojection error mean value: 77.7251400417752
Calibration reprojection error outliers count: 0
Error: no error

TEST CALIBRATION: testcalibration_main
Start time: 17.03.2017 09-02-51
End time: 17.03.2017 09-03-07
Image quality minimum value: 0.819444417953491
Image quality mean value: 0.856456230634199
Head movement maximum value: 15.2970585407784
Head movement mean value: 9.16081959239552
Head size ratio maximum value: 0.19257365942473
Head size ratio mean value: 0.153102845225921
Calibration maximum distance: 267.306939677966
Calibration corrected maximum distance: 75.1664818918645
Calibration without correction was successful: True
Calibration with correction was successful: True
Error: no error

CLICKTASK: filler
Start time: 17.03.2017 09-03-15
End time: 17.03.2017 09-03-20
Image quality minimum value: 0.805555522441864
Image quality mean value: 0.825274461761434
Head movement maximum value: 27.1661554144122
Head movement mean value: 23.0876066840771
Head size ratio maximum value: 0.19257365942473
Head size ratio mean value: 0.190114527317337
Error: no error

CLICKTASK: full_shelf
Start time: 17.03.2017 09-03-26
End time: 17.03.2017 09-03-31
Image quality minimum value: 0.775974035263062
Image quality mean value: 0.786291190340549
Head movement maximum value: 34.132096331752
Head movement mean value: 30.813283458711
Head size ratio maximum value: 0.174366695260937
Head size ratio mean value: 0.157017116008899
Error: no error

CLICKTASK: 3row_shelf
Start time: 17.03.2017 09-03-39
End time: 17.03.2017 09-03-46
Image quality minimum value: 0.754901945590973
Image quality mean value: 0.77869886965365
Head movement maximum value: 36.2215405525497
Head movement mean value: 32.7335350358251
Head size ratio maximum value: 0.111745242555277
Head size ratio mean value: 0.0988470657594097
Error: no error

CLICKTASK: pack
Start time: 17.03.2017 09-03-53
End time: 17.03.2017 09-03-59
Image quality minimum value: 0.753378391265869
Image quality mean value: 0.77257737191394
Head movement maximum value: 35.2278299076171
Head movement mean value: 31.8494707559391
Head size ratio maximum value: 0.210920677159013
Head size ratio mean value: 0.193375274636298
Error: no error
