
CALIBRATION: calibration_main
Start time: 20.03.2017 10-58-10
End time: 20.03.2017 10-58-44
Image quality on start: 0.951388955116272
Image quality minimum value: 0.916666626930237
Image quality mean value: 0.941109591486027
Head movement maximum value: 8.06225774829855
Head movement mean value: 3.32077709623779
Head size ratio maximum value: 0.0660970270461125
Head size ratio mean value: 0.0347501678711232
Calibration reprojection error mean value: 54.035641140408
Calibration reprojection error outliers count: 0
Error: no error

TEST CALIBRATION: testcalibration_main
Start time: 20.03.2017 10-58-46
End time: 20.03.2017 10-59-02
Image quality minimum value: 0.914634168148041
Image quality mean value: 0.923668537566911
Head movement maximum value: 10.770329614269
Head movement mean value: 8.04003252628175
Head size ratio maximum value: 0.0742002683426312
Head size ratio mean value: 0.0783515337653939
Calibration maximum distance: 312.621176506007
Calibration corrected maximum distance: 215.668727450226
Calibration without correction was successful: True
Calibration with correction was successful: True
Error: no error

WATCHTASK: 1
Start time: 20.03.2017 10-59-05
End time: 20.03.2017 10-59-20
Image quality minimum value: 0.909937858581543
Image quality mean value: 0.94070554041281
Head movement maximum value: 9.89949493661167
Head movement mean value: 5.4391594767406
Head size ratio maximum value: 0.08579902549255
Head size ratio mean value: 0.0687529818240064
Error: no error
