
CALIBRATION: calibration_main
Start time: 20.12.2016 00-09-06
End time: 20.12.2016 00-09-42
Image quality on start: 0.503937005996704
Image quality minimum value: 0.488188982009888
Image quality mean value: 0.507859484296003
Head movement maximum value: 11.6619037896906
Head movement mean value: 5.28295614510601
Head size ratio maximum value: 0.0819714604591837
Head size ratio mean value: 0.0630570061280971
Calibration reprojection error mean value: 88.1758876376682
Calibration reprojection error outliers count: 0
Error: no error

TEST CALIBRATION: testcalibration_main
Start time: 20.12.2016 00-09-47
End time: 20.12.2016 00-10-05
Image quality minimum value: 0.496062994003296
Image quality mean value: 0.506359778917753
Head movement maximum value: 5
Head movement mean value: 2.66206307056476
Head size ratio maximum value: 0.0451411033163265
Head size ratio mean value: 0.124448607568027
Calibration maximum distance: 521.751856728848
Calibration corrected maximum distance: 284.787640181241
Calibration without correction was successful: False
Calibration with correction was successful: True
Error: no error

VIDEOTASK: 1
Start time: 20.12.2016 00-10-13
End time: 20.12.2016 00-12-41
Image quality minimum value: 0
Image quality mean value: 0.402633081712793
Head movement maximum value: 49.1629942131274
Head movement mean value: 24.2994845142267
Head size ratio maximum value: 0.129444355867347
Head size ratio mean value: 0.0643772883691086
Error: 
Your face is not detected properly! Please try to set your position again and repeat calibration.
