
CALIBRATION: calibration_main
Start time: 16.05.2017 20-30-53
End time: 16.05.2017 20-31-25
Image quality on start: 0,6875
Image quality minimum value: 0,562499940395355
Image quality mean value: 0,661115263189588
Head movement maximum value: 7,07106781186548
Head movement mean value: 2,83068153281651
Head size ratio maximum value: 0,0853719239034103
Head size ratio mean value: 0,0407148139387
Calibration reprojection error mean value: 31,7037542131212
Calibration reprojection error outliers count: 0
Error: no error

TEST CALIBRATION: testcalibration_main
Start time: 16.05.2017 20-31-27
End time: 16.05.2017 20-31-43
Image quality minimum value: 0,590277910232544
Image quality mean value: 0,703727861172159
Head movement maximum value: 5,3851648071345
Head movement mean value: 3,4078620545351
Head size ratio maximum value: 0,0951814396192743
Head size ratio mean value: 0,0682025386704838
Calibration maximum distance: 215,928228816892
Calibration corrected maximum distance: 20,0997512422418
Calibration without correction was successful: True
Calibration with correction was successful: True
Error: no error

CLICKTASK: 2017033_ts_EyeSee_cell1b_task1
Start time: 16.05.2017 20-31-45
End time: 16.05.2017 20-31-50
Image quality minimum value: 0,638888835906982
Image quality mean value: 0,689451604159837
Head movement maximum value: 7,07106781186548
Head movement mean value: 4,89515724550325
Head size ratio maximum value: 0,0617343903653074
Head size ratio mean value: 0,11450947477613
Error: no error

CLICKTASK: 2017033_ts_EyeSee_cell1b_task2
Start time: 16.05.2017 20-31-53
End time: 16.05.2017 20-31-55
Image quality minimum value: 0,611111104488373
Image quality mean value: 0,673132203776261
Head movement maximum value: 8,54400374531753
Head movement mean value: 6,17580736973639
Head size ratio maximum value: 0,0684723621750901
Head size ratio mean value: 0,0711378276310011
Error: no error

WATCHTASK: 2017033_ts_EyeSee_cell1b_task_3
Start time: 16.05.2017 20-31-57
End time: 16.05.2017 20-32-18
Image quality minimum value: 0,611111104488373
Image quality mean value: 0,687420739383294
Head movement maximum value: 10,0498756211209
Head movement mean value: 5,64042877716301
Head size ratio maximum value: 0,153856426568248
Head size ratio mean value: 0,051572843270367
Error: no error
