
CALIBRATION: calibration_main
Start time: 19.12.2016 17-25-53
End time: 19.12.2016 17-26-27
Image quality on start: 0.622047245502472
Image quality minimum value: 0.590551197528839
Image quality mean value: 0.602032686382663
Head movement maximum value: 21.2132034355964
Head movement mean value: 13.1611980421438
Head size ratio maximum value: 0.15429273956697
Head size ratio mean value: 0.0996694154698644
Calibration reprojection error mean value: 131.475382486979
Calibration reprojection error outliers count: 1
Error: no error

TEST CALIBRATION: testcalibration_main
Start time: 19.12.2016 17-26-31
End time: 19.12.2016 17-26-47
Image quality minimum value: 0.574803173542023
Image quality mean value: 0.590398304092074
Head movement maximum value: 30.5941170815567
Head movement mean value: 23.409648285844
Head size ratio maximum value: 0.110323748377843
Head size ratio mean value: 0.118699449544205
Calibration maximum distance: 318.692641898115
Calibration corrected maximum distance: 53.2259335286851
Calibration without correction was successful: False
Calibration with correction was successful: True
Error: no error

VIDEOTASK: 1
Start time: 19.12.2016 17-26-59
End time: 19.12.2016 17-28-28
Image quality minimum value: 0.582677185535431
Image quality mean value: 0.694641437381506
Head movement maximum value: 33.2415402771893
Head movement mean value: 23.2547932900792
Head size ratio maximum value: 0.244792022402841
Head size ratio mean value: 0.131498711106505
Error: no error
