
CALIBRATION: calibration_main
Start time: 16.12.2016 20-31-57
End time: 16.12.2016 20-32-30
Image quality on start: 0.829268276691437
Image quality minimum value: 0.806249976158142
Image quality mean value: 0.829361585617065
Head movement maximum value: 10.0498756211209
Head movement mean value: 5.60341161594623
Head size ratio maximum value: 0.0983772239278427
Head size ratio mean value: 0.0734417218079998
Calibration reprojection error mean value: 49.7260772917006
Calibration reprojection error outliers count: 0
Error: no error

TEST CALIBRATION: testcalibration_main
Start time: 16.12.2016 20-32-38
End time: 16.12.2016 20-32-55
Image quality minimum value: 0.818897664546967
Image quality mean value: 0.832624924393882
Head movement maximum value: 9.21954445729289
Head movement mean value: 6.16339711636027
Head size ratio maximum value: 0.0710894147708854
Head size ratio mean value: 0.102851025332641
Calibration maximum distance: 241.107859681098
Calibration corrected maximum distance: 51.0098029794274
Calibration without correction was successful: True
Calibration with correction was successful: True
Error: no error

VIDEOTASK: 1
Start time: 16.12.2016 20-33-08
End time: 16.12.2016 20-34-35
Image quality minimum value: 0.834645688533783
Image quality mean value: 0.892249483551031
Head movement maximum value: 30.886890422961
Head movement mean value: 16.2787310180914
Head size ratio maximum value: 0.135294902843195
Head size ratio mean value: 0.0762739877968231
Error: no error
