

***************
Logging from: TestCalibrationMediaDialog testcalibration_main
Time: Fri Jan 16 18:21:20 2015

H(0,0) = 1.06292
H(0,1) = -0.334324
H(0,2) = 297.676
H(1,0) = 0.0564357
H(1,1) = 1.05325
H(1,2) = -102.885
H(2,0) = 0.000138065
H(2,1) = -0.000173934
H(2,2) = 1
---------------



***************
Logging from: VideoMediaDialog v - start
Time: Fri Jan 16 18:21:26 2015

H(0,0) = 1.06292
H(0,1) = -0.334324
H(0,2) = 297.676
H(1,0) = 0.0564357
H(1,1) = 1.05325
H(1,2) = -102.885
H(2,0) = 0.000138065
H(2,1) = -0.000173934
H(2,2) = 1
---------------



***************
Logging from: TestCalibrationMediaDialog testcalibration_main
Time: Fri Jan 16 18:22:33 2015

H(0,0) = 0.881325
H(0,1) = -0.521771
H(0,2) = 190.01
H(1,0) = -0.014584
H(1,1) = 0.94539
H(1,2) = -29.8322
H(2,0) = 2.46081e-005
H(2,1) = -0.00040384
H(2,2) = 1
---------------



***************
Logging from: VideoMediaDialog v - start
Time: Fri Jan 16 18:22:35 2015

H(0,0) = 0.881325
H(0,1) = -0.521771
H(0,2) = 190.01
H(1,0) = -0.014584
H(1,1) = 0.94539
H(1,2) = -29.8322
H(2,0) = 2.46081e-005
H(2,1) = -0.00040384
H(2,2) = 1
---------------



***************
Logging from: VideoMediaDialog v - stop
Time: Fri Jan 16 18:24:17 2015

H(0,0) = 0.881325
H(0,1) = -0.521771
H(0,2) = 190.01
H(1,0) = -0.014584
H(1,1) = 0.94539
H(1,2) = -29.8322
H(2,0) = 2.46081e-005
H(2,1) = -0.00040384
H(2,2) = 1
---------------

