
CALIBRATION: calibration_main
Start time: 16.01.2015 18-20-30
End time: 16.01.2015 18-21-03
Image quality on start: 0.819444417953491
Image quality minimum value: 0.645833373069763
Image quality mean value: 0.777835441404773
Head movement maximum value: 6.70820393249937
Head movement mean value: 2.86926882469226
Head size ratio maximum value: 0.149119031221304
Head size ratio mean value: 0.068799320181285
Calibration reprojection error mean value: 23.539188279046
Calibration reprojection error outliers count: 0
Error: no error

TEST CALIBRATION: testcalibration_main
Start time: 16.01.2015 18-21-04
End time: 16.01.2015 18-21-20
Image quality minimum value: 0.743055522441864
Image quality mean value: 0.821917284769841
Head movement maximum value: 6.70820393249937
Head movement mean value: 4.01777707565279
Head size ratio maximum value: 0.0960600321395776
Head size ratio mean value: 0.0643578120941396
Calibration maximum distance: 232.331659487036
Calibration corrected maximum distance: 23.6008474424119
Calibration without correction was successful: True
Calibration with correction was successful: True
Error: no error

VIDEOTASK: v
Start time: 16.01.2015 18-21-25
End time: 16.01.2015 18-21-32
Image quality minimum value: 0.6875
Image quality mean value: 0.747924097653093
Head movement maximum value: 7.28010988928052
Head movement mean value: 2.73762535857105
Head size ratio maximum value: 0.487660697887971
Head size ratio mean value: 0.384515214844368
Error: 
Sorry, but we have lost your eyes. This is probably due to excessive head movements. Please try to recalibrate again and give your best to keep your head still.

CALIBRATION: calibration_main
Start time: 16.01.2015 18-21-46
End time: 16.01.2015 18-22-17
Image quality on start: 0.818897664546967
Image quality minimum value: 0.779527544975281
Image quality mean value: 0.795120365124651
Head movement maximum value: 6.08276253029822
Head movement mean value: 1.59732378922462
Head size ratio maximum value: 0.0906727910413218
Head size ratio mean value: 0.0333207165376108
Calibration reprojection error mean value: 15.3425748613146
Calibration reprojection error outliers count: 0
Error: no error

TEST CALIBRATION: testcalibration_main
Start time: 16.01.2015 18-22-18
End time: 16.01.2015 18-22-34
Image quality minimum value: 0.771653532981873
Image quality mean value: 0.792777388450132
Head movement maximum value: 6.08276253029822
Head movement mean value: 2.57354600138352
Head size ratio maximum value: 0.059944097277858
Head size ratio mean value: 0.0540696854251025
Calibration maximum distance: 149.91330828182
Calibration corrected maximum distance: 20.0997512422418
Calibration without correction was successful: True
Calibration with correction was successful: True
Error: no error

VIDEOTASK: v
Start time: 16.01.2015 18-22-35
End time: 16.01.2015 18-24-17
Image quality minimum value: 0.763779520988464
Image quality mean value: 0.865736064928245
Head movement maximum value: 15.2970585407784
Head movement mean value: 11.5175046531481
Head size ratio maximum value: 0.12163292919582
Head size ratio mean value: 0.0397075649513278
Error: no error
