
CALIBRATION: calibration_main
Start time: 07.12.2016 04-11-55
End time: 07.12.2016 04-12-30
Image quality on start: 0.4251968562603
Image quality minimum value: 0.472440958023071
Image quality mean value: 0.485384300746749
Head movement maximum value: 8.60232526704263
Head movement mean value: 3.49965651604039
Head size ratio maximum value: 0.0729970630421419
Head size ratio mean value: 0.0486808018215304
Calibration reprojection error mean value: 163.808658175998
Calibration reprojection error outliers count: 0
Error: no error

TEST CALIBRATION: testcalibration_main
Start time: 07.12.2016 04-12-38
End time: 07.12.2016 04-12-55
Image quality minimum value: 0.472440958023071
Image quality mean value: 0.486567861893598
Head movement maximum value: 10.4403065089106
Head movement mean value: 4.81368786446537
Head size ratio maximum value: 0.104552284680008
Head size ratio mean value: 0.109838942748741
Calibration maximum distance: 351.693047983607
Calibration corrected maximum distance: 134.406101051998
Calibration without correction was successful: False
Calibration with correction was successful: True
Error: no error

CLICKTASK: c1
Start time: 07.12.2016 04-12-57
End time: 07.12.2016 04-13-06
Image quality minimum value: 0.236220479011536
Image quality mean value: 0.272903382068589
Head movement maximum value: 0
Head movement mean value: 0
Head size ratio maximum value: 0
Head size ratio mean value: 1
Error: no error

CLICKTASK: c2
Start time: 07.12.2016 04-13-13
End time: 07.12.2016 04-13-26
Image quality minimum value: 0.244094491004944
Image quality mean value: 0.310869661622873
Head movement maximum value: 6.08276253029822
Head movement mean value: 5.55401500228408
Head size ratio maximum value: 0.0967147052796941
Head size ratio mean value: 0.0767697584536272
Error: no error

CLICKTASK: c3
Start time: 07.12.2016 04-13-31
End time: 07.12.2016 04-14-08
Image quality minimum value: 0.307086616754532
Image quality mean value: 0.318275241400389
Head movement maximum value: 12.0830459735946
Head movement mean value: 6.22594321380092
Head size ratio maximum value: 0.0967147052796941
Head size ratio mean value: 0.0506309462347882
Error: no error

CLICKTASK: c4
Start time: 07.12.2016 04-14-16
End time: 07.12.2016 04-14-31
Image quality minimum value: 0.31496062874794
Image quality mean value: 0.39896394139842
Head movement maximum value: 12.8062484748657
Head movement mean value: 6.34314471400557
Head size ratio maximum value: 0.0888429752066116
Head size ratio mean value: 0.0980565571089118
Error: no error
