

***************
Logging from: TestCalibrationMediaDialog testcalibration_main
Time: Wed Dec 07 13:21:52 2016

H(0,0) = -0.158007
H(0,1) = -0.0813243
H(0,2) = 164.87
H(1,0) = -0.165591
H(1,1) = -0.0584689
H(1,2) = 156.497
H(2,0) = -0.00106704
H(2,1) = -0.000358211
H(2,2) = 1
---------------



***************
Logging from: TestCalibrationMediaDialog testcalibration_main
Time: Wed Dec 07 13:22:57 2016

H(0,0) = -1.28202
H(0,1) = -0.733189
H(0,2) = 988.596
H(1,0) = -0.463942
H(1,1) = -0.164524
H(1,2) = 342.439
H(2,0) = -0.00125649
H(2,1) = -0.000690213
H(2,2) = 1
---------------

