
CALIBRATION: calibration_main
Start time: 07.12.2016 13-20-58
End time: 07.12.2016 13-21-33
Image quality on start: 0.448818892240524
Image quality minimum value: 0.488188982009888
Image quality mean value: 0.509611969595557
Head movement maximum value: 5.8309518948453
Head movement mean value: 2.9069644715883
Head size ratio maximum value: 0.0942211652794293
Head size ratio mean value: 0.0656870306691951
Calibration reprojection error mean value: 195.359322018094
Calibration reprojection error outliers count: 2
Error: no error

TEST CALIBRATION: testcalibration_main
Start time: 07.12.2016 13-21-36
End time: 07.12.2016 13-21-56
Image quality minimum value: 0.496062994003296
Image quality mean value: 0.525332048685864
Head movement maximum value: 6.40312423743285
Head movement mean value: 4.22120824809787
Head size ratio maximum value: 0.0559334126040427
Head size ratio mean value: 0.106764914303559
Calibration maximum distance: 535.165394994856
Calibration corrected maximum distance: 469.600894377343
Calibration without correction was successful: False
Calibration with correction was successful: False
Error: 
Calibration not accurate enough. 
We need some further fine tuning of the calibration, it doesn't always get right from the first time. Please try again, give your best to keep your head still and focus at the red dot.

CALIBRATION: calibration_main
Start time: 07.12.2016 13-22-06
End time: 07.12.2016 13-22-39
Image quality on start: 0.472440958023071
Image quality minimum value: 0.496062994003296
Image quality mean value: 0.518861837820573
Head movement maximum value: 5.3851648071345
Head movement mean value: 2.70599237461113
Head size ratio maximum value: 0.0786826715912587
Head size ratio mean value: 0.0719964744396876
Calibration reprojection error mean value: 207.903962877062
Calibration reprojection error outliers count: 3
Error: no error

TEST CALIBRATION: testcalibration_main
Start time: 07.12.2016 13-22-41
End time: 07.12.2016 13-22-57
Image quality minimum value: 0.496062994003296
Image quality mean value: 0.511068186669979
Head movement maximum value: 5.3851648071345
Head movement mean value: 2.92015893276421
Head size ratio maximum value: 0.0425484764542936
Head size ratio mean value: 0.103097963379153
Calibration maximum distance: 445.38185863369
Calibration corrected maximum distance: 281.886501982624
Calibration without correction was successful: False
Calibration with correction was successful: True
Error: no error

CLICKTASK: c1
Start time: 07.12.2016 13-23-01
End time: 07.12.2016 13-23-11
Image quality minimum value: 0.251968502998352
Image quality mean value: 0.505269533395767
Head movement maximum value: 5.8309518948453
Head movement mean value: 3.37244541191113
Head size ratio maximum value: 0.0621606648199446
Head size ratio mean value: 0.303935033264673
Error: no error

CLICKTASK: c2
Start time: 07.12.2016 13-23-16
End time: 07.12.2016 13-23-29
Image quality minimum value: 0.267716526985168
Image quality mean value: 0.532364651178702
Head movement maximum value: 7.07106781186548
Head movement mean value: 4.89079799797856
Head size ratio maximum value: 0.0485195444752231
Head size ratio mean value: 0.181934480826447
Error: no error

CLICKTASK: c3
Start time: 07.12.2016 13-23-33
End time: 07.12.2016 13-23-46
Image quality minimum value: 0.338582664728165
Image quality mean value: 0.563681107014418
Head movement maximum value: 6.40312423743285
Head movement mean value: 4.40178057458215
Head size ratio maximum value: 0.0497260695598645
Head size ratio mean value: 0.0809933825792551
Error: no error

CLICKTASK: c4
Start time: 07.12.2016 13-23-48
End time: 07.12.2016 13-24-09
Image quality minimum value: 0.362204730510712
Image quality mean value: 0.501671876000092
Head movement maximum value: 65.299310869258
Head movement mean value: 14.2044686138585
Head size ratio maximum value: 0.167916281932903
Head size ratio mean value: 0.0843984670572566
Error: no error
