

***************
Logging from: TestCalibrationMediaDialog testcalibration_main
Time: Fri Jan 27 16:25:35 2017

H(0,0) = 0.976821
H(0,1) = -0.205344
H(0,2) = 79.7088
H(1,0) = 0.205512
H(1,1) = 1.19218
H(1,2) = -532.59
H(2,0) = 0.000106651
H(2,1) = -0.000234017
H(2,2) = 1
---------------



***************
Logging from: TestCalibrationMediaDialog testcalibration_main
Time: Fri Jan 27 16:27:20 2017

H(0,0) = 1.10877
H(0,1) = 0.18591
H(0,2) = -8.18844
H(1,0) = 0.12402
H(1,1) = 0.840245
H(1,2) = -71.2282
H(2,0) = 9.08186e-005
H(2,1) = -9.77572e-005
H(2,2) = 1
---------------



***************
Logging from: TestCalibrationMediaDialog testcalibration_main
Time: Fri Jan 27 16:28:43 2017

H(0,0) = 0.534655
H(0,1) = -0.372119
H(0,2) = 212.126
H(1,0) = 0.108154
H(1,1) = 0.855985
H(1,2) = -141.377
H(2,0) = -0.000216544
H(2,1) = -0.000483364
H(2,2) = 1
---------------

