
CALIBRATION: calibration_main
Start time: 27.01.2017 16-24-43
End time: 27.01.2017 16-25-15
Image quality on start: 0,472440958023071
Image quality minimum value: 0,448818892240524
Image quality mean value: 0,466094718813134
Head movement maximum value: 5,8309518948453
Head movement mean value: 4,06835366754048
Head size ratio maximum value: 0,0623451608279929
Head size ratio mean value: 0,0328361526801057
Calibration reprojection error mean value: 31,9271583557129
Calibration reprojection error outliers count: 0
Error: no error

TEST CALIBRATION: testcalibration_main
Start time: 27.01.2017 16-25-19
End time: 27.01.2017 16-25-35
Image quality minimum value: 0,456692904233933
Image quality mean value: 0,466189814319137
Head movement maximum value: 8,24621125123532
Head movement mean value: 5,93616982243348
Head size ratio maximum value: 0,0358715014025102
Head size ratio mean value: 0,0463076088463408
Calibration maximum distance: 370,194543449792
Calibration corrected maximum distance: 24,7588368062799
Calibration without correction was successful: False
Calibration with correction was successful: True
Error: no error

WATCHTASK: 1
Start time: 27.01.2017 16-26-09
End time: 27.01.2017 16-26-12
Image quality minimum value: 1000
Image quality mean value: 0
Head movement maximum value: 0
Head movement mean value: 0
Head size ratio maximum value: 0
Head size ratio mean value: 0
Error: 
Can't create video!

CALIBRATION: calibration_main
Start time: 27.01.2017 16-26-33
End time: 27.01.2017 16-27-04
Image quality on start: 0,448818892240524
Image quality minimum value: 0,440944880247116
Image quality mean value: 0,451370810839667
Head movement maximum value: 5,3851648071345
Head movement mean value: 3,18902813588679
Head size ratio maximum value: 0,0686485764954902
Head size ratio mean value: 0,0405999570072227
Calibration reprojection error mean value: 61,009126663208
Calibration reprojection error outliers count: 0
Error: no error

TEST CALIBRATION: testcalibration_main
Start time: 27.01.2017 16-27-05
End time: 27.01.2017 16-27-20
Image quality minimum value: 0,440944880247116
Image quality mean value: 0,454588917223548
Head movement maximum value: 8,94427190999916
Head movement mean value: 6,95587844248643
Head size ratio maximum value: 0,0431913960450793
Head size ratio mean value: 0,0516470910397319
Calibration maximum distance: 284,871901036238
Calibration corrected maximum distance: 93,2952303175248
Calibration without correction was successful: True
Calibration with correction was successful: True
Error: no error

WATCHTASK: 1
Start time: 27.01.2017 16-27-28
End time: 27.01.2017 16-27-31
Image quality minimum value: 1000
Image quality mean value: 0
Head movement maximum value: 0
Head movement mean value: 0
Head size ratio maximum value: 0
Head size ratio mean value: 0
Error: 
Can't create video!

CALIBRATION: calibration_main
Start time: 27.01.2017 16-27-55
End time: 27.01.2017 16-28-25
Image quality on start: 0,488188982009888
Image quality minimum value: 0,464566916227341
Image quality mean value: 0,481087261044394
Head movement maximum value: 8,60232526704263
Head movement mean value: 5,52797307197242
Head size ratio maximum value: 0,0360331632653061
Head size ratio mean value: 0,0364403440613984
Calibration reprojection error mean value: 63,7433831956651
Calibration reprojection error outliers count: 0
Error: no error

TEST CALIBRATION: testcalibration_main
Start time: 27.01.2017 16-28-27
End time: 27.01.2017 16-28-43
Image quality minimum value: 0,456692904233933
Image quality mean value: 0,475446303382175
Head movement maximum value: 10,295630140987
Head movement mean value: 8,35137303244521
Head size ratio maximum value: 0,0451411033163265
Head size ratio mean value: 0,0458322582372644
Calibration maximum distance: 307,657276852019
Calibration corrected maximum distance: 54,561891462815
Calibration without correction was successful: True
Calibration with correction was successful: True
Error: no error

WATCHTASK: 1
Start time: 27.01.2017 16-28-50
End time: 27.01.2017 16-28-53
Image quality minimum value: 1000
Image quality mean value: 0
Head movement maximum value: 0
Head movement mean value: 0
Head size ratio maximum value: 0
Head size ratio mean value: 0
Error: 
Can't create video!
