
CALIBRATION: calibration_main
Start time: 09.12.2016 17-42-23
End time: 09.12.2016 17-42-58
Image quality on start: 0.811728417873383
Image quality minimum value: 0.757668733596802
Image quality mean value: 0.779619978024409
Head movement maximum value: 12.0415945787923
Head movement mean value: 8.18380090646723
Head size ratio maximum value: 0.125444234404537
Head size ratio mean value: 0.104398265958993
Calibration reprojection error mean value: 54.2010436587863
Calibration reprojection error outliers count: 0
Error: no error

TEST CALIBRATION: testcalibration_main
Start time: 09.12.2016 17-43-01
End time: 09.12.2016 17-43-18
Image quality minimum value: 0.731012642383575
Image quality mean value: 0.761274981721539
Head movement maximum value: 18.3575597506858
Head movement mean value: 13.107641839773
Head size ratio maximum value: 0.116238185255199
Head size ratio mean value: 0.124184407186898
Calibration maximum distance: 192.20041623264
Calibration corrected maximum distance: 92.2821759604746
Calibration without correction was successful: True
Calibration with correction was successful: True
Error: no error

CLICKTASK: c1
Start time: 09.12.2016 17-43-27
End time: 09.12.2016 17-43-34
Image quality minimum value: 0.740625023841858
Image quality mean value: 0.769016484419505
Head movement maximum value: 19
Head movement mean value: 11.9990579864956
Head size ratio maximum value: 0.107069943289225
Head size ratio mean value: 0.246788189756054
Error: no error

CLICKTASK: c2
Start time: 09.12.2016 17-43-45
End time: 09.12.2016 17-43-59
Image quality minimum value: 0.70858895778656
Image quality mean value: 0.758770358973536
Head movement maximum value: 34.132096331752
Head movement mean value: 24.1267253284381
Head size ratio maximum value: 0.0888468809073724
Head size ratio mean value: 0.122077222258436
Error: no error

CLICKTASK: c3
Start time: 09.12.2016 17-44-05
End time: 09.12.2016 17-44-34
Image quality minimum value: 0.723602473735809
Image quality mean value: 0.751918536206191
Head movement maximum value: 25.1793566240283
Head movement mean value: 21.1230125472091
Head size ratio maximum value: 0.0888468809073724
Head size ratio mean value: 0.0895280040380446
Error: no error

CLICKTASK: c4
Start time: 09.12.2016 17-44-40
End time: 09.12.2016 17-45-07
Image quality minimum value: 0.69551283121109
Image quality mean value: 0.75295069346945
Head movement maximum value: 25.7099202643649
Head movement mean value: 20.5396766269454
Head size ratio maximum value: 0.107069943289225
Head size ratio mean value: 0.0829699136811895
Error: no error
