
CALIBRATION: calibration_main
Start time: 07.12.2016 12-02-50
End time: 07.12.2016 12-03-29
Image quality on start: 0.803149580955505
Image quality minimum value: 0
Image quality mean value: 0.744189999134244
Head movement maximum value: 16.2788205960997
Head movement mean value: 6.05025002051287
Head size ratio maximum value: 0.127860118844341
Head size ratio mean value: 0.0647659447732323
Calibration reprojection error mean value: 67.94890721639
Calibration reprojection error outliers count: 0
Error: no error

TEST CALIBRATION: testcalibration_main
Start time: 07.12.2016 12-03-35
End time: 07.12.2016 12-03-53
Image quality minimum value: 0
Image quality mean value: 0.703662869930267
Head movement maximum value: 18.3847763108502
Head movement mean value: 13.3443984705735
Head size ratio maximum value: 0.0967147052796941
Head size ratio mean value: 0.15812603874963
Calibration maximum distance: 269.809191837491
Calibration corrected maximum distance: 52.6307894677631
Calibration without correction was successful: True
Calibration with correction was successful: True
Error: no error

CLICKTASK: c1
Start time: 07.12.2016 12-04-00
End time: 07.12.2016 12-04-18
Image quality minimum value: 0
Image quality mean value: 0.553409496780302
Head movement maximum value: 29.1204395571221
Head movement mean value: 18.1106427697053
Head size ratio maximum value: 0.232566081551807
Head size ratio mean value: 0.248879745963782
Error: no error

CLICKTASK: c2
Start time: 07.12.2016 12-04-25
End time: 07.12.2016 12-04-35
Image quality minimum value: 0
Image quality mean value: 0.260680130936883
Head movement maximum value: 26.9258240356725
Head movement mean value: 23.2541207580808
Head size ratio maximum value: 0.127860118844341
Head size ratio mean value: 0.246788284456476
Error: 
Your face is not detected properly! Please try to set your position again and repeat calibration.

CALIBRATION: calibration_main_c2
Start time: 07.12.2016 12-05-00
End time: 07.12.2016 12-05-24
Image quality on start: 0.826771676540375
Image quality minimum value: 0
Image quality mean value: 0.475739789710325
Head movement maximum value: 5
Head movement mean value: 2.77384808988232
Head size ratio maximum value: 0.0966494133249829
Head size ratio mean value: 0.160875185418344
Calibration reprojection error mean value: 999999
Calibration reprojection error outliers count: 999999
Error: 
Your face is not detected properly! Please try to set your position again and repeat calibration.

CALIBRATION: calibration_main_c2
Start time: 07.12.2016 12-05-49
End time: 07.12.2016 12-06-26
Image quality on start: 0.779527544975281
Image quality minimum value: 0
Image quality mean value: 0.749272703830832
Head movement maximum value: 4.47213595499958
Head movement mean value: 2.62987910957823
Head size ratio maximum value: 0.115721219617324
Head size ratio mean value: 0.0777556310151796
Calibration reprojection error mean value: 202.754669189453
Calibration reprojection error outliers count: 1
Error: no error

TEST CALIBRATION: testcalibration_main_c2
Start time: 07.12.2016 12-06-31
End time: 07.12.2016 12-06-49
Image quality minimum value: 0.755905508995056
Image quality mean value: 0.791106974377352
Head movement maximum value: 4.47213595499958
Head movement mean value: 3.25814330307752
Head size ratio maximum value: 0.0526227019733514
Head size ratio mean value: 0.140703113201204
Calibration maximum distance: 608.415976121601
Calibration corrected maximum distance: 237.427883787899
Calibration without correction was successful: False
Calibration with correction was successful: True
Error: no error

CLICKTASK: c2
Start time: 07.12.2016 12-06-52
End time: 07.12.2016 12-07-03
Image quality minimum value: 0
Image quality mean value: 0.196065641366518
Head movement maximum value: 3
Head movement mean value: 1.61538461538462
Head size ratio maximum value: 0.0428215363280299
Head size ratio mean value: 0.48459621186894
Error: 
Your face is not detected properly! Please try to set your position again and repeat calibration.

CALIBRATION: calibration_main_c2
Start time: 07.12.2016 12-07-20
End time: 07.12.2016 12-07-56
Image quality on start: 0.818897664546967
Image quality minimum value: 0
Image quality mean value: 0.743832022448381
Head movement maximum value: 14.142135623731
Head movement mean value: 8.3126635928648
Head size ratio maximum value: 0.168239022181983
Head size ratio mean value: 0.0879741210200695
Calibration reprojection error mean value: 93.295235104031
Calibration reprojection error outliers count: 0
Error: no error

TEST CALIBRATION: testcalibration_main_c2
Start time: 07.12.2016 12-08-00
End time: 07.12.2016 12-08-18
Image quality minimum value: 0.700787425041199
Image quality mean value: 0.726627492568862
Head movement maximum value: 17.2046505340853
Head movement mean value: 11.728987755541
Head size ratio maximum value: 0.113698506111363
Head size ratio mean value: 0.157279248146188
Calibration maximum distance: 432.823289576705
Calibration corrected maximum distance: 213.243991709028
Calibration without correction was successful: False
Calibration with correction was successful: True
Error: no error

CLICKTASK: c2
Start time: 07.12.2016 12-08-20
End time: 07.12.2016 12-08-30
Image quality minimum value: 0
Image quality mean value: 0.469357196165591
Head movement maximum value: 11.7046999107196
Head movement mean value: 7.80879275408311
Head size ratio maximum value: 0.0430058850158443
Head size ratio mean value: 0.197302685673636
Error: no error

CLICKTASK: c3
Start time: 07.12.2016 12-08-33
End time: 07.12.2016 12-08-41
Image quality minimum value: 0
Image quality mean value: 0.0866141740013571
Head movement maximum value: 0
Head movement mean value: 0
Head size ratio maximum value: 0
Head size ratio mean value: 1
Error: 
Your face is not detected properly! Please try to set your position again and repeat calibration.

CALIBRATION: calibration_main_c3
Start time: 07.12.2016 12-08-56
End time: 07.12.2016 12-09-03
Image quality on start: 0
Image quality minimum value: 1000
Image quality mean value: 0
Head movement maximum value: 0
Head movement mean value: 0
Head size ratio maximum value: 0
Head size ratio mean value: 0
Calibration reprojection error mean value: 999999
Calibration reprojection error outliers count: 999999
Error: 
Your face is not detected properly! Please try to set your position again and repeat calibration.

CALIBRATION: calibration_main_c3
Start time: 07.12.2016 12-09-24
End time: 07.12.2016 12-10-01
Image quality on start: 0.818897664546967
Image quality minimum value: 0.771653532981873
Image quality mean value: 0.815532640749667
Head movement maximum value: 18.6815416922694
Head movement mean value: 9.30662242696251
Head size ratio maximum value: 0.270743801652892
Head size ratio mean value: 0.205596829640947
Calibration reprojection error mean value: 177.212580362956
Calibration reprojection error outliers count: 1
Error: no error

TEST CALIBRATION: testcalibration_main_c3
Start time: 07.12.2016 12-10-06
End time: 07.12.2016 12-10-33
Image quality minimum value: 0.756410241127014
Image quality mean value: 0.776985759858961
Head movement maximum value: 32.2800247831379
Head movement mean value: 25.276780429742
Head size ratio maximum value: 0.301673553719008
Head size ratio mean value: 0.314718793603091
Calibration maximum distance: 994.530039767528
Calibration corrected maximum distance: 430.227846611537
Calibration without correction was successful: False
Calibration with correction was successful: False
Error: 
Calibration not accurate enough. 
We need some further fine tuning of the calibration, it doesn't always get right from the first time. Please try again, give your best to keep your head still and focus at the red dot.

CLICKTASK: c3
Start time: 07.12.2016 12-10-38
End time: 07.12.2016 12-10-57
Image quality minimum value: 0
Image quality mean value: 0.778587225374285
Head movement maximum value: 19.1049731745428
Head movement mean value: 10.3359387799494
Head size ratio maximum value: 0.291322314049587
Head size ratio mean value: 0.36924371083462
Error: no error

CLICKTASK: c4
Start time: 07.12.2016 12-11-03
End time: 07.12.2016 12-11-28
Image quality minimum value: 0
Image quality mean value: 0.699185895823663
Head movement maximum value: 10.816653826392
Head movement mean value: 7.23676750268769
Head size ratio maximum value: 0.291322314049587
Head size ratio mean value: 0.205682984537456
Error: no error
