

***************
Logging from: TestCalibrationMediaDialog testcalibration_main
Time: Wed Jan 21 16:56:45 2015

H(0,0) = -2.40303
H(0,1) = -0.585758
H(0,2) = 840.757
H(1,0) = -0.318592
H(1,1) = -1.17241
H(1,2) = 357.427
H(2,0) = -0.00199268
H(2,1) = -0.00217207
H(2,2) = 1
---------------



***************
Logging from: VideoMediaDialog v - start
Time: Wed Jan 21 16:56:53 2015

H(0,0) = -2.40303
H(0,1) = -0.585758
H(0,2) = 840.757
H(1,0) = -0.318592
H(1,1) = -1.17241
H(1,2) = 357.427
H(2,0) = -0.00199268
H(2,1) = -0.00217207
H(2,2) = 1
---------------



***************
Logging from: VideoMediaDialog v - stop
Time: Wed Jan 21 16:58:36 2015

H(0,0) = -2.40303
H(0,1) = -0.585758
H(0,2) = 840.757
H(1,0) = -0.318592
H(1,1) = -1.17241
H(1,2) = 357.427
H(2,0) = -0.00199268
H(2,1) = -0.00217207
H(2,2) = 1
---------------

