
CALIBRATION: calibration_main
Start time: 21.01.2015 16-55-52
End time: 21.01.2015 16-56-26
Image quality on start: 0.844720482826233
Image quality minimum value: 0.793749988079071
Image quality mean value: 0.805065464110751
Head movement maximum value: 9.05538513813742
Head movement mean value: 5.98741678764656
Head size ratio maximum value: 0.131733816206428
Head size ratio mean value: 0.0617032951323534
Calibration reprojection error mean value: 74.4296675788032
Calibration reprojection error outliers count: 0
Error: no error

TEST CALIBRATION: testcalibration_main
Start time: 21.01.2015 16-56-29
End time: 21.01.2015 16-56-45
Image quality minimum value: 0.776397526264191
Image quality mean value: 0.789481898571583
Head movement maximum value: 13.1529464379659
Head movement mean value: 9.82558392617882
Head size ratio maximum value: 0.0604617473970122
Head size ratio mean value: 0.0518153395683037
Calibration maximum distance: 1013.07699608667
Calibration corrected maximum distance: 130.034610777285
Calibration without correction was successful: False
Calibration with correction was successful: True
Error: no error

VIDEOTASK: v
Start time: 21.01.2015 16-56-53
End time: 21.01.2015 16-58-36
Image quality minimum value: 0.71341460943222
Image quality mean value: 0.752123821150982
Head movement maximum value: 31.4006369362152
Head movement mean value: 19.2826562764937
Head size ratio maximum value: 0.139447713897691
Head size ratio mean value: 0.0673330238669085
Error: no error
