
CALIBRATION: calibration_main
Start time: 08.12.2016 16-56-21
End time: 08.12.2016 16-56-52
Image quality on start: 0.464566916227341
Image quality minimum value: 0.488188982009888
Image quality mean value: 0.53212073896204
Head movement maximum value: 20
Head movement mean value: 7.49150912828945
Head size ratio maximum value: 0.125358553656018
Head size ratio mean value: 0.0464602070990794
Calibration reprojection error mean value: 114.558764881558
Calibration reprojection error outliers count: 0
Error: no error

TEST CALIBRATION: testcalibration_main
Start time: 08.12.2016 16-56-58
End time: 08.12.2016 16-57-13
Image quality minimum value: 0.480314970016479
Image quality mean value: 0.516273905654246
Head movement maximum value: 19.6977156035922
Head movement mean value: 15.3020774834554
Head size ratio maximum value: 0.0826107623465391
Head size ratio mean value: 0.0576370545554234
Calibration maximum distance: 305.511047263434
Calibration corrected maximum distance: 78.1024967590665
Calibration without correction was successful: True
Calibration with correction was successful: True
Error: no error

CLICKTASK: c1
Start time: 08.12.2016 16-57-28
End time: 08.12.2016 16-57-35
Image quality minimum value: 0.299212604761124
Image quality mean value: 0.410722556797897
Head movement maximum value: 28.1602556806574
Head movement mean value: 22.6121748352133
Head size ratio maximum value: 0.0742021668934092
Head size ratio mean value: 0.0892127294622874
Error: no error

CLICKTASK: c2
Start time: 08.12.2016 16-57-45
End time: 08.12.2016 16-58-08
Image quality minimum value: 0.354330718517303
Image quality mean value: 0.459402410079771
Head movement maximum value: 35.4400902933387
Head movement mean value: 31.0103980573839
Head size ratio maximum value: 0.0995262993984494
Head size ratio mean value: 0.0348069321194086
Error: no error

CLICKTASK: c3
Start time: 08.12.2016 16-58-18
End time: 08.12.2016 16-58-36
Image quality minimum value: 0.362204730510712
Image quality mean value: 0.453799568214442
Head movement maximum value: 37.0540146272978
Head movement mean value: 34.0308772015882
Head size ratio maximum value: 0.10803324099723
Head size ratio mean value: 0.0499110561072503
Error: no error

CLICKTASK: c4
Start time: 08.12.2016 16-58-47
End time: 08.12.2016 16-59-13
Image quality minimum value: 0.4251968562603
Image quality mean value: 0.471072762359119
Head movement maximum value: 54.5893762558247
Head movement mean value: 49.4555460813494
Head size ratio maximum value: 0.0826107623465391
Head size ratio mean value: 0.0340630477842531
Error: no error
